[2025-03-28T16:08:02.058+0000] {processor.py:186} INFO - Started process (PID=3754) to work on /opt/airflow/dags/Exmple2/exmple2_api.py
[2025-03-28T16:08:02.060+0000] {processor.py:914} INFO - Processing file /opt/airflow/dags/Exmple2/exmple2_api.py for tasks to queue
[2025-03-28T16:08:02.061+0000] {logging_mixin.py:190} INFO - [2025-03-28T16:08:02.061+0000] {dagbag.py:588} INFO - Filling up the DagBag from /opt/airflow/dags/Exmple2/exmple2_api.py
[2025-03-28T16:08:02.396+0000] {processor.py:925} INFO - DAG(s) 'exmple_api' retrieved from /opt/airflow/dags/Exmple2/exmple2_api.py
[2025-03-28T16:08:02.570+0000] {logging_mixin.py:190} INFO - [2025-03-28T16:08:02.569+0000] {override.py:1912} INFO - Created Permission View: can delete on DAG:exmple_api
[2025-03-28T16:08:02.583+0000] {logging_mixin.py:190} INFO - [2025-03-28T16:08:02.582+0000] {override.py:1912} INFO - Created Permission View: can edit on DAG:exmple_api
[2025-03-28T16:08:02.591+0000] {logging_mixin.py:190} INFO - [2025-03-28T16:08:02.590+0000] {override.py:1912} INFO - Created Permission View: can read on DAG:exmple_api
[2025-03-28T16:08:02.600+0000] {logging_mixin.py:190} INFO - [2025-03-28T16:08:02.599+0000] {override.py:1912} INFO - Created Permission View: menu access on DAG Run:exmple_api
[2025-03-28T16:08:02.605+0000] {logging_mixin.py:190} INFO - [2025-03-28T16:08:02.605+0000] {override.py:1912} INFO - Created Permission View: can create on DAG Run:exmple_api
[2025-03-28T16:08:02.611+0000] {logging_mixin.py:190} INFO - [2025-03-28T16:08:02.611+0000] {override.py:1912} INFO - Created Permission View: can delete on DAG Run:exmple_api
[2025-03-28T16:08:02.617+0000] {logging_mixin.py:190} INFO - [2025-03-28T16:08:02.617+0000] {override.py:1912} INFO - Created Permission View: can read on DAG Run:exmple_api
[2025-03-28T16:08:02.618+0000] {logging_mixin.py:190} INFO - [2025-03-28T16:08:02.618+0000] {dag.py:3239} INFO - Sync 1 DAGs
[2025-03-28T16:08:02.631+0000] {logging_mixin.py:190} INFO - [2025-03-28T16:08:02.631+0000] {dag.py:3262} INFO - Creating ORM DAG for exmple_api
[2025-03-28T16:08:02.645+0000] {logging_mixin.py:190} INFO - [2025-03-28T16:08:02.645+0000] {dag.py:4180} INFO - Setting next_dagrun for exmple_api to 2025-03-28 15:00:00+00:00, run_after=2025-03-28 16:00:00+00:00
[2025-03-28T16:08:02.671+0000] {processor.py:208} INFO - Processing /opt/airflow/dags/Exmple2/exmple2_api.py took 0.622 seconds
[2025-03-28T16:08:33.391+0000] {processor.py:186} INFO - Started process (PID=3769) to work on /opt/airflow/dags/Exmple2/exmple2_api.py
[2025-03-28T16:08:33.393+0000] {processor.py:914} INFO - Processing file /opt/airflow/dags/Exmple2/exmple2_api.py for tasks to queue
[2025-03-28T16:08:33.399+0000] {logging_mixin.py:190} INFO - [2025-03-28T16:08:33.398+0000] {dagbag.py:588} INFO - Filling up the DagBag from /opt/airflow/dags/Exmple2/exmple2_api.py
[2025-03-28T16:08:33.919+0000] {processor.py:925} INFO - DAG(s) 'exmple_api' retrieved from /opt/airflow/dags/Exmple2/exmple2_api.py
[2025-03-28T16:08:33.954+0000] {logging_mixin.py:190} INFO - [2025-03-28T16:08:33.953+0000] {dag.py:3239} INFO - Sync 1 DAGs
[2025-03-28T16:08:33.989+0000] {logging_mixin.py:190} INFO - [2025-03-28T16:08:33.988+0000] {dag.py:4180} INFO - Setting next_dagrun for exmple_api to 2025-03-28 15:00:00+00:00, run_after=2025-03-28 16:00:00+00:00
[2025-03-28T16:08:34.022+0000] {processor.py:208} INFO - Processing /opt/airflow/dags/Exmple2/exmple2_api.py took 0.642 seconds
[2025-03-28T16:09:04.726+0000] {processor.py:186} INFO - Started process (PID=3783) to work on /opt/airflow/dags/Exmple2/exmple2_api.py
[2025-03-28T16:09:04.727+0000] {processor.py:914} INFO - Processing file /opt/airflow/dags/Exmple2/exmple2_api.py for tasks to queue
[2025-03-28T16:09:04.728+0000] {logging_mixin.py:190} INFO - [2025-03-28T16:09:04.728+0000] {dagbag.py:588} INFO - Filling up the DagBag from /opt/airflow/dags/Exmple2/exmple2_api.py
[2025-03-28T16:09:05.034+0000] {processor.py:925} INFO - DAG(s) 'exmple_api' retrieved from /opt/airflow/dags/Exmple2/exmple2_api.py
[2025-03-28T16:09:05.058+0000] {logging_mixin.py:190} INFO - [2025-03-28T16:09:05.058+0000] {dag.py:3239} INFO - Sync 1 DAGs
[2025-03-28T16:09:05.084+0000] {logging_mixin.py:190} INFO - [2025-03-28T16:09:05.084+0000] {dag.py:4180} INFO - Setting next_dagrun for exmple_api to 2025-03-28 15:00:00+00:00, run_after=2025-03-28 16:00:00+00:00
[2025-03-28T16:09:05.101+0000] {processor.py:208} INFO - Processing /opt/airflow/dags/Exmple2/exmple2_api.py took 0.382 seconds
[2025-03-28T16:09:36.051+0000] {processor.py:186} INFO - Started process (PID=3803) to work on /opt/airflow/dags/Exmple2/exmple2_api.py
[2025-03-28T16:09:36.052+0000] {processor.py:914} INFO - Processing file /opt/airflow/dags/Exmple2/exmple2_api.py for tasks to queue
[2025-03-28T16:09:36.054+0000] {logging_mixin.py:190} INFO - [2025-03-28T16:09:36.053+0000] {dagbag.py:588} INFO - Filling up the DagBag from /opt/airflow/dags/Exmple2/exmple2_api.py
[2025-03-28T16:09:36.432+0000] {processor.py:925} INFO - DAG(s) 'exmple_api' retrieved from /opt/airflow/dags/Exmple2/exmple2_api.py
[2025-03-28T16:09:36.464+0000] {logging_mixin.py:190} INFO - [2025-03-28T16:09:36.463+0000] {dag.py:3239} INFO - Sync 1 DAGs
[2025-03-28T16:09:36.497+0000] {logging_mixin.py:190} INFO - [2025-03-28T16:09:36.497+0000] {dag.py:4180} INFO - Setting next_dagrun for exmple_api to 2025-03-28 15:00:00+00:00, run_after=2025-03-28 16:00:00+00:00
[2025-03-28T16:09:36.518+0000] {processor.py:208} INFO - Processing /opt/airflow/dags/Exmple2/exmple2_api.py took 0.475 seconds
[2025-03-28T16:10:06.818+0000] {processor.py:186} INFO - Started process (PID=3817) to work on /opt/airflow/dags/Exmple2/exmple2_api.py
[2025-03-28T16:10:06.820+0000] {processor.py:914} INFO - Processing file /opt/airflow/dags/Exmple2/exmple2_api.py for tasks to queue
[2025-03-28T16:10:06.822+0000] {logging_mixin.py:190} INFO - [2025-03-28T16:10:06.821+0000] {dagbag.py:588} INFO - Filling up the DagBag from /opt/airflow/dags/Exmple2/exmple2_api.py
[2025-03-28T16:10:07.122+0000] {processor.py:925} INFO - DAG(s) 'exmple_api' retrieved from /opt/airflow/dags/Exmple2/exmple2_api.py
[2025-03-28T16:10:07.148+0000] {logging_mixin.py:190} INFO - [2025-03-28T16:10:07.148+0000] {dag.py:3239} INFO - Sync 1 DAGs
[2025-03-28T16:10:07.172+0000] {logging_mixin.py:190} INFO - [2025-03-28T16:10:07.172+0000] {dag.py:4180} INFO - Setting next_dagrun for exmple_api to 2025-03-28 15:00:00+00:00, run_after=2025-03-28 16:00:00+00:00
[2025-03-28T16:10:07.191+0000] {processor.py:208} INFO - Processing /opt/airflow/dags/Exmple2/exmple2_api.py took 0.378 seconds
[2025-03-28T16:10:37.403+0000] {processor.py:186} INFO - Started process (PID=3831) to work on /opt/airflow/dags/Exmple2/exmple2_api.py
[2025-03-28T16:10:37.404+0000] {processor.py:914} INFO - Processing file /opt/airflow/dags/Exmple2/exmple2_api.py for tasks to queue
[2025-03-28T16:10:37.407+0000] {logging_mixin.py:190} INFO - [2025-03-28T16:10:37.406+0000] {dagbag.py:588} INFO - Filling up the DagBag from /opt/airflow/dags/Exmple2/exmple2_api.py
[2025-03-28T16:10:37.780+0000] {processor.py:925} INFO - DAG(s) 'exmple_api' retrieved from /opt/airflow/dags/Exmple2/exmple2_api.py
[2025-03-28T16:10:37.810+0000] {logging_mixin.py:190} INFO - [2025-03-28T16:10:37.810+0000] {dag.py:3239} INFO - Sync 1 DAGs
[2025-03-28T16:10:37.845+0000] {logging_mixin.py:190} INFO - [2025-03-28T16:10:37.845+0000] {dag.py:4180} INFO - Setting next_dagrun for exmple_api to 2025-03-28 15:00:00+00:00, run_after=2025-03-28 16:00:00+00:00
[2025-03-28T16:10:37.870+0000] {processor.py:208} INFO - Processing /opt/airflow/dags/Exmple2/exmple2_api.py took 0.478 seconds
[2025-03-28T16:11:08.026+0000] {processor.py:186} INFO - Started process (PID=3845) to work on /opt/airflow/dags/Exmple2/exmple2_api.py
[2025-03-28T16:11:08.028+0000] {processor.py:914} INFO - Processing file /opt/airflow/dags/Exmple2/exmple2_api.py for tasks to queue
[2025-03-28T16:11:08.029+0000] {logging_mixin.py:190} INFO - [2025-03-28T16:11:08.029+0000] {dagbag.py:588} INFO - Filling up the DagBag from /opt/airflow/dags/Exmple2/exmple2_api.py
[2025-03-28T16:11:08.350+0000] {processor.py:925} INFO - DAG(s) 'exmple_api' retrieved from /opt/airflow/dags/Exmple2/exmple2_api.py
[2025-03-28T16:11:08.373+0000] {logging_mixin.py:190} INFO - [2025-03-28T16:11:08.372+0000] {dag.py:3239} INFO - Sync 1 DAGs
[2025-03-28T16:11:08.394+0000] {logging_mixin.py:190} INFO - [2025-03-28T16:11:08.394+0000] {dag.py:4180} INFO - Setting next_dagrun for exmple_api to 2025-03-28 15:00:00+00:00, run_after=2025-03-28 16:00:00+00:00
[2025-03-28T16:11:08.414+0000] {processor.py:208} INFO - Processing /opt/airflow/dags/Exmple2/exmple2_api.py took 0.399 seconds
[2025-03-28T16:11:39.427+0000] {processor.py:186} INFO - Started process (PID=3859) to work on /opt/airflow/dags/Exmple2/exmple2_api.py
[2025-03-28T16:11:39.430+0000] {processor.py:914} INFO - Processing file /opt/airflow/dags/Exmple2/exmple2_api.py for tasks to queue
[2025-03-28T16:11:39.435+0000] {logging_mixin.py:190} INFO - [2025-03-28T16:11:39.434+0000] {dagbag.py:588} INFO - Filling up the DagBag from /opt/airflow/dags/Exmple2/exmple2_api.py
[2025-03-28T16:11:39.977+0000] {processor.py:925} INFO - DAG(s) 'exmple_api' retrieved from /opt/airflow/dags/Exmple2/exmple2_api.py
[2025-03-28T16:11:40.025+0000] {logging_mixin.py:190} INFO - [2025-03-28T16:11:40.024+0000] {dag.py:3239} INFO - Sync 1 DAGs
[2025-03-28T16:11:40.085+0000] {logging_mixin.py:190} INFO - [2025-03-28T16:11:40.085+0000] {dag.py:4180} INFO - Setting next_dagrun for exmple_api to 2025-03-28 15:00:00+00:00, run_after=2025-03-28 16:00:00+00:00
[2025-03-28T16:11:40.113+0000] {processor.py:208} INFO - Processing /opt/airflow/dags/Exmple2/exmple2_api.py took 0.710 seconds
[2025-03-28T16:12:11.118+0000] {processor.py:186} INFO - Started process (PID=3873) to work on /opt/airflow/dags/Exmple2/exmple2_api.py
[2025-03-28T16:12:11.120+0000] {processor.py:914} INFO - Processing file /opt/airflow/dags/Exmple2/exmple2_api.py for tasks to queue
[2025-03-28T16:12:11.122+0000] {logging_mixin.py:190} INFO - [2025-03-28T16:12:11.121+0000] {dagbag.py:588} INFO - Filling up the DagBag from /opt/airflow/dags/Exmple2/exmple2_api.py
[2025-03-28T16:12:11.572+0000] {processor.py:925} INFO - DAG(s) 'exmple_api' retrieved from /opt/airflow/dags/Exmple2/exmple2_api.py
[2025-03-28T16:12:11.600+0000] {logging_mixin.py:190} INFO - [2025-03-28T16:12:11.600+0000] {dag.py:3239} INFO - Sync 1 DAGs
[2025-03-28T16:12:11.639+0000] {logging_mixin.py:190} INFO - [2025-03-28T16:12:11.639+0000] {dag.py:4180} INFO - Setting next_dagrun for exmple_api to 2025-03-28 15:00:00+00:00, run_after=2025-03-28 16:00:00+00:00
[2025-03-28T16:12:11.672+0000] {processor.py:208} INFO - Processing /opt/airflow/dags/Exmple2/exmple2_api.py took 0.563 seconds
[2025-03-28T16:12:42.439+0000] {processor.py:186} INFO - Started process (PID=3887) to work on /opt/airflow/dags/Exmple2/exmple2_api.py
[2025-03-28T16:12:42.442+0000] {processor.py:914} INFO - Processing file /opt/airflow/dags/Exmple2/exmple2_api.py for tasks to queue
[2025-03-28T16:12:42.446+0000] {logging_mixin.py:190} INFO - [2025-03-28T16:12:42.446+0000] {dagbag.py:588} INFO - Filling up the DagBag from /opt/airflow/dags/Exmple2/exmple2_api.py
[2025-03-28T16:12:42.792+0000] {processor.py:925} INFO - DAG(s) 'exmple_api' retrieved from /opt/airflow/dags/Exmple2/exmple2_api.py
[2025-03-28T16:12:42.840+0000] {logging_mixin.py:190} INFO - [2025-03-28T16:12:42.839+0000] {dag.py:3239} INFO - Sync 1 DAGs
[2025-03-28T16:12:42.879+0000] {logging_mixin.py:190} INFO - [2025-03-28T16:12:42.879+0000] {dag.py:4180} INFO - Setting next_dagrun for exmple_api to 2025-03-28 15:00:00+00:00, run_after=2025-03-28 16:00:00+00:00
[2025-03-28T16:12:42.904+0000] {processor.py:208} INFO - Processing /opt/airflow/dags/Exmple2/exmple2_api.py took 0.477 seconds
[2025-03-28T16:13:13.258+0000] {processor.py:186} INFO - Started process (PID=3901) to work on /opt/airflow/dags/Exmple2/exmple2_api.py
[2025-03-28T16:13:13.261+0000] {processor.py:914} INFO - Processing file /opt/airflow/dags/Exmple2/exmple2_api.py for tasks to queue
[2025-03-28T16:13:13.264+0000] {logging_mixin.py:190} INFO - [2025-03-28T16:13:13.263+0000] {dagbag.py:588} INFO - Filling up the DagBag from /opt/airflow/dags/Exmple2/exmple2_api.py
[2025-03-28T16:13:13.697+0000] {processor.py:925} INFO - DAG(s) 'exmple_api' retrieved from /opt/airflow/dags/Exmple2/exmple2_api.py
[2025-03-28T16:13:13.725+0000] {logging_mixin.py:190} INFO - [2025-03-28T16:13:13.725+0000] {dag.py:3239} INFO - Sync 1 DAGs
[2025-03-28T16:13:13.754+0000] {logging_mixin.py:190} INFO - [2025-03-28T16:13:13.754+0000] {dag.py:4180} INFO - Setting next_dagrun for exmple_api to 2025-03-28 15:00:00+00:00, run_after=2025-03-28 16:00:00+00:00
[2025-03-28T16:13:13.781+0000] {processor.py:208} INFO - Processing /opt/airflow/dags/Exmple2/exmple2_api.py took 0.534 seconds
[2025-03-28T16:13:44.541+0000] {processor.py:186} INFO - Started process (PID=3915) to work on /opt/airflow/dags/Exmple2/exmple2_api.py
[2025-03-28T16:13:44.542+0000] {processor.py:914} INFO - Processing file /opt/airflow/dags/Exmple2/exmple2_api.py for tasks to queue
[2025-03-28T16:13:44.544+0000] {logging_mixin.py:190} INFO - [2025-03-28T16:13:44.544+0000] {dagbag.py:588} INFO - Filling up the DagBag from /opt/airflow/dags/Exmple2/exmple2_api.py
[2025-03-28T16:13:44.972+0000] {processor.py:925} INFO - DAG(s) 'exmple_api' retrieved from /opt/airflow/dags/Exmple2/exmple2_api.py
[2025-03-28T16:13:45.006+0000] {logging_mixin.py:190} INFO - [2025-03-28T16:13:45.005+0000] {dag.py:3239} INFO - Sync 1 DAGs
[2025-03-28T16:13:45.041+0000] {logging_mixin.py:190} INFO - [2025-03-28T16:13:45.041+0000] {dag.py:4180} INFO - Setting next_dagrun for exmple_api to 2025-03-28 15:00:00+00:00, run_after=2025-03-28 16:00:00+00:00
[2025-03-28T16:13:45.074+0000] {processor.py:208} INFO - Processing /opt/airflow/dags/Exmple2/exmple2_api.py took 0.545 seconds
[2025-03-28T16:14:15.271+0000] {processor.py:186} INFO - Started process (PID=3929) to work on /opt/airflow/dags/Exmple2/exmple2_api.py
[2025-03-28T16:14:15.273+0000] {processor.py:914} INFO - Processing file /opt/airflow/dags/Exmple2/exmple2_api.py for tasks to queue
[2025-03-28T16:14:15.276+0000] {logging_mixin.py:190} INFO - [2025-03-28T16:14:15.275+0000] {dagbag.py:588} INFO - Filling up the DagBag from /opt/airflow/dags/Exmple2/exmple2_api.py
[2025-03-28T16:14:15.669+0000] {processor.py:925} INFO - DAG(s) 'exmple_api' retrieved from /opt/airflow/dags/Exmple2/exmple2_api.py
[2025-03-28T16:14:15.699+0000] {logging_mixin.py:190} INFO - [2025-03-28T16:14:15.699+0000] {dag.py:3239} INFO - Sync 1 DAGs
[2025-03-28T16:14:15.725+0000] {logging_mixin.py:190} INFO - [2025-03-28T16:14:15.725+0000] {dag.py:4180} INFO - Setting next_dagrun for exmple_api to 2025-03-28 15:00:00+00:00, run_after=2025-03-28 16:00:00+00:00
[2025-03-28T16:14:15.753+0000] {processor.py:208} INFO - Processing /opt/airflow/dags/Exmple2/exmple2_api.py took 0.491 seconds
[2025-03-28T16:14:46.876+0000] {processor.py:186} INFO - Started process (PID=3943) to work on /opt/airflow/dags/Exmple2/exmple2_api.py
[2025-03-28T16:14:46.877+0000] {processor.py:914} INFO - Processing file /opt/airflow/dags/Exmple2/exmple2_api.py for tasks to queue
[2025-03-28T16:14:46.878+0000] {logging_mixin.py:190} INFO - [2025-03-28T16:14:46.878+0000] {dagbag.py:588} INFO - Filling up the DagBag from /opt/airflow/dags/Exmple2/exmple2_api.py
[2025-03-28T16:14:47.268+0000] {processor.py:925} INFO - DAG(s) 'exmple_api' retrieved from /opt/airflow/dags/Exmple2/exmple2_api.py
[2025-03-28T16:14:47.291+0000] {logging_mixin.py:190} INFO - [2025-03-28T16:14:47.291+0000] {dag.py:3239} INFO - Sync 1 DAGs
[2025-03-28T16:14:47.314+0000] {logging_mixin.py:190} INFO - [2025-03-28T16:14:47.313+0000] {dag.py:4180} INFO - Setting next_dagrun for exmple_api to 2025-03-28 15:00:00+00:00, run_after=2025-03-28 16:00:00+00:00
[2025-03-28T16:14:47.334+0000] {processor.py:208} INFO - Processing /opt/airflow/dags/Exmple2/exmple2_api.py took 0.464 seconds
[2025-03-28T16:15:17.721+0000] {processor.py:186} INFO - Started process (PID=3957) to work on /opt/airflow/dags/Exmple2/exmple2_api.py
[2025-03-28T16:15:17.722+0000] {processor.py:914} INFO - Processing file /opt/airflow/dags/Exmple2/exmple2_api.py for tasks to queue
[2025-03-28T16:15:17.725+0000] {logging_mixin.py:190} INFO - [2025-03-28T16:15:17.724+0000] {dagbag.py:588} INFO - Filling up the DagBag from /opt/airflow/dags/Exmple2/exmple2_api.py
[2025-03-28T16:15:18.113+0000] {processor.py:925} INFO - DAG(s) 'exmple_api' retrieved from /opt/airflow/dags/Exmple2/exmple2_api.py
[2025-03-28T16:15:18.140+0000] {logging_mixin.py:190} INFO - [2025-03-28T16:15:18.139+0000] {dag.py:3239} INFO - Sync 1 DAGs
[2025-03-28T16:15:18.169+0000] {logging_mixin.py:190} INFO - [2025-03-28T16:15:18.168+0000] {dag.py:4180} INFO - Setting next_dagrun for exmple_api to 2025-03-28 15:00:00+00:00, run_after=2025-03-28 16:00:00+00:00
[2025-03-28T16:15:18.202+0000] {processor.py:208} INFO - Processing /opt/airflow/dags/Exmple2/exmple2_api.py took 0.492 seconds
[2025-03-28T16:15:48.363+0000] {processor.py:186} INFO - Started process (PID=3971) to work on /opt/airflow/dags/Exmple2/exmple2_api.py
[2025-03-28T16:15:48.365+0000] {processor.py:914} INFO - Processing file /opt/airflow/dags/Exmple2/exmple2_api.py for tasks to queue
[2025-03-28T16:15:48.367+0000] {logging_mixin.py:190} INFO - [2025-03-28T16:15:48.366+0000] {dagbag.py:588} INFO - Filling up the DagBag from /opt/airflow/dags/Exmple2/exmple2_api.py
[2025-03-28T16:15:48.755+0000] {processor.py:925} INFO - DAG(s) 'exmple_api' retrieved from /opt/airflow/dags/Exmple2/exmple2_api.py
[2025-03-28T16:15:48.792+0000] {logging_mixin.py:190} INFO - [2025-03-28T16:15:48.791+0000] {dag.py:3239} INFO - Sync 1 DAGs
[2025-03-28T16:15:48.826+0000] {logging_mixin.py:190} INFO - [2025-03-28T16:15:48.826+0000] {dag.py:4180} INFO - Setting next_dagrun for exmple_api to 2025-03-28 15:00:00+00:00, run_after=2025-03-28 16:00:00+00:00
[2025-03-28T16:15:48.857+0000] {processor.py:208} INFO - Processing /opt/airflow/dags/Exmple2/exmple2_api.py took 0.503 seconds
[2025-03-28T16:16:19.152+0000] {processor.py:186} INFO - Started process (PID=3985) to work on /opt/airflow/dags/Exmple2/exmple2_api.py
[2025-03-28T16:16:19.154+0000] {processor.py:914} INFO - Processing file /opt/airflow/dags/Exmple2/exmple2_api.py for tasks to queue
[2025-03-28T16:16:19.156+0000] {logging_mixin.py:190} INFO - [2025-03-28T16:16:19.155+0000] {dagbag.py:588} INFO - Filling up the DagBag from /opt/airflow/dags/Exmple2/exmple2_api.py
[2025-03-28T16:16:19.534+0000] {processor.py:925} INFO - DAG(s) 'exmple_api' retrieved from /opt/airflow/dags/Exmple2/exmple2_api.py
[2025-03-28T16:16:19.561+0000] {logging_mixin.py:190} INFO - [2025-03-28T16:16:19.561+0000] {dag.py:3239} INFO - Sync 1 DAGs
[2025-03-28T16:16:19.583+0000] {logging_mixin.py:190} INFO - [2025-03-28T16:16:19.583+0000] {dag.py:4180} INFO - Setting next_dagrun for exmple_api to 2025-03-28 15:00:00+00:00, run_after=2025-03-28 16:00:00+00:00
[2025-03-28T16:16:19.605+0000] {processor.py:208} INFO - Processing /opt/airflow/dags/Exmple2/exmple2_api.py took 0.463 seconds
[2025-03-28T16:16:49.777+0000] {processor.py:186} INFO - Started process (PID=3998) to work on /opt/airflow/dags/Exmple2/exmple2_api.py
[2025-03-28T16:16:49.779+0000] {processor.py:914} INFO - Processing file /opt/airflow/dags/Exmple2/exmple2_api.py for tasks to queue
[2025-03-28T16:16:49.782+0000] {logging_mixin.py:190} INFO - [2025-03-28T16:16:49.781+0000] {dagbag.py:588} INFO - Filling up the DagBag from /opt/airflow/dags/Exmple2/exmple2_api.py
[2025-03-28T16:16:50.266+0000] {processor.py:925} INFO - DAG(s) 'exmple_api' retrieved from /opt/airflow/dags/Exmple2/exmple2_api.py
[2025-03-28T16:16:50.294+0000] {logging_mixin.py:190} INFO - [2025-03-28T16:16:50.293+0000] {dag.py:3239} INFO - Sync 1 DAGs
[2025-03-28T16:16:50.326+0000] {logging_mixin.py:190} INFO - [2025-03-28T16:16:50.326+0000] {dag.py:4180} INFO - Setting next_dagrun for exmple_api to 2025-03-28 15:00:00+00:00, run_after=2025-03-28 16:00:00+00:00
[2025-03-28T16:16:50.346+0000] {processor.py:208} INFO - Processing /opt/airflow/dags/Exmple2/exmple2_api.py took 0.582 seconds
[2025-03-28T16:17:20.789+0000] {processor.py:186} INFO - Started process (PID=4012) to work on /opt/airflow/dags/Exmple2/exmple2_api.py
[2025-03-28T16:17:20.790+0000] {processor.py:914} INFO - Processing file /opt/airflow/dags/Exmple2/exmple2_api.py for tasks to queue
[2025-03-28T16:17:20.791+0000] {logging_mixin.py:190} INFO - [2025-03-28T16:17:20.791+0000] {dagbag.py:588} INFO - Filling up the DagBag from /opt/airflow/dags/Exmple2/exmple2_api.py
[2025-03-28T16:17:21.128+0000] {processor.py:925} INFO - DAG(s) 'exmple_api' retrieved from /opt/airflow/dags/Exmple2/exmple2_api.py
[2025-03-28T16:17:21.155+0000] {logging_mixin.py:190} INFO - [2025-03-28T16:17:21.154+0000] {dag.py:3239} INFO - Sync 1 DAGs
[2025-03-28T16:17:21.185+0000] {logging_mixin.py:190} INFO - [2025-03-28T16:17:21.185+0000] {dag.py:4180} INFO - Setting next_dagrun for exmple_api to 2025-03-28 15:00:00+00:00, run_after=2025-03-28 16:00:00+00:00
[2025-03-28T16:17:21.206+0000] {processor.py:208} INFO - Processing /opt/airflow/dags/Exmple2/exmple2_api.py took 0.423 seconds
[2025-03-28T16:17:51.365+0000] {processor.py:186} INFO - Started process (PID=4026) to work on /opt/airflow/dags/Exmple2/exmple2_api.py
[2025-03-28T16:17:51.367+0000] {processor.py:914} INFO - Processing file /opt/airflow/dags/Exmple2/exmple2_api.py for tasks to queue
[2025-03-28T16:17:51.370+0000] {logging_mixin.py:190} INFO - [2025-03-28T16:17:51.369+0000] {dagbag.py:588} INFO - Filling up the DagBag from /opt/airflow/dags/Exmple2/exmple2_api.py
[2025-03-28T16:17:51.829+0000] {processor.py:925} INFO - DAG(s) 'exmple_api' retrieved from /opt/airflow/dags/Exmple2/exmple2_api.py
[2025-03-28T16:17:51.860+0000] {logging_mixin.py:190} INFO - [2025-03-28T16:17:51.859+0000] {dag.py:3239} INFO - Sync 1 DAGs
[2025-03-28T16:17:51.884+0000] {logging_mixin.py:190} INFO - [2025-03-28T16:17:51.884+0000] {dag.py:4180} INFO - Setting next_dagrun for exmple_api to 2025-03-28 15:00:00+00:00, run_after=2025-03-28 16:00:00+00:00
[2025-03-28T16:17:51.904+0000] {processor.py:208} INFO - Processing /opt/airflow/dags/Exmple2/exmple2_api.py took 0.549 seconds
[2025-03-28T16:18:22.542+0000] {processor.py:186} INFO - Started process (PID=4040) to work on /opt/airflow/dags/Exmple2/exmple2_api.py
[2025-03-28T16:18:22.543+0000] {processor.py:914} INFO - Processing file /opt/airflow/dags/Exmple2/exmple2_api.py for tasks to queue
[2025-03-28T16:18:22.546+0000] {logging_mixin.py:190} INFO - [2025-03-28T16:18:22.545+0000] {dagbag.py:588} INFO - Filling up the DagBag from /opt/airflow/dags/Exmple2/exmple2_api.py
[2025-03-28T16:18:22.938+0000] {processor.py:925} INFO - DAG(s) 'exmple_api' retrieved from /opt/airflow/dags/Exmple2/exmple2_api.py
[2025-03-28T16:18:22.962+0000] {logging_mixin.py:190} INFO - [2025-03-28T16:18:22.961+0000] {dag.py:3239} INFO - Sync 1 DAGs
[2025-03-28T16:18:22.983+0000] {logging_mixin.py:190} INFO - [2025-03-28T16:18:22.983+0000] {dag.py:4180} INFO - Setting next_dagrun for exmple_api to 2025-03-28 15:00:00+00:00, run_after=2025-03-28 16:00:00+00:00
[2025-03-28T16:18:23.003+0000] {processor.py:208} INFO - Processing /opt/airflow/dags/Exmple2/exmple2_api.py took 0.473 seconds
[2025-03-28T16:18:53.104+0000] {processor.py:186} INFO - Started process (PID=4054) to work on /opt/airflow/dags/Exmple2/exmple2_api.py
[2025-03-28T16:18:53.106+0000] {processor.py:914} INFO - Processing file /opt/airflow/dags/Exmple2/exmple2_api.py for tasks to queue
[2025-03-28T16:18:53.109+0000] {logging_mixin.py:190} INFO - [2025-03-28T16:18:53.108+0000] {dagbag.py:588} INFO - Filling up the DagBag from /opt/airflow/dags/Exmple2/exmple2_api.py
[2025-03-28T16:18:53.487+0000] {processor.py:925} INFO - DAG(s) 'exmple_api' retrieved from /opt/airflow/dags/Exmple2/exmple2_api.py
[2025-03-28T16:18:53.523+0000] {logging_mixin.py:190} INFO - [2025-03-28T16:18:53.522+0000] {dag.py:3239} INFO - Sync 1 DAGs
[2025-03-28T16:18:53.555+0000] {logging_mixin.py:190} INFO - [2025-03-28T16:18:53.554+0000] {dag.py:4180} INFO - Setting next_dagrun for exmple_api to 2025-03-28 15:00:00+00:00, run_after=2025-03-28 16:00:00+00:00
[2025-03-28T16:18:53.585+0000] {processor.py:208} INFO - Processing /opt/airflow/dags/Exmple2/exmple2_api.py took 0.491 seconds
[2025-03-28T16:19:24.527+0000] {processor.py:186} INFO - Started process (PID=4068) to work on /opt/airflow/dags/Exmple2/exmple2_api.py
[2025-03-28T16:19:24.528+0000] {processor.py:914} INFO - Processing file /opt/airflow/dags/Exmple2/exmple2_api.py for tasks to queue
[2025-03-28T16:19:24.530+0000] {logging_mixin.py:190} INFO - [2025-03-28T16:19:24.530+0000] {dagbag.py:588} INFO - Filling up the DagBag from /opt/airflow/dags/Exmple2/exmple2_api.py
[2025-03-28T16:19:24.904+0000] {processor.py:925} INFO - DAG(s) 'exmple_api' retrieved from /opt/airflow/dags/Exmple2/exmple2_api.py
[2025-03-28T16:19:24.934+0000] {logging_mixin.py:190} INFO - [2025-03-28T16:19:24.934+0000] {dag.py:3239} INFO - Sync 1 DAGs
[2025-03-28T16:19:24.956+0000] {logging_mixin.py:190} INFO - [2025-03-28T16:19:24.956+0000] {dag.py:4180} INFO - Setting next_dagrun for exmple_api to 2025-03-28 15:00:00+00:00, run_after=2025-03-28 16:00:00+00:00
[2025-03-28T16:19:24.973+0000] {processor.py:208} INFO - Processing /opt/airflow/dags/Exmple2/exmple2_api.py took 0.451 seconds
[2025-03-28T16:19:55.181+0000] {processor.py:186} INFO - Started process (PID=4082) to work on /opt/airflow/dags/Exmple2/exmple2_api.py
[2025-03-28T16:19:55.183+0000] {processor.py:914} INFO - Processing file /opt/airflow/dags/Exmple2/exmple2_api.py for tasks to queue
[2025-03-28T16:19:55.186+0000] {logging_mixin.py:190} INFO - [2025-03-28T16:19:55.185+0000] {dagbag.py:588} INFO - Filling up the DagBag from /opt/airflow/dags/Exmple2/exmple2_api.py
[2025-03-28T16:19:55.520+0000] {processor.py:925} INFO - DAG(s) 'exmple_api' retrieved from /opt/airflow/dags/Exmple2/exmple2_api.py
[2025-03-28T16:19:55.553+0000] {logging_mixin.py:190} INFO - [2025-03-28T16:19:55.552+0000] {dag.py:3239} INFO - Sync 1 DAGs
[2025-03-28T16:19:55.592+0000] {logging_mixin.py:190} INFO - [2025-03-28T16:19:55.592+0000] {dag.py:4180} INFO - Setting next_dagrun for exmple_api to 2025-03-28 15:00:00+00:00, run_after=2025-03-28 16:00:00+00:00
[2025-03-28T16:19:55.619+0000] {processor.py:208} INFO - Processing /opt/airflow/dags/Exmple2/exmple2_api.py took 0.448 seconds
[2025-03-28T16:20:26.588+0000] {processor.py:186} INFO - Started process (PID=4096) to work on /opt/airflow/dags/Exmple2/exmple2_api.py
[2025-03-28T16:20:26.590+0000] {processor.py:914} INFO - Processing file /opt/airflow/dags/Exmple2/exmple2_api.py for tasks to queue
[2025-03-28T16:20:26.591+0000] {logging_mixin.py:190} INFO - [2025-03-28T16:20:26.591+0000] {dagbag.py:588} INFO - Filling up the DagBag from /opt/airflow/dags/Exmple2/exmple2_api.py
[2025-03-28T16:20:26.969+0000] {processor.py:925} INFO - DAG(s) 'exmple_api' retrieved from /opt/airflow/dags/Exmple2/exmple2_api.py
[2025-03-28T16:20:27.007+0000] {logging_mixin.py:190} INFO - [2025-03-28T16:20:27.006+0000] {dag.py:3239} INFO - Sync 1 DAGs
[2025-03-28T16:20:27.033+0000] {logging_mixin.py:190} INFO - [2025-03-28T16:20:27.033+0000] {dag.py:4180} INFO - Setting next_dagrun for exmple_api to 2025-03-28 15:00:00+00:00, run_after=2025-03-28 16:00:00+00:00
[2025-03-28T16:20:27.058+0000] {processor.py:208} INFO - Processing /opt/airflow/dags/Exmple2/exmple2_api.py took 0.478 seconds
[2025-03-28T16:20:57.260+0000] {processor.py:186} INFO - Started process (PID=4110) to work on /opt/airflow/dags/Exmple2/exmple2_api.py
[2025-03-28T16:20:57.262+0000] {processor.py:914} INFO - Processing file /opt/airflow/dags/Exmple2/exmple2_api.py for tasks to queue
[2025-03-28T16:20:57.264+0000] {logging_mixin.py:190} INFO - [2025-03-28T16:20:57.263+0000] {dagbag.py:588} INFO - Filling up the DagBag from /opt/airflow/dags/Exmple2/exmple2_api.py
[2025-03-28T16:20:57.662+0000] {processor.py:925} INFO - DAG(s) 'exmple_api' retrieved from /opt/airflow/dags/Exmple2/exmple2_api.py
[2025-03-28T16:20:57.689+0000] {logging_mixin.py:190} INFO - [2025-03-28T16:20:57.689+0000] {dag.py:3239} INFO - Sync 1 DAGs
[2025-03-28T16:20:57.713+0000] {logging_mixin.py:190} INFO - [2025-03-28T16:20:57.713+0000] {dag.py:4180} INFO - Setting next_dagrun for exmple_api to 2025-03-28 15:00:00+00:00, run_after=2025-03-28 16:00:00+00:00
[2025-03-28T16:20:57.741+0000] {processor.py:208} INFO - Processing /opt/airflow/dags/Exmple2/exmple2_api.py took 0.491 seconds
