[2025-03-27T16:33:05.272+0000] {processor.py:186} INFO - Started process (PID=97) to work on /home/airflow/.local/lib/python3.12/site-packages/airflow/example_dags/example_nested_branch_dag.py
[2025-03-27T16:33:05.276+0000] {processor.py:914} INFO - Processing file /home/airflow/.local/lib/python3.12/site-packages/airflow/example_dags/example_nested_branch_dag.py for tasks to queue
[2025-03-27T16:33:05.280+0000] {logging_mixin.py:190} INFO - [2025-03-27T16:33:05.280+0000] {dagbag.py:588} INFO - Filling up the DagBag from /home/airflow/.local/lib/python3.12/site-packages/airflow/example_dags/example_nested_branch_dag.py
[2025-03-27T16:33:05.295+0000] {processor.py:925} INFO - DAG(s) 'example_nested_branch_dag' retrieved from /home/airflow/.local/lib/python3.12/site-packages/airflow/example_dags/example_nested_branch_dag.py
[2025-03-27T16:33:05.439+0000] {logging_mixin.py:190} INFO - [2025-03-27T16:33:05.438+0000] {override.py:1912} INFO - Created Permission View: can read on DAG:example_nested_branch_dag
[2025-03-27T16:33:05.454+0000] {logging_mixin.py:190} INFO - [2025-03-27T16:33:05.454+0000] {override.py:1912} INFO - Created Permission View: can delete on DAG:example_nested_branch_dag
[2025-03-27T16:33:05.471+0000] {logging_mixin.py:190} INFO - [2025-03-27T16:33:05.470+0000] {override.py:1912} INFO - Created Permission View: can edit on DAG:example_nested_branch_dag
[2025-03-27T16:33:05.490+0000] {logging_mixin.py:190} INFO - [2025-03-27T16:33:05.489+0000] {override.py:1912} INFO - Created Permission View: can read on DAG Run:example_nested_branch_dag
[2025-03-27T16:33:05.504+0000] {logging_mixin.py:190} INFO - [2025-03-27T16:33:05.503+0000] {override.py:1912} INFO - Created Permission View: menu access on DAG Run:example_nested_branch_dag
[2025-03-27T16:33:05.513+0000] {logging_mixin.py:190} INFO - [2025-03-27T16:33:05.513+0000] {override.py:1912} INFO - Created Permission View: can create on DAG Run:example_nested_branch_dag
[2025-03-27T16:33:05.521+0000] {logging_mixin.py:190} INFO - [2025-03-27T16:33:05.521+0000] {override.py:1912} INFO - Created Permission View: can delete on DAG Run:example_nested_branch_dag
[2025-03-27T16:33:05.523+0000] {logging_mixin.py:190} INFO - [2025-03-27T16:33:05.523+0000] {dag.py:3239} INFO - Sync 1 DAGs
[2025-03-27T16:33:05.557+0000] {logging_mixin.py:190} INFO - [2025-03-27T16:33:05.556+0000] {dag.py:3262} INFO - Creating ORM DAG for example_nested_branch_dag
[2025-03-27T16:33:05.574+0000] {logging_mixin.py:190} INFO - [2025-03-27T16:33:05.574+0000] {dag.py:4180} INFO - Setting next_dagrun for example_nested_branch_dag to 2025-03-26 00:00:00+00:00, run_after=2025-03-27 00:00:00+00:00
[2025-03-27T16:33:05.593+0000] {processor.py:208} INFO - Processing /home/airflow/.local/lib/python3.12/site-packages/airflow/example_dags/example_nested_branch_dag.py took 0.332 seconds
[2025-03-27T16:33:35.860+0000] {processor.py:186} INFO - Started process (PID=160) to work on /home/airflow/.local/lib/python3.12/site-packages/airflow/example_dags/example_nested_branch_dag.py
[2025-03-27T16:33:35.862+0000] {processor.py:914} INFO - Processing file /home/airflow/.local/lib/python3.12/site-packages/airflow/example_dags/example_nested_branch_dag.py for tasks to queue
[2025-03-27T16:33:35.867+0000] {logging_mixin.py:190} INFO - [2025-03-27T16:33:35.867+0000] {dagbag.py:588} INFO - Filling up the DagBag from /home/airflow/.local/lib/python3.12/site-packages/airflow/example_dags/example_nested_branch_dag.py
[2025-03-27T16:33:35.882+0000] {processor.py:925} INFO - DAG(s) 'example_nested_branch_dag' retrieved from /home/airflow/.local/lib/python3.12/site-packages/airflow/example_dags/example_nested_branch_dag.py
[2025-03-27T16:33:35.911+0000] {logging_mixin.py:190} INFO - [2025-03-27T16:33:35.910+0000] {dag.py:3239} INFO - Sync 1 DAGs
[2025-03-27T16:33:35.939+0000] {logging_mixin.py:190} INFO - [2025-03-27T16:33:35.939+0000] {dag.py:4180} INFO - Setting next_dagrun for example_nested_branch_dag to 2025-03-26 00:00:00+00:00, run_after=2025-03-27 00:00:00+00:00
[2025-03-27T16:33:35.958+0000] {processor.py:208} INFO - Processing /home/airflow/.local/lib/python3.12/site-packages/airflow/example_dags/example_nested_branch_dag.py took 0.111 seconds
[2025-03-27T16:34:07.143+0000] {processor.py:186} INFO - Started process (PID=223) to work on /home/airflow/.local/lib/python3.12/site-packages/airflow/example_dags/example_nested_branch_dag.py
[2025-03-27T16:34:07.145+0000] {processor.py:914} INFO - Processing file /home/airflow/.local/lib/python3.12/site-packages/airflow/example_dags/example_nested_branch_dag.py for tasks to queue
[2025-03-27T16:34:07.149+0000] {logging_mixin.py:190} INFO - [2025-03-27T16:34:07.149+0000] {dagbag.py:588} INFO - Filling up the DagBag from /home/airflow/.local/lib/python3.12/site-packages/airflow/example_dags/example_nested_branch_dag.py
[2025-03-27T16:34:07.162+0000] {processor.py:925} INFO - DAG(s) 'example_nested_branch_dag' retrieved from /home/airflow/.local/lib/python3.12/site-packages/airflow/example_dags/example_nested_branch_dag.py
[2025-03-27T16:34:07.190+0000] {logging_mixin.py:190} INFO - [2025-03-27T16:34:07.190+0000] {dag.py:3239} INFO - Sync 1 DAGs
[2025-03-27T16:34:07.224+0000] {logging_mixin.py:190} INFO - [2025-03-27T16:34:07.224+0000] {dag.py:4180} INFO - Setting next_dagrun for example_nested_branch_dag to 2025-03-26 00:00:00+00:00, run_after=2025-03-27 00:00:00+00:00
[2025-03-27T16:34:07.248+0000] {processor.py:208} INFO - Processing /home/airflow/.local/lib/python3.12/site-packages/airflow/example_dags/example_nested_branch_dag.py took 0.113 seconds
[2025-03-27T16:34:38.532+0000] {processor.py:186} INFO - Started process (PID=286) to work on /home/airflow/.local/lib/python3.12/site-packages/airflow/example_dags/example_nested_branch_dag.py
[2025-03-27T16:34:38.534+0000] {processor.py:914} INFO - Processing file /home/airflow/.local/lib/python3.12/site-packages/airflow/example_dags/example_nested_branch_dag.py for tasks to queue
[2025-03-27T16:34:38.542+0000] {logging_mixin.py:190} INFO - [2025-03-27T16:34:38.542+0000] {dagbag.py:588} INFO - Filling up the DagBag from /home/airflow/.local/lib/python3.12/site-packages/airflow/example_dags/example_nested_branch_dag.py
[2025-03-27T16:34:38.567+0000] {processor.py:925} INFO - DAG(s) 'example_nested_branch_dag' retrieved from /home/airflow/.local/lib/python3.12/site-packages/airflow/example_dags/example_nested_branch_dag.py
[2025-03-27T16:34:38.656+0000] {logging_mixin.py:190} INFO - [2025-03-27T16:34:38.655+0000] {dag.py:3239} INFO - Sync 1 DAGs
[2025-03-27T16:34:38.747+0000] {logging_mixin.py:190} INFO - [2025-03-27T16:34:38.747+0000] {dag.py:4180} INFO - Setting next_dagrun for example_nested_branch_dag to 2025-03-26 00:00:00+00:00, run_after=2025-03-27 00:00:00+00:00
[2025-03-27T16:34:38.806+0000] {processor.py:208} INFO - Processing /home/airflow/.local/lib/python3.12/site-packages/airflow/example_dags/example_nested_branch_dag.py took 0.284 seconds
[2025-03-27T16:35:09.140+0000] {processor.py:186} INFO - Started process (PID=348) to work on /home/airflow/.local/lib/python3.12/site-packages/airflow/example_dags/example_nested_branch_dag.py
[2025-03-27T16:35:09.142+0000] {processor.py:914} INFO - Processing file /home/airflow/.local/lib/python3.12/site-packages/airflow/example_dags/example_nested_branch_dag.py for tasks to queue
[2025-03-27T16:35:09.147+0000] {logging_mixin.py:190} INFO - [2025-03-27T16:35:09.146+0000] {dagbag.py:588} INFO - Filling up the DagBag from /home/airflow/.local/lib/python3.12/site-packages/airflow/example_dags/example_nested_branch_dag.py
[2025-03-27T16:35:09.161+0000] {processor.py:925} INFO - DAG(s) 'example_nested_branch_dag' retrieved from /home/airflow/.local/lib/python3.12/site-packages/airflow/example_dags/example_nested_branch_dag.py
[2025-03-27T16:35:09.185+0000] {logging_mixin.py:190} INFO - [2025-03-27T16:35:09.185+0000] {dag.py:3239} INFO - Sync 1 DAGs
[2025-03-27T16:35:09.220+0000] {logging_mixin.py:190} INFO - [2025-03-27T16:35:09.220+0000] {dag.py:4180} INFO - Setting next_dagrun for example_nested_branch_dag to 2025-03-26 00:00:00+00:00, run_after=2025-03-27 00:00:00+00:00
[2025-03-27T16:35:09.283+0000] {processor.py:208} INFO - Processing /home/airflow/.local/lib/python3.12/site-packages/airflow/example_dags/example_nested_branch_dag.py took 0.152 seconds
[2025-03-27T16:35:39.561+0000] {processor.py:186} INFO - Started process (PID=412) to work on /home/airflow/.local/lib/python3.12/site-packages/airflow/example_dags/example_nested_branch_dag.py
[2025-03-27T16:35:39.562+0000] {processor.py:914} INFO - Processing file /home/airflow/.local/lib/python3.12/site-packages/airflow/example_dags/example_nested_branch_dag.py for tasks to queue
[2025-03-27T16:35:39.565+0000] {logging_mixin.py:190} INFO - [2025-03-27T16:35:39.565+0000] {dagbag.py:588} INFO - Filling up the DagBag from /home/airflow/.local/lib/python3.12/site-packages/airflow/example_dags/example_nested_branch_dag.py
[2025-03-27T16:35:39.591+0000] {processor.py:925} INFO - DAG(s) 'example_nested_branch_dag' retrieved from /home/airflow/.local/lib/python3.12/site-packages/airflow/example_dags/example_nested_branch_dag.py
[2025-03-27T16:35:39.615+0000] {logging_mixin.py:190} INFO - [2025-03-27T16:35:39.615+0000] {dag.py:3239} INFO - Sync 1 DAGs
[2025-03-27T16:35:39.645+0000] {logging_mixin.py:190} INFO - [2025-03-27T16:35:39.645+0000] {dag.py:4180} INFO - Setting next_dagrun for example_nested_branch_dag to 2025-03-26 00:00:00+00:00, run_after=2025-03-27 00:00:00+00:00
[2025-03-27T16:35:39.674+0000] {processor.py:208} INFO - Processing /home/airflow/.local/lib/python3.12/site-packages/airflow/example_dags/example_nested_branch_dag.py took 0.119 seconds
[2025-03-27T16:36:09.730+0000] {processor.py:186} INFO - Started process (PID=475) to work on /home/airflow/.local/lib/python3.12/site-packages/airflow/example_dags/example_nested_branch_dag.py
[2025-03-27T16:36:09.732+0000] {processor.py:914} INFO - Processing file /home/airflow/.local/lib/python3.12/site-packages/airflow/example_dags/example_nested_branch_dag.py for tasks to queue
[2025-03-27T16:36:09.735+0000] {logging_mixin.py:190} INFO - [2025-03-27T16:36:09.735+0000] {dagbag.py:588} INFO - Filling up the DagBag from /home/airflow/.local/lib/python3.12/site-packages/airflow/example_dags/example_nested_branch_dag.py
[2025-03-27T16:36:09.746+0000] {processor.py:925} INFO - DAG(s) 'example_nested_branch_dag' retrieved from /home/airflow/.local/lib/python3.12/site-packages/airflow/example_dags/example_nested_branch_dag.py
[2025-03-27T16:36:09.770+0000] {logging_mixin.py:190} INFO - [2025-03-27T16:36:09.770+0000] {dag.py:3239} INFO - Sync 1 DAGs
[2025-03-27T16:36:09.795+0000] {logging_mixin.py:190} INFO - [2025-03-27T16:36:09.795+0000] {dag.py:4180} INFO - Setting next_dagrun for example_nested_branch_dag to 2025-03-26 00:00:00+00:00, run_after=2025-03-27 00:00:00+00:00
[2025-03-27T16:36:09.815+0000] {processor.py:208} INFO - Processing /home/airflow/.local/lib/python3.12/site-packages/airflow/example_dags/example_nested_branch_dag.py took 0.090 seconds
[2025-03-27T16:36:40.207+0000] {processor.py:186} INFO - Started process (PID=538) to work on /home/airflow/.local/lib/python3.12/site-packages/airflow/example_dags/example_nested_branch_dag.py
[2025-03-27T16:36:40.208+0000] {processor.py:914} INFO - Processing file /home/airflow/.local/lib/python3.12/site-packages/airflow/example_dags/example_nested_branch_dag.py for tasks to queue
[2025-03-27T16:36:40.211+0000] {logging_mixin.py:190} INFO - [2025-03-27T16:36:40.211+0000] {dagbag.py:588} INFO - Filling up the DagBag from /home/airflow/.local/lib/python3.12/site-packages/airflow/example_dags/example_nested_branch_dag.py
[2025-03-27T16:36:40.223+0000] {processor.py:925} INFO - DAG(s) 'example_nested_branch_dag' retrieved from /home/airflow/.local/lib/python3.12/site-packages/airflow/example_dags/example_nested_branch_dag.py
[2025-03-27T16:36:40.246+0000] {logging_mixin.py:190} INFO - [2025-03-27T16:36:40.246+0000] {dag.py:3239} INFO - Sync 1 DAGs
[2025-03-27T16:36:40.271+0000] {logging_mixin.py:190} INFO - [2025-03-27T16:36:40.271+0000] {dag.py:4180} INFO - Setting next_dagrun for example_nested_branch_dag to 2025-03-26 00:00:00+00:00, run_after=2025-03-27 00:00:00+00:00
[2025-03-27T16:36:40.307+0000] {processor.py:208} INFO - Processing /home/airflow/.local/lib/python3.12/site-packages/airflow/example_dags/example_nested_branch_dag.py took 0.107 seconds
[2025-03-27T16:37:10.618+0000] {processor.py:186} INFO - Started process (PID=600) to work on /home/airflow/.local/lib/python3.12/site-packages/airflow/example_dags/example_nested_branch_dag.py
[2025-03-27T16:37:10.619+0000] {processor.py:914} INFO - Processing file /home/airflow/.local/lib/python3.12/site-packages/airflow/example_dags/example_nested_branch_dag.py for tasks to queue
[2025-03-27T16:37:10.623+0000] {logging_mixin.py:190} INFO - [2025-03-27T16:37:10.623+0000] {dagbag.py:588} INFO - Filling up the DagBag from /home/airflow/.local/lib/python3.12/site-packages/airflow/example_dags/example_nested_branch_dag.py
[2025-03-27T16:37:10.637+0000] {processor.py:925} INFO - DAG(s) 'example_nested_branch_dag' retrieved from /home/airflow/.local/lib/python3.12/site-packages/airflow/example_dags/example_nested_branch_dag.py
[2025-03-27T16:37:10.660+0000] {logging_mixin.py:190} INFO - [2025-03-27T16:37:10.660+0000] {dag.py:3239} INFO - Sync 1 DAGs
[2025-03-27T16:37:10.686+0000] {logging_mixin.py:190} INFO - [2025-03-27T16:37:10.686+0000] {dag.py:4180} INFO - Setting next_dagrun for example_nested_branch_dag to 2025-03-26 00:00:00+00:00, run_after=2025-03-27 00:00:00+00:00
[2025-03-27T16:37:10.746+0000] {processor.py:208} INFO - Processing /home/airflow/.local/lib/python3.12/site-packages/airflow/example_dags/example_nested_branch_dag.py took 0.134 seconds
[2025-03-27T16:37:40.944+0000] {processor.py:186} INFO - Started process (PID=662) to work on /home/airflow/.local/lib/python3.12/site-packages/airflow/example_dags/example_nested_branch_dag.py
[2025-03-27T16:37:40.945+0000] {processor.py:914} INFO - Processing file /home/airflow/.local/lib/python3.12/site-packages/airflow/example_dags/example_nested_branch_dag.py for tasks to queue
[2025-03-27T16:37:40.949+0000] {logging_mixin.py:190} INFO - [2025-03-27T16:37:40.948+0000] {dagbag.py:588} INFO - Filling up the DagBag from /home/airflow/.local/lib/python3.12/site-packages/airflow/example_dags/example_nested_branch_dag.py
[2025-03-27T16:37:40.966+0000] {processor.py:925} INFO - DAG(s) 'example_nested_branch_dag' retrieved from /home/airflow/.local/lib/python3.12/site-packages/airflow/example_dags/example_nested_branch_dag.py
[2025-03-27T16:37:41.005+0000] {logging_mixin.py:190} INFO - [2025-03-27T16:37:41.005+0000] {dag.py:3239} INFO - Sync 1 DAGs
[2025-03-27T16:37:41.054+0000] {logging_mixin.py:190} INFO - [2025-03-27T16:37:41.054+0000] {dag.py:4180} INFO - Setting next_dagrun for example_nested_branch_dag to 2025-03-26 00:00:00+00:00, run_after=2025-03-27 00:00:00+00:00
[2025-03-27T16:37:41.091+0000] {processor.py:208} INFO - Processing /home/airflow/.local/lib/python3.12/site-packages/airflow/example_dags/example_nested_branch_dag.py took 0.154 seconds
[2025-03-27T16:38:11.775+0000] {processor.py:186} INFO - Started process (PID=727) to work on /home/airflow/.local/lib/python3.12/site-packages/airflow/example_dags/example_nested_branch_dag.py
[2025-03-27T16:38:11.777+0000] {processor.py:914} INFO - Processing file /home/airflow/.local/lib/python3.12/site-packages/airflow/example_dags/example_nested_branch_dag.py for tasks to queue
[2025-03-27T16:38:11.779+0000] {logging_mixin.py:190} INFO - [2025-03-27T16:38:11.779+0000] {dagbag.py:588} INFO - Filling up the DagBag from /home/airflow/.local/lib/python3.12/site-packages/airflow/example_dags/example_nested_branch_dag.py
[2025-03-27T16:38:11.795+0000] {processor.py:925} INFO - DAG(s) 'example_nested_branch_dag' retrieved from /home/airflow/.local/lib/python3.12/site-packages/airflow/example_dags/example_nested_branch_dag.py
[2025-03-27T16:38:11.823+0000] {logging_mixin.py:190} INFO - [2025-03-27T16:38:11.823+0000] {dag.py:3239} INFO - Sync 1 DAGs
[2025-03-27T16:38:11.848+0000] {logging_mixin.py:190} INFO - [2025-03-27T16:38:11.847+0000] {dag.py:4180} INFO - Setting next_dagrun for example_nested_branch_dag to 2025-03-26 00:00:00+00:00, run_after=2025-03-27 00:00:00+00:00
[2025-03-27T16:38:11.867+0000] {processor.py:208} INFO - Processing /home/airflow/.local/lib/python3.12/site-packages/airflow/example_dags/example_nested_branch_dag.py took 0.099 seconds
[2025-03-27T16:38:42.788+0000] {processor.py:186} INFO - Started process (PID=794) to work on /home/airflow/.local/lib/python3.12/site-packages/airflow/example_dags/example_nested_branch_dag.py
[2025-03-27T16:38:42.789+0000] {processor.py:914} INFO - Processing file /home/airflow/.local/lib/python3.12/site-packages/airflow/example_dags/example_nested_branch_dag.py for tasks to queue
[2025-03-27T16:38:42.792+0000] {logging_mixin.py:190} INFO - [2025-03-27T16:38:42.792+0000] {dagbag.py:588} INFO - Filling up the DagBag from /home/airflow/.local/lib/python3.12/site-packages/airflow/example_dags/example_nested_branch_dag.py
[2025-03-27T16:38:42.805+0000] {processor.py:925} INFO - DAG(s) 'example_nested_branch_dag' retrieved from /home/airflow/.local/lib/python3.12/site-packages/airflow/example_dags/example_nested_branch_dag.py
[2025-03-27T16:38:42.828+0000] {logging_mixin.py:190} INFO - [2025-03-27T16:38:42.828+0000] {dag.py:3239} INFO - Sync 1 DAGs
[2025-03-27T16:38:42.851+0000] {logging_mixin.py:190} INFO - [2025-03-27T16:38:42.850+0000] {dag.py:4180} INFO - Setting next_dagrun for example_nested_branch_dag to 2025-03-26 00:00:00+00:00, run_after=2025-03-27 00:00:00+00:00
[2025-03-27T16:38:42.870+0000] {processor.py:208} INFO - Processing /home/airflow/.local/lib/python3.12/site-packages/airflow/example_dags/example_nested_branch_dag.py took 0.090 seconds
[2025-03-27T16:39:13.298+0000] {processor.py:186} INFO - Started process (PID=859) to work on /home/airflow/.local/lib/python3.12/site-packages/airflow/example_dags/example_nested_branch_dag.py
[2025-03-27T16:39:13.299+0000] {processor.py:914} INFO - Processing file /home/airflow/.local/lib/python3.12/site-packages/airflow/example_dags/example_nested_branch_dag.py for tasks to queue
[2025-03-27T16:39:13.312+0000] {logging_mixin.py:190} INFO - [2025-03-27T16:39:13.312+0000] {dagbag.py:588} INFO - Filling up the DagBag from /home/airflow/.local/lib/python3.12/site-packages/airflow/example_dags/example_nested_branch_dag.py
[2025-03-27T16:39:13.362+0000] {processor.py:925} INFO - DAG(s) 'example_nested_branch_dag' retrieved from /home/airflow/.local/lib/python3.12/site-packages/airflow/example_dags/example_nested_branch_dag.py
[2025-03-27T16:39:13.403+0000] {logging_mixin.py:190} INFO - [2025-03-27T16:39:13.403+0000] {dag.py:3239} INFO - Sync 1 DAGs
[2025-03-27T16:39:13.469+0000] {logging_mixin.py:190} INFO - [2025-03-27T16:39:13.468+0000] {dag.py:4180} INFO - Setting next_dagrun for example_nested_branch_dag to 2025-03-26 00:00:00+00:00, run_after=2025-03-27 00:00:00+00:00
[2025-03-27T16:39:13.523+0000] {processor.py:208} INFO - Processing /home/airflow/.local/lib/python3.12/site-packages/airflow/example_dags/example_nested_branch_dag.py took 0.234 seconds
[2025-03-27T16:39:44.019+0000] {processor.py:186} INFO - Started process (PID=923) to work on /home/airflow/.local/lib/python3.12/site-packages/airflow/example_dags/example_nested_branch_dag.py
[2025-03-27T16:39:44.025+0000] {processor.py:914} INFO - Processing file /home/airflow/.local/lib/python3.12/site-packages/airflow/example_dags/example_nested_branch_dag.py for tasks to queue
[2025-03-27T16:39:44.032+0000] {logging_mixin.py:190} INFO - [2025-03-27T16:39:44.031+0000] {dagbag.py:588} INFO - Filling up the DagBag from /home/airflow/.local/lib/python3.12/site-packages/airflow/example_dags/example_nested_branch_dag.py
[2025-03-27T16:39:44.070+0000] {processor.py:925} INFO - DAG(s) 'example_nested_branch_dag' retrieved from /home/airflow/.local/lib/python3.12/site-packages/airflow/example_dags/example_nested_branch_dag.py
[2025-03-27T16:39:44.132+0000] {logging_mixin.py:190} INFO - [2025-03-27T16:39:44.131+0000] {dag.py:3239} INFO - Sync 1 DAGs
[2025-03-27T16:39:44.171+0000] {logging_mixin.py:190} INFO - [2025-03-27T16:39:44.171+0000] {dag.py:4180} INFO - Setting next_dagrun for example_nested_branch_dag to 2025-03-26 00:00:00+00:00, run_after=2025-03-27 00:00:00+00:00
[2025-03-27T16:39:44.219+0000] {processor.py:208} INFO - Processing /home/airflow/.local/lib/python3.12/site-packages/airflow/example_dags/example_nested_branch_dag.py took 0.210 seconds
[2025-03-27T16:40:15.192+0000] {processor.py:186} INFO - Started process (PID=989) to work on /home/airflow/.local/lib/python3.12/site-packages/airflow/example_dags/example_nested_branch_dag.py
[2025-03-27T16:40:15.193+0000] {processor.py:914} INFO - Processing file /home/airflow/.local/lib/python3.12/site-packages/airflow/example_dags/example_nested_branch_dag.py for tasks to queue
[2025-03-27T16:40:15.196+0000] {logging_mixin.py:190} INFO - [2025-03-27T16:40:15.196+0000] {dagbag.py:588} INFO - Filling up the DagBag from /home/airflow/.local/lib/python3.12/site-packages/airflow/example_dags/example_nested_branch_dag.py
[2025-03-27T16:40:15.212+0000] {processor.py:925} INFO - DAG(s) 'example_nested_branch_dag' retrieved from /home/airflow/.local/lib/python3.12/site-packages/airflow/example_dags/example_nested_branch_dag.py
[2025-03-27T16:40:15.250+0000] {logging_mixin.py:190} INFO - [2025-03-27T16:40:15.250+0000] {dag.py:3239} INFO - Sync 1 DAGs
[2025-03-27T16:40:15.322+0000] {logging_mixin.py:190} INFO - [2025-03-27T16:40:15.321+0000] {dag.py:4180} INFO - Setting next_dagrun for example_nested_branch_dag to 2025-03-26 00:00:00+00:00, run_after=2025-03-27 00:00:00+00:00
[2025-03-27T16:40:15.378+0000] {processor.py:208} INFO - Processing /home/airflow/.local/lib/python3.12/site-packages/airflow/example_dags/example_nested_branch_dag.py took 0.192 seconds
[2025-03-27T16:40:46.304+0000] {processor.py:186} INFO - Started process (PID=1054) to work on /home/airflow/.local/lib/python3.12/site-packages/airflow/example_dags/example_nested_branch_dag.py
[2025-03-27T16:40:46.306+0000] {processor.py:914} INFO - Processing file /home/airflow/.local/lib/python3.12/site-packages/airflow/example_dags/example_nested_branch_dag.py for tasks to queue
[2025-03-27T16:40:46.309+0000] {logging_mixin.py:190} INFO - [2025-03-27T16:40:46.309+0000] {dagbag.py:588} INFO - Filling up the DagBag from /home/airflow/.local/lib/python3.12/site-packages/airflow/example_dags/example_nested_branch_dag.py
[2025-03-27T16:40:46.321+0000] {processor.py:925} INFO - DAG(s) 'example_nested_branch_dag' retrieved from /home/airflow/.local/lib/python3.12/site-packages/airflow/example_dags/example_nested_branch_dag.py
[2025-03-27T16:40:46.345+0000] {logging_mixin.py:190} INFO - [2025-03-27T16:40:46.345+0000] {dag.py:3239} INFO - Sync 1 DAGs
[2025-03-27T16:40:46.374+0000] {logging_mixin.py:190} INFO - [2025-03-27T16:40:46.373+0000] {dag.py:4180} INFO - Setting next_dagrun for example_nested_branch_dag to 2025-03-26 00:00:00+00:00, run_after=2025-03-27 00:00:00+00:00
[2025-03-27T16:40:46.398+0000] {processor.py:208} INFO - Processing /home/airflow/.local/lib/python3.12/site-packages/airflow/example_dags/example_nested_branch_dag.py took 0.100 seconds
[2025-03-27T16:41:16.630+0000] {processor.py:186} INFO - Started process (PID=1119) to work on /home/airflow/.local/lib/python3.12/site-packages/airflow/example_dags/example_nested_branch_dag.py
[2025-03-27T16:41:16.632+0000] {processor.py:914} INFO - Processing file /home/airflow/.local/lib/python3.12/site-packages/airflow/example_dags/example_nested_branch_dag.py for tasks to queue
[2025-03-27T16:41:16.637+0000] {logging_mixin.py:190} INFO - [2025-03-27T16:41:16.636+0000] {dagbag.py:588} INFO - Filling up the DagBag from /home/airflow/.local/lib/python3.12/site-packages/airflow/example_dags/example_nested_branch_dag.py
[2025-03-27T16:41:16.661+0000] {processor.py:925} INFO - DAG(s) 'example_nested_branch_dag' retrieved from /home/airflow/.local/lib/python3.12/site-packages/airflow/example_dags/example_nested_branch_dag.py
[2025-03-27T16:41:16.709+0000] {logging_mixin.py:190} INFO - [2025-03-27T16:41:16.709+0000] {dag.py:3239} INFO - Sync 1 DAGs
[2025-03-27T16:41:16.755+0000] {logging_mixin.py:190} INFO - [2025-03-27T16:41:16.755+0000] {dag.py:4180} INFO - Setting next_dagrun for example_nested_branch_dag to 2025-03-26 00:00:00+00:00, run_after=2025-03-27 00:00:00+00:00
[2025-03-27T16:41:16.780+0000] {processor.py:208} INFO - Processing /home/airflow/.local/lib/python3.12/site-packages/airflow/example_dags/example_nested_branch_dag.py took 0.166 seconds
[2025-03-27T16:41:47.381+0000] {processor.py:186} INFO - Started process (PID=1184) to work on /home/airflow/.local/lib/python3.12/site-packages/airflow/example_dags/example_nested_branch_dag.py
[2025-03-27T16:41:47.386+0000] {processor.py:914} INFO - Processing file /home/airflow/.local/lib/python3.12/site-packages/airflow/example_dags/example_nested_branch_dag.py for tasks to queue
[2025-03-27T16:41:47.395+0000] {logging_mixin.py:190} INFO - [2025-03-27T16:41:47.394+0000] {dagbag.py:588} INFO - Filling up the DagBag from /home/airflow/.local/lib/python3.12/site-packages/airflow/example_dags/example_nested_branch_dag.py
[2025-03-27T16:41:47.443+0000] {processor.py:925} INFO - DAG(s) 'example_nested_branch_dag' retrieved from /home/airflow/.local/lib/python3.12/site-packages/airflow/example_dags/example_nested_branch_dag.py
[2025-03-27T16:41:47.496+0000] {logging_mixin.py:190} INFO - [2025-03-27T16:41:47.496+0000] {dag.py:3239} INFO - Sync 1 DAGs
[2025-03-27T16:41:47.547+0000] {logging_mixin.py:190} INFO - [2025-03-27T16:41:47.546+0000] {dag.py:4180} INFO - Setting next_dagrun for example_nested_branch_dag to 2025-03-26 00:00:00+00:00, run_after=2025-03-27 00:00:00+00:00
[2025-03-27T16:41:47.588+0000] {processor.py:208} INFO - Processing /home/airflow/.local/lib/python3.12/site-packages/airflow/example_dags/example_nested_branch_dag.py took 0.224 seconds
[2025-03-27T16:42:18.685+0000] {processor.py:186} INFO - Started process (PID=1250) to work on /home/airflow/.local/lib/python3.12/site-packages/airflow/example_dags/example_nested_branch_dag.py
[2025-03-27T16:42:18.686+0000] {processor.py:914} INFO - Processing file /home/airflow/.local/lib/python3.12/site-packages/airflow/example_dags/example_nested_branch_dag.py for tasks to queue
[2025-03-27T16:42:18.689+0000] {logging_mixin.py:190} INFO - [2025-03-27T16:42:18.689+0000] {dagbag.py:588} INFO - Filling up the DagBag from /home/airflow/.local/lib/python3.12/site-packages/airflow/example_dags/example_nested_branch_dag.py
[2025-03-27T16:42:18.703+0000] {processor.py:925} INFO - DAG(s) 'example_nested_branch_dag' retrieved from /home/airflow/.local/lib/python3.12/site-packages/airflow/example_dags/example_nested_branch_dag.py
[2025-03-27T16:42:18.730+0000] {logging_mixin.py:190} INFO - [2025-03-27T16:42:18.730+0000] {dag.py:3239} INFO - Sync 1 DAGs
[2025-03-27T16:42:18.758+0000] {logging_mixin.py:190} INFO - [2025-03-27T16:42:18.758+0000] {dag.py:4180} INFO - Setting next_dagrun for example_nested_branch_dag to 2025-03-26 00:00:00+00:00, run_after=2025-03-27 00:00:00+00:00
[2025-03-27T16:42:18.784+0000] {processor.py:208} INFO - Processing /home/airflow/.local/lib/python3.12/site-packages/airflow/example_dags/example_nested_branch_dag.py took 0.106 seconds
[2025-03-27T16:42:48.921+0000] {processor.py:186} INFO - Started process (PID=1316) to work on /home/airflow/.local/lib/python3.12/site-packages/airflow/example_dags/example_nested_branch_dag.py
[2025-03-27T16:42:48.923+0000] {processor.py:914} INFO - Processing file /home/airflow/.local/lib/python3.12/site-packages/airflow/example_dags/example_nested_branch_dag.py for tasks to queue
[2025-03-27T16:42:48.926+0000] {logging_mixin.py:190} INFO - [2025-03-27T16:42:48.926+0000] {dagbag.py:588} INFO - Filling up the DagBag from /home/airflow/.local/lib/python3.12/site-packages/airflow/example_dags/example_nested_branch_dag.py
[2025-03-27T16:42:48.945+0000] {processor.py:925} INFO - DAG(s) 'example_nested_branch_dag' retrieved from /home/airflow/.local/lib/python3.12/site-packages/airflow/example_dags/example_nested_branch_dag.py
[2025-03-27T16:42:48.979+0000] {logging_mixin.py:190} INFO - [2025-03-27T16:42:48.979+0000] {dag.py:3239} INFO - Sync 1 DAGs
[2025-03-27T16:42:49.010+0000] {logging_mixin.py:190} INFO - [2025-03-27T16:42:49.010+0000] {dag.py:4180} INFO - Setting next_dagrun for example_nested_branch_dag to 2025-03-26 00:00:00+00:00, run_after=2025-03-27 00:00:00+00:00
[2025-03-27T16:42:49.032+0000] {processor.py:208} INFO - Processing /home/airflow/.local/lib/python3.12/site-packages/airflow/example_dags/example_nested_branch_dag.py took 0.121 seconds
[2025-03-27T16:43:19.159+0000] {processor.py:186} INFO - Started process (PID=1380) to work on /home/airflow/.local/lib/python3.12/site-packages/airflow/example_dags/example_nested_branch_dag.py
[2025-03-27T16:43:19.160+0000] {processor.py:914} INFO - Processing file /home/airflow/.local/lib/python3.12/site-packages/airflow/example_dags/example_nested_branch_dag.py for tasks to queue
[2025-03-27T16:43:19.165+0000] {logging_mixin.py:190} INFO - [2025-03-27T16:43:19.164+0000] {dagbag.py:588} INFO - Filling up the DagBag from /home/airflow/.local/lib/python3.12/site-packages/airflow/example_dags/example_nested_branch_dag.py
[2025-03-27T16:43:19.180+0000] {processor.py:925} INFO - DAG(s) 'example_nested_branch_dag' retrieved from /home/airflow/.local/lib/python3.12/site-packages/airflow/example_dags/example_nested_branch_dag.py
[2025-03-27T16:43:19.208+0000] {logging_mixin.py:190} INFO - [2025-03-27T16:43:19.207+0000] {dag.py:3239} INFO - Sync 1 DAGs
[2025-03-27T16:43:19.236+0000] {logging_mixin.py:190} INFO - [2025-03-27T16:43:19.235+0000] {dag.py:4180} INFO - Setting next_dagrun for example_nested_branch_dag to 2025-03-26 00:00:00+00:00, run_after=2025-03-27 00:00:00+00:00
[2025-03-27T16:43:19.256+0000] {processor.py:208} INFO - Processing /home/airflow/.local/lib/python3.12/site-packages/airflow/example_dags/example_nested_branch_dag.py took 0.103 seconds
[2025-03-27T16:43:49.769+0000] {processor.py:186} INFO - Started process (PID=1445) to work on /home/airflow/.local/lib/python3.12/site-packages/airflow/example_dags/example_nested_branch_dag.py
[2025-03-27T16:43:49.771+0000] {processor.py:914} INFO - Processing file /home/airflow/.local/lib/python3.12/site-packages/airflow/example_dags/example_nested_branch_dag.py for tasks to queue
[2025-03-27T16:43:49.775+0000] {logging_mixin.py:190} INFO - [2025-03-27T16:43:49.774+0000] {dagbag.py:588} INFO - Filling up the DagBag from /home/airflow/.local/lib/python3.12/site-packages/airflow/example_dags/example_nested_branch_dag.py
[2025-03-27T16:43:49.795+0000] {processor.py:925} INFO - DAG(s) 'example_nested_branch_dag' retrieved from /home/airflow/.local/lib/python3.12/site-packages/airflow/example_dags/example_nested_branch_dag.py
[2025-03-27T16:43:49.825+0000] {logging_mixin.py:190} INFO - [2025-03-27T16:43:49.825+0000] {dag.py:3239} INFO - Sync 1 DAGs
[2025-03-27T16:43:49.858+0000] {logging_mixin.py:190} INFO - [2025-03-27T16:43:49.858+0000] {dag.py:4180} INFO - Setting next_dagrun for example_nested_branch_dag to 2025-03-26 00:00:00+00:00, run_after=2025-03-27 00:00:00+00:00
[2025-03-27T16:43:49.922+0000] {processor.py:208} INFO - Processing /home/airflow/.local/lib/python3.12/site-packages/airflow/example_dags/example_nested_branch_dag.py took 0.159 seconds
[2025-03-27T16:44:20.200+0000] {processor.py:186} INFO - Started process (PID=1512) to work on /home/airflow/.local/lib/python3.12/site-packages/airflow/example_dags/example_nested_branch_dag.py
[2025-03-27T16:44:20.203+0000] {processor.py:914} INFO - Processing file /home/airflow/.local/lib/python3.12/site-packages/airflow/example_dags/example_nested_branch_dag.py for tasks to queue
[2025-03-27T16:44:20.210+0000] {logging_mixin.py:190} INFO - [2025-03-27T16:44:20.209+0000] {dagbag.py:588} INFO - Filling up the DagBag from /home/airflow/.local/lib/python3.12/site-packages/airflow/example_dags/example_nested_branch_dag.py
[2025-03-27T16:44:20.245+0000] {processor.py:925} INFO - DAG(s) 'example_nested_branch_dag' retrieved from /home/airflow/.local/lib/python3.12/site-packages/airflow/example_dags/example_nested_branch_dag.py
[2025-03-27T16:44:20.287+0000] {logging_mixin.py:190} INFO - [2025-03-27T16:44:20.286+0000] {dag.py:3239} INFO - Sync 1 DAGs
[2025-03-27T16:44:20.359+0000] {logging_mixin.py:190} INFO - [2025-03-27T16:44:20.358+0000] {dag.py:4180} INFO - Setting next_dagrun for example_nested_branch_dag to 2025-03-26 00:00:00+00:00, run_after=2025-03-27 00:00:00+00:00
[2025-03-27T16:44:20.424+0000] {processor.py:208} INFO - Processing /home/airflow/.local/lib/python3.12/site-packages/airflow/example_dags/example_nested_branch_dag.py took 0.240 seconds
[2025-03-27T16:44:51.607+0000] {processor.py:186} INFO - Started process (PID=1578) to work on /home/airflow/.local/lib/python3.12/site-packages/airflow/example_dags/example_nested_branch_dag.py
[2025-03-27T16:44:51.610+0000] {processor.py:914} INFO - Processing file /home/airflow/.local/lib/python3.12/site-packages/airflow/example_dags/example_nested_branch_dag.py for tasks to queue
[2025-03-27T16:44:51.615+0000] {logging_mixin.py:190} INFO - [2025-03-27T16:44:51.614+0000] {dagbag.py:588} INFO - Filling up the DagBag from /home/airflow/.local/lib/python3.12/site-packages/airflow/example_dags/example_nested_branch_dag.py
[2025-03-27T16:44:51.630+0000] {processor.py:925} INFO - DAG(s) 'example_nested_branch_dag' retrieved from /home/airflow/.local/lib/python3.12/site-packages/airflow/example_dags/example_nested_branch_dag.py
[2025-03-27T16:44:51.664+0000] {logging_mixin.py:190} INFO - [2025-03-27T16:44:51.664+0000] {dag.py:3239} INFO - Sync 1 DAGs
[2025-03-27T16:44:51.693+0000] {logging_mixin.py:190} INFO - [2025-03-27T16:44:51.692+0000] {dag.py:4180} INFO - Setting next_dagrun for example_nested_branch_dag to 2025-03-26 00:00:00+00:00, run_after=2025-03-27 00:00:00+00:00
[2025-03-27T16:44:51.713+0000] {processor.py:208} INFO - Processing /home/airflow/.local/lib/python3.12/site-packages/airflow/example_dags/example_nested_branch_dag.py took 0.115 seconds
[2025-03-27T16:45:22.204+0000] {processor.py:186} INFO - Started process (PID=1643) to work on /home/airflow/.local/lib/python3.12/site-packages/airflow/example_dags/example_nested_branch_dag.py
[2025-03-27T16:45:22.205+0000] {processor.py:914} INFO - Processing file /home/airflow/.local/lib/python3.12/site-packages/airflow/example_dags/example_nested_branch_dag.py for tasks to queue
[2025-03-27T16:45:22.209+0000] {logging_mixin.py:190} INFO - [2025-03-27T16:45:22.209+0000] {dagbag.py:588} INFO - Filling up the DagBag from /home/airflow/.local/lib/python3.12/site-packages/airflow/example_dags/example_nested_branch_dag.py
[2025-03-27T16:45:22.222+0000] {processor.py:925} INFO - DAG(s) 'example_nested_branch_dag' retrieved from /home/airflow/.local/lib/python3.12/site-packages/airflow/example_dags/example_nested_branch_dag.py
[2025-03-27T16:45:22.246+0000] {logging_mixin.py:190} INFO - [2025-03-27T16:45:22.245+0000] {dag.py:3239} INFO - Sync 1 DAGs
[2025-03-27T16:45:22.272+0000] {logging_mixin.py:190} INFO - [2025-03-27T16:45:22.272+0000] {dag.py:4180} INFO - Setting next_dagrun for example_nested_branch_dag to 2025-03-26 00:00:00+00:00, run_after=2025-03-27 00:00:00+00:00
[2025-03-27T16:45:22.293+0000] {processor.py:208} INFO - Processing /home/airflow/.local/lib/python3.12/site-packages/airflow/example_dags/example_nested_branch_dag.py took 0.095 seconds
[2025-03-27T16:45:52.759+0000] {processor.py:186} INFO - Started process (PID=1708) to work on /home/airflow/.local/lib/python3.12/site-packages/airflow/example_dags/example_nested_branch_dag.py
[2025-03-27T16:45:52.761+0000] {processor.py:914} INFO - Processing file /home/airflow/.local/lib/python3.12/site-packages/airflow/example_dags/example_nested_branch_dag.py for tasks to queue
[2025-03-27T16:45:52.765+0000] {logging_mixin.py:190} INFO - [2025-03-27T16:45:52.765+0000] {dagbag.py:588} INFO - Filling up the DagBag from /home/airflow/.local/lib/python3.12/site-packages/airflow/example_dags/example_nested_branch_dag.py
[2025-03-27T16:45:52.780+0000] {processor.py:925} INFO - DAG(s) 'example_nested_branch_dag' retrieved from /home/airflow/.local/lib/python3.12/site-packages/airflow/example_dags/example_nested_branch_dag.py
[2025-03-27T16:45:52.856+0000] {logging_mixin.py:190} INFO - [2025-03-27T16:45:52.856+0000] {dag.py:3239} INFO - Sync 1 DAGs
[2025-03-27T16:45:52.885+0000] {logging_mixin.py:190} INFO - [2025-03-27T16:45:52.885+0000] {dag.py:4180} INFO - Setting next_dagrun for example_nested_branch_dag to 2025-03-26 00:00:00+00:00, run_after=2025-03-27 00:00:00+00:00
[2025-03-27T16:45:52.906+0000] {processor.py:208} INFO - Processing /home/airflow/.local/lib/python3.12/site-packages/airflow/example_dags/example_nested_branch_dag.py took 0.154 seconds
[2025-03-27T16:46:23.816+0000] {processor.py:186} INFO - Started process (PID=1773) to work on /home/airflow/.local/lib/python3.12/site-packages/airflow/example_dags/example_nested_branch_dag.py
[2025-03-27T16:46:23.817+0000] {processor.py:914} INFO - Processing file /home/airflow/.local/lib/python3.12/site-packages/airflow/example_dags/example_nested_branch_dag.py for tasks to queue
[2025-03-27T16:46:23.820+0000] {logging_mixin.py:190} INFO - [2025-03-27T16:46:23.819+0000] {dagbag.py:588} INFO - Filling up the DagBag from /home/airflow/.local/lib/python3.12/site-packages/airflow/example_dags/example_nested_branch_dag.py
[2025-03-27T16:46:23.831+0000] {processor.py:925} INFO - DAG(s) 'example_nested_branch_dag' retrieved from /home/airflow/.local/lib/python3.12/site-packages/airflow/example_dags/example_nested_branch_dag.py
[2025-03-27T16:46:23.855+0000] {logging_mixin.py:190} INFO - [2025-03-27T16:46:23.854+0000] {dag.py:3239} INFO - Sync 1 DAGs
[2025-03-27T16:46:23.880+0000] {logging_mixin.py:190} INFO - [2025-03-27T16:46:23.880+0000] {dag.py:4180} INFO - Setting next_dagrun for example_nested_branch_dag to 2025-03-26 00:00:00+00:00, run_after=2025-03-27 00:00:00+00:00
[2025-03-27T16:46:23.897+0000] {processor.py:208} INFO - Processing /home/airflow/.local/lib/python3.12/site-packages/airflow/example_dags/example_nested_branch_dag.py took 0.088 seconds
[2025-03-27T16:46:54.595+0000] {processor.py:186} INFO - Started process (PID=1838) to work on /home/airflow/.local/lib/python3.12/site-packages/airflow/example_dags/example_nested_branch_dag.py
[2025-03-27T16:46:54.597+0000] {processor.py:914} INFO - Processing file /home/airflow/.local/lib/python3.12/site-packages/airflow/example_dags/example_nested_branch_dag.py for tasks to queue
[2025-03-27T16:46:54.600+0000] {logging_mixin.py:190} INFO - [2025-03-27T16:46:54.599+0000] {dagbag.py:588} INFO - Filling up the DagBag from /home/airflow/.local/lib/python3.12/site-packages/airflow/example_dags/example_nested_branch_dag.py
[2025-03-27T16:46:54.615+0000] {processor.py:925} INFO - DAG(s) 'example_nested_branch_dag' retrieved from /home/airflow/.local/lib/python3.12/site-packages/airflow/example_dags/example_nested_branch_dag.py
[2025-03-27T16:46:54.639+0000] {logging_mixin.py:190} INFO - [2025-03-27T16:46:54.639+0000] {dag.py:3239} INFO - Sync 1 DAGs
[2025-03-27T16:46:54.672+0000] {logging_mixin.py:190} INFO - [2025-03-27T16:46:54.671+0000] {dag.py:4180} INFO - Setting next_dagrun for example_nested_branch_dag to 2025-03-26 00:00:00+00:00, run_after=2025-03-27 00:00:00+00:00
[2025-03-27T16:46:54.694+0000] {processor.py:208} INFO - Processing /home/airflow/.local/lib/python3.12/site-packages/airflow/example_dags/example_nested_branch_dag.py took 0.116 seconds
[2025-03-27T16:47:25.023+0000] {processor.py:186} INFO - Started process (PID=1902) to work on /home/airflow/.local/lib/python3.12/site-packages/airflow/example_dags/example_nested_branch_dag.py
[2025-03-27T16:47:25.025+0000] {processor.py:914} INFO - Processing file /home/airflow/.local/lib/python3.12/site-packages/airflow/example_dags/example_nested_branch_dag.py for tasks to queue
[2025-03-27T16:47:25.029+0000] {logging_mixin.py:190} INFO - [2025-03-27T16:47:25.029+0000] {dagbag.py:588} INFO - Filling up the DagBag from /home/airflow/.local/lib/python3.12/site-packages/airflow/example_dags/example_nested_branch_dag.py
[2025-03-27T16:47:25.050+0000] {processor.py:925} INFO - DAG(s) 'example_nested_branch_dag' retrieved from /home/airflow/.local/lib/python3.12/site-packages/airflow/example_dags/example_nested_branch_dag.py
[2025-03-27T16:47:25.079+0000] {logging_mixin.py:190} INFO - [2025-03-27T16:47:25.079+0000] {dag.py:3239} INFO - Sync 1 DAGs
[2025-03-27T16:47:25.111+0000] {logging_mixin.py:190} INFO - [2025-03-27T16:47:25.110+0000] {dag.py:4180} INFO - Setting next_dagrun for example_nested_branch_dag to 2025-03-26 00:00:00+00:00, run_after=2025-03-27 00:00:00+00:00
[2025-03-27T16:47:25.136+0000] {processor.py:208} INFO - Processing /home/airflow/.local/lib/python3.12/site-packages/airflow/example_dags/example_nested_branch_dag.py took 0.124 seconds
[2025-03-27T16:47:55.713+0000] {processor.py:186} INFO - Started process (PID=1966) to work on /home/airflow/.local/lib/python3.12/site-packages/airflow/example_dags/example_nested_branch_dag.py
[2025-03-27T16:47:55.714+0000] {processor.py:914} INFO - Processing file /home/airflow/.local/lib/python3.12/site-packages/airflow/example_dags/example_nested_branch_dag.py for tasks to queue
[2025-03-27T16:47:55.717+0000] {logging_mixin.py:190} INFO - [2025-03-27T16:47:55.716+0000] {dagbag.py:588} INFO - Filling up the DagBag from /home/airflow/.local/lib/python3.12/site-packages/airflow/example_dags/example_nested_branch_dag.py
[2025-03-27T16:47:55.730+0000] {processor.py:925} INFO - DAG(s) 'example_nested_branch_dag' retrieved from /home/airflow/.local/lib/python3.12/site-packages/airflow/example_dags/example_nested_branch_dag.py
[2025-03-27T16:47:55.754+0000] {logging_mixin.py:190} INFO - [2025-03-27T16:47:55.754+0000] {dag.py:3239} INFO - Sync 1 DAGs
[2025-03-27T16:47:55.783+0000] {logging_mixin.py:190} INFO - [2025-03-27T16:47:55.782+0000] {dag.py:4180} INFO - Setting next_dagrun for example_nested_branch_dag to 2025-03-26 00:00:00+00:00, run_after=2025-03-27 00:00:00+00:00
[2025-03-27T16:47:55.804+0000] {processor.py:208} INFO - Processing /home/airflow/.local/lib/python3.12/site-packages/airflow/example_dags/example_nested_branch_dag.py took 0.098 seconds
[2025-03-27T16:48:25.917+0000] {processor.py:186} INFO - Started process (PID=2030) to work on /home/airflow/.local/lib/python3.12/site-packages/airflow/example_dags/example_nested_branch_dag.py
[2025-03-27T16:48:25.919+0000] {processor.py:914} INFO - Processing file /home/airflow/.local/lib/python3.12/site-packages/airflow/example_dags/example_nested_branch_dag.py for tasks to queue
[2025-03-27T16:48:25.923+0000] {logging_mixin.py:190} INFO - [2025-03-27T16:48:25.923+0000] {dagbag.py:588} INFO - Filling up the DagBag from /home/airflow/.local/lib/python3.12/site-packages/airflow/example_dags/example_nested_branch_dag.py
[2025-03-27T16:48:25.940+0000] {processor.py:925} INFO - DAG(s) 'example_nested_branch_dag' retrieved from /home/airflow/.local/lib/python3.12/site-packages/airflow/example_dags/example_nested_branch_dag.py
[2025-03-27T16:48:25.967+0000] {logging_mixin.py:190} INFO - [2025-03-27T16:48:25.967+0000] {dag.py:3239} INFO - Sync 1 DAGs
[2025-03-27T16:48:26.008+0000] {logging_mixin.py:190} INFO - [2025-03-27T16:48:26.008+0000] {dag.py:4180} INFO - Setting next_dagrun for example_nested_branch_dag to 2025-03-26 00:00:00+00:00, run_after=2025-03-27 00:00:00+00:00
[2025-03-27T16:48:26.048+0000] {processor.py:208} INFO - Processing /home/airflow/.local/lib/python3.12/site-packages/airflow/example_dags/example_nested_branch_dag.py took 0.141 seconds
[2025-03-27T16:48:56.156+0000] {processor.py:186} INFO - Started process (PID=2095) to work on /home/airflow/.local/lib/python3.12/site-packages/airflow/example_dags/example_nested_branch_dag.py
[2025-03-27T16:48:56.158+0000] {processor.py:914} INFO - Processing file /home/airflow/.local/lib/python3.12/site-packages/airflow/example_dags/example_nested_branch_dag.py for tasks to queue
[2025-03-27T16:48:56.161+0000] {logging_mixin.py:190} INFO - [2025-03-27T16:48:56.161+0000] {dagbag.py:588} INFO - Filling up the DagBag from /home/airflow/.local/lib/python3.12/site-packages/airflow/example_dags/example_nested_branch_dag.py
[2025-03-27T16:48:56.172+0000] {processor.py:925} INFO - DAG(s) 'example_nested_branch_dag' retrieved from /home/airflow/.local/lib/python3.12/site-packages/airflow/example_dags/example_nested_branch_dag.py
[2025-03-27T16:48:56.195+0000] {logging_mixin.py:190} INFO - [2025-03-27T16:48:56.194+0000] {dag.py:3239} INFO - Sync 1 DAGs
[2025-03-27T16:48:56.223+0000] {logging_mixin.py:190} INFO - [2025-03-27T16:48:56.223+0000] {dag.py:4180} INFO - Setting next_dagrun for example_nested_branch_dag to 2025-03-26 00:00:00+00:00, run_after=2025-03-27 00:00:00+00:00
[2025-03-27T16:48:56.249+0000] {processor.py:208} INFO - Processing /home/airflow/.local/lib/python3.12/site-packages/airflow/example_dags/example_nested_branch_dag.py took 0.101 seconds
[2025-03-27T16:49:26.647+0000] {processor.py:186} INFO - Started process (PID=2160) to work on /home/airflow/.local/lib/python3.12/site-packages/airflow/example_dags/example_nested_branch_dag.py
[2025-03-27T16:49:26.649+0000] {processor.py:914} INFO - Processing file /home/airflow/.local/lib/python3.12/site-packages/airflow/example_dags/example_nested_branch_dag.py for tasks to queue
[2025-03-27T16:49:26.651+0000] {logging_mixin.py:190} INFO - [2025-03-27T16:49:26.651+0000] {dagbag.py:588} INFO - Filling up the DagBag from /home/airflow/.local/lib/python3.12/site-packages/airflow/example_dags/example_nested_branch_dag.py
[2025-03-27T16:49:26.664+0000] {processor.py:925} INFO - DAG(s) 'example_nested_branch_dag' retrieved from /home/airflow/.local/lib/python3.12/site-packages/airflow/example_dags/example_nested_branch_dag.py
[2025-03-27T16:49:26.688+0000] {logging_mixin.py:190} INFO - [2025-03-27T16:49:26.688+0000] {dag.py:3239} INFO - Sync 1 DAGs
[2025-03-27T16:49:26.712+0000] {logging_mixin.py:190} INFO - [2025-03-27T16:49:26.711+0000] {dag.py:4180} INFO - Setting next_dagrun for example_nested_branch_dag to 2025-03-26 00:00:00+00:00, run_after=2025-03-27 00:00:00+00:00
[2025-03-27T16:49:26.733+0000] {processor.py:208} INFO - Processing /home/airflow/.local/lib/python3.12/site-packages/airflow/example_dags/example_nested_branch_dag.py took 0.093 seconds
[2025-03-27T16:49:57.304+0000] {processor.py:186} INFO - Started process (PID=2225) to work on /home/airflow/.local/lib/python3.12/site-packages/airflow/example_dags/example_nested_branch_dag.py
[2025-03-27T16:49:57.307+0000] {processor.py:914} INFO - Processing file /home/airflow/.local/lib/python3.12/site-packages/airflow/example_dags/example_nested_branch_dag.py for tasks to queue
[2025-03-27T16:49:57.312+0000] {logging_mixin.py:190} INFO - [2025-03-27T16:49:57.311+0000] {dagbag.py:588} INFO - Filling up the DagBag from /home/airflow/.local/lib/python3.12/site-packages/airflow/example_dags/example_nested_branch_dag.py
[2025-03-27T16:49:57.331+0000] {processor.py:925} INFO - DAG(s) 'example_nested_branch_dag' retrieved from /home/airflow/.local/lib/python3.12/site-packages/airflow/example_dags/example_nested_branch_dag.py
[2025-03-27T16:49:57.363+0000] {logging_mixin.py:190} INFO - [2025-03-27T16:49:57.363+0000] {dag.py:3239} INFO - Sync 1 DAGs
[2025-03-27T16:49:57.387+0000] {logging_mixin.py:190} INFO - [2025-03-27T16:49:57.387+0000] {dag.py:4180} INFO - Setting next_dagrun for example_nested_branch_dag to 2025-03-26 00:00:00+00:00, run_after=2025-03-27 00:00:00+00:00
[2025-03-27T16:49:57.409+0000] {processor.py:208} INFO - Processing /home/airflow/.local/lib/python3.12/site-packages/airflow/example_dags/example_nested_branch_dag.py took 0.119 seconds
[2025-03-27T16:50:28.516+0000] {processor.py:186} INFO - Started process (PID=2290) to work on /home/airflow/.local/lib/python3.12/site-packages/airflow/example_dags/example_nested_branch_dag.py
[2025-03-27T16:50:28.520+0000] {processor.py:914} INFO - Processing file /home/airflow/.local/lib/python3.12/site-packages/airflow/example_dags/example_nested_branch_dag.py for tasks to queue
[2025-03-27T16:50:28.528+0000] {logging_mixin.py:190} INFO - [2025-03-27T16:50:28.527+0000] {dagbag.py:588} INFO - Filling up the DagBag from /home/airflow/.local/lib/python3.12/site-packages/airflow/example_dags/example_nested_branch_dag.py
[2025-03-27T16:50:28.568+0000] {processor.py:925} INFO - DAG(s) 'example_nested_branch_dag' retrieved from /home/airflow/.local/lib/python3.12/site-packages/airflow/example_dags/example_nested_branch_dag.py
[2025-03-27T16:50:28.629+0000] {logging_mixin.py:190} INFO - [2025-03-27T16:50:28.629+0000] {dag.py:3239} INFO - Sync 1 DAGs
[2025-03-27T16:50:28.687+0000] {logging_mixin.py:190} INFO - [2025-03-27T16:50:28.687+0000] {dag.py:4180} INFO - Setting next_dagrun for example_nested_branch_dag to 2025-03-26 00:00:00+00:00, run_after=2025-03-27 00:00:00+00:00
[2025-03-27T16:50:28.728+0000] {processor.py:208} INFO - Processing /home/airflow/.local/lib/python3.12/site-packages/airflow/example_dags/example_nested_branch_dag.py took 0.232 seconds
[2025-03-27T16:50:59.211+0000] {processor.py:186} INFO - Started process (PID=2360) to work on /home/airflow/.local/lib/python3.12/site-packages/airflow/example_dags/example_nested_branch_dag.py
[2025-03-27T16:50:59.215+0000] {processor.py:914} INFO - Processing file /home/airflow/.local/lib/python3.12/site-packages/airflow/example_dags/example_nested_branch_dag.py for tasks to queue
[2025-03-27T16:50:59.219+0000] {logging_mixin.py:190} INFO - [2025-03-27T16:50:59.219+0000] {dagbag.py:588} INFO - Filling up the DagBag from /home/airflow/.local/lib/python3.12/site-packages/airflow/example_dags/example_nested_branch_dag.py
[2025-03-27T16:50:59.242+0000] {processor.py:925} INFO - DAG(s) 'example_nested_branch_dag' retrieved from /home/airflow/.local/lib/python3.12/site-packages/airflow/example_dags/example_nested_branch_dag.py
[2025-03-27T16:50:59.272+0000] {logging_mixin.py:190} INFO - [2025-03-27T16:50:59.271+0000] {dag.py:3239} INFO - Sync 1 DAGs
[2025-03-27T16:50:59.314+0000] {logging_mixin.py:190} INFO - [2025-03-27T16:50:59.314+0000] {dag.py:4180} INFO - Setting next_dagrun for example_nested_branch_dag to 2025-03-26 00:00:00+00:00, run_after=2025-03-27 00:00:00+00:00
[2025-03-27T16:50:59.351+0000] {processor.py:208} INFO - Processing /home/airflow/.local/lib/python3.12/site-packages/airflow/example_dags/example_nested_branch_dag.py took 0.150 seconds
[2025-03-27T16:51:29.730+0000] {processor.py:186} INFO - Started process (PID=2425) to work on /home/airflow/.local/lib/python3.12/site-packages/airflow/example_dags/example_nested_branch_dag.py
[2025-03-27T16:51:29.732+0000] {processor.py:914} INFO - Processing file /home/airflow/.local/lib/python3.12/site-packages/airflow/example_dags/example_nested_branch_dag.py for tasks to queue
[2025-03-27T16:51:29.736+0000] {logging_mixin.py:190} INFO - [2025-03-27T16:51:29.736+0000] {dagbag.py:588} INFO - Filling up the DagBag from /home/airflow/.local/lib/python3.12/site-packages/airflow/example_dags/example_nested_branch_dag.py
[2025-03-27T16:51:29.760+0000] {processor.py:925} INFO - DAG(s) 'example_nested_branch_dag' retrieved from /home/airflow/.local/lib/python3.12/site-packages/airflow/example_dags/example_nested_branch_dag.py
[2025-03-27T16:51:29.803+0000] {logging_mixin.py:190} INFO - [2025-03-27T16:51:29.803+0000] {dag.py:3239} INFO - Sync 1 DAGs
[2025-03-27T16:51:29.833+0000] {logging_mixin.py:190} INFO - [2025-03-27T16:51:29.833+0000] {dag.py:4180} INFO - Setting next_dagrun for example_nested_branch_dag to 2025-03-26 00:00:00+00:00, run_after=2025-03-27 00:00:00+00:00
[2025-03-27T16:51:29.858+0000] {processor.py:208} INFO - Processing /home/airflow/.local/lib/python3.12/site-packages/airflow/example_dags/example_nested_branch_dag.py took 0.134 seconds
[2025-03-27T16:53:01.624+0000] {processor.py:186} INFO - Started process (PID=101) to work on /home/airflow/.local/lib/python3.12/site-packages/airflow/example_dags/example_nested_branch_dag.py
[2025-03-27T16:53:01.626+0000] {processor.py:914} INFO - Processing file /home/airflow/.local/lib/python3.12/site-packages/airflow/example_dags/example_nested_branch_dag.py for tasks to queue
[2025-03-27T16:53:01.631+0000] {logging_mixin.py:190} INFO - [2025-03-27T16:53:01.630+0000] {dagbag.py:588} INFO - Filling up the DagBag from /home/airflow/.local/lib/python3.12/site-packages/airflow/example_dags/example_nested_branch_dag.py
[2025-03-27T16:53:01.644+0000] {processor.py:925} INFO - DAG(s) 'example_nested_branch_dag' retrieved from /home/airflow/.local/lib/python3.12/site-packages/airflow/example_dags/example_nested_branch_dag.py
[2025-03-27T16:53:01.673+0000] {logging_mixin.py:190} INFO - [2025-03-27T16:53:01.673+0000] {dag.py:3239} INFO - Sync 1 DAGs
[2025-03-27T16:53:01.703+0000] {logging_mixin.py:190} INFO - [2025-03-27T16:53:01.702+0000] {dag.py:4180} INFO - Setting next_dagrun for example_nested_branch_dag to 2025-03-26 00:00:00+00:00, run_after=2025-03-27 00:00:00+00:00
[2025-03-27T16:53:01.727+0000] {processor.py:208} INFO - Processing /home/airflow/.local/lib/python3.12/site-packages/airflow/example_dags/example_nested_branch_dag.py took 0.111 seconds
