[2025-03-27T16:33:05.649+0000] {processor.py:186} INFO - Started process (PID=99) to work on /home/airflow/.local/lib/python3.12/site-packages/airflow/example_dags/example_python_decorator.py
[2025-03-27T16:33:05.650+0000] {processor.py:914} INFO - Processing file /home/airflow/.local/lib/python3.12/site-packages/airflow/example_dags/example_python_decorator.py for tasks to queue
[2025-03-27T16:33:05.653+0000] {logging_mixin.py:190} INFO - [2025-03-27T16:33:05.653+0000] {dagbag.py:588} INFO - Filling up the DagBag from /home/airflow/.local/lib/python3.12/site-packages/airflow/example_dags/example_python_decorator.py
[2025-03-27T16:33:05.671+0000] {processor.py:925} INFO - DAG(s) 'example_python_decorator' retrieved from /home/airflow/.local/lib/python3.12/site-packages/airflow/example_dags/example_python_decorator.py
[2025-03-27T16:33:05.795+0000] {logging_mixin.py:190} INFO - [2025-03-27T16:33:05.794+0000] {override.py:1912} INFO - Created Permission View: can read on DAG:example_python_decorator
[2025-03-27T16:33:05.808+0000] {logging_mixin.py:190} INFO - [2025-03-27T16:33:05.808+0000] {override.py:1912} INFO - Created Permission View: can delete on DAG:example_python_decorator
[2025-03-27T16:33:05.816+0000] {logging_mixin.py:190} INFO - [2025-03-27T16:33:05.816+0000] {override.py:1912} INFO - Created Permission View: can edit on DAG:example_python_decorator
[2025-03-27T16:33:05.823+0000] {logging_mixin.py:190} INFO - [2025-03-27T16:33:05.823+0000] {override.py:1912} INFO - Created Permission View: can read on DAG Run:example_python_decorator
[2025-03-27T16:33:05.834+0000] {logging_mixin.py:190} INFO - [2025-03-27T16:33:05.833+0000] {override.py:1912} INFO - Created Permission View: menu access on DAG Run:example_python_decorator
[2025-03-27T16:33:05.845+0000] {logging_mixin.py:190} INFO - [2025-03-27T16:33:05.845+0000] {override.py:1912} INFO - Created Permission View: can create on DAG Run:example_python_decorator
[2025-03-27T16:33:05.853+0000] {logging_mixin.py:190} INFO - [2025-03-27T16:33:05.853+0000] {override.py:1912} INFO - Created Permission View: can delete on DAG Run:example_python_decorator
[2025-03-27T16:33:05.854+0000] {logging_mixin.py:190} INFO - [2025-03-27T16:33:05.854+0000] {dag.py:3239} INFO - Sync 1 DAGs
[2025-03-27T16:33:05.882+0000] {logging_mixin.py:190} INFO - [2025-03-27T16:33:05.882+0000] {dag.py:3262} INFO - Creating ORM DAG for example_python_decorator
[2025-03-27T16:33:05.884+0000] {logging_mixin.py:190} INFO - [2025-03-27T16:33:05.884+0000] {dag.py:4180} INFO - Setting next_dagrun for example_python_decorator to None, run_after=None
[2025-03-27T16:33:05.927+0000] {processor.py:208} INFO - Processing /home/airflow/.local/lib/python3.12/site-packages/airflow/example_dags/example_python_decorator.py took 0.283 seconds
[2025-03-27T16:33:36.008+0000] {processor.py:186} INFO - Started process (PID=162) to work on /home/airflow/.local/lib/python3.12/site-packages/airflow/example_dags/example_python_decorator.py
[2025-03-27T16:33:36.010+0000] {processor.py:914} INFO - Processing file /home/airflow/.local/lib/python3.12/site-packages/airflow/example_dags/example_python_decorator.py for tasks to queue
[2025-03-27T16:33:36.013+0000] {logging_mixin.py:190} INFO - [2025-03-27T16:33:36.012+0000] {dagbag.py:588} INFO - Filling up the DagBag from /home/airflow/.local/lib/python3.12/site-packages/airflow/example_dags/example_python_decorator.py
[2025-03-27T16:33:36.036+0000] {processor.py:925} INFO - DAG(s) 'example_python_decorator' retrieved from /home/airflow/.local/lib/python3.12/site-packages/airflow/example_dags/example_python_decorator.py
[2025-03-27T16:33:36.064+0000] {logging_mixin.py:190} INFO - [2025-03-27T16:33:36.064+0000] {dag.py:3239} INFO - Sync 1 DAGs
[2025-03-27T16:33:36.085+0000] {logging_mixin.py:190} INFO - [2025-03-27T16:33:36.084+0000] {dag.py:4180} INFO - Setting next_dagrun for example_python_decorator to None, run_after=None
[2025-03-27T16:33:36.111+0000] {processor.py:208} INFO - Processing /home/airflow/.local/lib/python3.12/site-packages/airflow/example_dags/example_python_decorator.py took 0.114 seconds
[2025-03-27T16:34:07.436+0000] {processor.py:186} INFO - Started process (PID=225) to work on /home/airflow/.local/lib/python3.12/site-packages/airflow/example_dags/example_python_decorator.py
[2025-03-27T16:34:07.438+0000] {processor.py:914} INFO - Processing file /home/airflow/.local/lib/python3.12/site-packages/airflow/example_dags/example_python_decorator.py for tasks to queue
[2025-03-27T16:34:07.441+0000] {logging_mixin.py:190} INFO - [2025-03-27T16:34:07.440+0000] {dagbag.py:588} INFO - Filling up the DagBag from /home/airflow/.local/lib/python3.12/site-packages/airflow/example_dags/example_python_decorator.py
[2025-03-27T16:34:07.458+0000] {processor.py:925} INFO - DAG(s) 'example_python_decorator' retrieved from /home/airflow/.local/lib/python3.12/site-packages/airflow/example_dags/example_python_decorator.py
[2025-03-27T16:34:07.491+0000] {logging_mixin.py:190} INFO - [2025-03-27T16:34:07.490+0000] {dag.py:3239} INFO - Sync 1 DAGs
[2025-03-27T16:34:07.524+0000] {logging_mixin.py:190} INFO - [2025-03-27T16:34:07.524+0000] {dag.py:4180} INFO - Setting next_dagrun for example_python_decorator to None, run_after=None
[2025-03-27T16:34:07.558+0000] {processor.py:208} INFO - Processing /home/airflow/.local/lib/python3.12/site-packages/airflow/example_dags/example_python_decorator.py took 0.129 seconds
[2025-03-27T16:34:39.018+0000] {processor.py:186} INFO - Started process (PID=288) to work on /home/airflow/.local/lib/python3.12/site-packages/airflow/example_dags/example_python_decorator.py
[2025-03-27T16:34:39.020+0000] {processor.py:914} INFO - Processing file /home/airflow/.local/lib/python3.12/site-packages/airflow/example_dags/example_python_decorator.py for tasks to queue
[2025-03-27T16:34:39.026+0000] {logging_mixin.py:190} INFO - [2025-03-27T16:34:39.025+0000] {dagbag.py:588} INFO - Filling up the DagBag from /home/airflow/.local/lib/python3.12/site-packages/airflow/example_dags/example_python_decorator.py
[2025-03-27T16:34:39.049+0000] {processor.py:925} INFO - DAG(s) 'example_python_decorator' retrieved from /home/airflow/.local/lib/python3.12/site-packages/airflow/example_dags/example_python_decorator.py
[2025-03-27T16:34:39.089+0000] {logging_mixin.py:190} INFO - [2025-03-27T16:34:39.089+0000] {dag.py:3239} INFO - Sync 1 DAGs
[2025-03-27T16:34:39.116+0000] {logging_mixin.py:190} INFO - [2025-03-27T16:34:39.116+0000] {dag.py:4180} INFO - Setting next_dagrun for example_python_decorator to None, run_after=None
[2025-03-27T16:34:39.178+0000] {processor.py:208} INFO - Processing /home/airflow/.local/lib/python3.12/site-packages/airflow/example_dags/example_python_decorator.py took 0.169 seconds
[2025-03-27T16:35:10.316+0000] {processor.py:186} INFO - Started process (PID=351) to work on /home/airflow/.local/lib/python3.12/site-packages/airflow/example_dags/example_python_decorator.py
[2025-03-27T16:35:10.318+0000] {processor.py:914} INFO - Processing file /home/airflow/.local/lib/python3.12/site-packages/airflow/example_dags/example_python_decorator.py for tasks to queue
[2025-03-27T16:35:10.322+0000] {logging_mixin.py:190} INFO - [2025-03-27T16:35:10.321+0000] {dagbag.py:588} INFO - Filling up the DagBag from /home/airflow/.local/lib/python3.12/site-packages/airflow/example_dags/example_python_decorator.py
[2025-03-27T16:35:10.354+0000] {processor.py:925} INFO - DAG(s) 'example_python_decorator' retrieved from /home/airflow/.local/lib/python3.12/site-packages/airflow/example_dags/example_python_decorator.py
[2025-03-27T16:35:10.382+0000] {logging_mixin.py:190} INFO - [2025-03-27T16:35:10.382+0000] {dag.py:3239} INFO - Sync 1 DAGs
[2025-03-27T16:35:10.400+0000] {logging_mixin.py:190} INFO - [2025-03-27T16:35:10.399+0000] {dag.py:4180} INFO - Setting next_dagrun for example_python_decorator to None, run_after=None
[2025-03-27T16:35:10.419+0000] {processor.py:208} INFO - Processing /home/airflow/.local/lib/python3.12/site-packages/airflow/example_dags/example_python_decorator.py took 0.111 seconds
[2025-03-27T16:35:40.980+0000] {processor.py:186} INFO - Started process (PID=415) to work on /home/airflow/.local/lib/python3.12/site-packages/airflow/example_dags/example_python_decorator.py
[2025-03-27T16:35:40.983+0000] {processor.py:914} INFO - Processing file /home/airflow/.local/lib/python3.12/site-packages/airflow/example_dags/example_python_decorator.py for tasks to queue
[2025-03-27T16:35:40.985+0000] {logging_mixin.py:190} INFO - [2025-03-27T16:35:40.985+0000] {dagbag.py:588} INFO - Filling up the DagBag from /home/airflow/.local/lib/python3.12/site-packages/airflow/example_dags/example_python_decorator.py
[2025-03-27T16:35:41.014+0000] {processor.py:925} INFO - DAG(s) 'example_python_decorator' retrieved from /home/airflow/.local/lib/python3.12/site-packages/airflow/example_dags/example_python_decorator.py
[2025-03-27T16:35:41.045+0000] {logging_mixin.py:190} INFO - [2025-03-27T16:35:41.045+0000] {dag.py:3239} INFO - Sync 1 DAGs
[2025-03-27T16:35:41.059+0000] {logging_mixin.py:190} INFO - [2025-03-27T16:35:41.059+0000] {dag.py:4180} INFO - Setting next_dagrun for example_python_decorator to None, run_after=None
[2025-03-27T16:35:41.078+0000] {processor.py:208} INFO - Processing /home/airflow/.local/lib/python3.12/site-packages/airflow/example_dags/example_python_decorator.py took 0.109 seconds
[2025-03-27T16:36:11.239+0000] {processor.py:186} INFO - Started process (PID=477) to work on /home/airflow/.local/lib/python3.12/site-packages/airflow/example_dags/example_python_decorator.py
[2025-03-27T16:36:11.241+0000] {processor.py:914} INFO - Processing file /home/airflow/.local/lib/python3.12/site-packages/airflow/example_dags/example_python_decorator.py for tasks to queue
[2025-03-27T16:36:11.249+0000] {logging_mixin.py:190} INFO - [2025-03-27T16:36:11.248+0000] {dagbag.py:588} INFO - Filling up the DagBag from /home/airflow/.local/lib/python3.12/site-packages/airflow/example_dags/example_python_decorator.py
[2025-03-27T16:36:11.285+0000] {processor.py:925} INFO - DAG(s) 'example_python_decorator' retrieved from /home/airflow/.local/lib/python3.12/site-packages/airflow/example_dags/example_python_decorator.py
[2025-03-27T16:36:11.346+0000] {logging_mixin.py:190} INFO - [2025-03-27T16:36:11.345+0000] {dag.py:3239} INFO - Sync 1 DAGs
[2025-03-27T16:36:11.398+0000] {logging_mixin.py:190} INFO - [2025-03-27T16:36:11.397+0000] {dag.py:4180} INFO - Setting next_dagrun for example_python_decorator to None, run_after=None
[2025-03-27T16:36:11.447+0000] {processor.py:208} INFO - Processing /home/airflow/.local/lib/python3.12/site-packages/airflow/example_dags/example_python_decorator.py took 0.221 seconds
[2025-03-27T16:36:41.621+0000] {processor.py:186} INFO - Started process (PID=540) to work on /home/airflow/.local/lib/python3.12/site-packages/airflow/example_dags/example_python_decorator.py
[2025-03-27T16:36:41.623+0000] {processor.py:914} INFO - Processing file /home/airflow/.local/lib/python3.12/site-packages/airflow/example_dags/example_python_decorator.py for tasks to queue
[2025-03-27T16:36:41.625+0000] {logging_mixin.py:190} INFO - [2025-03-27T16:36:41.625+0000] {dagbag.py:588} INFO - Filling up the DagBag from /home/airflow/.local/lib/python3.12/site-packages/airflow/example_dags/example_python_decorator.py
[2025-03-27T16:36:41.644+0000] {processor.py:925} INFO - DAG(s) 'example_python_decorator' retrieved from /home/airflow/.local/lib/python3.12/site-packages/airflow/example_dags/example_python_decorator.py
[2025-03-27T16:36:41.673+0000] {logging_mixin.py:190} INFO - [2025-03-27T16:36:41.673+0000] {dag.py:3239} INFO - Sync 1 DAGs
[2025-03-27T16:36:41.691+0000] {logging_mixin.py:190} INFO - [2025-03-27T16:36:41.690+0000] {dag.py:4180} INFO - Setting next_dagrun for example_python_decorator to None, run_after=None
[2025-03-27T16:36:41.730+0000] {processor.py:208} INFO - Processing /home/airflow/.local/lib/python3.12/site-packages/airflow/example_dags/example_python_decorator.py took 0.116 seconds
[2025-03-27T16:37:12.158+0000] {processor.py:186} INFO - Started process (PID=603) to work on /home/airflow/.local/lib/python3.12/site-packages/airflow/example_dags/example_python_decorator.py
[2025-03-27T16:37:12.159+0000] {processor.py:914} INFO - Processing file /home/airflow/.local/lib/python3.12/site-packages/airflow/example_dags/example_python_decorator.py for tasks to queue
[2025-03-27T16:37:12.162+0000] {logging_mixin.py:190} INFO - [2025-03-27T16:37:12.162+0000] {dagbag.py:588} INFO - Filling up the DagBag from /home/airflow/.local/lib/python3.12/site-packages/airflow/example_dags/example_python_decorator.py
[2025-03-27T16:37:12.178+0000] {processor.py:925} INFO - DAG(s) 'example_python_decorator' retrieved from /home/airflow/.local/lib/python3.12/site-packages/airflow/example_dags/example_python_decorator.py
[2025-03-27T16:37:12.221+0000] {logging_mixin.py:190} INFO - [2025-03-27T16:37:12.221+0000] {dag.py:3239} INFO - Sync 1 DAGs
[2025-03-27T16:37:12.242+0000] {logging_mixin.py:190} INFO - [2025-03-27T16:37:12.241+0000] {dag.py:4180} INFO - Setting next_dagrun for example_python_decorator to None, run_after=None
[2025-03-27T16:37:12.271+0000] {processor.py:208} INFO - Processing /home/airflow/.local/lib/python3.12/site-packages/airflow/example_dags/example_python_decorator.py took 0.120 seconds
[2025-03-27T16:37:42.738+0000] {processor.py:186} INFO - Started process (PID=666) to work on /home/airflow/.local/lib/python3.12/site-packages/airflow/example_dags/example_python_decorator.py
[2025-03-27T16:37:42.740+0000] {processor.py:914} INFO - Processing file /home/airflow/.local/lib/python3.12/site-packages/airflow/example_dags/example_python_decorator.py for tasks to queue
[2025-03-27T16:37:42.744+0000] {logging_mixin.py:190} INFO - [2025-03-27T16:37:42.743+0000] {dagbag.py:588} INFO - Filling up the DagBag from /home/airflow/.local/lib/python3.12/site-packages/airflow/example_dags/example_python_decorator.py
[2025-03-27T16:37:42.763+0000] {processor.py:925} INFO - DAG(s) 'example_python_decorator' retrieved from /home/airflow/.local/lib/python3.12/site-packages/airflow/example_dags/example_python_decorator.py
[2025-03-27T16:37:42.793+0000] {logging_mixin.py:190} INFO - [2025-03-27T16:37:42.793+0000] {dag.py:3239} INFO - Sync 1 DAGs
[2025-03-27T16:37:42.818+0000] {logging_mixin.py:190} INFO - [2025-03-27T16:37:42.818+0000] {dag.py:4180} INFO - Setting next_dagrun for example_python_decorator to None, run_after=None
[2025-03-27T16:37:42.861+0000] {processor.py:208} INFO - Processing /home/airflow/.local/lib/python3.12/site-packages/airflow/example_dags/example_python_decorator.py took 0.132 seconds
[2025-03-27T16:38:13.138+0000] {processor.py:186} INFO - Started process (PID=731) to work on /home/airflow/.local/lib/python3.12/site-packages/airflow/example_dags/example_python_decorator.py
[2025-03-27T16:38:13.140+0000] {processor.py:914} INFO - Processing file /home/airflow/.local/lib/python3.12/site-packages/airflow/example_dags/example_python_decorator.py for tasks to queue
[2025-03-27T16:38:13.145+0000] {logging_mixin.py:190} INFO - [2025-03-27T16:38:13.144+0000] {dagbag.py:588} INFO - Filling up the DagBag from /home/airflow/.local/lib/python3.12/site-packages/airflow/example_dags/example_python_decorator.py
[2025-03-27T16:38:13.160+0000] {processor.py:925} INFO - DAG(s) 'example_python_decorator' retrieved from /home/airflow/.local/lib/python3.12/site-packages/airflow/example_dags/example_python_decorator.py
[2025-03-27T16:38:13.185+0000] {logging_mixin.py:190} INFO - [2025-03-27T16:38:13.185+0000] {dag.py:3239} INFO - Sync 1 DAGs
[2025-03-27T16:38:13.201+0000] {logging_mixin.py:190} INFO - [2025-03-27T16:38:13.200+0000] {dag.py:4180} INFO - Setting next_dagrun for example_python_decorator to None, run_after=None
[2025-03-27T16:38:13.258+0000] {processor.py:208} INFO - Processing /home/airflow/.local/lib/python3.12/site-packages/airflow/example_dags/example_python_decorator.py took 0.126 seconds
[2025-03-27T16:38:43.997+0000] {processor.py:186} INFO - Started process (PID=796) to work on /home/airflow/.local/lib/python3.12/site-packages/airflow/example_dags/example_python_decorator.py
[2025-03-27T16:38:43.999+0000] {processor.py:914} INFO - Processing file /home/airflow/.local/lib/python3.12/site-packages/airflow/example_dags/example_python_decorator.py for tasks to queue
[2025-03-27T16:38:44.006+0000] {logging_mixin.py:190} INFO - [2025-03-27T16:38:44.006+0000] {dagbag.py:588} INFO - Filling up the DagBag from /home/airflow/.local/lib/python3.12/site-packages/airflow/example_dags/example_python_decorator.py
[2025-03-27T16:38:44.028+0000] {processor.py:925} INFO - DAG(s) 'example_python_decorator' retrieved from /home/airflow/.local/lib/python3.12/site-packages/airflow/example_dags/example_python_decorator.py
[2025-03-27T16:38:44.053+0000] {logging_mixin.py:190} INFO - [2025-03-27T16:38:44.052+0000] {dag.py:3239} INFO - Sync 1 DAGs
[2025-03-27T16:38:44.068+0000] {logging_mixin.py:190} INFO - [2025-03-27T16:38:44.067+0000] {dag.py:4180} INFO - Setting next_dagrun for example_python_decorator to None, run_after=None
[2025-03-27T16:38:44.088+0000] {processor.py:208} INFO - Processing /home/airflow/.local/lib/python3.12/site-packages/airflow/example_dags/example_python_decorator.py took 0.102 seconds
[2025-03-27T16:39:14.631+0000] {processor.py:186} INFO - Started process (PID=861) to work on /home/airflow/.local/lib/python3.12/site-packages/airflow/example_dags/example_python_decorator.py
[2025-03-27T16:39:14.633+0000] {processor.py:914} INFO - Processing file /home/airflow/.local/lib/python3.12/site-packages/airflow/example_dags/example_python_decorator.py for tasks to queue
[2025-03-27T16:39:14.635+0000] {logging_mixin.py:190} INFO - [2025-03-27T16:39:14.635+0000] {dagbag.py:588} INFO - Filling up the DagBag from /home/airflow/.local/lib/python3.12/site-packages/airflow/example_dags/example_python_decorator.py
[2025-03-27T16:39:14.655+0000] {processor.py:925} INFO - DAG(s) 'example_python_decorator' retrieved from /home/airflow/.local/lib/python3.12/site-packages/airflow/example_dags/example_python_decorator.py
[2025-03-27T16:39:14.681+0000] {logging_mixin.py:190} INFO - [2025-03-27T16:39:14.681+0000] {dag.py:3239} INFO - Sync 1 DAGs
[2025-03-27T16:39:14.704+0000] {logging_mixin.py:190} INFO - [2025-03-27T16:39:14.704+0000] {dag.py:4180} INFO - Setting next_dagrun for example_python_decorator to None, run_after=None
[2025-03-27T16:39:14.727+0000] {processor.py:208} INFO - Processing /home/airflow/.local/lib/python3.12/site-packages/airflow/example_dags/example_python_decorator.py took 0.105 seconds
[2025-03-27T16:39:45.379+0000] {processor.py:186} INFO - Started process (PID=926) to work on /home/airflow/.local/lib/python3.12/site-packages/airflow/example_dags/example_python_decorator.py
[2025-03-27T16:39:45.380+0000] {processor.py:914} INFO - Processing file /home/airflow/.local/lib/python3.12/site-packages/airflow/example_dags/example_python_decorator.py for tasks to queue
[2025-03-27T16:39:45.382+0000] {logging_mixin.py:190} INFO - [2025-03-27T16:39:45.382+0000] {dagbag.py:588} INFO - Filling up the DagBag from /home/airflow/.local/lib/python3.12/site-packages/airflow/example_dags/example_python_decorator.py
[2025-03-27T16:39:45.398+0000] {processor.py:925} INFO - DAG(s) 'example_python_decorator' retrieved from /home/airflow/.local/lib/python3.12/site-packages/airflow/example_dags/example_python_decorator.py
[2025-03-27T16:39:45.435+0000] {logging_mixin.py:190} INFO - [2025-03-27T16:39:45.435+0000] {dag.py:3239} INFO - Sync 1 DAGs
[2025-03-27T16:39:45.464+0000] {logging_mixin.py:190} INFO - [2025-03-27T16:39:45.463+0000] {dag.py:4180} INFO - Setting next_dagrun for example_python_decorator to None, run_after=None
[2025-03-27T16:39:45.530+0000] {processor.py:208} INFO - Processing /home/airflow/.local/lib/python3.12/site-packages/airflow/example_dags/example_python_decorator.py took 0.164 seconds
[2025-03-27T16:40:16.266+0000] {processor.py:186} INFO - Started process (PID=991) to work on /home/airflow/.local/lib/python3.12/site-packages/airflow/example_dags/example_python_decorator.py
[2025-03-27T16:40:16.268+0000] {processor.py:914} INFO - Processing file /home/airflow/.local/lib/python3.12/site-packages/airflow/example_dags/example_python_decorator.py for tasks to queue
[2025-03-27T16:40:16.279+0000] {logging_mixin.py:190} INFO - [2025-03-27T16:40:16.278+0000] {dagbag.py:588} INFO - Filling up the DagBag from /home/airflow/.local/lib/python3.12/site-packages/airflow/example_dags/example_python_decorator.py
[2025-03-27T16:40:16.294+0000] {processor.py:925} INFO - DAG(s) 'example_python_decorator' retrieved from /home/airflow/.local/lib/python3.12/site-packages/airflow/example_dags/example_python_decorator.py
[2025-03-27T16:40:16.330+0000] {logging_mixin.py:190} INFO - [2025-03-27T16:40:16.329+0000] {dag.py:3239} INFO - Sync 1 DAGs
[2025-03-27T16:40:16.350+0000] {logging_mixin.py:190} INFO - [2025-03-27T16:40:16.350+0000] {dag.py:4180} INFO - Setting next_dagrun for example_python_decorator to None, run_after=None
[2025-03-27T16:40:16.381+0000] {processor.py:208} INFO - Processing /home/airflow/.local/lib/python3.12/site-packages/airflow/example_dags/example_python_decorator.py took 0.124 seconds
[2025-03-27T16:40:46.480+0000] {processor.py:186} INFO - Started process (PID=1056) to work on /home/airflow/.local/lib/python3.12/site-packages/airflow/example_dags/example_python_decorator.py
[2025-03-27T16:40:46.482+0000] {processor.py:914} INFO - Processing file /home/airflow/.local/lib/python3.12/site-packages/airflow/example_dags/example_python_decorator.py for tasks to queue
[2025-03-27T16:40:46.486+0000] {logging_mixin.py:190} INFO - [2025-03-27T16:40:46.485+0000] {dagbag.py:588} INFO - Filling up the DagBag from /home/airflow/.local/lib/python3.12/site-packages/airflow/example_dags/example_python_decorator.py
[2025-03-27T16:40:46.509+0000] {processor.py:925} INFO - DAG(s) 'example_python_decorator' retrieved from /home/airflow/.local/lib/python3.12/site-packages/airflow/example_dags/example_python_decorator.py
[2025-03-27T16:40:46.547+0000] {logging_mixin.py:190} INFO - [2025-03-27T16:40:46.547+0000] {dag.py:3239} INFO - Sync 1 DAGs
[2025-03-27T16:40:46.573+0000] {logging_mixin.py:190} INFO - [2025-03-27T16:40:46.573+0000] {dag.py:4180} INFO - Setting next_dagrun for example_python_decorator to None, run_after=None
[2025-03-27T16:40:46.600+0000] {processor.py:208} INFO - Processing /home/airflow/.local/lib/python3.12/site-packages/airflow/example_dags/example_python_decorator.py took 0.128 seconds
[2025-03-27T16:41:16.939+0000] {processor.py:186} INFO - Started process (PID=1121) to work on /home/airflow/.local/lib/python3.12/site-packages/airflow/example_dags/example_python_decorator.py
[2025-03-27T16:41:16.940+0000] {processor.py:914} INFO - Processing file /home/airflow/.local/lib/python3.12/site-packages/airflow/example_dags/example_python_decorator.py for tasks to queue
[2025-03-27T16:41:16.942+0000] {logging_mixin.py:190} INFO - [2025-03-27T16:41:16.942+0000] {dagbag.py:588} INFO - Filling up the DagBag from /home/airflow/.local/lib/python3.12/site-packages/airflow/example_dags/example_python_decorator.py
[2025-03-27T16:41:16.958+0000] {processor.py:925} INFO - DAG(s) 'example_python_decorator' retrieved from /home/airflow/.local/lib/python3.12/site-packages/airflow/example_dags/example_python_decorator.py
[2025-03-27T16:41:16.986+0000] {logging_mixin.py:190} INFO - [2025-03-27T16:41:16.986+0000] {dag.py:3239} INFO - Sync 1 DAGs
[2025-03-27T16:41:17.002+0000] {logging_mixin.py:190} INFO - [2025-03-27T16:41:17.002+0000] {dag.py:4180} INFO - Setting next_dagrun for example_python_decorator to None, run_after=None
[2025-03-27T16:41:17.025+0000] {processor.py:208} INFO - Processing /home/airflow/.local/lib/python3.12/site-packages/airflow/example_dags/example_python_decorator.py took 0.093 seconds
[2025-03-27T16:41:48.239+0000] {processor.py:186} INFO - Started process (PID=1187) to work on /home/airflow/.local/lib/python3.12/site-packages/airflow/example_dags/example_python_decorator.py
[2025-03-27T16:41:48.241+0000] {processor.py:914} INFO - Processing file /home/airflow/.local/lib/python3.12/site-packages/airflow/example_dags/example_python_decorator.py for tasks to queue
[2025-03-27T16:41:48.247+0000] {logging_mixin.py:190} INFO - [2025-03-27T16:41:48.246+0000] {dagbag.py:588} INFO - Filling up the DagBag from /home/airflow/.local/lib/python3.12/site-packages/airflow/example_dags/example_python_decorator.py
[2025-03-27T16:41:48.275+0000] {processor.py:925} INFO - DAG(s) 'example_python_decorator' retrieved from /home/airflow/.local/lib/python3.12/site-packages/airflow/example_dags/example_python_decorator.py
[2025-03-27T16:41:48.321+0000] {logging_mixin.py:190} INFO - [2025-03-27T16:41:48.320+0000] {dag.py:3239} INFO - Sync 1 DAGs
[2025-03-27T16:41:48.354+0000] {logging_mixin.py:190} INFO - [2025-03-27T16:41:48.353+0000] {dag.py:4180} INFO - Setting next_dagrun for example_python_decorator to None, run_after=None
[2025-03-27T16:41:48.395+0000] {processor.py:208} INFO - Processing /home/airflow/.local/lib/python3.12/site-packages/airflow/example_dags/example_python_decorator.py took 0.168 seconds
[2025-03-27T16:42:18.879+0000] {processor.py:186} INFO - Started process (PID=1252) to work on /home/airflow/.local/lib/python3.12/site-packages/airflow/example_dags/example_python_decorator.py
[2025-03-27T16:42:18.881+0000] {processor.py:914} INFO - Processing file /home/airflow/.local/lib/python3.12/site-packages/airflow/example_dags/example_python_decorator.py for tasks to queue
[2025-03-27T16:42:18.884+0000] {logging_mixin.py:190} INFO - [2025-03-27T16:42:18.883+0000] {dagbag.py:588} INFO - Filling up the DagBag from /home/airflow/.local/lib/python3.12/site-packages/airflow/example_dags/example_python_decorator.py
[2025-03-27T16:42:18.899+0000] {processor.py:925} INFO - DAG(s) 'example_python_decorator' retrieved from /home/airflow/.local/lib/python3.12/site-packages/airflow/example_dags/example_python_decorator.py
[2025-03-27T16:42:18.926+0000] {logging_mixin.py:190} INFO - [2025-03-27T16:42:18.926+0000] {dag.py:3239} INFO - Sync 1 DAGs
[2025-03-27T16:42:18.944+0000] {logging_mixin.py:190} INFO - [2025-03-27T16:42:18.944+0000] {dag.py:4180} INFO - Setting next_dagrun for example_python_decorator to None, run_after=None
[2025-03-27T16:42:18.968+0000] {processor.py:208} INFO - Processing /home/airflow/.local/lib/python3.12/site-packages/airflow/example_dags/example_python_decorator.py took 0.095 seconds
[2025-03-27T16:42:49.299+0000] {processor.py:186} INFO - Started process (PID=1318) to work on /home/airflow/.local/lib/python3.12/site-packages/airflow/example_dags/example_python_decorator.py
[2025-03-27T16:42:49.302+0000] {processor.py:914} INFO - Processing file /home/airflow/.local/lib/python3.12/site-packages/airflow/example_dags/example_python_decorator.py for tasks to queue
[2025-03-27T16:42:49.306+0000] {logging_mixin.py:190} INFO - [2025-03-27T16:42:49.305+0000] {dagbag.py:588} INFO - Filling up the DagBag from /home/airflow/.local/lib/python3.12/site-packages/airflow/example_dags/example_python_decorator.py
[2025-03-27T16:42:49.331+0000] {processor.py:925} INFO - DAG(s) 'example_python_decorator' retrieved from /home/airflow/.local/lib/python3.12/site-packages/airflow/example_dags/example_python_decorator.py
[2025-03-27T16:42:49.372+0000] {logging_mixin.py:190} INFO - [2025-03-27T16:42:49.371+0000] {dag.py:3239} INFO - Sync 1 DAGs
[2025-03-27T16:42:49.394+0000] {logging_mixin.py:190} INFO - [2025-03-27T16:42:49.394+0000] {dag.py:4180} INFO - Setting next_dagrun for example_python_decorator to None, run_after=None
[2025-03-27T16:42:49.416+0000] {processor.py:208} INFO - Processing /home/airflow/.local/lib/python3.12/site-packages/airflow/example_dags/example_python_decorator.py took 0.125 seconds
[2025-03-27T16:43:19.927+0000] {processor.py:186} INFO - Started process (PID=1383) to work on /home/airflow/.local/lib/python3.12/site-packages/airflow/example_dags/example_python_decorator.py
[2025-03-27T16:43:19.928+0000] {processor.py:914} INFO - Processing file /home/airflow/.local/lib/python3.12/site-packages/airflow/example_dags/example_python_decorator.py for tasks to queue
[2025-03-27T16:43:19.934+0000] {logging_mixin.py:190} INFO - [2025-03-27T16:43:19.933+0000] {dagbag.py:588} INFO - Filling up the DagBag from /home/airflow/.local/lib/python3.12/site-packages/airflow/example_dags/example_python_decorator.py
[2025-03-27T16:43:19.958+0000] {processor.py:925} INFO - DAG(s) 'example_python_decorator' retrieved from /home/airflow/.local/lib/python3.12/site-packages/airflow/example_dags/example_python_decorator.py
[2025-03-27T16:43:19.999+0000] {logging_mixin.py:190} INFO - [2025-03-27T16:43:19.999+0000] {dag.py:3239} INFO - Sync 1 DAGs
[2025-03-27T16:43:20.020+0000] {logging_mixin.py:190} INFO - [2025-03-27T16:43:20.020+0000] {dag.py:4180} INFO - Setting next_dagrun for example_python_decorator to None, run_after=None
[2025-03-27T16:43:20.045+0000] {processor.py:208} INFO - Processing /home/airflow/.local/lib/python3.12/site-packages/airflow/example_dags/example_python_decorator.py took 0.126 seconds
[2025-03-27T16:43:50.259+0000] {processor.py:186} INFO - Started process (PID=1448) to work on /home/airflow/.local/lib/python3.12/site-packages/airflow/example_dags/example_python_decorator.py
[2025-03-27T16:43:50.260+0000] {processor.py:914} INFO - Processing file /home/airflow/.local/lib/python3.12/site-packages/airflow/example_dags/example_python_decorator.py for tasks to queue
[2025-03-27T16:43:50.262+0000] {logging_mixin.py:190} INFO - [2025-03-27T16:43:50.262+0000] {dagbag.py:588} INFO - Filling up the DagBag from /home/airflow/.local/lib/python3.12/site-packages/airflow/example_dags/example_python_decorator.py
[2025-03-27T16:43:50.278+0000] {processor.py:925} INFO - DAG(s) 'example_python_decorator' retrieved from /home/airflow/.local/lib/python3.12/site-packages/airflow/example_dags/example_python_decorator.py
[2025-03-27T16:43:50.301+0000] {logging_mixin.py:190} INFO - [2025-03-27T16:43:50.301+0000] {dag.py:3239} INFO - Sync 1 DAGs
[2025-03-27T16:43:50.318+0000] {logging_mixin.py:190} INFO - [2025-03-27T16:43:50.318+0000] {dag.py:4180} INFO - Setting next_dagrun for example_python_decorator to None, run_after=None
[2025-03-27T16:43:50.338+0000] {processor.py:208} INFO - Processing /home/airflow/.local/lib/python3.12/site-packages/airflow/example_dags/example_python_decorator.py took 0.085 seconds
[2025-03-27T16:44:20.731+0000] {processor.py:186} INFO - Started process (PID=1515) to work on /home/airflow/.local/lib/python3.12/site-packages/airflow/example_dags/example_python_decorator.py
[2025-03-27T16:44:20.733+0000] {processor.py:914} INFO - Processing file /home/airflow/.local/lib/python3.12/site-packages/airflow/example_dags/example_python_decorator.py for tasks to queue
[2025-03-27T16:44:20.736+0000] {logging_mixin.py:190} INFO - [2025-03-27T16:44:20.736+0000] {dagbag.py:588} INFO - Filling up the DagBag from /home/airflow/.local/lib/python3.12/site-packages/airflow/example_dags/example_python_decorator.py
[2025-03-27T16:44:20.759+0000] {processor.py:925} INFO - DAG(s) 'example_python_decorator' retrieved from /home/airflow/.local/lib/python3.12/site-packages/airflow/example_dags/example_python_decorator.py
[2025-03-27T16:44:20.789+0000] {logging_mixin.py:190} INFO - [2025-03-27T16:44:20.789+0000] {dag.py:3239} INFO - Sync 1 DAGs
[2025-03-27T16:44:20.811+0000] {logging_mixin.py:190} INFO - [2025-03-27T16:44:20.811+0000] {dag.py:4180} INFO - Setting next_dagrun for example_python_decorator to None, run_after=None
[2025-03-27T16:44:20.835+0000] {processor.py:208} INFO - Processing /home/airflow/.local/lib/python3.12/site-packages/airflow/example_dags/example_python_decorator.py took 0.112 seconds
[2025-03-27T16:44:51.759+0000] {processor.py:186} INFO - Started process (PID=1580) to work on /home/airflow/.local/lib/python3.12/site-packages/airflow/example_dags/example_python_decorator.py
[2025-03-27T16:44:51.761+0000] {processor.py:914} INFO - Processing file /home/airflow/.local/lib/python3.12/site-packages/airflow/example_dags/example_python_decorator.py for tasks to queue
[2025-03-27T16:44:51.764+0000] {logging_mixin.py:190} INFO - [2025-03-27T16:44:51.764+0000] {dagbag.py:588} INFO - Filling up the DagBag from /home/airflow/.local/lib/python3.12/site-packages/airflow/example_dags/example_python_decorator.py
[2025-03-27T16:44:51.780+0000] {processor.py:925} INFO - DAG(s) 'example_python_decorator' retrieved from /home/airflow/.local/lib/python3.12/site-packages/airflow/example_dags/example_python_decorator.py
[2025-03-27T16:44:51.807+0000] {logging_mixin.py:190} INFO - [2025-03-27T16:44:51.806+0000] {dag.py:3239} INFO - Sync 1 DAGs
[2025-03-27T16:44:51.824+0000] {logging_mixin.py:190} INFO - [2025-03-27T16:44:51.824+0000] {dag.py:4180} INFO - Setting next_dagrun for example_python_decorator to None, run_after=None
[2025-03-27T16:44:51.849+0000] {processor.py:208} INFO - Processing /home/airflow/.local/lib/python3.12/site-packages/airflow/example_dags/example_python_decorator.py took 0.096 seconds
[2025-03-27T16:45:22.385+0000] {processor.py:186} INFO - Started process (PID=1645) to work on /home/airflow/.local/lib/python3.12/site-packages/airflow/example_dags/example_python_decorator.py
[2025-03-27T16:45:22.386+0000] {processor.py:914} INFO - Processing file /home/airflow/.local/lib/python3.12/site-packages/airflow/example_dags/example_python_decorator.py for tasks to queue
[2025-03-27T16:45:22.389+0000] {logging_mixin.py:190} INFO - [2025-03-27T16:45:22.388+0000] {dagbag.py:588} INFO - Filling up the DagBag from /home/airflow/.local/lib/python3.12/site-packages/airflow/example_dags/example_python_decorator.py
[2025-03-27T16:45:22.411+0000] {processor.py:925} INFO - DAG(s) 'example_python_decorator' retrieved from /home/airflow/.local/lib/python3.12/site-packages/airflow/example_dags/example_python_decorator.py
[2025-03-27T16:45:22.436+0000] {logging_mixin.py:190} INFO - [2025-03-27T16:45:22.435+0000] {dag.py:3239} INFO - Sync 1 DAGs
[2025-03-27T16:45:22.452+0000] {logging_mixin.py:190} INFO - [2025-03-27T16:45:22.452+0000] {dag.py:4180} INFO - Setting next_dagrun for example_python_decorator to None, run_after=None
[2025-03-27T16:45:22.475+0000] {processor.py:208} INFO - Processing /home/airflow/.local/lib/python3.12/site-packages/airflow/example_dags/example_python_decorator.py took 0.097 seconds
[2025-03-27T16:45:53.015+0000] {processor.py:186} INFO - Started process (PID=1710) to work on /home/airflow/.local/lib/python3.12/site-packages/airflow/example_dags/example_python_decorator.py
[2025-03-27T16:45:53.017+0000] {processor.py:914} INFO - Processing file /home/airflow/.local/lib/python3.12/site-packages/airflow/example_dags/example_python_decorator.py for tasks to queue
[2025-03-27T16:45:53.023+0000] {logging_mixin.py:190} INFO - [2025-03-27T16:45:53.023+0000] {dagbag.py:588} INFO - Filling up the DagBag from /home/airflow/.local/lib/python3.12/site-packages/airflow/example_dags/example_python_decorator.py
[2025-03-27T16:45:53.048+0000] {processor.py:925} INFO - DAG(s) 'example_python_decorator' retrieved from /home/airflow/.local/lib/python3.12/site-packages/airflow/example_dags/example_python_decorator.py
[2025-03-27T16:45:53.088+0000] {logging_mixin.py:190} INFO - [2025-03-27T16:45:53.088+0000] {dag.py:3239} INFO - Sync 1 DAGs
[2025-03-27T16:45:53.127+0000] {logging_mixin.py:190} INFO - [2025-03-27T16:45:53.126+0000] {dag.py:4180} INFO - Setting next_dagrun for example_python_decorator to None, run_after=None
[2025-03-27T16:45:53.186+0000] {processor.py:208} INFO - Processing /home/airflow/.local/lib/python3.12/site-packages/airflow/example_dags/example_python_decorator.py took 0.181 seconds
[2025-03-27T16:46:23.986+0000] {processor.py:186} INFO - Started process (PID=1775) to work on /home/airflow/.local/lib/python3.12/site-packages/airflow/example_dags/example_python_decorator.py
[2025-03-27T16:46:23.989+0000] {processor.py:914} INFO - Processing file /home/airflow/.local/lib/python3.12/site-packages/airflow/example_dags/example_python_decorator.py for tasks to queue
[2025-03-27T16:46:23.992+0000] {logging_mixin.py:190} INFO - [2025-03-27T16:46:23.992+0000] {dagbag.py:588} INFO - Filling up the DagBag from /home/airflow/.local/lib/python3.12/site-packages/airflow/example_dags/example_python_decorator.py
[2025-03-27T16:46:24.008+0000] {processor.py:925} INFO - DAG(s) 'example_python_decorator' retrieved from /home/airflow/.local/lib/python3.12/site-packages/airflow/example_dags/example_python_decorator.py
[2025-03-27T16:46:24.050+0000] {logging_mixin.py:190} INFO - [2025-03-27T16:46:24.049+0000] {dag.py:3239} INFO - Sync 1 DAGs
[2025-03-27T16:46:24.066+0000] {logging_mixin.py:190} INFO - [2025-03-27T16:46:24.066+0000] {dag.py:4180} INFO - Setting next_dagrun for example_python_decorator to None, run_after=None
[2025-03-27T16:46:24.085+0000] {processor.py:208} INFO - Processing /home/airflow/.local/lib/python3.12/site-packages/airflow/example_dags/example_python_decorator.py took 0.107 seconds
[2025-03-27T16:46:54.815+0000] {processor.py:186} INFO - Started process (PID=1840) to work on /home/airflow/.local/lib/python3.12/site-packages/airflow/example_dags/example_python_decorator.py
[2025-03-27T16:46:54.817+0000] {processor.py:914} INFO - Processing file /home/airflow/.local/lib/python3.12/site-packages/airflow/example_dags/example_python_decorator.py for tasks to queue
[2025-03-27T16:46:54.823+0000] {logging_mixin.py:190} INFO - [2025-03-27T16:46:54.821+0000] {dagbag.py:588} INFO - Filling up the DagBag from /home/airflow/.local/lib/python3.12/site-packages/airflow/example_dags/example_python_decorator.py
[2025-03-27T16:46:54.850+0000] {processor.py:925} INFO - DAG(s) 'example_python_decorator' retrieved from /home/airflow/.local/lib/python3.12/site-packages/airflow/example_dags/example_python_decorator.py
[2025-03-27T16:46:54.877+0000] {logging_mixin.py:190} INFO - [2025-03-27T16:46:54.877+0000] {dag.py:3239} INFO - Sync 1 DAGs
[2025-03-27T16:46:54.893+0000] {logging_mixin.py:190} INFO - [2025-03-27T16:46:54.893+0000] {dag.py:4180} INFO - Setting next_dagrun for example_python_decorator to None, run_after=None
[2025-03-27T16:46:54.918+0000] {processor.py:208} INFO - Processing /home/airflow/.local/lib/python3.12/site-packages/airflow/example_dags/example_python_decorator.py took 0.117 seconds
[2025-03-27T16:47:25.347+0000] {processor.py:186} INFO - Started process (PID=1904) to work on /home/airflow/.local/lib/python3.12/site-packages/airflow/example_dags/example_python_decorator.py
[2025-03-27T16:47:25.348+0000] {processor.py:914} INFO - Processing file /home/airflow/.local/lib/python3.12/site-packages/airflow/example_dags/example_python_decorator.py for tasks to queue
[2025-03-27T16:47:25.352+0000] {logging_mixin.py:190} INFO - [2025-03-27T16:47:25.351+0000] {dagbag.py:588} INFO - Filling up the DagBag from /home/airflow/.local/lib/python3.12/site-packages/airflow/example_dags/example_python_decorator.py
[2025-03-27T16:47:25.371+0000] {processor.py:925} INFO - DAG(s) 'example_python_decorator' retrieved from /home/airflow/.local/lib/python3.12/site-packages/airflow/example_dags/example_python_decorator.py
[2025-03-27T16:47:25.397+0000] {logging_mixin.py:190} INFO - [2025-03-27T16:47:25.396+0000] {dag.py:3239} INFO - Sync 1 DAGs
[2025-03-27T16:47:25.414+0000] {logging_mixin.py:190} INFO - [2025-03-27T16:47:25.414+0000] {dag.py:4180} INFO - Setting next_dagrun for example_python_decorator to None, run_after=None
[2025-03-27T16:47:25.432+0000] {processor.py:208} INFO - Processing /home/airflow/.local/lib/python3.12/site-packages/airflow/example_dags/example_python_decorator.py took 0.093 seconds
[2025-03-27T16:47:55.925+0000] {processor.py:186} INFO - Started process (PID=1968) to work on /home/airflow/.local/lib/python3.12/site-packages/airflow/example_dags/example_python_decorator.py
[2025-03-27T16:47:55.927+0000] {processor.py:914} INFO - Processing file /home/airflow/.local/lib/python3.12/site-packages/airflow/example_dags/example_python_decorator.py for tasks to queue
[2025-03-27T16:47:55.930+0000] {logging_mixin.py:190} INFO - [2025-03-27T16:47:55.930+0000] {dagbag.py:588} INFO - Filling up the DagBag from /home/airflow/.local/lib/python3.12/site-packages/airflow/example_dags/example_python_decorator.py
[2025-03-27T16:47:55.949+0000] {processor.py:925} INFO - DAG(s) 'example_python_decorator' retrieved from /home/airflow/.local/lib/python3.12/site-packages/airflow/example_dags/example_python_decorator.py
[2025-03-27T16:47:55.981+0000] {logging_mixin.py:190} INFO - [2025-03-27T16:47:55.981+0000] {dag.py:3239} INFO - Sync 1 DAGs
[2025-03-27T16:47:56.000+0000] {logging_mixin.py:190} INFO - [2025-03-27T16:47:56.000+0000] {dag.py:4180} INFO - Setting next_dagrun for example_python_decorator to None, run_after=None
[2025-03-27T16:47:56.035+0000] {processor.py:208} INFO - Processing /home/airflow/.local/lib/python3.12/site-packages/airflow/example_dags/example_python_decorator.py took 0.120 seconds
[2025-03-27T16:48:26.234+0000] {processor.py:186} INFO - Started process (PID=2033) to work on /home/airflow/.local/lib/python3.12/site-packages/airflow/example_dags/example_python_decorator.py
[2025-03-27T16:48:26.236+0000] {processor.py:914} INFO - Processing file /home/airflow/.local/lib/python3.12/site-packages/airflow/example_dags/example_python_decorator.py for tasks to queue
[2025-03-27T16:48:26.239+0000] {logging_mixin.py:190} INFO - [2025-03-27T16:48:26.238+0000] {dagbag.py:588} INFO - Filling up the DagBag from /home/airflow/.local/lib/python3.12/site-packages/airflow/example_dags/example_python_decorator.py
[2025-03-27T16:48:26.256+0000] {processor.py:925} INFO - DAG(s) 'example_python_decorator' retrieved from /home/airflow/.local/lib/python3.12/site-packages/airflow/example_dags/example_python_decorator.py
[2025-03-27T16:48:26.279+0000] {logging_mixin.py:190} INFO - [2025-03-27T16:48:26.279+0000] {dag.py:3239} INFO - Sync 1 DAGs
[2025-03-27T16:48:26.294+0000] {logging_mixin.py:190} INFO - [2025-03-27T16:48:26.293+0000] {dag.py:4180} INFO - Setting next_dagrun for example_python_decorator to None, run_after=None
[2025-03-27T16:48:26.313+0000] {processor.py:208} INFO - Processing /home/airflow/.local/lib/python3.12/site-packages/airflow/example_dags/example_python_decorator.py took 0.086 seconds
[2025-03-27T16:48:56.413+0000] {processor.py:186} INFO - Started process (PID=2097) to work on /home/airflow/.local/lib/python3.12/site-packages/airflow/example_dags/example_python_decorator.py
[2025-03-27T16:48:56.416+0000] {processor.py:914} INFO - Processing file /home/airflow/.local/lib/python3.12/site-packages/airflow/example_dags/example_python_decorator.py for tasks to queue
[2025-03-27T16:48:56.420+0000] {logging_mixin.py:190} INFO - [2025-03-27T16:48:56.419+0000] {dagbag.py:588} INFO - Filling up the DagBag from /home/airflow/.local/lib/python3.12/site-packages/airflow/example_dags/example_python_decorator.py
[2025-03-27T16:48:56.437+0000] {processor.py:925} INFO - DAG(s) 'example_python_decorator' retrieved from /home/airflow/.local/lib/python3.12/site-packages/airflow/example_dags/example_python_decorator.py
[2025-03-27T16:48:56.467+0000] {logging_mixin.py:190} INFO - [2025-03-27T16:48:56.466+0000] {dag.py:3239} INFO - Sync 1 DAGs
[2025-03-27T16:48:56.482+0000] {logging_mixin.py:190} INFO - [2025-03-27T16:48:56.482+0000] {dag.py:4180} INFO - Setting next_dagrun for example_python_decorator to None, run_after=None
[2025-03-27T16:48:56.502+0000] {processor.py:208} INFO - Processing /home/airflow/.local/lib/python3.12/site-packages/airflow/example_dags/example_python_decorator.py took 0.096 seconds
[2025-03-27T16:49:27.030+0000] {processor.py:186} INFO - Started process (PID=2162) to work on /home/airflow/.local/lib/python3.12/site-packages/airflow/example_dags/example_python_decorator.py
[2025-03-27T16:49:27.031+0000] {processor.py:914} INFO - Processing file /home/airflow/.local/lib/python3.12/site-packages/airflow/example_dags/example_python_decorator.py for tasks to queue
[2025-03-27T16:49:27.034+0000] {logging_mixin.py:190} INFO - [2025-03-27T16:49:27.034+0000] {dagbag.py:588} INFO - Filling up the DagBag from /home/airflow/.local/lib/python3.12/site-packages/airflow/example_dags/example_python_decorator.py
[2025-03-27T16:49:27.051+0000] {processor.py:925} INFO - DAG(s) 'example_python_decorator' retrieved from /home/airflow/.local/lib/python3.12/site-packages/airflow/example_dags/example_python_decorator.py
[2025-03-27T16:49:27.076+0000] {logging_mixin.py:190} INFO - [2025-03-27T16:49:27.076+0000] {dag.py:3239} INFO - Sync 1 DAGs
[2025-03-27T16:49:27.092+0000] {logging_mixin.py:190} INFO - [2025-03-27T16:49:27.092+0000] {dag.py:4180} INFO - Setting next_dagrun for example_python_decorator to None, run_after=None
[2025-03-27T16:49:27.113+0000] {processor.py:208} INFO - Processing /home/airflow/.local/lib/python3.12/site-packages/airflow/example_dags/example_python_decorator.py took 0.089 seconds
[2025-03-27T16:49:57.623+0000] {processor.py:186} INFO - Started process (PID=2227) to work on /home/airflow/.local/lib/python3.12/site-packages/airflow/example_dags/example_python_decorator.py
[2025-03-27T16:49:57.625+0000] {processor.py:914} INFO - Processing file /home/airflow/.local/lib/python3.12/site-packages/airflow/example_dags/example_python_decorator.py for tasks to queue
[2025-03-27T16:49:57.628+0000] {logging_mixin.py:190} INFO - [2025-03-27T16:49:57.627+0000] {dagbag.py:588} INFO - Filling up the DagBag from /home/airflow/.local/lib/python3.12/site-packages/airflow/example_dags/example_python_decorator.py
[2025-03-27T16:49:57.644+0000] {processor.py:925} INFO - DAG(s) 'example_python_decorator' retrieved from /home/airflow/.local/lib/python3.12/site-packages/airflow/example_dags/example_python_decorator.py
[2025-03-27T16:49:57.671+0000] {logging_mixin.py:190} INFO - [2025-03-27T16:49:57.670+0000] {dag.py:3239} INFO - Sync 1 DAGs
[2025-03-27T16:49:57.687+0000] {logging_mixin.py:190} INFO - [2025-03-27T16:49:57.687+0000] {dag.py:4180} INFO - Setting next_dagrun for example_python_decorator to None, run_after=None
[2025-03-27T16:49:57.705+0000] {processor.py:208} INFO - Processing /home/airflow/.local/lib/python3.12/site-packages/airflow/example_dags/example_python_decorator.py took 0.096 seconds
[2025-03-27T16:50:28.847+0000] {processor.py:186} INFO - Started process (PID=2292) to work on /home/airflow/.local/lib/python3.12/site-packages/airflow/example_dags/example_python_decorator.py
[2025-03-27T16:50:28.849+0000] {processor.py:914} INFO - Processing file /home/airflow/.local/lib/python3.12/site-packages/airflow/example_dags/example_python_decorator.py for tasks to queue
[2025-03-27T16:50:28.852+0000] {logging_mixin.py:190} INFO - [2025-03-27T16:50:28.852+0000] {dagbag.py:588} INFO - Filling up the DagBag from /home/airflow/.local/lib/python3.12/site-packages/airflow/example_dags/example_python_decorator.py
[2025-03-27T16:50:28.868+0000] {processor.py:925} INFO - DAG(s) 'example_python_decorator' retrieved from /home/airflow/.local/lib/python3.12/site-packages/airflow/example_dags/example_python_decorator.py
[2025-03-27T16:50:28.897+0000] {logging_mixin.py:190} INFO - [2025-03-27T16:50:28.896+0000] {dag.py:3239} INFO - Sync 1 DAGs
[2025-03-27T16:50:28.916+0000] {logging_mixin.py:190} INFO - [2025-03-27T16:50:28.916+0000] {dag.py:4180} INFO - Setting next_dagrun for example_python_decorator to None, run_after=None
[2025-03-27T16:50:28.942+0000] {processor.py:208} INFO - Processing /home/airflow/.local/lib/python3.12/site-packages/airflow/example_dags/example_python_decorator.py took 0.103 seconds
[2025-03-27T16:50:59.474+0000] {processor.py:186} INFO - Started process (PID=2362) to work on /home/airflow/.local/lib/python3.12/site-packages/airflow/example_dags/example_python_decorator.py
[2025-03-27T16:50:59.475+0000] {processor.py:914} INFO - Processing file /home/airflow/.local/lib/python3.12/site-packages/airflow/example_dags/example_python_decorator.py for tasks to queue
[2025-03-27T16:50:59.479+0000] {logging_mixin.py:190} INFO - [2025-03-27T16:50:59.479+0000] {dagbag.py:588} INFO - Filling up the DagBag from /home/airflow/.local/lib/python3.12/site-packages/airflow/example_dags/example_python_decorator.py
[2025-03-27T16:50:59.496+0000] {processor.py:925} INFO - DAG(s) 'example_python_decorator' retrieved from /home/airflow/.local/lib/python3.12/site-packages/airflow/example_dags/example_python_decorator.py
[2025-03-27T16:50:59.533+0000] {logging_mixin.py:190} INFO - [2025-03-27T16:50:59.533+0000] {dag.py:3239} INFO - Sync 1 DAGs
[2025-03-27T16:50:59.558+0000] {logging_mixin.py:190} INFO - [2025-03-27T16:50:59.558+0000] {dag.py:4180} INFO - Setting next_dagrun for example_python_decorator to None, run_after=None
[2025-03-27T16:50:59.602+0000] {processor.py:208} INFO - Processing /home/airflow/.local/lib/python3.12/site-packages/airflow/example_dags/example_python_decorator.py took 0.136 seconds
[2025-03-27T16:51:30.020+0000] {processor.py:186} INFO - Started process (PID=2427) to work on /home/airflow/.local/lib/python3.12/site-packages/airflow/example_dags/example_python_decorator.py
[2025-03-27T16:51:30.021+0000] {processor.py:914} INFO - Processing file /home/airflow/.local/lib/python3.12/site-packages/airflow/example_dags/example_python_decorator.py for tasks to queue
[2025-03-27T16:51:30.024+0000] {logging_mixin.py:190} INFO - [2025-03-27T16:51:30.023+0000] {dagbag.py:588} INFO - Filling up the DagBag from /home/airflow/.local/lib/python3.12/site-packages/airflow/example_dags/example_python_decorator.py
[2025-03-27T16:51:30.039+0000] {processor.py:925} INFO - DAG(s) 'example_python_decorator' retrieved from /home/airflow/.local/lib/python3.12/site-packages/airflow/example_dags/example_python_decorator.py
[2025-03-27T16:51:30.064+0000] {logging_mixin.py:190} INFO - [2025-03-27T16:51:30.063+0000] {dag.py:3239} INFO - Sync 1 DAGs
[2025-03-27T16:51:30.088+0000] {logging_mixin.py:190} INFO - [2025-03-27T16:51:30.087+0000] {dag.py:4180} INFO - Setting next_dagrun for example_python_decorator to None, run_after=None
[2025-03-27T16:51:30.112+0000] {processor.py:208} INFO - Processing /home/airflow/.local/lib/python3.12/site-packages/airflow/example_dags/example_python_decorator.py took 0.100 seconds
[2025-03-27T16:53:01.863+0000] {processor.py:186} INFO - Started process (PID=103) to work on /home/airflow/.local/lib/python3.12/site-packages/airflow/example_dags/example_python_decorator.py
[2025-03-27T16:53:01.866+0000] {processor.py:914} INFO - Processing file /home/airflow/.local/lib/python3.12/site-packages/airflow/example_dags/example_python_decorator.py for tasks to queue
[2025-03-27T16:53:01.870+0000] {logging_mixin.py:190} INFO - [2025-03-27T16:53:01.869+0000] {dagbag.py:588} INFO - Filling up the DagBag from /home/airflow/.local/lib/python3.12/site-packages/airflow/example_dags/example_python_decorator.py
[2025-03-27T16:53:01.901+0000] {processor.py:925} INFO - DAG(s) 'example_python_decorator' retrieved from /home/airflow/.local/lib/python3.12/site-packages/airflow/example_dags/example_python_decorator.py
[2025-03-27T16:53:02.069+0000] {logging_mixin.py:190} INFO - [2025-03-27T16:53:02.069+0000] {dag.py:3239} INFO - Sync 1 DAGs
[2025-03-27T16:53:02.090+0000] {logging_mixin.py:190} INFO - [2025-03-27T16:53:02.089+0000] {dag.py:4180} INFO - Setting next_dagrun for example_python_decorator to None, run_after=None
[2025-03-27T16:53:02.122+0000] {processor.py:208} INFO - Processing /home/airflow/.local/lib/python3.12/site-packages/airflow/example_dags/example_python_decorator.py took 0.269 seconds
