[2025-03-27T16:32:55.993+0000] {processor.py:186} INFO - Started process (PID=76) to work on /home/airflow/.local/lib/python3.12/site-packages/airflow/example_dags/example_display_name.py
[2025-03-27T16:32:55.995+0000] {processor.py:914} INFO - Processing file /home/airflow/.local/lib/python3.12/site-packages/airflow/example_dags/example_display_name.py for tasks to queue
[2025-03-27T16:32:55.998+0000] {logging_mixin.py:190} INFO - [2025-03-27T16:32:55.998+0000] {dagbag.py:588} INFO - Filling up the DagBag from /home/airflow/.local/lib/python3.12/site-packages/airflow/example_dags/example_display_name.py
[2025-03-27T16:32:56.009+0000] {processor.py:925} INFO - DAG(s) 'example_display_name' retrieved from /home/airflow/.local/lib/python3.12/site-packages/airflow/example_dags/example_display_name.py
[2025-03-27T16:32:56.552+0000] {logging_mixin.py:190} INFO - [2025-03-27T16:32:56.551+0000] {override.py:1912} INFO - Created Permission View: can read on DAG:example_display_name
[2025-03-27T16:32:56.570+0000] {logging_mixin.py:190} INFO - [2025-03-27T16:32:56.569+0000] {override.py:1912} INFO - Created Permission View: can delete on DAG:example_display_name
[2025-03-27T16:32:56.583+0000] {logging_mixin.py:190} INFO - [2025-03-27T16:32:56.583+0000] {override.py:1912} INFO - Created Permission View: can edit on DAG:example_display_name
[2025-03-27T16:32:56.595+0000] {logging_mixin.py:190} INFO - [2025-03-27T16:32:56.595+0000] {override.py:1912} INFO - Created Permission View: can read on DAG Run:example_display_name
[2025-03-27T16:32:56.606+0000] {logging_mixin.py:190} INFO - [2025-03-27T16:32:56.605+0000] {override.py:1912} INFO - Created Permission View: menu access on DAG Run:example_display_name
[2025-03-27T16:32:56.614+0000] {logging_mixin.py:190} INFO - [2025-03-27T16:32:56.614+0000] {override.py:1912} INFO - Created Permission View: can create on DAG Run:example_display_name
[2025-03-27T16:32:56.624+0000] {logging_mixin.py:190} INFO - [2025-03-27T16:32:56.624+0000] {override.py:1912} INFO - Created Permission View: can delete on DAG Run:example_display_name
[2025-03-27T16:32:56.625+0000] {logging_mixin.py:190} INFO - [2025-03-27T16:32:56.625+0000] {dag.py:3239} INFO - Sync 1 DAGs
[2025-03-27T16:32:56.647+0000] {logging_mixin.py:190} INFO - [2025-03-27T16:32:56.646+0000] {dag.py:3262} INFO - Creating ORM DAG for example_display_name
[2025-03-27T16:32:56.648+0000] {logging_mixin.py:190} INFO - [2025-03-27T16:32:56.648+0000] {dag.py:4180} INFO - Setting next_dagrun for example_display_name to None, run_after=None
[2025-03-27T16:32:56.674+0000] {processor.py:208} INFO - Processing /home/airflow/.local/lib/python3.12/site-packages/airflow/example_dags/example_display_name.py took 0.686 seconds
[2025-03-27T16:33:26.777+0000] {processor.py:186} INFO - Started process (PID=144) to work on /home/airflow/.local/lib/python3.12/site-packages/airflow/example_dags/example_display_name.py
[2025-03-27T16:33:26.779+0000] {processor.py:914} INFO - Processing file /home/airflow/.local/lib/python3.12/site-packages/airflow/example_dags/example_display_name.py for tasks to queue
[2025-03-27T16:33:26.784+0000] {logging_mixin.py:190} INFO - [2025-03-27T16:33:26.783+0000] {dagbag.py:588} INFO - Filling up the DagBag from /home/airflow/.local/lib/python3.12/site-packages/airflow/example_dags/example_display_name.py
[2025-03-27T16:33:26.799+0000] {processor.py:925} INFO - DAG(s) 'example_display_name' retrieved from /home/airflow/.local/lib/python3.12/site-packages/airflow/example_dags/example_display_name.py
[2025-03-27T16:33:26.833+0000] {logging_mixin.py:190} INFO - [2025-03-27T16:33:26.833+0000] {dag.py:3239} INFO - Sync 1 DAGs
[2025-03-27T16:33:26.865+0000] {logging_mixin.py:190} INFO - [2025-03-27T16:33:26.865+0000] {dag.py:4180} INFO - Setting next_dagrun for example_display_name to None, run_after=None
[2025-03-27T16:33:26.908+0000] {processor.py:208} INFO - Processing /home/airflow/.local/lib/python3.12/site-packages/airflow/example_dags/example_display_name.py took 0.146 seconds
[2025-03-27T16:33:57.005+0000] {processor.py:186} INFO - Started process (PID=207) to work on /home/airflow/.local/lib/python3.12/site-packages/airflow/example_dags/example_display_name.py
[2025-03-27T16:33:57.007+0000] {processor.py:914} INFO - Processing file /home/airflow/.local/lib/python3.12/site-packages/airflow/example_dags/example_display_name.py for tasks to queue
[2025-03-27T16:33:57.010+0000] {logging_mixin.py:190} INFO - [2025-03-27T16:33:57.009+0000] {dagbag.py:588} INFO - Filling up the DagBag from /home/airflow/.local/lib/python3.12/site-packages/airflow/example_dags/example_display_name.py
[2025-03-27T16:33:57.025+0000] {processor.py:925} INFO - DAG(s) 'example_display_name' retrieved from /home/airflow/.local/lib/python3.12/site-packages/airflow/example_dags/example_display_name.py
[2025-03-27T16:33:57.066+0000] {logging_mixin.py:190} INFO - [2025-03-27T16:33:57.065+0000] {dag.py:3239} INFO - Sync 1 DAGs
[2025-03-27T16:33:57.082+0000] {logging_mixin.py:190} INFO - [2025-03-27T16:33:57.082+0000] {dag.py:4180} INFO - Setting next_dagrun for example_display_name to None, run_after=None
[2025-03-27T16:33:57.110+0000] {processor.py:208} INFO - Processing /home/airflow/.local/lib/python3.12/site-packages/airflow/example_dags/example_display_name.py took 0.115 seconds
[2025-03-27T16:34:27.163+0000] {processor.py:186} INFO - Started process (PID=269) to work on /home/airflow/.local/lib/python3.12/site-packages/airflow/example_dags/example_display_name.py
[2025-03-27T16:34:27.165+0000] {processor.py:914} INFO - Processing file /home/airflow/.local/lib/python3.12/site-packages/airflow/example_dags/example_display_name.py for tasks to queue
[2025-03-27T16:34:27.168+0000] {logging_mixin.py:190} INFO - [2025-03-27T16:34:27.168+0000] {dagbag.py:588} INFO - Filling up the DagBag from /home/airflow/.local/lib/python3.12/site-packages/airflow/example_dags/example_display_name.py
[2025-03-27T16:34:27.176+0000] {processor.py:925} INFO - DAG(s) 'example_display_name' retrieved from /home/airflow/.local/lib/python3.12/site-packages/airflow/example_dags/example_display_name.py
[2025-03-27T16:34:27.194+0000] {logging_mixin.py:190} INFO - [2025-03-27T16:34:27.194+0000] {dag.py:3239} INFO - Sync 1 DAGs
[2025-03-27T16:34:27.210+0000] {logging_mixin.py:190} INFO - [2025-03-27T16:34:27.210+0000] {dag.py:4180} INFO - Setting next_dagrun for example_display_name to None, run_after=None
[2025-03-27T16:34:27.292+0000] {processor.py:208} INFO - Processing /home/airflow/.local/lib/python3.12/site-packages/airflow/example_dags/example_display_name.py took 0.134 seconds
[2025-03-27T16:34:57.404+0000] {processor.py:186} INFO - Started process (PID=332) to work on /home/airflow/.local/lib/python3.12/site-packages/airflow/example_dags/example_display_name.py
[2025-03-27T16:34:57.405+0000] {processor.py:914} INFO - Processing file /home/airflow/.local/lib/python3.12/site-packages/airflow/example_dags/example_display_name.py for tasks to queue
[2025-03-27T16:34:57.408+0000] {logging_mixin.py:190} INFO - [2025-03-27T16:34:57.408+0000] {dagbag.py:588} INFO - Filling up the DagBag from /home/airflow/.local/lib/python3.12/site-packages/airflow/example_dags/example_display_name.py
[2025-03-27T16:34:57.416+0000] {processor.py:925} INFO - DAG(s) 'example_display_name' retrieved from /home/airflow/.local/lib/python3.12/site-packages/airflow/example_dags/example_display_name.py
[2025-03-27T16:34:57.442+0000] {logging_mixin.py:190} INFO - [2025-03-27T16:34:57.442+0000] {dag.py:3239} INFO - Sync 1 DAGs
[2025-03-27T16:34:57.456+0000] {logging_mixin.py:190} INFO - [2025-03-27T16:34:57.456+0000] {dag.py:4180} INFO - Setting next_dagrun for example_display_name to None, run_after=None
[2025-03-27T16:34:57.477+0000] {processor.py:208} INFO - Processing /home/airflow/.local/lib/python3.12/site-packages/airflow/example_dags/example_display_name.py took 0.080 seconds
[2025-03-27T16:35:27.737+0000] {processor.py:186} INFO - Started process (PID=396) to work on /home/airflow/.local/lib/python3.12/site-packages/airflow/example_dags/example_display_name.py
[2025-03-27T16:35:27.741+0000] {processor.py:914} INFO - Processing file /home/airflow/.local/lib/python3.12/site-packages/airflow/example_dags/example_display_name.py for tasks to queue
[2025-03-27T16:35:27.750+0000] {logging_mixin.py:190} INFO - [2025-03-27T16:35:27.749+0000] {dagbag.py:588} INFO - Filling up the DagBag from /home/airflow/.local/lib/python3.12/site-packages/airflow/example_dags/example_display_name.py
[2025-03-27T16:35:27.773+0000] {processor.py:925} INFO - DAG(s) 'example_display_name' retrieved from /home/airflow/.local/lib/python3.12/site-packages/airflow/example_dags/example_display_name.py
[2025-03-27T16:35:27.815+0000] {logging_mixin.py:190} INFO - [2025-03-27T16:35:27.814+0000] {dag.py:3239} INFO - Sync 1 DAGs
[2025-03-27T16:35:27.847+0000] {logging_mixin.py:190} INFO - [2025-03-27T16:35:27.847+0000] {dag.py:4180} INFO - Setting next_dagrun for example_display_name to None, run_after=None
[2025-03-27T16:35:27.877+0000] {processor.py:208} INFO - Processing /home/airflow/.local/lib/python3.12/site-packages/airflow/example_dags/example_display_name.py took 0.157 seconds
[2025-03-27T16:35:57.994+0000] {processor.py:186} INFO - Started process (PID=459) to work on /home/airflow/.local/lib/python3.12/site-packages/airflow/example_dags/example_display_name.py
[2025-03-27T16:35:57.996+0000] {processor.py:914} INFO - Processing file /home/airflow/.local/lib/python3.12/site-packages/airflow/example_dags/example_display_name.py for tasks to queue
[2025-03-27T16:35:58.000+0000] {logging_mixin.py:190} INFO - [2025-03-27T16:35:58.000+0000] {dagbag.py:588} INFO - Filling up the DagBag from /home/airflow/.local/lib/python3.12/site-packages/airflow/example_dags/example_display_name.py
[2025-03-27T16:35:58.017+0000] {processor.py:925} INFO - DAG(s) 'example_display_name' retrieved from /home/airflow/.local/lib/python3.12/site-packages/airflow/example_dags/example_display_name.py
[2025-03-27T16:35:58.065+0000] {logging_mixin.py:190} INFO - [2025-03-27T16:35:58.064+0000] {dag.py:3239} INFO - Sync 1 DAGs
[2025-03-27T16:35:58.104+0000] {logging_mixin.py:190} INFO - [2025-03-27T16:35:58.104+0000] {dag.py:4180} INFO - Setting next_dagrun for example_display_name to None, run_after=None
[2025-03-27T16:35:58.147+0000] {processor.py:208} INFO - Processing /home/airflow/.local/lib/python3.12/site-packages/airflow/example_dags/example_display_name.py took 0.164 seconds
[2025-03-27T16:36:28.330+0000] {processor.py:186} INFO - Started process (PID=522) to work on /home/airflow/.local/lib/python3.12/site-packages/airflow/example_dags/example_display_name.py
[2025-03-27T16:36:28.331+0000] {processor.py:914} INFO - Processing file /home/airflow/.local/lib/python3.12/site-packages/airflow/example_dags/example_display_name.py for tasks to queue
[2025-03-27T16:36:28.335+0000] {logging_mixin.py:190} INFO - [2025-03-27T16:36:28.334+0000] {dagbag.py:588} INFO - Filling up the DagBag from /home/airflow/.local/lib/python3.12/site-packages/airflow/example_dags/example_display_name.py
[2025-03-27T16:36:28.344+0000] {processor.py:925} INFO - DAG(s) 'example_display_name' retrieved from /home/airflow/.local/lib/python3.12/site-packages/airflow/example_dags/example_display_name.py
[2025-03-27T16:36:28.366+0000] {logging_mixin.py:190} INFO - [2025-03-27T16:36:28.366+0000] {dag.py:3239} INFO - Sync 1 DAGs
[2025-03-27T16:36:28.386+0000] {logging_mixin.py:190} INFO - [2025-03-27T16:36:28.385+0000] {dag.py:4180} INFO - Setting next_dagrun for example_display_name to None, run_after=None
[2025-03-27T16:36:28.411+0000] {processor.py:208} INFO - Processing /home/airflow/.local/lib/python3.12/site-packages/airflow/example_dags/example_display_name.py took 0.087 seconds
[2025-03-27T16:36:58.533+0000] {processor.py:186} INFO - Started process (PID=585) to work on /home/airflow/.local/lib/python3.12/site-packages/airflow/example_dags/example_display_name.py
[2025-03-27T16:36:58.534+0000] {processor.py:914} INFO - Processing file /home/airflow/.local/lib/python3.12/site-packages/airflow/example_dags/example_display_name.py for tasks to queue
[2025-03-27T16:36:58.537+0000] {logging_mixin.py:190} INFO - [2025-03-27T16:36:58.537+0000] {dagbag.py:588} INFO - Filling up the DagBag from /home/airflow/.local/lib/python3.12/site-packages/airflow/example_dags/example_display_name.py
[2025-03-27T16:36:58.546+0000] {processor.py:925} INFO - DAG(s) 'example_display_name' retrieved from /home/airflow/.local/lib/python3.12/site-packages/airflow/example_dags/example_display_name.py
[2025-03-27T16:36:58.579+0000] {logging_mixin.py:190} INFO - [2025-03-27T16:36:58.578+0000] {dag.py:3239} INFO - Sync 1 DAGs
[2025-03-27T16:36:58.601+0000] {logging_mixin.py:190} INFO - [2025-03-27T16:36:58.601+0000] {dag.py:4180} INFO - Setting next_dagrun for example_display_name to None, run_after=None
[2025-03-27T16:36:58.635+0000] {processor.py:208} INFO - Processing /home/airflow/.local/lib/python3.12/site-packages/airflow/example_dags/example_display_name.py took 0.109 seconds
[2025-03-27T16:37:29.235+0000] {processor.py:186} INFO - Started process (PID=649) to work on /home/airflow/.local/lib/python3.12/site-packages/airflow/example_dags/example_display_name.py
[2025-03-27T16:37:29.237+0000] {processor.py:914} INFO - Processing file /home/airflow/.local/lib/python3.12/site-packages/airflow/example_dags/example_display_name.py for tasks to queue
[2025-03-27T16:37:29.241+0000] {logging_mixin.py:190} INFO - [2025-03-27T16:37:29.241+0000] {dagbag.py:588} INFO - Filling up the DagBag from /home/airflow/.local/lib/python3.12/site-packages/airflow/example_dags/example_display_name.py
[2025-03-27T16:37:29.252+0000] {processor.py:925} INFO - DAG(s) 'example_display_name' retrieved from /home/airflow/.local/lib/python3.12/site-packages/airflow/example_dags/example_display_name.py
[2025-03-27T16:37:29.279+0000] {logging_mixin.py:190} INFO - [2025-03-27T16:37:29.278+0000] {dag.py:3239} INFO - Sync 1 DAGs
[2025-03-27T16:37:29.313+0000] {logging_mixin.py:190} INFO - [2025-03-27T16:37:29.312+0000] {dag.py:4180} INFO - Setting next_dagrun for example_display_name to None, run_after=None
[2025-03-27T16:37:29.355+0000] {processor.py:208} INFO - Processing /home/airflow/.local/lib/python3.12/site-packages/airflow/example_dags/example_display_name.py took 0.127 seconds
[2025-03-27T16:37:59.763+0000] {processor.py:186} INFO - Started process (PID=714) to work on /home/airflow/.local/lib/python3.12/site-packages/airflow/example_dags/example_display_name.py
[2025-03-27T16:37:59.764+0000] {processor.py:914} INFO - Processing file /home/airflow/.local/lib/python3.12/site-packages/airflow/example_dags/example_display_name.py for tasks to queue
[2025-03-27T16:37:59.768+0000] {logging_mixin.py:190} INFO - [2025-03-27T16:37:59.768+0000] {dagbag.py:588} INFO - Filling up the DagBag from /home/airflow/.local/lib/python3.12/site-packages/airflow/example_dags/example_display_name.py
[2025-03-27T16:37:59.777+0000] {processor.py:925} INFO - DAG(s) 'example_display_name' retrieved from /home/airflow/.local/lib/python3.12/site-packages/airflow/example_dags/example_display_name.py
[2025-03-27T16:37:59.798+0000] {logging_mixin.py:190} INFO - [2025-03-27T16:37:59.798+0000] {dag.py:3239} INFO - Sync 1 DAGs
[2025-03-27T16:37:59.813+0000] {logging_mixin.py:190} INFO - [2025-03-27T16:37:59.813+0000] {dag.py:4180} INFO - Setting next_dagrun for example_display_name to None, run_after=None
[2025-03-27T16:37:59.832+0000] {processor.py:208} INFO - Processing /home/airflow/.local/lib/python3.12/site-packages/airflow/example_dags/example_display_name.py took 0.075 seconds
[2025-03-27T16:38:30.512+0000] {processor.py:186} INFO - Started process (PID=780) to work on /home/airflow/.local/lib/python3.12/site-packages/airflow/example_dags/example_display_name.py
[2025-03-27T16:38:30.513+0000] {processor.py:914} INFO - Processing file /home/airflow/.local/lib/python3.12/site-packages/airflow/example_dags/example_display_name.py for tasks to queue
[2025-03-27T16:38:30.516+0000] {logging_mixin.py:190} INFO - [2025-03-27T16:38:30.515+0000] {dagbag.py:588} INFO - Filling up the DagBag from /home/airflow/.local/lib/python3.12/site-packages/airflow/example_dags/example_display_name.py
[2025-03-27T16:38:30.524+0000] {processor.py:925} INFO - DAG(s) 'example_display_name' retrieved from /home/airflow/.local/lib/python3.12/site-packages/airflow/example_dags/example_display_name.py
[2025-03-27T16:38:30.560+0000] {logging_mixin.py:190} INFO - [2025-03-27T16:38:30.559+0000] {dag.py:3239} INFO - Sync 1 DAGs
[2025-03-27T16:38:30.575+0000] {logging_mixin.py:190} INFO - [2025-03-27T16:38:30.574+0000] {dag.py:4180} INFO - Setting next_dagrun for example_display_name to None, run_after=None
[2025-03-27T16:38:30.593+0000] {processor.py:208} INFO - Processing /home/airflow/.local/lib/python3.12/site-packages/airflow/example_dags/example_display_name.py took 0.087 seconds
[2025-03-27T16:39:00.857+0000] {processor.py:186} INFO - Started process (PID=845) to work on /home/airflow/.local/lib/python3.12/site-packages/airflow/example_dags/example_display_name.py
[2025-03-27T16:39:00.858+0000] {processor.py:914} INFO - Processing file /home/airflow/.local/lib/python3.12/site-packages/airflow/example_dags/example_display_name.py for tasks to queue
[2025-03-27T16:39:00.861+0000] {logging_mixin.py:190} INFO - [2025-03-27T16:39:00.860+0000] {dagbag.py:588} INFO - Filling up the DagBag from /home/airflow/.local/lib/python3.12/site-packages/airflow/example_dags/example_display_name.py
[2025-03-27T16:39:00.871+0000] {processor.py:925} INFO - DAG(s) 'example_display_name' retrieved from /home/airflow/.local/lib/python3.12/site-packages/airflow/example_dags/example_display_name.py
[2025-03-27T16:39:00.893+0000] {logging_mixin.py:190} INFO - [2025-03-27T16:39:00.893+0000] {dag.py:3239} INFO - Sync 1 DAGs
[2025-03-27T16:39:00.910+0000] {logging_mixin.py:190} INFO - [2025-03-27T16:39:00.910+0000] {dag.py:4180} INFO - Setting next_dagrun for example_display_name to None, run_after=None
[2025-03-27T16:39:00.933+0000] {processor.py:208} INFO - Processing /home/airflow/.local/lib/python3.12/site-packages/airflow/example_dags/example_display_name.py took 0.082 seconds
[2025-03-27T16:39:31.123+0000] {processor.py:186} INFO - Started process (PID=910) to work on /home/airflow/.local/lib/python3.12/site-packages/airflow/example_dags/example_display_name.py
[2025-03-27T16:39:31.127+0000] {processor.py:914} INFO - Processing file /home/airflow/.local/lib/python3.12/site-packages/airflow/example_dags/example_display_name.py for tasks to queue
[2025-03-27T16:39:31.131+0000] {logging_mixin.py:190} INFO - [2025-03-27T16:39:31.131+0000] {dagbag.py:588} INFO - Filling up the DagBag from /home/airflow/.local/lib/python3.12/site-packages/airflow/example_dags/example_display_name.py
[2025-03-27T16:39:31.164+0000] {processor.py:925} INFO - DAG(s) 'example_display_name' retrieved from /home/airflow/.local/lib/python3.12/site-packages/airflow/example_dags/example_display_name.py
[2025-03-27T16:39:31.237+0000] {logging_mixin.py:190} INFO - [2025-03-27T16:39:31.236+0000] {dag.py:3239} INFO - Sync 1 DAGs
[2025-03-27T16:39:31.257+0000] {logging_mixin.py:190} INFO - [2025-03-27T16:39:31.257+0000] {dag.py:4180} INFO - Setting next_dagrun for example_display_name to None, run_after=None
[2025-03-27T16:39:31.304+0000] {processor.py:208} INFO - Processing /home/airflow/.local/lib/python3.12/site-packages/airflow/example_dags/example_display_name.py took 0.204 seconds
[2025-03-27T16:40:01.761+0000] {processor.py:186} INFO - Started process (PID=975) to work on /home/airflow/.local/lib/python3.12/site-packages/airflow/example_dags/example_display_name.py
[2025-03-27T16:40:01.764+0000] {processor.py:914} INFO - Processing file /home/airflow/.local/lib/python3.12/site-packages/airflow/example_dags/example_display_name.py for tasks to queue
[2025-03-27T16:40:01.768+0000] {logging_mixin.py:190} INFO - [2025-03-27T16:40:01.767+0000] {dagbag.py:588} INFO - Filling up the DagBag from /home/airflow/.local/lib/python3.12/site-packages/airflow/example_dags/example_display_name.py
[2025-03-27T16:40:01.778+0000] {processor.py:925} INFO - DAG(s) 'example_display_name' retrieved from /home/airflow/.local/lib/python3.12/site-packages/airflow/example_dags/example_display_name.py
[2025-03-27T16:40:01.800+0000] {logging_mixin.py:190} INFO - [2025-03-27T16:40:01.800+0000] {dag.py:3239} INFO - Sync 1 DAGs
[2025-03-27T16:40:01.822+0000] {logging_mixin.py:190} INFO - [2025-03-27T16:40:01.821+0000] {dag.py:4180} INFO - Setting next_dagrun for example_display_name to None, run_after=None
[2025-03-27T16:40:01.852+0000] {processor.py:208} INFO - Processing /home/airflow/.local/lib/python3.12/site-packages/airflow/example_dags/example_display_name.py took 0.104 seconds
[2025-03-27T16:40:32.788+0000] {processor.py:186} INFO - Started process (PID=1039) to work on /home/airflow/.local/lib/python3.12/site-packages/airflow/example_dags/example_display_name.py
[2025-03-27T16:40:32.791+0000] {processor.py:914} INFO - Processing file /home/airflow/.local/lib/python3.12/site-packages/airflow/example_dags/example_display_name.py for tasks to queue
[2025-03-27T16:40:32.795+0000] {logging_mixin.py:190} INFO - [2025-03-27T16:40:32.794+0000] {dagbag.py:588} INFO - Filling up the DagBag from /home/airflow/.local/lib/python3.12/site-packages/airflow/example_dags/example_display_name.py
[2025-03-27T16:40:32.811+0000] {processor.py:925} INFO - DAG(s) 'example_display_name' retrieved from /home/airflow/.local/lib/python3.12/site-packages/airflow/example_dags/example_display_name.py
[2025-03-27T16:40:32.865+0000] {logging_mixin.py:190} INFO - [2025-03-27T16:40:32.864+0000] {dag.py:3239} INFO - Sync 1 DAGs
[2025-03-27T16:40:32.903+0000] {logging_mixin.py:190} INFO - [2025-03-27T16:40:32.902+0000] {dag.py:4180} INFO - Setting next_dagrun for example_display_name to None, run_after=None
[2025-03-27T16:40:32.926+0000] {processor.py:208} INFO - Processing /home/airflow/.local/lib/python3.12/site-packages/airflow/example_dags/example_display_name.py took 0.150 seconds
[2025-03-27T16:41:03.214+0000] {processor.py:186} INFO - Started process (PID=1104) to work on /home/airflow/.local/lib/python3.12/site-packages/airflow/example_dags/example_display_name.py
[2025-03-27T16:41:03.217+0000] {processor.py:914} INFO - Processing file /home/airflow/.local/lib/python3.12/site-packages/airflow/example_dags/example_display_name.py for tasks to queue
[2025-03-27T16:41:03.222+0000] {logging_mixin.py:190} INFO - [2025-03-27T16:41:03.222+0000] {dagbag.py:588} INFO - Filling up the DagBag from /home/airflow/.local/lib/python3.12/site-packages/airflow/example_dags/example_display_name.py
[2025-03-27T16:41:03.240+0000] {processor.py:925} INFO - DAG(s) 'example_display_name' retrieved from /home/airflow/.local/lib/python3.12/site-packages/airflow/example_dags/example_display_name.py
[2025-03-27T16:41:03.282+0000] {logging_mixin.py:190} INFO - [2025-03-27T16:41:03.282+0000] {dag.py:3239} INFO - Sync 1 DAGs
[2025-03-27T16:41:03.306+0000] {logging_mixin.py:190} INFO - [2025-03-27T16:41:03.306+0000] {dag.py:4180} INFO - Setting next_dagrun for example_display_name to None, run_after=None
[2025-03-27T16:41:03.339+0000] {processor.py:208} INFO - Processing /home/airflow/.local/lib/python3.12/site-packages/airflow/example_dags/example_display_name.py took 0.138 seconds
[2025-03-27T16:41:33.515+0000] {processor.py:186} INFO - Started process (PID=1170) to work on /home/airflow/.local/lib/python3.12/site-packages/airflow/example_dags/example_display_name.py
[2025-03-27T16:41:33.517+0000] {processor.py:914} INFO - Processing file /home/airflow/.local/lib/python3.12/site-packages/airflow/example_dags/example_display_name.py for tasks to queue
[2025-03-27T16:41:33.522+0000] {logging_mixin.py:190} INFO - [2025-03-27T16:41:33.521+0000] {dagbag.py:588} INFO - Filling up the DagBag from /home/airflow/.local/lib/python3.12/site-packages/airflow/example_dags/example_display_name.py
[2025-03-27T16:41:33.531+0000] {processor.py:925} INFO - DAG(s) 'example_display_name' retrieved from /home/airflow/.local/lib/python3.12/site-packages/airflow/example_dags/example_display_name.py
[2025-03-27T16:41:33.571+0000] {logging_mixin.py:190} INFO - [2025-03-27T16:41:33.570+0000] {dag.py:3239} INFO - Sync 1 DAGs
[2025-03-27T16:41:33.595+0000] {logging_mixin.py:190} INFO - [2025-03-27T16:41:33.595+0000] {dag.py:4180} INFO - Setting next_dagrun for example_display_name to None, run_after=None
[2025-03-27T16:41:33.629+0000] {processor.py:208} INFO - Processing /home/airflow/.local/lib/python3.12/site-packages/airflow/example_dags/example_display_name.py took 0.122 seconds
[2025-03-27T16:42:03.717+0000] {processor.py:186} INFO - Started process (PID=1234) to work on /home/airflow/.local/lib/python3.12/site-packages/airflow/example_dags/example_display_name.py
[2025-03-27T16:42:03.718+0000] {processor.py:914} INFO - Processing file /home/airflow/.local/lib/python3.12/site-packages/airflow/example_dags/example_display_name.py for tasks to queue
[2025-03-27T16:42:03.721+0000] {logging_mixin.py:190} INFO - [2025-03-27T16:42:03.721+0000] {dagbag.py:588} INFO - Filling up the DagBag from /home/airflow/.local/lib/python3.12/site-packages/airflow/example_dags/example_display_name.py
[2025-03-27T16:42:03.732+0000] {processor.py:925} INFO - DAG(s) 'example_display_name' retrieved from /home/airflow/.local/lib/python3.12/site-packages/airflow/example_dags/example_display_name.py
[2025-03-27T16:42:03.764+0000] {logging_mixin.py:190} INFO - [2025-03-27T16:42:03.763+0000] {dag.py:3239} INFO - Sync 1 DAGs
[2025-03-27T16:42:03.784+0000] {logging_mixin.py:190} INFO - [2025-03-27T16:42:03.784+0000] {dag.py:4180} INFO - Setting next_dagrun for example_display_name to None, run_after=None
[2025-03-27T16:42:03.807+0000] {processor.py:208} INFO - Processing /home/airflow/.local/lib/python3.12/site-packages/airflow/example_dags/example_display_name.py took 0.098 seconds
[2025-03-27T16:42:33.928+0000] {processor.py:186} INFO - Started process (PID=1300) to work on /home/airflow/.local/lib/python3.12/site-packages/airflow/example_dags/example_display_name.py
[2025-03-27T16:42:33.930+0000] {processor.py:914} INFO - Processing file /home/airflow/.local/lib/python3.12/site-packages/airflow/example_dags/example_display_name.py for tasks to queue
[2025-03-27T16:42:33.934+0000] {logging_mixin.py:190} INFO - [2025-03-27T16:42:33.934+0000] {dagbag.py:588} INFO - Filling up the DagBag from /home/airflow/.local/lib/python3.12/site-packages/airflow/example_dags/example_display_name.py
[2025-03-27T16:42:33.945+0000] {processor.py:925} INFO - DAG(s) 'example_display_name' retrieved from /home/airflow/.local/lib/python3.12/site-packages/airflow/example_dags/example_display_name.py
[2025-03-27T16:42:33.969+0000] {logging_mixin.py:190} INFO - [2025-03-27T16:42:33.969+0000] {dag.py:3239} INFO - Sync 1 DAGs
[2025-03-27T16:42:33.987+0000] {logging_mixin.py:190} INFO - [2025-03-27T16:42:33.987+0000] {dag.py:4180} INFO - Setting next_dagrun for example_display_name to None, run_after=None
[2025-03-27T16:42:34.010+0000] {processor.py:208} INFO - Processing /home/airflow/.local/lib/python3.12/site-packages/airflow/example_dags/example_display_name.py took 0.092 seconds
[2025-03-27T16:43:04.800+0000] {processor.py:186} INFO - Started process (PID=1365) to work on /home/airflow/.local/lib/python3.12/site-packages/airflow/example_dags/example_display_name.py
[2025-03-27T16:43:04.802+0000] {processor.py:914} INFO - Processing file /home/airflow/.local/lib/python3.12/site-packages/airflow/example_dags/example_display_name.py for tasks to queue
[2025-03-27T16:43:04.808+0000] {logging_mixin.py:190} INFO - [2025-03-27T16:43:04.807+0000] {dagbag.py:588} INFO - Filling up the DagBag from /home/airflow/.local/lib/python3.12/site-packages/airflow/example_dags/example_display_name.py
[2025-03-27T16:43:04.825+0000] {processor.py:925} INFO - DAG(s) 'example_display_name' retrieved from /home/airflow/.local/lib/python3.12/site-packages/airflow/example_dags/example_display_name.py
[2025-03-27T16:43:04.851+0000] {logging_mixin.py:190} INFO - [2025-03-27T16:43:04.850+0000] {dag.py:3239} INFO - Sync 1 DAGs
[2025-03-27T16:43:04.890+0000] {logging_mixin.py:190} INFO - [2025-03-27T16:43:04.889+0000] {dag.py:4180} INFO - Setting next_dagrun for example_display_name to None, run_after=None
[2025-03-27T16:43:04.924+0000] {processor.py:208} INFO - Processing /home/airflow/.local/lib/python3.12/site-packages/airflow/example_dags/example_display_name.py took 0.139 seconds
[2025-03-27T16:43:35.035+0000] {processor.py:186} INFO - Started process (PID=1430) to work on /home/airflow/.local/lib/python3.12/site-packages/airflow/example_dags/example_display_name.py
[2025-03-27T16:43:35.037+0000] {processor.py:914} INFO - Processing file /home/airflow/.local/lib/python3.12/site-packages/airflow/example_dags/example_display_name.py for tasks to queue
[2025-03-27T16:43:35.040+0000] {logging_mixin.py:190} INFO - [2025-03-27T16:43:35.039+0000] {dagbag.py:588} INFO - Filling up the DagBag from /home/airflow/.local/lib/python3.12/site-packages/airflow/example_dags/example_display_name.py
[2025-03-27T16:43:35.050+0000] {processor.py:925} INFO - DAG(s) 'example_display_name' retrieved from /home/airflow/.local/lib/python3.12/site-packages/airflow/example_dags/example_display_name.py
[2025-03-27T16:43:35.071+0000] {logging_mixin.py:190} INFO - [2025-03-27T16:43:35.070+0000] {dag.py:3239} INFO - Sync 1 DAGs
[2025-03-27T16:43:35.089+0000] {logging_mixin.py:190} INFO - [2025-03-27T16:43:35.088+0000] {dag.py:4180} INFO - Setting next_dagrun for example_display_name to None, run_after=None
[2025-03-27T16:43:35.115+0000] {processor.py:208} INFO - Processing /home/airflow/.local/lib/python3.12/site-packages/airflow/example_dags/example_display_name.py took 0.087 seconds
[2025-03-27T16:44:05.450+0000] {processor.py:186} INFO - Started process (PID=1496) to work on /home/airflow/.local/lib/python3.12/site-packages/airflow/example_dags/example_display_name.py
[2025-03-27T16:44:05.452+0000] {processor.py:914} INFO - Processing file /home/airflow/.local/lib/python3.12/site-packages/airflow/example_dags/example_display_name.py for tasks to queue
[2025-03-27T16:44:05.454+0000] {logging_mixin.py:190} INFO - [2025-03-27T16:44:05.454+0000] {dagbag.py:588} INFO - Filling up the DagBag from /home/airflow/.local/lib/python3.12/site-packages/airflow/example_dags/example_display_name.py
[2025-03-27T16:44:05.460+0000] {processor.py:925} INFO - DAG(s) 'example_display_name' retrieved from /home/airflow/.local/lib/python3.12/site-packages/airflow/example_dags/example_display_name.py
[2025-03-27T16:44:05.479+0000] {logging_mixin.py:190} INFO - [2025-03-27T16:44:05.479+0000] {dag.py:3239} INFO - Sync 1 DAGs
[2025-03-27T16:44:05.491+0000] {logging_mixin.py:190} INFO - [2025-03-27T16:44:05.491+0000] {dag.py:4180} INFO - Setting next_dagrun for example_display_name to None, run_after=None
[2025-03-27T16:44:05.511+0000] {processor.py:208} INFO - Processing /home/airflow/.local/lib/python3.12/site-packages/airflow/example_dags/example_display_name.py took 0.065 seconds
[2025-03-27T16:44:35.974+0000] {processor.py:186} INFO - Started process (PID=1561) to work on /home/airflow/.local/lib/python3.12/site-packages/airflow/example_dags/example_display_name.py
[2025-03-27T16:44:35.977+0000] {processor.py:914} INFO - Processing file /home/airflow/.local/lib/python3.12/site-packages/airflow/example_dags/example_display_name.py for tasks to queue
[2025-03-27T16:44:35.983+0000] {logging_mixin.py:190} INFO - [2025-03-27T16:44:35.982+0000] {dagbag.py:588} INFO - Filling up the DagBag from /home/airflow/.local/lib/python3.12/site-packages/airflow/example_dags/example_display_name.py
[2025-03-27T16:44:35.996+0000] {processor.py:925} INFO - DAG(s) 'example_display_name' retrieved from /home/airflow/.local/lib/python3.12/site-packages/airflow/example_dags/example_display_name.py
[2025-03-27T16:44:36.027+0000] {logging_mixin.py:190} INFO - [2025-03-27T16:44:36.027+0000] {dag.py:3239} INFO - Sync 1 DAGs
[2025-03-27T16:44:36.052+0000] {logging_mixin.py:190} INFO - [2025-03-27T16:44:36.052+0000] {dag.py:4180} INFO - Setting next_dagrun for example_display_name to None, run_after=None
[2025-03-27T16:44:36.120+0000] {processor.py:208} INFO - Processing /home/airflow/.local/lib/python3.12/site-packages/airflow/example_dags/example_display_name.py took 0.157 seconds
[2025-03-27T16:45:06.228+0000] {processor.py:186} INFO - Started process (PID=1626) to work on /home/airflow/.local/lib/python3.12/site-packages/airflow/example_dags/example_display_name.py
[2025-03-27T16:45:06.230+0000] {processor.py:914} INFO - Processing file /home/airflow/.local/lib/python3.12/site-packages/airflow/example_dags/example_display_name.py for tasks to queue
[2025-03-27T16:45:06.234+0000] {logging_mixin.py:190} INFO - [2025-03-27T16:45:06.233+0000] {dagbag.py:588} INFO - Filling up the DagBag from /home/airflow/.local/lib/python3.12/site-packages/airflow/example_dags/example_display_name.py
[2025-03-27T16:45:06.246+0000] {processor.py:925} INFO - DAG(s) 'example_display_name' retrieved from /home/airflow/.local/lib/python3.12/site-packages/airflow/example_dags/example_display_name.py
[2025-03-27T16:45:06.268+0000] {logging_mixin.py:190} INFO - [2025-03-27T16:45:06.268+0000] {dag.py:3239} INFO - Sync 1 DAGs
[2025-03-27T16:45:06.284+0000] {logging_mixin.py:190} INFO - [2025-03-27T16:45:06.284+0000] {dag.py:4180} INFO - Setting next_dagrun for example_display_name to None, run_after=None
[2025-03-27T16:45:06.308+0000] {processor.py:208} INFO - Processing /home/airflow/.local/lib/python3.12/site-packages/airflow/example_dags/example_display_name.py took 0.091 seconds
[2025-03-27T16:45:36.943+0000] {processor.py:186} INFO - Started process (PID=1690) to work on /home/airflow/.local/lib/python3.12/site-packages/airflow/example_dags/example_display_name.py
[2025-03-27T16:45:36.946+0000] {processor.py:914} INFO - Processing file /home/airflow/.local/lib/python3.12/site-packages/airflow/example_dags/example_display_name.py for tasks to queue
[2025-03-27T16:45:36.952+0000] {logging_mixin.py:190} INFO - [2025-03-27T16:45:36.951+0000] {dagbag.py:588} INFO - Filling up the DagBag from /home/airflow/.local/lib/python3.12/site-packages/airflow/example_dags/example_display_name.py
[2025-03-27T16:45:36.966+0000] {processor.py:925} INFO - DAG(s) 'example_display_name' retrieved from /home/airflow/.local/lib/python3.12/site-packages/airflow/example_dags/example_display_name.py
[2025-03-27T16:45:36.999+0000] {logging_mixin.py:190} INFO - [2025-03-27T16:45:36.999+0000] {dag.py:3239} INFO - Sync 1 DAGs
[2025-03-27T16:45:37.027+0000] {logging_mixin.py:190} INFO - [2025-03-27T16:45:37.027+0000] {dag.py:4180} INFO - Setting next_dagrun for example_display_name to None, run_after=None
[2025-03-27T16:45:37.054+0000] {processor.py:208} INFO - Processing /home/airflow/.local/lib/python3.12/site-packages/airflow/example_dags/example_display_name.py took 0.128 seconds
[2025-03-27T16:46:07.641+0000] {processor.py:186} INFO - Started process (PID=1755) to work on /home/airflow/.local/lib/python3.12/site-packages/airflow/example_dags/example_display_name.py
[2025-03-27T16:46:07.644+0000] {processor.py:914} INFO - Processing file /home/airflow/.local/lib/python3.12/site-packages/airflow/example_dags/example_display_name.py for tasks to queue
[2025-03-27T16:46:07.650+0000] {logging_mixin.py:190} INFO - [2025-03-27T16:46:07.649+0000] {dagbag.py:588} INFO - Filling up the DagBag from /home/airflow/.local/lib/python3.12/site-packages/airflow/example_dags/example_display_name.py
[2025-03-27T16:46:07.671+0000] {processor.py:925} INFO - DAG(s) 'example_display_name' retrieved from /home/airflow/.local/lib/python3.12/site-packages/airflow/example_dags/example_display_name.py
[2025-03-27T16:46:07.710+0000] {logging_mixin.py:190} INFO - [2025-03-27T16:46:07.710+0000] {dag.py:3239} INFO - Sync 1 DAGs
[2025-03-27T16:46:07.736+0000] {logging_mixin.py:190} INFO - [2025-03-27T16:46:07.736+0000] {dag.py:4180} INFO - Setting next_dagrun for example_display_name to None, run_after=None
[2025-03-27T16:46:07.781+0000] {processor.py:208} INFO - Processing /home/airflow/.local/lib/python3.12/site-packages/airflow/example_dags/example_display_name.py took 0.150 seconds
[2025-03-27T16:46:38.454+0000] {processor.py:186} INFO - Started process (PID=1820) to work on /home/airflow/.local/lib/python3.12/site-packages/airflow/example_dags/example_display_name.py
[2025-03-27T16:46:38.457+0000] {processor.py:914} INFO - Processing file /home/airflow/.local/lib/python3.12/site-packages/airflow/example_dags/example_display_name.py for tasks to queue
[2025-03-27T16:46:38.465+0000] {logging_mixin.py:190} INFO - [2025-03-27T16:46:38.464+0000] {dagbag.py:588} INFO - Filling up the DagBag from /home/airflow/.local/lib/python3.12/site-packages/airflow/example_dags/example_display_name.py
[2025-03-27T16:46:38.486+0000] {processor.py:925} INFO - DAG(s) 'example_display_name' retrieved from /home/airflow/.local/lib/python3.12/site-packages/airflow/example_dags/example_display_name.py
[2025-03-27T16:46:38.530+0000] {logging_mixin.py:190} INFO - [2025-03-27T16:46:38.530+0000] {dag.py:3239} INFO - Sync 1 DAGs
[2025-03-27T16:46:38.560+0000] {logging_mixin.py:190} INFO - [2025-03-27T16:46:38.559+0000] {dag.py:4180} INFO - Setting next_dagrun for example_display_name to None, run_after=None
[2025-03-27T16:46:38.592+0000] {processor.py:208} INFO - Processing /home/airflow/.local/lib/python3.12/site-packages/airflow/example_dags/example_display_name.py took 0.158 seconds
[2025-03-27T16:47:08.883+0000] {processor.py:186} INFO - Started process (PID=1884) to work on /home/airflow/.local/lib/python3.12/site-packages/airflow/example_dags/example_display_name.py
[2025-03-27T16:47:08.885+0000] {processor.py:914} INFO - Processing file /home/airflow/.local/lib/python3.12/site-packages/airflow/example_dags/example_display_name.py for tasks to queue
[2025-03-27T16:47:08.888+0000] {logging_mixin.py:190} INFO - [2025-03-27T16:47:08.888+0000] {dagbag.py:588} INFO - Filling up the DagBag from /home/airflow/.local/lib/python3.12/site-packages/airflow/example_dags/example_display_name.py
[2025-03-27T16:47:08.897+0000] {processor.py:925} INFO - DAG(s) 'example_display_name' retrieved from /home/airflow/.local/lib/python3.12/site-packages/airflow/example_dags/example_display_name.py
[2025-03-27T16:47:08.925+0000] {logging_mixin.py:190} INFO - [2025-03-27T16:47:08.925+0000] {dag.py:3239} INFO - Sync 1 DAGs
[2025-03-27T16:47:08.947+0000] {logging_mixin.py:190} INFO - [2025-03-27T16:47:08.947+0000] {dag.py:4180} INFO - Setting next_dagrun for example_display_name to None, run_after=None
[2025-03-27T16:47:08.982+0000] {processor.py:208} INFO - Processing /home/airflow/.local/lib/python3.12/site-packages/airflow/example_dags/example_display_name.py took 0.106 seconds
[2025-03-27T16:47:39.132+0000] {processor.py:186} INFO - Started process (PID=1948) to work on /home/airflow/.local/lib/python3.12/site-packages/airflow/example_dags/example_display_name.py
[2025-03-27T16:47:39.133+0000] {processor.py:914} INFO - Processing file /home/airflow/.local/lib/python3.12/site-packages/airflow/example_dags/example_display_name.py for tasks to queue
[2025-03-27T16:47:39.137+0000] {logging_mixin.py:190} INFO - [2025-03-27T16:47:39.136+0000] {dagbag.py:588} INFO - Filling up the DagBag from /home/airflow/.local/lib/python3.12/site-packages/airflow/example_dags/example_display_name.py
[2025-03-27T16:47:39.146+0000] {processor.py:925} INFO - DAG(s) 'example_display_name' retrieved from /home/airflow/.local/lib/python3.12/site-packages/airflow/example_dags/example_display_name.py
[2025-03-27T16:47:39.166+0000] {logging_mixin.py:190} INFO - [2025-03-27T16:47:39.166+0000] {dag.py:3239} INFO - Sync 1 DAGs
[2025-03-27T16:47:39.184+0000] {logging_mixin.py:190} INFO - [2025-03-27T16:47:39.184+0000] {dag.py:4180} INFO - Setting next_dagrun for example_display_name to None, run_after=None
[2025-03-27T16:47:39.203+0000] {processor.py:208} INFO - Processing /home/airflow/.local/lib/python3.12/site-packages/airflow/example_dags/example_display_name.py took 0.079 seconds
[2025-03-27T16:48:09.743+0000] {processor.py:186} INFO - Started process (PID=2013) to work on /home/airflow/.local/lib/python3.12/site-packages/airflow/example_dags/example_display_name.py
[2025-03-27T16:48:09.745+0000] {processor.py:914} INFO - Processing file /home/airflow/.local/lib/python3.12/site-packages/airflow/example_dags/example_display_name.py for tasks to queue
[2025-03-27T16:48:09.748+0000] {logging_mixin.py:190} INFO - [2025-03-27T16:48:09.748+0000] {dagbag.py:588} INFO - Filling up the DagBag from /home/airflow/.local/lib/python3.12/site-packages/airflow/example_dags/example_display_name.py
[2025-03-27T16:48:09.759+0000] {processor.py:925} INFO - DAG(s) 'example_display_name' retrieved from /home/airflow/.local/lib/python3.12/site-packages/airflow/example_dags/example_display_name.py
[2025-03-27T16:48:09.785+0000] {logging_mixin.py:190} INFO - [2025-03-27T16:48:09.785+0000] {dag.py:3239} INFO - Sync 1 DAGs
[2025-03-27T16:48:09.808+0000] {logging_mixin.py:190} INFO - [2025-03-27T16:48:09.808+0000] {dag.py:4180} INFO - Setting next_dagrun for example_display_name to None, run_after=None
[2025-03-27T16:48:09.827+0000] {processor.py:208} INFO - Processing /home/airflow/.local/lib/python3.12/site-packages/airflow/example_dags/example_display_name.py took 0.090 seconds
[2025-03-27T16:48:40.625+0000] {processor.py:186} INFO - Started process (PID=2078) to work on /home/airflow/.local/lib/python3.12/site-packages/airflow/example_dags/example_display_name.py
[2025-03-27T16:48:40.626+0000] {processor.py:914} INFO - Processing file /home/airflow/.local/lib/python3.12/site-packages/airflow/example_dags/example_display_name.py for tasks to queue
[2025-03-27T16:48:40.629+0000] {logging_mixin.py:190} INFO - [2025-03-27T16:48:40.628+0000] {dagbag.py:588} INFO - Filling up the DagBag from /home/airflow/.local/lib/python3.12/site-packages/airflow/example_dags/example_display_name.py
[2025-03-27T16:48:40.638+0000] {processor.py:925} INFO - DAG(s) 'example_display_name' retrieved from /home/airflow/.local/lib/python3.12/site-packages/airflow/example_dags/example_display_name.py
[2025-03-27T16:48:40.656+0000] {logging_mixin.py:190} INFO - [2025-03-27T16:48:40.656+0000] {dag.py:3239} INFO - Sync 1 DAGs
[2025-03-27T16:48:40.673+0000] {logging_mixin.py:190} INFO - [2025-03-27T16:48:40.673+0000] {dag.py:4180} INFO - Setting next_dagrun for example_display_name to None, run_after=None
[2025-03-27T16:48:40.692+0000] {processor.py:208} INFO - Processing /home/airflow/.local/lib/python3.12/site-packages/airflow/example_dags/example_display_name.py took 0.073 seconds
[2025-03-27T16:49:11.089+0000] {processor.py:186} INFO - Started process (PID=2143) to work on /home/airflow/.local/lib/python3.12/site-packages/airflow/example_dags/example_display_name.py
[2025-03-27T16:49:11.090+0000] {processor.py:914} INFO - Processing file /home/airflow/.local/lib/python3.12/site-packages/airflow/example_dags/example_display_name.py for tasks to queue
[2025-03-27T16:49:11.092+0000] {logging_mixin.py:190} INFO - [2025-03-27T16:49:11.092+0000] {dagbag.py:588} INFO - Filling up the DagBag from /home/airflow/.local/lib/python3.12/site-packages/airflow/example_dags/example_display_name.py
[2025-03-27T16:49:11.100+0000] {processor.py:925} INFO - DAG(s) 'example_display_name' retrieved from /home/airflow/.local/lib/python3.12/site-packages/airflow/example_dags/example_display_name.py
[2025-03-27T16:49:11.120+0000] {logging_mixin.py:190} INFO - [2025-03-27T16:49:11.119+0000] {dag.py:3239} INFO - Sync 1 DAGs
[2025-03-27T16:49:11.140+0000] {logging_mixin.py:190} INFO - [2025-03-27T16:49:11.140+0000] {dag.py:4180} INFO - Setting next_dagrun for example_display_name to None, run_after=None
[2025-03-27T16:49:11.167+0000] {processor.py:208} INFO - Processing /home/airflow/.local/lib/python3.12/site-packages/airflow/example_dags/example_display_name.py took 0.083 seconds
[2025-03-27T16:49:42.108+0000] {processor.py:186} INFO - Started process (PID=2208) to work on /home/airflow/.local/lib/python3.12/site-packages/airflow/example_dags/example_display_name.py
[2025-03-27T16:49:42.110+0000] {processor.py:914} INFO - Processing file /home/airflow/.local/lib/python3.12/site-packages/airflow/example_dags/example_display_name.py for tasks to queue
[2025-03-27T16:49:42.113+0000] {logging_mixin.py:190} INFO - [2025-03-27T16:49:42.112+0000] {dagbag.py:588} INFO - Filling up the DagBag from /home/airflow/.local/lib/python3.12/site-packages/airflow/example_dags/example_display_name.py
[2025-03-27T16:49:42.121+0000] {processor.py:925} INFO - DAG(s) 'example_display_name' retrieved from /home/airflow/.local/lib/python3.12/site-packages/airflow/example_dags/example_display_name.py
[2025-03-27T16:49:42.145+0000] {logging_mixin.py:190} INFO - [2025-03-27T16:49:42.145+0000] {dag.py:3239} INFO - Sync 1 DAGs
[2025-03-27T16:49:42.161+0000] {logging_mixin.py:190} INFO - [2025-03-27T16:49:42.161+0000] {dag.py:4180} INFO - Setting next_dagrun for example_display_name to None, run_after=None
[2025-03-27T16:49:42.186+0000] {processor.py:208} INFO - Processing /home/airflow/.local/lib/python3.12/site-packages/airflow/example_dags/example_display_name.py took 0.084 seconds
[2025-03-27T16:50:12.494+0000] {processor.py:186} INFO - Started process (PID=2273) to work on /home/airflow/.local/lib/python3.12/site-packages/airflow/example_dags/example_display_name.py
[2025-03-27T16:50:12.496+0000] {processor.py:914} INFO - Processing file /home/airflow/.local/lib/python3.12/site-packages/airflow/example_dags/example_display_name.py for tasks to queue
[2025-03-27T16:50:12.499+0000] {logging_mixin.py:190} INFO - [2025-03-27T16:50:12.499+0000] {dagbag.py:588} INFO - Filling up the DagBag from /home/airflow/.local/lib/python3.12/site-packages/airflow/example_dags/example_display_name.py
[2025-03-27T16:50:12.508+0000] {processor.py:925} INFO - DAG(s) 'example_display_name' retrieved from /home/airflow/.local/lib/python3.12/site-packages/airflow/example_dags/example_display_name.py
[2025-03-27T16:50:12.529+0000] {logging_mixin.py:190} INFO - [2025-03-27T16:50:12.529+0000] {dag.py:3239} INFO - Sync 1 DAGs
[2025-03-27T16:50:12.552+0000] {logging_mixin.py:190} INFO - [2025-03-27T16:50:12.552+0000] {dag.py:4180} INFO - Setting next_dagrun for example_display_name to None, run_after=None
[2025-03-27T16:50:12.574+0000] {processor.py:208} INFO - Processing /home/airflow/.local/lib/python3.12/site-packages/airflow/example_dags/example_display_name.py took 0.087 seconds
[2025-03-27T16:50:43.391+0000] {processor.py:186} INFO - Started process (PID=2338) to work on /home/airflow/.local/lib/python3.12/site-packages/airflow/example_dags/example_display_name.py
[2025-03-27T16:50:43.394+0000] {processor.py:914} INFO - Processing file /home/airflow/.local/lib/python3.12/site-packages/airflow/example_dags/example_display_name.py for tasks to queue
[2025-03-27T16:50:43.397+0000] {logging_mixin.py:190} INFO - [2025-03-27T16:50:43.396+0000] {dagbag.py:588} INFO - Filling up the DagBag from /home/airflow/.local/lib/python3.12/site-packages/airflow/example_dags/example_display_name.py
[2025-03-27T16:50:43.408+0000] {processor.py:925} INFO - DAG(s) 'example_display_name' retrieved from /home/airflow/.local/lib/python3.12/site-packages/airflow/example_dags/example_display_name.py
[2025-03-27T16:50:43.439+0000] {logging_mixin.py:190} INFO - [2025-03-27T16:50:43.439+0000] {dag.py:3239} INFO - Sync 1 DAGs
[2025-03-27T16:50:43.473+0000] {logging_mixin.py:190} INFO - [2025-03-27T16:50:43.473+0000] {dag.py:4180} INFO - Setting next_dagrun for example_display_name to None, run_after=None
[2025-03-27T16:50:43.500+0000] {processor.py:208} INFO - Processing /home/airflow/.local/lib/python3.12/site-packages/airflow/example_dags/example_display_name.py took 0.119 seconds
[2025-03-27T16:51:13.723+0000] {processor.py:186} INFO - Started process (PID=2402) to work on /home/airflow/.local/lib/python3.12/site-packages/airflow/example_dags/example_display_name.py
[2025-03-27T16:51:13.725+0000] {processor.py:914} INFO - Processing file /home/airflow/.local/lib/python3.12/site-packages/airflow/example_dags/example_display_name.py for tasks to queue
[2025-03-27T16:51:13.728+0000] {logging_mixin.py:190} INFO - [2025-03-27T16:51:13.727+0000] {dagbag.py:588} INFO - Filling up the DagBag from /home/airflow/.local/lib/python3.12/site-packages/airflow/example_dags/example_display_name.py
[2025-03-27T16:51:13.739+0000] {processor.py:925} INFO - DAG(s) 'example_display_name' retrieved from /home/airflow/.local/lib/python3.12/site-packages/airflow/example_dags/example_display_name.py
[2025-03-27T16:51:13.772+0000] {logging_mixin.py:190} INFO - [2025-03-27T16:51:13.772+0000] {dag.py:3239} INFO - Sync 1 DAGs
[2025-03-27T16:51:13.792+0000] {logging_mixin.py:190} INFO - [2025-03-27T16:51:13.792+0000] {dag.py:4180} INFO - Setting next_dagrun for example_display_name to None, run_after=None
[2025-03-27T16:51:13.816+0000] {processor.py:208} INFO - Processing /home/airflow/.local/lib/python3.12/site-packages/airflow/example_dags/example_display_name.py took 0.101 seconds
[2025-03-27T16:52:59.375+0000] {processor.py:186} INFO - Started process (PID=80) to work on /home/airflow/.local/lib/python3.12/site-packages/airflow/example_dags/example_display_name.py
[2025-03-27T16:52:59.376+0000] {processor.py:914} INFO - Processing file /home/airflow/.local/lib/python3.12/site-packages/airflow/example_dags/example_display_name.py for tasks to queue
[2025-03-27T16:52:59.382+0000] {logging_mixin.py:190} INFO - [2025-03-27T16:52:59.381+0000] {dagbag.py:588} INFO - Filling up the DagBag from /home/airflow/.local/lib/python3.12/site-packages/airflow/example_dags/example_display_name.py
[2025-03-27T16:52:59.394+0000] {processor.py:925} INFO - DAG(s) 'example_display_name' retrieved from /home/airflow/.local/lib/python3.12/site-packages/airflow/example_dags/example_display_name.py
[2025-03-27T16:52:59.435+0000] {logging_mixin.py:190} INFO - [2025-03-27T16:52:59.435+0000] {dag.py:3239} INFO - Sync 1 DAGs
[2025-03-27T16:52:59.461+0000] {logging_mixin.py:190} INFO - [2025-03-27T16:52:59.460+0000] {dag.py:4180} INFO - Setting next_dagrun for example_display_name to None, run_after=None
[2025-03-27T16:52:59.489+0000] {processor.py:208} INFO - Processing /home/airflow/.local/lib/python3.12/site-packages/airflow/example_dags/example_display_name.py took 0.122 seconds
