[2025-03-27T16:33:07.031+0000] {processor.py:186} INFO - Started process (PID=107) to work on /home/airflow/.local/lib/python3.12/site-packages/airflow/example_dags/example_inlet_event_extra.py
[2025-03-27T16:33:07.033+0000] {processor.py:914} INFO - Processing file /home/airflow/.local/lib/python3.12/site-packages/airflow/example_dags/example_inlet_event_extra.py for tasks to queue
[2025-03-27T16:33:07.038+0000] {logging_mixin.py:190} INFO - [2025-03-27T16:33:07.038+0000] {dagbag.py:588} INFO - Filling up the DagBag from /home/airflow/.local/lib/python3.12/site-packages/airflow/example_dags/example_inlet_event_extra.py
[2025-03-27T16:33:08.159+0000] {processor.py:925} INFO - DAG(s) 'read_dataset_event_from_classic', 'read_dataset_event' retrieved from /home/airflow/.local/lib/python3.12/site-packages/airflow/example_dags/example_inlet_event_extra.py
[2025-03-27T16:33:08.334+0000] {logging_mixin.py:190} INFO - [2025-03-27T16:33:08.333+0000] {override.py:1912} INFO - Created Permission View: can read on DAG:read_dataset_event_from_classic
[2025-03-27T16:33:08.347+0000] {logging_mixin.py:190} INFO - [2025-03-27T16:33:08.346+0000] {override.py:1912} INFO - Created Permission View: can delete on DAG:read_dataset_event_from_classic
[2025-03-27T16:33:08.358+0000] {logging_mixin.py:190} INFO - [2025-03-27T16:33:08.358+0000] {override.py:1912} INFO - Created Permission View: can edit on DAG:read_dataset_event_from_classic
[2025-03-27T16:33:08.369+0000] {logging_mixin.py:190} INFO - [2025-03-27T16:33:08.369+0000] {override.py:1912} INFO - Created Permission View: can read on DAG Run:read_dataset_event_from_classic
[2025-03-27T16:33:08.377+0000] {logging_mixin.py:190} INFO - [2025-03-27T16:33:08.376+0000] {override.py:1912} INFO - Created Permission View: menu access on DAG Run:read_dataset_event_from_classic
[2025-03-27T16:33:08.386+0000] {logging_mixin.py:190} INFO - [2025-03-27T16:33:08.385+0000] {override.py:1912} INFO - Created Permission View: can create on DAG Run:read_dataset_event_from_classic
[2025-03-27T16:33:08.393+0000] {logging_mixin.py:190} INFO - [2025-03-27T16:33:08.392+0000] {override.py:1912} INFO - Created Permission View: can delete on DAG Run:read_dataset_event_from_classic
[2025-03-27T16:33:08.419+0000] {logging_mixin.py:190} INFO - [2025-03-27T16:33:08.418+0000] {override.py:1912} INFO - Created Permission View: can read on DAG:read_dataset_event
[2025-03-27T16:33:08.431+0000] {logging_mixin.py:190} INFO - [2025-03-27T16:33:08.431+0000] {override.py:1912} INFO - Created Permission View: can delete on DAG:read_dataset_event
[2025-03-27T16:33:08.443+0000] {logging_mixin.py:190} INFO - [2025-03-27T16:33:08.442+0000] {override.py:1912} INFO - Created Permission View: can edit on DAG:read_dataset_event
[2025-03-27T16:33:08.452+0000] {logging_mixin.py:190} INFO - [2025-03-27T16:33:08.452+0000] {override.py:1912} INFO - Created Permission View: can read on DAG Run:read_dataset_event
[2025-03-27T16:33:08.460+0000] {logging_mixin.py:190} INFO - [2025-03-27T16:33:08.460+0000] {override.py:1912} INFO - Created Permission View: menu access on DAG Run:read_dataset_event
[2025-03-27T16:33:08.470+0000] {logging_mixin.py:190} INFO - [2025-03-27T16:33:08.470+0000] {override.py:1912} INFO - Created Permission View: can create on DAG Run:read_dataset_event
[2025-03-27T16:33:08.480+0000] {logging_mixin.py:190} INFO - [2025-03-27T16:33:08.479+0000] {override.py:1912} INFO - Created Permission View: can delete on DAG Run:read_dataset_event
[2025-03-27T16:33:08.481+0000] {logging_mixin.py:190} INFO - [2025-03-27T16:33:08.481+0000] {dag.py:3239} INFO - Sync 2 DAGs
[2025-03-27T16:33:08.496+0000] {logging_mixin.py:190} INFO - [2025-03-27T16:33:08.496+0000] {dag.py:3262} INFO - Creating ORM DAG for read_dataset_event_from_classic
[2025-03-27T16:33:08.498+0000] {logging_mixin.py:190} INFO - [2025-03-27T16:33:08.498+0000] {dag.py:3262} INFO - Creating ORM DAG for read_dataset_event
[2025-03-27T16:33:08.510+0000] {logging_mixin.py:190} INFO - [2025-03-27T16:33:08.509+0000] {dag.py:4180} INFO - Setting next_dagrun for read_dataset_event to 2025-03-26 00:00:00+00:00, run_after=2025-03-27 00:00:00+00:00
[2025-03-27T16:33:08.512+0000] {logging_mixin.py:190} INFO - [2025-03-27T16:33:08.512+0000] {dag.py:4180} INFO - Setting next_dagrun for read_dataset_event_from_classic to 2025-03-26 00:00:00+00:00, run_after=2025-03-27 00:00:00+00:00
[2025-03-27T16:33:08.538+0000] {processor.py:208} INFO - Processing /home/airflow/.local/lib/python3.12/site-packages/airflow/example_dags/example_inlet_event_extra.py took 1.516 seconds
[2025-03-27T16:33:38.764+0000] {processor.py:186} INFO - Started process (PID=172) to work on /home/airflow/.local/lib/python3.12/site-packages/airflow/example_dags/example_inlet_event_extra.py
[2025-03-27T16:33:38.766+0000] {processor.py:914} INFO - Processing file /home/airflow/.local/lib/python3.12/site-packages/airflow/example_dags/example_inlet_event_extra.py for tasks to queue
[2025-03-27T16:33:38.769+0000] {logging_mixin.py:190} INFO - [2025-03-27T16:33:38.769+0000] {dagbag.py:588} INFO - Filling up the DagBag from /home/airflow/.local/lib/python3.12/site-packages/airflow/example_dags/example_inlet_event_extra.py
[2025-03-27T16:33:39.533+0000] {processor.py:925} INFO - DAG(s) 'read_dataset_event', 'read_dataset_event_from_classic' retrieved from /home/airflow/.local/lib/python3.12/site-packages/airflow/example_dags/example_inlet_event_extra.py
[2025-03-27T16:33:39.554+0000] {logging_mixin.py:190} INFO - [2025-03-27T16:33:39.553+0000] {dag.py:3239} INFO - Sync 2 DAGs
[2025-03-27T16:33:39.594+0000] {logging_mixin.py:190} INFO - [2025-03-27T16:33:39.594+0000] {dag.py:4180} INFO - Setting next_dagrun for read_dataset_event to 2025-03-26 00:00:00+00:00, run_after=2025-03-27 00:00:00+00:00
[2025-03-27T16:33:39.605+0000] {logging_mixin.py:190} INFO - [2025-03-27T16:33:39.604+0000] {dag.py:4180} INFO - Setting next_dagrun for read_dataset_event_from_classic to 2025-03-26 00:00:00+00:00, run_after=2025-03-27 00:00:00+00:00
[2025-03-27T16:33:39.676+0000] {processor.py:208} INFO - Processing /home/airflow/.local/lib/python3.12/site-packages/airflow/example_dags/example_inlet_event_extra.py took 0.919 seconds
[2025-03-27T16:34:10.586+0000] {processor.py:186} INFO - Started process (PID=235) to work on /home/airflow/.local/lib/python3.12/site-packages/airflow/example_dags/example_inlet_event_extra.py
[2025-03-27T16:34:10.593+0000] {processor.py:914} INFO - Processing file /home/airflow/.local/lib/python3.12/site-packages/airflow/example_dags/example_inlet_event_extra.py for tasks to queue
[2025-03-27T16:34:10.598+0000] {logging_mixin.py:190} INFO - [2025-03-27T16:34:10.597+0000] {dagbag.py:588} INFO - Filling up the DagBag from /home/airflow/.local/lib/python3.12/site-packages/airflow/example_dags/example_inlet_event_extra.py
[2025-03-27T16:34:11.382+0000] {processor.py:925} INFO - DAG(s) 'read_dataset_event_from_classic', 'read_dataset_event' retrieved from /home/airflow/.local/lib/python3.12/site-packages/airflow/example_dags/example_inlet_event_extra.py
[2025-03-27T16:34:11.440+0000] {logging_mixin.py:190} INFO - [2025-03-27T16:34:11.440+0000] {dag.py:3239} INFO - Sync 2 DAGs
[2025-03-27T16:34:11.472+0000] {logging_mixin.py:190} INFO - [2025-03-27T16:34:11.471+0000] {dag.py:4180} INFO - Setting next_dagrun for read_dataset_event to 2025-03-26 00:00:00+00:00, run_after=2025-03-27 00:00:00+00:00
[2025-03-27T16:34:11.477+0000] {logging_mixin.py:190} INFO - [2025-03-27T16:34:11.477+0000] {dag.py:4180} INFO - Setting next_dagrun for read_dataset_event_from_classic to 2025-03-26 00:00:00+00:00, run_after=2025-03-27 00:00:00+00:00
[2025-03-27T16:34:11.499+0000] {processor.py:208} INFO - Processing /home/airflow/.local/lib/python3.12/site-packages/airflow/example_dags/example_inlet_event_extra.py took 0.922 seconds
[2025-03-27T16:34:41.632+0000] {processor.py:186} INFO - Started process (PID=302) to work on /home/airflow/.local/lib/python3.12/site-packages/airflow/example_dags/example_inlet_event_extra.py
[2025-03-27T16:34:41.634+0000] {processor.py:914} INFO - Processing file /home/airflow/.local/lib/python3.12/site-packages/airflow/example_dags/example_inlet_event_extra.py for tasks to queue
[2025-03-27T16:34:41.639+0000] {logging_mixin.py:190} INFO - [2025-03-27T16:34:41.638+0000] {dagbag.py:588} INFO - Filling up the DagBag from /home/airflow/.local/lib/python3.12/site-packages/airflow/example_dags/example_inlet_event_extra.py
[2025-03-27T16:34:42.564+0000] {processor.py:925} INFO - DAG(s) 'read_dataset_event', 'read_dataset_event_from_classic' retrieved from /home/airflow/.local/lib/python3.12/site-packages/airflow/example_dags/example_inlet_event_extra.py
[2025-03-27T16:34:42.584+0000] {logging_mixin.py:190} INFO - [2025-03-27T16:34:42.584+0000] {dag.py:3239} INFO - Sync 2 DAGs
[2025-03-27T16:34:42.615+0000] {logging_mixin.py:190} INFO - [2025-03-27T16:34:42.615+0000] {dag.py:4180} INFO - Setting next_dagrun for read_dataset_event to 2025-03-26 00:00:00+00:00, run_after=2025-03-27 00:00:00+00:00
[2025-03-27T16:34:42.628+0000] {logging_mixin.py:190} INFO - [2025-03-27T16:34:42.627+0000] {dag.py:4180} INFO - Setting next_dagrun for read_dataset_event_from_classic to 2025-03-26 00:00:00+00:00, run_after=2025-03-27 00:00:00+00:00
[2025-03-27T16:34:42.706+0000] {processor.py:208} INFO - Processing /home/airflow/.local/lib/python3.12/site-packages/airflow/example_dags/example_inlet_event_extra.py took 1.082 seconds
[2025-03-27T16:35:13.076+0000] {processor.py:186} INFO - Started process (PID=369) to work on /home/airflow/.local/lib/python3.12/site-packages/airflow/example_dags/example_inlet_event_extra.py
[2025-03-27T16:35:13.078+0000] {processor.py:914} INFO - Processing file /home/airflow/.local/lib/python3.12/site-packages/airflow/example_dags/example_inlet_event_extra.py for tasks to queue
[2025-03-27T16:35:13.081+0000] {logging_mixin.py:190} INFO - [2025-03-27T16:35:13.080+0000] {dagbag.py:588} INFO - Filling up the DagBag from /home/airflow/.local/lib/python3.12/site-packages/airflow/example_dags/example_inlet_event_extra.py
[2025-03-27T16:35:13.903+0000] {processor.py:925} INFO - DAG(s) 'read_dataset_event', 'read_dataset_event_from_classic' retrieved from /home/airflow/.local/lib/python3.12/site-packages/airflow/example_dags/example_inlet_event_extra.py
[2025-03-27T16:35:13.923+0000] {logging_mixin.py:190} INFO - [2025-03-27T16:35:13.923+0000] {dag.py:3239} INFO - Sync 2 DAGs
[2025-03-27T16:35:13.961+0000] {logging_mixin.py:190} INFO - [2025-03-27T16:35:13.961+0000] {dag.py:4180} INFO - Setting next_dagrun for read_dataset_event to 2025-03-26 00:00:00+00:00, run_after=2025-03-27 00:00:00+00:00
[2025-03-27T16:35:13.967+0000] {logging_mixin.py:190} INFO - [2025-03-27T16:35:13.967+0000] {dag.py:4180} INFO - Setting next_dagrun for read_dataset_event_from_classic to 2025-03-26 00:00:00+00:00, run_after=2025-03-27 00:00:00+00:00
[2025-03-27T16:35:13.987+0000] {processor.py:208} INFO - Processing /home/airflow/.local/lib/python3.12/site-packages/airflow/example_dags/example_inlet_event_extra.py took 0.919 seconds
[2025-03-27T16:35:44.278+0000] {processor.py:186} INFO - Started process (PID=433) to work on /home/airflow/.local/lib/python3.12/site-packages/airflow/example_dags/example_inlet_event_extra.py
[2025-03-27T16:35:44.280+0000] {processor.py:914} INFO - Processing file /home/airflow/.local/lib/python3.12/site-packages/airflow/example_dags/example_inlet_event_extra.py for tasks to queue
[2025-03-27T16:35:44.285+0000] {logging_mixin.py:190} INFO - [2025-03-27T16:35:44.284+0000] {dagbag.py:588} INFO - Filling up the DagBag from /home/airflow/.local/lib/python3.12/site-packages/airflow/example_dags/example_inlet_event_extra.py
[2025-03-27T16:35:45.044+0000] {processor.py:925} INFO - DAG(s) 'read_dataset_event', 'read_dataset_event_from_classic' retrieved from /home/airflow/.local/lib/python3.12/site-packages/airflow/example_dags/example_inlet_event_extra.py
[2025-03-27T16:35:45.106+0000] {logging_mixin.py:190} INFO - [2025-03-27T16:35:45.106+0000] {dag.py:3239} INFO - Sync 2 DAGs
[2025-03-27T16:35:45.144+0000] {logging_mixin.py:190} INFO - [2025-03-27T16:35:45.144+0000] {dag.py:4180} INFO - Setting next_dagrun for read_dataset_event to 2025-03-26 00:00:00+00:00, run_after=2025-03-27 00:00:00+00:00
[2025-03-27T16:35:45.150+0000] {logging_mixin.py:190} INFO - [2025-03-27T16:35:45.150+0000] {dag.py:4180} INFO - Setting next_dagrun for read_dataset_event_from_classic to 2025-03-26 00:00:00+00:00, run_after=2025-03-27 00:00:00+00:00
[2025-03-27T16:35:45.225+0000] {processor.py:208} INFO - Processing /home/airflow/.local/lib/python3.12/site-packages/airflow/example_dags/example_inlet_event_extra.py took 0.957 seconds
[2025-03-27T16:36:15.604+0000] {processor.py:186} INFO - Started process (PID=500) to work on /home/airflow/.local/lib/python3.12/site-packages/airflow/example_dags/example_inlet_event_extra.py
[2025-03-27T16:36:15.607+0000] {processor.py:914} INFO - Processing file /home/airflow/.local/lib/python3.12/site-packages/airflow/example_dags/example_inlet_event_extra.py for tasks to queue
[2025-03-27T16:36:15.616+0000] {logging_mixin.py:190} INFO - [2025-03-27T16:36:15.615+0000] {dagbag.py:588} INFO - Filling up the DagBag from /home/airflow/.local/lib/python3.12/site-packages/airflow/example_dags/example_inlet_event_extra.py
[2025-03-27T16:36:16.482+0000] {processor.py:925} INFO - DAG(s) 'read_dataset_event', 'read_dataset_event_from_classic' retrieved from /home/airflow/.local/lib/python3.12/site-packages/airflow/example_dags/example_inlet_event_extra.py
[2025-03-27T16:36:16.505+0000] {logging_mixin.py:190} INFO - [2025-03-27T16:36:16.504+0000] {dag.py:3239} INFO - Sync 2 DAGs
[2025-03-27T16:36:16.535+0000] {logging_mixin.py:190} INFO - [2025-03-27T16:36:16.534+0000] {dag.py:4180} INFO - Setting next_dagrun for read_dataset_event to 2025-03-26 00:00:00+00:00, run_after=2025-03-27 00:00:00+00:00
[2025-03-27T16:36:16.541+0000] {logging_mixin.py:190} INFO - [2025-03-27T16:36:16.541+0000] {dag.py:4180} INFO - Setting next_dagrun for read_dataset_event_from_classic to 2025-03-26 00:00:00+00:00, run_after=2025-03-27 00:00:00+00:00
[2025-03-27T16:36:16.571+0000] {processor.py:208} INFO - Processing /home/airflow/.local/lib/python3.12/site-packages/airflow/example_dags/example_inlet_event_extra.py took 0.982 seconds
[2025-03-27T16:36:47.277+0000] {processor.py:186} INFO - Started process (PID=566) to work on /home/airflow/.local/lib/python3.12/site-packages/airflow/example_dags/example_inlet_event_extra.py
[2025-03-27T16:36:47.280+0000] {processor.py:914} INFO - Processing file /home/airflow/.local/lib/python3.12/site-packages/airflow/example_dags/example_inlet_event_extra.py for tasks to queue
[2025-03-27T16:36:47.287+0000] {logging_mixin.py:190} INFO - [2025-03-27T16:36:47.286+0000] {dagbag.py:588} INFO - Filling up the DagBag from /home/airflow/.local/lib/python3.12/site-packages/airflow/example_dags/example_inlet_event_extra.py
[2025-03-27T16:36:48.161+0000] {processor.py:925} INFO - DAG(s) 'read_dataset_event', 'read_dataset_event_from_classic' retrieved from /home/airflow/.local/lib/python3.12/site-packages/airflow/example_dags/example_inlet_event_extra.py
[2025-03-27T16:36:48.184+0000] {logging_mixin.py:190} INFO - [2025-03-27T16:36:48.183+0000] {dag.py:3239} INFO - Sync 2 DAGs
[2025-03-27T16:36:48.211+0000] {logging_mixin.py:190} INFO - [2025-03-27T16:36:48.211+0000] {dag.py:4180} INFO - Setting next_dagrun for read_dataset_event to 2025-03-26 00:00:00+00:00, run_after=2025-03-27 00:00:00+00:00
[2025-03-27T16:36:48.217+0000] {logging_mixin.py:190} INFO - [2025-03-27T16:36:48.217+0000] {dag.py:4180} INFO - Setting next_dagrun for read_dataset_event_from_classic to 2025-03-26 00:00:00+00:00, run_after=2025-03-27 00:00:00+00:00
[2025-03-27T16:36:48.236+0000] {processor.py:208} INFO - Processing /home/airflow/.local/lib/python3.12/site-packages/airflow/example_dags/example_inlet_event_extra.py took 0.983 seconds
[2025-03-27T16:37:18.378+0000] {processor.py:186} INFO - Started process (PID=633) to work on /home/airflow/.local/lib/python3.12/site-packages/airflow/example_dags/example_inlet_event_extra.py
[2025-03-27T16:37:18.379+0000] {processor.py:914} INFO - Processing file /home/airflow/.local/lib/python3.12/site-packages/airflow/example_dags/example_inlet_event_extra.py for tasks to queue
[2025-03-27T16:37:18.385+0000] {logging_mixin.py:190} INFO - [2025-03-27T16:37:18.385+0000] {dagbag.py:588} INFO - Filling up the DagBag from /home/airflow/.local/lib/python3.12/site-packages/airflow/example_dags/example_inlet_event_extra.py
[2025-03-27T16:37:19.358+0000] {processor.py:925} INFO - DAG(s) 'read_dataset_event_from_classic', 'read_dataset_event' retrieved from /home/airflow/.local/lib/python3.12/site-packages/airflow/example_dags/example_inlet_event_extra.py
[2025-03-27T16:37:19.462+0000] {logging_mixin.py:190} INFO - [2025-03-27T16:37:19.461+0000] {dag.py:3239} INFO - Sync 2 DAGs
[2025-03-27T16:37:19.577+0000] {logging_mixin.py:190} INFO - [2025-03-27T16:37:19.576+0000] {dag.py:4180} INFO - Setting next_dagrun for read_dataset_event to 2025-03-26 00:00:00+00:00, run_after=2025-03-27 00:00:00+00:00
[2025-03-27T16:37:19.594+0000] {logging_mixin.py:190} INFO - [2025-03-27T16:37:19.594+0000] {dag.py:4180} INFO - Setting next_dagrun for read_dataset_event_from_classic to 2025-03-26 00:00:00+00:00, run_after=2025-03-27 00:00:00+00:00
[2025-03-27T16:37:19.678+0000] {processor.py:208} INFO - Processing /home/airflow/.local/lib/python3.12/site-packages/airflow/example_dags/example_inlet_event_extra.py took 1.317 seconds
[2025-03-27T16:37:50.011+0000] {processor.py:186} INFO - Started process (PID=697) to work on /home/airflow/.local/lib/python3.12/site-packages/airflow/example_dags/example_inlet_event_extra.py
[2025-03-27T16:37:50.013+0000] {processor.py:914} INFO - Processing file /home/airflow/.local/lib/python3.12/site-packages/airflow/example_dags/example_inlet_event_extra.py for tasks to queue
[2025-03-27T16:37:50.016+0000] {logging_mixin.py:190} INFO - [2025-03-27T16:37:50.016+0000] {dagbag.py:588} INFO - Filling up the DagBag from /home/airflow/.local/lib/python3.12/site-packages/airflow/example_dags/example_inlet_event_extra.py
[2025-03-27T16:37:50.622+0000] {processor.py:925} INFO - DAG(s) 'read_dataset_event', 'read_dataset_event_from_classic' retrieved from /home/airflow/.local/lib/python3.12/site-packages/airflow/example_dags/example_inlet_event_extra.py
[2025-03-27T16:37:50.643+0000] {logging_mixin.py:190} INFO - [2025-03-27T16:37:50.642+0000] {dag.py:3239} INFO - Sync 2 DAGs
[2025-03-27T16:37:50.667+0000] {logging_mixin.py:190} INFO - [2025-03-27T16:37:50.667+0000] {dag.py:4180} INFO - Setting next_dagrun for read_dataset_event to 2025-03-26 00:00:00+00:00, run_after=2025-03-27 00:00:00+00:00
[2025-03-27T16:37:50.677+0000] {logging_mixin.py:190} INFO - [2025-03-27T16:37:50.677+0000] {dag.py:4180} INFO - Setting next_dagrun for read_dataset_event_from_classic to 2025-03-26 00:00:00+00:00, run_after=2025-03-27 00:00:00+00:00
[2025-03-27T16:37:50.693+0000] {processor.py:208} INFO - Processing /home/airflow/.local/lib/python3.12/site-packages/airflow/example_dags/example_inlet_event_extra.py took 0.693 seconds
[2025-03-27T16:38:20.922+0000] {processor.py:186} INFO - Started process (PID=766) to work on /home/airflow/.local/lib/python3.12/site-packages/airflow/example_dags/example_inlet_event_extra.py
[2025-03-27T16:38:20.924+0000] {processor.py:914} INFO - Processing file /home/airflow/.local/lib/python3.12/site-packages/airflow/example_dags/example_inlet_event_extra.py for tasks to queue
[2025-03-27T16:38:20.926+0000] {logging_mixin.py:190} INFO - [2025-03-27T16:38:20.926+0000] {dagbag.py:588} INFO - Filling up the DagBag from /home/airflow/.local/lib/python3.12/site-packages/airflow/example_dags/example_inlet_event_extra.py
[2025-03-27T16:38:21.857+0000] {processor.py:925} INFO - DAG(s) 'read_dataset_event_from_classic', 'read_dataset_event' retrieved from /home/airflow/.local/lib/python3.12/site-packages/airflow/example_dags/example_inlet_event_extra.py
[2025-03-27T16:38:21.896+0000] {logging_mixin.py:190} INFO - [2025-03-27T16:38:21.896+0000] {dag.py:3239} INFO - Sync 2 DAGs
[2025-03-27T16:38:21.941+0000] {logging_mixin.py:190} INFO - [2025-03-27T16:38:21.941+0000] {dag.py:4180} INFO - Setting next_dagrun for read_dataset_event to 2025-03-26 00:00:00+00:00, run_after=2025-03-27 00:00:00+00:00
[2025-03-27T16:38:21.954+0000] {logging_mixin.py:190} INFO - [2025-03-27T16:38:21.954+0000] {dag.py:4180} INFO - Setting next_dagrun for read_dataset_event_from_classic to 2025-03-26 00:00:00+00:00, run_after=2025-03-27 00:00:00+00:00
[2025-03-27T16:38:21.984+0000] {processor.py:208} INFO - Processing /home/airflow/.local/lib/python3.12/site-packages/airflow/example_dags/example_inlet_event_extra.py took 1.068 seconds
[2025-03-27T16:38:52.202+0000] {processor.py:186} INFO - Started process (PID=833) to work on /home/airflow/.local/lib/python3.12/site-packages/airflow/example_dags/example_inlet_event_extra.py
[2025-03-27T16:38:52.204+0000] {processor.py:914} INFO - Processing file /home/airflow/.local/lib/python3.12/site-packages/airflow/example_dags/example_inlet_event_extra.py for tasks to queue
[2025-03-27T16:38:52.207+0000] {logging_mixin.py:190} INFO - [2025-03-27T16:38:52.207+0000] {dagbag.py:588} INFO - Filling up the DagBag from /home/airflow/.local/lib/python3.12/site-packages/airflow/example_dags/example_inlet_event_extra.py
[2025-03-27T16:38:53.144+0000] {processor.py:925} INFO - DAG(s) 'read_dataset_event', 'read_dataset_event_from_classic' retrieved from /home/airflow/.local/lib/python3.12/site-packages/airflow/example_dags/example_inlet_event_extra.py
[2025-03-27T16:38:53.164+0000] {logging_mixin.py:190} INFO - [2025-03-27T16:38:53.163+0000] {dag.py:3239} INFO - Sync 2 DAGs
[2025-03-27T16:38:53.187+0000] {logging_mixin.py:190} INFO - [2025-03-27T16:38:53.187+0000] {dag.py:4180} INFO - Setting next_dagrun for read_dataset_event to 2025-03-26 00:00:00+00:00, run_after=2025-03-27 00:00:00+00:00
[2025-03-27T16:38:53.192+0000] {logging_mixin.py:190} INFO - [2025-03-27T16:38:53.192+0000] {dag.py:4180} INFO - Setting next_dagrun for read_dataset_event_from_classic to 2025-03-26 00:00:00+00:00, run_after=2025-03-27 00:00:00+00:00
[2025-03-27T16:38:53.210+0000] {processor.py:208} INFO - Processing /home/airflow/.local/lib/python3.12/site-packages/airflow/example_dags/example_inlet_event_extra.py took 1.016 seconds
[2025-03-27T16:39:23.478+0000] {processor.py:186} INFO - Started process (PID=898) to work on /home/airflow/.local/lib/python3.12/site-packages/airflow/example_dags/example_inlet_event_extra.py
[2025-03-27T16:39:23.480+0000] {processor.py:914} INFO - Processing file /home/airflow/.local/lib/python3.12/site-packages/airflow/example_dags/example_inlet_event_extra.py for tasks to queue
[2025-03-27T16:39:23.485+0000] {logging_mixin.py:190} INFO - [2025-03-27T16:39:23.484+0000] {dagbag.py:588} INFO - Filling up the DagBag from /home/airflow/.local/lib/python3.12/site-packages/airflow/example_dags/example_inlet_event_extra.py
[2025-03-27T16:39:24.434+0000] {processor.py:925} INFO - DAG(s) 'read_dataset_event_from_classic', 'read_dataset_event' retrieved from /home/airflow/.local/lib/python3.12/site-packages/airflow/example_dags/example_inlet_event_extra.py
[2025-03-27T16:39:24.454+0000] {logging_mixin.py:190} INFO - [2025-03-27T16:39:24.454+0000] {dag.py:3239} INFO - Sync 2 DAGs
[2025-03-27T16:39:24.488+0000] {logging_mixin.py:190} INFO - [2025-03-27T16:39:24.488+0000] {dag.py:4180} INFO - Setting next_dagrun for read_dataset_event to 2025-03-26 00:00:00+00:00, run_after=2025-03-27 00:00:00+00:00
[2025-03-27T16:39:24.496+0000] {logging_mixin.py:190} INFO - [2025-03-27T16:39:24.496+0000] {dag.py:4180} INFO - Setting next_dagrun for read_dataset_event_from_classic to 2025-03-26 00:00:00+00:00, run_after=2025-03-27 00:00:00+00:00
[2025-03-27T16:39:24.537+0000] {processor.py:208} INFO - Processing /home/airflow/.local/lib/python3.12/site-packages/airflow/example_dags/example_inlet_event_extra.py took 1.072 seconds
[2025-03-27T16:39:54.766+0000] {processor.py:186} INFO - Started process (PID=963) to work on /home/airflow/.local/lib/python3.12/site-packages/airflow/example_dags/example_inlet_event_extra.py
[2025-03-27T16:39:54.767+0000] {processor.py:914} INFO - Processing file /home/airflow/.local/lib/python3.12/site-packages/airflow/example_dags/example_inlet_event_extra.py for tasks to queue
[2025-03-27T16:39:54.772+0000] {logging_mixin.py:190} INFO - [2025-03-27T16:39:54.771+0000] {dagbag.py:588} INFO - Filling up the DagBag from /home/airflow/.local/lib/python3.12/site-packages/airflow/example_dags/example_inlet_event_extra.py
[2025-03-27T16:39:55.703+0000] {processor.py:925} INFO - DAG(s) 'read_dataset_event', 'read_dataset_event_from_classic' retrieved from /home/airflow/.local/lib/python3.12/site-packages/airflow/example_dags/example_inlet_event_extra.py
[2025-03-27T16:39:55.736+0000] {logging_mixin.py:190} INFO - [2025-03-27T16:39:55.736+0000] {dag.py:3239} INFO - Sync 2 DAGs
[2025-03-27T16:39:55.780+0000] {logging_mixin.py:190} INFO - [2025-03-27T16:39:55.780+0000] {dag.py:4180} INFO - Setting next_dagrun for read_dataset_event to 2025-03-26 00:00:00+00:00, run_after=2025-03-27 00:00:00+00:00
[2025-03-27T16:39:55.790+0000] {logging_mixin.py:190} INFO - [2025-03-27T16:39:55.789+0000] {dag.py:4180} INFO - Setting next_dagrun for read_dataset_event_from_classic to 2025-03-26 00:00:00+00:00, run_after=2025-03-27 00:00:00+00:00
[2025-03-27T16:39:55.837+0000] {processor.py:208} INFO - Processing /home/airflow/.local/lib/python3.12/site-packages/airflow/example_dags/example_inlet_event_extra.py took 1.078 seconds
[2025-03-27T16:40:26.662+0000] {processor.py:186} INFO - Started process (PID=1029) to work on /home/airflow/.local/lib/python3.12/site-packages/airflow/example_dags/example_inlet_event_extra.py
[2025-03-27T16:40:26.664+0000] {processor.py:914} INFO - Processing file /home/airflow/.local/lib/python3.12/site-packages/airflow/example_dags/example_inlet_event_extra.py for tasks to queue
[2025-03-27T16:40:26.669+0000] {logging_mixin.py:190} INFO - [2025-03-27T16:40:26.668+0000] {dagbag.py:588} INFO - Filling up the DagBag from /home/airflow/.local/lib/python3.12/site-packages/airflow/example_dags/example_inlet_event_extra.py
[2025-03-27T16:40:27.363+0000] {processor.py:925} INFO - DAG(s) 'read_dataset_event', 'read_dataset_event_from_classic' retrieved from /home/airflow/.local/lib/python3.12/site-packages/airflow/example_dags/example_inlet_event_extra.py
[2025-03-27T16:40:27.386+0000] {logging_mixin.py:190} INFO - [2025-03-27T16:40:27.385+0000] {dag.py:3239} INFO - Sync 2 DAGs
[2025-03-27T16:40:27.410+0000] {logging_mixin.py:190} INFO - [2025-03-27T16:40:27.409+0000] {dag.py:4180} INFO - Setting next_dagrun for read_dataset_event to 2025-03-26 00:00:00+00:00, run_after=2025-03-27 00:00:00+00:00
[2025-03-27T16:40:27.417+0000] {logging_mixin.py:190} INFO - [2025-03-27T16:40:27.417+0000] {dag.py:4180} INFO - Setting next_dagrun for read_dataset_event_from_classic to 2025-03-26 00:00:00+00:00, run_after=2025-03-27 00:00:00+00:00
[2025-03-27T16:40:27.439+0000] {processor.py:208} INFO - Processing /home/airflow/.local/lib/python3.12/site-packages/airflow/example_dags/example_inlet_event_extra.py took 0.787 seconds
[2025-03-27T16:40:57.898+0000] {processor.py:186} INFO - Started process (PID=1100) to work on /home/airflow/.local/lib/python3.12/site-packages/airflow/example_dags/example_inlet_event_extra.py
[2025-03-27T16:40:57.900+0000] {processor.py:914} INFO - Processing file /home/airflow/.local/lib/python3.12/site-packages/airflow/example_dags/example_inlet_event_extra.py for tasks to queue
[2025-03-27T16:40:57.905+0000] {logging_mixin.py:190} INFO - [2025-03-27T16:40:57.904+0000] {dagbag.py:588} INFO - Filling up the DagBag from /home/airflow/.local/lib/python3.12/site-packages/airflow/example_dags/example_inlet_event_extra.py
[2025-03-27T16:40:58.561+0000] {processor.py:925} INFO - DAG(s) 'read_dataset_event_from_classic', 'read_dataset_event' retrieved from /home/airflow/.local/lib/python3.12/site-packages/airflow/example_dags/example_inlet_event_extra.py
[2025-03-27T16:40:58.582+0000] {logging_mixin.py:190} INFO - [2025-03-27T16:40:58.582+0000] {dag.py:3239} INFO - Sync 2 DAGs
[2025-03-27T16:40:58.611+0000] {logging_mixin.py:190} INFO - [2025-03-27T16:40:58.611+0000] {dag.py:4180} INFO - Setting next_dagrun for read_dataset_event to 2025-03-26 00:00:00+00:00, run_after=2025-03-27 00:00:00+00:00
[2025-03-27T16:40:58.617+0000] {logging_mixin.py:190} INFO - [2025-03-27T16:40:58.616+0000] {dag.py:4180} INFO - Setting next_dagrun for read_dataset_event_from_classic to 2025-03-26 00:00:00+00:00, run_after=2025-03-27 00:00:00+00:00
[2025-03-27T16:40:58.640+0000] {processor.py:208} INFO - Processing /home/airflow/.local/lib/python3.12/site-packages/airflow/example_dags/example_inlet_event_extra.py took 0.748 seconds
[2025-03-27T16:41:28.967+0000] {processor.py:186} INFO - Started process (PID=1166) to work on /home/airflow/.local/lib/python3.12/site-packages/airflow/example_dags/example_inlet_event_extra.py
[2025-03-27T16:41:28.969+0000] {processor.py:914} INFO - Processing file /home/airflow/.local/lib/python3.12/site-packages/airflow/example_dags/example_inlet_event_extra.py for tasks to queue
[2025-03-27T16:41:28.973+0000] {logging_mixin.py:190} INFO - [2025-03-27T16:41:28.972+0000] {dagbag.py:588} INFO - Filling up the DagBag from /home/airflow/.local/lib/python3.12/site-packages/airflow/example_dags/example_inlet_event_extra.py
[2025-03-27T16:41:29.792+0000] {processor.py:925} INFO - DAG(s) 'read_dataset_event', 'read_dataset_event_from_classic' retrieved from /home/airflow/.local/lib/python3.12/site-packages/airflow/example_dags/example_inlet_event_extra.py
[2025-03-27T16:41:29.813+0000] {logging_mixin.py:190} INFO - [2025-03-27T16:41:29.812+0000] {dag.py:3239} INFO - Sync 2 DAGs
[2025-03-27T16:41:29.851+0000] {logging_mixin.py:190} INFO - [2025-03-27T16:41:29.850+0000] {dag.py:4180} INFO - Setting next_dagrun for read_dataset_event to 2025-03-26 00:00:00+00:00, run_after=2025-03-27 00:00:00+00:00
[2025-03-27T16:41:29.860+0000] {logging_mixin.py:190} INFO - [2025-03-27T16:41:29.860+0000] {dag.py:4180} INFO - Setting next_dagrun for read_dataset_event_from_classic to 2025-03-26 00:00:00+00:00, run_after=2025-03-27 00:00:00+00:00
[2025-03-27T16:41:29.887+0000] {processor.py:208} INFO - Processing /home/airflow/.local/lib/python3.12/site-packages/airflow/example_dags/example_inlet_event_extra.py took 0.930 seconds
[2025-03-27T16:42:00.258+0000] {processor.py:186} INFO - Started process (PID=1231) to work on /home/airflow/.local/lib/python3.12/site-packages/airflow/example_dags/example_inlet_event_extra.py
[2025-03-27T16:42:00.261+0000] {processor.py:914} INFO - Processing file /home/airflow/.local/lib/python3.12/site-packages/airflow/example_dags/example_inlet_event_extra.py for tasks to queue
[2025-03-27T16:42:00.274+0000] {logging_mixin.py:190} INFO - [2025-03-27T16:42:00.272+0000] {dagbag.py:588} INFO - Filling up the DagBag from /home/airflow/.local/lib/python3.12/site-packages/airflow/example_dags/example_inlet_event_extra.py
[2025-03-27T16:42:01.227+0000] {processor.py:925} INFO - DAG(s) 'read_dataset_event', 'read_dataset_event_from_classic' retrieved from /home/airflow/.local/lib/python3.12/site-packages/airflow/example_dags/example_inlet_event_extra.py
[2025-03-27T16:42:01.254+0000] {logging_mixin.py:190} INFO - [2025-03-27T16:42:01.254+0000] {dag.py:3239} INFO - Sync 2 DAGs
[2025-03-27T16:42:01.287+0000] {logging_mixin.py:190} INFO - [2025-03-27T16:42:01.286+0000] {dag.py:4180} INFO - Setting next_dagrun for read_dataset_event to 2025-03-26 00:00:00+00:00, run_after=2025-03-27 00:00:00+00:00
[2025-03-27T16:42:01.296+0000] {logging_mixin.py:190} INFO - [2025-03-27T16:42:01.296+0000] {dag.py:4180} INFO - Setting next_dagrun for read_dataset_event_from_classic to 2025-03-26 00:00:00+00:00, run_after=2025-03-27 00:00:00+00:00
[2025-03-27T16:42:01.348+0000] {processor.py:208} INFO - Processing /home/airflow/.local/lib/python3.12/site-packages/airflow/example_dags/example_inlet_event_extra.py took 1.108 seconds
[2025-03-27T16:42:31.617+0000] {processor.py:186} INFO - Started process (PID=1297) to work on /home/airflow/.local/lib/python3.12/site-packages/airflow/example_dags/example_inlet_event_extra.py
[2025-03-27T16:42:31.619+0000] {processor.py:914} INFO - Processing file /home/airflow/.local/lib/python3.12/site-packages/airflow/example_dags/example_inlet_event_extra.py for tasks to queue
[2025-03-27T16:42:31.621+0000] {logging_mixin.py:190} INFO - [2025-03-27T16:42:31.621+0000] {dagbag.py:588} INFO - Filling up the DagBag from /home/airflow/.local/lib/python3.12/site-packages/airflow/example_dags/example_inlet_event_extra.py
[2025-03-27T16:42:32.331+0000] {processor.py:925} INFO - DAG(s) 'read_dataset_event', 'read_dataset_event_from_classic' retrieved from /home/airflow/.local/lib/python3.12/site-packages/airflow/example_dags/example_inlet_event_extra.py
[2025-03-27T16:42:32.364+0000] {logging_mixin.py:190} INFO - [2025-03-27T16:42:32.364+0000] {dag.py:3239} INFO - Sync 2 DAGs
[2025-03-27T16:42:32.406+0000] {logging_mixin.py:190} INFO - [2025-03-27T16:42:32.406+0000] {dag.py:4180} INFO - Setting next_dagrun for read_dataset_event to 2025-03-26 00:00:00+00:00, run_after=2025-03-27 00:00:00+00:00
[2025-03-27T16:42:32.418+0000] {logging_mixin.py:190} INFO - [2025-03-27T16:42:32.418+0000] {dag.py:4180} INFO - Setting next_dagrun for read_dataset_event_from_classic to 2025-03-26 00:00:00+00:00, run_after=2025-03-27 00:00:00+00:00
[2025-03-27T16:42:32.470+0000] {processor.py:208} INFO - Processing /home/airflow/.local/lib/python3.12/site-packages/airflow/example_dags/example_inlet_event_extra.py took 0.871 seconds
[2025-03-27T16:43:02.634+0000] {processor.py:186} INFO - Started process (PID=1362) to work on /home/airflow/.local/lib/python3.12/site-packages/airflow/example_dags/example_inlet_event_extra.py
[2025-03-27T16:43:02.636+0000] {processor.py:914} INFO - Processing file /home/airflow/.local/lib/python3.12/site-packages/airflow/example_dags/example_inlet_event_extra.py for tasks to queue
[2025-03-27T16:43:02.641+0000] {logging_mixin.py:190} INFO - [2025-03-27T16:43:02.640+0000] {dagbag.py:588} INFO - Filling up the DagBag from /home/airflow/.local/lib/python3.12/site-packages/airflow/example_dags/example_inlet_event_extra.py
[2025-03-27T16:43:03.701+0000] {processor.py:925} INFO - DAG(s) 'read_dataset_event', 'read_dataset_event_from_classic' retrieved from /home/airflow/.local/lib/python3.12/site-packages/airflow/example_dags/example_inlet_event_extra.py
[2025-03-27T16:43:03.742+0000] {logging_mixin.py:190} INFO - [2025-03-27T16:43:03.742+0000] {dag.py:3239} INFO - Sync 2 DAGs
[2025-03-27T16:43:03.782+0000] {logging_mixin.py:190} INFO - [2025-03-27T16:43:03.781+0000] {dag.py:4180} INFO - Setting next_dagrun for read_dataset_event to 2025-03-26 00:00:00+00:00, run_after=2025-03-27 00:00:00+00:00
[2025-03-27T16:43:03.792+0000] {logging_mixin.py:190} INFO - [2025-03-27T16:43:03.792+0000] {dag.py:4180} INFO - Setting next_dagrun for read_dataset_event_from_classic to 2025-03-26 00:00:00+00:00, run_after=2025-03-27 00:00:00+00:00
[2025-03-27T16:43:03.816+0000] {processor.py:208} INFO - Processing /home/airflow/.local/lib/python3.12/site-packages/airflow/example_dags/example_inlet_event_extra.py took 1.193 seconds
[2025-03-27T16:43:34.099+0000] {processor.py:186} INFO - Started process (PID=1429) to work on /home/airflow/.local/lib/python3.12/site-packages/airflow/example_dags/example_inlet_event_extra.py
[2025-03-27T16:43:34.101+0000] {processor.py:914} INFO - Processing file /home/airflow/.local/lib/python3.12/site-packages/airflow/example_dags/example_inlet_event_extra.py for tasks to queue
[2025-03-27T16:43:34.104+0000] {logging_mixin.py:190} INFO - [2025-03-27T16:43:34.103+0000] {dagbag.py:588} INFO - Filling up the DagBag from /home/airflow/.local/lib/python3.12/site-packages/airflow/example_dags/example_inlet_event_extra.py
[2025-03-27T16:43:34.856+0000] {processor.py:925} INFO - DAG(s) 'read_dataset_event_from_classic', 'read_dataset_event' retrieved from /home/airflow/.local/lib/python3.12/site-packages/airflow/example_dags/example_inlet_event_extra.py
[2025-03-27T16:43:34.887+0000] {logging_mixin.py:190} INFO - [2025-03-27T16:43:34.887+0000] {dag.py:3239} INFO - Sync 2 DAGs
[2025-03-27T16:43:34.914+0000] {logging_mixin.py:190} INFO - [2025-03-27T16:43:34.914+0000] {dag.py:4180} INFO - Setting next_dagrun for read_dataset_event to 2025-03-26 00:00:00+00:00, run_after=2025-03-27 00:00:00+00:00
[2025-03-27T16:43:34.923+0000] {logging_mixin.py:190} INFO - [2025-03-27T16:43:34.922+0000] {dag.py:4180} INFO - Setting next_dagrun for read_dataset_event_from_classic to 2025-03-26 00:00:00+00:00, run_after=2025-03-27 00:00:00+00:00
[2025-03-27T16:43:34.950+0000] {processor.py:208} INFO - Processing /home/airflow/.local/lib/python3.12/site-packages/airflow/example_dags/example_inlet_event_extra.py took 0.858 seconds
[2025-03-27T16:44:05.451+0000] {processor.py:186} INFO - Started process (PID=1497) to work on /home/airflow/.local/lib/python3.12/site-packages/airflow/example_dags/example_inlet_event_extra.py
[2025-03-27T16:44:05.452+0000] {processor.py:914} INFO - Processing file /home/airflow/.local/lib/python3.12/site-packages/airflow/example_dags/example_inlet_event_extra.py for tasks to queue
[2025-03-27T16:44:05.454+0000] {logging_mixin.py:190} INFO - [2025-03-27T16:44:05.454+0000] {dagbag.py:588} INFO - Filling up the DagBag from /home/airflow/.local/lib/python3.12/site-packages/airflow/example_dags/example_inlet_event_extra.py
[2025-03-27T16:44:05.951+0000] {processor.py:925} INFO - DAG(s) 'read_dataset_event_from_classic', 'read_dataset_event' retrieved from /home/airflow/.local/lib/python3.12/site-packages/airflow/example_dags/example_inlet_event_extra.py
[2025-03-27T16:44:05.994+0000] {logging_mixin.py:190} INFO - [2025-03-27T16:44:05.993+0000] {dag.py:3239} INFO - Sync 2 DAGs
[2025-03-27T16:44:06.042+0000] {logging_mixin.py:190} INFO - [2025-03-27T16:44:06.041+0000] {dag.py:4180} INFO - Setting next_dagrun for read_dataset_event to 2025-03-26 00:00:00+00:00, run_after=2025-03-27 00:00:00+00:00
[2025-03-27T16:44:06.051+0000] {logging_mixin.py:190} INFO - [2025-03-27T16:44:06.050+0000] {dag.py:4180} INFO - Setting next_dagrun for read_dataset_event_from_classic to 2025-03-26 00:00:00+00:00, run_after=2025-03-27 00:00:00+00:00
[2025-03-27T16:44:06.083+0000] {processor.py:208} INFO - Processing /home/airflow/.local/lib/python3.12/site-packages/airflow/example_dags/example_inlet_event_extra.py took 0.636 seconds
[2025-03-27T16:44:36.181+0000] {processor.py:186} INFO - Started process (PID=1562) to work on /home/airflow/.local/lib/python3.12/site-packages/airflow/example_dags/example_inlet_event_extra.py
[2025-03-27T16:44:36.182+0000] {processor.py:914} INFO - Processing file /home/airflow/.local/lib/python3.12/site-packages/airflow/example_dags/example_inlet_event_extra.py for tasks to queue
[2025-03-27T16:44:36.185+0000] {logging_mixin.py:190} INFO - [2025-03-27T16:44:36.184+0000] {dagbag.py:588} INFO - Filling up the DagBag from /home/airflow/.local/lib/python3.12/site-packages/airflow/example_dags/example_inlet_event_extra.py
[2025-03-27T16:44:36.891+0000] {processor.py:925} INFO - DAG(s) 'read_dataset_event_from_classic', 'read_dataset_event' retrieved from /home/airflow/.local/lib/python3.12/site-packages/airflow/example_dags/example_inlet_event_extra.py
[2025-03-27T16:44:36.914+0000] {logging_mixin.py:190} INFO - [2025-03-27T16:44:36.914+0000] {dag.py:3239} INFO - Sync 2 DAGs
[2025-03-27T16:44:36.956+0000] {logging_mixin.py:190} INFO - [2025-03-27T16:44:36.956+0000] {dag.py:4180} INFO - Setting next_dagrun for read_dataset_event to 2025-03-26 00:00:00+00:00, run_after=2025-03-27 00:00:00+00:00
[2025-03-27T16:44:36.978+0000] {logging_mixin.py:190} INFO - [2025-03-27T16:44:36.978+0000] {dag.py:4180} INFO - Setting next_dagrun for read_dataset_event_from_classic to 2025-03-26 00:00:00+00:00, run_after=2025-03-27 00:00:00+00:00
[2025-03-27T16:44:37.006+0000] {processor.py:208} INFO - Processing /home/airflow/.local/lib/python3.12/site-packages/airflow/example_dags/example_inlet_event_extra.py took 0.833 seconds
[2025-03-27T16:45:07.246+0000] {processor.py:186} INFO - Started process (PID=1628) to work on /home/airflow/.local/lib/python3.12/site-packages/airflow/example_dags/example_inlet_event_extra.py
[2025-03-27T16:45:07.247+0000] {processor.py:914} INFO - Processing file /home/airflow/.local/lib/python3.12/site-packages/airflow/example_dags/example_inlet_event_extra.py for tasks to queue
[2025-03-27T16:45:07.250+0000] {logging_mixin.py:190} INFO - [2025-03-27T16:45:07.250+0000] {dagbag.py:588} INFO - Filling up the DagBag from /home/airflow/.local/lib/python3.12/site-packages/airflow/example_dags/example_inlet_event_extra.py
[2025-03-27T16:45:08.041+0000] {processor.py:925} INFO - DAG(s) 'read_dataset_event_from_classic', 'read_dataset_event' retrieved from /home/airflow/.local/lib/python3.12/site-packages/airflow/example_dags/example_inlet_event_extra.py
[2025-03-27T16:45:08.064+0000] {logging_mixin.py:190} INFO - [2025-03-27T16:45:08.064+0000] {dag.py:3239} INFO - Sync 2 DAGs
[2025-03-27T16:45:08.089+0000] {logging_mixin.py:190} INFO - [2025-03-27T16:45:08.088+0000] {dag.py:4180} INFO - Setting next_dagrun for read_dataset_event to 2025-03-26 00:00:00+00:00, run_after=2025-03-27 00:00:00+00:00
[2025-03-27T16:45:08.095+0000] {logging_mixin.py:190} INFO - [2025-03-27T16:45:08.095+0000] {dag.py:4180} INFO - Setting next_dagrun for read_dataset_event_from_classic to 2025-03-26 00:00:00+00:00, run_after=2025-03-27 00:00:00+00:00
[2025-03-27T16:45:08.120+0000] {processor.py:208} INFO - Processing /home/airflow/.local/lib/python3.12/site-packages/airflow/example_dags/example_inlet_event_extra.py took 0.884 seconds
[2025-03-27T16:45:38.208+0000] {processor.py:186} INFO - Started process (PID=1693) to work on /home/airflow/.local/lib/python3.12/site-packages/airflow/example_dags/example_inlet_event_extra.py
[2025-03-27T16:45:38.210+0000] {processor.py:914} INFO - Processing file /home/airflow/.local/lib/python3.12/site-packages/airflow/example_dags/example_inlet_event_extra.py for tasks to queue
[2025-03-27T16:45:38.213+0000] {logging_mixin.py:190} INFO - [2025-03-27T16:45:38.213+0000] {dagbag.py:588} INFO - Filling up the DagBag from /home/airflow/.local/lib/python3.12/site-packages/airflow/example_dags/example_inlet_event_extra.py
[2025-03-27T16:45:38.944+0000] {processor.py:925} INFO - DAG(s) 'read_dataset_event_from_classic', 'read_dataset_event' retrieved from /home/airflow/.local/lib/python3.12/site-packages/airflow/example_dags/example_inlet_event_extra.py
[2025-03-27T16:45:38.966+0000] {logging_mixin.py:190} INFO - [2025-03-27T16:45:38.966+0000] {dag.py:3239} INFO - Sync 2 DAGs
[2025-03-27T16:45:38.995+0000] {logging_mixin.py:190} INFO - [2025-03-27T16:45:38.995+0000] {dag.py:4180} INFO - Setting next_dagrun for read_dataset_event to 2025-03-26 00:00:00+00:00, run_after=2025-03-27 00:00:00+00:00
[2025-03-27T16:45:39.000+0000] {logging_mixin.py:190} INFO - [2025-03-27T16:45:39.000+0000] {dag.py:4180} INFO - Setting next_dagrun for read_dataset_event_from_classic to 2025-03-26 00:00:00+00:00, run_after=2025-03-27 00:00:00+00:00
[2025-03-27T16:45:39.019+0000] {processor.py:208} INFO - Processing /home/airflow/.local/lib/python3.12/site-packages/airflow/example_dags/example_inlet_event_extra.py took 0.820 seconds
[2025-03-27T16:46:09.731+0000] {processor.py:186} INFO - Started process (PID=1758) to work on /home/airflow/.local/lib/python3.12/site-packages/airflow/example_dags/example_inlet_event_extra.py
[2025-03-27T16:46:09.733+0000] {processor.py:914} INFO - Processing file /home/airflow/.local/lib/python3.12/site-packages/airflow/example_dags/example_inlet_event_extra.py for tasks to queue
[2025-03-27T16:46:09.735+0000] {logging_mixin.py:190} INFO - [2025-03-27T16:46:09.735+0000] {dagbag.py:588} INFO - Filling up the DagBag from /home/airflow/.local/lib/python3.12/site-packages/airflow/example_dags/example_inlet_event_extra.py
[2025-03-27T16:46:10.695+0000] {processor.py:925} INFO - DAG(s) 'read_dataset_event', 'read_dataset_event_from_classic' retrieved from /home/airflow/.local/lib/python3.12/site-packages/airflow/example_dags/example_inlet_event_extra.py
[2025-03-27T16:46:10.725+0000] {logging_mixin.py:190} INFO - [2025-03-27T16:46:10.725+0000] {dag.py:3239} INFO - Sync 2 DAGs
[2025-03-27T16:46:10.758+0000] {logging_mixin.py:190} INFO - [2025-03-27T16:46:10.757+0000] {dag.py:4180} INFO - Setting next_dagrun for read_dataset_event to 2025-03-26 00:00:00+00:00, run_after=2025-03-27 00:00:00+00:00
[2025-03-27T16:46:10.771+0000] {logging_mixin.py:190} INFO - [2025-03-27T16:46:10.770+0000] {dag.py:4180} INFO - Setting next_dagrun for read_dataset_event_from_classic to 2025-03-26 00:00:00+00:00, run_after=2025-03-27 00:00:00+00:00
[2025-03-27T16:46:10.794+0000] {processor.py:208} INFO - Processing /home/airflow/.local/lib/python3.12/site-packages/airflow/example_dags/example_inlet_event_extra.py took 1.072 seconds
[2025-03-27T16:46:41.552+0000] {processor.py:186} INFO - Started process (PID=1823) to work on /home/airflow/.local/lib/python3.12/site-packages/airflow/example_dags/example_inlet_event_extra.py
[2025-03-27T16:46:41.555+0000] {processor.py:914} INFO - Processing file /home/airflow/.local/lib/python3.12/site-packages/airflow/example_dags/example_inlet_event_extra.py for tasks to queue
[2025-03-27T16:46:41.560+0000] {logging_mixin.py:190} INFO - [2025-03-27T16:46:41.560+0000] {dagbag.py:588} INFO - Filling up the DagBag from /home/airflow/.local/lib/python3.12/site-packages/airflow/example_dags/example_inlet_event_extra.py
[2025-03-27T16:46:42.544+0000] {processor.py:925} INFO - DAG(s) 'read_dataset_event', 'read_dataset_event_from_classic' retrieved from /home/airflow/.local/lib/python3.12/site-packages/airflow/example_dags/example_inlet_event_extra.py
[2025-03-27T16:46:42.592+0000] {logging_mixin.py:190} INFO - [2025-03-27T16:46:42.591+0000] {dag.py:3239} INFO - Sync 2 DAGs
[2025-03-27T16:46:42.618+0000] {logging_mixin.py:190} INFO - [2025-03-27T16:46:42.618+0000] {dag.py:4180} INFO - Setting next_dagrun for read_dataset_event to 2025-03-26 00:00:00+00:00, run_after=2025-03-27 00:00:00+00:00
[2025-03-27T16:46:42.625+0000] {logging_mixin.py:190} INFO - [2025-03-27T16:46:42.625+0000] {dag.py:4180} INFO - Setting next_dagrun for read_dataset_event_from_classic to 2025-03-26 00:00:00+00:00, run_after=2025-03-27 00:00:00+00:00
[2025-03-27T16:46:42.645+0000] {processor.py:208} INFO - Processing /home/airflow/.local/lib/python3.12/site-packages/airflow/example_dags/example_inlet_event_extra.py took 1.106 seconds
[2025-03-27T16:47:13.242+0000] {processor.py:186} INFO - Started process (PID=1889) to work on /home/airflow/.local/lib/python3.12/site-packages/airflow/example_dags/example_inlet_event_extra.py
[2025-03-27T16:47:13.245+0000] {processor.py:914} INFO - Processing file /home/airflow/.local/lib/python3.12/site-packages/airflow/example_dags/example_inlet_event_extra.py for tasks to queue
[2025-03-27T16:47:13.252+0000] {logging_mixin.py:190} INFO - [2025-03-27T16:47:13.251+0000] {dagbag.py:588} INFO - Filling up the DagBag from /home/airflow/.local/lib/python3.12/site-packages/airflow/example_dags/example_inlet_event_extra.py
[2025-03-27T16:47:13.975+0000] {processor.py:925} INFO - DAG(s) 'read_dataset_event_from_classic', 'read_dataset_event' retrieved from /home/airflow/.local/lib/python3.12/site-packages/airflow/example_dags/example_inlet_event_extra.py
[2025-03-27T16:47:14.009+0000] {logging_mixin.py:190} INFO - [2025-03-27T16:47:14.008+0000] {dag.py:3239} INFO - Sync 2 DAGs
[2025-03-27T16:47:14.061+0000] {logging_mixin.py:190} INFO - [2025-03-27T16:47:14.060+0000] {dag.py:4180} INFO - Setting next_dagrun for read_dataset_event to 2025-03-26 00:00:00+00:00, run_after=2025-03-27 00:00:00+00:00
[2025-03-27T16:47:14.067+0000] {logging_mixin.py:190} INFO - [2025-03-27T16:47:14.067+0000] {dag.py:4180} INFO - Setting next_dagrun for read_dataset_event_from_classic to 2025-03-26 00:00:00+00:00, run_after=2025-03-27 00:00:00+00:00
[2025-03-27T16:47:14.087+0000] {processor.py:208} INFO - Processing /home/airflow/.local/lib/python3.12/site-packages/airflow/example_dags/example_inlet_event_extra.py took 0.858 seconds
[2025-03-27T16:47:44.534+0000] {processor.py:186} INFO - Started process (PID=1955) to work on /home/airflow/.local/lib/python3.12/site-packages/airflow/example_dags/example_inlet_event_extra.py
[2025-03-27T16:47:44.536+0000] {processor.py:914} INFO - Processing file /home/airflow/.local/lib/python3.12/site-packages/airflow/example_dags/example_inlet_event_extra.py for tasks to queue
[2025-03-27T16:47:44.543+0000] {logging_mixin.py:190} INFO - [2025-03-27T16:47:44.542+0000] {dagbag.py:588} INFO - Filling up the DagBag from /home/airflow/.local/lib/python3.12/site-packages/airflow/example_dags/example_inlet_event_extra.py
[2025-03-27T16:47:45.403+0000] {processor.py:925} INFO - DAG(s) 'read_dataset_event', 'read_dataset_event_from_classic' retrieved from /home/airflow/.local/lib/python3.12/site-packages/airflow/example_dags/example_inlet_event_extra.py
[2025-03-27T16:47:45.431+0000] {logging_mixin.py:190} INFO - [2025-03-27T16:47:45.431+0000] {dag.py:3239} INFO - Sync 2 DAGs
[2025-03-27T16:47:45.478+0000] {logging_mixin.py:190} INFO - [2025-03-27T16:47:45.478+0000] {dag.py:4180} INFO - Setting next_dagrun for read_dataset_event to 2025-03-26 00:00:00+00:00, run_after=2025-03-27 00:00:00+00:00
[2025-03-27T16:47:45.500+0000] {logging_mixin.py:190} INFO - [2025-03-27T16:47:45.499+0000] {dag.py:4180} INFO - Setting next_dagrun for read_dataset_event_from_classic to 2025-03-26 00:00:00+00:00, run_after=2025-03-27 00:00:00+00:00
[2025-03-27T16:47:45.529+0000] {processor.py:208} INFO - Processing /home/airflow/.local/lib/python3.12/site-packages/airflow/example_dags/example_inlet_event_extra.py took 1.006 seconds
[2025-03-27T16:48:15.686+0000] {processor.py:186} INFO - Started process (PID=2021) to work on /home/airflow/.local/lib/python3.12/site-packages/airflow/example_dags/example_inlet_event_extra.py
[2025-03-27T16:48:15.688+0000] {processor.py:914} INFO - Processing file /home/airflow/.local/lib/python3.12/site-packages/airflow/example_dags/example_inlet_event_extra.py for tasks to queue
[2025-03-27T16:48:15.691+0000] {logging_mixin.py:190} INFO - [2025-03-27T16:48:15.690+0000] {dagbag.py:588} INFO - Filling up the DagBag from /home/airflow/.local/lib/python3.12/site-packages/airflow/example_dags/example_inlet_event_extra.py
[2025-03-27T16:48:16.270+0000] {processor.py:925} INFO - DAG(s) 'read_dataset_event', 'read_dataset_event_from_classic' retrieved from /home/airflow/.local/lib/python3.12/site-packages/airflow/example_dags/example_inlet_event_extra.py
[2025-03-27T16:48:16.291+0000] {logging_mixin.py:190} INFO - [2025-03-27T16:48:16.291+0000] {dag.py:3239} INFO - Sync 2 DAGs
[2025-03-27T16:48:16.345+0000] {logging_mixin.py:190} INFO - [2025-03-27T16:48:16.345+0000] {dag.py:4180} INFO - Setting next_dagrun for read_dataset_event to 2025-03-26 00:00:00+00:00, run_after=2025-03-27 00:00:00+00:00
[2025-03-27T16:48:16.351+0000] {logging_mixin.py:190} INFO - [2025-03-27T16:48:16.351+0000] {dag.py:4180} INFO - Setting next_dagrun for read_dataset_event_from_classic to 2025-03-26 00:00:00+00:00, run_after=2025-03-27 00:00:00+00:00
[2025-03-27T16:48:16.370+0000] {processor.py:208} INFO - Processing /home/airflow/.local/lib/python3.12/site-packages/airflow/example_dags/example_inlet_event_extra.py took 0.690 seconds
[2025-03-27T16:48:46.627+0000] {processor.py:186} INFO - Started process (PID=2086) to work on /home/airflow/.local/lib/python3.12/site-packages/airflow/example_dags/example_inlet_event_extra.py
[2025-03-27T16:48:46.628+0000] {processor.py:914} INFO - Processing file /home/airflow/.local/lib/python3.12/site-packages/airflow/example_dags/example_inlet_event_extra.py for tasks to queue
[2025-03-27T16:48:46.634+0000] {logging_mixin.py:190} INFO - [2025-03-27T16:48:46.633+0000] {dagbag.py:588} INFO - Filling up the DagBag from /home/airflow/.local/lib/python3.12/site-packages/airflow/example_dags/example_inlet_event_extra.py
[2025-03-27T16:48:47.453+0000] {processor.py:925} INFO - DAG(s) 'read_dataset_event', 'read_dataset_event_from_classic' retrieved from /home/airflow/.local/lib/python3.12/site-packages/airflow/example_dags/example_inlet_event_extra.py
[2025-03-27T16:48:47.476+0000] {logging_mixin.py:190} INFO - [2025-03-27T16:48:47.476+0000] {dag.py:3239} INFO - Sync 2 DAGs
[2025-03-27T16:48:47.502+0000] {logging_mixin.py:190} INFO - [2025-03-27T16:48:47.501+0000] {dag.py:4180} INFO - Setting next_dagrun for read_dataset_event to 2025-03-26 00:00:00+00:00, run_after=2025-03-27 00:00:00+00:00
[2025-03-27T16:48:47.508+0000] {logging_mixin.py:190} INFO - [2025-03-27T16:48:47.508+0000] {dag.py:4180} INFO - Setting next_dagrun for read_dataset_event_from_classic to 2025-03-26 00:00:00+00:00, run_after=2025-03-27 00:00:00+00:00
[2025-03-27T16:48:47.525+0000] {processor.py:208} INFO - Processing /home/airflow/.local/lib/python3.12/site-packages/airflow/example_dags/example_inlet_event_extra.py took 0.910 seconds
[2025-03-27T16:49:17.761+0000] {processor.py:186} INFO - Started process (PID=2152) to work on /home/airflow/.local/lib/python3.12/site-packages/airflow/example_dags/example_inlet_event_extra.py
[2025-03-27T16:49:17.763+0000] {processor.py:914} INFO - Processing file /home/airflow/.local/lib/python3.12/site-packages/airflow/example_dags/example_inlet_event_extra.py for tasks to queue
[2025-03-27T16:49:17.766+0000] {logging_mixin.py:190} INFO - [2025-03-27T16:49:17.766+0000] {dagbag.py:588} INFO - Filling up the DagBag from /home/airflow/.local/lib/python3.12/site-packages/airflow/example_dags/example_inlet_event_extra.py
[2025-03-27T16:49:18.397+0000] {processor.py:925} INFO - DAG(s) 'read_dataset_event', 'read_dataset_event_from_classic' retrieved from /home/airflow/.local/lib/python3.12/site-packages/airflow/example_dags/example_inlet_event_extra.py
[2025-03-27T16:49:18.421+0000] {logging_mixin.py:190} INFO - [2025-03-27T16:49:18.421+0000] {dag.py:3239} INFO - Sync 2 DAGs
[2025-03-27T16:49:18.445+0000] {logging_mixin.py:190} INFO - [2025-03-27T16:49:18.445+0000] {dag.py:4180} INFO - Setting next_dagrun for read_dataset_event to 2025-03-26 00:00:00+00:00, run_after=2025-03-27 00:00:00+00:00
[2025-03-27T16:49:18.451+0000] {logging_mixin.py:190} INFO - [2025-03-27T16:49:18.451+0000] {dag.py:4180} INFO - Setting next_dagrun for read_dataset_event_from_classic to 2025-03-26 00:00:00+00:00, run_after=2025-03-27 00:00:00+00:00
[2025-03-27T16:49:18.466+0000] {processor.py:208} INFO - Processing /home/airflow/.local/lib/python3.12/site-packages/airflow/example_dags/example_inlet_event_extra.py took 0.712 seconds
[2025-03-27T16:49:49.156+0000] {processor.py:186} INFO - Started process (PID=2217) to work on /home/airflow/.local/lib/python3.12/site-packages/airflow/example_dags/example_inlet_event_extra.py
[2025-03-27T16:49:49.159+0000] {processor.py:914} INFO - Processing file /home/airflow/.local/lib/python3.12/site-packages/airflow/example_dags/example_inlet_event_extra.py for tasks to queue
[2025-03-27T16:49:49.166+0000] {logging_mixin.py:190} INFO - [2025-03-27T16:49:49.165+0000] {dagbag.py:588} INFO - Filling up the DagBag from /home/airflow/.local/lib/python3.12/site-packages/airflow/example_dags/example_inlet_event_extra.py
[2025-03-27T16:49:49.867+0000] {processor.py:925} INFO - DAG(s) 'read_dataset_event_from_classic', 'read_dataset_event' retrieved from /home/airflow/.local/lib/python3.12/site-packages/airflow/example_dags/example_inlet_event_extra.py
[2025-03-27T16:49:49.895+0000] {logging_mixin.py:190} INFO - [2025-03-27T16:49:49.895+0000] {dag.py:3239} INFO - Sync 2 DAGs
[2025-03-27T16:49:49.922+0000] {logging_mixin.py:190} INFO - [2025-03-27T16:49:49.921+0000] {dag.py:4180} INFO - Setting next_dagrun for read_dataset_event to 2025-03-26 00:00:00+00:00, run_after=2025-03-27 00:00:00+00:00
[2025-03-27T16:49:49.927+0000] {logging_mixin.py:190} INFO - [2025-03-27T16:49:49.927+0000] {dag.py:4180} INFO - Setting next_dagrun for read_dataset_event_from_classic to 2025-03-26 00:00:00+00:00, run_after=2025-03-27 00:00:00+00:00
[2025-03-27T16:49:49.944+0000] {processor.py:208} INFO - Processing /home/airflow/.local/lib/python3.12/site-packages/airflow/example_dags/example_inlet_event_extra.py took 0.802 seconds
[2025-03-27T16:50:20.647+0000] {processor.py:186} INFO - Started process (PID=2283) to work on /home/airflow/.local/lib/python3.12/site-packages/airflow/example_dags/example_inlet_event_extra.py
[2025-03-27T16:50:20.649+0000] {processor.py:914} INFO - Processing file /home/airflow/.local/lib/python3.12/site-packages/airflow/example_dags/example_inlet_event_extra.py for tasks to queue
[2025-03-27T16:50:20.653+0000] {logging_mixin.py:190} INFO - [2025-03-27T16:50:20.652+0000] {dagbag.py:588} INFO - Filling up the DagBag from /home/airflow/.local/lib/python3.12/site-packages/airflow/example_dags/example_inlet_event_extra.py
[2025-03-27T16:50:21.492+0000] {processor.py:925} INFO - DAG(s) 'read_dataset_event', 'read_dataset_event_from_classic' retrieved from /home/airflow/.local/lib/python3.12/site-packages/airflow/example_dags/example_inlet_event_extra.py
[2025-03-27T16:50:21.512+0000] {logging_mixin.py:190} INFO - [2025-03-27T16:50:21.512+0000] {dag.py:3239} INFO - Sync 2 DAGs
[2025-03-27T16:50:21.555+0000] {logging_mixin.py:190} INFO - [2025-03-27T16:50:21.555+0000] {dag.py:4180} INFO - Setting next_dagrun for read_dataset_event to 2025-03-26 00:00:00+00:00, run_after=2025-03-27 00:00:00+00:00
[2025-03-27T16:50:21.564+0000] {logging_mixin.py:190} INFO - [2025-03-27T16:50:21.564+0000] {dag.py:4180} INFO - Setting next_dagrun for read_dataset_event_from_classic to 2025-03-26 00:00:00+00:00, run_after=2025-03-27 00:00:00+00:00
[2025-03-27T16:50:21.595+0000] {processor.py:208} INFO - Processing /home/airflow/.local/lib/python3.12/site-packages/airflow/example_dags/example_inlet_event_extra.py took 0.956 seconds
[2025-03-27T16:50:54.060+0000] {processor.py:186} INFO - Started process (PID=2348) to work on /home/airflow/.local/lib/python3.12/site-packages/airflow/example_dags/example_inlet_event_extra.py
[2025-03-27T16:50:54.062+0000] {processor.py:914} INFO - Processing file /home/airflow/.local/lib/python3.12/site-packages/airflow/example_dags/example_inlet_event_extra.py for tasks to queue
[2025-03-27T16:50:54.065+0000] {logging_mixin.py:190} INFO - [2025-03-27T16:50:54.065+0000] {dagbag.py:588} INFO - Filling up the DagBag from /home/airflow/.local/lib/python3.12/site-packages/airflow/example_dags/example_inlet_event_extra.py
[2025-03-27T16:50:55.260+0000] {processor.py:925} INFO - DAG(s) 'read_dataset_event_from_classic', 'read_dataset_event' retrieved from /home/airflow/.local/lib/python3.12/site-packages/airflow/example_dags/example_inlet_event_extra.py
[2025-03-27T16:50:55.404+0000] {logging_mixin.py:190} INFO - [2025-03-27T16:50:55.403+0000] {dag.py:3239} INFO - Sync 2 DAGs
[2025-03-27T16:50:55.484+0000] {logging_mixin.py:190} INFO - [2025-03-27T16:50:55.484+0000] {dag.py:4180} INFO - Setting next_dagrun for read_dataset_event to 2025-03-26 00:00:00+00:00, run_after=2025-03-27 00:00:00+00:00
[2025-03-27T16:50:55.505+0000] {logging_mixin.py:190} INFO - [2025-03-27T16:50:55.505+0000] {dag.py:4180} INFO - Setting next_dagrun for read_dataset_event_from_classic to 2025-03-26 00:00:00+00:00, run_after=2025-03-27 00:00:00+00:00
[2025-03-27T16:50:55.558+0000] {processor.py:208} INFO - Processing /home/airflow/.local/lib/python3.12/site-packages/airflow/example_dags/example_inlet_event_extra.py took 1.516 seconds
[2025-03-27T16:51:26.565+0000] {processor.py:186} INFO - Started process (PID=2414) to work on /home/airflow/.local/lib/python3.12/site-packages/airflow/example_dags/example_inlet_event_extra.py
[2025-03-27T16:51:26.568+0000] {processor.py:914} INFO - Processing file /home/airflow/.local/lib/python3.12/site-packages/airflow/example_dags/example_inlet_event_extra.py for tasks to queue
[2025-03-27T16:51:26.576+0000] {logging_mixin.py:190} INFO - [2025-03-27T16:51:26.574+0000] {dagbag.py:588} INFO - Filling up the DagBag from /home/airflow/.local/lib/python3.12/site-packages/airflow/example_dags/example_inlet_event_extra.py
[2025-03-27T16:51:27.363+0000] {processor.py:925} INFO - DAG(s) 'read_dataset_event', 'read_dataset_event_from_classic' retrieved from /home/airflow/.local/lib/python3.12/site-packages/airflow/example_dags/example_inlet_event_extra.py
[2025-03-27T16:51:27.388+0000] {logging_mixin.py:190} INFO - [2025-03-27T16:51:27.387+0000] {dag.py:3239} INFO - Sync 2 DAGs
[2025-03-27T16:51:27.413+0000] {logging_mixin.py:190} INFO - [2025-03-27T16:51:27.412+0000] {dag.py:4180} INFO - Setting next_dagrun for read_dataset_event to 2025-03-26 00:00:00+00:00, run_after=2025-03-27 00:00:00+00:00
[2025-03-27T16:51:27.419+0000] {logging_mixin.py:190} INFO - [2025-03-27T16:51:27.418+0000] {dag.py:4180} INFO - Setting next_dagrun for read_dataset_event_from_classic to 2025-03-26 00:00:00+00:00, run_after=2025-03-27 00:00:00+00:00
[2025-03-27T16:51:27.434+0000] {processor.py:208} INFO - Processing /home/airflow/.local/lib/python3.12/site-packages/airflow/example_dags/example_inlet_event_extra.py took 0.879 seconds
[2025-03-27T16:53:02.641+0000] {processor.py:186} INFO - Started process (PID=111) to work on /home/airflow/.local/lib/python3.12/site-packages/airflow/example_dags/example_inlet_event_extra.py
[2025-03-27T16:53:02.644+0000] {processor.py:914} INFO - Processing file /home/airflow/.local/lib/python3.12/site-packages/airflow/example_dags/example_inlet_event_extra.py for tasks to queue
[2025-03-27T16:53:02.647+0000] {logging_mixin.py:190} INFO - [2025-03-27T16:53:02.646+0000] {dagbag.py:588} INFO - Filling up the DagBag from /home/airflow/.local/lib/python3.12/site-packages/airflow/example_dags/example_inlet_event_extra.py
[2025-03-27T16:53:03.391+0000] {processor.py:925} INFO - DAG(s) 'read_dataset_event', 'read_dataset_event_from_classic' retrieved from /home/airflow/.local/lib/python3.12/site-packages/airflow/example_dags/example_inlet_event_extra.py
[2025-03-27T16:53:03.431+0000] {logging_mixin.py:190} INFO - [2025-03-27T16:53:03.431+0000] {dag.py:3239} INFO - Sync 2 DAGs
[2025-03-27T16:53:03.464+0000] {logging_mixin.py:190} INFO - [2025-03-27T16:53:03.464+0000] {dag.py:4180} INFO - Setting next_dagrun for read_dataset_event to 2025-03-26 00:00:00+00:00, run_after=2025-03-27 00:00:00+00:00
[2025-03-27T16:53:03.472+0000] {logging_mixin.py:190} INFO - [2025-03-27T16:53:03.471+0000] {dag.py:4180} INFO - Setting next_dagrun for read_dataset_event_from_classic to 2025-03-26 00:00:00+00:00, run_after=2025-03-27 00:00:00+00:00
[2025-03-27T16:53:03.505+0000] {processor.py:208} INFO - Processing /home/airflow/.local/lib/python3.12/site-packages/airflow/example_dags/example_inlet_event_extra.py took 0.870 seconds
