[2025-03-27T16:33:13.757+0000] {processor.py:186} INFO - Started process (PID=129) to work on /home/airflow/.local/lib/python3.12/site-packages/airflow/example_dags/example_branch_labels.py
[2025-03-27T16:33:13.759+0000] {processor.py:914} INFO - Processing file /home/airflow/.local/lib/python3.12/site-packages/airflow/example_dags/example_branch_labels.py for tasks to queue
[2025-03-27T16:33:13.764+0000] {logging_mixin.py:190} INFO - [2025-03-27T16:33:13.761+0000] {dagbag.py:588} INFO - Filling up the DagBag from /home/airflow/.local/lib/python3.12/site-packages/airflow/example_dags/example_branch_labels.py
[2025-03-27T16:33:13.779+0000] {processor.py:925} INFO - DAG(s) 'example_branch_labels' retrieved from /home/airflow/.local/lib/python3.12/site-packages/airflow/example_dags/example_branch_labels.py
[2025-03-27T16:33:13.955+0000] {logging_mixin.py:190} INFO - [2025-03-27T16:33:13.954+0000] {override.py:1912} INFO - Created Permission View: can read on DAG:example_branch_labels
[2025-03-27T16:33:13.973+0000] {logging_mixin.py:190} INFO - [2025-03-27T16:33:13.973+0000] {override.py:1912} INFO - Created Permission View: can delete on DAG:example_branch_labels
[2025-03-27T16:33:13.980+0000] {logging_mixin.py:190} INFO - [2025-03-27T16:33:13.979+0000] {override.py:1912} INFO - Created Permission View: can edit on DAG:example_branch_labels
[2025-03-27T16:33:13.991+0000] {logging_mixin.py:190} INFO - [2025-03-27T16:33:13.990+0000] {override.py:1912} INFO - Created Permission View: can read on DAG Run:example_branch_labels
[2025-03-27T16:33:13.997+0000] {logging_mixin.py:190} INFO - [2025-03-27T16:33:13.997+0000] {override.py:1912} INFO - Created Permission View: menu access on DAG Run:example_branch_labels
[2025-03-27T16:33:14.010+0000] {logging_mixin.py:190} INFO - [2025-03-27T16:33:14.009+0000] {override.py:1912} INFO - Created Permission View: can create on DAG Run:example_branch_labels
[2025-03-27T16:33:14.020+0000] {logging_mixin.py:190} INFO - [2025-03-27T16:33:14.020+0000] {override.py:1912} INFO - Created Permission View: can delete on DAG Run:example_branch_labels
[2025-03-27T16:33:14.021+0000] {logging_mixin.py:190} INFO - [2025-03-27T16:33:14.021+0000] {dag.py:3239} INFO - Sync 1 DAGs
[2025-03-27T16:33:14.039+0000] {logging_mixin.py:190} INFO - [2025-03-27T16:33:14.038+0000] {dag.py:3262} INFO - Creating ORM DAG for example_branch_labels
[2025-03-27T16:33:14.052+0000] {logging_mixin.py:190} INFO - [2025-03-27T16:33:14.052+0000] {dag.py:4180} INFO - Setting next_dagrun for example_branch_labels to 2025-03-26 00:00:00+00:00, run_after=2025-03-27 00:00:00+00:00
[2025-03-27T16:33:14.070+0000] {processor.py:208} INFO - Processing /home/airflow/.local/lib/python3.12/site-packages/airflow/example_dags/example_branch_labels.py took 0.323 seconds
[2025-03-27T16:33:44.806+0000] {processor.py:186} INFO - Started process (PID=192) to work on /home/airflow/.local/lib/python3.12/site-packages/airflow/example_dags/example_branch_labels.py
[2025-03-27T16:33:44.808+0000] {processor.py:914} INFO - Processing file /home/airflow/.local/lib/python3.12/site-packages/airflow/example_dags/example_branch_labels.py for tasks to queue
[2025-03-27T16:33:44.811+0000] {logging_mixin.py:190} INFO - [2025-03-27T16:33:44.810+0000] {dagbag.py:588} INFO - Filling up the DagBag from /home/airflow/.local/lib/python3.12/site-packages/airflow/example_dags/example_branch_labels.py
[2025-03-27T16:33:44.823+0000] {processor.py:925} INFO - DAG(s) 'example_branch_labels' retrieved from /home/airflow/.local/lib/python3.12/site-packages/airflow/example_dags/example_branch_labels.py
[2025-03-27T16:33:44.850+0000] {logging_mixin.py:190} INFO - [2025-03-27T16:33:44.850+0000] {dag.py:3239} INFO - Sync 1 DAGs
[2025-03-27T16:33:44.886+0000] {logging_mixin.py:190} INFO - [2025-03-27T16:33:44.885+0000] {dag.py:4180} INFO - Setting next_dagrun for example_branch_labels to 2025-03-26 00:00:00+00:00, run_after=2025-03-27 00:00:00+00:00
[2025-03-27T16:33:44.936+0000] {processor.py:208} INFO - Processing /home/airflow/.local/lib/python3.12/site-packages/airflow/example_dags/example_branch_labels.py took 0.139 seconds
[2025-03-27T16:34:15.076+0000] {processor.py:186} INFO - Started process (PID=254) to work on /home/airflow/.local/lib/python3.12/site-packages/airflow/example_dags/example_branch_labels.py
[2025-03-27T16:34:15.080+0000] {processor.py:914} INFO - Processing file /home/airflow/.local/lib/python3.12/site-packages/airflow/example_dags/example_branch_labels.py for tasks to queue
[2025-03-27T16:34:15.094+0000] {logging_mixin.py:190} INFO - [2025-03-27T16:34:15.094+0000] {dagbag.py:588} INFO - Filling up the DagBag from /home/airflow/.local/lib/python3.12/site-packages/airflow/example_dags/example_branch_labels.py
[2025-03-27T16:34:15.135+0000] {processor.py:925} INFO - DAG(s) 'example_branch_labels' retrieved from /home/airflow/.local/lib/python3.12/site-packages/airflow/example_dags/example_branch_labels.py
[2025-03-27T16:34:15.177+0000] {logging_mixin.py:190} INFO - [2025-03-27T16:34:15.177+0000] {dag.py:3239} INFO - Sync 1 DAGs
[2025-03-27T16:34:15.238+0000] {logging_mixin.py:190} INFO - [2025-03-27T16:34:15.237+0000] {dag.py:4180} INFO - Setting next_dagrun for example_branch_labels to 2025-03-26 00:00:00+00:00, run_after=2025-03-27 00:00:00+00:00
[2025-03-27T16:34:15.291+0000] {processor.py:208} INFO - Processing /home/airflow/.local/lib/python3.12/site-packages/airflow/example_dags/example_branch_labels.py took 0.245 seconds
[2025-03-27T16:34:45.485+0000] {processor.py:186} INFO - Started process (PID=317) to work on /home/airflow/.local/lib/python3.12/site-packages/airflow/example_dags/example_branch_labels.py
[2025-03-27T16:34:45.487+0000] {processor.py:914} INFO - Processing file /home/airflow/.local/lib/python3.12/site-packages/airflow/example_dags/example_branch_labels.py for tasks to queue
[2025-03-27T16:34:45.490+0000] {logging_mixin.py:190} INFO - [2025-03-27T16:34:45.490+0000] {dagbag.py:588} INFO - Filling up the DagBag from /home/airflow/.local/lib/python3.12/site-packages/airflow/example_dags/example_branch_labels.py
[2025-03-27T16:34:45.507+0000] {processor.py:925} INFO - DAG(s) 'example_branch_labels' retrieved from /home/airflow/.local/lib/python3.12/site-packages/airflow/example_dags/example_branch_labels.py
[2025-03-27T16:34:45.543+0000] {logging_mixin.py:190} INFO - [2025-03-27T16:34:45.542+0000] {dag.py:3239} INFO - Sync 1 DAGs
[2025-03-27T16:34:45.591+0000] {logging_mixin.py:190} INFO - [2025-03-27T16:34:45.591+0000] {dag.py:4180} INFO - Setting next_dagrun for example_branch_labels to 2025-03-26 00:00:00+00:00, run_after=2025-03-27 00:00:00+00:00
[2025-03-27T16:34:45.645+0000] {processor.py:208} INFO - Processing /home/airflow/.local/lib/python3.12/site-packages/airflow/example_dags/example_branch_labels.py took 0.171 seconds
[2025-03-27T16:35:15.804+0000] {processor.py:186} INFO - Started process (PID=380) to work on /home/airflow/.local/lib/python3.12/site-packages/airflow/example_dags/example_branch_labels.py
[2025-03-27T16:35:15.806+0000] {processor.py:914} INFO - Processing file /home/airflow/.local/lib/python3.12/site-packages/airflow/example_dags/example_branch_labels.py for tasks to queue
[2025-03-27T16:35:15.811+0000] {logging_mixin.py:190} INFO - [2025-03-27T16:35:15.811+0000] {dagbag.py:588} INFO - Filling up the DagBag from /home/airflow/.local/lib/python3.12/site-packages/airflow/example_dags/example_branch_labels.py
[2025-03-27T16:35:15.834+0000] {processor.py:925} INFO - DAG(s) 'example_branch_labels' retrieved from /home/airflow/.local/lib/python3.12/site-packages/airflow/example_dags/example_branch_labels.py
[2025-03-27T16:35:15.865+0000] {logging_mixin.py:190} INFO - [2025-03-27T16:35:15.865+0000] {dag.py:3239} INFO - Sync 1 DAGs
[2025-03-27T16:35:15.899+0000] {logging_mixin.py:190} INFO - [2025-03-27T16:35:15.899+0000] {dag.py:4180} INFO - Setting next_dagrun for example_branch_labels to 2025-03-26 00:00:00+00:00, run_after=2025-03-27 00:00:00+00:00
[2025-03-27T16:35:15.921+0000] {processor.py:208} INFO - Processing /home/airflow/.local/lib/python3.12/site-packages/airflow/example_dags/example_branch_labels.py took 0.128 seconds
[2025-03-27T16:35:46.712+0000] {processor.py:186} INFO - Started process (PID=444) to work on /home/airflow/.local/lib/python3.12/site-packages/airflow/example_dags/example_branch_labels.py
[2025-03-27T16:35:46.714+0000] {processor.py:914} INFO - Processing file /home/airflow/.local/lib/python3.12/site-packages/airflow/example_dags/example_branch_labels.py for tasks to queue
[2025-03-27T16:35:46.717+0000] {logging_mixin.py:190} INFO - [2025-03-27T16:35:46.717+0000] {dagbag.py:588} INFO - Filling up the DagBag from /home/airflow/.local/lib/python3.12/site-packages/airflow/example_dags/example_branch_labels.py
[2025-03-27T16:35:46.730+0000] {processor.py:925} INFO - DAG(s) 'example_branch_labels' retrieved from /home/airflow/.local/lib/python3.12/site-packages/airflow/example_dags/example_branch_labels.py
[2025-03-27T16:35:46.765+0000] {logging_mixin.py:190} INFO - [2025-03-27T16:35:46.764+0000] {dag.py:3239} INFO - Sync 1 DAGs
[2025-03-27T16:35:46.824+0000] {logging_mixin.py:190} INFO - [2025-03-27T16:35:46.823+0000] {dag.py:4180} INFO - Setting next_dagrun for example_branch_labels to 2025-03-26 00:00:00+00:00, run_after=2025-03-27 00:00:00+00:00
[2025-03-27T16:35:46.865+0000] {processor.py:208} INFO - Processing /home/airflow/.local/lib/python3.12/site-packages/airflow/example_dags/example_branch_labels.py took 0.160 seconds
[2025-03-27T16:36:17.084+0000] {processor.py:186} INFO - Started process (PID=506) to work on /home/airflow/.local/lib/python3.12/site-packages/airflow/example_dags/example_branch_labels.py
[2025-03-27T16:36:17.087+0000] {processor.py:914} INFO - Processing file /home/airflow/.local/lib/python3.12/site-packages/airflow/example_dags/example_branch_labels.py for tasks to queue
[2025-03-27T16:36:17.090+0000] {logging_mixin.py:190} INFO - [2025-03-27T16:36:17.090+0000] {dagbag.py:588} INFO - Filling up the DagBag from /home/airflow/.local/lib/python3.12/site-packages/airflow/example_dags/example_branch_labels.py
[2025-03-27T16:36:17.113+0000] {processor.py:925} INFO - DAG(s) 'example_branch_labels' retrieved from /home/airflow/.local/lib/python3.12/site-packages/airflow/example_dags/example_branch_labels.py
[2025-03-27T16:36:17.152+0000] {logging_mixin.py:190} INFO - [2025-03-27T16:36:17.152+0000] {dag.py:3239} INFO - Sync 1 DAGs
[2025-03-27T16:36:17.198+0000] {logging_mixin.py:190} INFO - [2025-03-27T16:36:17.198+0000] {dag.py:4180} INFO - Setting next_dagrun for example_branch_labels to 2025-03-26 00:00:00+00:00, run_after=2025-03-27 00:00:00+00:00
[2025-03-27T16:36:17.228+0000] {processor.py:208} INFO - Processing /home/airflow/.local/lib/python3.12/site-packages/airflow/example_dags/example_branch_labels.py took 0.156 seconds
[2025-03-27T16:36:47.709+0000] {processor.py:186} INFO - Started process (PID=570) to work on /home/airflow/.local/lib/python3.12/site-packages/airflow/example_dags/example_branch_labels.py
[2025-03-27T16:36:47.713+0000] {processor.py:914} INFO - Processing file /home/airflow/.local/lib/python3.12/site-packages/airflow/example_dags/example_branch_labels.py for tasks to queue
[2025-03-27T16:36:47.719+0000] {logging_mixin.py:190} INFO - [2025-03-27T16:36:47.718+0000] {dagbag.py:588} INFO - Filling up the DagBag from /home/airflow/.local/lib/python3.12/site-packages/airflow/example_dags/example_branch_labels.py
[2025-03-27T16:36:47.740+0000] {processor.py:925} INFO - DAG(s) 'example_branch_labels' retrieved from /home/airflow/.local/lib/python3.12/site-packages/airflow/example_dags/example_branch_labels.py
[2025-03-27T16:36:47.789+0000] {logging_mixin.py:190} INFO - [2025-03-27T16:36:47.788+0000] {dag.py:3239} INFO - Sync 1 DAGs
[2025-03-27T16:36:47.873+0000] {logging_mixin.py:190} INFO - [2025-03-27T16:36:47.872+0000] {dag.py:4180} INFO - Setting next_dagrun for example_branch_labels to 2025-03-26 00:00:00+00:00, run_after=2025-03-27 00:00:00+00:00
[2025-03-27T16:36:47.938+0000] {processor.py:208} INFO - Processing /home/airflow/.local/lib/python3.12/site-packages/airflow/example_dags/example_branch_labels.py took 0.242 seconds
[2025-03-27T16:37:18.067+0000] {processor.py:186} INFO - Started process (PID=632) to work on /home/airflow/.local/lib/python3.12/site-packages/airflow/example_dags/example_branch_labels.py
[2025-03-27T16:37:18.069+0000] {processor.py:914} INFO - Processing file /home/airflow/.local/lib/python3.12/site-packages/airflow/example_dags/example_branch_labels.py for tasks to queue
[2025-03-27T16:37:18.077+0000] {logging_mixin.py:190} INFO - [2025-03-27T16:37:18.076+0000] {dagbag.py:588} INFO - Filling up the DagBag from /home/airflow/.local/lib/python3.12/site-packages/airflow/example_dags/example_branch_labels.py
[2025-03-27T16:37:18.099+0000] {processor.py:925} INFO - DAG(s) 'example_branch_labels' retrieved from /home/airflow/.local/lib/python3.12/site-packages/airflow/example_dags/example_branch_labels.py
[2025-03-27T16:37:18.151+0000] {logging_mixin.py:190} INFO - [2025-03-27T16:37:18.150+0000] {dag.py:3239} INFO - Sync 1 DAGs
[2025-03-27T16:37:18.194+0000] {logging_mixin.py:190} INFO - [2025-03-27T16:37:18.194+0000] {dag.py:4180} INFO - Setting next_dagrun for example_branch_labels to 2025-03-26 00:00:00+00:00, run_after=2025-03-27 00:00:00+00:00
[2025-03-27T16:37:18.256+0000] {processor.py:208} INFO - Processing /home/airflow/.local/lib/python3.12/site-packages/airflow/example_dags/example_branch_labels.py took 0.197 seconds
[2025-03-27T16:37:48.751+0000] {processor.py:186} INFO - Started process (PID=694) to work on /home/airflow/.local/lib/python3.12/site-packages/airflow/example_dags/example_branch_labels.py
[2025-03-27T16:37:48.754+0000] {processor.py:914} INFO - Processing file /home/airflow/.local/lib/python3.12/site-packages/airflow/example_dags/example_branch_labels.py for tasks to queue
[2025-03-27T16:37:48.760+0000] {logging_mixin.py:190} INFO - [2025-03-27T16:37:48.759+0000] {dagbag.py:588} INFO - Filling up the DagBag from /home/airflow/.local/lib/python3.12/site-packages/airflow/example_dags/example_branch_labels.py
[2025-03-27T16:37:48.774+0000] {processor.py:925} INFO - DAG(s) 'example_branch_labels' retrieved from /home/airflow/.local/lib/python3.12/site-packages/airflow/example_dags/example_branch_labels.py
[2025-03-27T16:37:48.803+0000] {logging_mixin.py:190} INFO - [2025-03-27T16:37:48.802+0000] {dag.py:3239} INFO - Sync 1 DAGs
[2025-03-27T16:37:48.854+0000] {logging_mixin.py:190} INFO - [2025-03-27T16:37:48.854+0000] {dag.py:4180} INFO - Setting next_dagrun for example_branch_labels to 2025-03-26 00:00:00+00:00, run_after=2025-03-27 00:00:00+00:00
[2025-03-27T16:37:48.894+0000] {processor.py:208} INFO - Processing /home/airflow/.local/lib/python3.12/site-packages/airflow/example_dags/example_branch_labels.py took 0.159 seconds
[2025-03-27T16:38:19.292+0000] {processor.py:186} INFO - Started process (PID=759) to work on /home/airflow/.local/lib/python3.12/site-packages/airflow/example_dags/example_branch_labels.py
[2025-03-27T16:38:19.293+0000] {processor.py:914} INFO - Processing file /home/airflow/.local/lib/python3.12/site-packages/airflow/example_dags/example_branch_labels.py for tasks to queue
[2025-03-27T16:38:19.296+0000] {logging_mixin.py:190} INFO - [2025-03-27T16:38:19.296+0000] {dagbag.py:588} INFO - Filling up the DagBag from /home/airflow/.local/lib/python3.12/site-packages/airflow/example_dags/example_branch_labels.py
[2025-03-27T16:38:19.308+0000] {processor.py:925} INFO - DAG(s) 'example_branch_labels' retrieved from /home/airflow/.local/lib/python3.12/site-packages/airflow/example_dags/example_branch_labels.py
[2025-03-27T16:38:19.345+0000] {logging_mixin.py:190} INFO - [2025-03-27T16:38:19.345+0000] {dag.py:3239} INFO - Sync 1 DAGs
[2025-03-27T16:38:19.378+0000] {logging_mixin.py:190} INFO - [2025-03-27T16:38:19.378+0000] {dag.py:4180} INFO - Setting next_dagrun for example_branch_labels to 2025-03-26 00:00:00+00:00, run_after=2025-03-27 00:00:00+00:00
[2025-03-27T16:38:19.475+0000] {processor.py:208} INFO - Processing /home/airflow/.local/lib/python3.12/site-packages/airflow/example_dags/example_branch_labels.py took 0.190 seconds
[2025-03-27T16:38:50.429+0000] {processor.py:186} INFO - Started process (PID=825) to work on /home/airflow/.local/lib/python3.12/site-packages/airflow/example_dags/example_branch_labels.py
[2025-03-27T16:38:50.431+0000] {processor.py:914} INFO - Processing file /home/airflow/.local/lib/python3.12/site-packages/airflow/example_dags/example_branch_labels.py for tasks to queue
[2025-03-27T16:38:50.436+0000] {logging_mixin.py:190} INFO - [2025-03-27T16:38:50.435+0000] {dagbag.py:588} INFO - Filling up the DagBag from /home/airflow/.local/lib/python3.12/site-packages/airflow/example_dags/example_branch_labels.py
[2025-03-27T16:38:50.454+0000] {processor.py:925} INFO - DAG(s) 'example_branch_labels' retrieved from /home/airflow/.local/lib/python3.12/site-packages/airflow/example_dags/example_branch_labels.py
[2025-03-27T16:38:50.494+0000] {logging_mixin.py:190} INFO - [2025-03-27T16:38:50.493+0000] {dag.py:3239} INFO - Sync 1 DAGs
[2025-03-27T16:38:50.538+0000] {logging_mixin.py:190} INFO - [2025-03-27T16:38:50.537+0000] {dag.py:4180} INFO - Setting next_dagrun for example_branch_labels to 2025-03-26 00:00:00+00:00, run_after=2025-03-27 00:00:00+00:00
[2025-03-27T16:38:50.573+0000] {processor.py:208} INFO - Processing /home/airflow/.local/lib/python3.12/site-packages/airflow/example_dags/example_branch_labels.py took 0.154 seconds
[2025-03-27T16:39:20.708+0000] {processor.py:186} INFO - Started process (PID=890) to work on /home/airflow/.local/lib/python3.12/site-packages/airflow/example_dags/example_branch_labels.py
[2025-03-27T16:39:20.710+0000] {processor.py:914} INFO - Processing file /home/airflow/.local/lib/python3.12/site-packages/airflow/example_dags/example_branch_labels.py for tasks to queue
[2025-03-27T16:39:20.713+0000] {logging_mixin.py:190} INFO - [2025-03-27T16:39:20.713+0000] {dagbag.py:588} INFO - Filling up the DagBag from /home/airflow/.local/lib/python3.12/site-packages/airflow/example_dags/example_branch_labels.py
[2025-03-27T16:39:20.723+0000] {processor.py:925} INFO - DAG(s) 'example_branch_labels' retrieved from /home/airflow/.local/lib/python3.12/site-packages/airflow/example_dags/example_branch_labels.py
[2025-03-27T16:39:20.745+0000] {logging_mixin.py:190} INFO - [2025-03-27T16:39:20.745+0000] {dag.py:3239} INFO - Sync 1 DAGs
[2025-03-27T16:39:20.773+0000] {logging_mixin.py:190} INFO - [2025-03-27T16:39:20.772+0000] {dag.py:4180} INFO - Setting next_dagrun for example_branch_labels to 2025-03-26 00:00:00+00:00, run_after=2025-03-27 00:00:00+00:00
[2025-03-27T16:39:20.792+0000] {processor.py:208} INFO - Processing /home/airflow/.local/lib/python3.12/site-packages/airflow/example_dags/example_branch_labels.py took 0.090 seconds
[2025-03-27T16:39:51.955+0000] {processor.py:186} INFO - Started process (PID=955) to work on /home/airflow/.local/lib/python3.12/site-packages/airflow/example_dags/example_branch_labels.py
[2025-03-27T16:39:51.957+0000] {processor.py:914} INFO - Processing file /home/airflow/.local/lib/python3.12/site-packages/airflow/example_dags/example_branch_labels.py for tasks to queue
[2025-03-27T16:39:51.960+0000] {logging_mixin.py:190} INFO - [2025-03-27T16:39:51.960+0000] {dagbag.py:588} INFO - Filling up the DagBag from /home/airflow/.local/lib/python3.12/site-packages/airflow/example_dags/example_branch_labels.py
[2025-03-27T16:39:51.990+0000] {processor.py:925} INFO - DAG(s) 'example_branch_labels' retrieved from /home/airflow/.local/lib/python3.12/site-packages/airflow/example_dags/example_branch_labels.py
[2025-03-27T16:39:52.038+0000] {logging_mixin.py:190} INFO - [2025-03-27T16:39:52.037+0000] {dag.py:3239} INFO - Sync 1 DAGs
[2025-03-27T16:39:52.073+0000] {logging_mixin.py:190} INFO - [2025-03-27T16:39:52.073+0000] {dag.py:4180} INFO - Setting next_dagrun for example_branch_labels to 2025-03-26 00:00:00+00:00, run_after=2025-03-27 00:00:00+00:00
[2025-03-27T16:39:52.095+0000] {processor.py:208} INFO - Processing /home/airflow/.local/lib/python3.12/site-packages/airflow/example_dags/example_branch_labels.py took 0.151 seconds
[2025-03-27T16:40:23.133+0000] {processor.py:186} INFO - Started process (PID=1020) to work on /home/airflow/.local/lib/python3.12/site-packages/airflow/example_dags/example_branch_labels.py
[2025-03-27T16:40:23.137+0000] {processor.py:914} INFO - Processing file /home/airflow/.local/lib/python3.12/site-packages/airflow/example_dags/example_branch_labels.py for tasks to queue
[2025-03-27T16:40:23.146+0000] {logging_mixin.py:190} INFO - [2025-03-27T16:40:23.145+0000] {dagbag.py:588} INFO - Filling up the DagBag from /home/airflow/.local/lib/python3.12/site-packages/airflow/example_dags/example_branch_labels.py
[2025-03-27T16:40:23.163+0000] {processor.py:925} INFO - DAG(s) 'example_branch_labels' retrieved from /home/airflow/.local/lib/python3.12/site-packages/airflow/example_dags/example_branch_labels.py
[2025-03-27T16:40:23.195+0000] {logging_mixin.py:190} INFO - [2025-03-27T16:40:23.195+0000] {dag.py:3239} INFO - Sync 1 DAGs
[2025-03-27T16:40:23.234+0000] {logging_mixin.py:190} INFO - [2025-03-27T16:40:23.233+0000] {dag.py:4180} INFO - Setting next_dagrun for example_branch_labels to 2025-03-26 00:00:00+00:00, run_after=2025-03-27 00:00:00+00:00
[2025-03-27T16:40:23.257+0000] {processor.py:208} INFO - Processing /home/airflow/.local/lib/python3.12/site-packages/airflow/example_dags/example_branch_labels.py took 0.141 seconds
[2025-03-27T16:40:54.265+0000] {processor.py:186} INFO - Started process (PID=1085) to work on /home/airflow/.local/lib/python3.12/site-packages/airflow/example_dags/example_branch_labels.py
[2025-03-27T16:40:54.267+0000] {processor.py:914} INFO - Processing file /home/airflow/.local/lib/python3.12/site-packages/airflow/example_dags/example_branch_labels.py for tasks to queue
[2025-03-27T16:40:54.270+0000] {logging_mixin.py:190} INFO - [2025-03-27T16:40:54.269+0000] {dagbag.py:588} INFO - Filling up the DagBag from /home/airflow/.local/lib/python3.12/site-packages/airflow/example_dags/example_branch_labels.py
[2025-03-27T16:40:54.284+0000] {processor.py:925} INFO - DAG(s) 'example_branch_labels' retrieved from /home/airflow/.local/lib/python3.12/site-packages/airflow/example_dags/example_branch_labels.py
[2025-03-27T16:40:54.311+0000] {logging_mixin.py:190} INFO - [2025-03-27T16:40:54.311+0000] {dag.py:3239} INFO - Sync 1 DAGs
[2025-03-27T16:40:54.355+0000] {logging_mixin.py:190} INFO - [2025-03-27T16:40:54.355+0000] {dag.py:4180} INFO - Setting next_dagrun for example_branch_labels to 2025-03-26 00:00:00+00:00, run_after=2025-03-27 00:00:00+00:00
[2025-03-27T16:40:54.381+0000] {processor.py:208} INFO - Processing /home/airflow/.local/lib/python3.12/site-packages/airflow/example_dags/example_branch_labels.py took 0.123 seconds
[2025-03-27T16:41:24.929+0000] {processor.py:186} INFO - Started process (PID=1150) to work on /home/airflow/.local/lib/python3.12/site-packages/airflow/example_dags/example_branch_labels.py
[2025-03-27T16:41:24.931+0000] {processor.py:914} INFO - Processing file /home/airflow/.local/lib/python3.12/site-packages/airflow/example_dags/example_branch_labels.py for tasks to queue
[2025-03-27T16:41:24.935+0000] {logging_mixin.py:190} INFO - [2025-03-27T16:41:24.934+0000] {dagbag.py:588} INFO - Filling up the DagBag from /home/airflow/.local/lib/python3.12/site-packages/airflow/example_dags/example_branch_labels.py
[2025-03-27T16:41:24.947+0000] {processor.py:925} INFO - DAG(s) 'example_branch_labels' retrieved from /home/airflow/.local/lib/python3.12/site-packages/airflow/example_dags/example_branch_labels.py
[2025-03-27T16:41:24.969+0000] {logging_mixin.py:190} INFO - [2025-03-27T16:41:24.968+0000] {dag.py:3239} INFO - Sync 1 DAGs
[2025-03-27T16:41:25.021+0000] {logging_mixin.py:190} INFO - [2025-03-27T16:41:25.021+0000] {dag.py:4180} INFO - Setting next_dagrun for example_branch_labels to 2025-03-26 00:00:00+00:00, run_after=2025-03-27 00:00:00+00:00
[2025-03-27T16:41:25.095+0000] {processor.py:208} INFO - Processing /home/airflow/.local/lib/python3.12/site-packages/airflow/example_dags/example_branch_labels.py took 0.172 seconds
[2025-03-27T16:41:56.513+0000] {processor.py:186} INFO - Started process (PID=1217) to work on /home/airflow/.local/lib/python3.12/site-packages/airflow/example_dags/example_branch_labels.py
[2025-03-27T16:41:56.516+0000] {processor.py:914} INFO - Processing file /home/airflow/.local/lib/python3.12/site-packages/airflow/example_dags/example_branch_labels.py for tasks to queue
[2025-03-27T16:41:56.523+0000] {logging_mixin.py:190} INFO - [2025-03-27T16:41:56.523+0000] {dagbag.py:588} INFO - Filling up the DagBag from /home/airflow/.local/lib/python3.12/site-packages/airflow/example_dags/example_branch_labels.py
[2025-03-27T16:41:56.545+0000] {processor.py:925} INFO - DAG(s) 'example_branch_labels' retrieved from /home/airflow/.local/lib/python3.12/site-packages/airflow/example_dags/example_branch_labels.py
[2025-03-27T16:41:56.603+0000] {logging_mixin.py:190} INFO - [2025-03-27T16:41:56.602+0000] {dag.py:3239} INFO - Sync 1 DAGs
[2025-03-27T16:41:56.658+0000] {logging_mixin.py:190} INFO - [2025-03-27T16:41:56.657+0000] {dag.py:4180} INFO - Setting next_dagrun for example_branch_labels to 2025-03-26 00:00:00+00:00, run_after=2025-03-27 00:00:00+00:00
[2025-03-27T16:41:56.697+0000] {processor.py:208} INFO - Processing /home/airflow/.local/lib/python3.12/site-packages/airflow/example_dags/example_branch_labels.py took 0.195 seconds
[2025-03-27T16:42:27.000+0000] {processor.py:186} INFO - Started process (PID=1281) to work on /home/airflow/.local/lib/python3.12/site-packages/airflow/example_dags/example_branch_labels.py
[2025-03-27T16:42:27.003+0000] {processor.py:914} INFO - Processing file /home/airflow/.local/lib/python3.12/site-packages/airflow/example_dags/example_branch_labels.py for tasks to queue
[2025-03-27T16:42:27.011+0000] {logging_mixin.py:190} INFO - [2025-03-27T16:42:27.009+0000] {dagbag.py:588} INFO - Filling up the DagBag from /home/airflow/.local/lib/python3.12/site-packages/airflow/example_dags/example_branch_labels.py
[2025-03-27T16:42:27.041+0000] {processor.py:925} INFO - DAG(s) 'example_branch_labels' retrieved from /home/airflow/.local/lib/python3.12/site-packages/airflow/example_dags/example_branch_labels.py
[2025-03-27T16:42:27.083+0000] {logging_mixin.py:190} INFO - [2025-03-27T16:42:27.082+0000] {dag.py:3239} INFO - Sync 1 DAGs
[2025-03-27T16:42:27.135+0000] {logging_mixin.py:190} INFO - [2025-03-27T16:42:27.135+0000] {dag.py:4180} INFO - Setting next_dagrun for example_branch_labels to 2025-03-26 00:00:00+00:00, run_after=2025-03-27 00:00:00+00:00
[2025-03-27T16:42:27.161+0000] {processor.py:208} INFO - Processing /home/airflow/.local/lib/python3.12/site-packages/airflow/example_dags/example_branch_labels.py took 0.173 seconds
[2025-03-27T16:42:57.558+0000] {processor.py:186} INFO - Started process (PID=1347) to work on /home/airflow/.local/lib/python3.12/site-packages/airflow/example_dags/example_branch_labels.py
[2025-03-27T16:42:57.564+0000] {processor.py:914} INFO - Processing file /home/airflow/.local/lib/python3.12/site-packages/airflow/example_dags/example_branch_labels.py for tasks to queue
[2025-03-27T16:42:57.577+0000] {logging_mixin.py:190} INFO - [2025-03-27T16:42:57.576+0000] {dagbag.py:588} INFO - Filling up the DagBag from /home/airflow/.local/lib/python3.12/site-packages/airflow/example_dags/example_branch_labels.py
[2025-03-27T16:42:57.611+0000] {processor.py:925} INFO - DAG(s) 'example_branch_labels' retrieved from /home/airflow/.local/lib/python3.12/site-packages/airflow/example_dags/example_branch_labels.py
[2025-03-27T16:42:57.659+0000] {logging_mixin.py:190} INFO - [2025-03-27T16:42:57.658+0000] {dag.py:3239} INFO - Sync 1 DAGs
[2025-03-27T16:42:57.698+0000] {logging_mixin.py:190} INFO - [2025-03-27T16:42:57.698+0000] {dag.py:4180} INFO - Setting next_dagrun for example_branch_labels to 2025-03-26 00:00:00+00:00, run_after=2025-03-27 00:00:00+00:00
[2025-03-27T16:42:57.735+0000] {processor.py:208} INFO - Processing /home/airflow/.local/lib/python3.12/site-packages/airflow/example_dags/example_branch_labels.py took 0.203 seconds
[2025-03-27T16:43:28.434+0000] {processor.py:186} INFO - Started process (PID=1418) to work on /home/airflow/.local/lib/python3.12/site-packages/airflow/example_dags/example_branch_labels.py
[2025-03-27T16:43:28.435+0000] {processor.py:914} INFO - Processing file /home/airflow/.local/lib/python3.12/site-packages/airflow/example_dags/example_branch_labels.py for tasks to queue
[2025-03-27T16:43:28.439+0000] {logging_mixin.py:190} INFO - [2025-03-27T16:43:28.439+0000] {dagbag.py:588} INFO - Filling up the DagBag from /home/airflow/.local/lib/python3.12/site-packages/airflow/example_dags/example_branch_labels.py
[2025-03-27T16:43:28.450+0000] {processor.py:925} INFO - DAG(s) 'example_branch_labels' retrieved from /home/airflow/.local/lib/python3.12/site-packages/airflow/example_dags/example_branch_labels.py
[2025-03-27T16:43:28.474+0000] {logging_mixin.py:190} INFO - [2025-03-27T16:43:28.474+0000] {dag.py:3239} INFO - Sync 1 DAGs
[2025-03-27T16:43:28.508+0000] {logging_mixin.py:190} INFO - [2025-03-27T16:43:28.507+0000] {dag.py:4180} INFO - Setting next_dagrun for example_branch_labels to 2025-03-26 00:00:00+00:00, run_after=2025-03-27 00:00:00+00:00
[2025-03-27T16:43:28.531+0000] {processor.py:208} INFO - Processing /home/airflow/.local/lib/python3.12/site-packages/airflow/example_dags/example_branch_labels.py took 0.105 seconds
[2025-03-27T16:43:59.446+0000] {processor.py:186} INFO - Started process (PID=1484) to work on /home/airflow/.local/lib/python3.12/site-packages/airflow/example_dags/example_branch_labels.py
[2025-03-27T16:43:59.447+0000] {processor.py:914} INFO - Processing file /home/airflow/.local/lib/python3.12/site-packages/airflow/example_dags/example_branch_labels.py for tasks to queue
[2025-03-27T16:43:59.451+0000] {logging_mixin.py:190} INFO - [2025-03-27T16:43:59.451+0000] {dagbag.py:588} INFO - Filling up the DagBag from /home/airflow/.local/lib/python3.12/site-packages/airflow/example_dags/example_branch_labels.py
[2025-03-27T16:43:59.464+0000] {processor.py:925} INFO - DAG(s) 'example_branch_labels' retrieved from /home/airflow/.local/lib/python3.12/site-packages/airflow/example_dags/example_branch_labels.py
[2025-03-27T16:43:59.515+0000] {logging_mixin.py:190} INFO - [2025-03-27T16:43:59.514+0000] {dag.py:3239} INFO - Sync 1 DAGs
[2025-03-27T16:43:59.571+0000] {logging_mixin.py:190} INFO - [2025-03-27T16:43:59.570+0000] {dag.py:4180} INFO - Setting next_dagrun for example_branch_labels to 2025-03-26 00:00:00+00:00, run_after=2025-03-27 00:00:00+00:00
[2025-03-27T16:43:59.613+0000] {processor.py:208} INFO - Processing /home/airflow/.local/lib/python3.12/site-packages/airflow/example_dags/example_branch_labels.py took 0.175 seconds
[2025-03-27T16:44:29.772+0000] {processor.py:186} INFO - Started process (PID=1548) to work on /home/airflow/.local/lib/python3.12/site-packages/airflow/example_dags/example_branch_labels.py
[2025-03-27T16:44:29.773+0000] {processor.py:914} INFO - Processing file /home/airflow/.local/lib/python3.12/site-packages/airflow/example_dags/example_branch_labels.py for tasks to queue
[2025-03-27T16:44:29.779+0000] {logging_mixin.py:190} INFO - [2025-03-27T16:44:29.778+0000] {dagbag.py:588} INFO - Filling up the DagBag from /home/airflow/.local/lib/python3.12/site-packages/airflow/example_dags/example_branch_labels.py
[2025-03-27T16:44:29.797+0000] {processor.py:925} INFO - DAG(s) 'example_branch_labels' retrieved from /home/airflow/.local/lib/python3.12/site-packages/airflow/example_dags/example_branch_labels.py
[2025-03-27T16:44:29.823+0000] {logging_mixin.py:190} INFO - [2025-03-27T16:44:29.823+0000] {dag.py:3239} INFO - Sync 1 DAGs
[2025-03-27T16:44:29.850+0000] {logging_mixin.py:190} INFO - [2025-03-27T16:44:29.849+0000] {dag.py:4180} INFO - Setting next_dagrun for example_branch_labels to 2025-03-26 00:00:00+00:00, run_after=2025-03-27 00:00:00+00:00
[2025-03-27T16:44:29.881+0000] {processor.py:208} INFO - Processing /home/airflow/.local/lib/python3.12/site-packages/airflow/example_dags/example_branch_labels.py took 0.121 seconds
[2025-03-27T16:45:00.090+0000] {processor.py:186} INFO - Started process (PID=1613) to work on /home/airflow/.local/lib/python3.12/site-packages/airflow/example_dags/example_branch_labels.py
[2025-03-27T16:45:00.093+0000] {processor.py:914} INFO - Processing file /home/airflow/.local/lib/python3.12/site-packages/airflow/example_dags/example_branch_labels.py for tasks to queue
[2025-03-27T16:45:00.098+0000] {logging_mixin.py:190} INFO - [2025-03-27T16:45:00.097+0000] {dagbag.py:588} INFO - Filling up the DagBag from /home/airflow/.local/lib/python3.12/site-packages/airflow/example_dags/example_branch_labels.py
[2025-03-27T16:45:00.117+0000] {processor.py:925} INFO - DAG(s) 'example_branch_labels' retrieved from /home/airflow/.local/lib/python3.12/site-packages/airflow/example_dags/example_branch_labels.py
[2025-03-27T16:45:00.154+0000] {logging_mixin.py:190} INFO - [2025-03-27T16:45:00.154+0000] {dag.py:3239} INFO - Sync 1 DAGs
[2025-03-27T16:45:00.194+0000] {logging_mixin.py:190} INFO - [2025-03-27T16:45:00.193+0000] {dag.py:4180} INFO - Setting next_dagrun for example_branch_labels to 2025-03-26 00:00:00+00:00, run_after=2025-03-27 00:00:00+00:00
[2025-03-27T16:45:00.215+0000] {processor.py:208} INFO - Processing /home/airflow/.local/lib/python3.12/site-packages/airflow/example_dags/example_branch_labels.py took 0.139 seconds
[2025-03-27T16:45:31.172+0000] {processor.py:186} INFO - Started process (PID=1679) to work on /home/airflow/.local/lib/python3.12/site-packages/airflow/example_dags/example_branch_labels.py
[2025-03-27T16:45:31.174+0000] {processor.py:914} INFO - Processing file /home/airflow/.local/lib/python3.12/site-packages/airflow/example_dags/example_branch_labels.py for tasks to queue
[2025-03-27T16:45:31.177+0000] {logging_mixin.py:190} INFO - [2025-03-27T16:45:31.177+0000] {dagbag.py:588} INFO - Filling up the DagBag from /home/airflow/.local/lib/python3.12/site-packages/airflow/example_dags/example_branch_labels.py
[2025-03-27T16:45:31.187+0000] {processor.py:925} INFO - DAG(s) 'example_branch_labels' retrieved from /home/airflow/.local/lib/python3.12/site-packages/airflow/example_dags/example_branch_labels.py
[2025-03-27T16:45:31.210+0000] {logging_mixin.py:190} INFO - [2025-03-27T16:45:31.210+0000] {dag.py:3239} INFO - Sync 1 DAGs
[2025-03-27T16:45:31.234+0000] {logging_mixin.py:190} INFO - [2025-03-27T16:45:31.234+0000] {dag.py:4180} INFO - Setting next_dagrun for example_branch_labels to 2025-03-26 00:00:00+00:00, run_after=2025-03-27 00:00:00+00:00
[2025-03-27T16:45:31.258+0000] {processor.py:208} INFO - Processing /home/airflow/.local/lib/python3.12/site-packages/airflow/example_dags/example_branch_labels.py took 0.100 seconds
[2025-03-27T16:46:01.781+0000] {processor.py:186} INFO - Started process (PID=1744) to work on /home/airflow/.local/lib/python3.12/site-packages/airflow/example_dags/example_branch_labels.py
[2025-03-27T16:46:01.782+0000] {processor.py:914} INFO - Processing file /home/airflow/.local/lib/python3.12/site-packages/airflow/example_dags/example_branch_labels.py for tasks to queue
[2025-03-27T16:46:01.786+0000] {logging_mixin.py:190} INFO - [2025-03-27T16:46:01.785+0000] {dagbag.py:588} INFO - Filling up the DagBag from /home/airflow/.local/lib/python3.12/site-packages/airflow/example_dags/example_branch_labels.py
[2025-03-27T16:46:01.800+0000] {processor.py:925} INFO - DAG(s) 'example_branch_labels' retrieved from /home/airflow/.local/lib/python3.12/site-packages/airflow/example_dags/example_branch_labels.py
[2025-03-27T16:46:01.832+0000] {logging_mixin.py:190} INFO - [2025-03-27T16:46:01.831+0000] {dag.py:3239} INFO - Sync 1 DAGs
[2025-03-27T16:46:01.872+0000] {logging_mixin.py:190} INFO - [2025-03-27T16:46:01.871+0000] {dag.py:4180} INFO - Setting next_dagrun for example_branch_labels to 2025-03-26 00:00:00+00:00, run_after=2025-03-27 00:00:00+00:00
[2025-03-27T16:46:01.902+0000] {processor.py:208} INFO - Processing /home/airflow/.local/lib/python3.12/site-packages/airflow/example_dags/example_branch_labels.py took 0.129 seconds
[2025-03-27T16:46:32.607+0000] {processor.py:186} INFO - Started process (PID=1809) to work on /home/airflow/.local/lib/python3.12/site-packages/airflow/example_dags/example_branch_labels.py
[2025-03-27T16:46:32.608+0000] {processor.py:914} INFO - Processing file /home/airflow/.local/lib/python3.12/site-packages/airflow/example_dags/example_branch_labels.py for tasks to queue
[2025-03-27T16:46:32.612+0000] {logging_mixin.py:190} INFO - [2025-03-27T16:46:32.611+0000] {dagbag.py:588} INFO - Filling up the DagBag from /home/airflow/.local/lib/python3.12/site-packages/airflow/example_dags/example_branch_labels.py
[2025-03-27T16:46:32.621+0000] {processor.py:925} INFO - DAG(s) 'example_branch_labels' retrieved from /home/airflow/.local/lib/python3.12/site-packages/airflow/example_dags/example_branch_labels.py
[2025-03-27T16:46:32.642+0000] {logging_mixin.py:190} INFO - [2025-03-27T16:46:32.641+0000] {dag.py:3239} INFO - Sync 1 DAGs
[2025-03-27T16:46:32.668+0000] {logging_mixin.py:190} INFO - [2025-03-27T16:46:32.668+0000] {dag.py:4180} INFO - Setting next_dagrun for example_branch_labels to 2025-03-26 00:00:00+00:00, run_after=2025-03-27 00:00:00+00:00
[2025-03-27T16:46:32.689+0000] {processor.py:208} INFO - Processing /home/airflow/.local/lib/python3.12/site-packages/airflow/example_dags/example_branch_labels.py took 0.088 seconds
[2025-03-27T16:47:02.824+0000] {processor.py:186} INFO - Started process (PID=1873) to work on /home/airflow/.local/lib/python3.12/site-packages/airflow/example_dags/example_branch_labels.py
[2025-03-27T16:47:02.825+0000] {processor.py:914} INFO - Processing file /home/airflow/.local/lib/python3.12/site-packages/airflow/example_dags/example_branch_labels.py for tasks to queue
[2025-03-27T16:47:02.829+0000] {logging_mixin.py:190} INFO - [2025-03-27T16:47:02.828+0000] {dagbag.py:588} INFO - Filling up the DagBag from /home/airflow/.local/lib/python3.12/site-packages/airflow/example_dags/example_branch_labels.py
[2025-03-27T16:47:02.841+0000] {processor.py:925} INFO - DAG(s) 'example_branch_labels' retrieved from /home/airflow/.local/lib/python3.12/site-packages/airflow/example_dags/example_branch_labels.py
[2025-03-27T16:47:02.863+0000] {logging_mixin.py:190} INFO - [2025-03-27T16:47:02.863+0000] {dag.py:3239} INFO - Sync 1 DAGs
[2025-03-27T16:47:02.892+0000] {logging_mixin.py:190} INFO - [2025-03-27T16:47:02.891+0000] {dag.py:4180} INFO - Setting next_dagrun for example_branch_labels to 2025-03-26 00:00:00+00:00, run_after=2025-03-27 00:00:00+00:00
[2025-03-27T16:47:02.911+0000] {processor.py:208} INFO - Processing /home/airflow/.local/lib/python3.12/site-packages/airflow/example_dags/example_branch_labels.py took 0.098 seconds
[2025-03-27T16:47:33.106+0000] {processor.py:186} INFO - Started process (PID=1938) to work on /home/airflow/.local/lib/python3.12/site-packages/airflow/example_dags/example_branch_labels.py
[2025-03-27T16:47:33.108+0000] {processor.py:914} INFO - Processing file /home/airflow/.local/lib/python3.12/site-packages/airflow/example_dags/example_branch_labels.py for tasks to queue
[2025-03-27T16:47:33.112+0000] {logging_mixin.py:190} INFO - [2025-03-27T16:47:33.112+0000] {dagbag.py:588} INFO - Filling up the DagBag from /home/airflow/.local/lib/python3.12/site-packages/airflow/example_dags/example_branch_labels.py
[2025-03-27T16:47:33.126+0000] {processor.py:925} INFO - DAG(s) 'example_branch_labels' retrieved from /home/airflow/.local/lib/python3.12/site-packages/airflow/example_dags/example_branch_labels.py
[2025-03-27T16:47:33.153+0000] {logging_mixin.py:190} INFO - [2025-03-27T16:47:33.153+0000] {dag.py:3239} INFO - Sync 1 DAGs
[2025-03-27T16:47:33.178+0000] {logging_mixin.py:190} INFO - [2025-03-27T16:47:33.177+0000] {dag.py:4180} INFO - Setting next_dagrun for example_branch_labels to 2025-03-26 00:00:00+00:00, run_after=2025-03-27 00:00:00+00:00
[2025-03-27T16:47:33.228+0000] {processor.py:208} INFO - Processing /home/airflow/.local/lib/python3.12/site-packages/airflow/example_dags/example_branch_labels.py took 0.132 seconds
[2025-03-27T16:48:04.098+0000] {processor.py:186} INFO - Started process (PID=2003) to work on /home/airflow/.local/lib/python3.12/site-packages/airflow/example_dags/example_branch_labels.py
[2025-03-27T16:48:04.099+0000] {processor.py:914} INFO - Processing file /home/airflow/.local/lib/python3.12/site-packages/airflow/example_dags/example_branch_labels.py for tasks to queue
[2025-03-27T16:48:04.102+0000] {logging_mixin.py:190} INFO - [2025-03-27T16:48:04.101+0000] {dagbag.py:588} INFO - Filling up the DagBag from /home/airflow/.local/lib/python3.12/site-packages/airflow/example_dags/example_branch_labels.py
[2025-03-27T16:48:04.114+0000] {processor.py:925} INFO - DAG(s) 'example_branch_labels' retrieved from /home/airflow/.local/lib/python3.12/site-packages/airflow/example_dags/example_branch_labels.py
[2025-03-27T16:48:04.134+0000] {logging_mixin.py:190} INFO - [2025-03-27T16:48:04.134+0000] {dag.py:3239} INFO - Sync 1 DAGs
[2025-03-27T16:48:04.167+0000] {logging_mixin.py:190} INFO - [2025-03-27T16:48:04.166+0000] {dag.py:4180} INFO - Setting next_dagrun for example_branch_labels to 2025-03-26 00:00:00+00:00, run_after=2025-03-27 00:00:00+00:00
[2025-03-27T16:48:04.191+0000] {processor.py:208} INFO - Processing /home/airflow/.local/lib/python3.12/site-packages/airflow/example_dags/example_branch_labels.py took 0.100 seconds
[2025-03-27T16:48:34.966+0000] {processor.py:186} INFO - Started process (PID=2068) to work on /home/airflow/.local/lib/python3.12/site-packages/airflow/example_dags/example_branch_labels.py
[2025-03-27T16:48:34.968+0000] {processor.py:914} INFO - Processing file /home/airflow/.local/lib/python3.12/site-packages/airflow/example_dags/example_branch_labels.py for tasks to queue
[2025-03-27T16:48:34.972+0000] {logging_mixin.py:190} INFO - [2025-03-27T16:48:34.972+0000] {dagbag.py:588} INFO - Filling up the DagBag from /home/airflow/.local/lib/python3.12/site-packages/airflow/example_dags/example_branch_labels.py
[2025-03-27T16:48:34.984+0000] {processor.py:925} INFO - DAG(s) 'example_branch_labels' retrieved from /home/airflow/.local/lib/python3.12/site-packages/airflow/example_dags/example_branch_labels.py
[2025-03-27T16:48:35.013+0000] {logging_mixin.py:190} INFO - [2025-03-27T16:48:35.013+0000] {dag.py:3239} INFO - Sync 1 DAGs
[2025-03-27T16:48:35.050+0000] {logging_mixin.py:190} INFO - [2025-03-27T16:48:35.050+0000] {dag.py:4180} INFO - Setting next_dagrun for example_branch_labels to 2025-03-26 00:00:00+00:00, run_after=2025-03-27 00:00:00+00:00
[2025-03-27T16:48:35.074+0000] {processor.py:208} INFO - Processing /home/airflow/.local/lib/python3.12/site-packages/airflow/example_dags/example_branch_labels.py took 0.121 seconds
[2025-03-27T16:49:05.387+0000] {processor.py:186} INFO - Started process (PID=2133) to work on /home/airflow/.local/lib/python3.12/site-packages/airflow/example_dags/example_branch_labels.py
[2025-03-27T16:49:05.391+0000] {processor.py:914} INFO - Processing file /home/airflow/.local/lib/python3.12/site-packages/airflow/example_dags/example_branch_labels.py for tasks to queue
[2025-03-27T16:49:05.402+0000] {logging_mixin.py:190} INFO - [2025-03-27T16:49:05.401+0000] {dagbag.py:588} INFO - Filling up the DagBag from /home/airflow/.local/lib/python3.12/site-packages/airflow/example_dags/example_branch_labels.py
[2025-03-27T16:49:05.427+0000] {processor.py:925} INFO - DAG(s) 'example_branch_labels' retrieved from /home/airflow/.local/lib/python3.12/site-packages/airflow/example_dags/example_branch_labels.py
[2025-03-27T16:49:05.463+0000] {logging_mixin.py:190} INFO - [2025-03-27T16:49:05.462+0000] {dag.py:3239} INFO - Sync 1 DAGs
[2025-03-27T16:49:05.542+0000] {logging_mixin.py:190} INFO - [2025-03-27T16:49:05.541+0000] {dag.py:4180} INFO - Setting next_dagrun for example_branch_labels to 2025-03-26 00:00:00+00:00, run_after=2025-03-27 00:00:00+00:00
[2025-03-27T16:49:05.585+0000] {processor.py:208} INFO - Processing /home/airflow/.local/lib/python3.12/site-packages/airflow/example_dags/example_branch_labels.py took 0.221 seconds
[2025-03-27T16:49:36.442+0000] {processor.py:186} INFO - Started process (PID=2198) to work on /home/airflow/.local/lib/python3.12/site-packages/airflow/example_dags/example_branch_labels.py
[2025-03-27T16:49:36.443+0000] {processor.py:914} INFO - Processing file /home/airflow/.local/lib/python3.12/site-packages/airflow/example_dags/example_branch_labels.py for tasks to queue
[2025-03-27T16:49:36.446+0000] {logging_mixin.py:190} INFO - [2025-03-27T16:49:36.446+0000] {dagbag.py:588} INFO - Filling up the DagBag from /home/airflow/.local/lib/python3.12/site-packages/airflow/example_dags/example_branch_labels.py
[2025-03-27T16:49:36.457+0000] {processor.py:925} INFO - DAG(s) 'example_branch_labels' retrieved from /home/airflow/.local/lib/python3.12/site-packages/airflow/example_dags/example_branch_labels.py
[2025-03-27T16:49:36.478+0000] {logging_mixin.py:190} INFO - [2025-03-27T16:49:36.477+0000] {dag.py:3239} INFO - Sync 1 DAGs
[2025-03-27T16:49:36.502+0000] {logging_mixin.py:190} INFO - [2025-03-27T16:49:36.501+0000] {dag.py:4180} INFO - Setting next_dagrun for example_branch_labels to 2025-03-26 00:00:00+00:00, run_after=2025-03-27 00:00:00+00:00
[2025-03-27T16:49:36.521+0000] {processor.py:208} INFO - Processing /home/airflow/.local/lib/python3.12/site-packages/airflow/example_dags/example_branch_labels.py took 0.085 seconds
[2025-03-27T16:50:06.819+0000] {processor.py:186} INFO - Started process (PID=2263) to work on /home/airflow/.local/lib/python3.12/site-packages/airflow/example_dags/example_branch_labels.py
[2025-03-27T16:50:06.820+0000] {processor.py:914} INFO - Processing file /home/airflow/.local/lib/python3.12/site-packages/airflow/example_dags/example_branch_labels.py for tasks to queue
[2025-03-27T16:50:06.824+0000] {logging_mixin.py:190} INFO - [2025-03-27T16:50:06.823+0000] {dagbag.py:588} INFO - Filling up the DagBag from /home/airflow/.local/lib/python3.12/site-packages/airflow/example_dags/example_branch_labels.py
[2025-03-27T16:50:06.834+0000] {processor.py:925} INFO - DAG(s) 'example_branch_labels' retrieved from /home/airflow/.local/lib/python3.12/site-packages/airflow/example_dags/example_branch_labels.py
[2025-03-27T16:50:06.859+0000] {logging_mixin.py:190} INFO - [2025-03-27T16:50:06.859+0000] {dag.py:3239} INFO - Sync 1 DAGs
[2025-03-27T16:50:06.885+0000] {logging_mixin.py:190} INFO - [2025-03-27T16:50:06.884+0000] {dag.py:4180} INFO - Setting next_dagrun for example_branch_labels to 2025-03-26 00:00:00+00:00, run_after=2025-03-27 00:00:00+00:00
[2025-03-27T16:50:06.909+0000] {processor.py:208} INFO - Processing /home/airflow/.local/lib/python3.12/site-packages/airflow/example_dags/example_branch_labels.py took 0.097 seconds
[2025-03-27T16:50:37.390+0000] {processor.py:186} INFO - Started process (PID=2328) to work on /home/airflow/.local/lib/python3.12/site-packages/airflow/example_dags/example_branch_labels.py
[2025-03-27T16:50:37.392+0000] {processor.py:914} INFO - Processing file /home/airflow/.local/lib/python3.12/site-packages/airflow/example_dags/example_branch_labels.py for tasks to queue
[2025-03-27T16:50:37.396+0000] {logging_mixin.py:190} INFO - [2025-03-27T16:50:37.396+0000] {dagbag.py:588} INFO - Filling up the DagBag from /home/airflow/.local/lib/python3.12/site-packages/airflow/example_dags/example_branch_labels.py
[2025-03-27T16:50:37.409+0000] {processor.py:925} INFO - DAG(s) 'example_branch_labels' retrieved from /home/airflow/.local/lib/python3.12/site-packages/airflow/example_dags/example_branch_labels.py
[2025-03-27T16:50:37.447+0000] {logging_mixin.py:190} INFO - [2025-03-27T16:50:37.445+0000] {dag.py:3239} INFO - Sync 1 DAGs
[2025-03-27T16:50:37.512+0000] {logging_mixin.py:190} INFO - [2025-03-27T16:50:37.512+0000] {dag.py:4180} INFO - Setting next_dagrun for example_branch_labels to 2025-03-26 00:00:00+00:00, run_after=2025-03-27 00:00:00+00:00
[2025-03-27T16:50:37.555+0000] {processor.py:208} INFO - Processing /home/airflow/.local/lib/python3.12/site-packages/airflow/example_dags/example_branch_labels.py took 0.172 seconds
[2025-03-27T16:51:08.410+0000] {processor.py:186} INFO - Started process (PID=2392) to work on /home/airflow/.local/lib/python3.12/site-packages/airflow/example_dags/example_branch_labels.py
[2025-03-27T16:51:08.416+0000] {processor.py:914} INFO - Processing file /home/airflow/.local/lib/python3.12/site-packages/airflow/example_dags/example_branch_labels.py for tasks to queue
[2025-03-27T16:51:08.426+0000] {logging_mixin.py:190} INFO - [2025-03-27T16:51:08.424+0000] {dagbag.py:588} INFO - Filling up the DagBag from /home/airflow/.local/lib/python3.12/site-packages/airflow/example_dags/example_branch_labels.py
[2025-03-27T16:51:08.466+0000] {processor.py:925} INFO - DAG(s) 'example_branch_labels' retrieved from /home/airflow/.local/lib/python3.12/site-packages/airflow/example_dags/example_branch_labels.py
[2025-03-27T16:51:08.526+0000] {logging_mixin.py:190} INFO - [2025-03-27T16:51:08.525+0000] {dag.py:3239} INFO - Sync 1 DAGs
[2025-03-27T16:51:08.588+0000] {logging_mixin.py:190} INFO - [2025-03-27T16:51:08.587+0000] {dag.py:4180} INFO - Setting next_dagrun for example_branch_labels to 2025-03-26 00:00:00+00:00, run_after=2025-03-27 00:00:00+00:00
[2025-03-27T16:51:08.622+0000] {processor.py:208} INFO - Processing /home/airflow/.local/lib/python3.12/site-packages/airflow/example_dags/example_branch_labels.py took 0.231 seconds
[2025-03-27T16:53:06.070+0000] {processor.py:186} INFO - Started process (PID=133) to work on /home/airflow/.local/lib/python3.12/site-packages/airflow/example_dags/example_branch_labels.py
[2025-03-27T16:53:06.073+0000] {processor.py:914} INFO - Processing file /home/airflow/.local/lib/python3.12/site-packages/airflow/example_dags/example_branch_labels.py for tasks to queue
[2025-03-27T16:53:06.076+0000] {logging_mixin.py:190} INFO - [2025-03-27T16:53:06.076+0000] {dagbag.py:588} INFO - Filling up the DagBag from /home/airflow/.local/lib/python3.12/site-packages/airflow/example_dags/example_branch_labels.py
[2025-03-27T16:53:06.089+0000] {processor.py:925} INFO - DAG(s) 'example_branch_labels' retrieved from /home/airflow/.local/lib/python3.12/site-packages/airflow/example_dags/example_branch_labels.py
[2025-03-27T16:53:06.127+0000] {logging_mixin.py:190} INFO - [2025-03-27T16:53:06.127+0000] {dag.py:3239} INFO - Sync 1 DAGs
[2025-03-27T16:53:06.161+0000] {logging_mixin.py:190} INFO - [2025-03-27T16:53:06.160+0000] {dag.py:4180} INFO - Setting next_dagrun for example_branch_labels to 2025-03-26 00:00:00+00:00, run_after=2025-03-27 00:00:00+00:00
[2025-03-27T16:53:06.187+0000] {processor.py:208} INFO - Processing /home/airflow/.local/lib/python3.12/site-packages/airflow/example_dags/example_branch_labels.py took 0.126 seconds
