[2025-03-27T16:33:04.288+0000] {processor.py:186} INFO - Started process (PID=93) to work on /home/airflow/.local/lib/python3.12/site-packages/airflow/example_dags/example_latest_only.py
[2025-03-27T16:33:04.290+0000] {processor.py:914} INFO - Processing file /home/airflow/.local/lib/python3.12/site-packages/airflow/example_dags/example_latest_only.py for tasks to queue
[2025-03-27T16:33:04.295+0000] {logging_mixin.py:190} INFO - [2025-03-27T16:33:04.294+0000] {dagbag.py:588} INFO - Filling up the DagBag from /home/airflow/.local/lib/python3.12/site-packages/airflow/example_dags/example_latest_only.py
[2025-03-27T16:33:04.317+0000] {processor.py:925} INFO - DAG(s) 'latest_only' retrieved from /home/airflow/.local/lib/python3.12/site-packages/airflow/example_dags/example_latest_only.py
[2025-03-27T16:33:04.506+0000] {logging_mixin.py:190} INFO - [2025-03-27T16:33:04.504+0000] {override.py:1912} INFO - Created Permission View: can read on DAG:latest_only
[2025-03-27T16:33:04.520+0000] {logging_mixin.py:190} INFO - [2025-03-27T16:33:04.519+0000] {override.py:1912} INFO - Created Permission View: can delete on DAG:latest_only
[2025-03-27T16:33:04.529+0000] {logging_mixin.py:190} INFO - [2025-03-27T16:33:04.529+0000] {override.py:1912} INFO - Created Permission View: can edit on DAG:latest_only
[2025-03-27T16:33:04.543+0000] {logging_mixin.py:190} INFO - [2025-03-27T16:33:04.543+0000] {override.py:1912} INFO - Created Permission View: can read on DAG Run:latest_only
[2025-03-27T16:33:04.551+0000] {logging_mixin.py:190} INFO - [2025-03-27T16:33:04.550+0000] {override.py:1912} INFO - Created Permission View: menu access on DAG Run:latest_only
[2025-03-27T16:33:04.557+0000] {logging_mixin.py:190} INFO - [2025-03-27T16:33:04.557+0000] {override.py:1912} INFO - Created Permission View: can create on DAG Run:latest_only
[2025-03-27T16:33:04.564+0000] {logging_mixin.py:190} INFO - [2025-03-27T16:33:04.563+0000] {override.py:1912} INFO - Created Permission View: can delete on DAG Run:latest_only
[2025-03-27T16:33:04.565+0000] {logging_mixin.py:190} INFO - [2025-03-27T16:33:04.565+0000] {dag.py:3239} INFO - Sync 1 DAGs
[2025-03-27T16:33:04.585+0000] {logging_mixin.py:190} INFO - [2025-03-27T16:33:04.585+0000] {dag.py:3262} INFO - Creating ORM DAG for latest_only
[2025-03-27T16:33:04.597+0000] {logging_mixin.py:190} INFO - [2025-03-27T16:33:04.596+0000] {dag.py:4180} INFO - Setting next_dagrun for latest_only to 2025-03-27 12:00:00+00:00, run_after=2025-03-27 16:00:00+00:00
[2025-03-27T16:33:04.618+0000] {processor.py:208} INFO - Processing /home/airflow/.local/lib/python3.12/site-packages/airflow/example_dags/example_latest_only.py took 0.339 seconds
[2025-03-27T16:33:34.957+0000] {processor.py:186} INFO - Started process (PID=156) to work on /home/airflow/.local/lib/python3.12/site-packages/airflow/example_dags/example_latest_only.py
[2025-03-27T16:33:34.959+0000] {processor.py:914} INFO - Processing file /home/airflow/.local/lib/python3.12/site-packages/airflow/example_dags/example_latest_only.py for tasks to queue
[2025-03-27T16:33:34.964+0000] {logging_mixin.py:190} INFO - [2025-03-27T16:33:34.964+0000] {dagbag.py:588} INFO - Filling up the DagBag from /home/airflow/.local/lib/python3.12/site-packages/airflow/example_dags/example_latest_only.py
[2025-03-27T16:33:34.972+0000] {processor.py:925} INFO - DAG(s) 'latest_only' retrieved from /home/airflow/.local/lib/python3.12/site-packages/airflow/example_dags/example_latest_only.py
[2025-03-27T16:33:34.994+0000] {logging_mixin.py:190} INFO - [2025-03-27T16:33:34.994+0000] {dag.py:3239} INFO - Sync 1 DAGs
[2025-03-27T16:33:35.023+0000] {logging_mixin.py:190} INFO - [2025-03-27T16:33:35.022+0000] {dag.py:4180} INFO - Setting next_dagrun for latest_only to 2025-03-27 12:00:00+00:00, run_after=2025-03-27 16:00:00+00:00
[2025-03-27T16:33:35.045+0000] {processor.py:208} INFO - Processing /home/airflow/.local/lib/python3.12/site-packages/airflow/example_dags/example_latest_only.py took 0.093 seconds
[2025-03-27T16:34:05.336+0000] {processor.py:186} INFO - Started process (PID=218) to work on /home/airflow/.local/lib/python3.12/site-packages/airflow/example_dags/example_latest_only.py
[2025-03-27T16:34:05.338+0000] {processor.py:914} INFO - Processing file /home/airflow/.local/lib/python3.12/site-packages/airflow/example_dags/example_latest_only.py for tasks to queue
[2025-03-27T16:34:05.343+0000] {logging_mixin.py:190} INFO - [2025-03-27T16:34:05.342+0000] {dagbag.py:588} INFO - Filling up the DagBag from /home/airflow/.local/lib/python3.12/site-packages/airflow/example_dags/example_latest_only.py
[2025-03-27T16:34:05.356+0000] {processor.py:925} INFO - DAG(s) 'latest_only' retrieved from /home/airflow/.local/lib/python3.12/site-packages/airflow/example_dags/example_latest_only.py
[2025-03-27T16:34:05.388+0000] {logging_mixin.py:190} INFO - [2025-03-27T16:34:05.387+0000] {dag.py:3239} INFO - Sync 1 DAGs
[2025-03-27T16:34:05.430+0000] {logging_mixin.py:190} INFO - [2025-03-27T16:34:05.430+0000] {dag.py:4180} INFO - Setting next_dagrun for latest_only to 2025-03-27 12:00:00+00:00, run_after=2025-03-27 16:00:00+00:00
[2025-03-27T16:34:05.499+0000] {processor.py:208} INFO - Processing /home/airflow/.local/lib/python3.12/site-packages/airflow/example_dags/example_latest_only.py took 0.174 seconds
[2025-03-27T16:34:36.591+0000] {processor.py:186} INFO - Started process (PID=281) to work on /home/airflow/.local/lib/python3.12/site-packages/airflow/example_dags/example_latest_only.py
[2025-03-27T16:34:36.592+0000] {processor.py:914} INFO - Processing file /home/airflow/.local/lib/python3.12/site-packages/airflow/example_dags/example_latest_only.py for tasks to queue
[2025-03-27T16:34:36.599+0000] {logging_mixin.py:190} INFO - [2025-03-27T16:34:36.598+0000] {dagbag.py:588} INFO - Filling up the DagBag from /home/airflow/.local/lib/python3.12/site-packages/airflow/example_dags/example_latest_only.py
[2025-03-27T16:34:36.617+0000] {processor.py:925} INFO - DAG(s) 'latest_only' retrieved from /home/airflow/.local/lib/python3.12/site-packages/airflow/example_dags/example_latest_only.py
[2025-03-27T16:34:36.668+0000] {logging_mixin.py:190} INFO - [2025-03-27T16:34:36.668+0000] {dag.py:3239} INFO - Sync 1 DAGs
[2025-03-27T16:34:36.704+0000] {logging_mixin.py:190} INFO - [2025-03-27T16:34:36.704+0000] {dag.py:4180} INFO - Setting next_dagrun for latest_only to 2025-03-27 12:00:00+00:00, run_after=2025-03-27 16:00:00+00:00
[2025-03-27T16:34:36.728+0000] {processor.py:208} INFO - Processing /home/airflow/.local/lib/python3.12/site-packages/airflow/example_dags/example_latest_only.py took 0.144 seconds
[2025-03-27T16:35:07.785+0000] {processor.py:186} INFO - Started process (PID=344) to work on /home/airflow/.local/lib/python3.12/site-packages/airflow/example_dags/example_latest_only.py
[2025-03-27T16:35:07.788+0000] {processor.py:914} INFO - Processing file /home/airflow/.local/lib/python3.12/site-packages/airflow/example_dags/example_latest_only.py for tasks to queue
[2025-03-27T16:35:07.792+0000] {logging_mixin.py:190} INFO - [2025-03-27T16:35:07.792+0000] {dagbag.py:588} INFO - Filling up the DagBag from /home/airflow/.local/lib/python3.12/site-packages/airflow/example_dags/example_latest_only.py
[2025-03-27T16:35:07.807+0000] {processor.py:925} INFO - DAG(s) 'latest_only' retrieved from /home/airflow/.local/lib/python3.12/site-packages/airflow/example_dags/example_latest_only.py
[2025-03-27T16:35:07.840+0000] {logging_mixin.py:190} INFO - [2025-03-27T16:35:07.840+0000] {dag.py:3239} INFO - Sync 1 DAGs
[2025-03-27T16:35:07.877+0000] {logging_mixin.py:190} INFO - [2025-03-27T16:35:07.877+0000] {dag.py:4180} INFO - Setting next_dagrun for latest_only to 2025-03-27 12:00:00+00:00, run_after=2025-03-27 16:00:00+00:00
[2025-03-27T16:35:07.902+0000] {processor.py:208} INFO - Processing /home/airflow/.local/lib/python3.12/site-packages/airflow/example_dags/example_latest_only.py took 0.129 seconds
[2025-03-27T16:35:38.173+0000] {processor.py:186} INFO - Started process (PID=408) to work on /home/airflow/.local/lib/python3.12/site-packages/airflow/example_dags/example_latest_only.py
[2025-03-27T16:35:38.174+0000] {processor.py:914} INFO - Processing file /home/airflow/.local/lib/python3.12/site-packages/airflow/example_dags/example_latest_only.py for tasks to queue
[2025-03-27T16:35:38.178+0000] {logging_mixin.py:190} INFO - [2025-03-27T16:35:38.177+0000] {dagbag.py:588} INFO - Filling up the DagBag from /home/airflow/.local/lib/python3.12/site-packages/airflow/example_dags/example_latest_only.py
[2025-03-27T16:35:38.186+0000] {processor.py:925} INFO - DAG(s) 'latest_only' retrieved from /home/airflow/.local/lib/python3.12/site-packages/airflow/example_dags/example_latest_only.py
[2025-03-27T16:35:38.210+0000] {logging_mixin.py:190} INFO - [2025-03-27T16:35:38.209+0000] {dag.py:3239} INFO - Sync 1 DAGs
[2025-03-27T16:35:38.236+0000] {logging_mixin.py:190} INFO - [2025-03-27T16:35:38.236+0000] {dag.py:4180} INFO - Setting next_dagrun for latest_only to 2025-03-27 12:00:00+00:00, run_after=2025-03-27 16:00:00+00:00
[2025-03-27T16:35:38.256+0000] {processor.py:208} INFO - Processing /home/airflow/.local/lib/python3.12/site-packages/airflow/example_dags/example_latest_only.py took 0.090 seconds
[2025-03-27T16:36:08.399+0000] {processor.py:186} INFO - Started process (PID=471) to work on /home/airflow/.local/lib/python3.12/site-packages/airflow/example_dags/example_latest_only.py
[2025-03-27T16:36:08.401+0000] {processor.py:914} INFO - Processing file /home/airflow/.local/lib/python3.12/site-packages/airflow/example_dags/example_latest_only.py for tasks to queue
[2025-03-27T16:36:08.405+0000] {logging_mixin.py:190} INFO - [2025-03-27T16:36:08.404+0000] {dagbag.py:588} INFO - Filling up the DagBag from /home/airflow/.local/lib/python3.12/site-packages/airflow/example_dags/example_latest_only.py
[2025-03-27T16:36:08.416+0000] {processor.py:925} INFO - DAG(s) 'latest_only' retrieved from /home/airflow/.local/lib/python3.12/site-packages/airflow/example_dags/example_latest_only.py
[2025-03-27T16:36:08.446+0000] {logging_mixin.py:190} INFO - [2025-03-27T16:36:08.445+0000] {dag.py:3239} INFO - Sync 1 DAGs
[2025-03-27T16:36:08.480+0000] {logging_mixin.py:190} INFO - [2025-03-27T16:36:08.479+0000] {dag.py:4180} INFO - Setting next_dagrun for latest_only to 2025-03-27 12:00:00+00:00, run_after=2025-03-27 16:00:00+00:00
[2025-03-27T16:36:08.506+0000] {processor.py:208} INFO - Processing /home/airflow/.local/lib/python3.12/site-packages/airflow/example_dags/example_latest_only.py took 0.114 seconds
[2025-03-27T16:36:39.071+0000] {processor.py:186} INFO - Started process (PID=534) to work on /home/airflow/.local/lib/python3.12/site-packages/airflow/example_dags/example_latest_only.py
[2025-03-27T16:36:39.077+0000] {processor.py:914} INFO - Processing file /home/airflow/.local/lib/python3.12/site-packages/airflow/example_dags/example_latest_only.py for tasks to queue
[2025-03-27T16:36:39.086+0000] {logging_mixin.py:190} INFO - [2025-03-27T16:36:39.085+0000] {dagbag.py:588} INFO - Filling up the DagBag from /home/airflow/.local/lib/python3.12/site-packages/airflow/example_dags/example_latest_only.py
[2025-03-27T16:36:39.109+0000] {processor.py:925} INFO - DAG(s) 'latest_only' retrieved from /home/airflow/.local/lib/python3.12/site-packages/airflow/example_dags/example_latest_only.py
[2025-03-27T16:36:39.168+0000] {logging_mixin.py:190} INFO - [2025-03-27T16:36:39.167+0000] {dag.py:3239} INFO - Sync 1 DAGs
[2025-03-27T16:36:39.228+0000] {logging_mixin.py:190} INFO - [2025-03-27T16:36:39.228+0000] {dag.py:4180} INFO - Setting next_dagrun for latest_only to 2025-03-27 12:00:00+00:00, run_after=2025-03-27 16:00:00+00:00
[2025-03-27T16:36:39.268+0000] {processor.py:208} INFO - Processing /home/airflow/.local/lib/python3.12/site-packages/airflow/example_dags/example_latest_only.py took 0.217 seconds
[2025-03-27T16:37:10.082+0000] {processor.py:186} INFO - Started process (PID=596) to work on /home/airflow/.local/lib/python3.12/site-packages/airflow/example_dags/example_latest_only.py
[2025-03-27T16:37:10.086+0000] {processor.py:914} INFO - Processing file /home/airflow/.local/lib/python3.12/site-packages/airflow/example_dags/example_latest_only.py for tasks to queue
[2025-03-27T16:37:10.093+0000] {logging_mixin.py:190} INFO - [2025-03-27T16:37:10.092+0000] {dagbag.py:588} INFO - Filling up the DagBag from /home/airflow/.local/lib/python3.12/site-packages/airflow/example_dags/example_latest_only.py
[2025-03-27T16:37:10.116+0000] {processor.py:925} INFO - DAG(s) 'latest_only' retrieved from /home/airflow/.local/lib/python3.12/site-packages/airflow/example_dags/example_latest_only.py
[2025-03-27T16:37:10.169+0000] {logging_mixin.py:190} INFO - [2025-03-27T16:37:10.169+0000] {dag.py:3239} INFO - Sync 1 DAGs
[2025-03-27T16:37:10.233+0000] {logging_mixin.py:190} INFO - [2025-03-27T16:37:10.232+0000] {dag.py:4180} INFO - Setting next_dagrun for latest_only to 2025-03-27 12:00:00+00:00, run_after=2025-03-27 16:00:00+00:00
[2025-03-27T16:37:10.297+0000] {processor.py:208} INFO - Processing /home/airflow/.local/lib/python3.12/site-packages/airflow/example_dags/example_latest_only.py took 0.229 seconds
[2025-03-27T16:37:40.668+0000] {processor.py:186} INFO - Started process (PID=659) to work on /home/airflow/.local/lib/python3.12/site-packages/airflow/example_dags/example_latest_only.py
[2025-03-27T16:37:40.671+0000] {processor.py:914} INFO - Processing file /home/airflow/.local/lib/python3.12/site-packages/airflow/example_dags/example_latest_only.py for tasks to queue
[2025-03-27T16:37:40.678+0000] {logging_mixin.py:190} INFO - [2025-03-27T16:37:40.677+0000] {dagbag.py:588} INFO - Filling up the DagBag from /home/airflow/.local/lib/python3.12/site-packages/airflow/example_dags/example_latest_only.py
[2025-03-27T16:37:40.702+0000] {processor.py:925} INFO - DAG(s) 'latest_only' retrieved from /home/airflow/.local/lib/python3.12/site-packages/airflow/example_dags/example_latest_only.py
[2025-03-27T16:37:40.749+0000] {logging_mixin.py:190} INFO - [2025-03-27T16:37:40.749+0000] {dag.py:3239} INFO - Sync 1 DAGs
[2025-03-27T16:37:40.802+0000] {logging_mixin.py:190} INFO - [2025-03-27T16:37:40.802+0000] {dag.py:4180} INFO - Setting next_dagrun for latest_only to 2025-03-27 12:00:00+00:00, run_after=2025-03-27 16:00:00+00:00
[2025-03-27T16:37:40.839+0000] {processor.py:208} INFO - Processing /home/airflow/.local/lib/python3.12/site-packages/airflow/example_dags/example_latest_only.py took 0.179 seconds
[2025-03-27T16:38:11.473+0000] {processor.py:186} INFO - Started process (PID=724) to work on /home/airflow/.local/lib/python3.12/site-packages/airflow/example_dags/example_latest_only.py
[2025-03-27T16:38:11.475+0000] {processor.py:914} INFO - Processing file /home/airflow/.local/lib/python3.12/site-packages/airflow/example_dags/example_latest_only.py for tasks to queue
[2025-03-27T16:38:11.480+0000] {logging_mixin.py:190} INFO - [2025-03-27T16:38:11.479+0000] {dagbag.py:588} INFO - Filling up the DagBag from /home/airflow/.local/lib/python3.12/site-packages/airflow/example_dags/example_latest_only.py
[2025-03-27T16:38:11.495+0000] {processor.py:925} INFO - DAG(s) 'latest_only' retrieved from /home/airflow/.local/lib/python3.12/site-packages/airflow/example_dags/example_latest_only.py
[2025-03-27T16:38:11.574+0000] {logging_mixin.py:190} INFO - [2025-03-27T16:38:11.573+0000] {dag.py:3239} INFO - Sync 1 DAGs
[2025-03-27T16:38:11.635+0000] {logging_mixin.py:190} INFO - [2025-03-27T16:38:11.634+0000] {dag.py:4180} INFO - Setting next_dagrun for latest_only to 2025-03-27 12:00:00+00:00, run_after=2025-03-27 16:00:00+00:00
[2025-03-27T16:38:11.686+0000] {processor.py:208} INFO - Processing /home/airflow/.local/lib/python3.12/site-packages/airflow/example_dags/example_latest_only.py took 0.226 seconds
[2025-03-27T16:38:42.399+0000] {processor.py:186} INFO - Started process (PID=790) to work on /home/airflow/.local/lib/python3.12/site-packages/airflow/example_dags/example_latest_only.py
[2025-03-27T16:38:42.400+0000] {processor.py:914} INFO - Processing file /home/airflow/.local/lib/python3.12/site-packages/airflow/example_dags/example_latest_only.py for tasks to queue
[2025-03-27T16:38:42.404+0000] {logging_mixin.py:190} INFO - [2025-03-27T16:38:42.404+0000] {dagbag.py:588} INFO - Filling up the DagBag from /home/airflow/.local/lib/python3.12/site-packages/airflow/example_dags/example_latest_only.py
[2025-03-27T16:38:42.414+0000] {processor.py:925} INFO - DAG(s) 'latest_only' retrieved from /home/airflow/.local/lib/python3.12/site-packages/airflow/example_dags/example_latest_only.py
[2025-03-27T16:38:42.440+0000] {logging_mixin.py:190} INFO - [2025-03-27T16:38:42.439+0000] {dag.py:3239} INFO - Sync 1 DAGs
[2025-03-27T16:38:42.463+0000] {logging_mixin.py:190} INFO - [2025-03-27T16:38:42.463+0000] {dag.py:4180} INFO - Setting next_dagrun for latest_only to 2025-03-27 12:00:00+00:00, run_after=2025-03-27 16:00:00+00:00
[2025-03-27T16:38:42.482+0000] {processor.py:208} INFO - Processing /home/airflow/.local/lib/python3.12/site-packages/airflow/example_dags/example_latest_only.py took 0.091 seconds
[2025-03-27T16:39:12.888+0000] {processor.py:186} INFO - Started process (PID=855) to work on /home/airflow/.local/lib/python3.12/site-packages/airflow/example_dags/example_latest_only.py
[2025-03-27T16:39:12.890+0000] {processor.py:914} INFO - Processing file /home/airflow/.local/lib/python3.12/site-packages/airflow/example_dags/example_latest_only.py for tasks to queue
[2025-03-27T16:39:12.895+0000] {logging_mixin.py:190} INFO - [2025-03-27T16:39:12.894+0000] {dagbag.py:588} INFO - Filling up the DagBag from /home/airflow/.local/lib/python3.12/site-packages/airflow/example_dags/example_latest_only.py
[2025-03-27T16:39:12.905+0000] {processor.py:925} INFO - DAG(s) 'latest_only' retrieved from /home/airflow/.local/lib/python3.12/site-packages/airflow/example_dags/example_latest_only.py
[2025-03-27T16:39:12.931+0000] {logging_mixin.py:190} INFO - [2025-03-27T16:39:12.931+0000] {dag.py:3239} INFO - Sync 1 DAGs
[2025-03-27T16:39:12.954+0000] {logging_mixin.py:190} INFO - [2025-03-27T16:39:12.953+0000] {dag.py:4180} INFO - Setting next_dagrun for latest_only to 2025-03-27 12:00:00+00:00, run_after=2025-03-27 16:00:00+00:00
[2025-03-27T16:39:12.997+0000] {processor.py:208} INFO - Processing /home/airflow/.local/lib/python3.12/site-packages/airflow/example_dags/example_latest_only.py took 0.117 seconds
[2025-03-27T16:39:43.762+0000] {processor.py:186} INFO - Started process (PID=920) to work on /home/airflow/.local/lib/python3.12/site-packages/airflow/example_dags/example_latest_only.py
[2025-03-27T16:39:43.765+0000] {processor.py:914} INFO - Processing file /home/airflow/.local/lib/python3.12/site-packages/airflow/example_dags/example_latest_only.py for tasks to queue
[2025-03-27T16:39:43.770+0000] {logging_mixin.py:190} INFO - [2025-03-27T16:39:43.769+0000] {dagbag.py:588} INFO - Filling up the DagBag from /home/airflow/.local/lib/python3.12/site-packages/airflow/example_dags/example_latest_only.py
[2025-03-27T16:39:43.793+0000] {processor.py:925} INFO - DAG(s) 'latest_only' retrieved from /home/airflow/.local/lib/python3.12/site-packages/airflow/example_dags/example_latest_only.py
[2025-03-27T16:39:43.827+0000] {logging_mixin.py:190} INFO - [2025-03-27T16:39:43.827+0000] {dag.py:3239} INFO - Sync 1 DAGs
[2025-03-27T16:39:43.863+0000] {logging_mixin.py:190} INFO - [2025-03-27T16:39:43.863+0000] {dag.py:4180} INFO - Setting next_dagrun for latest_only to 2025-03-27 12:00:00+00:00, run_after=2025-03-27 16:00:00+00:00
[2025-03-27T16:39:43.893+0000] {processor.py:208} INFO - Processing /home/airflow/.local/lib/python3.12/site-packages/airflow/example_dags/example_latest_only.py took 0.151 seconds
[2025-03-27T16:40:14.712+0000] {processor.py:186} INFO - Started process (PID=985) to work on /home/airflow/.local/lib/python3.12/site-packages/airflow/example_dags/example_latest_only.py
[2025-03-27T16:40:14.715+0000] {processor.py:914} INFO - Processing file /home/airflow/.local/lib/python3.12/site-packages/airflow/example_dags/example_latest_only.py for tasks to queue
[2025-03-27T16:40:14.721+0000] {logging_mixin.py:190} INFO - [2025-03-27T16:40:14.720+0000] {dagbag.py:588} INFO - Filling up the DagBag from /home/airflow/.local/lib/python3.12/site-packages/airflow/example_dags/example_latest_only.py
[2025-03-27T16:40:14.737+0000] {processor.py:925} INFO - DAG(s) 'latest_only' retrieved from /home/airflow/.local/lib/python3.12/site-packages/airflow/example_dags/example_latest_only.py
[2025-03-27T16:40:14.780+0000] {logging_mixin.py:190} INFO - [2025-03-27T16:40:14.779+0000] {dag.py:3239} INFO - Sync 1 DAGs
[2025-03-27T16:40:14.826+0000] {logging_mixin.py:190} INFO - [2025-03-27T16:40:14.826+0000] {dag.py:4180} INFO - Setting next_dagrun for latest_only to 2025-03-27 12:00:00+00:00, run_after=2025-03-27 16:00:00+00:00
[2025-03-27T16:40:14.854+0000] {processor.py:208} INFO - Processing /home/airflow/.local/lib/python3.12/site-packages/airflow/example_dags/example_latest_only.py took 0.153 seconds
[2025-03-27T16:40:45.945+0000] {processor.py:186} INFO - Started process (PID=1050) to work on /home/airflow/.local/lib/python3.12/site-packages/airflow/example_dags/example_latest_only.py
[2025-03-27T16:40:45.947+0000] {processor.py:914} INFO - Processing file /home/airflow/.local/lib/python3.12/site-packages/airflow/example_dags/example_latest_only.py for tasks to queue
[2025-03-27T16:40:45.952+0000] {logging_mixin.py:190} INFO - [2025-03-27T16:40:45.951+0000] {dagbag.py:588} INFO - Filling up the DagBag from /home/airflow/.local/lib/python3.12/site-packages/airflow/example_dags/example_latest_only.py
[2025-03-27T16:40:45.964+0000] {processor.py:925} INFO - DAG(s) 'latest_only' retrieved from /home/airflow/.local/lib/python3.12/site-packages/airflow/example_dags/example_latest_only.py
[2025-03-27T16:40:45.989+0000] {logging_mixin.py:190} INFO - [2025-03-27T16:40:45.989+0000] {dag.py:3239} INFO - Sync 1 DAGs
[2025-03-27T16:40:46.018+0000] {logging_mixin.py:190} INFO - [2025-03-27T16:40:46.018+0000] {dag.py:4180} INFO - Setting next_dagrun for latest_only to 2025-03-27 12:00:00+00:00, run_after=2025-03-27 16:00:00+00:00
[2025-03-27T16:40:46.038+0000] {processor.py:208} INFO - Processing /home/airflow/.local/lib/python3.12/site-packages/airflow/example_dags/example_latest_only.py took 0.107 seconds
[2025-03-27T16:41:16.164+0000] {processor.py:186} INFO - Started process (PID=1115) to work on /home/airflow/.local/lib/python3.12/site-packages/airflow/example_dags/example_latest_only.py
[2025-03-27T16:41:16.166+0000] {processor.py:914} INFO - Processing file /home/airflow/.local/lib/python3.12/site-packages/airflow/example_dags/example_latest_only.py for tasks to queue
[2025-03-27T16:41:16.172+0000] {logging_mixin.py:190} INFO - [2025-03-27T16:41:16.171+0000] {dagbag.py:588} INFO - Filling up the DagBag from /home/airflow/.local/lib/python3.12/site-packages/airflow/example_dags/example_latest_only.py
[2025-03-27T16:41:16.187+0000] {processor.py:925} INFO - DAG(s) 'latest_only' retrieved from /home/airflow/.local/lib/python3.12/site-packages/airflow/example_dags/example_latest_only.py
[2025-03-27T16:41:16.212+0000] {logging_mixin.py:190} INFO - [2025-03-27T16:41:16.212+0000] {dag.py:3239} INFO - Sync 1 DAGs
[2025-03-27T16:41:16.246+0000] {logging_mixin.py:190} INFO - [2025-03-27T16:41:16.245+0000] {dag.py:4180} INFO - Setting next_dagrun for latest_only to 2025-03-27 12:00:00+00:00, run_after=2025-03-27 16:00:00+00:00
[2025-03-27T16:41:16.278+0000] {processor.py:208} INFO - Processing /home/airflow/.local/lib/python3.12/site-packages/airflow/example_dags/example_latest_only.py took 0.125 seconds
[2025-03-27T16:41:46.971+0000] {processor.py:186} INFO - Started process (PID=1181) to work on /home/airflow/.local/lib/python3.12/site-packages/airflow/example_dags/example_latest_only.py
[2025-03-27T16:41:46.973+0000] {processor.py:914} INFO - Processing file /home/airflow/.local/lib/python3.12/site-packages/airflow/example_dags/example_latest_only.py for tasks to queue
[2025-03-27T16:41:46.977+0000] {logging_mixin.py:190} INFO - [2025-03-27T16:41:46.976+0000] {dagbag.py:588} INFO - Filling up the DagBag from /home/airflow/.local/lib/python3.12/site-packages/airflow/example_dags/example_latest_only.py
[2025-03-27T16:41:46.992+0000] {processor.py:925} INFO - DAG(s) 'latest_only' retrieved from /home/airflow/.local/lib/python3.12/site-packages/airflow/example_dags/example_latest_only.py
[2025-03-27T16:41:47.047+0000] {logging_mixin.py:190} INFO - [2025-03-27T16:41:47.047+0000] {dag.py:3239} INFO - Sync 1 DAGs
[2025-03-27T16:41:47.113+0000] {logging_mixin.py:190} INFO - [2025-03-27T16:41:47.113+0000] {dag.py:4180} INFO - Setting next_dagrun for latest_only to 2025-03-27 12:00:00+00:00, run_after=2025-03-27 16:00:00+00:00
[2025-03-27T16:41:47.190+0000] {processor.py:208} INFO - Processing /home/airflow/.local/lib/python3.12/site-packages/airflow/example_dags/example_latest_only.py took 0.233 seconds
[2025-03-27T16:42:17.281+0000] {processor.py:186} INFO - Started process (PID=1246) to work on /home/airflow/.local/lib/python3.12/site-packages/airflow/example_dags/example_latest_only.py
[2025-03-27T16:42:17.283+0000] {processor.py:914} INFO - Processing file /home/airflow/.local/lib/python3.12/site-packages/airflow/example_dags/example_latest_only.py for tasks to queue
[2025-03-27T16:42:17.285+0000] {logging_mixin.py:190} INFO - [2025-03-27T16:42:17.285+0000] {dagbag.py:588} INFO - Filling up the DagBag from /home/airflow/.local/lib/python3.12/site-packages/airflow/example_dags/example_latest_only.py
[2025-03-27T16:42:17.293+0000] {processor.py:925} INFO - DAG(s) 'latest_only' retrieved from /home/airflow/.local/lib/python3.12/site-packages/airflow/example_dags/example_latest_only.py
[2025-03-27T16:42:17.320+0000] {logging_mixin.py:190} INFO - [2025-03-27T16:42:17.320+0000] {dag.py:3239} INFO - Sync 1 DAGs
[2025-03-27T16:42:17.357+0000] {logging_mixin.py:190} INFO - [2025-03-27T16:42:17.357+0000] {dag.py:4180} INFO - Setting next_dagrun for latest_only to 2025-03-27 12:00:00+00:00, run_after=2025-03-27 16:00:00+00:00
[2025-03-27T16:42:17.376+0000] {processor.py:208} INFO - Processing /home/airflow/.local/lib/python3.12/site-packages/airflow/example_dags/example_latest_only.py took 0.103 seconds
[2025-03-27T16:42:47.518+0000] {processor.py:186} INFO - Started process (PID=1312) to work on /home/airflow/.local/lib/python3.12/site-packages/airflow/example_dags/example_latest_only.py
[2025-03-27T16:42:47.520+0000] {processor.py:914} INFO - Processing file /home/airflow/.local/lib/python3.12/site-packages/airflow/example_dags/example_latest_only.py for tasks to queue
[2025-03-27T16:42:47.523+0000] {logging_mixin.py:190} INFO - [2025-03-27T16:42:47.522+0000] {dagbag.py:588} INFO - Filling up the DagBag from /home/airflow/.local/lib/python3.12/site-packages/airflow/example_dags/example_latest_only.py
[2025-03-27T16:42:47.537+0000] {processor.py:925} INFO - DAG(s) 'latest_only' retrieved from /home/airflow/.local/lib/python3.12/site-packages/airflow/example_dags/example_latest_only.py
[2025-03-27T16:42:47.574+0000] {logging_mixin.py:190} INFO - [2025-03-27T16:42:47.573+0000] {dag.py:3239} INFO - Sync 1 DAGs
[2025-03-27T16:42:47.599+0000] {logging_mixin.py:190} INFO - [2025-03-27T16:42:47.599+0000] {dag.py:4180} INFO - Setting next_dagrun for latest_only to 2025-03-27 12:00:00+00:00, run_after=2025-03-27 16:00:00+00:00
[2025-03-27T16:42:47.627+0000] {processor.py:208} INFO - Processing /home/airflow/.local/lib/python3.12/site-packages/airflow/example_dags/example_latest_only.py took 0.115 seconds
[2025-03-27T16:43:17.979+0000] {processor.py:186} INFO - Started process (PID=1377) to work on /home/airflow/.local/lib/python3.12/site-packages/airflow/example_dags/example_latest_only.py
[2025-03-27T16:43:17.983+0000] {processor.py:914} INFO - Processing file /home/airflow/.local/lib/python3.12/site-packages/airflow/example_dags/example_latest_only.py for tasks to queue
[2025-03-27T16:43:17.989+0000] {logging_mixin.py:190} INFO - [2025-03-27T16:43:17.988+0000] {dagbag.py:588} INFO - Filling up the DagBag from /home/airflow/.local/lib/python3.12/site-packages/airflow/example_dags/example_latest_only.py
[2025-03-27T16:43:17.999+0000] {processor.py:925} INFO - DAG(s) 'latest_only' retrieved from /home/airflow/.local/lib/python3.12/site-packages/airflow/example_dags/example_latest_only.py
[2025-03-27T16:43:18.025+0000] {logging_mixin.py:190} INFO - [2025-03-27T16:43:18.025+0000] {dag.py:3239} INFO - Sync 1 DAGs
[2025-03-27T16:43:18.059+0000] {logging_mixin.py:190} INFO - [2025-03-27T16:43:18.059+0000] {dag.py:4180} INFO - Setting next_dagrun for latest_only to 2025-03-27 12:00:00+00:00, run_after=2025-03-27 16:00:00+00:00
[2025-03-27T16:43:18.083+0000] {processor.py:208} INFO - Processing /home/airflow/.local/lib/python3.12/site-packages/airflow/example_dags/example_latest_only.py took 0.111 seconds
[2025-03-27T16:43:48.598+0000] {processor.py:186} INFO - Started process (PID=1442) to work on /home/airflow/.local/lib/python3.12/site-packages/airflow/example_dags/example_latest_only.py
[2025-03-27T16:43:48.600+0000] {processor.py:914} INFO - Processing file /home/airflow/.local/lib/python3.12/site-packages/airflow/example_dags/example_latest_only.py for tasks to queue
[2025-03-27T16:43:48.603+0000] {logging_mixin.py:190} INFO - [2025-03-27T16:43:48.603+0000] {dagbag.py:588} INFO - Filling up the DagBag from /home/airflow/.local/lib/python3.12/site-packages/airflow/example_dags/example_latest_only.py
[2025-03-27T16:43:48.614+0000] {processor.py:925} INFO - DAG(s) 'latest_only' retrieved from /home/airflow/.local/lib/python3.12/site-packages/airflow/example_dags/example_latest_only.py
[2025-03-27T16:43:48.638+0000] {logging_mixin.py:190} INFO - [2025-03-27T16:43:48.638+0000] {dag.py:3239} INFO - Sync 1 DAGs
[2025-03-27T16:43:48.668+0000] {logging_mixin.py:190} INFO - [2025-03-27T16:43:48.668+0000] {dag.py:4180} INFO - Setting next_dagrun for latest_only to 2025-03-27 12:00:00+00:00, run_after=2025-03-27 16:00:00+00:00
[2025-03-27T16:43:48.693+0000] {processor.py:208} INFO - Processing /home/airflow/.local/lib/python3.12/site-packages/airflow/example_dags/example_latest_only.py took 0.103 seconds
[2025-03-27T16:44:18.958+0000] {processor.py:186} INFO - Started process (PID=1509) to work on /home/airflow/.local/lib/python3.12/site-packages/airflow/example_dags/example_latest_only.py
[2025-03-27T16:44:18.960+0000] {processor.py:914} INFO - Processing file /home/airflow/.local/lib/python3.12/site-packages/airflow/example_dags/example_latest_only.py for tasks to queue
[2025-03-27T16:44:18.963+0000] {logging_mixin.py:190} INFO - [2025-03-27T16:44:18.962+0000] {dagbag.py:588} INFO - Filling up the DagBag from /home/airflow/.local/lib/python3.12/site-packages/airflow/example_dags/example_latest_only.py
[2025-03-27T16:44:18.970+0000] {processor.py:925} INFO - DAG(s) 'latest_only' retrieved from /home/airflow/.local/lib/python3.12/site-packages/airflow/example_dags/example_latest_only.py
[2025-03-27T16:44:18.995+0000] {logging_mixin.py:190} INFO - [2025-03-27T16:44:18.995+0000] {dag.py:3239} INFO - Sync 1 DAGs
[2025-03-27T16:44:19.026+0000] {logging_mixin.py:190} INFO - [2025-03-27T16:44:19.026+0000] {dag.py:4180} INFO - Setting next_dagrun for latest_only to 2025-03-27 12:00:00+00:00, run_after=2025-03-27 16:00:00+00:00
[2025-03-27T16:44:19.063+0000] {processor.py:208} INFO - Processing /home/airflow/.local/lib/python3.12/site-packages/airflow/example_dags/example_latest_only.py took 0.111 seconds
[2025-03-27T16:44:49.183+0000] {processor.py:186} INFO - Started process (PID=1574) to work on /home/airflow/.local/lib/python3.12/site-packages/airflow/example_dags/example_latest_only.py
[2025-03-27T16:44:49.186+0000] {processor.py:914} INFO - Processing file /home/airflow/.local/lib/python3.12/site-packages/airflow/example_dags/example_latest_only.py for tasks to queue
[2025-03-27T16:44:49.190+0000] {logging_mixin.py:190} INFO - [2025-03-27T16:44:49.189+0000] {dagbag.py:588} INFO - Filling up the DagBag from /home/airflow/.local/lib/python3.12/site-packages/airflow/example_dags/example_latest_only.py
[2025-03-27T16:44:49.201+0000] {processor.py:925} INFO - DAG(s) 'latest_only' retrieved from /home/airflow/.local/lib/python3.12/site-packages/airflow/example_dags/example_latest_only.py
[2025-03-27T16:44:49.223+0000] {logging_mixin.py:190} INFO - [2025-03-27T16:44:49.223+0000] {dag.py:3239} INFO - Sync 1 DAGs
[2025-03-27T16:44:49.250+0000] {logging_mixin.py:190} INFO - [2025-03-27T16:44:49.250+0000] {dag.py:4180} INFO - Setting next_dagrun for latest_only to 2025-03-27 12:00:00+00:00, run_after=2025-03-27 16:00:00+00:00
[2025-03-27T16:44:49.268+0000] {processor.py:208} INFO - Processing /home/airflow/.local/lib/python3.12/site-packages/airflow/example_dags/example_latest_only.py took 0.095 seconds
[2025-03-27T16:45:19.892+0000] {processor.py:186} INFO - Started process (PID=1639) to work on /home/airflow/.local/lib/python3.12/site-packages/airflow/example_dags/example_latest_only.py
[2025-03-27T16:45:19.894+0000] {processor.py:914} INFO - Processing file /home/airflow/.local/lib/python3.12/site-packages/airflow/example_dags/example_latest_only.py for tasks to queue
[2025-03-27T16:45:19.898+0000] {logging_mixin.py:190} INFO - [2025-03-27T16:45:19.897+0000] {dagbag.py:588} INFO - Filling up the DagBag from /home/airflow/.local/lib/python3.12/site-packages/airflow/example_dags/example_latest_only.py
[2025-03-27T16:45:19.908+0000] {processor.py:925} INFO - DAG(s) 'latest_only' retrieved from /home/airflow/.local/lib/python3.12/site-packages/airflow/example_dags/example_latest_only.py
[2025-03-27T16:45:19.932+0000] {logging_mixin.py:190} INFO - [2025-03-27T16:45:19.932+0000] {dag.py:3239} INFO - Sync 1 DAGs
[2025-03-27T16:45:19.956+0000] {logging_mixin.py:190} INFO - [2025-03-27T16:45:19.956+0000] {dag.py:4180} INFO - Setting next_dagrun for latest_only to 2025-03-27 12:00:00+00:00, run_after=2025-03-27 16:00:00+00:00
[2025-03-27T16:45:19.993+0000] {processor.py:208} INFO - Processing /home/airflow/.local/lib/python3.12/site-packages/airflow/example_dags/example_latest_only.py took 0.110 seconds
[2025-03-27T16:45:50.182+0000] {processor.py:186} INFO - Started process (PID=1704) to work on /home/airflow/.local/lib/python3.12/site-packages/airflow/example_dags/example_latest_only.py
[2025-03-27T16:45:50.184+0000] {processor.py:914} INFO - Processing file /home/airflow/.local/lib/python3.12/site-packages/airflow/example_dags/example_latest_only.py for tasks to queue
[2025-03-27T16:45:50.187+0000] {logging_mixin.py:190} INFO - [2025-03-27T16:45:50.187+0000] {dagbag.py:588} INFO - Filling up the DagBag from /home/airflow/.local/lib/python3.12/site-packages/airflow/example_dags/example_latest_only.py
[2025-03-27T16:45:50.196+0000] {processor.py:925} INFO - DAG(s) 'latest_only' retrieved from /home/airflow/.local/lib/python3.12/site-packages/airflow/example_dags/example_latest_only.py
[2025-03-27T16:45:50.218+0000] {logging_mixin.py:190} INFO - [2025-03-27T16:45:50.218+0000] {dag.py:3239} INFO - Sync 1 DAGs
[2025-03-27T16:45:50.247+0000] {logging_mixin.py:190} INFO - [2025-03-27T16:45:50.247+0000] {dag.py:4180} INFO - Setting next_dagrun for latest_only to 2025-03-27 12:00:00+00:00, run_after=2025-03-27 16:00:00+00:00
[2025-03-27T16:45:50.269+0000] {processor.py:208} INFO - Processing /home/airflow/.local/lib/python3.12/site-packages/airflow/example_dags/example_latest_only.py took 0.129 seconds
[2025-03-27T16:46:20.372+0000] {processor.py:186} INFO - Started process (PID=1768) to work on /home/airflow/.local/lib/python3.12/site-packages/airflow/example_dags/example_latest_only.py
[2025-03-27T16:46:20.374+0000] {processor.py:914} INFO - Processing file /home/airflow/.local/lib/python3.12/site-packages/airflow/example_dags/example_latest_only.py for tasks to queue
[2025-03-27T16:46:20.378+0000] {logging_mixin.py:190} INFO - [2025-03-27T16:46:20.378+0000] {dagbag.py:588} INFO - Filling up the DagBag from /home/airflow/.local/lib/python3.12/site-packages/airflow/example_dags/example_latest_only.py
[2025-03-27T16:46:20.390+0000] {processor.py:925} INFO - DAG(s) 'latest_only' retrieved from /home/airflow/.local/lib/python3.12/site-packages/airflow/example_dags/example_latest_only.py
[2025-03-27T16:46:20.419+0000] {logging_mixin.py:190} INFO - [2025-03-27T16:46:20.419+0000] {dag.py:3239} INFO - Sync 1 DAGs
[2025-03-27T16:46:20.457+0000] {logging_mixin.py:190} INFO - [2025-03-27T16:46:20.456+0000] {dag.py:4180} INFO - Setting next_dagrun for latest_only to 2025-03-27 12:00:00+00:00, run_after=2025-03-27 16:00:00+00:00
[2025-03-27T16:46:20.503+0000] {processor.py:208} INFO - Processing /home/airflow/.local/lib/python3.12/site-packages/airflow/example_dags/example_latest_only.py took 0.141 seconds
[2025-03-27T16:46:51.149+0000] {processor.py:186} INFO - Started process (PID=1833) to work on /home/airflow/.local/lib/python3.12/site-packages/airflow/example_dags/example_latest_only.py
[2025-03-27T16:46:51.151+0000] {processor.py:914} INFO - Processing file /home/airflow/.local/lib/python3.12/site-packages/airflow/example_dags/example_latest_only.py for tasks to queue
[2025-03-27T16:46:51.153+0000] {logging_mixin.py:190} INFO - [2025-03-27T16:46:51.153+0000] {dagbag.py:588} INFO - Filling up the DagBag from /home/airflow/.local/lib/python3.12/site-packages/airflow/example_dags/example_latest_only.py
[2025-03-27T16:46:51.162+0000] {processor.py:925} INFO - DAG(s) 'latest_only' retrieved from /home/airflow/.local/lib/python3.12/site-packages/airflow/example_dags/example_latest_only.py
[2025-03-27T16:46:51.187+0000] {logging_mixin.py:190} INFO - [2025-03-27T16:46:51.187+0000] {dag.py:3239} INFO - Sync 1 DAGs
[2025-03-27T16:46:51.220+0000] {logging_mixin.py:190} INFO - [2025-03-27T16:46:51.219+0000] {dag.py:4180} INFO - Setting next_dagrun for latest_only to 2025-03-27 12:00:00+00:00, run_after=2025-03-27 16:00:00+00:00
[2025-03-27T16:46:51.267+0000] {processor.py:208} INFO - Processing /home/airflow/.local/lib/python3.12/site-packages/airflow/example_dags/example_latest_only.py took 0.127 seconds
[2025-03-27T16:47:21.654+0000] {processor.py:186} INFO - Started process (PID=1897) to work on /home/airflow/.local/lib/python3.12/site-packages/airflow/example_dags/example_latest_only.py
[2025-03-27T16:47:21.655+0000] {processor.py:914} INFO - Processing file /home/airflow/.local/lib/python3.12/site-packages/airflow/example_dags/example_latest_only.py for tasks to queue
[2025-03-27T16:47:21.658+0000] {logging_mixin.py:190} INFO - [2025-03-27T16:47:21.658+0000] {dagbag.py:588} INFO - Filling up the DagBag from /home/airflow/.local/lib/python3.12/site-packages/airflow/example_dags/example_latest_only.py
[2025-03-27T16:47:21.666+0000] {processor.py:925} INFO - DAG(s) 'latest_only' retrieved from /home/airflow/.local/lib/python3.12/site-packages/airflow/example_dags/example_latest_only.py
[2025-03-27T16:47:21.693+0000] {logging_mixin.py:190} INFO - [2025-03-27T16:47:21.692+0000] {dag.py:3239} INFO - Sync 1 DAGs
[2025-03-27T16:47:21.723+0000] {logging_mixin.py:190} INFO - [2025-03-27T16:47:21.723+0000] {dag.py:4180} INFO - Setting next_dagrun for latest_only to 2025-03-27 12:00:00+00:00, run_after=2025-03-27 16:00:00+00:00
[2025-03-27T16:47:21.766+0000] {processor.py:208} INFO - Processing /home/airflow/.local/lib/python3.12/site-packages/airflow/example_dags/example_latest_only.py took 0.120 seconds
[2025-03-27T16:47:52.214+0000] {processor.py:186} INFO - Started process (PID=1962) to work on /home/airflow/.local/lib/python3.12/site-packages/airflow/example_dags/example_latest_only.py
[2025-03-27T16:47:52.218+0000] {processor.py:914} INFO - Processing file /home/airflow/.local/lib/python3.12/site-packages/airflow/example_dags/example_latest_only.py for tasks to queue
[2025-03-27T16:47:52.226+0000] {logging_mixin.py:190} INFO - [2025-03-27T16:47:52.226+0000] {dagbag.py:588} INFO - Filling up the DagBag from /home/airflow/.local/lib/python3.12/site-packages/airflow/example_dags/example_latest_only.py
[2025-03-27T16:47:52.242+0000] {processor.py:925} INFO - DAG(s) 'latest_only' retrieved from /home/airflow/.local/lib/python3.12/site-packages/airflow/example_dags/example_latest_only.py
[2025-03-27T16:47:52.273+0000] {logging_mixin.py:190} INFO - [2025-03-27T16:47:52.272+0000] {dag.py:3239} INFO - Sync 1 DAGs
[2025-03-27T16:47:52.326+0000] {logging_mixin.py:190} INFO - [2025-03-27T16:47:52.325+0000] {dag.py:4180} INFO - Setting next_dagrun for latest_only to 2025-03-27 12:00:00+00:00, run_after=2025-03-27 16:00:00+00:00
[2025-03-27T16:47:52.345+0000] {processor.py:208} INFO - Processing /home/airflow/.local/lib/python3.12/site-packages/airflow/example_dags/example_latest_only.py took 0.147 seconds
[2025-03-27T16:48:22.540+0000] {processor.py:186} INFO - Started process (PID=2027) to work on /home/airflow/.local/lib/python3.12/site-packages/airflow/example_dags/example_latest_only.py
[2025-03-27T16:48:22.542+0000] {processor.py:914} INFO - Processing file /home/airflow/.local/lib/python3.12/site-packages/airflow/example_dags/example_latest_only.py for tasks to queue
[2025-03-27T16:48:22.549+0000] {logging_mixin.py:190} INFO - [2025-03-27T16:48:22.546+0000] {dagbag.py:588} INFO - Filling up the DagBag from /home/airflow/.local/lib/python3.12/site-packages/airflow/example_dags/example_latest_only.py
[2025-03-27T16:48:22.558+0000] {processor.py:925} INFO - DAG(s) 'latest_only' retrieved from /home/airflow/.local/lib/python3.12/site-packages/airflow/example_dags/example_latest_only.py
[2025-03-27T16:48:22.580+0000] {logging_mixin.py:190} INFO - [2025-03-27T16:48:22.580+0000] {dag.py:3239} INFO - Sync 1 DAGs
[2025-03-27T16:48:22.603+0000] {logging_mixin.py:190} INFO - [2025-03-27T16:48:22.603+0000] {dag.py:4180} INFO - Setting next_dagrun for latest_only to 2025-03-27 12:00:00+00:00, run_after=2025-03-27 16:00:00+00:00
[2025-03-27T16:48:22.623+0000] {processor.py:208} INFO - Processing /home/airflow/.local/lib/python3.12/site-packages/airflow/example_dags/example_latest_only.py took 0.090 seconds
[2025-03-27T16:48:52.936+0000] {processor.py:186} INFO - Started process (PID=2091) to work on /home/airflow/.local/lib/python3.12/site-packages/airflow/example_dags/example_latest_only.py
[2025-03-27T16:48:52.938+0000] {processor.py:914} INFO - Processing file /home/airflow/.local/lib/python3.12/site-packages/airflow/example_dags/example_latest_only.py for tasks to queue
[2025-03-27T16:48:52.941+0000] {logging_mixin.py:190} INFO - [2025-03-27T16:48:52.940+0000] {dagbag.py:588} INFO - Filling up the DagBag from /home/airflow/.local/lib/python3.12/site-packages/airflow/example_dags/example_latest_only.py
[2025-03-27T16:48:52.950+0000] {processor.py:925} INFO - DAG(s) 'latest_only' retrieved from /home/airflow/.local/lib/python3.12/site-packages/airflow/example_dags/example_latest_only.py
[2025-03-27T16:48:52.974+0000] {logging_mixin.py:190} INFO - [2025-03-27T16:48:52.974+0000] {dag.py:3239} INFO - Sync 1 DAGs
[2025-03-27T16:48:53.009+0000] {logging_mixin.py:190} INFO - [2025-03-27T16:48:53.009+0000] {dag.py:4180} INFO - Setting next_dagrun for latest_only to 2025-03-27 12:00:00+00:00, run_after=2025-03-27 16:00:00+00:00
[2025-03-27T16:48:53.033+0000] {processor.py:208} INFO - Processing /home/airflow/.local/lib/python3.12/site-packages/airflow/example_dags/example_latest_only.py took 0.102 seconds
[2025-03-27T16:49:23.624+0000] {processor.py:186} INFO - Started process (PID=2156) to work on /home/airflow/.local/lib/python3.12/site-packages/airflow/example_dags/example_latest_only.py
[2025-03-27T16:49:23.625+0000] {processor.py:914} INFO - Processing file /home/airflow/.local/lib/python3.12/site-packages/airflow/example_dags/example_latest_only.py for tasks to queue
[2025-03-27T16:49:23.628+0000] {logging_mixin.py:190} INFO - [2025-03-27T16:49:23.628+0000] {dagbag.py:588} INFO - Filling up the DagBag from /home/airflow/.local/lib/python3.12/site-packages/airflow/example_dags/example_latest_only.py
[2025-03-27T16:49:23.637+0000] {processor.py:925} INFO - DAG(s) 'latest_only' retrieved from /home/airflow/.local/lib/python3.12/site-packages/airflow/example_dags/example_latest_only.py
[2025-03-27T16:49:23.661+0000] {logging_mixin.py:190} INFO - [2025-03-27T16:49:23.661+0000] {dag.py:3239} INFO - Sync 1 DAGs
[2025-03-27T16:49:23.687+0000] {logging_mixin.py:190} INFO - [2025-03-27T16:49:23.687+0000] {dag.py:4180} INFO - Setting next_dagrun for latest_only to 2025-03-27 12:00:00+00:00, run_after=2025-03-27 16:00:00+00:00
[2025-03-27T16:49:23.708+0000] {processor.py:208} INFO - Processing /home/airflow/.local/lib/python3.12/site-packages/airflow/example_dags/example_latest_only.py took 0.091 seconds
[2025-03-27T16:49:54.226+0000] {processor.py:186} INFO - Started process (PID=2221) to work on /home/airflow/.local/lib/python3.12/site-packages/airflow/example_dags/example_latest_only.py
[2025-03-27T16:49:54.227+0000] {processor.py:914} INFO - Processing file /home/airflow/.local/lib/python3.12/site-packages/airflow/example_dags/example_latest_only.py for tasks to queue
[2025-03-27T16:49:54.231+0000] {logging_mixin.py:190} INFO - [2025-03-27T16:49:54.231+0000] {dagbag.py:588} INFO - Filling up the DagBag from /home/airflow/.local/lib/python3.12/site-packages/airflow/example_dags/example_latest_only.py
[2025-03-27T16:49:54.242+0000] {processor.py:925} INFO - DAG(s) 'latest_only' retrieved from /home/airflow/.local/lib/python3.12/site-packages/airflow/example_dags/example_latest_only.py
[2025-03-27T16:49:54.269+0000] {logging_mixin.py:190} INFO - [2025-03-27T16:49:54.269+0000] {dag.py:3239} INFO - Sync 1 DAGs
[2025-03-27T16:49:54.299+0000] {logging_mixin.py:190} INFO - [2025-03-27T16:49:54.299+0000] {dag.py:4180} INFO - Setting next_dagrun for latest_only to 2025-03-27 12:00:00+00:00, run_after=2025-03-27 16:00:00+00:00
[2025-03-27T16:49:54.323+0000] {processor.py:208} INFO - Processing /home/airflow/.local/lib/python3.12/site-packages/airflow/example_dags/example_latest_only.py took 0.106 seconds
[2025-03-27T16:50:24.858+0000] {processor.py:186} INFO - Started process (PID=2286) to work on /home/airflow/.local/lib/python3.12/site-packages/airflow/example_dags/example_latest_only.py
[2025-03-27T16:50:24.862+0000] {processor.py:914} INFO - Processing file /home/airflow/.local/lib/python3.12/site-packages/airflow/example_dags/example_latest_only.py for tasks to queue
[2025-03-27T16:50:24.872+0000] {logging_mixin.py:190} INFO - [2025-03-27T16:50:24.870+0000] {dagbag.py:588} INFO - Filling up the DagBag from /home/airflow/.local/lib/python3.12/site-packages/airflow/example_dags/example_latest_only.py
[2025-03-27T16:50:24.903+0000] {processor.py:925} INFO - DAG(s) 'latest_only' retrieved from /home/airflow/.local/lib/python3.12/site-packages/airflow/example_dags/example_latest_only.py
[2025-03-27T16:50:24.955+0000] {logging_mixin.py:190} INFO - [2025-03-27T16:50:24.954+0000] {dag.py:3239} INFO - Sync 1 DAGs
[2025-03-27T16:50:24.996+0000] {logging_mixin.py:190} INFO - [2025-03-27T16:50:24.995+0000] {dag.py:4180} INFO - Setting next_dagrun for latest_only to 2025-03-27 12:00:00+00:00, run_after=2025-03-27 16:00:00+00:00
[2025-03-27T16:50:25.050+0000] {processor.py:208} INFO - Processing /home/airflow/.local/lib/python3.12/site-packages/airflow/example_dags/example_latest_only.py took 0.215 seconds
[2025-03-27T16:50:55.630+0000] {processor.py:186} INFO - Started process (PID=2351) to work on /home/airflow/.local/lib/python3.12/site-packages/airflow/example_dags/example_latest_only.py
[2025-03-27T16:50:55.632+0000] {processor.py:914} INFO - Processing file /home/airflow/.local/lib/python3.12/site-packages/airflow/example_dags/example_latest_only.py for tasks to queue
[2025-03-27T16:50:55.637+0000] {logging_mixin.py:190} INFO - [2025-03-27T16:50:55.637+0000] {dagbag.py:588} INFO - Filling up the DagBag from /home/airflow/.local/lib/python3.12/site-packages/airflow/example_dags/example_latest_only.py
[2025-03-27T16:50:55.648+0000] {processor.py:925} INFO - DAG(s) 'latest_only' retrieved from /home/airflow/.local/lib/python3.12/site-packages/airflow/example_dags/example_latest_only.py
[2025-03-27T16:50:55.686+0000] {logging_mixin.py:190} INFO - [2025-03-27T16:50:55.686+0000] {dag.py:3239} INFO - Sync 1 DAGs
[2025-03-27T16:50:55.836+0000] {logging_mixin.py:190} INFO - [2025-03-27T16:50:55.828+0000] {dag.py:4180} INFO - Setting next_dagrun for latest_only to 2025-03-27 12:00:00+00:00, run_after=2025-03-27 16:00:00+00:00
[2025-03-27T16:50:56.283+0000] {processor.py:208} INFO - Processing /home/airflow/.local/lib/python3.12/site-packages/airflow/example_dags/example_latest_only.py took 0.662 seconds
[2025-03-27T16:51:26.665+0000] {processor.py:186} INFO - Started process (PID=2415) to work on /home/airflow/.local/lib/python3.12/site-packages/airflow/example_dags/example_latest_only.py
[2025-03-27T16:51:26.669+0000] {processor.py:914} INFO - Processing file /home/airflow/.local/lib/python3.12/site-packages/airflow/example_dags/example_latest_only.py for tasks to queue
[2025-03-27T16:51:26.672+0000] {logging_mixin.py:190} INFO - [2025-03-27T16:51:26.672+0000] {dagbag.py:588} INFO - Filling up the DagBag from /home/airflow/.local/lib/python3.12/site-packages/airflow/example_dags/example_latest_only.py
[2025-03-27T16:51:26.683+0000] {processor.py:925} INFO - DAG(s) 'latest_only' retrieved from /home/airflow/.local/lib/python3.12/site-packages/airflow/example_dags/example_latest_only.py
[2025-03-27T16:51:26.716+0000] {logging_mixin.py:190} INFO - [2025-03-27T16:51:26.716+0000] {dag.py:3239} INFO - Sync 1 DAGs
[2025-03-27T16:51:26.739+0000] {logging_mixin.py:190} INFO - [2025-03-27T16:51:26.739+0000] {dag.py:4180} INFO - Setting next_dagrun for latest_only to 2025-03-27 12:00:00+00:00, run_after=2025-03-27 16:00:00+00:00
[2025-03-27T16:51:26.770+0000] {processor.py:208} INFO - Processing /home/airflow/.local/lib/python3.12/site-packages/airflow/example_dags/example_latest_only.py took 0.119 seconds
[2025-03-27T16:53:01.130+0000] {processor.py:186} INFO - Started process (PID=97) to work on /home/airflow/.local/lib/python3.12/site-packages/airflow/example_dags/example_latest_only.py
[2025-03-27T16:53:01.132+0000] {processor.py:914} INFO - Processing file /home/airflow/.local/lib/python3.12/site-packages/airflow/example_dags/example_latest_only.py for tasks to queue
[2025-03-27T16:53:01.136+0000] {logging_mixin.py:190} INFO - [2025-03-27T16:53:01.135+0000] {dagbag.py:588} INFO - Filling up the DagBag from /home/airflow/.local/lib/python3.12/site-packages/airflow/example_dags/example_latest_only.py
[2025-03-27T16:53:01.146+0000] {processor.py:925} INFO - DAG(s) 'latest_only' retrieved from /home/airflow/.local/lib/python3.12/site-packages/airflow/example_dags/example_latest_only.py
[2025-03-27T16:53:01.182+0000] {logging_mixin.py:190} INFO - [2025-03-27T16:53:01.182+0000] {dag.py:3239} INFO - Sync 1 DAGs
[2025-03-27T16:53:01.222+0000] {logging_mixin.py:190} INFO - [2025-03-27T16:53:01.221+0000] {dag.py:4180} INFO - Setting next_dagrun for latest_only to 2025-03-27 12:00:00+00:00, run_after=2025-03-27 16:00:00+00:00
[2025-03-27T16:53:01.246+0000] {processor.py:208} INFO - Processing /home/airflow/.local/lib/python3.12/site-packages/airflow/example_dags/example_latest_only.py took 0.123 seconds
