[2025-03-27T16:33:08.602+0000] {processor.py:186} INFO - Started process (PID=111) to work on /home/airflow/.local/lib/python3.12/site-packages/airflow/example_dags/example_subdag_operator.py
[2025-03-27T16:33:08.603+0000] {processor.py:914} INFO - Processing file /home/airflow/.local/lib/python3.12/site-packages/airflow/example_dags/example_subdag_operator.py for tasks to queue
[2025-03-27T16:33:08.607+0000] {logging_mixin.py:190} INFO - [2025-03-27T16:33:08.606+0000] {dagbag.py:588} INFO - Filling up the DagBag from /home/airflow/.local/lib/python3.12/site-packages/airflow/example_dags/example_subdag_operator.py
[2025-03-27T16:33:08.642+0000] {processor.py:925} INFO - DAG(s) 'example_subdag_operator.section-1', 'example_subdag_operator.section-2', 'example_subdag_operator' retrieved from /home/airflow/.local/lib/python3.12/site-packages/airflow/example_dags/example_subdag_operator.py
[2025-03-27T16:33:08.746+0000] {logging_mixin.py:190} INFO - [2025-03-27T16:33:08.746+0000] {override.py:1912} INFO - Created Permission View: can read on DAG:example_subdag_operator
[2025-03-27T16:33:08.756+0000] {logging_mixin.py:190} INFO - [2025-03-27T16:33:08.756+0000] {override.py:1912} INFO - Created Permission View: can delete on DAG:example_subdag_operator
[2025-03-27T16:33:08.766+0000] {logging_mixin.py:190} INFO - [2025-03-27T16:33:08.766+0000] {override.py:1912} INFO - Created Permission View: can edit on DAG:example_subdag_operator
[2025-03-27T16:33:08.774+0000] {logging_mixin.py:190} INFO - [2025-03-27T16:33:08.774+0000] {override.py:1912} INFO - Created Permission View: can read on DAG Run:example_subdag_operator
[2025-03-27T16:33:08.781+0000] {logging_mixin.py:190} INFO - [2025-03-27T16:33:08.780+0000] {override.py:1912} INFO - Created Permission View: menu access on DAG Run:example_subdag_operator
[2025-03-27T16:33:08.832+0000] {logging_mixin.py:190} INFO - [2025-03-27T16:33:08.832+0000] {override.py:1912} INFO - Created Permission View: can create on DAG Run:example_subdag_operator
[2025-03-27T16:33:08.844+0000] {logging_mixin.py:190} INFO - [2025-03-27T16:33:08.843+0000] {override.py:1912} INFO - Created Permission View: can delete on DAG Run:example_subdag_operator
[2025-03-27T16:33:08.845+0000] {logging_mixin.py:190} INFO - [2025-03-27T16:33:08.845+0000] {dag.py:3239} INFO - Sync 3 DAGs
[2025-03-27T16:33:08.873+0000] {logging_mixin.py:190} INFO - [2025-03-27T16:33:08.872+0000] {dag.py:3262} INFO - Creating ORM DAG for example_subdag_operator.section-1
[2025-03-27T16:33:08.876+0000] {logging_mixin.py:190} INFO - [2025-03-27T16:33:08.875+0000] {dag.py:3262} INFO - Creating ORM DAG for example_subdag_operator
[2025-03-27T16:33:08.878+0000] {logging_mixin.py:190} INFO - [2025-03-27T16:33:08.878+0000] {dag.py:3262} INFO - Creating ORM DAG for example_subdag_operator.section-2
[2025-03-27T16:33:08.904+0000] {logging_mixin.py:190} INFO - [2025-03-27T16:33:08.903+0000] {dag.py:4180} INFO - Setting next_dagrun for example_subdag_operator to 2022-01-01 00:00:00+00:00, run_after=2022-01-01 00:00:00+00:00
[2025-03-27T16:33:08.906+0000] {logging_mixin.py:190} INFO - [2025-03-27T16:33:08.906+0000] {dag.py:4180} INFO - Setting next_dagrun for example_subdag_operator.section-1 to None, run_after=None
[2025-03-27T16:33:08.907+0000] {logging_mixin.py:190} INFO - [2025-03-27T16:33:08.907+0000] {dag.py:4180} INFO - Setting next_dagrun for example_subdag_operator.section-2 to None, run_after=None
[2025-03-27T16:33:08.919+0000] {logging_mixin.py:190} INFO - [2025-03-27T16:33:08.919+0000] {dag.py:3239} INFO - Sync 2 DAGs
[2025-03-27T16:33:08.925+0000] {logging_mixin.py:190} INFO - [2025-03-27T16:33:08.924+0000] {dag.py:4180} INFO - Setting next_dagrun for example_subdag_operator.section-1 to None, run_after=None
[2025-03-27T16:33:08.928+0000] {logging_mixin.py:190} INFO - [2025-03-27T16:33:08.928+0000] {dag.py:4180} INFO - Setting next_dagrun for example_subdag_operator.section-2 to None, run_after=None
[2025-03-27T16:33:08.946+0000] {processor.py:208} INFO - Processing /home/airflow/.local/lib/python3.12/site-packages/airflow/example_dags/example_subdag_operator.py took 0.353 seconds
[2025-03-27T16:33:39.754+0000] {processor.py:186} INFO - Started process (PID=174) to work on /home/airflow/.local/lib/python3.12/site-packages/airflow/example_dags/example_subdag_operator.py
[2025-03-27T16:33:39.756+0000] {processor.py:914} INFO - Processing file /home/airflow/.local/lib/python3.12/site-packages/airflow/example_dags/example_subdag_operator.py for tasks to queue
[2025-03-27T16:33:39.760+0000] {logging_mixin.py:190} INFO - [2025-03-27T16:33:39.760+0000] {dagbag.py:588} INFO - Filling up the DagBag from /home/airflow/.local/lib/python3.12/site-packages/airflow/example_dags/example_subdag_operator.py
[2025-03-27T16:33:39.795+0000] {processor.py:925} INFO - DAG(s) 'example_subdag_operator.section-1', 'example_subdag_operator.section-2', 'example_subdag_operator' retrieved from /home/airflow/.local/lib/python3.12/site-packages/airflow/example_dags/example_subdag_operator.py
[2025-03-27T16:33:39.812+0000] {logging_mixin.py:190} INFO - [2025-03-27T16:33:39.812+0000] {dag.py:3239} INFO - Sync 3 DAGs
[2025-03-27T16:33:39.841+0000] {logging_mixin.py:190} INFO - [2025-03-27T16:33:39.841+0000] {dag.py:4180} INFO - Setting next_dagrun for example_subdag_operator to 2022-01-01 00:00:00+00:00, run_after=2022-01-01 00:00:00+00:00
[2025-03-27T16:33:39.845+0000] {logging_mixin.py:190} INFO - [2025-03-27T16:33:39.845+0000] {dag.py:4180} INFO - Setting next_dagrun for example_subdag_operator.section-1 to None, run_after=None
[2025-03-27T16:33:39.847+0000] {logging_mixin.py:190} INFO - [2025-03-27T16:33:39.847+0000] {dag.py:4180} INFO - Setting next_dagrun for example_subdag_operator.section-2 to None, run_after=None
[2025-03-27T16:33:39.856+0000] {logging_mixin.py:190} INFO - [2025-03-27T16:33:39.856+0000] {dag.py:3239} INFO - Sync 2 DAGs
[2025-03-27T16:33:39.865+0000] {logging_mixin.py:190} INFO - [2025-03-27T16:33:39.864+0000] {dag.py:4180} INFO - Setting next_dagrun for example_subdag_operator.section-1 to None, run_after=None
[2025-03-27T16:33:39.867+0000] {logging_mixin.py:190} INFO - [2025-03-27T16:33:39.867+0000] {dag.py:4180} INFO - Setting next_dagrun for example_subdag_operator.section-2 to None, run_after=None
[2025-03-27T16:33:39.880+0000] {processor.py:208} INFO - Processing /home/airflow/.local/lib/python3.12/site-packages/airflow/example_dags/example_subdag_operator.py took 0.135 seconds
[2025-03-27T16:34:10.588+0000] {processor.py:186} INFO - Started process (PID=236) to work on /home/airflow/.local/lib/python3.12/site-packages/airflow/example_dags/example_subdag_operator.py
[2025-03-27T16:34:10.592+0000] {processor.py:914} INFO - Processing file /home/airflow/.local/lib/python3.12/site-packages/airflow/example_dags/example_subdag_operator.py for tasks to queue
[2025-03-27T16:34:10.598+0000] {logging_mixin.py:190} INFO - [2025-03-27T16:34:10.597+0000] {dagbag.py:588} INFO - Filling up the DagBag from /home/airflow/.local/lib/python3.12/site-packages/airflow/example_dags/example_subdag_operator.py
[2025-03-27T16:34:10.629+0000] {processor.py:925} INFO - DAG(s) 'example_subdag_operator.section-1', 'example_subdag_operator.section-2', 'example_subdag_operator' retrieved from /home/airflow/.local/lib/python3.12/site-packages/airflow/example_dags/example_subdag_operator.py
[2025-03-27T16:34:10.646+0000] {logging_mixin.py:190} INFO - [2025-03-27T16:34:10.646+0000] {dag.py:3239} INFO - Sync 3 DAGs
[2025-03-27T16:34:10.672+0000] {logging_mixin.py:190} INFO - [2025-03-27T16:34:10.671+0000] {dag.py:4180} INFO - Setting next_dagrun for example_subdag_operator to 2022-01-01 00:00:00+00:00, run_after=2022-01-01 00:00:00+00:00
[2025-03-27T16:34:10.676+0000] {logging_mixin.py:190} INFO - [2025-03-27T16:34:10.676+0000] {dag.py:4180} INFO - Setting next_dagrun for example_subdag_operator.section-1 to None, run_after=None
[2025-03-27T16:34:10.677+0000] {logging_mixin.py:190} INFO - [2025-03-27T16:34:10.677+0000] {dag.py:4180} INFO - Setting next_dagrun for example_subdag_operator.section-2 to None, run_after=None
[2025-03-27T16:34:10.684+0000] {logging_mixin.py:190} INFO - [2025-03-27T16:34:10.684+0000] {dag.py:3239} INFO - Sync 2 DAGs
[2025-03-27T16:34:10.701+0000] {logging_mixin.py:190} INFO - [2025-03-27T16:34:10.701+0000] {dag.py:4180} INFO - Setting next_dagrun for example_subdag_operator.section-1 to None, run_after=None
[2025-03-27T16:34:10.702+0000] {logging_mixin.py:190} INFO - [2025-03-27T16:34:10.702+0000] {dag.py:4180} INFO - Setting next_dagrun for example_subdag_operator.section-2 to None, run_after=None
[2025-03-27T16:34:10.759+0000] {processor.py:208} INFO - Processing /home/airflow/.local/lib/python3.12/site-packages/airflow/example_dags/example_subdag_operator.py took 0.178 seconds
[2025-03-27T16:34:41.148+0000] {processor.py:186} INFO - Started process (PID=298) to work on /home/airflow/.local/lib/python3.12/site-packages/airflow/example_dags/example_subdag_operator.py
[2025-03-27T16:34:41.150+0000] {processor.py:914} INFO - Processing file /home/airflow/.local/lib/python3.12/site-packages/airflow/example_dags/example_subdag_operator.py for tasks to queue
[2025-03-27T16:34:41.156+0000] {logging_mixin.py:190} INFO - [2025-03-27T16:34:41.155+0000] {dagbag.py:588} INFO - Filling up the DagBag from /home/airflow/.local/lib/python3.12/site-packages/airflow/example_dags/example_subdag_operator.py
[2025-03-27T16:34:41.204+0000] {processor.py:925} INFO - DAG(s) 'example_subdag_operator.section-1', 'example_subdag_operator.section-2', 'example_subdag_operator' retrieved from /home/airflow/.local/lib/python3.12/site-packages/airflow/example_dags/example_subdag_operator.py
[2025-03-27T16:34:41.246+0000] {logging_mixin.py:190} INFO - [2025-03-27T16:34:41.245+0000] {dag.py:3239} INFO - Sync 3 DAGs
[2025-03-27T16:34:41.291+0000] {logging_mixin.py:190} INFO - [2025-03-27T16:34:41.290+0000] {dag.py:4180} INFO - Setting next_dagrun for example_subdag_operator to 2022-01-01 00:00:00+00:00, run_after=2022-01-01 00:00:00+00:00
[2025-03-27T16:34:41.298+0000] {logging_mixin.py:190} INFO - [2025-03-27T16:34:41.297+0000] {dag.py:4180} INFO - Setting next_dagrun for example_subdag_operator.section-1 to None, run_after=None
[2025-03-27T16:34:41.304+0000] {logging_mixin.py:190} INFO - [2025-03-27T16:34:41.303+0000] {dag.py:4180} INFO - Setting next_dagrun for example_subdag_operator.section-2 to None, run_after=None
[2025-03-27T16:34:41.323+0000] {logging_mixin.py:190} INFO - [2025-03-27T16:34:41.322+0000] {dag.py:3239} INFO - Sync 2 DAGs
[2025-03-27T16:34:41.335+0000] {logging_mixin.py:190} INFO - [2025-03-27T16:34:41.334+0000] {dag.py:4180} INFO - Setting next_dagrun for example_subdag_operator.section-1 to None, run_after=None
[2025-03-27T16:34:41.336+0000] {logging_mixin.py:190} INFO - [2025-03-27T16:34:41.336+0000] {dag.py:4180} INFO - Setting next_dagrun for example_subdag_operator.section-2 to None, run_after=None
[2025-03-27T16:34:41.423+0000] {processor.py:208} INFO - Processing /home/airflow/.local/lib/python3.12/site-packages/airflow/example_dags/example_subdag_operator.py took 0.292 seconds
[2025-03-27T16:35:12.072+0000] {processor.py:186} INFO - Started process (PID=361) to work on /home/airflow/.local/lib/python3.12/site-packages/airflow/example_dags/example_subdag_operator.py
[2025-03-27T16:35:12.073+0000] {processor.py:914} INFO - Processing file /home/airflow/.local/lib/python3.12/site-packages/airflow/example_dags/example_subdag_operator.py for tasks to queue
[2025-03-27T16:35:12.077+0000] {logging_mixin.py:190} INFO - [2025-03-27T16:35:12.076+0000] {dagbag.py:588} INFO - Filling up the DagBag from /home/airflow/.local/lib/python3.12/site-packages/airflow/example_dags/example_subdag_operator.py
[2025-03-27T16:35:12.106+0000] {processor.py:925} INFO - DAG(s) 'example_subdag_operator.section-1', 'example_subdag_operator.section-2', 'example_subdag_operator' retrieved from /home/airflow/.local/lib/python3.12/site-packages/airflow/example_dags/example_subdag_operator.py
[2025-03-27T16:35:12.121+0000] {logging_mixin.py:190} INFO - [2025-03-27T16:35:12.121+0000] {dag.py:3239} INFO - Sync 3 DAGs
[2025-03-27T16:35:12.147+0000] {logging_mixin.py:190} INFO - [2025-03-27T16:35:12.147+0000] {dag.py:4180} INFO - Setting next_dagrun for example_subdag_operator to 2022-01-01 00:00:00+00:00, run_after=2022-01-01 00:00:00+00:00
[2025-03-27T16:35:12.151+0000] {logging_mixin.py:190} INFO - [2025-03-27T16:35:12.151+0000] {dag.py:4180} INFO - Setting next_dagrun for example_subdag_operator.section-1 to None, run_after=None
[2025-03-27T16:35:12.153+0000] {logging_mixin.py:190} INFO - [2025-03-27T16:35:12.152+0000] {dag.py:4180} INFO - Setting next_dagrun for example_subdag_operator.section-2 to None, run_after=None
[2025-03-27T16:35:12.160+0000] {logging_mixin.py:190} INFO - [2025-03-27T16:35:12.160+0000] {dag.py:3239} INFO - Sync 2 DAGs
[2025-03-27T16:35:12.169+0000] {logging_mixin.py:190} INFO - [2025-03-27T16:35:12.168+0000] {dag.py:4180} INFO - Setting next_dagrun for example_subdag_operator.section-1 to None, run_after=None
[2025-03-27T16:35:12.170+0000] {logging_mixin.py:190} INFO - [2025-03-27T16:35:12.169+0000] {dag.py:4180} INFO - Setting next_dagrun for example_subdag_operator.section-2 to None, run_after=None
[2025-03-27T16:35:12.181+0000] {processor.py:208} INFO - Processing /home/airflow/.local/lib/python3.12/site-packages/airflow/example_dags/example_subdag_operator.py took 0.117 seconds
[2025-03-27T16:35:42.630+0000] {processor.py:186} INFO - Started process (PID=425) to work on /home/airflow/.local/lib/python3.12/site-packages/airflow/example_dags/example_subdag_operator.py
[2025-03-27T16:35:42.632+0000] {processor.py:914} INFO - Processing file /home/airflow/.local/lib/python3.12/site-packages/airflow/example_dags/example_subdag_operator.py for tasks to queue
[2025-03-27T16:35:42.634+0000] {logging_mixin.py:190} INFO - [2025-03-27T16:35:42.634+0000] {dagbag.py:588} INFO - Filling up the DagBag from /home/airflow/.local/lib/python3.12/site-packages/airflow/example_dags/example_subdag_operator.py
[2025-03-27T16:35:42.662+0000] {processor.py:925} INFO - DAG(s) 'example_subdag_operator.section-1', 'example_subdag_operator.section-2', 'example_subdag_operator' retrieved from /home/airflow/.local/lib/python3.12/site-packages/airflow/example_dags/example_subdag_operator.py
[2025-03-27T16:35:42.678+0000] {logging_mixin.py:190} INFO - [2025-03-27T16:35:42.678+0000] {dag.py:3239} INFO - Sync 3 DAGs
[2025-03-27T16:35:42.700+0000] {logging_mixin.py:190} INFO - [2025-03-27T16:35:42.700+0000] {dag.py:4180} INFO - Setting next_dagrun for example_subdag_operator to 2022-01-01 00:00:00+00:00, run_after=2022-01-01 00:00:00+00:00
[2025-03-27T16:35:42.704+0000] {logging_mixin.py:190} INFO - [2025-03-27T16:35:42.704+0000] {dag.py:4180} INFO - Setting next_dagrun for example_subdag_operator.section-1 to None, run_after=None
[2025-03-27T16:35:42.708+0000] {logging_mixin.py:190} INFO - [2025-03-27T16:35:42.708+0000] {dag.py:4180} INFO - Setting next_dagrun for example_subdag_operator.section-2 to None, run_after=None
[2025-03-27T16:35:42.721+0000] {logging_mixin.py:190} INFO - [2025-03-27T16:35:42.721+0000] {dag.py:3239} INFO - Sync 2 DAGs
[2025-03-27T16:35:42.728+0000] {logging_mixin.py:190} INFO - [2025-03-27T16:35:42.728+0000] {dag.py:4180} INFO - Setting next_dagrun for example_subdag_operator.section-1 to None, run_after=None
[2025-03-27T16:35:42.729+0000] {logging_mixin.py:190} INFO - [2025-03-27T16:35:42.729+0000] {dag.py:4180} INFO - Setting next_dagrun for example_subdag_operator.section-2 to None, run_after=None
[2025-03-27T16:35:42.748+0000] {processor.py:208} INFO - Processing /home/airflow/.local/lib/python3.12/site-packages/airflow/example_dags/example_subdag_operator.py took 0.125 seconds
[2025-03-27T16:36:13.250+0000] {processor.py:186} INFO - Started process (PID=488) to work on /home/airflow/.local/lib/python3.12/site-packages/airflow/example_dags/example_subdag_operator.py
[2025-03-27T16:36:13.253+0000] {processor.py:914} INFO - Processing file /home/airflow/.local/lib/python3.12/site-packages/airflow/example_dags/example_subdag_operator.py for tasks to queue
[2025-03-27T16:36:13.255+0000] {logging_mixin.py:190} INFO - [2025-03-27T16:36:13.255+0000] {dagbag.py:588} INFO - Filling up the DagBag from /home/airflow/.local/lib/python3.12/site-packages/airflow/example_dags/example_subdag_operator.py
[2025-03-27T16:36:13.292+0000] {processor.py:925} INFO - DAG(s) 'example_subdag_operator.section-1', 'example_subdag_operator.section-2', 'example_subdag_operator' retrieved from /home/airflow/.local/lib/python3.12/site-packages/airflow/example_dags/example_subdag_operator.py
[2025-03-27T16:36:13.318+0000] {logging_mixin.py:190} INFO - [2025-03-27T16:36:13.318+0000] {dag.py:3239} INFO - Sync 3 DAGs
[2025-03-27T16:36:13.355+0000] {logging_mixin.py:190} INFO - [2025-03-27T16:36:13.355+0000] {dag.py:4180} INFO - Setting next_dagrun for example_subdag_operator to 2022-01-01 00:00:00+00:00, run_after=2022-01-01 00:00:00+00:00
[2025-03-27T16:36:13.361+0000] {logging_mixin.py:190} INFO - [2025-03-27T16:36:13.360+0000] {dag.py:4180} INFO - Setting next_dagrun for example_subdag_operator.section-1 to None, run_after=None
[2025-03-27T16:36:13.364+0000] {logging_mixin.py:190} INFO - [2025-03-27T16:36:13.364+0000] {dag.py:4180} INFO - Setting next_dagrun for example_subdag_operator.section-2 to None, run_after=None
[2025-03-27T16:36:13.374+0000] {logging_mixin.py:190} INFO - [2025-03-27T16:36:13.374+0000] {dag.py:3239} INFO - Sync 2 DAGs
[2025-03-27T16:36:13.381+0000] {logging_mixin.py:190} INFO - [2025-03-27T16:36:13.381+0000] {dag.py:4180} INFO - Setting next_dagrun for example_subdag_operator.section-1 to None, run_after=None
[2025-03-27T16:36:13.382+0000] {logging_mixin.py:190} INFO - [2025-03-27T16:36:13.382+0000] {dag.py:4180} INFO - Setting next_dagrun for example_subdag_operator.section-2 to None, run_after=None
[2025-03-27T16:36:13.395+0000] {processor.py:208} INFO - Processing /home/airflow/.local/lib/python3.12/site-packages/airflow/example_dags/example_subdag_operator.py took 0.152 seconds
[2025-03-27T16:36:44.118+0000] {processor.py:186} INFO - Started process (PID=551) to work on /home/airflow/.local/lib/python3.12/site-packages/airflow/example_dags/example_subdag_operator.py
[2025-03-27T16:36:44.121+0000] {processor.py:914} INFO - Processing file /home/airflow/.local/lib/python3.12/site-packages/airflow/example_dags/example_subdag_operator.py for tasks to queue
[2025-03-27T16:36:44.125+0000] {logging_mixin.py:190} INFO - [2025-03-27T16:36:44.125+0000] {dagbag.py:588} INFO - Filling up the DagBag from /home/airflow/.local/lib/python3.12/site-packages/airflow/example_dags/example_subdag_operator.py
[2025-03-27T16:36:44.163+0000] {processor.py:925} INFO - DAG(s) 'example_subdag_operator.section-1', 'example_subdag_operator.section-2', 'example_subdag_operator' retrieved from /home/airflow/.local/lib/python3.12/site-packages/airflow/example_dags/example_subdag_operator.py
[2025-03-27T16:36:44.184+0000] {logging_mixin.py:190} INFO - [2025-03-27T16:36:44.184+0000] {dag.py:3239} INFO - Sync 3 DAGs
[2025-03-27T16:36:44.211+0000] {logging_mixin.py:190} INFO - [2025-03-27T16:36:44.210+0000] {dag.py:4180} INFO - Setting next_dagrun for example_subdag_operator to 2022-01-01 00:00:00+00:00, run_after=2022-01-01 00:00:00+00:00
[2025-03-27T16:36:44.215+0000] {logging_mixin.py:190} INFO - [2025-03-27T16:36:44.215+0000] {dag.py:4180} INFO - Setting next_dagrun for example_subdag_operator.section-1 to None, run_after=None
[2025-03-27T16:36:44.217+0000] {logging_mixin.py:190} INFO - [2025-03-27T16:36:44.217+0000] {dag.py:4180} INFO - Setting next_dagrun for example_subdag_operator.section-2 to None, run_after=None
[2025-03-27T16:36:44.226+0000] {logging_mixin.py:190} INFO - [2025-03-27T16:36:44.226+0000] {dag.py:3239} INFO - Sync 2 DAGs
[2025-03-27T16:36:44.236+0000] {logging_mixin.py:190} INFO - [2025-03-27T16:36:44.235+0000] {dag.py:4180} INFO - Setting next_dagrun for example_subdag_operator.section-1 to None, run_after=None
[2025-03-27T16:36:44.240+0000] {logging_mixin.py:190} INFO - [2025-03-27T16:36:44.240+0000] {dag.py:4180} INFO - Setting next_dagrun for example_subdag_operator.section-2 to None, run_after=None
[2025-03-27T16:36:44.256+0000] {processor.py:208} INFO - Processing /home/airflow/.local/lib/python3.12/site-packages/airflow/example_dags/example_subdag_operator.py took 0.148 seconds
[2025-03-27T16:37:14.411+0000] {processor.py:186} INFO - Started process (PID=613) to work on /home/airflow/.local/lib/python3.12/site-packages/airflow/example_dags/example_subdag_operator.py
[2025-03-27T16:37:14.413+0000] {processor.py:914} INFO - Processing file /home/airflow/.local/lib/python3.12/site-packages/airflow/example_dags/example_subdag_operator.py for tasks to queue
[2025-03-27T16:37:14.415+0000] {logging_mixin.py:190} INFO - [2025-03-27T16:37:14.415+0000] {dagbag.py:588} INFO - Filling up the DagBag from /home/airflow/.local/lib/python3.12/site-packages/airflow/example_dags/example_subdag_operator.py
[2025-03-27T16:37:14.448+0000] {processor.py:925} INFO - DAG(s) 'example_subdag_operator.section-1', 'example_subdag_operator.section-2', 'example_subdag_operator' retrieved from /home/airflow/.local/lib/python3.12/site-packages/airflow/example_dags/example_subdag_operator.py
[2025-03-27T16:37:14.469+0000] {logging_mixin.py:190} INFO - [2025-03-27T16:37:14.468+0000] {dag.py:3239} INFO - Sync 3 DAGs
[2025-03-27T16:37:14.501+0000] {logging_mixin.py:190} INFO - [2025-03-27T16:37:14.501+0000] {dag.py:4180} INFO - Setting next_dagrun for example_subdag_operator to 2022-01-01 00:00:00+00:00, run_after=2022-01-01 00:00:00+00:00
[2025-03-27T16:37:14.508+0000] {logging_mixin.py:190} INFO - [2025-03-27T16:37:14.507+0000] {dag.py:4180} INFO - Setting next_dagrun for example_subdag_operator.section-1 to None, run_after=None
[2025-03-27T16:37:14.510+0000] {logging_mixin.py:190} INFO - [2025-03-27T16:37:14.510+0000] {dag.py:4180} INFO - Setting next_dagrun for example_subdag_operator.section-2 to None, run_after=None
[2025-03-27T16:37:14.521+0000] {logging_mixin.py:190} INFO - [2025-03-27T16:37:14.520+0000] {dag.py:3239} INFO - Sync 2 DAGs
[2025-03-27T16:37:14.529+0000] {logging_mixin.py:190} INFO - [2025-03-27T16:37:14.528+0000] {dag.py:4180} INFO - Setting next_dagrun for example_subdag_operator.section-1 to None, run_after=None
[2025-03-27T16:37:14.530+0000] {logging_mixin.py:190} INFO - [2025-03-27T16:37:14.529+0000] {dag.py:4180} INFO - Setting next_dagrun for example_subdag_operator.section-2 to None, run_after=None
[2025-03-27T16:37:14.551+0000] {processor.py:208} INFO - Processing /home/airflow/.local/lib/python3.12/site-packages/airflow/example_dags/example_subdag_operator.py took 0.147 seconds
[2025-03-27T16:37:44.998+0000] {processor.py:186} INFO - Started process (PID=676) to work on /home/airflow/.local/lib/python3.12/site-packages/airflow/example_dags/example_subdag_operator.py
[2025-03-27T16:37:45.000+0000] {processor.py:914} INFO - Processing file /home/airflow/.local/lib/python3.12/site-packages/airflow/example_dags/example_subdag_operator.py for tasks to queue
[2025-03-27T16:37:45.004+0000] {logging_mixin.py:190} INFO - [2025-03-27T16:37:45.003+0000] {dagbag.py:588} INFO - Filling up the DagBag from /home/airflow/.local/lib/python3.12/site-packages/airflow/example_dags/example_subdag_operator.py
[2025-03-27T16:37:45.059+0000] {processor.py:925} INFO - DAG(s) 'example_subdag_operator.section-1', 'example_subdag_operator.section-2', 'example_subdag_operator' retrieved from /home/airflow/.local/lib/python3.12/site-packages/airflow/example_dags/example_subdag_operator.py
[2025-03-27T16:37:45.117+0000] {logging_mixin.py:190} INFO - [2025-03-27T16:37:45.115+0000] {dag.py:3239} INFO - Sync 3 DAGs
[2025-03-27T16:37:45.176+0000] {logging_mixin.py:190} INFO - [2025-03-27T16:37:45.175+0000] {dag.py:4180} INFO - Setting next_dagrun for example_subdag_operator to 2022-01-01 00:00:00+00:00, run_after=2022-01-01 00:00:00+00:00
[2025-03-27T16:37:45.183+0000] {logging_mixin.py:190} INFO - [2025-03-27T16:37:45.183+0000] {dag.py:4180} INFO - Setting next_dagrun for example_subdag_operator.section-1 to None, run_after=None
[2025-03-27T16:37:45.186+0000] {logging_mixin.py:190} INFO - [2025-03-27T16:37:45.185+0000] {dag.py:4180} INFO - Setting next_dagrun for example_subdag_operator.section-2 to None, run_after=None
[2025-03-27T16:37:45.199+0000] {logging_mixin.py:190} INFO - [2025-03-27T16:37:45.198+0000] {dag.py:3239} INFO - Sync 2 DAGs
[2025-03-27T16:37:45.211+0000] {logging_mixin.py:190} INFO - [2025-03-27T16:37:45.211+0000] {dag.py:4180} INFO - Setting next_dagrun for example_subdag_operator.section-1 to None, run_after=None
[2025-03-27T16:37:45.213+0000] {logging_mixin.py:190} INFO - [2025-03-27T16:37:45.212+0000] {dag.py:4180} INFO - Setting next_dagrun for example_subdag_operator.section-2 to None, run_after=None
[2025-03-27T16:37:45.231+0000] {processor.py:208} INFO - Processing /home/airflow/.local/lib/python3.12/site-packages/airflow/example_dags/example_subdag_operator.py took 0.243 seconds
[2025-03-27T16:38:15.854+0000] {processor.py:186} INFO - Started process (PID=741) to work on /home/airflow/.local/lib/python3.12/site-packages/airflow/example_dags/example_subdag_operator.py
[2025-03-27T16:38:15.856+0000] {processor.py:914} INFO - Processing file /home/airflow/.local/lib/python3.12/site-packages/airflow/example_dags/example_subdag_operator.py for tasks to queue
[2025-03-27T16:38:15.858+0000] {logging_mixin.py:190} INFO - [2025-03-27T16:38:15.858+0000] {dagbag.py:588} INFO - Filling up the DagBag from /home/airflow/.local/lib/python3.12/site-packages/airflow/example_dags/example_subdag_operator.py
[2025-03-27T16:38:15.890+0000] {processor.py:925} INFO - DAG(s) 'example_subdag_operator.section-1', 'example_subdag_operator.section-2', 'example_subdag_operator' retrieved from /home/airflow/.local/lib/python3.12/site-packages/airflow/example_dags/example_subdag_operator.py
[2025-03-27T16:38:15.915+0000] {logging_mixin.py:190} INFO - [2025-03-27T16:38:15.914+0000] {dag.py:3239} INFO - Sync 3 DAGs
[2025-03-27T16:38:15.963+0000] {logging_mixin.py:190} INFO - [2025-03-27T16:38:15.962+0000] {dag.py:4180} INFO - Setting next_dagrun for example_subdag_operator to 2022-01-01 00:00:00+00:00, run_after=2022-01-01 00:00:00+00:00
[2025-03-27T16:38:15.969+0000] {logging_mixin.py:190} INFO - [2025-03-27T16:38:15.969+0000] {dag.py:4180} INFO - Setting next_dagrun for example_subdag_operator.section-1 to None, run_after=None
[2025-03-27T16:38:15.975+0000] {logging_mixin.py:190} INFO - [2025-03-27T16:38:15.974+0000] {dag.py:4180} INFO - Setting next_dagrun for example_subdag_operator.section-2 to None, run_after=None
[2025-03-27T16:38:15.985+0000] {logging_mixin.py:190} INFO - [2025-03-27T16:38:15.985+0000] {dag.py:3239} INFO - Sync 2 DAGs
[2025-03-27T16:38:15.994+0000] {logging_mixin.py:190} INFO - [2025-03-27T16:38:15.994+0000] {dag.py:4180} INFO - Setting next_dagrun for example_subdag_operator.section-1 to None, run_after=None
[2025-03-27T16:38:15.995+0000] {logging_mixin.py:190} INFO - [2025-03-27T16:38:15.994+0000] {dag.py:4180} INFO - Setting next_dagrun for example_subdag_operator.section-2 to None, run_after=None
[2025-03-27T16:38:16.012+0000] {processor.py:208} INFO - Processing /home/airflow/.local/lib/python3.12/site-packages/airflow/example_dags/example_subdag_operator.py took 0.164 seconds
[2025-03-27T16:38:46.808+0000] {processor.py:186} INFO - Started process (PID=807) to work on /home/airflow/.local/lib/python3.12/site-packages/airflow/example_dags/example_subdag_operator.py
[2025-03-27T16:38:46.809+0000] {processor.py:914} INFO - Processing file /home/airflow/.local/lib/python3.12/site-packages/airflow/example_dags/example_subdag_operator.py for tasks to queue
[2025-03-27T16:38:46.813+0000] {logging_mixin.py:190} INFO - [2025-03-27T16:38:46.813+0000] {dagbag.py:588} INFO - Filling up the DagBag from /home/airflow/.local/lib/python3.12/site-packages/airflow/example_dags/example_subdag_operator.py
[2025-03-27T16:38:46.850+0000] {processor.py:925} INFO - DAG(s) 'example_subdag_operator.section-1', 'example_subdag_operator.section-2', 'example_subdag_operator' retrieved from /home/airflow/.local/lib/python3.12/site-packages/airflow/example_dags/example_subdag_operator.py
[2025-03-27T16:38:46.869+0000] {logging_mixin.py:190} INFO - [2025-03-27T16:38:46.869+0000] {dag.py:3239} INFO - Sync 3 DAGs
[2025-03-27T16:38:46.895+0000] {logging_mixin.py:190} INFO - [2025-03-27T16:38:46.894+0000] {dag.py:4180} INFO - Setting next_dagrun for example_subdag_operator to 2022-01-01 00:00:00+00:00, run_after=2022-01-01 00:00:00+00:00
[2025-03-27T16:38:46.899+0000] {logging_mixin.py:190} INFO - [2025-03-27T16:38:46.899+0000] {dag.py:4180} INFO - Setting next_dagrun for example_subdag_operator.section-1 to None, run_after=None
[2025-03-27T16:38:46.905+0000] {logging_mixin.py:190} INFO - [2025-03-27T16:38:46.904+0000] {dag.py:4180} INFO - Setting next_dagrun for example_subdag_operator.section-2 to None, run_after=None
[2025-03-27T16:38:46.914+0000] {logging_mixin.py:190} INFO - [2025-03-27T16:38:46.914+0000] {dag.py:3239} INFO - Sync 2 DAGs
[2025-03-27T16:38:46.920+0000] {logging_mixin.py:190} INFO - [2025-03-27T16:38:46.919+0000] {dag.py:4180} INFO - Setting next_dagrun for example_subdag_operator.section-1 to None, run_after=None
[2025-03-27T16:38:46.921+0000] {logging_mixin.py:190} INFO - [2025-03-27T16:38:46.921+0000] {dag.py:4180} INFO - Setting next_dagrun for example_subdag_operator.section-2 to None, run_after=None
[2025-03-27T16:38:46.933+0000] {processor.py:208} INFO - Processing /home/airflow/.local/lib/python3.12/site-packages/airflow/example_dags/example_subdag_operator.py took 0.135 seconds
[2025-03-27T16:39:17.796+0000] {processor.py:186} INFO - Started process (PID=872) to work on /home/airflow/.local/lib/python3.12/site-packages/airflow/example_dags/example_subdag_operator.py
[2025-03-27T16:39:17.799+0000] {processor.py:914} INFO - Processing file /home/airflow/.local/lib/python3.12/site-packages/airflow/example_dags/example_subdag_operator.py for tasks to queue
[2025-03-27T16:39:17.806+0000] {logging_mixin.py:190} INFO - [2025-03-27T16:39:17.805+0000] {dagbag.py:588} INFO - Filling up the DagBag from /home/airflow/.local/lib/python3.12/site-packages/airflow/example_dags/example_subdag_operator.py
[2025-03-27T16:39:17.893+0000] {processor.py:925} INFO - DAG(s) 'example_subdag_operator.section-1', 'example_subdag_operator.section-2', 'example_subdag_operator' retrieved from /home/airflow/.local/lib/python3.12/site-packages/airflow/example_dags/example_subdag_operator.py
[2025-03-27T16:39:17.931+0000] {logging_mixin.py:190} INFO - [2025-03-27T16:39:17.930+0000] {dag.py:3239} INFO - Sync 3 DAGs
[2025-03-27T16:39:17.990+0000] {logging_mixin.py:190} INFO - [2025-03-27T16:39:17.990+0000] {dag.py:4180} INFO - Setting next_dagrun for example_subdag_operator to 2022-01-01 00:00:00+00:00, run_after=2022-01-01 00:00:00+00:00
[2025-03-27T16:39:17.998+0000] {logging_mixin.py:190} INFO - [2025-03-27T16:39:17.997+0000] {dag.py:4180} INFO - Setting next_dagrun for example_subdag_operator.section-1 to None, run_after=None
[2025-03-27T16:39:18.001+0000] {logging_mixin.py:190} INFO - [2025-03-27T16:39:18.001+0000] {dag.py:4180} INFO - Setting next_dagrun for example_subdag_operator.section-2 to None, run_after=None
[2025-03-27T16:39:18.013+0000] {logging_mixin.py:190} INFO - [2025-03-27T16:39:18.013+0000] {dag.py:3239} INFO - Sync 2 DAGs
[2025-03-27T16:39:18.022+0000] {logging_mixin.py:190} INFO - [2025-03-27T16:39:18.022+0000] {dag.py:4180} INFO - Setting next_dagrun for example_subdag_operator.section-1 to None, run_after=None
[2025-03-27T16:39:18.023+0000] {logging_mixin.py:190} INFO - [2025-03-27T16:39:18.023+0000] {dag.py:4180} INFO - Setting next_dagrun for example_subdag_operator.section-2 to None, run_after=None
[2025-03-27T16:39:18.043+0000] {processor.py:208} INFO - Processing /home/airflow/.local/lib/python3.12/site-packages/airflow/example_dags/example_subdag_operator.py took 0.258 seconds
[2025-03-27T16:39:48.955+0000] {processor.py:186} INFO - Started process (PID=937) to work on /home/airflow/.local/lib/python3.12/site-packages/airflow/example_dags/example_subdag_operator.py
[2025-03-27T16:39:48.958+0000] {processor.py:914} INFO - Processing file /home/airflow/.local/lib/python3.12/site-packages/airflow/example_dags/example_subdag_operator.py for tasks to queue
[2025-03-27T16:39:48.964+0000] {logging_mixin.py:190} INFO - [2025-03-27T16:39:48.964+0000] {dagbag.py:588} INFO - Filling up the DagBag from /home/airflow/.local/lib/python3.12/site-packages/airflow/example_dags/example_subdag_operator.py
[2025-03-27T16:39:49.029+0000] {processor.py:925} INFO - DAG(s) 'example_subdag_operator.section-1', 'example_subdag_operator.section-2', 'example_subdag_operator' retrieved from /home/airflow/.local/lib/python3.12/site-packages/airflow/example_dags/example_subdag_operator.py
[2025-03-27T16:39:49.055+0000] {logging_mixin.py:190} INFO - [2025-03-27T16:39:49.055+0000] {dag.py:3239} INFO - Sync 3 DAGs
[2025-03-27T16:39:49.081+0000] {logging_mixin.py:190} INFO - [2025-03-27T16:39:49.081+0000] {dag.py:4180} INFO - Setting next_dagrun for example_subdag_operator to 2022-01-01 00:00:00+00:00, run_after=2022-01-01 00:00:00+00:00
[2025-03-27T16:39:49.085+0000] {logging_mixin.py:190} INFO - [2025-03-27T16:39:49.085+0000] {dag.py:4180} INFO - Setting next_dagrun for example_subdag_operator.section-1 to None, run_after=None
[2025-03-27T16:39:49.087+0000] {logging_mixin.py:190} INFO - [2025-03-27T16:39:49.087+0000] {dag.py:4180} INFO - Setting next_dagrun for example_subdag_operator.section-2 to None, run_after=None
[2025-03-27T16:39:49.095+0000] {logging_mixin.py:190} INFO - [2025-03-27T16:39:49.094+0000] {dag.py:3239} INFO - Sync 2 DAGs
[2025-03-27T16:39:49.101+0000] {logging_mixin.py:190} INFO - [2025-03-27T16:39:49.100+0000] {dag.py:4180} INFO - Setting next_dagrun for example_subdag_operator.section-1 to None, run_after=None
[2025-03-27T16:39:49.101+0000] {logging_mixin.py:190} INFO - [2025-03-27T16:39:49.101+0000] {dag.py:4180} INFO - Setting next_dagrun for example_subdag_operator.section-2 to None, run_after=None
[2025-03-27T16:39:49.171+0000] {processor.py:208} INFO - Processing /home/airflow/.local/lib/python3.12/site-packages/airflow/example_dags/example_subdag_operator.py took 0.225 seconds
[2025-03-27T16:40:19.998+0000] {processor.py:186} INFO - Started process (PID=1002) to work on /home/airflow/.local/lib/python3.12/site-packages/airflow/example_dags/example_subdag_operator.py
[2025-03-27T16:40:20.001+0000] {processor.py:914} INFO - Processing file /home/airflow/.local/lib/python3.12/site-packages/airflow/example_dags/example_subdag_operator.py for tasks to queue
[2025-03-27T16:40:20.009+0000] {logging_mixin.py:190} INFO - [2025-03-27T16:40:20.007+0000] {dagbag.py:588} INFO - Filling up the DagBag from /home/airflow/.local/lib/python3.12/site-packages/airflow/example_dags/example_subdag_operator.py
[2025-03-27T16:40:20.093+0000] {processor.py:925} INFO - DAG(s) 'example_subdag_operator.section-1', 'example_subdag_operator.section-2', 'example_subdag_operator' retrieved from /home/airflow/.local/lib/python3.12/site-packages/airflow/example_dags/example_subdag_operator.py
[2025-03-27T16:40:20.114+0000] {logging_mixin.py:190} INFO - [2025-03-27T16:40:20.113+0000] {dag.py:3239} INFO - Sync 3 DAGs
[2025-03-27T16:40:20.158+0000] {logging_mixin.py:190} INFO - [2025-03-27T16:40:20.156+0000] {dag.py:4180} INFO - Setting next_dagrun for example_subdag_operator to 2022-01-01 00:00:00+00:00, run_after=2022-01-01 00:00:00+00:00
[2025-03-27T16:40:20.172+0000] {logging_mixin.py:190} INFO - [2025-03-27T16:40:20.171+0000] {dag.py:4180} INFO - Setting next_dagrun for example_subdag_operator.section-1 to None, run_after=None
[2025-03-27T16:40:20.174+0000] {logging_mixin.py:190} INFO - [2025-03-27T16:40:20.173+0000] {dag.py:4180} INFO - Setting next_dagrun for example_subdag_operator.section-2 to None, run_after=None
[2025-03-27T16:40:20.183+0000] {logging_mixin.py:190} INFO - [2025-03-27T16:40:20.183+0000] {dag.py:3239} INFO - Sync 2 DAGs
[2025-03-27T16:40:20.192+0000] {logging_mixin.py:190} INFO - [2025-03-27T16:40:20.192+0000] {dag.py:4180} INFO - Setting next_dagrun for example_subdag_operator.section-1 to None, run_after=None
[2025-03-27T16:40:20.193+0000] {logging_mixin.py:190} INFO - [2025-03-27T16:40:20.193+0000] {dag.py:4180} INFO - Setting next_dagrun for example_subdag_operator.section-2 to None, run_after=None
[2025-03-27T16:40:20.204+0000] {processor.py:208} INFO - Processing /home/airflow/.local/lib/python3.12/site-packages/airflow/example_dags/example_subdag_operator.py took 0.248 seconds
[2025-03-27T16:40:50.791+0000] {processor.py:186} INFO - Started process (PID=1067) to work on /home/airflow/.local/lib/python3.12/site-packages/airflow/example_dags/example_subdag_operator.py
[2025-03-27T16:40:50.793+0000] {processor.py:914} INFO - Processing file /home/airflow/.local/lib/python3.12/site-packages/airflow/example_dags/example_subdag_operator.py for tasks to queue
[2025-03-27T16:40:50.796+0000] {logging_mixin.py:190} INFO - [2025-03-27T16:40:50.796+0000] {dagbag.py:588} INFO - Filling up the DagBag from /home/airflow/.local/lib/python3.12/site-packages/airflow/example_dags/example_subdag_operator.py
[2025-03-27T16:40:50.837+0000] {processor.py:925} INFO - DAG(s) 'example_subdag_operator.section-1', 'example_subdag_operator.section-2', 'example_subdag_operator' retrieved from /home/airflow/.local/lib/python3.12/site-packages/airflow/example_dags/example_subdag_operator.py
[2025-03-27T16:40:50.857+0000] {logging_mixin.py:190} INFO - [2025-03-27T16:40:50.856+0000] {dag.py:3239} INFO - Sync 3 DAGs
[2025-03-27T16:40:50.880+0000] {logging_mixin.py:190} INFO - [2025-03-27T16:40:50.880+0000] {dag.py:4180} INFO - Setting next_dagrun for example_subdag_operator to 2022-01-01 00:00:00+00:00, run_after=2022-01-01 00:00:00+00:00
[2025-03-27T16:40:50.885+0000] {logging_mixin.py:190} INFO - [2025-03-27T16:40:50.885+0000] {dag.py:4180} INFO - Setting next_dagrun for example_subdag_operator.section-1 to None, run_after=None
[2025-03-27T16:40:50.886+0000] {logging_mixin.py:190} INFO - [2025-03-27T16:40:50.886+0000] {dag.py:4180} INFO - Setting next_dagrun for example_subdag_operator.section-2 to None, run_after=None
[2025-03-27T16:40:50.893+0000] {logging_mixin.py:190} INFO - [2025-03-27T16:40:50.893+0000] {dag.py:3239} INFO - Sync 2 DAGs
[2025-03-27T16:40:50.899+0000] {logging_mixin.py:190} INFO - [2025-03-27T16:40:50.899+0000] {dag.py:4180} INFO - Setting next_dagrun for example_subdag_operator.section-1 to None, run_after=None
[2025-03-27T16:40:50.901+0000] {logging_mixin.py:190} INFO - [2025-03-27T16:40:50.900+0000] {dag.py:4180} INFO - Setting next_dagrun for example_subdag_operator.section-2 to None, run_after=None
[2025-03-27T16:40:50.911+0000] {processor.py:208} INFO - Processing /home/airflow/.local/lib/python3.12/site-packages/airflow/example_dags/example_subdag_operator.py took 0.126 seconds
[2025-03-27T16:41:21.828+0000] {processor.py:186} INFO - Started process (PID=1132) to work on /home/airflow/.local/lib/python3.12/site-packages/airflow/example_dags/example_subdag_operator.py
[2025-03-27T16:41:21.829+0000] {processor.py:914} INFO - Processing file /home/airflow/.local/lib/python3.12/site-packages/airflow/example_dags/example_subdag_operator.py for tasks to queue
[2025-03-27T16:41:21.832+0000] {logging_mixin.py:190} INFO - [2025-03-27T16:41:21.832+0000] {dagbag.py:588} INFO - Filling up the DagBag from /home/airflow/.local/lib/python3.12/site-packages/airflow/example_dags/example_subdag_operator.py
[2025-03-27T16:41:21.859+0000] {processor.py:925} INFO - DAG(s) 'example_subdag_operator.section-1', 'example_subdag_operator.section-2', 'example_subdag_operator' retrieved from /home/airflow/.local/lib/python3.12/site-packages/airflow/example_dags/example_subdag_operator.py
[2025-03-27T16:41:21.875+0000] {logging_mixin.py:190} INFO - [2025-03-27T16:41:21.875+0000] {dag.py:3239} INFO - Sync 3 DAGs
[2025-03-27T16:41:21.900+0000] {logging_mixin.py:190} INFO - [2025-03-27T16:41:21.900+0000] {dag.py:4180} INFO - Setting next_dagrun for example_subdag_operator to 2022-01-01 00:00:00+00:00, run_after=2022-01-01 00:00:00+00:00
[2025-03-27T16:41:21.905+0000] {logging_mixin.py:190} INFO - [2025-03-27T16:41:21.904+0000] {dag.py:4180} INFO - Setting next_dagrun for example_subdag_operator.section-1 to None, run_after=None
[2025-03-27T16:41:21.907+0000] {logging_mixin.py:190} INFO - [2025-03-27T16:41:21.906+0000] {dag.py:4180} INFO - Setting next_dagrun for example_subdag_operator.section-2 to None, run_after=None
[2025-03-27T16:41:21.917+0000] {logging_mixin.py:190} INFO - [2025-03-27T16:41:21.916+0000] {dag.py:3239} INFO - Sync 2 DAGs
[2025-03-27T16:41:21.926+0000] {logging_mixin.py:190} INFO - [2025-03-27T16:41:21.925+0000] {dag.py:4180} INFO - Setting next_dagrun for example_subdag_operator.section-1 to None, run_after=None
[2025-03-27T16:41:21.926+0000] {logging_mixin.py:190} INFO - [2025-03-27T16:41:21.926+0000] {dag.py:4180} INFO - Setting next_dagrun for example_subdag_operator.section-2 to None, run_after=None
[2025-03-27T16:41:21.940+0000] {processor.py:208} INFO - Processing /home/airflow/.local/lib/python3.12/site-packages/airflow/example_dags/example_subdag_operator.py took 0.118 seconds
[2025-03-27T16:41:52.431+0000] {processor.py:186} INFO - Started process (PID=1197) to work on /home/airflow/.local/lib/python3.12/site-packages/airflow/example_dags/example_subdag_operator.py
[2025-03-27T16:41:52.433+0000] {processor.py:914} INFO - Processing file /home/airflow/.local/lib/python3.12/site-packages/airflow/example_dags/example_subdag_operator.py for tasks to queue
[2025-03-27T16:41:52.437+0000] {logging_mixin.py:190} INFO - [2025-03-27T16:41:52.437+0000] {dagbag.py:588} INFO - Filling up the DagBag from /home/airflow/.local/lib/python3.12/site-packages/airflow/example_dags/example_subdag_operator.py
[2025-03-27T16:41:52.482+0000] {processor.py:925} INFO - DAG(s) 'example_subdag_operator.section-1', 'example_subdag_operator.section-2', 'example_subdag_operator' retrieved from /home/airflow/.local/lib/python3.12/site-packages/airflow/example_dags/example_subdag_operator.py
[2025-03-27T16:41:52.505+0000] {logging_mixin.py:190} INFO - [2025-03-27T16:41:52.505+0000] {dag.py:3239} INFO - Sync 3 DAGs
[2025-03-27T16:41:52.536+0000] {logging_mixin.py:190} INFO - [2025-03-27T16:41:52.536+0000] {dag.py:4180} INFO - Setting next_dagrun for example_subdag_operator to 2022-01-01 00:00:00+00:00, run_after=2022-01-01 00:00:00+00:00
[2025-03-27T16:41:52.540+0000] {logging_mixin.py:190} INFO - [2025-03-27T16:41:52.540+0000] {dag.py:4180} INFO - Setting next_dagrun for example_subdag_operator.section-1 to None, run_after=None
[2025-03-27T16:41:52.544+0000] {logging_mixin.py:190} INFO - [2025-03-27T16:41:52.544+0000] {dag.py:4180} INFO - Setting next_dagrun for example_subdag_operator.section-2 to None, run_after=None
[2025-03-27T16:41:52.558+0000] {logging_mixin.py:190} INFO - [2025-03-27T16:41:52.558+0000] {dag.py:3239} INFO - Sync 2 DAGs
[2025-03-27T16:41:52.566+0000] {logging_mixin.py:190} INFO - [2025-03-27T16:41:52.566+0000] {dag.py:4180} INFO - Setting next_dagrun for example_subdag_operator.section-1 to None, run_after=None
[2025-03-27T16:41:52.567+0000] {logging_mixin.py:190} INFO - [2025-03-27T16:41:52.567+0000] {dag.py:4180} INFO - Setting next_dagrun for example_subdag_operator.section-2 to None, run_after=None
[2025-03-27T16:41:52.583+0000] {processor.py:208} INFO - Processing /home/airflow/.local/lib/python3.12/site-packages/airflow/example_dags/example_subdag_operator.py took 0.162 seconds
[2025-03-27T16:42:22.843+0000] {processor.py:186} INFO - Started process (PID=1262) to work on /home/airflow/.local/lib/python3.12/site-packages/airflow/example_dags/example_subdag_operator.py
[2025-03-27T16:42:22.844+0000] {processor.py:914} INFO - Processing file /home/airflow/.local/lib/python3.12/site-packages/airflow/example_dags/example_subdag_operator.py for tasks to queue
[2025-03-27T16:42:22.848+0000] {logging_mixin.py:190} INFO - [2025-03-27T16:42:22.848+0000] {dagbag.py:588} INFO - Filling up the DagBag from /home/airflow/.local/lib/python3.12/site-packages/airflow/example_dags/example_subdag_operator.py
[2025-03-27T16:42:22.878+0000] {processor.py:925} INFO - DAG(s) 'example_subdag_operator.section-1', 'example_subdag_operator.section-2', 'example_subdag_operator' retrieved from /home/airflow/.local/lib/python3.12/site-packages/airflow/example_dags/example_subdag_operator.py
[2025-03-27T16:42:22.893+0000] {logging_mixin.py:190} INFO - [2025-03-27T16:42:22.893+0000] {dag.py:3239} INFO - Sync 3 DAGs
[2025-03-27T16:42:22.928+0000] {logging_mixin.py:190} INFO - [2025-03-27T16:42:22.927+0000] {dag.py:4180} INFO - Setting next_dagrun for example_subdag_operator to 2022-01-01 00:00:00+00:00, run_after=2022-01-01 00:00:00+00:00
[2025-03-27T16:42:22.935+0000] {logging_mixin.py:190} INFO - [2025-03-27T16:42:22.935+0000] {dag.py:4180} INFO - Setting next_dagrun for example_subdag_operator.section-1 to None, run_after=None
[2025-03-27T16:42:22.938+0000] {logging_mixin.py:190} INFO - [2025-03-27T16:42:22.938+0000] {dag.py:4180} INFO - Setting next_dagrun for example_subdag_operator.section-2 to None, run_after=None
[2025-03-27T16:42:22.951+0000] {logging_mixin.py:190} INFO - [2025-03-27T16:42:22.951+0000] {dag.py:3239} INFO - Sync 2 DAGs
[2025-03-27T16:42:22.964+0000] {logging_mixin.py:190} INFO - [2025-03-27T16:42:22.964+0000] {dag.py:4180} INFO - Setting next_dagrun for example_subdag_operator.section-1 to None, run_after=None
[2025-03-27T16:42:22.965+0000] {logging_mixin.py:190} INFO - [2025-03-27T16:42:22.965+0000] {dag.py:4180} INFO - Setting next_dagrun for example_subdag_operator.section-2 to None, run_after=None
[2025-03-27T16:42:22.979+0000] {processor.py:208} INFO - Processing /home/airflow/.local/lib/python3.12/site-packages/airflow/example_dags/example_subdag_operator.py took 0.145 seconds
[2025-03-27T16:42:53.667+0000] {processor.py:186} INFO - Started process (PID=1328) to work on /home/airflow/.local/lib/python3.12/site-packages/airflow/example_dags/example_subdag_operator.py
[2025-03-27T16:42:53.669+0000] {processor.py:914} INFO - Processing file /home/airflow/.local/lib/python3.12/site-packages/airflow/example_dags/example_subdag_operator.py for tasks to queue
[2025-03-27T16:42:53.674+0000] {logging_mixin.py:190} INFO - [2025-03-27T16:42:53.674+0000] {dagbag.py:588} INFO - Filling up the DagBag from /home/airflow/.local/lib/python3.12/site-packages/airflow/example_dags/example_subdag_operator.py
[2025-03-27T16:42:53.711+0000] {processor.py:925} INFO - DAG(s) 'example_subdag_operator.section-1', 'example_subdag_operator.section-2', 'example_subdag_operator' retrieved from /home/airflow/.local/lib/python3.12/site-packages/airflow/example_dags/example_subdag_operator.py
[2025-03-27T16:42:53.739+0000] {logging_mixin.py:190} INFO - [2025-03-27T16:42:53.738+0000] {dag.py:3239} INFO - Sync 3 DAGs
[2025-03-27T16:42:53.777+0000] {logging_mixin.py:190} INFO - [2025-03-27T16:42:53.776+0000] {dag.py:4180} INFO - Setting next_dagrun for example_subdag_operator to 2022-01-01 00:00:00+00:00, run_after=2022-01-01 00:00:00+00:00
[2025-03-27T16:42:53.791+0000] {logging_mixin.py:190} INFO - [2025-03-27T16:42:53.790+0000] {dag.py:4180} INFO - Setting next_dagrun for example_subdag_operator.section-1 to None, run_after=None
[2025-03-27T16:42:53.797+0000] {logging_mixin.py:190} INFO - [2025-03-27T16:42:53.796+0000] {dag.py:4180} INFO - Setting next_dagrun for example_subdag_operator.section-2 to None, run_after=None
[2025-03-27T16:42:53.817+0000] {logging_mixin.py:190} INFO - [2025-03-27T16:42:53.816+0000] {dag.py:3239} INFO - Sync 2 DAGs
[2025-03-27T16:42:53.827+0000] {logging_mixin.py:190} INFO - [2025-03-27T16:42:53.827+0000] {dag.py:4180} INFO - Setting next_dagrun for example_subdag_operator.section-1 to None, run_after=None
[2025-03-27T16:42:53.829+0000] {logging_mixin.py:190} INFO - [2025-03-27T16:42:53.828+0000] {dag.py:4180} INFO - Setting next_dagrun for example_subdag_operator.section-2 to None, run_after=None
[2025-03-27T16:42:53.854+0000] {processor.py:208} INFO - Processing /home/airflow/.local/lib/python3.12/site-packages/airflow/example_dags/example_subdag_operator.py took 0.199 seconds
[2025-03-27T16:43:24.197+0000] {processor.py:186} INFO - Started process (PID=1393) to work on /home/airflow/.local/lib/python3.12/site-packages/airflow/example_dags/example_subdag_operator.py
[2025-03-27T16:43:24.199+0000] {processor.py:914} INFO - Processing file /home/airflow/.local/lib/python3.12/site-packages/airflow/example_dags/example_subdag_operator.py for tasks to queue
[2025-03-27T16:43:24.206+0000] {logging_mixin.py:190} INFO - [2025-03-27T16:43:24.206+0000] {dagbag.py:588} INFO - Filling up the DagBag from /home/airflow/.local/lib/python3.12/site-packages/airflow/example_dags/example_subdag_operator.py
[2025-03-27T16:43:24.251+0000] {processor.py:925} INFO - DAG(s) 'example_subdag_operator.section-1', 'example_subdag_operator.section-2', 'example_subdag_operator' retrieved from /home/airflow/.local/lib/python3.12/site-packages/airflow/example_dags/example_subdag_operator.py
[2025-03-27T16:43:24.278+0000] {logging_mixin.py:190} INFO - [2025-03-27T16:43:24.277+0000] {dag.py:3239} INFO - Sync 3 DAGs
[2025-03-27T16:43:24.311+0000] {logging_mixin.py:190} INFO - [2025-03-27T16:43:24.311+0000] {dag.py:4180} INFO - Setting next_dagrun for example_subdag_operator to 2022-01-01 00:00:00+00:00, run_after=2022-01-01 00:00:00+00:00
[2025-03-27T16:43:24.318+0000] {logging_mixin.py:190} INFO - [2025-03-27T16:43:24.318+0000] {dag.py:4180} INFO - Setting next_dagrun for example_subdag_operator.section-1 to None, run_after=None
[2025-03-27T16:43:24.320+0000] {logging_mixin.py:190} INFO - [2025-03-27T16:43:24.320+0000] {dag.py:4180} INFO - Setting next_dagrun for example_subdag_operator.section-2 to None, run_after=None
[2025-03-27T16:43:24.329+0000] {logging_mixin.py:190} INFO - [2025-03-27T16:43:24.328+0000] {dag.py:3239} INFO - Sync 2 DAGs
[2025-03-27T16:43:24.340+0000] {logging_mixin.py:190} INFO - [2025-03-27T16:43:24.340+0000] {dag.py:4180} INFO - Setting next_dagrun for example_subdag_operator.section-1 to None, run_after=None
[2025-03-27T16:43:24.342+0000] {logging_mixin.py:190} INFO - [2025-03-27T16:43:24.341+0000] {dag.py:4180} INFO - Setting next_dagrun for example_subdag_operator.section-2 to None, run_after=None
[2025-03-27T16:43:24.362+0000] {processor.py:208} INFO - Processing /home/airflow/.local/lib/python3.12/site-packages/airflow/example_dags/example_subdag_operator.py took 0.178 seconds
[2025-03-27T16:43:54.504+0000] {processor.py:186} INFO - Started process (PID=1460) to work on /home/airflow/.local/lib/python3.12/site-packages/airflow/example_dags/example_subdag_operator.py
[2025-03-27T16:43:54.506+0000] {processor.py:914} INFO - Processing file /home/airflow/.local/lib/python3.12/site-packages/airflow/example_dags/example_subdag_operator.py for tasks to queue
[2025-03-27T16:43:54.511+0000] {logging_mixin.py:190} INFO - [2025-03-27T16:43:54.511+0000] {dagbag.py:588} INFO - Filling up the DagBag from /home/airflow/.local/lib/python3.12/site-packages/airflow/example_dags/example_subdag_operator.py
[2025-03-27T16:43:54.586+0000] {processor.py:925} INFO - DAG(s) 'example_subdag_operator.section-1', 'example_subdag_operator.section-2', 'example_subdag_operator' retrieved from /home/airflow/.local/lib/python3.12/site-packages/airflow/example_dags/example_subdag_operator.py
[2025-03-27T16:43:54.622+0000] {logging_mixin.py:190} INFO - [2025-03-27T16:43:54.622+0000] {dag.py:3239} INFO - Sync 3 DAGs
[2025-03-27T16:43:54.682+0000] {logging_mixin.py:190} INFO - [2025-03-27T16:43:54.681+0000] {dag.py:4180} INFO - Setting next_dagrun for example_subdag_operator to 2022-01-01 00:00:00+00:00, run_after=2022-01-01 00:00:00+00:00
[2025-03-27T16:43:54.690+0000] {logging_mixin.py:190} INFO - [2025-03-27T16:43:54.690+0000] {dag.py:4180} INFO - Setting next_dagrun for example_subdag_operator.section-1 to None, run_after=None
[2025-03-27T16:43:54.693+0000] {logging_mixin.py:190} INFO - [2025-03-27T16:43:54.693+0000] {dag.py:4180} INFO - Setting next_dagrun for example_subdag_operator.section-2 to None, run_after=None
[2025-03-27T16:43:54.707+0000] {logging_mixin.py:190} INFO - [2025-03-27T16:43:54.707+0000] {dag.py:3239} INFO - Sync 2 DAGs
[2025-03-27T16:43:54.720+0000] {logging_mixin.py:190} INFO - [2025-03-27T16:43:54.720+0000] {dag.py:4180} INFO - Setting next_dagrun for example_subdag_operator.section-1 to None, run_after=None
[2025-03-27T16:43:54.725+0000] {logging_mixin.py:190} INFO - [2025-03-27T16:43:54.724+0000] {dag.py:4180} INFO - Setting next_dagrun for example_subdag_operator.section-2 to None, run_after=None
[2025-03-27T16:43:54.748+0000] {processor.py:208} INFO - Processing /home/airflow/.local/lib/python3.12/site-packages/airflow/example_dags/example_subdag_operator.py took 0.261 seconds
[2025-03-27T16:44:24.879+0000] {processor.py:186} INFO - Started process (PID=1525) to work on /home/airflow/.local/lib/python3.12/site-packages/airflow/example_dags/example_subdag_operator.py
[2025-03-27T16:44:24.881+0000] {processor.py:914} INFO - Processing file /home/airflow/.local/lib/python3.12/site-packages/airflow/example_dags/example_subdag_operator.py for tasks to queue
[2025-03-27T16:44:24.884+0000] {logging_mixin.py:190} INFO - [2025-03-27T16:44:24.884+0000] {dagbag.py:588} INFO - Filling up the DagBag from /home/airflow/.local/lib/python3.12/site-packages/airflow/example_dags/example_subdag_operator.py
[2025-03-27T16:44:24.911+0000] {processor.py:925} INFO - DAG(s) 'example_subdag_operator.section-1', 'example_subdag_operator.section-2', 'example_subdag_operator' retrieved from /home/airflow/.local/lib/python3.12/site-packages/airflow/example_dags/example_subdag_operator.py
[2025-03-27T16:44:24.928+0000] {logging_mixin.py:190} INFO - [2025-03-27T16:44:24.928+0000] {dag.py:3239} INFO - Sync 3 DAGs
[2025-03-27T16:44:24.952+0000] {logging_mixin.py:190} INFO - [2025-03-27T16:44:24.952+0000] {dag.py:4180} INFO - Setting next_dagrun for example_subdag_operator to 2022-01-01 00:00:00+00:00, run_after=2022-01-01 00:00:00+00:00
[2025-03-27T16:44:24.957+0000] {logging_mixin.py:190} INFO - [2025-03-27T16:44:24.957+0000] {dag.py:4180} INFO - Setting next_dagrun for example_subdag_operator.section-1 to None, run_after=None
[2025-03-27T16:44:24.960+0000] {logging_mixin.py:190} INFO - [2025-03-27T16:44:24.960+0000] {dag.py:4180} INFO - Setting next_dagrun for example_subdag_operator.section-2 to None, run_after=None
[2025-03-27T16:44:24.967+0000] {logging_mixin.py:190} INFO - [2025-03-27T16:44:24.967+0000] {dag.py:3239} INFO - Sync 2 DAGs
[2025-03-27T16:44:24.974+0000] {logging_mixin.py:190} INFO - [2025-03-27T16:44:24.973+0000] {dag.py:4180} INFO - Setting next_dagrun for example_subdag_operator.section-1 to None, run_after=None
[2025-03-27T16:44:24.975+0000] {logging_mixin.py:190} INFO - [2025-03-27T16:44:24.974+0000] {dag.py:4180} INFO - Setting next_dagrun for example_subdag_operator.section-2 to None, run_after=None
[2025-03-27T16:44:24.989+0000] {processor.py:208} INFO - Processing /home/airflow/.local/lib/python3.12/site-packages/airflow/example_dags/example_subdag_operator.py took 0.119 seconds
[2025-03-27T16:44:55.722+0000] {processor.py:186} INFO - Started process (PID=1590) to work on /home/airflow/.local/lib/python3.12/site-packages/airflow/example_dags/example_subdag_operator.py
[2025-03-27T16:44:55.723+0000] {processor.py:914} INFO - Processing file /home/airflow/.local/lib/python3.12/site-packages/airflow/example_dags/example_subdag_operator.py for tasks to queue
[2025-03-27T16:44:55.726+0000] {logging_mixin.py:190} INFO - [2025-03-27T16:44:55.726+0000] {dagbag.py:588} INFO - Filling up the DagBag from /home/airflow/.local/lib/python3.12/site-packages/airflow/example_dags/example_subdag_operator.py
[2025-03-27T16:44:55.755+0000] {processor.py:925} INFO - DAG(s) 'example_subdag_operator.section-1', 'example_subdag_operator.section-2', 'example_subdag_operator' retrieved from /home/airflow/.local/lib/python3.12/site-packages/airflow/example_dags/example_subdag_operator.py
[2025-03-27T16:44:55.773+0000] {logging_mixin.py:190} INFO - [2025-03-27T16:44:55.773+0000] {dag.py:3239} INFO - Sync 3 DAGs
[2025-03-27T16:44:55.797+0000] {logging_mixin.py:190} INFO - [2025-03-27T16:44:55.797+0000] {dag.py:4180} INFO - Setting next_dagrun for example_subdag_operator to 2022-01-01 00:00:00+00:00, run_after=2022-01-01 00:00:00+00:00
[2025-03-27T16:44:55.802+0000] {logging_mixin.py:190} INFO - [2025-03-27T16:44:55.802+0000] {dag.py:4180} INFO - Setting next_dagrun for example_subdag_operator.section-1 to None, run_after=None
[2025-03-27T16:44:55.804+0000] {logging_mixin.py:190} INFO - [2025-03-27T16:44:55.803+0000] {dag.py:4180} INFO - Setting next_dagrun for example_subdag_operator.section-2 to None, run_after=None
[2025-03-27T16:44:55.812+0000] {logging_mixin.py:190} INFO - [2025-03-27T16:44:55.812+0000] {dag.py:3239} INFO - Sync 2 DAGs
[2025-03-27T16:44:55.818+0000] {logging_mixin.py:190} INFO - [2025-03-27T16:44:55.818+0000] {dag.py:4180} INFO - Setting next_dagrun for example_subdag_operator.section-1 to None, run_after=None
[2025-03-27T16:44:55.819+0000] {logging_mixin.py:190} INFO - [2025-03-27T16:44:55.819+0000] {dag.py:4180} INFO - Setting next_dagrun for example_subdag_operator.section-2 to None, run_after=None
[2025-03-27T16:44:55.830+0000] {processor.py:208} INFO - Processing /home/airflow/.local/lib/python3.12/site-packages/airflow/example_dags/example_subdag_operator.py took 0.117 seconds
[2025-03-27T16:45:26.350+0000] {processor.py:186} INFO - Started process (PID=1655) to work on /home/airflow/.local/lib/python3.12/site-packages/airflow/example_dags/example_subdag_operator.py
[2025-03-27T16:45:26.353+0000] {processor.py:914} INFO - Processing file /home/airflow/.local/lib/python3.12/site-packages/airflow/example_dags/example_subdag_operator.py for tasks to queue
[2025-03-27T16:45:26.362+0000] {logging_mixin.py:190} INFO - [2025-03-27T16:45:26.361+0000] {dagbag.py:588} INFO - Filling up the DagBag from /home/airflow/.local/lib/python3.12/site-packages/airflow/example_dags/example_subdag_operator.py
[2025-03-27T16:45:26.410+0000] {processor.py:925} INFO - DAG(s) 'example_subdag_operator.section-1', 'example_subdag_operator.section-2', 'example_subdag_operator' retrieved from /home/airflow/.local/lib/python3.12/site-packages/airflow/example_dags/example_subdag_operator.py
[2025-03-27T16:45:26.439+0000] {logging_mixin.py:190} INFO - [2025-03-27T16:45:26.438+0000] {dag.py:3239} INFO - Sync 3 DAGs
[2025-03-27T16:45:26.470+0000] {logging_mixin.py:190} INFO - [2025-03-27T16:45:26.469+0000] {dag.py:4180} INFO - Setting next_dagrun for example_subdag_operator to 2022-01-01 00:00:00+00:00, run_after=2022-01-01 00:00:00+00:00
[2025-03-27T16:45:26.477+0000] {logging_mixin.py:190} INFO - [2025-03-27T16:45:26.477+0000] {dag.py:4180} INFO - Setting next_dagrun for example_subdag_operator.section-1 to None, run_after=None
[2025-03-27T16:45:26.479+0000] {logging_mixin.py:190} INFO - [2025-03-27T16:45:26.479+0000] {dag.py:4180} INFO - Setting next_dagrun for example_subdag_operator.section-2 to None, run_after=None
[2025-03-27T16:45:26.491+0000] {logging_mixin.py:190} INFO - [2025-03-27T16:45:26.490+0000] {dag.py:3239} INFO - Sync 2 DAGs
[2025-03-27T16:45:26.500+0000] {logging_mixin.py:190} INFO - [2025-03-27T16:45:26.500+0000] {dag.py:4180} INFO - Setting next_dagrun for example_subdag_operator.section-1 to None, run_after=None
[2025-03-27T16:45:26.501+0000] {logging_mixin.py:190} INFO - [2025-03-27T16:45:26.501+0000] {dag.py:4180} INFO - Setting next_dagrun for example_subdag_operator.section-2 to None, run_after=None
[2025-03-27T16:45:26.518+0000] {processor.py:208} INFO - Processing /home/airflow/.local/lib/python3.12/site-packages/airflow/example_dags/example_subdag_operator.py took 0.183 seconds
[2025-03-27T16:45:57.098+0000] {processor.py:186} INFO - Started process (PID=1720) to work on /home/airflow/.local/lib/python3.12/site-packages/airflow/example_dags/example_subdag_operator.py
[2025-03-27T16:45:57.113+0000] {processor.py:914} INFO - Processing file /home/airflow/.local/lib/python3.12/site-packages/airflow/example_dags/example_subdag_operator.py for tasks to queue
[2025-03-27T16:45:57.116+0000] {logging_mixin.py:190} INFO - [2025-03-27T16:45:57.116+0000] {dagbag.py:588} INFO - Filling up the DagBag from /home/airflow/.local/lib/python3.12/site-packages/airflow/example_dags/example_subdag_operator.py
[2025-03-27T16:45:57.182+0000] {processor.py:925} INFO - DAG(s) 'example_subdag_operator.section-1', 'example_subdag_operator.section-2', 'example_subdag_operator' retrieved from /home/airflow/.local/lib/python3.12/site-packages/airflow/example_dags/example_subdag_operator.py
[2025-03-27T16:45:57.205+0000] {logging_mixin.py:190} INFO - [2025-03-27T16:45:57.205+0000] {dag.py:3239} INFO - Sync 3 DAGs
[2025-03-27T16:45:57.235+0000] {logging_mixin.py:190} INFO - [2025-03-27T16:45:57.235+0000] {dag.py:4180} INFO - Setting next_dagrun for example_subdag_operator to 2022-01-01 00:00:00+00:00, run_after=2022-01-01 00:00:00+00:00
[2025-03-27T16:45:57.240+0000] {logging_mixin.py:190} INFO - [2025-03-27T16:45:57.240+0000] {dag.py:4180} INFO - Setting next_dagrun for example_subdag_operator.section-1 to None, run_after=None
[2025-03-27T16:45:57.243+0000] {logging_mixin.py:190} INFO - [2025-03-27T16:45:57.243+0000] {dag.py:4180} INFO - Setting next_dagrun for example_subdag_operator.section-2 to None, run_after=None
[2025-03-27T16:45:57.253+0000] {logging_mixin.py:190} INFO - [2025-03-27T16:45:57.252+0000] {dag.py:3239} INFO - Sync 2 DAGs
[2025-03-27T16:45:57.261+0000] {logging_mixin.py:190} INFO - [2025-03-27T16:45:57.261+0000] {dag.py:4180} INFO - Setting next_dagrun for example_subdag_operator.section-1 to None, run_after=None
[2025-03-27T16:45:57.262+0000] {logging_mixin.py:190} INFO - [2025-03-27T16:45:57.261+0000] {dag.py:4180} INFO - Setting next_dagrun for example_subdag_operator.section-2 to None, run_after=None
[2025-03-27T16:45:57.275+0000] {processor.py:208} INFO - Processing /home/airflow/.local/lib/python3.12/site-packages/airflow/example_dags/example_subdag_operator.py took 0.192 seconds
[2025-03-27T16:46:27.851+0000] {processor.py:186} INFO - Started process (PID=1785) to work on /home/airflow/.local/lib/python3.12/site-packages/airflow/example_dags/example_subdag_operator.py
[2025-03-27T16:46:27.853+0000] {processor.py:914} INFO - Processing file /home/airflow/.local/lib/python3.12/site-packages/airflow/example_dags/example_subdag_operator.py for tasks to queue
[2025-03-27T16:46:27.858+0000] {logging_mixin.py:190} INFO - [2025-03-27T16:46:27.857+0000] {dagbag.py:588} INFO - Filling up the DagBag from /home/airflow/.local/lib/python3.12/site-packages/airflow/example_dags/example_subdag_operator.py
[2025-03-27T16:46:27.899+0000] {processor.py:925} INFO - DAG(s) 'example_subdag_operator.section-1', 'example_subdag_operator.section-2', 'example_subdag_operator' retrieved from /home/airflow/.local/lib/python3.12/site-packages/airflow/example_dags/example_subdag_operator.py
[2025-03-27T16:46:27.921+0000] {logging_mixin.py:190} INFO - [2025-03-27T16:46:27.921+0000] {dag.py:3239} INFO - Sync 3 DAGs
[2025-03-27T16:46:27.949+0000] {logging_mixin.py:190} INFO - [2025-03-27T16:46:27.949+0000] {dag.py:4180} INFO - Setting next_dagrun for example_subdag_operator to 2022-01-01 00:00:00+00:00, run_after=2022-01-01 00:00:00+00:00
[2025-03-27T16:46:27.953+0000] {logging_mixin.py:190} INFO - [2025-03-27T16:46:27.952+0000] {dag.py:4180} INFO - Setting next_dagrun for example_subdag_operator.section-1 to None, run_after=None
[2025-03-27T16:46:27.954+0000] {logging_mixin.py:190} INFO - [2025-03-27T16:46:27.954+0000] {dag.py:4180} INFO - Setting next_dagrun for example_subdag_operator.section-2 to None, run_after=None
[2025-03-27T16:46:27.961+0000] {logging_mixin.py:190} INFO - [2025-03-27T16:46:27.961+0000] {dag.py:3239} INFO - Sync 2 DAGs
[2025-03-27T16:46:27.970+0000] {logging_mixin.py:190} INFO - [2025-03-27T16:46:27.969+0000] {dag.py:4180} INFO - Setting next_dagrun for example_subdag_operator.section-1 to None, run_after=None
[2025-03-27T16:46:27.971+0000] {logging_mixin.py:190} INFO - [2025-03-27T16:46:27.971+0000] {dag.py:4180} INFO - Setting next_dagrun for example_subdag_operator.section-2 to None, run_after=None
[2025-03-27T16:46:27.984+0000] {processor.py:208} INFO - Processing /home/airflow/.local/lib/python3.12/site-packages/airflow/example_dags/example_subdag_operator.py took 0.141 seconds
[2025-03-27T16:46:58.836+0000] {processor.py:186} INFO - Started process (PID=1855) to work on /home/airflow/.local/lib/python3.12/site-packages/airflow/example_dags/example_subdag_operator.py
[2025-03-27T16:46:58.837+0000] {processor.py:914} INFO - Processing file /home/airflow/.local/lib/python3.12/site-packages/airflow/example_dags/example_subdag_operator.py for tasks to queue
[2025-03-27T16:46:58.841+0000] {logging_mixin.py:190} INFO - [2025-03-27T16:46:58.840+0000] {dagbag.py:588} INFO - Filling up the DagBag from /home/airflow/.local/lib/python3.12/site-packages/airflow/example_dags/example_subdag_operator.py
[2025-03-27T16:46:58.875+0000] {processor.py:925} INFO - DAG(s) 'example_subdag_operator.section-1', 'example_subdag_operator.section-2', 'example_subdag_operator' retrieved from /home/airflow/.local/lib/python3.12/site-packages/airflow/example_dags/example_subdag_operator.py
[2025-03-27T16:46:58.895+0000] {logging_mixin.py:190} INFO - [2025-03-27T16:46:58.894+0000] {dag.py:3239} INFO - Sync 3 DAGs
[2025-03-27T16:46:58.921+0000] {logging_mixin.py:190} INFO - [2025-03-27T16:46:58.920+0000] {dag.py:4180} INFO - Setting next_dagrun for example_subdag_operator to 2022-01-01 00:00:00+00:00, run_after=2022-01-01 00:00:00+00:00
[2025-03-27T16:46:58.925+0000] {logging_mixin.py:190} INFO - [2025-03-27T16:46:58.925+0000] {dag.py:4180} INFO - Setting next_dagrun for example_subdag_operator.section-1 to None, run_after=None
[2025-03-27T16:46:58.927+0000] {logging_mixin.py:190} INFO - [2025-03-27T16:46:58.927+0000] {dag.py:4180} INFO - Setting next_dagrun for example_subdag_operator.section-2 to None, run_after=None
[2025-03-27T16:46:58.935+0000] {logging_mixin.py:190} INFO - [2025-03-27T16:46:58.934+0000] {dag.py:3239} INFO - Sync 2 DAGs
[2025-03-27T16:46:58.943+0000] {logging_mixin.py:190} INFO - [2025-03-27T16:46:58.942+0000] {dag.py:4180} INFO - Setting next_dagrun for example_subdag_operator.section-1 to None, run_after=None
[2025-03-27T16:46:58.943+0000] {logging_mixin.py:190} INFO - [2025-03-27T16:46:58.943+0000] {dag.py:4180} INFO - Setting next_dagrun for example_subdag_operator.section-2 to None, run_after=None
[2025-03-27T16:46:58.956+0000] {processor.py:208} INFO - Processing /home/airflow/.local/lib/python3.12/site-packages/airflow/example_dags/example_subdag_operator.py took 0.126 seconds
[2025-03-27T16:47:29.298+0000] {processor.py:186} INFO - Started process (PID=1920) to work on /home/airflow/.local/lib/python3.12/site-packages/airflow/example_dags/example_subdag_operator.py
[2025-03-27T16:47:29.300+0000] {processor.py:914} INFO - Processing file /home/airflow/.local/lib/python3.12/site-packages/airflow/example_dags/example_subdag_operator.py for tasks to queue
[2025-03-27T16:47:29.303+0000] {logging_mixin.py:190} INFO - [2025-03-27T16:47:29.302+0000] {dagbag.py:588} INFO - Filling up the DagBag from /home/airflow/.local/lib/python3.12/site-packages/airflow/example_dags/example_subdag_operator.py
[2025-03-27T16:47:29.346+0000] {processor.py:925} INFO - DAG(s) 'example_subdag_operator.section-1', 'example_subdag_operator.section-2', 'example_subdag_operator' retrieved from /home/airflow/.local/lib/python3.12/site-packages/airflow/example_dags/example_subdag_operator.py
[2025-03-27T16:47:29.365+0000] {logging_mixin.py:190} INFO - [2025-03-27T16:47:29.365+0000] {dag.py:3239} INFO - Sync 3 DAGs
[2025-03-27T16:47:29.400+0000] {logging_mixin.py:190} INFO - [2025-03-27T16:47:29.400+0000] {dag.py:4180} INFO - Setting next_dagrun for example_subdag_operator to 2022-01-01 00:00:00+00:00, run_after=2022-01-01 00:00:00+00:00
[2025-03-27T16:47:29.409+0000] {logging_mixin.py:190} INFO - [2025-03-27T16:47:29.409+0000] {dag.py:4180} INFO - Setting next_dagrun for example_subdag_operator.section-1 to None, run_after=None
[2025-03-27T16:47:29.413+0000] {logging_mixin.py:190} INFO - [2025-03-27T16:47:29.412+0000] {dag.py:4180} INFO - Setting next_dagrun for example_subdag_operator.section-2 to None, run_after=None
[2025-03-27T16:47:29.423+0000] {logging_mixin.py:190} INFO - [2025-03-27T16:47:29.422+0000] {dag.py:3239} INFO - Sync 2 DAGs
[2025-03-27T16:47:29.431+0000] {logging_mixin.py:190} INFO - [2025-03-27T16:47:29.431+0000] {dag.py:4180} INFO - Setting next_dagrun for example_subdag_operator.section-1 to None, run_after=None
[2025-03-27T16:47:29.433+0000] {logging_mixin.py:190} INFO - [2025-03-27T16:47:29.432+0000] {dag.py:4180} INFO - Setting next_dagrun for example_subdag_operator.section-2 to None, run_after=None
[2025-03-27T16:47:29.455+0000] {processor.py:208} INFO - Processing /home/airflow/.local/lib/python3.12/site-packages/airflow/example_dags/example_subdag_operator.py took 0.166 seconds
[2025-03-27T16:48:00.245+0000] {processor.py:186} INFO - Started process (PID=1985) to work on /home/airflow/.local/lib/python3.12/site-packages/airflow/example_dags/example_subdag_operator.py
[2025-03-27T16:48:00.247+0000] {processor.py:914} INFO - Processing file /home/airflow/.local/lib/python3.12/site-packages/airflow/example_dags/example_subdag_operator.py for tasks to queue
[2025-03-27T16:48:00.251+0000] {logging_mixin.py:190} INFO - [2025-03-27T16:48:00.250+0000] {dagbag.py:588} INFO - Filling up the DagBag from /home/airflow/.local/lib/python3.12/site-packages/airflow/example_dags/example_subdag_operator.py
[2025-03-27T16:48:00.283+0000] {processor.py:925} INFO - DAG(s) 'example_subdag_operator.section-1', 'example_subdag_operator.section-2', 'example_subdag_operator' retrieved from /home/airflow/.local/lib/python3.12/site-packages/airflow/example_dags/example_subdag_operator.py
[2025-03-27T16:48:00.302+0000] {logging_mixin.py:190} INFO - [2025-03-27T16:48:00.301+0000] {dag.py:3239} INFO - Sync 3 DAGs
[2025-03-27T16:48:00.332+0000] {logging_mixin.py:190} INFO - [2025-03-27T16:48:00.332+0000] {dag.py:4180} INFO - Setting next_dagrun for example_subdag_operator to 2022-01-01 00:00:00+00:00, run_after=2022-01-01 00:00:00+00:00
[2025-03-27T16:48:00.342+0000] {logging_mixin.py:190} INFO - [2025-03-27T16:48:00.342+0000] {dag.py:4180} INFO - Setting next_dagrun for example_subdag_operator.section-1 to None, run_after=None
[2025-03-27T16:48:00.345+0000] {logging_mixin.py:190} INFO - [2025-03-27T16:48:00.344+0000] {dag.py:4180} INFO - Setting next_dagrun for example_subdag_operator.section-2 to None, run_after=None
[2025-03-27T16:48:00.361+0000] {logging_mixin.py:190} INFO - [2025-03-27T16:48:00.361+0000] {dag.py:3239} INFO - Sync 2 DAGs
[2025-03-27T16:48:00.367+0000] {logging_mixin.py:190} INFO - [2025-03-27T16:48:00.367+0000] {dag.py:4180} INFO - Setting next_dagrun for example_subdag_operator.section-1 to None, run_after=None
[2025-03-27T16:48:00.368+0000] {logging_mixin.py:190} INFO - [2025-03-27T16:48:00.367+0000] {dag.py:4180} INFO - Setting next_dagrun for example_subdag_operator.section-2 to None, run_after=None
[2025-03-27T16:48:00.383+0000] {processor.py:208} INFO - Processing /home/airflow/.local/lib/python3.12/site-packages/airflow/example_dags/example_subdag_operator.py took 0.147 seconds
[2025-03-27T16:48:31.235+0000] {processor.py:186} INFO - Started process (PID=2050) to work on /home/airflow/.local/lib/python3.12/site-packages/airflow/example_dags/example_subdag_operator.py
[2025-03-27T16:48:31.238+0000] {processor.py:914} INFO - Processing file /home/airflow/.local/lib/python3.12/site-packages/airflow/example_dags/example_subdag_operator.py for tasks to queue
[2025-03-27T16:48:31.246+0000] {logging_mixin.py:190} INFO - [2025-03-27T16:48:31.245+0000] {dagbag.py:588} INFO - Filling up the DagBag from /home/airflow/.local/lib/python3.12/site-packages/airflow/example_dags/example_subdag_operator.py
[2025-03-27T16:48:31.289+0000] {processor.py:925} INFO - DAG(s) 'example_subdag_operator.section-1', 'example_subdag_operator.section-2', 'example_subdag_operator' retrieved from /home/airflow/.local/lib/python3.12/site-packages/airflow/example_dags/example_subdag_operator.py
[2025-03-27T16:48:31.305+0000] {logging_mixin.py:190} INFO - [2025-03-27T16:48:31.305+0000] {dag.py:3239} INFO - Sync 3 DAGs
[2025-03-27T16:48:31.329+0000] {logging_mixin.py:190} INFO - [2025-03-27T16:48:31.329+0000] {dag.py:4180} INFO - Setting next_dagrun for example_subdag_operator to 2022-01-01 00:00:00+00:00, run_after=2022-01-01 00:00:00+00:00
[2025-03-27T16:48:31.333+0000] {logging_mixin.py:190} INFO - [2025-03-27T16:48:31.333+0000] {dag.py:4180} INFO - Setting next_dagrun for example_subdag_operator.section-1 to None, run_after=None
[2025-03-27T16:48:31.339+0000] {logging_mixin.py:190} INFO - [2025-03-27T16:48:31.338+0000] {dag.py:4180} INFO - Setting next_dagrun for example_subdag_operator.section-2 to None, run_after=None
[2025-03-27T16:48:31.355+0000] {logging_mixin.py:190} INFO - [2025-03-27T16:48:31.355+0000] {dag.py:3239} INFO - Sync 2 DAGs
[2025-03-27T16:48:31.368+0000] {logging_mixin.py:190} INFO - [2025-03-27T16:48:31.367+0000] {dag.py:4180} INFO - Setting next_dagrun for example_subdag_operator.section-1 to None, run_after=None
[2025-03-27T16:48:31.369+0000] {logging_mixin.py:190} INFO - [2025-03-27T16:48:31.369+0000] {dag.py:4180} INFO - Setting next_dagrun for example_subdag_operator.section-2 to None, run_after=None
[2025-03-27T16:48:31.383+0000] {processor.py:208} INFO - Processing /home/airflow/.local/lib/python3.12/site-packages/airflow/example_dags/example_subdag_operator.py took 0.166 seconds
[2025-03-27T16:49:01.512+0000] {processor.py:186} INFO - Started process (PID=2115) to work on /home/airflow/.local/lib/python3.12/site-packages/airflow/example_dags/example_subdag_operator.py
[2025-03-27T16:49:01.514+0000] {processor.py:914} INFO - Processing file /home/airflow/.local/lib/python3.12/site-packages/airflow/example_dags/example_subdag_operator.py for tasks to queue
[2025-03-27T16:49:01.517+0000] {logging_mixin.py:190} INFO - [2025-03-27T16:49:01.516+0000] {dagbag.py:588} INFO - Filling up the DagBag from /home/airflow/.local/lib/python3.12/site-packages/airflow/example_dags/example_subdag_operator.py
[2025-03-27T16:49:01.546+0000] {processor.py:925} INFO - DAG(s) 'example_subdag_operator.section-1', 'example_subdag_operator.section-2', 'example_subdag_operator' retrieved from /home/airflow/.local/lib/python3.12/site-packages/airflow/example_dags/example_subdag_operator.py
[2025-03-27T16:49:01.563+0000] {logging_mixin.py:190} INFO - [2025-03-27T16:49:01.563+0000] {dag.py:3239} INFO - Sync 3 DAGs
[2025-03-27T16:49:01.593+0000] {logging_mixin.py:190} INFO - [2025-03-27T16:49:01.593+0000] {dag.py:4180} INFO - Setting next_dagrun for example_subdag_operator to 2022-01-01 00:00:00+00:00, run_after=2022-01-01 00:00:00+00:00
[2025-03-27T16:49:01.597+0000] {logging_mixin.py:190} INFO - [2025-03-27T16:49:01.596+0000] {dag.py:4180} INFO - Setting next_dagrun for example_subdag_operator.section-1 to None, run_after=None
[2025-03-27T16:49:01.599+0000] {logging_mixin.py:190} INFO - [2025-03-27T16:49:01.598+0000] {dag.py:4180} INFO - Setting next_dagrun for example_subdag_operator.section-2 to None, run_after=None
[2025-03-27T16:49:01.606+0000] {logging_mixin.py:190} INFO - [2025-03-27T16:49:01.605+0000] {dag.py:3239} INFO - Sync 2 DAGs
[2025-03-27T16:49:01.611+0000] {logging_mixin.py:190} INFO - [2025-03-27T16:49:01.611+0000] {dag.py:4180} INFO - Setting next_dagrun for example_subdag_operator.section-1 to None, run_after=None
[2025-03-27T16:49:01.612+0000] {logging_mixin.py:190} INFO - [2025-03-27T16:49:01.612+0000] {dag.py:4180} INFO - Setting next_dagrun for example_subdag_operator.section-2 to None, run_after=None
[2025-03-27T16:49:01.623+0000] {processor.py:208} INFO - Processing /home/airflow/.local/lib/python3.12/site-packages/airflow/example_dags/example_subdag_operator.py took 0.117 seconds
[2025-03-27T16:49:32.063+0000] {processor.py:186} INFO - Started process (PID=2180) to work on /home/airflow/.local/lib/python3.12/site-packages/airflow/example_dags/example_subdag_operator.py
[2025-03-27T16:49:32.064+0000] {processor.py:914} INFO - Processing file /home/airflow/.local/lib/python3.12/site-packages/airflow/example_dags/example_subdag_operator.py for tasks to queue
[2025-03-27T16:49:32.067+0000] {logging_mixin.py:190} INFO - [2025-03-27T16:49:32.066+0000] {dagbag.py:588} INFO - Filling up the DagBag from /home/airflow/.local/lib/python3.12/site-packages/airflow/example_dags/example_subdag_operator.py
[2025-03-27T16:49:32.096+0000] {processor.py:925} INFO - DAG(s) 'example_subdag_operator.section-1', 'example_subdag_operator.section-2', 'example_subdag_operator' retrieved from /home/airflow/.local/lib/python3.12/site-packages/airflow/example_dags/example_subdag_operator.py
[2025-03-27T16:49:32.112+0000] {logging_mixin.py:190} INFO - [2025-03-27T16:49:32.112+0000] {dag.py:3239} INFO - Sync 3 DAGs
[2025-03-27T16:49:32.137+0000] {logging_mixin.py:190} INFO - [2025-03-27T16:49:32.136+0000] {dag.py:4180} INFO - Setting next_dagrun for example_subdag_operator to 2022-01-01 00:00:00+00:00, run_after=2022-01-01 00:00:00+00:00
[2025-03-27T16:49:32.142+0000] {logging_mixin.py:190} INFO - [2025-03-27T16:49:32.142+0000] {dag.py:4180} INFO - Setting next_dagrun for example_subdag_operator.section-1 to None, run_after=None
[2025-03-27T16:49:32.145+0000] {logging_mixin.py:190} INFO - [2025-03-27T16:49:32.144+0000] {dag.py:4180} INFO - Setting next_dagrun for example_subdag_operator.section-2 to None, run_after=None
[2025-03-27T16:49:32.159+0000] {logging_mixin.py:190} INFO - [2025-03-27T16:49:32.159+0000] {dag.py:3239} INFO - Sync 2 DAGs
[2025-03-27T16:49:32.174+0000] {logging_mixin.py:190} INFO - [2025-03-27T16:49:32.173+0000] {dag.py:4180} INFO - Setting next_dagrun for example_subdag_operator.section-1 to None, run_after=None
[2025-03-27T16:49:32.176+0000] {logging_mixin.py:190} INFO - [2025-03-27T16:49:32.175+0000] {dag.py:4180} INFO - Setting next_dagrun for example_subdag_operator.section-2 to None, run_after=None
[2025-03-27T16:49:32.195+0000] {processor.py:208} INFO - Processing /home/airflow/.local/lib/python3.12/site-packages/airflow/example_dags/example_subdag_operator.py took 0.141 seconds
[2025-03-27T16:50:02.934+0000] {processor.py:186} INFO - Started process (PID=2245) to work on /home/airflow/.local/lib/python3.12/site-packages/airflow/example_dags/example_subdag_operator.py
[2025-03-27T16:50:02.938+0000] {processor.py:914} INFO - Processing file /home/airflow/.local/lib/python3.12/site-packages/airflow/example_dags/example_subdag_operator.py for tasks to queue
[2025-03-27T16:50:02.944+0000] {logging_mixin.py:190} INFO - [2025-03-27T16:50:02.943+0000] {dagbag.py:588} INFO - Filling up the DagBag from /home/airflow/.local/lib/python3.12/site-packages/airflow/example_dags/example_subdag_operator.py
[2025-03-27T16:50:02.982+0000] {processor.py:925} INFO - DAG(s) 'example_subdag_operator.section-1', 'example_subdag_operator.section-2', 'example_subdag_operator' retrieved from /home/airflow/.local/lib/python3.12/site-packages/airflow/example_dags/example_subdag_operator.py
[2025-03-27T16:50:03.015+0000] {logging_mixin.py:190} INFO - [2025-03-27T16:50:03.014+0000] {dag.py:3239} INFO - Sync 3 DAGs
[2025-03-27T16:50:03.066+0000] {logging_mixin.py:190} INFO - [2025-03-27T16:50:03.066+0000] {dag.py:4180} INFO - Setting next_dagrun for example_subdag_operator to 2022-01-01 00:00:00+00:00, run_after=2022-01-01 00:00:00+00:00
[2025-03-27T16:50:03.071+0000] {logging_mixin.py:190} INFO - [2025-03-27T16:50:03.071+0000] {dag.py:4180} INFO - Setting next_dagrun for example_subdag_operator.section-1 to None, run_after=None
[2025-03-27T16:50:03.074+0000] {logging_mixin.py:190} INFO - [2025-03-27T16:50:03.074+0000] {dag.py:4180} INFO - Setting next_dagrun for example_subdag_operator.section-2 to None, run_after=None
[2025-03-27T16:50:03.088+0000] {logging_mixin.py:190} INFO - [2025-03-27T16:50:03.088+0000] {dag.py:3239} INFO - Sync 2 DAGs
[2025-03-27T16:50:03.100+0000] {logging_mixin.py:190} INFO - [2025-03-27T16:50:03.099+0000] {dag.py:4180} INFO - Setting next_dagrun for example_subdag_operator.section-1 to None, run_after=None
[2025-03-27T16:50:03.101+0000] {logging_mixin.py:190} INFO - [2025-03-27T16:50:03.101+0000] {dag.py:4180} INFO - Setting next_dagrun for example_subdag_operator.section-2 to None, run_after=None
[2025-03-27T16:50:03.124+0000] {processor.py:208} INFO - Processing /home/airflow/.local/lib/python3.12/site-packages/airflow/example_dags/example_subdag_operator.py took 0.204 seconds
[2025-03-27T16:50:33.305+0000] {processor.py:186} INFO - Started process (PID=2310) to work on /home/airflow/.local/lib/python3.12/site-packages/airflow/example_dags/example_subdag_operator.py
[2025-03-27T16:50:33.309+0000] {processor.py:914} INFO - Processing file /home/airflow/.local/lib/python3.12/site-packages/airflow/example_dags/example_subdag_operator.py for tasks to queue
[2025-03-27T16:50:33.316+0000] {logging_mixin.py:190} INFO - [2025-03-27T16:50:33.315+0000] {dagbag.py:588} INFO - Filling up the DagBag from /home/airflow/.local/lib/python3.12/site-packages/airflow/example_dags/example_subdag_operator.py
[2025-03-27T16:50:33.365+0000] {processor.py:925} INFO - DAG(s) 'example_subdag_operator.section-1', 'example_subdag_operator.section-2', 'example_subdag_operator' retrieved from /home/airflow/.local/lib/python3.12/site-packages/airflow/example_dags/example_subdag_operator.py
[2025-03-27T16:50:33.387+0000] {logging_mixin.py:190} INFO - [2025-03-27T16:50:33.387+0000] {dag.py:3239} INFO - Sync 3 DAGs
[2025-03-27T16:50:33.425+0000] {logging_mixin.py:190} INFO - [2025-03-27T16:50:33.424+0000] {dag.py:4180} INFO - Setting next_dagrun for example_subdag_operator to 2022-01-01 00:00:00+00:00, run_after=2022-01-01 00:00:00+00:00
[2025-03-27T16:50:33.436+0000] {logging_mixin.py:190} INFO - [2025-03-27T16:50:33.435+0000] {dag.py:4180} INFO - Setting next_dagrun for example_subdag_operator.section-1 to None, run_after=None
[2025-03-27T16:50:33.442+0000] {logging_mixin.py:190} INFO - [2025-03-27T16:50:33.441+0000] {dag.py:4180} INFO - Setting next_dagrun for example_subdag_operator.section-2 to None, run_after=None
[2025-03-27T16:50:33.467+0000] {logging_mixin.py:190} INFO - [2025-03-27T16:50:33.466+0000] {dag.py:3239} INFO - Sync 2 DAGs
[2025-03-27T16:50:33.473+0000] {logging_mixin.py:190} INFO - [2025-03-27T16:50:33.473+0000] {dag.py:4180} INFO - Setting next_dagrun for example_subdag_operator.section-1 to None, run_after=None
[2025-03-27T16:50:33.474+0000] {logging_mixin.py:190} INFO - [2025-03-27T16:50:33.473+0000] {dag.py:4180} INFO - Setting next_dagrun for example_subdag_operator.section-2 to None, run_after=None
[2025-03-27T16:50:33.501+0000] {processor.py:208} INFO - Processing /home/airflow/.local/lib/python3.12/site-packages/airflow/example_dags/example_subdag_operator.py took 0.207 seconds
[2025-03-27T16:51:04.475+0000] {processor.py:186} INFO - Started process (PID=2373) to work on /home/airflow/.local/lib/python3.12/site-packages/airflow/example_dags/example_subdag_operator.py
[2025-03-27T16:51:04.477+0000] {processor.py:914} INFO - Processing file /home/airflow/.local/lib/python3.12/site-packages/airflow/example_dags/example_subdag_operator.py for tasks to queue
[2025-03-27T16:51:04.481+0000] {logging_mixin.py:190} INFO - [2025-03-27T16:51:04.481+0000] {dagbag.py:588} INFO - Filling up the DagBag from /home/airflow/.local/lib/python3.12/site-packages/airflow/example_dags/example_subdag_operator.py
[2025-03-27T16:51:04.513+0000] {processor.py:925} INFO - DAG(s) 'example_subdag_operator.section-1', 'example_subdag_operator.section-2', 'example_subdag_operator' retrieved from /home/airflow/.local/lib/python3.12/site-packages/airflow/example_dags/example_subdag_operator.py
[2025-03-27T16:51:04.533+0000] {logging_mixin.py:190} INFO - [2025-03-27T16:51:04.532+0000] {dag.py:3239} INFO - Sync 3 DAGs
[2025-03-27T16:51:04.562+0000] {logging_mixin.py:190} INFO - [2025-03-27T16:51:04.561+0000] {dag.py:4180} INFO - Setting next_dagrun for example_subdag_operator to 2022-01-01 00:00:00+00:00, run_after=2022-01-01 00:00:00+00:00
[2025-03-27T16:51:04.567+0000] {logging_mixin.py:190} INFO - [2025-03-27T16:51:04.566+0000] {dag.py:4180} INFO - Setting next_dagrun for example_subdag_operator.section-1 to None, run_after=None
[2025-03-27T16:51:04.569+0000] {logging_mixin.py:190} INFO - [2025-03-27T16:51:04.569+0000] {dag.py:4180} INFO - Setting next_dagrun for example_subdag_operator.section-2 to None, run_after=None
[2025-03-27T16:51:04.588+0000] {logging_mixin.py:190} INFO - [2025-03-27T16:51:04.587+0000] {dag.py:3239} INFO - Sync 2 DAGs
[2025-03-27T16:51:04.600+0000] {logging_mixin.py:190} INFO - [2025-03-27T16:51:04.600+0000] {dag.py:4180} INFO - Setting next_dagrun for example_subdag_operator.section-1 to None, run_after=None
[2025-03-27T16:51:04.602+0000] {logging_mixin.py:190} INFO - [2025-03-27T16:51:04.602+0000] {dag.py:4180} INFO - Setting next_dagrun for example_subdag_operator.section-2 to None, run_after=None
[2025-03-27T16:51:04.622+0000] {processor.py:208} INFO - Processing /home/airflow/.local/lib/python3.12/site-packages/airflow/example_dags/example_subdag_operator.py took 0.157 seconds
[2025-03-27T16:51:34.803+0000] {processor.py:186} INFO - Started process (PID=2438) to work on /home/airflow/.local/lib/python3.12/site-packages/airflow/example_dags/example_subdag_operator.py
[2025-03-27T16:51:34.806+0000] {processor.py:914} INFO - Processing file /home/airflow/.local/lib/python3.12/site-packages/airflow/example_dags/example_subdag_operator.py for tasks to queue
[2025-03-27T16:51:34.810+0000] {logging_mixin.py:190} INFO - [2025-03-27T16:51:34.809+0000] {dagbag.py:588} INFO - Filling up the DagBag from /home/airflow/.local/lib/python3.12/site-packages/airflow/example_dags/example_subdag_operator.py
[2025-03-27T16:51:34.842+0000] {processor.py:925} INFO - DAG(s) 'example_subdag_operator.section-1', 'example_subdag_operator.section-2', 'example_subdag_operator' retrieved from /home/airflow/.local/lib/python3.12/site-packages/airflow/example_dags/example_subdag_operator.py
[2025-03-27T16:51:34.863+0000] {logging_mixin.py:190} INFO - [2025-03-27T16:51:34.862+0000] {dag.py:3239} INFO - Sync 3 DAGs
[2025-03-27T16:51:34.896+0000] {logging_mixin.py:190} INFO - [2025-03-27T16:51:34.895+0000] {dag.py:4180} INFO - Setting next_dagrun for example_subdag_operator to 2022-01-01 00:00:00+00:00, run_after=2022-01-01 00:00:00+00:00
[2025-03-27T16:51:34.901+0000] {logging_mixin.py:190} INFO - [2025-03-27T16:51:34.901+0000] {dag.py:4180} INFO - Setting next_dagrun for example_subdag_operator.section-1 to None, run_after=None
[2025-03-27T16:51:34.903+0000] {logging_mixin.py:190} INFO - [2025-03-27T16:51:34.903+0000] {dag.py:4180} INFO - Setting next_dagrun for example_subdag_operator.section-2 to None, run_after=None
[2025-03-27T16:51:34.916+0000] {logging_mixin.py:190} INFO - [2025-03-27T16:51:34.916+0000] {dag.py:3239} INFO - Sync 2 DAGs
[2025-03-27T16:51:34.923+0000] {logging_mixin.py:190} INFO - [2025-03-27T16:51:34.923+0000] {dag.py:4180} INFO - Setting next_dagrun for example_subdag_operator.section-1 to None, run_after=None
[2025-03-27T16:51:34.924+0000] {logging_mixin.py:190} INFO - [2025-03-27T16:51:34.924+0000] {dag.py:4180} INFO - Setting next_dagrun for example_subdag_operator.section-2 to None, run_after=None
[2025-03-27T16:51:34.935+0000] {processor.py:208} INFO - Processing /home/airflow/.local/lib/python3.12/site-packages/airflow/example_dags/example_subdag_operator.py took 0.137 seconds
[2025-03-27T16:53:03.581+0000] {processor.py:186} INFO - Started process (PID=115) to work on /home/airflow/.local/lib/python3.12/site-packages/airflow/example_dags/example_subdag_operator.py
[2025-03-27T16:53:03.588+0000] {processor.py:914} INFO - Processing file /home/airflow/.local/lib/python3.12/site-packages/airflow/example_dags/example_subdag_operator.py for tasks to queue
[2025-03-27T16:53:03.594+0000] {logging_mixin.py:190} INFO - [2025-03-27T16:53:03.593+0000] {dagbag.py:588} INFO - Filling up the DagBag from /home/airflow/.local/lib/python3.12/site-packages/airflow/example_dags/example_subdag_operator.py
[2025-03-27T16:53:03.643+0000] {processor.py:925} INFO - DAG(s) 'example_subdag_operator.section-1', 'example_subdag_operator.section-2', 'example_subdag_operator' retrieved from /home/airflow/.local/lib/python3.12/site-packages/airflow/example_dags/example_subdag_operator.py
[2025-03-27T16:53:03.663+0000] {logging_mixin.py:190} INFO - [2025-03-27T16:53:03.663+0000] {dag.py:3239} INFO - Sync 3 DAGs
[2025-03-27T16:53:03.689+0000] {logging_mixin.py:190} INFO - [2025-03-27T16:53:03.689+0000] {dag.py:4180} INFO - Setting next_dagrun for example_subdag_operator to 2022-01-01 00:00:00+00:00, run_after=2022-01-01 00:00:00+00:00
[2025-03-27T16:53:03.696+0000] {logging_mixin.py:190} INFO - [2025-03-27T16:53:03.695+0000] {dag.py:4180} INFO - Setting next_dagrun for example_subdag_operator.section-1 to None, run_after=None
[2025-03-27T16:53:03.699+0000] {logging_mixin.py:190} INFO - [2025-03-27T16:53:03.699+0000] {dag.py:4180} INFO - Setting next_dagrun for example_subdag_operator.section-2 to None, run_after=None
[2025-03-27T16:53:03.711+0000] {logging_mixin.py:190} INFO - [2025-03-27T16:53:03.710+0000] {dag.py:3239} INFO - Sync 2 DAGs
[2025-03-27T16:53:03.718+0000] {logging_mixin.py:190} INFO - [2025-03-27T16:53:03.718+0000] {dag.py:4180} INFO - Setting next_dagrun for example_subdag_operator.section-1 to None, run_after=None
[2025-03-27T16:53:03.719+0000] {logging_mixin.py:190} INFO - [2025-03-27T16:53:03.719+0000] {dag.py:4180} INFO - Setting next_dagrun for example_subdag_operator.section-2 to None, run_after=None
[2025-03-27T16:53:03.739+0000] {processor.py:208} INFO - Processing /home/airflow/.local/lib/python3.12/site-packages/airflow/example_dags/example_subdag_operator.py took 0.167 seconds
