[2025-03-27T16:33:10.375+0000] {processor.py:186} INFO - Started process (PID=119) to work on /home/airflow/.local/lib/python3.12/site-packages/airflow/example_dags/example_xcomargs.py
[2025-03-27T16:33:10.376+0000] {processor.py:914} INFO - Processing file /home/airflow/.local/lib/python3.12/site-packages/airflow/example_dags/example_xcomargs.py for tasks to queue
[2025-03-27T16:33:10.379+0000] {logging_mixin.py:190} INFO - [2025-03-27T16:33:10.378+0000] {dagbag.py:588} INFO - Filling up the DagBag from /home/airflow/.local/lib/python3.12/site-packages/airflow/example_dags/example_xcomargs.py
[2025-03-27T16:33:10.392+0000] {processor.py:925} INFO - DAG(s) 'example_xcom_args_with_operators', 'example_xcom_args' retrieved from /home/airflow/.local/lib/python3.12/site-packages/airflow/example_dags/example_xcomargs.py
[2025-03-27T16:33:10.579+0000] {logging_mixin.py:190} INFO - [2025-03-27T16:33:10.579+0000] {override.py:1912} INFO - Created Permission View: can read on DAG:example_xcom_args_with_operators
[2025-03-27T16:33:10.596+0000] {logging_mixin.py:190} INFO - [2025-03-27T16:33:10.595+0000] {override.py:1912} INFO - Created Permission View: can delete on DAG:example_xcom_args_with_operators
[2025-03-27T16:33:10.609+0000] {logging_mixin.py:190} INFO - [2025-03-27T16:33:10.609+0000] {override.py:1912} INFO - Created Permission View: can edit on DAG:example_xcom_args_with_operators
[2025-03-27T16:33:10.618+0000] {logging_mixin.py:190} INFO - [2025-03-27T16:33:10.618+0000] {override.py:1912} INFO - Created Permission View: can read on DAG Run:example_xcom_args_with_operators
[2025-03-27T16:33:10.626+0000] {logging_mixin.py:190} INFO - [2025-03-27T16:33:10.626+0000] {override.py:1912} INFO - Created Permission View: menu access on DAG Run:example_xcom_args_with_operators
[2025-03-27T16:33:10.635+0000] {logging_mixin.py:190} INFO - [2025-03-27T16:33:10.635+0000] {override.py:1912} INFO - Created Permission View: can create on DAG Run:example_xcom_args_with_operators
[2025-03-27T16:33:10.642+0000] {logging_mixin.py:190} INFO - [2025-03-27T16:33:10.641+0000] {override.py:1912} INFO - Created Permission View: can delete on DAG Run:example_xcom_args_with_operators
[2025-03-27T16:33:10.658+0000] {logging_mixin.py:190} INFO - [2025-03-27T16:33:10.657+0000] {override.py:1912} INFO - Created Permission View: can read on DAG:example_xcom_args
[2025-03-27T16:33:10.670+0000] {logging_mixin.py:190} INFO - [2025-03-27T16:33:10.669+0000] {override.py:1912} INFO - Created Permission View: can delete on DAG:example_xcom_args
[2025-03-27T16:33:10.678+0000] {logging_mixin.py:190} INFO - [2025-03-27T16:33:10.678+0000] {override.py:1912} INFO - Created Permission View: can edit on DAG:example_xcom_args
[2025-03-27T16:33:10.687+0000] {logging_mixin.py:190} INFO - [2025-03-27T16:33:10.687+0000] {override.py:1912} INFO - Created Permission View: can read on DAG Run:example_xcom_args
[2025-03-27T16:33:10.696+0000] {logging_mixin.py:190} INFO - [2025-03-27T16:33:10.696+0000] {override.py:1912} INFO - Created Permission View: menu access on DAG Run:example_xcom_args
[2025-03-27T16:33:10.721+0000] {logging_mixin.py:190} INFO - [2025-03-27T16:33:10.721+0000] {override.py:1912} INFO - Created Permission View: can create on DAG Run:example_xcom_args
[2025-03-27T16:33:10.735+0000] {logging_mixin.py:190} INFO - [2025-03-27T16:33:10.735+0000] {override.py:1912} INFO - Created Permission View: can delete on DAG Run:example_xcom_args
[2025-03-27T16:33:10.737+0000] {logging_mixin.py:190} INFO - [2025-03-27T16:33:10.736+0000] {dag.py:3239} INFO - Sync 2 DAGs
[2025-03-27T16:33:10.751+0000] {logging_mixin.py:190} INFO - [2025-03-27T16:33:10.751+0000] {dag.py:3262} INFO - Creating ORM DAG for example_xcom_args
[2025-03-27T16:33:10.752+0000] {logging_mixin.py:190} INFO - [2025-03-27T16:33:10.752+0000] {dag.py:3262} INFO - Creating ORM DAG for example_xcom_args_with_operators
[2025-03-27T16:33:10.753+0000] {logging_mixin.py:190} INFO - [2025-03-27T16:33:10.753+0000] {dag.py:4180} INFO - Setting next_dagrun for example_xcom_args to None, run_after=None
[2025-03-27T16:33:10.754+0000] {logging_mixin.py:190} INFO - [2025-03-27T16:33:10.754+0000] {dag.py:4180} INFO - Setting next_dagrun for example_xcom_args_with_operators to None, run_after=None
[2025-03-27T16:33:10.781+0000] {processor.py:208} INFO - Processing /home/airflow/.local/lib/python3.12/site-packages/airflow/example_dags/example_xcomargs.py took 0.416 seconds
[2025-03-27T16:33:41.017+0000] {processor.py:186} INFO - Started process (PID=182) to work on /home/airflow/.local/lib/python3.12/site-packages/airflow/example_dags/example_xcomargs.py
[2025-03-27T16:33:41.018+0000] {processor.py:914} INFO - Processing file /home/airflow/.local/lib/python3.12/site-packages/airflow/example_dags/example_xcomargs.py for tasks to queue
[2025-03-27T16:33:41.021+0000] {logging_mixin.py:190} INFO - [2025-03-27T16:33:41.021+0000] {dagbag.py:588} INFO - Filling up the DagBag from /home/airflow/.local/lib/python3.12/site-packages/airflow/example_dags/example_xcomargs.py
[2025-03-27T16:33:41.037+0000] {processor.py:925} INFO - DAG(s) 'example_xcom_args', 'example_xcom_args_with_operators' retrieved from /home/airflow/.local/lib/python3.12/site-packages/airflow/example_dags/example_xcomargs.py
[2025-03-27T16:33:41.084+0000] {logging_mixin.py:190} INFO - [2025-03-27T16:33:41.084+0000] {dag.py:3239} INFO - Sync 2 DAGs
[2025-03-27T16:33:41.110+0000] {logging_mixin.py:190} INFO - [2025-03-27T16:33:41.109+0000] {dag.py:4180} INFO - Setting next_dagrun for example_xcom_args to None, run_after=None
[2025-03-27T16:33:41.120+0000] {logging_mixin.py:190} INFO - [2025-03-27T16:33:41.119+0000] {dag.py:4180} INFO - Setting next_dagrun for example_xcom_args_with_operators to None, run_after=None
[2025-03-27T16:33:41.179+0000] {processor.py:208} INFO - Processing /home/airflow/.local/lib/python3.12/site-packages/airflow/example_dags/example_xcomargs.py took 0.171 seconds
[2025-03-27T16:34:12.097+0000] {processor.py:186} INFO - Started process (PID=245) to work on /home/airflow/.local/lib/python3.12/site-packages/airflow/example_dags/example_xcomargs.py
[2025-03-27T16:34:12.101+0000] {processor.py:914} INFO - Processing file /home/airflow/.local/lib/python3.12/site-packages/airflow/example_dags/example_xcomargs.py for tasks to queue
[2025-03-27T16:34:12.107+0000] {logging_mixin.py:190} INFO - [2025-03-27T16:34:12.106+0000] {dagbag.py:588} INFO - Filling up the DagBag from /home/airflow/.local/lib/python3.12/site-packages/airflow/example_dags/example_xcomargs.py
[2025-03-27T16:34:12.123+0000] {processor.py:925} INFO - DAG(s) 'example_xcom_args_with_operators', 'example_xcom_args' retrieved from /home/airflow/.local/lib/python3.12/site-packages/airflow/example_dags/example_xcomargs.py
[2025-03-27T16:34:12.159+0000] {logging_mixin.py:190} INFO - [2025-03-27T16:34:12.159+0000] {dag.py:3239} INFO - Sync 2 DAGs
[2025-03-27T16:34:12.175+0000] {logging_mixin.py:190} INFO - [2025-03-27T16:34:12.175+0000] {dag.py:4180} INFO - Setting next_dagrun for example_xcom_args to None, run_after=None
[2025-03-27T16:34:12.182+0000] {logging_mixin.py:190} INFO - [2025-03-27T16:34:12.181+0000] {dag.py:4180} INFO - Setting next_dagrun for example_xcom_args_with_operators to None, run_after=None
[2025-03-27T16:34:12.210+0000] {processor.py:208} INFO - Processing /home/airflow/.local/lib/python3.12/site-packages/airflow/example_dags/example_xcomargs.py took 0.123 seconds
[2025-03-27T16:34:42.840+0000] {processor.py:186} INFO - Started process (PID=308) to work on /home/airflow/.local/lib/python3.12/site-packages/airflow/example_dags/example_xcomargs.py
[2025-03-27T16:34:42.844+0000] {processor.py:914} INFO - Processing file /home/airflow/.local/lib/python3.12/site-packages/airflow/example_dags/example_xcomargs.py for tasks to queue
[2025-03-27T16:34:42.853+0000] {logging_mixin.py:190} INFO - [2025-03-27T16:34:42.852+0000] {dagbag.py:588} INFO - Filling up the DagBag from /home/airflow/.local/lib/python3.12/site-packages/airflow/example_dags/example_xcomargs.py
[2025-03-27T16:34:42.884+0000] {processor.py:925} INFO - DAG(s) 'example_xcom_args_with_operators', 'example_xcom_args' retrieved from /home/airflow/.local/lib/python3.12/site-packages/airflow/example_dags/example_xcomargs.py
[2025-03-27T16:34:42.958+0000] {logging_mixin.py:190} INFO - [2025-03-27T16:34:42.957+0000] {dag.py:3239} INFO - Sync 2 DAGs
[2025-03-27T16:34:42.982+0000] {logging_mixin.py:190} INFO - [2025-03-27T16:34:42.982+0000] {dag.py:4180} INFO - Setting next_dagrun for example_xcom_args to None, run_after=None
[2025-03-27T16:34:42.986+0000] {logging_mixin.py:190} INFO - [2025-03-27T16:34:42.986+0000] {dag.py:4180} INFO - Setting next_dagrun for example_xcom_args_with_operators to None, run_after=None
[2025-03-27T16:34:43.018+0000] {processor.py:208} INFO - Processing /home/airflow/.local/lib/python3.12/site-packages/airflow/example_dags/example_xcomargs.py took 0.197 seconds
[2025-03-27T16:35:13.959+0000] {processor.py:186} INFO - Started process (PID=370) to work on /home/airflow/.local/lib/python3.12/site-packages/airflow/example_dags/example_xcomargs.py
[2025-03-27T16:35:13.961+0000] {processor.py:914} INFO - Processing file /home/airflow/.local/lib/python3.12/site-packages/airflow/example_dags/example_xcomargs.py for tasks to queue
[2025-03-27T16:35:13.963+0000] {logging_mixin.py:190} INFO - [2025-03-27T16:35:13.963+0000] {dagbag.py:588} INFO - Filling up the DagBag from /home/airflow/.local/lib/python3.12/site-packages/airflow/example_dags/example_xcomargs.py
[2025-03-27T16:35:13.976+0000] {processor.py:925} INFO - DAG(s) 'example_xcom_args_with_operators', 'example_xcom_args' retrieved from /home/airflow/.local/lib/python3.12/site-packages/airflow/example_dags/example_xcomargs.py
[2025-03-27T16:35:14.008+0000] {logging_mixin.py:190} INFO - [2025-03-27T16:35:14.008+0000] {dag.py:3239} INFO - Sync 2 DAGs
[2025-03-27T16:35:14.035+0000] {logging_mixin.py:190} INFO - [2025-03-27T16:35:14.034+0000] {dag.py:4180} INFO - Setting next_dagrun for example_xcom_args to None, run_after=None
[2025-03-27T16:35:14.043+0000] {logging_mixin.py:190} INFO - [2025-03-27T16:35:14.042+0000] {dag.py:4180} INFO - Setting next_dagrun for example_xcom_args_with_operators to None, run_after=None
[2025-03-27T16:35:14.073+0000] {processor.py:208} INFO - Processing /home/airflow/.local/lib/python3.12/site-packages/airflow/example_dags/example_xcomargs.py took 0.124 seconds
[2025-03-27T16:35:44.277+0000] {processor.py:186} INFO - Started process (PID=434) to work on /home/airflow/.local/lib/python3.12/site-packages/airflow/example_dags/example_xcomargs.py
[2025-03-27T16:35:44.279+0000] {processor.py:914} INFO - Processing file /home/airflow/.local/lib/python3.12/site-packages/airflow/example_dags/example_xcomargs.py for tasks to queue
[2025-03-27T16:35:44.283+0000] {logging_mixin.py:190} INFO - [2025-03-27T16:35:44.283+0000] {dagbag.py:588} INFO - Filling up the DagBag from /home/airflow/.local/lib/python3.12/site-packages/airflow/example_dags/example_xcomargs.py
[2025-03-27T16:35:44.301+0000] {processor.py:925} INFO - DAG(s) 'example_xcom_args_with_operators', 'example_xcom_args' retrieved from /home/airflow/.local/lib/python3.12/site-packages/airflow/example_dags/example_xcomargs.py
[2025-03-27T16:35:44.337+0000] {logging_mixin.py:190} INFO - [2025-03-27T16:35:44.336+0000] {dag.py:3239} INFO - Sync 2 DAGs
[2025-03-27T16:35:44.361+0000] {logging_mixin.py:190} INFO - [2025-03-27T16:35:44.360+0000] {dag.py:4180} INFO - Setting next_dagrun for example_xcom_args to None, run_after=None
[2025-03-27T16:35:44.367+0000] {logging_mixin.py:190} INFO - [2025-03-27T16:35:44.366+0000] {dag.py:4180} INFO - Setting next_dagrun for example_xcom_args_with_operators to None, run_after=None
[2025-03-27T16:35:44.388+0000] {processor.py:208} INFO - Processing /home/airflow/.local/lib/python3.12/site-packages/airflow/example_dags/example_xcomargs.py took 0.120 seconds
[2025-03-27T16:36:15.030+0000] {processor.py:186} INFO - Started process (PID=496) to work on /home/airflow/.local/lib/python3.12/site-packages/airflow/example_dags/example_xcomargs.py
[2025-03-27T16:36:15.036+0000] {processor.py:914} INFO - Processing file /home/airflow/.local/lib/python3.12/site-packages/airflow/example_dags/example_xcomargs.py for tasks to queue
[2025-03-27T16:36:15.040+0000] {logging_mixin.py:190} INFO - [2025-03-27T16:36:15.039+0000] {dagbag.py:588} INFO - Filling up the DagBag from /home/airflow/.local/lib/python3.12/site-packages/airflow/example_dags/example_xcomargs.py
[2025-03-27T16:36:15.055+0000] {processor.py:925} INFO - DAG(s) 'example_xcom_args_with_operators', 'example_xcom_args' retrieved from /home/airflow/.local/lib/python3.12/site-packages/airflow/example_dags/example_xcomargs.py
[2025-03-27T16:36:15.121+0000] {logging_mixin.py:190} INFO - [2025-03-27T16:36:15.120+0000] {dag.py:3239} INFO - Sync 2 DAGs
[2025-03-27T16:36:15.136+0000] {logging_mixin.py:190} INFO - [2025-03-27T16:36:15.136+0000] {dag.py:4180} INFO - Setting next_dagrun for example_xcom_args to None, run_after=None
[2025-03-27T16:36:15.140+0000] {logging_mixin.py:190} INFO - [2025-03-27T16:36:15.140+0000] {dag.py:4180} INFO - Setting next_dagrun for example_xcom_args_with_operators to None, run_after=None
[2025-03-27T16:36:15.161+0000] {processor.py:208} INFO - Processing /home/airflow/.local/lib/python3.12/site-packages/airflow/example_dags/example_xcomargs.py took 0.143 seconds
[2025-03-27T16:36:45.408+0000] {processor.py:186} INFO - Started process (PID=559) to work on /home/airflow/.local/lib/python3.12/site-packages/airflow/example_dags/example_xcomargs.py
[2025-03-27T16:36:45.409+0000] {processor.py:914} INFO - Processing file /home/airflow/.local/lib/python3.12/site-packages/airflow/example_dags/example_xcomargs.py for tasks to queue
[2025-03-27T16:36:45.413+0000] {logging_mixin.py:190} INFO - [2025-03-27T16:36:45.412+0000] {dagbag.py:588} INFO - Filling up the DagBag from /home/airflow/.local/lib/python3.12/site-packages/airflow/example_dags/example_xcomargs.py
[2025-03-27T16:36:45.425+0000] {processor.py:925} INFO - DAG(s) 'example_xcom_args', 'example_xcom_args_with_operators' retrieved from /home/airflow/.local/lib/python3.12/site-packages/airflow/example_dags/example_xcomargs.py
[2025-03-27T16:36:45.454+0000] {logging_mixin.py:190} INFO - [2025-03-27T16:36:45.454+0000] {dag.py:3239} INFO - Sync 2 DAGs
[2025-03-27T16:36:45.469+0000] {logging_mixin.py:190} INFO - [2025-03-27T16:36:45.469+0000] {dag.py:4180} INFO - Setting next_dagrun for example_xcom_args to None, run_after=None
[2025-03-27T16:36:45.473+0000] {logging_mixin.py:190} INFO - [2025-03-27T16:36:45.473+0000] {dag.py:4180} INFO - Setting next_dagrun for example_xcom_args_with_operators to None, run_after=None
[2025-03-27T16:36:45.493+0000] {processor.py:208} INFO - Processing /home/airflow/.local/lib/python3.12/site-packages/airflow/example_dags/example_xcomargs.py took 0.095 seconds
[2025-03-27T16:37:16.124+0000] {processor.py:186} INFO - Started process (PID=622) to work on /home/airflow/.local/lib/python3.12/site-packages/airflow/example_dags/example_xcomargs.py
[2025-03-27T16:37:16.125+0000] {processor.py:914} INFO - Processing file /home/airflow/.local/lib/python3.12/site-packages/airflow/example_dags/example_xcomargs.py for tasks to queue
[2025-03-27T16:37:16.128+0000] {logging_mixin.py:190} INFO - [2025-03-27T16:37:16.128+0000] {dagbag.py:588} INFO - Filling up the DagBag from /home/airflow/.local/lib/python3.12/site-packages/airflow/example_dags/example_xcomargs.py
[2025-03-27T16:37:16.144+0000] {processor.py:925} INFO - DAG(s) 'example_xcom_args_with_operators', 'example_xcom_args' retrieved from /home/airflow/.local/lib/python3.12/site-packages/airflow/example_dags/example_xcomargs.py
[2025-03-27T16:37:16.179+0000] {logging_mixin.py:190} INFO - [2025-03-27T16:37:16.179+0000] {dag.py:3239} INFO - Sync 2 DAGs
[2025-03-27T16:37:16.204+0000] {logging_mixin.py:190} INFO - [2025-03-27T16:37:16.204+0000] {dag.py:4180} INFO - Setting next_dagrun for example_xcom_args to None, run_after=None
[2025-03-27T16:37:16.209+0000] {logging_mixin.py:190} INFO - [2025-03-27T16:37:16.209+0000] {dag.py:4180} INFO - Setting next_dagrun for example_xcom_args_with_operators to None, run_after=None
[2025-03-27T16:37:16.231+0000] {processor.py:208} INFO - Processing /home/airflow/.local/lib/python3.12/site-packages/airflow/example_dags/example_xcomargs.py took 0.114 seconds
[2025-03-27T16:37:46.510+0000] {processor.py:186} INFO - Started process (PID=685) to work on /home/airflow/.local/lib/python3.12/site-packages/airflow/example_dags/example_xcomargs.py
[2025-03-27T16:37:46.512+0000] {processor.py:914} INFO - Processing file /home/airflow/.local/lib/python3.12/site-packages/airflow/example_dags/example_xcomargs.py for tasks to queue
[2025-03-27T16:37:46.515+0000] {logging_mixin.py:190} INFO - [2025-03-27T16:37:46.514+0000] {dagbag.py:588} INFO - Filling up the DagBag from /home/airflow/.local/lib/python3.12/site-packages/airflow/example_dags/example_xcomargs.py
[2025-03-27T16:37:46.525+0000] {processor.py:925} INFO - DAG(s) 'example_xcom_args', 'example_xcom_args_with_operators' retrieved from /home/airflow/.local/lib/python3.12/site-packages/airflow/example_dags/example_xcomargs.py
[2025-03-27T16:37:46.567+0000] {logging_mixin.py:190} INFO - [2025-03-27T16:37:46.567+0000] {dag.py:3239} INFO - Sync 2 DAGs
[2025-03-27T16:37:46.586+0000] {logging_mixin.py:190} INFO - [2025-03-27T16:37:46.586+0000] {dag.py:4180} INFO - Setting next_dagrun for example_xcom_args to None, run_after=None
[2025-03-27T16:37:46.595+0000] {logging_mixin.py:190} INFO - [2025-03-27T16:37:46.595+0000] {dag.py:4180} INFO - Setting next_dagrun for example_xcom_args_with_operators to None, run_after=None
[2025-03-27T16:37:46.617+0000] {processor.py:208} INFO - Processing /home/airflow/.local/lib/python3.12/site-packages/airflow/example_dags/example_xcomargs.py took 0.114 seconds
[2025-03-27T16:38:16.876+0000] {processor.py:186} INFO - Started process (PID=749) to work on /home/airflow/.local/lib/python3.12/site-packages/airflow/example_dags/example_xcomargs.py
[2025-03-27T16:38:16.878+0000] {processor.py:914} INFO - Processing file /home/airflow/.local/lib/python3.12/site-packages/airflow/example_dags/example_xcomargs.py for tasks to queue
[2025-03-27T16:38:16.882+0000] {logging_mixin.py:190} INFO - [2025-03-27T16:38:16.882+0000] {dagbag.py:588} INFO - Filling up the DagBag from /home/airflow/.local/lib/python3.12/site-packages/airflow/example_dags/example_xcomargs.py
[2025-03-27T16:38:16.900+0000] {processor.py:925} INFO - DAG(s) 'example_xcom_args_with_operators', 'example_xcom_args' retrieved from /home/airflow/.local/lib/python3.12/site-packages/airflow/example_dags/example_xcomargs.py
[2025-03-27T16:38:16.930+0000] {logging_mixin.py:190} INFO - [2025-03-27T16:38:16.929+0000] {dag.py:3239} INFO - Sync 2 DAGs
[2025-03-27T16:38:16.946+0000] {logging_mixin.py:190} INFO - [2025-03-27T16:38:16.946+0000] {dag.py:4180} INFO - Setting next_dagrun for example_xcom_args to None, run_after=None
[2025-03-27T16:38:16.950+0000] {logging_mixin.py:190} INFO - [2025-03-27T16:38:16.950+0000] {dag.py:4180} INFO - Setting next_dagrun for example_xcom_args_with_operators to None, run_after=None
[2025-03-27T16:38:16.974+0000] {processor.py:208} INFO - Processing /home/airflow/.local/lib/python3.12/site-packages/airflow/example_dags/example_xcomargs.py took 0.111 seconds
[2025-03-27T16:38:47.478+0000] {processor.py:186} INFO - Started process (PID=815) to work on /home/airflow/.local/lib/python3.12/site-packages/airflow/example_dags/example_xcomargs.py
[2025-03-27T16:38:47.481+0000] {processor.py:914} INFO - Processing file /home/airflow/.local/lib/python3.12/site-packages/airflow/example_dags/example_xcomargs.py for tasks to queue
[2025-03-27T16:38:47.488+0000] {logging_mixin.py:190} INFO - [2025-03-27T16:38:47.488+0000] {dagbag.py:588} INFO - Filling up the DagBag from /home/airflow/.local/lib/python3.12/site-packages/airflow/example_dags/example_xcomargs.py
[2025-03-27T16:38:47.527+0000] {processor.py:925} INFO - DAG(s) 'example_xcom_args', 'example_xcom_args_with_operators' retrieved from /home/airflow/.local/lib/python3.12/site-packages/airflow/example_dags/example_xcomargs.py
[2025-03-27T16:38:47.573+0000] {logging_mixin.py:190} INFO - [2025-03-27T16:38:47.573+0000] {dag.py:3239} INFO - Sync 2 DAGs
[2025-03-27T16:38:47.595+0000] {logging_mixin.py:190} INFO - [2025-03-27T16:38:47.594+0000] {dag.py:4180} INFO - Setting next_dagrun for example_xcom_args to None, run_after=None
[2025-03-27T16:38:47.599+0000] {logging_mixin.py:190} INFO - [2025-03-27T16:38:47.599+0000] {dag.py:4180} INFO - Setting next_dagrun for example_xcom_args_with_operators to None, run_after=None
[2025-03-27T16:38:47.619+0000] {processor.py:208} INFO - Processing /home/airflow/.local/lib/python3.12/site-packages/airflow/example_dags/example_xcomargs.py took 0.160 seconds
[2025-03-27T16:39:18.681+0000] {processor.py:186} INFO - Started process (PID=880) to work on /home/airflow/.local/lib/python3.12/site-packages/airflow/example_dags/example_xcomargs.py
[2025-03-27T16:39:18.683+0000] {processor.py:914} INFO - Processing file /home/airflow/.local/lib/python3.12/site-packages/airflow/example_dags/example_xcomargs.py for tasks to queue
[2025-03-27T16:39:18.687+0000] {logging_mixin.py:190} INFO - [2025-03-27T16:39:18.686+0000] {dagbag.py:588} INFO - Filling up the DagBag from /home/airflow/.local/lib/python3.12/site-packages/airflow/example_dags/example_xcomargs.py
[2025-03-27T16:39:18.697+0000] {processor.py:925} INFO - DAG(s) 'example_xcom_args_with_operators', 'example_xcom_args' retrieved from /home/airflow/.local/lib/python3.12/site-packages/airflow/example_dags/example_xcomargs.py
[2025-03-27T16:39:18.728+0000] {logging_mixin.py:190} INFO - [2025-03-27T16:39:18.728+0000] {dag.py:3239} INFO - Sync 2 DAGs
[2025-03-27T16:39:18.750+0000] {logging_mixin.py:190} INFO - [2025-03-27T16:39:18.749+0000] {dag.py:4180} INFO - Setting next_dagrun for example_xcom_args to None, run_after=None
[2025-03-27T16:39:18.757+0000] {logging_mixin.py:190} INFO - [2025-03-27T16:39:18.757+0000] {dag.py:4180} INFO - Setting next_dagrun for example_xcom_args_with_operators to None, run_after=None
[2025-03-27T16:39:18.788+0000] {processor.py:208} INFO - Processing /home/airflow/.local/lib/python3.12/site-packages/airflow/example_dags/example_xcomargs.py took 0.115 seconds
[2025-03-27T16:39:50.178+0000] {processor.py:186} INFO - Started process (PID=945) to work on /home/airflow/.local/lib/python3.12/site-packages/airflow/example_dags/example_xcomargs.py
[2025-03-27T16:39:50.179+0000] {processor.py:914} INFO - Processing file /home/airflow/.local/lib/python3.12/site-packages/airflow/example_dags/example_xcomargs.py for tasks to queue
[2025-03-27T16:39:50.182+0000] {logging_mixin.py:190} INFO - [2025-03-27T16:39:50.182+0000] {dagbag.py:588} INFO - Filling up the DagBag from /home/airflow/.local/lib/python3.12/site-packages/airflow/example_dags/example_xcomargs.py
[2025-03-27T16:39:50.194+0000] {processor.py:925} INFO - DAG(s) 'example_xcom_args_with_operators', 'example_xcom_args' retrieved from /home/airflow/.local/lib/python3.12/site-packages/airflow/example_dags/example_xcomargs.py
[2025-03-27T16:39:50.229+0000] {logging_mixin.py:190} INFO - [2025-03-27T16:39:50.228+0000] {dag.py:3239} INFO - Sync 2 DAGs
[2025-03-27T16:39:50.249+0000] {logging_mixin.py:190} INFO - [2025-03-27T16:39:50.249+0000] {dag.py:4180} INFO - Setting next_dagrun for example_xcom_args to None, run_after=None
[2025-03-27T16:39:50.253+0000] {logging_mixin.py:190} INFO - [2025-03-27T16:39:50.253+0000] {dag.py:4180} INFO - Setting next_dagrun for example_xcom_args_with_operators to None, run_after=None
[2025-03-27T16:39:50.270+0000] {processor.py:208} INFO - Processing /home/airflow/.local/lib/python3.12/site-packages/airflow/example_dags/example_xcomargs.py took 0.101 seconds
[2025-03-27T16:40:21.233+0000] {processor.py:186} INFO - Started process (PID=1010) to work on /home/airflow/.local/lib/python3.12/site-packages/airflow/example_dags/example_xcomargs.py
[2025-03-27T16:40:21.235+0000] {processor.py:914} INFO - Processing file /home/airflow/.local/lib/python3.12/site-packages/airflow/example_dags/example_xcomargs.py for tasks to queue
[2025-03-27T16:40:21.241+0000] {logging_mixin.py:190} INFO - [2025-03-27T16:40:21.240+0000] {dagbag.py:588} INFO - Filling up the DagBag from /home/airflow/.local/lib/python3.12/site-packages/airflow/example_dags/example_xcomargs.py
[2025-03-27T16:40:21.253+0000] {processor.py:925} INFO - DAG(s) 'example_xcom_args_with_operators', 'example_xcom_args' retrieved from /home/airflow/.local/lib/python3.12/site-packages/airflow/example_dags/example_xcomargs.py
[2025-03-27T16:40:21.288+0000] {logging_mixin.py:190} INFO - [2025-03-27T16:40:21.288+0000] {dag.py:3239} INFO - Sync 2 DAGs
[2025-03-27T16:40:21.307+0000] {logging_mixin.py:190} INFO - [2025-03-27T16:40:21.306+0000] {dag.py:4180} INFO - Setting next_dagrun for example_xcom_args to None, run_after=None
[2025-03-27T16:40:21.311+0000] {logging_mixin.py:190} INFO - [2025-03-27T16:40:21.311+0000] {dag.py:4180} INFO - Setting next_dagrun for example_xcom_args_with_operators to None, run_after=None
[2025-03-27T16:40:21.344+0000] {processor.py:208} INFO - Processing /home/airflow/.local/lib/python3.12/site-packages/airflow/example_dags/example_xcomargs.py took 0.119 seconds
[2025-03-27T16:40:51.797+0000] {processor.py:186} INFO - Started process (PID=1075) to work on /home/airflow/.local/lib/python3.12/site-packages/airflow/example_dags/example_xcomargs.py
[2025-03-27T16:40:51.798+0000] {processor.py:914} INFO - Processing file /home/airflow/.local/lib/python3.12/site-packages/airflow/example_dags/example_xcomargs.py for tasks to queue
[2025-03-27T16:40:51.801+0000] {logging_mixin.py:190} INFO - [2025-03-27T16:40:51.801+0000] {dagbag.py:588} INFO - Filling up the DagBag from /home/airflow/.local/lib/python3.12/site-packages/airflow/example_dags/example_xcomargs.py
[2025-03-27T16:40:51.814+0000] {processor.py:925} INFO - DAG(s) 'example_xcom_args_with_operators', 'example_xcom_args' retrieved from /home/airflow/.local/lib/python3.12/site-packages/airflow/example_dags/example_xcomargs.py
[2025-03-27T16:40:51.840+0000] {logging_mixin.py:190} INFO - [2025-03-27T16:40:51.840+0000] {dag.py:3239} INFO - Sync 2 DAGs
[2025-03-27T16:40:51.856+0000] {logging_mixin.py:190} INFO - [2025-03-27T16:40:51.856+0000] {dag.py:4180} INFO - Setting next_dagrun for example_xcom_args to None, run_after=None
[2025-03-27T16:40:51.861+0000] {logging_mixin.py:190} INFO - [2025-03-27T16:40:51.860+0000] {dag.py:4180} INFO - Setting next_dagrun for example_xcom_args_with_operators to None, run_after=None
[2025-03-27T16:40:51.880+0000] {processor.py:208} INFO - Processing /home/airflow/.local/lib/python3.12/site-packages/airflow/example_dags/example_xcomargs.py took 0.089 seconds
[2025-03-27T16:41:22.968+0000] {processor.py:186} INFO - Started process (PID=1140) to work on /home/airflow/.local/lib/python3.12/site-packages/airflow/example_dags/example_xcomargs.py
[2025-03-27T16:41:22.970+0000] {processor.py:914} INFO - Processing file /home/airflow/.local/lib/python3.12/site-packages/airflow/example_dags/example_xcomargs.py for tasks to queue
[2025-03-27T16:41:22.972+0000] {logging_mixin.py:190} INFO - [2025-03-27T16:41:22.972+0000] {dagbag.py:588} INFO - Filling up the DagBag from /home/airflow/.local/lib/python3.12/site-packages/airflow/example_dags/example_xcomargs.py
[2025-03-27T16:41:22.987+0000] {processor.py:925} INFO - DAG(s) 'example_xcom_args_with_operators', 'example_xcom_args' retrieved from /home/airflow/.local/lib/python3.12/site-packages/airflow/example_dags/example_xcomargs.py
[2025-03-27T16:41:23.011+0000] {logging_mixin.py:190} INFO - [2025-03-27T16:41:23.011+0000] {dag.py:3239} INFO - Sync 2 DAGs
[2025-03-27T16:41:23.026+0000] {logging_mixin.py:190} INFO - [2025-03-27T16:41:23.026+0000] {dag.py:4180} INFO - Setting next_dagrun for example_xcom_args to None, run_after=None
[2025-03-27T16:41:23.031+0000] {logging_mixin.py:190} INFO - [2025-03-27T16:41:23.031+0000] {dag.py:4180} INFO - Setting next_dagrun for example_xcom_args_with_operators to None, run_after=None
[2025-03-27T16:41:23.048+0000] {processor.py:208} INFO - Processing /home/airflow/.local/lib/python3.12/site-packages/airflow/example_dags/example_xcomargs.py took 0.087 seconds
[2025-03-27T16:41:54.230+0000] {processor.py:186} INFO - Started process (PID=1206) to work on /home/airflow/.local/lib/python3.12/site-packages/airflow/example_dags/example_xcomargs.py
[2025-03-27T16:41:54.233+0000] {processor.py:914} INFO - Processing file /home/airflow/.local/lib/python3.12/site-packages/airflow/example_dags/example_xcomargs.py for tasks to queue
[2025-03-27T16:41:54.240+0000] {logging_mixin.py:190} INFO - [2025-03-27T16:41:54.239+0000] {dagbag.py:588} INFO - Filling up the DagBag from /home/airflow/.local/lib/python3.12/site-packages/airflow/example_dags/example_xcomargs.py
[2025-03-27T16:41:54.263+0000] {processor.py:925} INFO - DAG(s) 'example_xcom_args_with_operators', 'example_xcom_args' retrieved from /home/airflow/.local/lib/python3.12/site-packages/airflow/example_dags/example_xcomargs.py
[2025-03-27T16:41:54.321+0000] {logging_mixin.py:190} INFO - [2025-03-27T16:41:54.321+0000] {dag.py:3239} INFO - Sync 2 DAGs
[2025-03-27T16:41:54.353+0000] {logging_mixin.py:190} INFO - [2025-03-27T16:41:54.352+0000] {dag.py:4180} INFO - Setting next_dagrun for example_xcom_args to None, run_after=None
[2025-03-27T16:41:54.360+0000] {logging_mixin.py:190} INFO - [2025-03-27T16:41:54.360+0000] {dag.py:4180} INFO - Setting next_dagrun for example_xcom_args_with_operators to None, run_after=None
[2025-03-27T16:41:54.456+0000] {processor.py:208} INFO - Processing /home/airflow/.local/lib/python3.12/site-packages/airflow/example_dags/example_xcomargs.py took 0.238 seconds
[2025-03-27T16:42:24.930+0000] {processor.py:186} INFO - Started process (PID=1271) to work on /home/airflow/.local/lib/python3.12/site-packages/airflow/example_dags/example_xcomargs.py
[2025-03-27T16:42:24.931+0000] {processor.py:914} INFO - Processing file /home/airflow/.local/lib/python3.12/site-packages/airflow/example_dags/example_xcomargs.py for tasks to queue
[2025-03-27T16:42:24.934+0000] {logging_mixin.py:190} INFO - [2025-03-27T16:42:24.933+0000] {dagbag.py:588} INFO - Filling up the DagBag from /home/airflow/.local/lib/python3.12/site-packages/airflow/example_dags/example_xcomargs.py
[2025-03-27T16:42:24.944+0000] {processor.py:925} INFO - DAG(s) 'example_xcom_args_with_operators', 'example_xcom_args' retrieved from /home/airflow/.local/lib/python3.12/site-packages/airflow/example_dags/example_xcomargs.py
[2025-03-27T16:42:24.969+0000] {logging_mixin.py:190} INFO - [2025-03-27T16:42:24.969+0000] {dag.py:3239} INFO - Sync 2 DAGs
[2025-03-27T16:42:24.998+0000] {logging_mixin.py:190} INFO - [2025-03-27T16:42:24.997+0000] {dag.py:4180} INFO - Setting next_dagrun for example_xcom_args to None, run_after=None
[2025-03-27T16:42:25.020+0000] {logging_mixin.py:190} INFO - [2025-03-27T16:42:25.019+0000] {dag.py:4180} INFO - Setting next_dagrun for example_xcom_args_with_operators to None, run_after=None
[2025-03-27T16:42:25.087+0000] {processor.py:208} INFO - Processing /home/airflow/.local/lib/python3.12/site-packages/airflow/example_dags/example_xcomargs.py took 0.164 seconds
[2025-03-27T16:42:55.596+0000] {processor.py:186} INFO - Started process (PID=1336) to work on /home/airflow/.local/lib/python3.12/site-packages/airflow/example_dags/example_xcomargs.py
[2025-03-27T16:42:55.598+0000] {processor.py:914} INFO - Processing file /home/airflow/.local/lib/python3.12/site-packages/airflow/example_dags/example_xcomargs.py for tasks to queue
[2025-03-27T16:42:55.602+0000] {logging_mixin.py:190} INFO - [2025-03-27T16:42:55.602+0000] {dagbag.py:588} INFO - Filling up the DagBag from /home/airflow/.local/lib/python3.12/site-packages/airflow/example_dags/example_xcomargs.py
[2025-03-27T16:42:55.619+0000] {processor.py:925} INFO - DAG(s) 'example_xcom_args', 'example_xcom_args_with_operators' retrieved from /home/airflow/.local/lib/python3.12/site-packages/airflow/example_dags/example_xcomargs.py
[2025-03-27T16:42:55.663+0000] {logging_mixin.py:190} INFO - [2025-03-27T16:42:55.663+0000] {dag.py:3239} INFO - Sync 2 DAGs
[2025-03-27T16:42:55.693+0000] {logging_mixin.py:190} INFO - [2025-03-27T16:42:55.693+0000] {dag.py:4180} INFO - Setting next_dagrun for example_xcom_args to None, run_after=None
[2025-03-27T16:42:55.700+0000] {logging_mixin.py:190} INFO - [2025-03-27T16:42:55.700+0000] {dag.py:4180} INFO - Setting next_dagrun for example_xcom_args_with_operators to None, run_after=None
[2025-03-27T16:42:55.729+0000] {processor.py:208} INFO - Processing /home/airflow/.local/lib/python3.12/site-packages/airflow/example_dags/example_xcomargs.py took 0.143 seconds
[2025-03-27T16:43:26.119+0000] {processor.py:186} INFO - Started process (PID=1401) to work on /home/airflow/.local/lib/python3.12/site-packages/airflow/example_dags/example_xcomargs.py
[2025-03-27T16:43:26.121+0000] {processor.py:914} INFO - Processing file /home/airflow/.local/lib/python3.12/site-packages/airflow/example_dags/example_xcomargs.py for tasks to queue
[2025-03-27T16:43:26.123+0000] {logging_mixin.py:190} INFO - [2025-03-27T16:43:26.123+0000] {dagbag.py:588} INFO - Filling up the DagBag from /home/airflow/.local/lib/python3.12/site-packages/airflow/example_dags/example_xcomargs.py
[2025-03-27T16:43:26.134+0000] {processor.py:925} INFO - DAG(s) 'example_xcom_args_with_operators', 'example_xcom_args' retrieved from /home/airflow/.local/lib/python3.12/site-packages/airflow/example_dags/example_xcomargs.py
[2025-03-27T16:43:26.162+0000] {logging_mixin.py:190} INFO - [2025-03-27T16:43:26.162+0000] {dag.py:3239} INFO - Sync 2 DAGs
[2025-03-27T16:43:26.178+0000] {logging_mixin.py:190} INFO - [2025-03-27T16:43:26.177+0000] {dag.py:4180} INFO - Setting next_dagrun for example_xcom_args to None, run_after=None
[2025-03-27T16:43:26.183+0000] {logging_mixin.py:190} INFO - [2025-03-27T16:43:26.182+0000] {dag.py:4180} INFO - Setting next_dagrun for example_xcom_args_with_operators to None, run_after=None
[2025-03-27T16:43:26.198+0000] {processor.py:208} INFO - Processing /home/airflow/.local/lib/python3.12/site-packages/airflow/example_dags/example_xcomargs.py took 0.087 seconds
[2025-03-27T16:43:56.641+0000] {processor.py:186} INFO - Started process (PID=1467) to work on /home/airflow/.local/lib/python3.12/site-packages/airflow/example_dags/example_xcomargs.py
[2025-03-27T16:43:56.647+0000] {processor.py:914} INFO - Processing file /home/airflow/.local/lib/python3.12/site-packages/airflow/example_dags/example_xcomargs.py for tasks to queue
[2025-03-27T16:43:56.658+0000] {logging_mixin.py:190} INFO - [2025-03-27T16:43:56.657+0000] {dagbag.py:588} INFO - Filling up the DagBag from /home/airflow/.local/lib/python3.12/site-packages/airflow/example_dags/example_xcomargs.py
[2025-03-27T16:43:56.678+0000] {processor.py:925} INFO - DAG(s) 'example_xcom_args', 'example_xcom_args_with_operators' retrieved from /home/airflow/.local/lib/python3.12/site-packages/airflow/example_dags/example_xcomargs.py
[2025-03-27T16:43:56.721+0000] {logging_mixin.py:190} INFO - [2025-03-27T16:43:56.721+0000] {dag.py:3239} INFO - Sync 2 DAGs
[2025-03-27T16:43:56.746+0000] {logging_mixin.py:190} INFO - [2025-03-27T16:43:56.745+0000] {dag.py:4180} INFO - Setting next_dagrun for example_xcom_args to None, run_after=None
[2025-03-27T16:43:56.752+0000] {logging_mixin.py:190} INFO - [2025-03-27T16:43:56.751+0000] {dag.py:4180} INFO - Setting next_dagrun for example_xcom_args_with_operators to None, run_after=None
[2025-03-27T16:43:56.782+0000] {processor.py:208} INFO - Processing /home/airflow/.local/lib/python3.12/site-packages/airflow/example_dags/example_xcomargs.py took 0.150 seconds
[2025-03-27T16:44:27.055+0000] {processor.py:186} INFO - Started process (PID=1533) to work on /home/airflow/.local/lib/python3.12/site-packages/airflow/example_dags/example_xcomargs.py
[2025-03-27T16:44:27.056+0000] {processor.py:914} INFO - Processing file /home/airflow/.local/lib/python3.12/site-packages/airflow/example_dags/example_xcomargs.py for tasks to queue
[2025-03-27T16:44:27.060+0000] {logging_mixin.py:190} INFO - [2025-03-27T16:44:27.059+0000] {dagbag.py:588} INFO - Filling up the DagBag from /home/airflow/.local/lib/python3.12/site-packages/airflow/example_dags/example_xcomargs.py
[2025-03-27T16:44:27.072+0000] {processor.py:925} INFO - DAG(s) 'example_xcom_args_with_operators', 'example_xcom_args' retrieved from /home/airflow/.local/lib/python3.12/site-packages/airflow/example_dags/example_xcomargs.py
[2025-03-27T16:44:27.102+0000] {logging_mixin.py:190} INFO - [2025-03-27T16:44:27.102+0000] {dag.py:3239} INFO - Sync 2 DAGs
[2025-03-27T16:44:27.121+0000] {logging_mixin.py:190} INFO - [2025-03-27T16:44:27.121+0000] {dag.py:4180} INFO - Setting next_dagrun for example_xcom_args to None, run_after=None
[2025-03-27T16:44:27.125+0000] {logging_mixin.py:190} INFO - [2025-03-27T16:44:27.125+0000] {dag.py:4180} INFO - Setting next_dagrun for example_xcom_args_with_operators to None, run_after=None
[2025-03-27T16:44:27.152+0000] {processor.py:208} INFO - Processing /home/airflow/.local/lib/python3.12/site-packages/airflow/example_dags/example_xcomargs.py took 0.104 seconds
[2025-03-27T16:44:57.572+0000] {processor.py:186} INFO - Started process (PID=1598) to work on /home/airflow/.local/lib/python3.12/site-packages/airflow/example_dags/example_xcomargs.py
[2025-03-27T16:44:57.574+0000] {processor.py:914} INFO - Processing file /home/airflow/.local/lib/python3.12/site-packages/airflow/example_dags/example_xcomargs.py for tasks to queue
[2025-03-27T16:44:57.577+0000] {logging_mixin.py:190} INFO - [2025-03-27T16:44:57.577+0000] {dagbag.py:588} INFO - Filling up the DagBag from /home/airflow/.local/lib/python3.12/site-packages/airflow/example_dags/example_xcomargs.py
[2025-03-27T16:44:57.589+0000] {processor.py:925} INFO - DAG(s) 'example_xcom_args_with_operators', 'example_xcom_args' retrieved from /home/airflow/.local/lib/python3.12/site-packages/airflow/example_dags/example_xcomargs.py
[2025-03-27T16:44:57.618+0000] {logging_mixin.py:190} INFO - [2025-03-27T16:44:57.618+0000] {dag.py:3239} INFO - Sync 2 DAGs
[2025-03-27T16:44:57.635+0000] {logging_mixin.py:190} INFO - [2025-03-27T16:44:57.635+0000] {dag.py:4180} INFO - Setting next_dagrun for example_xcom_args to None, run_after=None
[2025-03-27T16:44:57.639+0000] {logging_mixin.py:190} INFO - [2025-03-27T16:44:57.639+0000] {dag.py:4180} INFO - Setting next_dagrun for example_xcom_args_with_operators to None, run_after=None
[2025-03-27T16:44:57.659+0000] {processor.py:208} INFO - Processing /home/airflow/.local/lib/python3.12/site-packages/airflow/example_dags/example_xcomargs.py took 0.095 seconds
[2025-03-27T16:45:28.552+0000] {processor.py:186} INFO - Started process (PID=1669) to work on /home/airflow/.local/lib/python3.12/site-packages/airflow/example_dags/example_xcomargs.py
[2025-03-27T16:45:28.554+0000] {processor.py:914} INFO - Processing file /home/airflow/.local/lib/python3.12/site-packages/airflow/example_dags/example_xcomargs.py for tasks to queue
[2025-03-27T16:45:28.557+0000] {logging_mixin.py:190} INFO - [2025-03-27T16:45:28.556+0000] {dagbag.py:588} INFO - Filling up the DagBag from /home/airflow/.local/lib/python3.12/site-packages/airflow/example_dags/example_xcomargs.py
[2025-03-27T16:45:28.568+0000] {processor.py:925} INFO - DAG(s) 'example_xcom_args', 'example_xcom_args_with_operators' retrieved from /home/airflow/.local/lib/python3.12/site-packages/airflow/example_dags/example_xcomargs.py
[2025-03-27T16:45:28.597+0000] {logging_mixin.py:190} INFO - [2025-03-27T16:45:28.596+0000] {dag.py:3239} INFO - Sync 2 DAGs
[2025-03-27T16:45:28.615+0000] {logging_mixin.py:190} INFO - [2025-03-27T16:45:28.615+0000] {dag.py:4180} INFO - Setting next_dagrun for example_xcom_args to None, run_after=None
[2025-03-27T16:45:28.619+0000] {logging_mixin.py:190} INFO - [2025-03-27T16:45:28.619+0000] {dag.py:4180} INFO - Setting next_dagrun for example_xcom_args_with_operators to None, run_after=None
[2025-03-27T16:45:28.639+0000] {processor.py:208} INFO - Processing /home/airflow/.local/lib/python3.12/site-packages/airflow/example_dags/example_xcomargs.py took 0.095 seconds
[2025-03-27T16:45:59.033+0000] {processor.py:186} INFO - Started process (PID=1734) to work on /home/airflow/.local/lib/python3.12/site-packages/airflow/example_dags/example_xcomargs.py
[2025-03-27T16:45:59.035+0000] {processor.py:914} INFO - Processing file /home/airflow/.local/lib/python3.12/site-packages/airflow/example_dags/example_xcomargs.py for tasks to queue
[2025-03-27T16:45:59.039+0000] {logging_mixin.py:190} INFO - [2025-03-27T16:45:59.039+0000] {dagbag.py:588} INFO - Filling up the DagBag from /home/airflow/.local/lib/python3.12/site-packages/airflow/example_dags/example_xcomargs.py
[2025-03-27T16:45:59.052+0000] {processor.py:925} INFO - DAG(s) 'example_xcom_args', 'example_xcom_args_with_operators' retrieved from /home/airflow/.local/lib/python3.12/site-packages/airflow/example_dags/example_xcomargs.py
[2025-03-27T16:45:59.091+0000] {logging_mixin.py:190} INFO - [2025-03-27T16:45:59.090+0000] {dag.py:3239} INFO - Sync 2 DAGs
[2025-03-27T16:45:59.147+0000] {logging_mixin.py:190} INFO - [2025-03-27T16:45:59.147+0000] {dag.py:4180} INFO - Setting next_dagrun for example_xcom_args to None, run_after=None
[2025-03-27T16:45:59.153+0000] {logging_mixin.py:190} INFO - [2025-03-27T16:45:59.153+0000] {dag.py:4180} INFO - Setting next_dagrun for example_xcom_args_with_operators to None, run_after=None
[2025-03-27T16:45:59.182+0000] {processor.py:208} INFO - Processing /home/airflow/.local/lib/python3.12/site-packages/airflow/example_dags/example_xcomargs.py took 0.155 seconds
[2025-03-27T16:46:29.810+0000] {processor.py:186} INFO - Started process (PID=1799) to work on /home/airflow/.local/lib/python3.12/site-packages/airflow/example_dags/example_xcomargs.py
[2025-03-27T16:46:29.813+0000] {processor.py:914} INFO - Processing file /home/airflow/.local/lib/python3.12/site-packages/airflow/example_dags/example_xcomargs.py for tasks to queue
[2025-03-27T16:46:29.818+0000] {logging_mixin.py:190} INFO - [2025-03-27T16:46:29.818+0000] {dagbag.py:588} INFO - Filling up the DagBag from /home/airflow/.local/lib/python3.12/site-packages/airflow/example_dags/example_xcomargs.py
[2025-03-27T16:46:29.835+0000] {processor.py:925} INFO - DAG(s) 'example_xcom_args_with_operators', 'example_xcom_args' retrieved from /home/airflow/.local/lib/python3.12/site-packages/airflow/example_dags/example_xcomargs.py
[2025-03-27T16:46:29.873+0000] {logging_mixin.py:190} INFO - [2025-03-27T16:46:29.872+0000] {dag.py:3239} INFO - Sync 2 DAGs
[2025-03-27T16:46:29.891+0000] {logging_mixin.py:190} INFO - [2025-03-27T16:46:29.891+0000] {dag.py:4180} INFO - Setting next_dagrun for example_xcom_args to None, run_after=None
[2025-03-27T16:46:29.895+0000] {logging_mixin.py:190} INFO - [2025-03-27T16:46:29.895+0000] {dag.py:4180} INFO - Setting next_dagrun for example_xcom_args_with_operators to None, run_after=None
[2025-03-27T16:46:29.919+0000] {processor.py:208} INFO - Processing /home/airflow/.local/lib/python3.12/site-packages/airflow/example_dags/example_xcomargs.py took 0.122 seconds
[2025-03-27T16:47:00.894+0000] {processor.py:186} INFO - Started process (PID=1863) to work on /home/airflow/.local/lib/python3.12/site-packages/airflow/example_dags/example_xcomargs.py
[2025-03-27T16:47:00.896+0000] {processor.py:914} INFO - Processing file /home/airflow/.local/lib/python3.12/site-packages/airflow/example_dags/example_xcomargs.py for tasks to queue
[2025-03-27T16:47:00.900+0000] {logging_mixin.py:190} INFO - [2025-03-27T16:47:00.900+0000] {dagbag.py:588} INFO - Filling up the DagBag from /home/airflow/.local/lib/python3.12/site-packages/airflow/example_dags/example_xcomargs.py
[2025-03-27T16:47:00.916+0000] {processor.py:925} INFO - DAG(s) 'example_xcom_args', 'example_xcom_args_with_operators' retrieved from /home/airflow/.local/lib/python3.12/site-packages/airflow/example_dags/example_xcomargs.py
[2025-03-27T16:47:00.945+0000] {logging_mixin.py:190} INFO - [2025-03-27T16:47:00.945+0000] {dag.py:3239} INFO - Sync 2 DAGs
[2025-03-27T16:47:00.962+0000] {logging_mixin.py:190} INFO - [2025-03-27T16:47:00.961+0000] {dag.py:4180} INFO - Setting next_dagrun for example_xcom_args to None, run_after=None
[2025-03-27T16:47:00.966+0000] {logging_mixin.py:190} INFO - [2025-03-27T16:47:00.966+0000] {dag.py:4180} INFO - Setting next_dagrun for example_xcom_args_with_operators to None, run_after=None
[2025-03-27T16:47:00.987+0000] {processor.py:208} INFO - Processing /home/airflow/.local/lib/python3.12/site-packages/airflow/example_dags/example_xcomargs.py took 0.104 seconds
[2025-03-27T16:47:31.228+0000] {processor.py:186} INFO - Started process (PID=1928) to work on /home/airflow/.local/lib/python3.12/site-packages/airflow/example_dags/example_xcomargs.py
[2025-03-27T16:47:31.230+0000] {processor.py:914} INFO - Processing file /home/airflow/.local/lib/python3.12/site-packages/airflow/example_dags/example_xcomargs.py for tasks to queue
[2025-03-27T16:47:31.232+0000] {logging_mixin.py:190} INFO - [2025-03-27T16:47:31.232+0000] {dagbag.py:588} INFO - Filling up the DagBag from /home/airflow/.local/lib/python3.12/site-packages/airflow/example_dags/example_xcomargs.py
[2025-03-27T16:47:31.247+0000] {processor.py:925} INFO - DAG(s) 'example_xcom_args', 'example_xcom_args_with_operators' retrieved from /home/airflow/.local/lib/python3.12/site-packages/airflow/example_dags/example_xcomargs.py
[2025-03-27T16:47:31.275+0000] {logging_mixin.py:190} INFO - [2025-03-27T16:47:31.274+0000] {dag.py:3239} INFO - Sync 2 DAGs
[2025-03-27T16:47:31.295+0000] {logging_mixin.py:190} INFO - [2025-03-27T16:47:31.295+0000] {dag.py:4180} INFO - Setting next_dagrun for example_xcom_args to None, run_after=None
[2025-03-27T16:47:31.302+0000] {logging_mixin.py:190} INFO - [2025-03-27T16:47:31.302+0000] {dag.py:4180} INFO - Setting next_dagrun for example_xcom_args_with_operators to None, run_after=None
[2025-03-27T16:47:31.332+0000] {processor.py:208} INFO - Processing /home/airflow/.local/lib/python3.12/site-packages/airflow/example_dags/example_xcomargs.py took 0.109 seconds
[2025-03-27T16:48:02.216+0000] {processor.py:186} INFO - Started process (PID=1993) to work on /home/airflow/.local/lib/python3.12/site-packages/airflow/example_dags/example_xcomargs.py
[2025-03-27T16:48:02.218+0000] {processor.py:914} INFO - Processing file /home/airflow/.local/lib/python3.12/site-packages/airflow/example_dags/example_xcomargs.py for tasks to queue
[2025-03-27T16:48:02.222+0000] {logging_mixin.py:190} INFO - [2025-03-27T16:48:02.221+0000] {dagbag.py:588} INFO - Filling up the DagBag from /home/airflow/.local/lib/python3.12/site-packages/airflow/example_dags/example_xcomargs.py
[2025-03-27T16:48:02.239+0000] {processor.py:925} INFO - DAG(s) 'example_xcom_args', 'example_xcom_args_with_operators' retrieved from /home/airflow/.local/lib/python3.12/site-packages/airflow/example_dags/example_xcomargs.py
[2025-03-27T16:48:02.278+0000] {logging_mixin.py:190} INFO - [2025-03-27T16:48:02.277+0000] {dag.py:3239} INFO - Sync 2 DAGs
[2025-03-27T16:48:02.307+0000] {logging_mixin.py:190} INFO - [2025-03-27T16:48:02.306+0000] {dag.py:4180} INFO - Setting next_dagrun for example_xcom_args to None, run_after=None
[2025-03-27T16:48:02.315+0000] {logging_mixin.py:190} INFO - [2025-03-27T16:48:02.314+0000] {dag.py:4180} INFO - Setting next_dagrun for example_xcom_args_with_operators to None, run_after=None
[2025-03-27T16:48:02.342+0000] {processor.py:208} INFO - Processing /home/airflow/.local/lib/python3.12/site-packages/airflow/example_dags/example_xcomargs.py took 0.135 seconds
[2025-03-27T16:48:32.888+0000] {processor.py:186} INFO - Started process (PID=2058) to work on /home/airflow/.local/lib/python3.12/site-packages/airflow/example_dags/example_xcomargs.py
[2025-03-27T16:48:32.890+0000] {processor.py:914} INFO - Processing file /home/airflow/.local/lib/python3.12/site-packages/airflow/example_dags/example_xcomargs.py for tasks to queue
[2025-03-27T16:48:32.895+0000] {logging_mixin.py:190} INFO - [2025-03-27T16:48:32.894+0000] {dagbag.py:588} INFO - Filling up the DagBag from /home/airflow/.local/lib/python3.12/site-packages/airflow/example_dags/example_xcomargs.py
[2025-03-27T16:48:32.909+0000] {processor.py:925} INFO - DAG(s) 'example_xcom_args_with_operators', 'example_xcom_args' retrieved from /home/airflow/.local/lib/python3.12/site-packages/airflow/example_dags/example_xcomargs.py
[2025-03-27T16:48:32.935+0000] {logging_mixin.py:190} INFO - [2025-03-27T16:48:32.935+0000] {dag.py:3239} INFO - Sync 2 DAGs
[2025-03-27T16:48:32.953+0000] {logging_mixin.py:190} INFO - [2025-03-27T16:48:32.952+0000] {dag.py:4180} INFO - Setting next_dagrun for example_xcom_args to None, run_after=None
[2025-03-27T16:48:32.959+0000] {logging_mixin.py:190} INFO - [2025-03-27T16:48:32.958+0000] {dag.py:4180} INFO - Setting next_dagrun for example_xcom_args_with_operators to None, run_after=None
[2025-03-27T16:48:32.981+0000] {processor.py:208} INFO - Processing /home/airflow/.local/lib/python3.12/site-packages/airflow/example_dags/example_xcomargs.py took 0.106 seconds
[2025-03-27T16:49:03.303+0000] {processor.py:186} INFO - Started process (PID=2123) to work on /home/airflow/.local/lib/python3.12/site-packages/airflow/example_dags/example_xcomargs.py
[2025-03-27T16:49:03.304+0000] {processor.py:914} INFO - Processing file /home/airflow/.local/lib/python3.12/site-packages/airflow/example_dags/example_xcomargs.py for tasks to queue
[2025-03-27T16:49:03.307+0000] {logging_mixin.py:190} INFO - [2025-03-27T16:49:03.307+0000] {dagbag.py:588} INFO - Filling up the DagBag from /home/airflow/.local/lib/python3.12/site-packages/airflow/example_dags/example_xcomargs.py
[2025-03-27T16:49:03.319+0000] {processor.py:925} INFO - DAG(s) 'example_xcom_args', 'example_xcom_args_with_operators' retrieved from /home/airflow/.local/lib/python3.12/site-packages/airflow/example_dags/example_xcomargs.py
[2025-03-27T16:49:03.344+0000] {logging_mixin.py:190} INFO - [2025-03-27T16:49:03.344+0000] {dag.py:3239} INFO - Sync 2 DAGs
[2025-03-27T16:49:03.361+0000] {logging_mixin.py:190} INFO - [2025-03-27T16:49:03.360+0000] {dag.py:4180} INFO - Setting next_dagrun for example_xcom_args to None, run_after=None
[2025-03-27T16:49:03.366+0000] {logging_mixin.py:190} INFO - [2025-03-27T16:49:03.365+0000] {dag.py:4180} INFO - Setting next_dagrun for example_xcom_args_with_operators to None, run_after=None
[2025-03-27T16:49:03.385+0000] {processor.py:208} INFO - Processing /home/airflow/.local/lib/python3.12/site-packages/airflow/example_dags/example_xcomargs.py took 0.088 seconds
[2025-03-27T16:49:33.848+0000] {processor.py:186} INFO - Started process (PID=2188) to work on /home/airflow/.local/lib/python3.12/site-packages/airflow/example_dags/example_xcomargs.py
[2025-03-27T16:49:33.849+0000] {processor.py:914} INFO - Processing file /home/airflow/.local/lib/python3.12/site-packages/airflow/example_dags/example_xcomargs.py for tasks to queue
[2025-03-27T16:49:33.853+0000] {logging_mixin.py:190} INFO - [2025-03-27T16:49:33.852+0000] {dagbag.py:588} INFO - Filling up the DagBag from /home/airflow/.local/lib/python3.12/site-packages/airflow/example_dags/example_xcomargs.py
[2025-03-27T16:49:33.863+0000] {processor.py:925} INFO - DAG(s) 'example_xcom_args', 'example_xcom_args_with_operators' retrieved from /home/airflow/.local/lib/python3.12/site-packages/airflow/example_dags/example_xcomargs.py
[2025-03-27T16:49:33.890+0000] {logging_mixin.py:190} INFO - [2025-03-27T16:49:33.889+0000] {dag.py:3239} INFO - Sync 2 DAGs
[2025-03-27T16:49:33.904+0000] {logging_mixin.py:190} INFO - [2025-03-27T16:49:33.904+0000] {dag.py:4180} INFO - Setting next_dagrun for example_xcom_args to None, run_after=None
[2025-03-27T16:49:33.908+0000] {logging_mixin.py:190} INFO - [2025-03-27T16:49:33.908+0000] {dag.py:4180} INFO - Setting next_dagrun for example_xcom_args_with_operators to None, run_after=None
[2025-03-27T16:49:33.926+0000] {processor.py:208} INFO - Processing /home/airflow/.local/lib/python3.12/site-packages/airflow/example_dags/example_xcomargs.py took 0.085 seconds
[2025-03-27T16:50:04.628+0000] {processor.py:186} INFO - Started process (PID=2253) to work on /home/airflow/.local/lib/python3.12/site-packages/airflow/example_dags/example_xcomargs.py
[2025-03-27T16:50:04.630+0000] {processor.py:914} INFO - Processing file /home/airflow/.local/lib/python3.12/site-packages/airflow/example_dags/example_xcomargs.py for tasks to queue
[2025-03-27T16:50:04.632+0000] {logging_mixin.py:190} INFO - [2025-03-27T16:50:04.632+0000] {dagbag.py:588} INFO - Filling up the DagBag from /home/airflow/.local/lib/python3.12/site-packages/airflow/example_dags/example_xcomargs.py
[2025-03-27T16:50:04.646+0000] {processor.py:925} INFO - DAG(s) 'example_xcom_args', 'example_xcom_args_with_operators' retrieved from /home/airflow/.local/lib/python3.12/site-packages/airflow/example_dags/example_xcomargs.py
[2025-03-27T16:50:04.671+0000] {logging_mixin.py:190} INFO - [2025-03-27T16:50:04.670+0000] {dag.py:3239} INFO - Sync 2 DAGs
[2025-03-27T16:50:04.688+0000] {logging_mixin.py:190} INFO - [2025-03-27T16:50:04.687+0000] {dag.py:4180} INFO - Setting next_dagrun for example_xcom_args to None, run_after=None
[2025-03-27T16:50:04.694+0000] {logging_mixin.py:190} INFO - [2025-03-27T16:50:04.694+0000] {dag.py:4180} INFO - Setting next_dagrun for example_xcom_args_with_operators to None, run_after=None
[2025-03-27T16:50:04.714+0000] {processor.py:208} INFO - Processing /home/airflow/.local/lib/python3.12/site-packages/airflow/example_dags/example_xcomargs.py took 0.092 seconds
[2025-03-27T16:50:35.269+0000] {processor.py:186} INFO - Started process (PID=2318) to work on /home/airflow/.local/lib/python3.12/site-packages/airflow/example_dags/example_xcomargs.py
[2025-03-27T16:50:35.271+0000] {processor.py:914} INFO - Processing file /home/airflow/.local/lib/python3.12/site-packages/airflow/example_dags/example_xcomargs.py for tasks to queue
[2025-03-27T16:50:35.274+0000] {logging_mixin.py:190} INFO - [2025-03-27T16:50:35.273+0000] {dagbag.py:588} INFO - Filling up the DagBag from /home/airflow/.local/lib/python3.12/site-packages/airflow/example_dags/example_xcomargs.py
[2025-03-27T16:50:35.294+0000] {processor.py:925} INFO - DAG(s) 'example_xcom_args_with_operators', 'example_xcom_args' retrieved from /home/airflow/.local/lib/python3.12/site-packages/airflow/example_dags/example_xcomargs.py
[2025-03-27T16:50:35.337+0000] {logging_mixin.py:190} INFO - [2025-03-27T16:50:35.337+0000] {dag.py:3239} INFO - Sync 2 DAGs
[2025-03-27T16:50:35.360+0000] {logging_mixin.py:190} INFO - [2025-03-27T16:50:35.360+0000] {dag.py:4180} INFO - Setting next_dagrun for example_xcom_args to None, run_after=None
[2025-03-27T16:50:35.366+0000] {logging_mixin.py:190} INFO - [2025-03-27T16:50:35.366+0000] {dag.py:4180} INFO - Setting next_dagrun for example_xcom_args_with_operators to None, run_after=None
[2025-03-27T16:50:35.396+0000] {processor.py:208} INFO - Processing /home/airflow/.local/lib/python3.12/site-packages/airflow/example_dags/example_xcomargs.py took 0.135 seconds
[2025-03-27T16:51:06.356+0000] {processor.py:186} INFO - Started process (PID=2381) to work on /home/airflow/.local/lib/python3.12/site-packages/airflow/example_dags/example_xcomargs.py
[2025-03-27T16:51:06.358+0000] {processor.py:914} INFO - Processing file /home/airflow/.local/lib/python3.12/site-packages/airflow/example_dags/example_xcomargs.py for tasks to queue
[2025-03-27T16:51:06.361+0000] {logging_mixin.py:190} INFO - [2025-03-27T16:51:06.361+0000] {dagbag.py:588} INFO - Filling up the DagBag from /home/airflow/.local/lib/python3.12/site-packages/airflow/example_dags/example_xcomargs.py
[2025-03-27T16:51:06.381+0000] {processor.py:925} INFO - DAG(s) 'example_xcom_args_with_operators', 'example_xcom_args' retrieved from /home/airflow/.local/lib/python3.12/site-packages/airflow/example_dags/example_xcomargs.py
[2025-03-27T16:51:06.426+0000] {logging_mixin.py:190} INFO - [2025-03-27T16:51:06.425+0000] {dag.py:3239} INFO - Sync 2 DAGs
[2025-03-27T16:51:06.448+0000] {logging_mixin.py:190} INFO - [2025-03-27T16:51:06.448+0000] {dag.py:4180} INFO - Setting next_dagrun for example_xcom_args to None, run_after=None
[2025-03-27T16:51:06.454+0000] {logging_mixin.py:190} INFO - [2025-03-27T16:51:06.453+0000] {dag.py:4180} INFO - Setting next_dagrun for example_xcom_args_with_operators to None, run_after=None
[2025-03-27T16:51:06.482+0000] {processor.py:208} INFO - Processing /home/airflow/.local/lib/python3.12/site-packages/airflow/example_dags/example_xcomargs.py took 0.138 seconds
[2025-03-27T16:51:37.093+0000] {processor.py:186} INFO - Started process (PID=2446) to work on /home/airflow/.local/lib/python3.12/site-packages/airflow/example_dags/example_xcomargs.py
[2025-03-27T16:51:37.096+0000] {processor.py:914} INFO - Processing file /home/airflow/.local/lib/python3.12/site-packages/airflow/example_dags/example_xcomargs.py for tasks to queue
[2025-03-27T16:51:37.100+0000] {logging_mixin.py:190} INFO - [2025-03-27T16:51:37.099+0000] {dagbag.py:588} INFO - Filling up the DagBag from /home/airflow/.local/lib/python3.12/site-packages/airflow/example_dags/example_xcomargs.py
[2025-03-27T16:51:37.137+0000] {processor.py:925} INFO - DAG(s) 'example_xcom_args', 'example_xcom_args_with_operators' retrieved from /home/airflow/.local/lib/python3.12/site-packages/airflow/example_dags/example_xcomargs.py
[2025-03-27T16:51:37.225+0000] {logging_mixin.py:190} INFO - [2025-03-27T16:51:37.225+0000] {dag.py:3239} INFO - Sync 2 DAGs
[2025-03-27T16:51:37.260+0000] {logging_mixin.py:190} INFO - [2025-03-27T16:51:37.260+0000] {dag.py:4180} INFO - Setting next_dagrun for example_xcom_args to None, run_after=None
[2025-03-27T16:53:04.566+0000] {processor.py:186} INFO - Started process (PID=123) to work on /home/airflow/.local/lib/python3.12/site-packages/airflow/example_dags/example_xcomargs.py
[2025-03-27T16:53:04.568+0000] {processor.py:914} INFO - Processing file /home/airflow/.local/lib/python3.12/site-packages/airflow/example_dags/example_xcomargs.py for tasks to queue
[2025-03-27T16:53:04.572+0000] {logging_mixin.py:190} INFO - [2025-03-27T16:53:04.571+0000] {dagbag.py:588} INFO - Filling up the DagBag from /home/airflow/.local/lib/python3.12/site-packages/airflow/example_dags/example_xcomargs.py
[2025-03-27T16:53:04.593+0000] {processor.py:925} INFO - DAG(s) 'example_xcom_args_with_operators', 'example_xcom_args' retrieved from /home/airflow/.local/lib/python3.12/site-packages/airflow/example_dags/example_xcomargs.py
[2025-03-27T16:53:04.647+0000] {logging_mixin.py:190} INFO - [2025-03-27T16:53:04.647+0000] {dag.py:3239} INFO - Sync 2 DAGs
[2025-03-27T16:53:04.672+0000] {logging_mixin.py:190} INFO - [2025-03-27T16:53:04.671+0000] {dag.py:4180} INFO - Setting next_dagrun for example_xcom_args to None, run_after=None
[2025-03-27T16:53:04.676+0000] {logging_mixin.py:190} INFO - [2025-03-27T16:53:04.676+0000] {dag.py:4180} INFO - Setting next_dagrun for example_xcom_args_with_operators to None, run_after=None
[2025-03-27T16:53:04.697+0000] {processor.py:208} INFO - Processing /home/airflow/.local/lib/python3.12/site-packages/airflow/example_dags/example_xcomargs.py took 0.142 seconds
