[2025-03-27T16:33:10.061+0000] {processor.py:186} INFO - Started process (PID=117) to work on /home/airflow/.local/lib/python3.12/site-packages/airflow/example_dags/example_sensors.py
[2025-03-27T16:33:10.062+0000] {processor.py:914} INFO - Processing file /home/airflow/.local/lib/python3.12/site-packages/airflow/example_dags/example_sensors.py for tasks to queue
[2025-03-27T16:33:10.066+0000] {logging_mixin.py:190} INFO - [2025-03-27T16:33:10.065+0000] {dagbag.py:588} INFO - Filling up the DagBag from /home/airflow/.local/lib/python3.12/site-packages/airflow/example_dags/example_sensors.py
[2025-03-27T16:33:10.083+0000] {processor.py:925} INFO - DAG(s) 'example_sensors' retrieved from /home/airflow/.local/lib/python3.12/site-packages/airflow/example_dags/example_sensors.py
[2025-03-27T16:33:10.198+0000] {logging_mixin.py:190} INFO - [2025-03-27T16:33:10.197+0000] {override.py:1912} INFO - Created Permission View: can read on DAG:example_sensors
[2025-03-27T16:33:10.209+0000] {logging_mixin.py:190} INFO - [2025-03-27T16:33:10.208+0000] {override.py:1912} INFO - Created Permission View: can delete on DAG:example_sensors
[2025-03-27T16:33:10.215+0000] {logging_mixin.py:190} INFO - [2025-03-27T16:33:10.214+0000] {override.py:1912} INFO - Created Permission View: can edit on DAG:example_sensors
[2025-03-27T16:33:10.221+0000] {logging_mixin.py:190} INFO - [2025-03-27T16:33:10.221+0000] {override.py:1912} INFO - Created Permission View: can read on DAG Run:example_sensors
[2025-03-27T16:33:10.234+0000] {logging_mixin.py:190} INFO - [2025-03-27T16:33:10.233+0000] {override.py:1912} INFO - Created Permission View: menu access on DAG Run:example_sensors
[2025-03-27T16:33:10.241+0000] {logging_mixin.py:190} INFO - [2025-03-27T16:33:10.241+0000] {override.py:1912} INFO - Created Permission View: can create on DAG Run:example_sensors
[2025-03-27T16:33:10.250+0000] {logging_mixin.py:190} INFO - [2025-03-27T16:33:10.250+0000] {override.py:1912} INFO - Created Permission View: can delete on DAG Run:example_sensors
[2025-03-27T16:33:10.252+0000] {logging_mixin.py:190} INFO - [2025-03-27T16:33:10.251+0000] {dag.py:3239} INFO - Sync 1 DAGs
[2025-03-27T16:33:10.288+0000] {logging_mixin.py:190} INFO - [2025-03-27T16:33:10.287+0000] {dag.py:3262} INFO - Creating ORM DAG for example_sensors
[2025-03-27T16:33:10.290+0000] {logging_mixin.py:190} INFO - [2025-03-27T16:33:10.289+0000] {dag.py:4180} INFO - Setting next_dagrun for example_sensors to None, run_after=None
[2025-03-27T16:33:10.313+0000] {processor.py:208} INFO - Processing /home/airflow/.local/lib/python3.12/site-packages/airflow/example_dags/example_sensors.py took 0.259 seconds
[2025-03-27T16:33:40.671+0000] {processor.py:186} INFO - Started process (PID=180) to work on /home/airflow/.local/lib/python3.12/site-packages/airflow/example_dags/example_sensors.py
[2025-03-27T16:33:40.672+0000] {processor.py:914} INFO - Processing file /home/airflow/.local/lib/python3.12/site-packages/airflow/example_dags/example_sensors.py for tasks to queue
[2025-03-27T16:33:40.675+0000] {logging_mixin.py:190} INFO - [2025-03-27T16:33:40.674+0000] {dagbag.py:588} INFO - Filling up the DagBag from /home/airflow/.local/lib/python3.12/site-packages/airflow/example_dags/example_sensors.py
[2025-03-27T16:33:40.685+0000] {processor.py:925} INFO - DAG(s) 'example_sensors' retrieved from /home/airflow/.local/lib/python3.12/site-packages/airflow/example_dags/example_sensors.py
[2025-03-27T16:33:40.713+0000] {logging_mixin.py:190} INFO - [2025-03-27T16:33:40.712+0000] {dag.py:3239} INFO - Sync 1 DAGs
[2025-03-27T16:33:40.726+0000] {logging_mixin.py:190} INFO - [2025-03-27T16:33:40.726+0000] {dag.py:4180} INFO - Setting next_dagrun for example_sensors to None, run_after=None
[2025-03-27T16:33:40.762+0000] {processor.py:208} INFO - Processing /home/airflow/.local/lib/python3.12/site-packages/airflow/example_dags/example_sensors.py took 0.098 seconds
[2025-03-27T16:34:11.820+0000] {processor.py:186} INFO - Started process (PID=243) to work on /home/airflow/.local/lib/python3.12/site-packages/airflow/example_dags/example_sensors.py
[2025-03-27T16:34:11.822+0000] {processor.py:914} INFO - Processing file /home/airflow/.local/lib/python3.12/site-packages/airflow/example_dags/example_sensors.py for tasks to queue
[2025-03-27T16:34:11.825+0000] {logging_mixin.py:190} INFO - [2025-03-27T16:34:11.824+0000] {dagbag.py:588} INFO - Filling up the DagBag from /home/airflow/.local/lib/python3.12/site-packages/airflow/example_dags/example_sensors.py
[2025-03-27T16:34:11.840+0000] {processor.py:925} INFO - DAG(s) 'example_sensors' retrieved from /home/airflow/.local/lib/python3.12/site-packages/airflow/example_dags/example_sensors.py
[2025-03-27T16:34:11.869+0000] {logging_mixin.py:190} INFO - [2025-03-27T16:34:11.869+0000] {dag.py:3239} INFO - Sync 1 DAGs
[2025-03-27T16:34:11.884+0000] {logging_mixin.py:190} INFO - [2025-03-27T16:34:11.884+0000] {dag.py:4180} INFO - Setting next_dagrun for example_sensors to None, run_after=None
[2025-03-27T16:34:11.904+0000] {processor.py:208} INFO - Processing /home/airflow/.local/lib/python3.12/site-packages/airflow/example_dags/example_sensors.py took 0.095 seconds
[2025-03-27T16:34:42.237+0000] {processor.py:186} INFO - Started process (PID=305) to work on /home/airflow/.local/lib/python3.12/site-packages/airflow/example_dags/example_sensors.py
[2025-03-27T16:34:42.238+0000] {processor.py:914} INFO - Processing file /home/airflow/.local/lib/python3.12/site-packages/airflow/example_dags/example_sensors.py for tasks to queue
[2025-03-27T16:34:42.242+0000] {logging_mixin.py:190} INFO - [2025-03-27T16:34:42.241+0000] {dagbag.py:588} INFO - Filling up the DagBag from /home/airflow/.local/lib/python3.12/site-packages/airflow/example_dags/example_sensors.py
[2025-03-27T16:34:42.256+0000] {processor.py:925} INFO - DAG(s) 'example_sensors' retrieved from /home/airflow/.local/lib/python3.12/site-packages/airflow/example_dags/example_sensors.py
[2025-03-27T16:34:42.286+0000] {logging_mixin.py:190} INFO - [2025-03-27T16:34:42.285+0000] {dag.py:3239} INFO - Sync 1 DAGs
[2025-03-27T16:34:42.305+0000] {logging_mixin.py:190} INFO - [2025-03-27T16:34:42.305+0000] {dag.py:4180} INFO - Setting next_dagrun for example_sensors to None, run_after=None
[2025-03-27T16:34:42.390+0000] {processor.py:208} INFO - Processing /home/airflow/.local/lib/python3.12/site-packages/airflow/example_dags/example_sensors.py took 0.172 seconds
[2025-03-27T16:35:12.930+0000] {processor.py:186} INFO - Started process (PID=367) to work on /home/airflow/.local/lib/python3.12/site-packages/airflow/example_dags/example_sensors.py
[2025-03-27T16:35:12.931+0000] {processor.py:914} INFO - Processing file /home/airflow/.local/lib/python3.12/site-packages/airflow/example_dags/example_sensors.py for tasks to queue
[2025-03-27T16:35:12.934+0000] {logging_mixin.py:190} INFO - [2025-03-27T16:35:12.934+0000] {dagbag.py:588} INFO - Filling up the DagBag from /home/airflow/.local/lib/python3.12/site-packages/airflow/example_dags/example_sensors.py
[2025-03-27T16:35:12.947+0000] {processor.py:925} INFO - DAG(s) 'example_sensors' retrieved from /home/airflow/.local/lib/python3.12/site-packages/airflow/example_dags/example_sensors.py
[2025-03-27T16:35:12.976+0000] {logging_mixin.py:190} INFO - [2025-03-27T16:35:12.976+0000] {dag.py:3239} INFO - Sync 1 DAGs
[2025-03-27T16:35:12.991+0000] {logging_mixin.py:190} INFO - [2025-03-27T16:35:12.991+0000] {dag.py:4180} INFO - Setting next_dagrun for example_sensors to None, run_after=None
[2025-03-27T16:35:13.011+0000] {processor.py:208} INFO - Processing /home/airflow/.local/lib/python3.12/site-packages/airflow/example_dags/example_sensors.py took 0.088 seconds
[2025-03-27T16:35:43.078+0000] {processor.py:186} INFO - Started process (PID=431) to work on /home/airflow/.local/lib/python3.12/site-packages/airflow/example_dags/example_sensors.py
[2025-03-27T16:35:43.080+0000] {processor.py:914} INFO - Processing file /home/airflow/.local/lib/python3.12/site-packages/airflow/example_dags/example_sensors.py for tasks to queue
[2025-03-27T16:35:43.082+0000] {logging_mixin.py:190} INFO - [2025-03-27T16:35:43.082+0000] {dagbag.py:588} INFO - Filling up the DagBag from /home/airflow/.local/lib/python3.12/site-packages/airflow/example_dags/example_sensors.py
[2025-03-27T16:35:43.094+0000] {processor.py:925} INFO - DAG(s) 'example_sensors' retrieved from /home/airflow/.local/lib/python3.12/site-packages/airflow/example_dags/example_sensors.py
[2025-03-27T16:35:43.126+0000] {logging_mixin.py:190} INFO - [2025-03-27T16:35:43.126+0000] {dag.py:3239} INFO - Sync 1 DAGs
[2025-03-27T16:35:43.155+0000] {logging_mixin.py:190} INFO - [2025-03-27T16:35:43.154+0000] {dag.py:4180} INFO - Setting next_dagrun for example_sensors to None, run_after=None
[2025-03-27T16:35:43.195+0000] {processor.py:208} INFO - Processing /home/airflow/.local/lib/python3.12/site-packages/airflow/example_dags/example_sensors.py took 0.122 seconds
[2025-03-27T16:36:13.830+0000] {processor.py:186} INFO - Started process (PID=494) to work on /home/airflow/.local/lib/python3.12/site-packages/airflow/example_dags/example_sensors.py
[2025-03-27T16:36:13.833+0000] {processor.py:914} INFO - Processing file /home/airflow/.local/lib/python3.12/site-packages/airflow/example_dags/example_sensors.py for tasks to queue
[2025-03-27T16:36:13.836+0000] {logging_mixin.py:190} INFO - [2025-03-27T16:36:13.836+0000] {dagbag.py:588} INFO - Filling up the DagBag from /home/airflow/.local/lib/python3.12/site-packages/airflow/example_dags/example_sensors.py
[2025-03-27T16:36:13.850+0000] {processor.py:925} INFO - DAG(s) 'example_sensors' retrieved from /home/airflow/.local/lib/python3.12/site-packages/airflow/example_dags/example_sensors.py
[2025-03-27T16:36:13.884+0000] {logging_mixin.py:190} INFO - [2025-03-27T16:36:13.883+0000] {dag.py:3239} INFO - Sync 1 DAGs
[2025-03-27T16:36:13.908+0000] {logging_mixin.py:190} INFO - [2025-03-27T16:36:13.908+0000] {dag.py:4180} INFO - Setting next_dagrun for example_sensors to None, run_after=None
[2025-03-27T16:36:13.941+0000] {processor.py:208} INFO - Processing /home/airflow/.local/lib/python3.12/site-packages/airflow/example_dags/example_sensors.py took 0.120 seconds
[2025-03-27T16:36:45.100+0000] {processor.py:186} INFO - Started process (PID=557) to work on /home/airflow/.local/lib/python3.12/site-packages/airflow/example_dags/example_sensors.py
[2025-03-27T16:36:45.101+0000] {processor.py:914} INFO - Processing file /home/airflow/.local/lib/python3.12/site-packages/airflow/example_dags/example_sensors.py for tasks to queue
[2025-03-27T16:36:45.104+0000] {logging_mixin.py:190} INFO - [2025-03-27T16:36:45.104+0000] {dagbag.py:588} INFO - Filling up the DagBag from /home/airflow/.local/lib/python3.12/site-packages/airflow/example_dags/example_sensors.py
[2025-03-27T16:36:45.119+0000] {processor.py:925} INFO - DAG(s) 'example_sensors' retrieved from /home/airflow/.local/lib/python3.12/site-packages/airflow/example_dags/example_sensors.py
[2025-03-27T16:36:45.150+0000] {logging_mixin.py:190} INFO - [2025-03-27T16:36:45.150+0000] {dag.py:3239} INFO - Sync 1 DAGs
[2025-03-27T16:36:45.165+0000] {logging_mixin.py:190} INFO - [2025-03-27T16:36:45.165+0000] {dag.py:4180} INFO - Setting next_dagrun for example_sensors to None, run_after=None
[2025-03-27T16:36:45.187+0000] {processor.py:208} INFO - Processing /home/airflow/.local/lib/python3.12/site-packages/airflow/example_dags/example_sensors.py took 0.099 seconds
[2025-03-27T16:37:15.804+0000] {processor.py:186} INFO - Started process (PID=620) to work on /home/airflow/.local/lib/python3.12/site-packages/airflow/example_dags/example_sensors.py
[2025-03-27T16:37:15.807+0000] {processor.py:914} INFO - Processing file /home/airflow/.local/lib/python3.12/site-packages/airflow/example_dags/example_sensors.py for tasks to queue
[2025-03-27T16:37:15.812+0000] {logging_mixin.py:190} INFO - [2025-03-27T16:37:15.811+0000] {dagbag.py:588} INFO - Filling up the DagBag from /home/airflow/.local/lib/python3.12/site-packages/airflow/example_dags/example_sensors.py
[2025-03-27T16:37:15.833+0000] {processor.py:925} INFO - DAG(s) 'example_sensors' retrieved from /home/airflow/.local/lib/python3.12/site-packages/airflow/example_dags/example_sensors.py
[2025-03-27T16:37:15.884+0000] {logging_mixin.py:190} INFO - [2025-03-27T16:37:15.883+0000] {dag.py:3239} INFO - Sync 1 DAGs
[2025-03-27T16:37:15.914+0000] {logging_mixin.py:190} INFO - [2025-03-27T16:37:15.913+0000] {dag.py:4180} INFO - Setting next_dagrun for example_sensors to None, run_after=None
[2025-03-27T16:37:15.944+0000] {processor.py:208} INFO - Processing /home/airflow/.local/lib/python3.12/site-packages/airflow/example_dags/example_sensors.py took 0.150 seconds
[2025-03-27T16:37:46.116+0000] {processor.py:186} INFO - Started process (PID=682) to work on /home/airflow/.local/lib/python3.12/site-packages/airflow/example_dags/example_sensors.py
[2025-03-27T16:37:46.119+0000] {processor.py:914} INFO - Processing file /home/airflow/.local/lib/python3.12/site-packages/airflow/example_dags/example_sensors.py for tasks to queue
[2025-03-27T16:37:46.126+0000] {logging_mixin.py:190} INFO - [2025-03-27T16:37:46.125+0000] {dagbag.py:588} INFO - Filling up the DagBag from /home/airflow/.local/lib/python3.12/site-packages/airflow/example_dags/example_sensors.py
[2025-03-27T16:37:46.153+0000] {processor.py:925} INFO - DAG(s) 'example_sensors' retrieved from /home/airflow/.local/lib/python3.12/site-packages/airflow/example_dags/example_sensors.py
[2025-03-27T16:37:46.209+0000] {logging_mixin.py:190} INFO - [2025-03-27T16:37:46.209+0000] {dag.py:3239} INFO - Sync 1 DAGs
[2025-03-27T16:37:46.226+0000] {logging_mixin.py:190} INFO - [2025-03-27T16:37:46.226+0000] {dag.py:4180} INFO - Setting next_dagrun for example_sensors to None, run_after=None
[2025-03-27T16:37:46.261+0000] {processor.py:208} INFO - Processing /home/airflow/.local/lib/python3.12/site-packages/airflow/example_dags/example_sensors.py took 0.162 seconds
[2025-03-27T16:38:16.669+0000] {processor.py:186} INFO - Started process (PID=747) to work on /home/airflow/.local/lib/python3.12/site-packages/airflow/example_dags/example_sensors.py
[2025-03-27T16:38:16.671+0000] {processor.py:914} INFO - Processing file /home/airflow/.local/lib/python3.12/site-packages/airflow/example_dags/example_sensors.py for tasks to queue
[2025-03-27T16:38:16.679+0000] {logging_mixin.py:190} INFO - [2025-03-27T16:38:16.678+0000] {dagbag.py:588} INFO - Filling up the DagBag from /home/airflow/.local/lib/python3.12/site-packages/airflow/example_dags/example_sensors.py
[2025-03-27T16:38:16.705+0000] {processor.py:925} INFO - DAG(s) 'example_sensors' retrieved from /home/airflow/.local/lib/python3.12/site-packages/airflow/example_dags/example_sensors.py
[2025-03-27T16:38:16.756+0000] {logging_mixin.py:190} INFO - [2025-03-27T16:38:16.756+0000] {dag.py:3239} INFO - Sync 1 DAGs
[2025-03-27T16:38:16.779+0000] {logging_mixin.py:190} INFO - [2025-03-27T16:38:16.778+0000] {dag.py:4180} INFO - Setting next_dagrun for example_sensors to None, run_after=None
[2025-03-27T16:38:16.805+0000] {processor.py:208} INFO - Processing /home/airflow/.local/lib/python3.12/site-packages/airflow/example_dags/example_sensors.py took 0.150 seconds
[2025-03-27T16:38:47.292+0000] {processor.py:186} INFO - Started process (PID=813) to work on /home/airflow/.local/lib/python3.12/site-packages/airflow/example_dags/example_sensors.py
[2025-03-27T16:38:47.293+0000] {processor.py:914} INFO - Processing file /home/airflow/.local/lib/python3.12/site-packages/airflow/example_dags/example_sensors.py for tasks to queue
[2025-03-27T16:38:47.297+0000] {logging_mixin.py:190} INFO - [2025-03-27T16:38:47.297+0000] {dagbag.py:588} INFO - Filling up the DagBag from /home/airflow/.local/lib/python3.12/site-packages/airflow/example_dags/example_sensors.py
[2025-03-27T16:38:47.310+0000] {processor.py:925} INFO - DAG(s) 'example_sensors' retrieved from /home/airflow/.local/lib/python3.12/site-packages/airflow/example_dags/example_sensors.py
[2025-03-27T16:38:47.342+0000] {logging_mixin.py:190} INFO - [2025-03-27T16:38:47.342+0000] {dag.py:3239} INFO - Sync 1 DAGs
[2025-03-27T16:38:47.363+0000] {logging_mixin.py:190} INFO - [2025-03-27T16:38:47.363+0000] {dag.py:4180} INFO - Setting next_dagrun for example_sensors to None, run_after=None
[2025-03-27T16:38:47.394+0000] {processor.py:208} INFO - Processing /home/airflow/.local/lib/python3.12/site-packages/airflow/example_dags/example_sensors.py took 0.108 seconds
[2025-03-27T16:39:18.539+0000] {processor.py:186} INFO - Started process (PID=878) to work on /home/airflow/.local/lib/python3.12/site-packages/airflow/example_dags/example_sensors.py
[2025-03-27T16:39:18.540+0000] {processor.py:914} INFO - Processing file /home/airflow/.local/lib/python3.12/site-packages/airflow/example_dags/example_sensors.py for tasks to queue
[2025-03-27T16:39:18.543+0000] {logging_mixin.py:190} INFO - [2025-03-27T16:39:18.542+0000] {dagbag.py:588} INFO - Filling up the DagBag from /home/airflow/.local/lib/python3.12/site-packages/airflow/example_dags/example_sensors.py
[2025-03-27T16:39:18.555+0000] {processor.py:925} INFO - DAG(s) 'example_sensors' retrieved from /home/airflow/.local/lib/python3.12/site-packages/airflow/example_dags/example_sensors.py
[2025-03-27T16:39:18.589+0000] {logging_mixin.py:190} INFO - [2025-03-27T16:39:18.589+0000] {dag.py:3239} INFO - Sync 1 DAGs
[2025-03-27T16:39:18.604+0000] {logging_mixin.py:190} INFO - [2025-03-27T16:39:18.604+0000] {dag.py:4180} INFO - Setting next_dagrun for example_sensors to None, run_after=None
[2025-03-27T16:39:18.628+0000] {processor.py:208} INFO - Processing /home/airflow/.local/lib/python3.12/site-packages/airflow/example_dags/example_sensors.py took 0.095 seconds
[2025-03-27T16:39:49.860+0000] {processor.py:186} INFO - Started process (PID=943) to work on /home/airflow/.local/lib/python3.12/site-packages/airflow/example_dags/example_sensors.py
[2025-03-27T16:39:49.926+0000] {processor.py:914} INFO - Processing file /home/airflow/.local/lib/python3.12/site-packages/airflow/example_dags/example_sensors.py for tasks to queue
[2025-03-27T16:39:49.930+0000] {logging_mixin.py:190} INFO - [2025-03-27T16:39:49.930+0000] {dagbag.py:588} INFO - Filling up the DagBag from /home/airflow/.local/lib/python3.12/site-packages/airflow/example_dags/example_sensors.py
[2025-03-27T16:39:49.956+0000] {processor.py:925} INFO - DAG(s) 'example_sensors' retrieved from /home/airflow/.local/lib/python3.12/site-packages/airflow/example_dags/example_sensors.py
[2025-03-27T16:39:50.014+0000] {logging_mixin.py:190} INFO - [2025-03-27T16:39:50.014+0000] {dag.py:3239} INFO - Sync 1 DAGs
[2025-03-27T16:39:50.036+0000] {logging_mixin.py:190} INFO - [2025-03-27T16:39:50.036+0000] {dag.py:4180} INFO - Setting next_dagrun for example_sensors to None, run_after=None
[2025-03-27T16:39:50.067+0000] {processor.py:208} INFO - Processing /home/airflow/.local/lib/python3.12/site-packages/airflow/example_dags/example_sensors.py took 0.213 seconds
[2025-03-27T16:40:21.037+0000] {processor.py:186} INFO - Started process (PID=1008) to work on /home/airflow/.local/lib/python3.12/site-packages/airflow/example_dags/example_sensors.py
[2025-03-27T16:40:21.039+0000] {processor.py:914} INFO - Processing file /home/airflow/.local/lib/python3.12/site-packages/airflow/example_dags/example_sensors.py for tasks to queue
[2025-03-27T16:40:21.045+0000] {logging_mixin.py:190} INFO - [2025-03-27T16:40:21.044+0000] {dagbag.py:588} INFO - Filling up the DagBag from /home/airflow/.local/lib/python3.12/site-packages/airflow/example_dags/example_sensors.py
[2025-03-27T16:40:21.061+0000] {processor.py:925} INFO - DAG(s) 'example_sensors' retrieved from /home/airflow/.local/lib/python3.12/site-packages/airflow/example_dags/example_sensors.py
[2025-03-27T16:40:21.115+0000] {logging_mixin.py:190} INFO - [2025-03-27T16:40:21.115+0000] {dag.py:3239} INFO - Sync 1 DAGs
[2025-03-27T16:40:21.139+0000] {logging_mixin.py:190} INFO - [2025-03-27T16:40:21.138+0000] {dag.py:4180} INFO - Setting next_dagrun for example_sensors to None, run_after=None
[2025-03-27T16:40:21.160+0000] {processor.py:208} INFO - Processing /home/airflow/.local/lib/python3.12/site-packages/airflow/example_dags/example_sensors.py took 0.132 seconds
[2025-03-27T16:40:51.660+0000] {processor.py:186} INFO - Started process (PID=1073) to work on /home/airflow/.local/lib/python3.12/site-packages/airflow/example_dags/example_sensors.py
[2025-03-27T16:40:51.662+0000] {processor.py:914} INFO - Processing file /home/airflow/.local/lib/python3.12/site-packages/airflow/example_dags/example_sensors.py for tasks to queue
[2025-03-27T16:40:51.668+0000] {logging_mixin.py:190} INFO - [2025-03-27T16:40:51.667+0000] {dagbag.py:588} INFO - Filling up the DagBag from /home/airflow/.local/lib/python3.12/site-packages/airflow/example_dags/example_sensors.py
[2025-03-27T16:40:51.681+0000] {processor.py:925} INFO - DAG(s) 'example_sensors' retrieved from /home/airflow/.local/lib/python3.12/site-packages/airflow/example_dags/example_sensors.py
[2025-03-27T16:40:51.709+0000] {logging_mixin.py:190} INFO - [2025-03-27T16:40:51.709+0000] {dag.py:3239} INFO - Sync 1 DAGs
[2025-03-27T16:40:51.724+0000] {logging_mixin.py:190} INFO - [2025-03-27T16:40:51.723+0000] {dag.py:4180} INFO - Setting next_dagrun for example_sensors to None, run_after=None
[2025-03-27T16:40:51.745+0000] {processor.py:208} INFO - Processing /home/airflow/.local/lib/python3.12/site-packages/airflow/example_dags/example_sensors.py took 0.094 seconds
[2025-03-27T16:41:22.766+0000] {processor.py:186} INFO - Started process (PID=1138) to work on /home/airflow/.local/lib/python3.12/site-packages/airflow/example_dags/example_sensors.py
[2025-03-27T16:41:22.768+0000] {processor.py:914} INFO - Processing file /home/airflow/.local/lib/python3.12/site-packages/airflow/example_dags/example_sensors.py for tasks to queue
[2025-03-27T16:41:22.771+0000] {logging_mixin.py:190} INFO - [2025-03-27T16:41:22.770+0000] {dagbag.py:588} INFO - Filling up the DagBag from /home/airflow/.local/lib/python3.12/site-packages/airflow/example_dags/example_sensors.py
[2025-03-27T16:41:22.787+0000] {processor.py:925} INFO - DAG(s) 'example_sensors' retrieved from /home/airflow/.local/lib/python3.12/site-packages/airflow/example_dags/example_sensors.py
[2025-03-27T16:41:22.838+0000] {logging_mixin.py:190} INFO - [2025-03-27T16:41:22.837+0000] {dag.py:3239} INFO - Sync 1 DAGs
[2025-03-27T16:41:22.886+0000] {logging_mixin.py:190} INFO - [2025-03-27T16:41:22.886+0000] {dag.py:4180} INFO - Setting next_dagrun for example_sensors to None, run_after=None
[2025-03-27T16:41:22.920+0000] {processor.py:208} INFO - Processing /home/airflow/.local/lib/python3.12/site-packages/airflow/example_dags/example_sensors.py took 0.161 seconds
[2025-03-27T16:41:53.316+0000] {processor.py:186} INFO - Started process (PID=1204) to work on /home/airflow/.local/lib/python3.12/site-packages/airflow/example_dags/example_sensors.py
[2025-03-27T16:41:53.317+0000] {processor.py:914} INFO - Processing file /home/airflow/.local/lib/python3.12/site-packages/airflow/example_dags/example_sensors.py for tasks to queue
[2025-03-27T16:41:53.320+0000] {logging_mixin.py:190} INFO - [2025-03-27T16:41:53.319+0000] {dagbag.py:588} INFO - Filling up the DagBag from /home/airflow/.local/lib/python3.12/site-packages/airflow/example_dags/example_sensors.py
[2025-03-27T16:41:53.336+0000] {processor.py:925} INFO - DAG(s) 'example_sensors' retrieved from /home/airflow/.local/lib/python3.12/site-packages/airflow/example_dags/example_sensors.py
[2025-03-27T16:41:53.384+0000] {logging_mixin.py:190} INFO - [2025-03-27T16:41:53.384+0000] {dag.py:3239} INFO - Sync 1 DAGs
[2025-03-27T16:41:53.418+0000] {logging_mixin.py:190} INFO - [2025-03-27T16:41:53.417+0000] {dag.py:4180} INFO - Setting next_dagrun for example_sensors to None, run_after=None
[2025-03-27T16:41:53.525+0000] {processor.py:208} INFO - Processing /home/airflow/.local/lib/python3.12/site-packages/airflow/example_dags/example_sensors.py took 0.216 seconds
[2025-03-27T16:42:24.481+0000] {processor.py:186} INFO - Started process (PID=1269) to work on /home/airflow/.local/lib/python3.12/site-packages/airflow/example_dags/example_sensors.py
[2025-03-27T16:42:24.484+0000] {processor.py:914} INFO - Processing file /home/airflow/.local/lib/python3.12/site-packages/airflow/example_dags/example_sensors.py for tasks to queue
[2025-03-27T16:42:24.489+0000] {logging_mixin.py:190} INFO - [2025-03-27T16:42:24.488+0000] {dagbag.py:588} INFO - Filling up the DagBag from /home/airflow/.local/lib/python3.12/site-packages/airflow/example_dags/example_sensors.py
[2025-03-27T16:42:24.508+0000] {processor.py:925} INFO - DAG(s) 'example_sensors' retrieved from /home/airflow/.local/lib/python3.12/site-packages/airflow/example_dags/example_sensors.py
[2025-03-27T16:42:24.570+0000] {logging_mixin.py:190} INFO - [2025-03-27T16:42:24.569+0000] {dag.py:3239} INFO - Sync 1 DAGs
[2025-03-27T16:42:24.599+0000] {logging_mixin.py:190} INFO - [2025-03-27T16:42:24.599+0000] {dag.py:4180} INFO - Setting next_dagrun for example_sensors to None, run_after=None
[2025-03-27T16:42:24.635+0000] {processor.py:208} INFO - Processing /home/airflow/.local/lib/python3.12/site-packages/airflow/example_dags/example_sensors.py took 0.166 seconds
[2025-03-27T16:42:55.387+0000] {processor.py:186} INFO - Started process (PID=1334) to work on /home/airflow/.local/lib/python3.12/site-packages/airflow/example_dags/example_sensors.py
[2025-03-27T16:42:55.389+0000] {processor.py:914} INFO - Processing file /home/airflow/.local/lib/python3.12/site-packages/airflow/example_dags/example_sensors.py for tasks to queue
[2025-03-27T16:42:55.393+0000] {logging_mixin.py:190} INFO - [2025-03-27T16:42:55.393+0000] {dagbag.py:588} INFO - Filling up the DagBag from /home/airflow/.local/lib/python3.12/site-packages/airflow/example_dags/example_sensors.py
[2025-03-27T16:42:55.418+0000] {processor.py:925} INFO - DAG(s) 'example_sensors' retrieved from /home/airflow/.local/lib/python3.12/site-packages/airflow/example_dags/example_sensors.py
[2025-03-27T16:42:55.466+0000] {logging_mixin.py:190} INFO - [2025-03-27T16:42:55.465+0000] {dag.py:3239} INFO - Sync 1 DAGs
[2025-03-27T16:42:55.494+0000] {logging_mixin.py:190} INFO - [2025-03-27T16:42:55.494+0000] {dag.py:4180} INFO - Setting next_dagrun for example_sensors to None, run_after=None
[2025-03-27T16:42:55.520+0000] {processor.py:208} INFO - Processing /home/airflow/.local/lib/python3.12/site-packages/airflow/example_dags/example_sensors.py took 0.144 seconds
[2025-03-27T16:43:25.767+0000] {processor.py:186} INFO - Started process (PID=1399) to work on /home/airflow/.local/lib/python3.12/site-packages/airflow/example_dags/example_sensors.py
[2025-03-27T16:43:25.768+0000] {processor.py:914} INFO - Processing file /home/airflow/.local/lib/python3.12/site-packages/airflow/example_dags/example_sensors.py for tasks to queue
[2025-03-27T16:43:25.771+0000] {logging_mixin.py:190} INFO - [2025-03-27T16:43:25.770+0000] {dagbag.py:588} INFO - Filling up the DagBag from /home/airflow/.local/lib/python3.12/site-packages/airflow/example_dags/example_sensors.py
[2025-03-27T16:43:25.788+0000] {processor.py:925} INFO - DAG(s) 'example_sensors' retrieved from /home/airflow/.local/lib/python3.12/site-packages/airflow/example_dags/example_sensors.py
[2025-03-27T16:43:25.818+0000] {logging_mixin.py:190} INFO - [2025-03-27T16:43:25.818+0000] {dag.py:3239} INFO - Sync 1 DAGs
[2025-03-27T16:43:25.834+0000] {logging_mixin.py:190} INFO - [2025-03-27T16:43:25.834+0000] {dag.py:4180} INFO - Setting next_dagrun for example_sensors to None, run_after=None
[2025-03-27T16:43:25.856+0000] {processor.py:208} INFO - Processing /home/airflow/.local/lib/python3.12/site-packages/airflow/example_dags/example_sensors.py took 0.096 seconds
[2025-03-27T16:43:56.246+0000] {processor.py:186} INFO - Started process (PID=1465) to work on /home/airflow/.local/lib/python3.12/site-packages/airflow/example_dags/example_sensors.py
[2025-03-27T16:43:56.248+0000] {processor.py:914} INFO - Processing file /home/airflow/.local/lib/python3.12/site-packages/airflow/example_dags/example_sensors.py for tasks to queue
[2025-03-27T16:43:56.251+0000] {logging_mixin.py:190} INFO - [2025-03-27T16:43:56.251+0000] {dagbag.py:588} INFO - Filling up the DagBag from /home/airflow/.local/lib/python3.12/site-packages/airflow/example_dags/example_sensors.py
[2025-03-27T16:43:56.265+0000] {processor.py:925} INFO - DAG(s) 'example_sensors' retrieved from /home/airflow/.local/lib/python3.12/site-packages/airflow/example_dags/example_sensors.py
[2025-03-27T16:43:56.298+0000] {logging_mixin.py:190} INFO - [2025-03-27T16:43:56.298+0000] {dag.py:3239} INFO - Sync 1 DAGs
[2025-03-27T16:43:56.317+0000] {logging_mixin.py:190} INFO - [2025-03-27T16:43:56.316+0000] {dag.py:4180} INFO - Setting next_dagrun for example_sensors to None, run_after=None
[2025-03-27T16:43:56.348+0000] {processor.py:208} INFO - Processing /home/airflow/.local/lib/python3.12/site-packages/airflow/example_dags/example_sensors.py took 0.113 seconds
[2025-03-27T16:44:26.670+0000] {processor.py:186} INFO - Started process (PID=1531) to work on /home/airflow/.local/lib/python3.12/site-packages/airflow/example_dags/example_sensors.py
[2025-03-27T16:44:26.672+0000] {processor.py:914} INFO - Processing file /home/airflow/.local/lib/python3.12/site-packages/airflow/example_dags/example_sensors.py for tasks to queue
[2025-03-27T16:44:26.675+0000] {logging_mixin.py:190} INFO - [2025-03-27T16:44:26.674+0000] {dagbag.py:588} INFO - Filling up the DagBag from /home/airflow/.local/lib/python3.12/site-packages/airflow/example_dags/example_sensors.py
[2025-03-27T16:44:26.689+0000] {processor.py:925} INFO - DAG(s) 'example_sensors' retrieved from /home/airflow/.local/lib/python3.12/site-packages/airflow/example_dags/example_sensors.py
[2025-03-27T16:44:26.730+0000] {logging_mixin.py:190} INFO - [2025-03-27T16:44:26.730+0000] {dag.py:3239} INFO - Sync 1 DAGs
[2025-03-27T16:44:26.747+0000] {logging_mixin.py:190} INFO - [2025-03-27T16:44:26.747+0000] {dag.py:4180} INFO - Setting next_dagrun for example_sensors to None, run_after=None
[2025-03-27T16:44:26.776+0000] {processor.py:208} INFO - Processing /home/airflow/.local/lib/python3.12/site-packages/airflow/example_dags/example_sensors.py took 0.114 seconds
[2025-03-27T16:44:57.202+0000] {processor.py:186} INFO - Started process (PID=1596) to work on /home/airflow/.local/lib/python3.12/site-packages/airflow/example_dags/example_sensors.py
[2025-03-27T16:44:57.204+0000] {processor.py:914} INFO - Processing file /home/airflow/.local/lib/python3.12/site-packages/airflow/example_dags/example_sensors.py for tasks to queue
[2025-03-27T16:44:57.206+0000] {logging_mixin.py:190} INFO - [2025-03-27T16:44:57.206+0000] {dagbag.py:588} INFO - Filling up the DagBag from /home/airflow/.local/lib/python3.12/site-packages/airflow/example_dags/example_sensors.py
[2025-03-27T16:44:57.219+0000] {processor.py:925} INFO - DAG(s) 'example_sensors' retrieved from /home/airflow/.local/lib/python3.12/site-packages/airflow/example_dags/example_sensors.py
[2025-03-27T16:44:57.245+0000] {logging_mixin.py:190} INFO - [2025-03-27T16:44:57.245+0000] {dag.py:3239} INFO - Sync 1 DAGs
[2025-03-27T16:44:57.261+0000] {logging_mixin.py:190} INFO - [2025-03-27T16:44:57.261+0000] {dag.py:4180} INFO - Setting next_dagrun for example_sensors to None, run_after=None
[2025-03-27T16:44:57.284+0000] {processor.py:208} INFO - Processing /home/airflow/.local/lib/python3.12/site-packages/airflow/example_dags/example_sensors.py took 0.088 seconds
[2025-03-27T16:45:28.164+0000] {processor.py:186} INFO - Started process (PID=1661) to work on /home/airflow/.local/lib/python3.12/site-packages/airflow/example_dags/example_sensors.py
[2025-03-27T16:45:28.165+0000] {processor.py:914} INFO - Processing file /home/airflow/.local/lib/python3.12/site-packages/airflow/example_dags/example_sensors.py for tasks to queue
[2025-03-27T16:45:28.168+0000] {logging_mixin.py:190} INFO - [2025-03-27T16:45:28.168+0000] {dagbag.py:588} INFO - Filling up the DagBag from /home/airflow/.local/lib/python3.12/site-packages/airflow/example_dags/example_sensors.py
[2025-03-27T16:45:28.180+0000] {processor.py:925} INFO - DAG(s) 'example_sensors' retrieved from /home/airflow/.local/lib/python3.12/site-packages/airflow/example_dags/example_sensors.py
[2025-03-27T16:45:28.207+0000] {logging_mixin.py:190} INFO - [2025-03-27T16:45:28.206+0000] {dag.py:3239} INFO - Sync 1 DAGs
[2025-03-27T16:45:28.221+0000] {logging_mixin.py:190} INFO - [2025-03-27T16:45:28.221+0000] {dag.py:4180} INFO - Setting next_dagrun for example_sensors to None, run_after=None
[2025-03-27T16:45:28.244+0000] {processor.py:208} INFO - Processing /home/airflow/.local/lib/python3.12/site-packages/airflow/example_dags/example_sensors.py took 0.089 seconds
[2025-03-27T16:45:58.707+0000] {processor.py:186} INFO - Started process (PID=1732) to work on /home/airflow/.local/lib/python3.12/site-packages/airflow/example_dags/example_sensors.py
[2025-03-27T16:45:58.709+0000] {processor.py:914} INFO - Processing file /home/airflow/.local/lib/python3.12/site-packages/airflow/example_dags/example_sensors.py for tasks to queue
[2025-03-27T16:45:58.712+0000] {logging_mixin.py:190} INFO - [2025-03-27T16:45:58.711+0000] {dagbag.py:588} INFO - Filling up the DagBag from /home/airflow/.local/lib/python3.12/site-packages/airflow/example_dags/example_sensors.py
[2025-03-27T16:45:58.726+0000] {processor.py:925} INFO - DAG(s) 'example_sensors' retrieved from /home/airflow/.local/lib/python3.12/site-packages/airflow/example_dags/example_sensors.py
[2025-03-27T16:45:58.760+0000] {logging_mixin.py:190} INFO - [2025-03-27T16:45:58.759+0000] {dag.py:3239} INFO - Sync 1 DAGs
[2025-03-27T16:45:58.779+0000] {logging_mixin.py:190} INFO - [2025-03-27T16:45:58.778+0000] {dag.py:4180} INFO - Setting next_dagrun for example_sensors to None, run_after=None
[2025-03-27T16:45:58.809+0000] {processor.py:208} INFO - Processing /home/airflow/.local/lib/python3.12/site-packages/airflow/example_dags/example_sensors.py took 0.110 seconds
[2025-03-27T16:46:29.405+0000] {processor.py:186} INFO - Started process (PID=1797) to work on /home/airflow/.local/lib/python3.12/site-packages/airflow/example_dags/example_sensors.py
[2025-03-27T16:46:29.407+0000] {processor.py:914} INFO - Processing file /home/airflow/.local/lib/python3.12/site-packages/airflow/example_dags/example_sensors.py for tasks to queue
[2025-03-27T16:46:29.410+0000] {logging_mixin.py:190} INFO - [2025-03-27T16:46:29.409+0000] {dagbag.py:588} INFO - Filling up the DagBag from /home/airflow/.local/lib/python3.12/site-packages/airflow/example_dags/example_sensors.py
[2025-03-27T16:46:29.426+0000] {processor.py:925} INFO - DAG(s) 'example_sensors' retrieved from /home/airflow/.local/lib/python3.12/site-packages/airflow/example_dags/example_sensors.py
[2025-03-27T16:46:29.460+0000] {logging_mixin.py:190} INFO - [2025-03-27T16:46:29.459+0000] {dag.py:3239} INFO - Sync 1 DAGs
[2025-03-27T16:46:29.483+0000] {logging_mixin.py:190} INFO - [2025-03-27T16:46:29.483+0000] {dag.py:4180} INFO - Setting next_dagrun for example_sensors to None, run_after=None
[2025-03-27T16:46:29.523+0000] {processor.py:208} INFO - Processing /home/airflow/.local/lib/python3.12/site-packages/airflow/example_dags/example_sensors.py took 0.126 seconds
[2025-03-27T16:47:00.482+0000] {processor.py:186} INFO - Started process (PID=1861) to work on /home/airflow/.local/lib/python3.12/site-packages/airflow/example_dags/example_sensors.py
[2025-03-27T16:47:00.486+0000] {processor.py:914} INFO - Processing file /home/airflow/.local/lib/python3.12/site-packages/airflow/example_dags/example_sensors.py for tasks to queue
[2025-03-27T16:47:00.494+0000] {logging_mixin.py:190} INFO - [2025-03-27T16:47:00.493+0000] {dagbag.py:588} INFO - Filling up the DagBag from /home/airflow/.local/lib/python3.12/site-packages/airflow/example_dags/example_sensors.py
[2025-03-27T16:47:00.551+0000] {processor.py:925} INFO - DAG(s) 'example_sensors' retrieved from /home/airflow/.local/lib/python3.12/site-packages/airflow/example_dags/example_sensors.py
[2025-03-27T16:47:00.593+0000] {logging_mixin.py:190} INFO - [2025-03-27T16:47:00.593+0000] {dag.py:3239} INFO - Sync 1 DAGs
[2025-03-27T16:47:00.628+0000] {logging_mixin.py:190} INFO - [2025-03-27T16:47:00.627+0000] {dag.py:4180} INFO - Setting next_dagrun for example_sensors to None, run_after=None
[2025-03-27T16:47:00.649+0000] {processor.py:208} INFO - Processing /home/airflow/.local/lib/python3.12/site-packages/airflow/example_dags/example_sensors.py took 0.179 seconds
[2025-03-27T16:47:30.892+0000] {processor.py:186} INFO - Started process (PID=1926) to work on /home/airflow/.local/lib/python3.12/site-packages/airflow/example_dags/example_sensors.py
[2025-03-27T16:47:30.894+0000] {processor.py:914} INFO - Processing file /home/airflow/.local/lib/python3.12/site-packages/airflow/example_dags/example_sensors.py for tasks to queue
[2025-03-27T16:47:30.896+0000] {logging_mixin.py:190} INFO - [2025-03-27T16:47:30.896+0000] {dagbag.py:588} INFO - Filling up the DagBag from /home/airflow/.local/lib/python3.12/site-packages/airflow/example_dags/example_sensors.py
[2025-03-27T16:47:30.915+0000] {processor.py:925} INFO - DAG(s) 'example_sensors' retrieved from /home/airflow/.local/lib/python3.12/site-packages/airflow/example_dags/example_sensors.py
[2025-03-27T16:47:30.956+0000] {logging_mixin.py:190} INFO - [2025-03-27T16:47:30.956+0000] {dag.py:3239} INFO - Sync 1 DAGs
[2025-03-27T16:47:30.980+0000] {logging_mixin.py:190} INFO - [2025-03-27T16:47:30.979+0000] {dag.py:4180} INFO - Setting next_dagrun for example_sensors to None, run_after=None
[2025-03-27T16:47:31.012+0000] {processor.py:208} INFO - Processing /home/airflow/.local/lib/python3.12/site-packages/airflow/example_dags/example_sensors.py took 0.128 seconds
[2025-03-27T16:48:01.876+0000] {processor.py:186} INFO - Started process (PID=1991) to work on /home/airflow/.local/lib/python3.12/site-packages/airflow/example_dags/example_sensors.py
[2025-03-27T16:48:01.878+0000] {processor.py:914} INFO - Processing file /home/airflow/.local/lib/python3.12/site-packages/airflow/example_dags/example_sensors.py for tasks to queue
[2025-03-27T16:48:01.881+0000] {logging_mixin.py:190} INFO - [2025-03-27T16:48:01.880+0000] {dagbag.py:588} INFO - Filling up the DagBag from /home/airflow/.local/lib/python3.12/site-packages/airflow/example_dags/example_sensors.py
[2025-03-27T16:48:01.893+0000] {processor.py:925} INFO - DAG(s) 'example_sensors' retrieved from /home/airflow/.local/lib/python3.12/site-packages/airflow/example_dags/example_sensors.py
[2025-03-27T16:48:01.936+0000] {logging_mixin.py:190} INFO - [2025-03-27T16:48:01.935+0000] {dag.py:3239} INFO - Sync 1 DAGs
[2025-03-27T16:48:01.957+0000] {logging_mixin.py:190} INFO - [2025-03-27T16:48:01.957+0000] {dag.py:4180} INFO - Setting next_dagrun for example_sensors to None, run_after=None
[2025-03-27T16:48:01.984+0000] {processor.py:208} INFO - Processing /home/airflow/.local/lib/python3.12/site-packages/airflow/example_dags/example_sensors.py took 0.119 seconds
[2025-03-27T16:48:32.691+0000] {processor.py:186} INFO - Started process (PID=2056) to work on /home/airflow/.local/lib/python3.12/site-packages/airflow/example_dags/example_sensors.py
[2025-03-27T16:48:32.693+0000] {processor.py:914} INFO - Processing file /home/airflow/.local/lib/python3.12/site-packages/airflow/example_dags/example_sensors.py for tasks to queue
[2025-03-27T16:48:32.698+0000] {logging_mixin.py:190} INFO - [2025-03-27T16:48:32.697+0000] {dagbag.py:588} INFO - Filling up the DagBag from /home/airflow/.local/lib/python3.12/site-packages/airflow/example_dags/example_sensors.py
[2025-03-27T16:48:32.717+0000] {processor.py:925} INFO - DAG(s) 'example_sensors' retrieved from /home/airflow/.local/lib/python3.12/site-packages/airflow/example_dags/example_sensors.py
[2025-03-27T16:48:32.761+0000] {logging_mixin.py:190} INFO - [2025-03-27T16:48:32.761+0000] {dag.py:3239} INFO - Sync 1 DAGs
[2025-03-27T16:48:32.781+0000] {logging_mixin.py:190} INFO - [2025-03-27T16:48:32.781+0000] {dag.py:4180} INFO - Setting next_dagrun for example_sensors to None, run_after=None
[2025-03-27T16:48:32.816+0000] {processor.py:208} INFO - Processing /home/airflow/.local/lib/python3.12/site-packages/airflow/example_dags/example_sensors.py took 0.135 seconds
[2025-03-27T16:49:03.014+0000] {processor.py:186} INFO - Started process (PID=2121) to work on /home/airflow/.local/lib/python3.12/site-packages/airflow/example_dags/example_sensors.py
[2025-03-27T16:49:03.016+0000] {processor.py:914} INFO - Processing file /home/airflow/.local/lib/python3.12/site-packages/airflow/example_dags/example_sensors.py for tasks to queue
[2025-03-27T16:49:03.019+0000] {logging_mixin.py:190} INFO - [2025-03-27T16:49:03.018+0000] {dagbag.py:588} INFO - Filling up the DagBag from /home/airflow/.local/lib/python3.12/site-packages/airflow/example_dags/example_sensors.py
[2025-03-27T16:49:03.030+0000] {processor.py:925} INFO - DAG(s) 'example_sensors' retrieved from /home/airflow/.local/lib/python3.12/site-packages/airflow/example_dags/example_sensors.py
[2025-03-27T16:49:03.057+0000] {logging_mixin.py:190} INFO - [2025-03-27T16:49:03.057+0000] {dag.py:3239} INFO - Sync 1 DAGs
[2025-03-27T16:49:03.073+0000] {logging_mixin.py:190} INFO - [2025-03-27T16:49:03.073+0000] {dag.py:4180} INFO - Setting next_dagrun for example_sensors to None, run_after=None
[2025-03-27T16:49:03.096+0000] {processor.py:208} INFO - Processing /home/airflow/.local/lib/python3.12/site-packages/airflow/example_dags/example_sensors.py took 0.091 seconds
[2025-03-27T16:49:33.553+0000] {processor.py:186} INFO - Started process (PID=2186) to work on /home/airflow/.local/lib/python3.12/site-packages/airflow/example_dags/example_sensors.py
[2025-03-27T16:49:33.555+0000] {processor.py:914} INFO - Processing file /home/airflow/.local/lib/python3.12/site-packages/airflow/example_dags/example_sensors.py for tasks to queue
[2025-03-27T16:49:33.558+0000] {logging_mixin.py:190} INFO - [2025-03-27T16:49:33.557+0000] {dagbag.py:588} INFO - Filling up the DagBag from /home/airflow/.local/lib/python3.12/site-packages/airflow/example_dags/example_sensors.py
[2025-03-27T16:49:33.569+0000] {processor.py:925} INFO - DAG(s) 'example_sensors' retrieved from /home/airflow/.local/lib/python3.12/site-packages/airflow/example_dags/example_sensors.py
[2025-03-27T16:49:33.597+0000] {logging_mixin.py:190} INFO - [2025-03-27T16:49:33.597+0000] {dag.py:3239} INFO - Sync 1 DAGs
[2025-03-27T16:49:33.610+0000] {logging_mixin.py:190} INFO - [2025-03-27T16:49:33.610+0000] {dag.py:4180} INFO - Setting next_dagrun for example_sensors to None, run_after=None
[2025-03-27T16:49:33.630+0000] {processor.py:208} INFO - Processing /home/airflow/.local/lib/python3.12/site-packages/airflow/example_dags/example_sensors.py took 0.087 seconds
[2025-03-27T16:50:04.470+0000] {processor.py:186} INFO - Started process (PID=2251) to work on /home/airflow/.local/lib/python3.12/site-packages/airflow/example_dags/example_sensors.py
[2025-03-27T16:50:04.473+0000] {processor.py:914} INFO - Processing file /home/airflow/.local/lib/python3.12/site-packages/airflow/example_dags/example_sensors.py for tasks to queue
[2025-03-27T16:50:04.476+0000] {logging_mixin.py:190} INFO - [2025-03-27T16:50:04.476+0000] {dagbag.py:588} INFO - Filling up the DagBag from /home/airflow/.local/lib/python3.12/site-packages/airflow/example_dags/example_sensors.py
[2025-03-27T16:50:04.492+0000] {processor.py:925} INFO - DAG(s) 'example_sensors' retrieved from /home/airflow/.local/lib/python3.12/site-packages/airflow/example_dags/example_sensors.py
[2025-03-27T16:50:04.524+0000] {logging_mixin.py:190} INFO - [2025-03-27T16:50:04.524+0000] {dag.py:3239} INFO - Sync 1 DAGs
[2025-03-27T16:50:04.543+0000] {logging_mixin.py:190} INFO - [2025-03-27T16:50:04.543+0000] {dag.py:4180} INFO - Setting next_dagrun for example_sensors to None, run_after=None
[2025-03-27T16:50:04.570+0000] {processor.py:208} INFO - Processing /home/airflow/.local/lib/python3.12/site-packages/airflow/example_dags/example_sensors.py took 0.112 seconds
[2025-03-27T16:50:35.021+0000] {processor.py:186} INFO - Started process (PID=2316) to work on /home/airflow/.local/lib/python3.12/site-packages/airflow/example_dags/example_sensors.py
[2025-03-27T16:50:35.023+0000] {processor.py:914} INFO - Processing file /home/airflow/.local/lib/python3.12/site-packages/airflow/example_dags/example_sensors.py for tasks to queue
[2025-03-27T16:50:35.029+0000] {logging_mixin.py:190} INFO - [2025-03-27T16:50:35.028+0000] {dagbag.py:588} INFO - Filling up the DagBag from /home/airflow/.local/lib/python3.12/site-packages/airflow/example_dags/example_sensors.py
[2025-03-27T16:50:35.057+0000] {processor.py:925} INFO - DAG(s) 'example_sensors' retrieved from /home/airflow/.local/lib/python3.12/site-packages/airflow/example_dags/example_sensors.py
[2025-03-27T16:50:35.126+0000] {logging_mixin.py:190} INFO - [2025-03-27T16:50:35.126+0000] {dag.py:3239} INFO - Sync 1 DAGs
[2025-03-27T16:50:35.161+0000] {logging_mixin.py:190} INFO - [2025-03-27T16:50:35.161+0000] {dag.py:4180} INFO - Setting next_dagrun for example_sensors to None, run_after=None
[2025-03-27T16:50:35.217+0000] {processor.py:208} INFO - Processing /home/airflow/.local/lib/python3.12/site-packages/airflow/example_dags/example_sensors.py took 0.209 seconds
[2025-03-27T16:51:05.967+0000] {processor.py:186} INFO - Started process (PID=2379) to work on /home/airflow/.local/lib/python3.12/site-packages/airflow/example_dags/example_sensors.py
[2025-03-27T16:51:05.968+0000] {processor.py:914} INFO - Processing file /home/airflow/.local/lib/python3.12/site-packages/airflow/example_dags/example_sensors.py for tasks to queue
[2025-03-27T16:51:05.971+0000] {logging_mixin.py:190} INFO - [2025-03-27T16:51:05.971+0000] {dagbag.py:588} INFO - Filling up the DagBag from /home/airflow/.local/lib/python3.12/site-packages/airflow/example_dags/example_sensors.py
[2025-03-27T16:51:05.986+0000] {processor.py:925} INFO - DAG(s) 'example_sensors' retrieved from /home/airflow/.local/lib/python3.12/site-packages/airflow/example_dags/example_sensors.py
[2025-03-27T16:51:06.024+0000] {logging_mixin.py:190} INFO - [2025-03-27T16:51:06.023+0000] {dag.py:3239} INFO - Sync 1 DAGs
[2025-03-27T16:51:06.051+0000] {logging_mixin.py:190} INFO - [2025-03-27T16:51:06.050+0000] {dag.py:4180} INFO - Setting next_dagrun for example_sensors to None, run_after=None
[2025-03-27T16:51:06.116+0000] {processor.py:208} INFO - Processing /home/airflow/.local/lib/python3.12/site-packages/airflow/example_dags/example_sensors.py took 0.157 seconds
[2025-03-27T16:51:36.491+0000] {processor.py:186} INFO - Started process (PID=2444) to work on /home/airflow/.local/lib/python3.12/site-packages/airflow/example_dags/example_sensors.py
[2025-03-27T16:51:36.492+0000] {processor.py:914} INFO - Processing file /home/airflow/.local/lib/python3.12/site-packages/airflow/example_dags/example_sensors.py for tasks to queue
[2025-03-27T16:51:36.495+0000] {logging_mixin.py:190} INFO - [2025-03-27T16:51:36.495+0000] {dagbag.py:588} INFO - Filling up the DagBag from /home/airflow/.local/lib/python3.12/site-packages/airflow/example_dags/example_sensors.py
[2025-03-27T16:51:36.526+0000] {processor.py:925} INFO - DAG(s) 'example_sensors' retrieved from /home/airflow/.local/lib/python3.12/site-packages/airflow/example_dags/example_sensors.py
[2025-03-27T16:51:36.587+0000] {logging_mixin.py:190} INFO - [2025-03-27T16:51:36.587+0000] {dag.py:3239} INFO - Sync 1 DAGs
[2025-03-27T16:51:36.650+0000] {logging_mixin.py:190} INFO - [2025-03-27T16:51:36.650+0000] {dag.py:4180} INFO - Setting next_dagrun for example_sensors to None, run_after=None
[2025-03-27T16:51:36.688+0000] {processor.py:208} INFO - Processing /home/airflow/.local/lib/python3.12/site-packages/airflow/example_dags/example_sensors.py took 0.203 seconds
[2025-03-27T16:53:04.387+0000] {processor.py:186} INFO - Started process (PID=121) to work on /home/airflow/.local/lib/python3.12/site-packages/airflow/example_dags/example_sensors.py
[2025-03-27T16:53:04.389+0000] {processor.py:914} INFO - Processing file /home/airflow/.local/lib/python3.12/site-packages/airflow/example_dags/example_sensors.py for tasks to queue
[2025-03-27T16:53:04.393+0000] {logging_mixin.py:190} INFO - [2025-03-27T16:53:04.393+0000] {dagbag.py:588} INFO - Filling up the DagBag from /home/airflow/.local/lib/python3.12/site-packages/airflow/example_dags/example_sensors.py
[2025-03-27T16:53:04.409+0000] {processor.py:925} INFO - DAG(s) 'example_sensors' retrieved from /home/airflow/.local/lib/python3.12/site-packages/airflow/example_dags/example_sensors.py
[2025-03-27T16:53:04.454+0000] {logging_mixin.py:190} INFO - [2025-03-27T16:53:04.454+0000] {dag.py:3239} INFO - Sync 1 DAGs
[2025-03-27T16:53:04.481+0000] {logging_mixin.py:190} INFO - [2025-03-27T16:53:04.481+0000] {dag.py:4180} INFO - Setting next_dagrun for example_sensors to None, run_after=None
[2025-03-27T16:53:04.511+0000] {processor.py:208} INFO - Processing /home/airflow/.local/lib/python3.12/site-packages/airflow/example_dags/example_sensors.py took 0.134 seconds
