[2025-03-27T16:33:09.305+0000] {processor.py:186} INFO - Started process (PID=113) to work on /home/airflow/.local/lib/python3.12/site-packages/airflow/example_dags/example_branch_python_dop_operator_3.py
[2025-03-27T16:33:09.307+0000] {processor.py:914} INFO - Processing file /home/airflow/.local/lib/python3.12/site-packages/airflow/example_dags/example_branch_python_dop_operator_3.py for tasks to queue
[2025-03-27T16:33:09.309+0000] {logging_mixin.py:190} INFO - [2025-03-27T16:33:09.309+0000] {dagbag.py:588} INFO - Filling up the DagBag from /home/airflow/.local/lib/python3.12/site-packages/airflow/example_dags/example_branch_python_dop_operator_3.py
[2025-03-27T16:33:09.325+0000] {processor.py:925} INFO - DAG(s) 'example_branch_dop_operator_v3' retrieved from /home/airflow/.local/lib/python3.12/site-packages/airflow/example_dags/example_branch_python_dop_operator_3.py
[2025-03-27T16:33:09.444+0000] {logging_mixin.py:190} INFO - [2025-03-27T16:33:09.443+0000] {override.py:1912} INFO - Created Permission View: can read on DAG:example_branch_dop_operator_v3
[2025-03-27T16:33:09.456+0000] {logging_mixin.py:190} INFO - [2025-03-27T16:33:09.456+0000] {override.py:1912} INFO - Created Permission View: can delete on DAG:example_branch_dop_operator_v3
[2025-03-27T16:33:09.466+0000] {logging_mixin.py:190} INFO - [2025-03-27T16:33:09.466+0000] {override.py:1912} INFO - Created Permission View: can edit on DAG:example_branch_dop_operator_v3
[2025-03-27T16:33:09.475+0000] {logging_mixin.py:190} INFO - [2025-03-27T16:33:09.474+0000] {override.py:1912} INFO - Created Permission View: can read on DAG Run:example_branch_dop_operator_v3
[2025-03-27T16:33:09.483+0000] {logging_mixin.py:190} INFO - [2025-03-27T16:33:09.483+0000] {override.py:1912} INFO - Created Permission View: menu access on DAG Run:example_branch_dop_operator_v3
[2025-03-27T16:33:09.492+0000] {logging_mixin.py:190} INFO - [2025-03-27T16:33:09.492+0000] {override.py:1912} INFO - Created Permission View: can create on DAG Run:example_branch_dop_operator_v3
[2025-03-27T16:33:09.503+0000] {logging_mixin.py:190} INFO - [2025-03-27T16:33:09.502+0000] {override.py:1912} INFO - Created Permission View: can delete on DAG Run:example_branch_dop_operator_v3
[2025-03-27T16:33:09.504+0000] {logging_mixin.py:190} INFO - [2025-03-27T16:33:09.503+0000] {dag.py:3239} INFO - Sync 1 DAGs
[2025-03-27T16:33:09.531+0000] {logging_mixin.py:190} INFO - [2025-03-27T16:33:09.531+0000] {dag.py:3262} INFO - Creating ORM DAG for example_branch_dop_operator_v3
[2025-03-27T16:33:09.552+0000] {logging_mixin.py:190} INFO - [2025-03-27T16:33:09.552+0000] {dag.py:4180} INFO - Setting next_dagrun for example_branch_dop_operator_v3 to 2025-03-27 16:32:00+00:00, run_after=2025-03-27 16:33:00+00:00
[2025-03-27T16:33:09.579+0000] {processor.py:208} INFO - Processing /home/airflow/.local/lib/python3.12/site-packages/airflow/example_dags/example_branch_python_dop_operator_3.py took 0.280 seconds
[2025-03-27T16:33:40.056+0000] {processor.py:186} INFO - Started process (PID=176) to work on /home/airflow/.local/lib/python3.12/site-packages/airflow/example_dags/example_branch_python_dop_operator_3.py
[2025-03-27T16:33:40.057+0000] {processor.py:914} INFO - Processing file /home/airflow/.local/lib/python3.12/site-packages/airflow/example_dags/example_branch_python_dop_operator_3.py for tasks to queue
[2025-03-27T16:33:40.059+0000] {logging_mixin.py:190} INFO - [2025-03-27T16:33:40.059+0000] {dagbag.py:588} INFO - Filling up the DagBag from /home/airflow/.local/lib/python3.12/site-packages/airflow/example_dags/example_branch_python_dop_operator_3.py
[2025-03-27T16:33:40.072+0000] {processor.py:925} INFO - DAG(s) 'example_branch_dop_operator_v3' retrieved from /home/airflow/.local/lib/python3.12/site-packages/airflow/example_dags/example_branch_python_dop_operator_3.py
[2025-03-27T16:33:40.095+0000] {logging_mixin.py:190} INFO - [2025-03-27T16:33:40.094+0000] {dag.py:3239} INFO - Sync 1 DAGs
[2025-03-27T16:33:40.125+0000] {logging_mixin.py:190} INFO - [2025-03-27T16:33:40.124+0000] {dag.py:4180} INFO - Setting next_dagrun for example_branch_dop_operator_v3 to 2025-03-27 16:32:00+00:00, run_after=2025-03-27 16:33:00+00:00
[2025-03-27T16:33:40.176+0000] {processor.py:208} INFO - Processing /home/airflow/.local/lib/python3.12/site-packages/airflow/example_dags/example_branch_python_dop_operator_3.py took 0.127 seconds
[2025-03-27T16:34:10.950+0000] {processor.py:186} INFO - Started process (PID=238) to work on /home/airflow/.local/lib/python3.12/site-packages/airflow/example_dags/example_branch_python_dop_operator_3.py
[2025-03-27T16:34:10.952+0000] {processor.py:914} INFO - Processing file /home/airflow/.local/lib/python3.12/site-packages/airflow/example_dags/example_branch_python_dop_operator_3.py for tasks to queue
[2025-03-27T16:34:10.955+0000] {logging_mixin.py:190} INFO - [2025-03-27T16:34:10.954+0000] {dagbag.py:588} INFO - Filling up the DagBag from /home/airflow/.local/lib/python3.12/site-packages/airflow/example_dags/example_branch_python_dop_operator_3.py
[2025-03-27T16:34:10.967+0000] {processor.py:925} INFO - DAG(s) 'example_branch_dop_operator_v3' retrieved from /home/airflow/.local/lib/python3.12/site-packages/airflow/example_dags/example_branch_python_dop_operator_3.py
[2025-03-27T16:34:10.997+0000] {logging_mixin.py:190} INFO - [2025-03-27T16:34:10.996+0000] {dag.py:3239} INFO - Sync 1 DAGs
[2025-03-27T16:34:11.039+0000] {logging_mixin.py:190} INFO - [2025-03-27T16:34:11.039+0000] {dag.py:4180} INFO - Setting next_dagrun for example_branch_dop_operator_v3 to 2025-03-27 16:33:00+00:00, run_after=2025-03-27 16:34:00+00:00
[2025-03-27T16:34:11.072+0000] {processor.py:208} INFO - Processing /home/airflow/.local/lib/python3.12/site-packages/airflow/example_dags/example_branch_python_dop_operator_3.py took 0.128 seconds
[2025-03-27T16:34:41.412+0000] {processor.py:186} INFO - Started process (PID=300) to work on /home/airflow/.local/lib/python3.12/site-packages/airflow/example_dags/example_branch_python_dop_operator_3.py
[2025-03-27T16:34:41.414+0000] {processor.py:914} INFO - Processing file /home/airflow/.local/lib/python3.12/site-packages/airflow/example_dags/example_branch_python_dop_operator_3.py for tasks to queue
[2025-03-27T16:34:41.418+0000] {logging_mixin.py:190} INFO - [2025-03-27T16:34:41.417+0000] {dagbag.py:588} INFO - Filling up the DagBag from /home/airflow/.local/lib/python3.12/site-packages/airflow/example_dags/example_branch_python_dop_operator_3.py
[2025-03-27T16:34:41.440+0000] {processor.py:925} INFO - DAG(s) 'example_branch_dop_operator_v3' retrieved from /home/airflow/.local/lib/python3.12/site-packages/airflow/example_dags/example_branch_python_dop_operator_3.py
[2025-03-27T16:34:41.476+0000] {logging_mixin.py:190} INFO - [2025-03-27T16:34:41.475+0000] {dag.py:3239} INFO - Sync 1 DAGs
[2025-03-27T16:34:41.521+0000] {logging_mixin.py:190} INFO - [2025-03-27T16:34:41.520+0000] {dag.py:4180} INFO - Setting next_dagrun for example_branch_dop_operator_v3 to 2025-03-27 16:33:00+00:00, run_after=2025-03-27 16:34:00+00:00
[2025-03-27T16:34:41.580+0000] {processor.py:208} INFO - Processing /home/airflow/.local/lib/python3.12/site-packages/airflow/example_dags/example_branch_python_dop_operator_3.py took 0.182 seconds
[2025-03-27T16:35:12.221+0000] {processor.py:186} INFO - Started process (PID=363) to work on /home/airflow/.local/lib/python3.12/site-packages/airflow/example_dags/example_branch_python_dop_operator_3.py
[2025-03-27T16:35:12.225+0000] {processor.py:914} INFO - Processing file /home/airflow/.local/lib/python3.12/site-packages/airflow/example_dags/example_branch_python_dop_operator_3.py for tasks to queue
[2025-03-27T16:35:12.228+0000] {logging_mixin.py:190} INFO - [2025-03-27T16:35:12.227+0000] {dagbag.py:588} INFO - Filling up the DagBag from /home/airflow/.local/lib/python3.12/site-packages/airflow/example_dags/example_branch_python_dop_operator_3.py
[2025-03-27T16:35:12.241+0000] {processor.py:925} INFO - DAG(s) 'example_branch_dop_operator_v3' retrieved from /home/airflow/.local/lib/python3.12/site-packages/airflow/example_dags/example_branch_python_dop_operator_3.py
[2025-03-27T16:35:12.265+0000] {logging_mixin.py:190} INFO - [2025-03-27T16:35:12.264+0000] {dag.py:3239} INFO - Sync 1 DAGs
[2025-03-27T16:35:12.300+0000] {logging_mixin.py:190} INFO - [2025-03-27T16:35:12.299+0000] {dag.py:4180} INFO - Setting next_dagrun for example_branch_dop_operator_v3 to 2025-03-27 16:34:00+00:00, run_after=2025-03-27 16:35:00+00:00
[2025-03-27T16:35:12.350+0000] {processor.py:208} INFO - Processing /home/airflow/.local/lib/python3.12/site-packages/airflow/example_dags/example_branch_python_dop_operator_3.py took 0.135 seconds
[2025-03-27T16:35:42.770+0000] {processor.py:186} INFO - Started process (PID=427) to work on /home/airflow/.local/lib/python3.12/site-packages/airflow/example_dags/example_branch_python_dop_operator_3.py
[2025-03-27T16:35:42.772+0000] {processor.py:914} INFO - Processing file /home/airflow/.local/lib/python3.12/site-packages/airflow/example_dags/example_branch_python_dop_operator_3.py for tasks to queue
[2025-03-27T16:35:42.774+0000] {logging_mixin.py:190} INFO - [2025-03-27T16:35:42.774+0000] {dagbag.py:588} INFO - Filling up the DagBag from /home/airflow/.local/lib/python3.12/site-packages/airflow/example_dags/example_branch_python_dop_operator_3.py
[2025-03-27T16:35:42.788+0000] {processor.py:925} INFO - DAG(s) 'example_branch_dop_operator_v3' retrieved from /home/airflow/.local/lib/python3.12/site-packages/airflow/example_dags/example_branch_python_dop_operator_3.py
[2025-03-27T16:35:42.807+0000] {logging_mixin.py:190} INFO - [2025-03-27T16:35:42.807+0000] {dag.py:3239} INFO - Sync 1 DAGs
[2025-03-27T16:35:42.833+0000] {logging_mixin.py:190} INFO - [2025-03-27T16:35:42.833+0000] {dag.py:4180} INFO - Setting next_dagrun for example_branch_dop_operator_v3 to 2025-03-27 16:34:00+00:00, run_after=2025-03-27 16:35:00+00:00
[2025-03-27T16:35:42.895+0000] {processor.py:208} INFO - Processing /home/airflow/.local/lib/python3.12/site-packages/airflow/example_dags/example_branch_python_dop_operator_3.py took 0.131 seconds
[2025-03-27T16:36:13.452+0000] {processor.py:186} INFO - Started process (PID=490) to work on /home/airflow/.local/lib/python3.12/site-packages/airflow/example_dags/example_branch_python_dop_operator_3.py
[2025-03-27T16:36:13.454+0000] {processor.py:914} INFO - Processing file /home/airflow/.local/lib/python3.12/site-packages/airflow/example_dags/example_branch_python_dop_operator_3.py for tasks to queue
[2025-03-27T16:36:13.457+0000] {logging_mixin.py:190} INFO - [2025-03-27T16:36:13.456+0000] {dagbag.py:588} INFO - Filling up the DagBag from /home/airflow/.local/lib/python3.12/site-packages/airflow/example_dags/example_branch_python_dop_operator_3.py
[2025-03-27T16:36:13.475+0000] {processor.py:925} INFO - DAG(s) 'example_branch_dop_operator_v3' retrieved from /home/airflow/.local/lib/python3.12/site-packages/airflow/example_dags/example_branch_python_dop_operator_3.py
[2025-03-27T16:36:13.500+0000] {logging_mixin.py:190} INFO - [2025-03-27T16:36:13.500+0000] {dag.py:3239} INFO - Sync 1 DAGs
[2025-03-27T16:36:13.535+0000] {logging_mixin.py:190} INFO - [2025-03-27T16:36:13.534+0000] {dag.py:4180} INFO - Setting next_dagrun for example_branch_dop_operator_v3 to 2025-03-27 16:35:00+00:00, run_after=2025-03-27 16:36:00+00:00
[2025-03-27T16:36:13.569+0000] {processor.py:208} INFO - Processing /home/airflow/.local/lib/python3.12/site-packages/airflow/example_dags/example_branch_python_dop_operator_3.py took 0.129 seconds
[2025-03-27T16:36:44.437+0000] {processor.py:186} INFO - Started process (PID=553) to work on /home/airflow/.local/lib/python3.12/site-packages/airflow/example_dags/example_branch_python_dop_operator_3.py
[2025-03-27T16:36:44.439+0000] {processor.py:914} INFO - Processing file /home/airflow/.local/lib/python3.12/site-packages/airflow/example_dags/example_branch_python_dop_operator_3.py for tasks to queue
[2025-03-27T16:36:44.442+0000] {logging_mixin.py:190} INFO - [2025-03-27T16:36:44.442+0000] {dagbag.py:588} INFO - Filling up the DagBag from /home/airflow/.local/lib/python3.12/site-packages/airflow/example_dags/example_branch_python_dop_operator_3.py
[2025-03-27T16:36:44.454+0000] {processor.py:925} INFO - DAG(s) 'example_branch_dop_operator_v3' retrieved from /home/airflow/.local/lib/python3.12/site-packages/airflow/example_dags/example_branch_python_dop_operator_3.py
[2025-03-27T16:36:44.492+0000] {logging_mixin.py:190} INFO - [2025-03-27T16:36:44.491+0000] {dag.py:3239} INFO - Sync 1 DAGs
[2025-03-27T16:36:44.563+0000] {logging_mixin.py:190} INFO - [2025-03-27T16:36:44.563+0000] {dag.py:4180} INFO - Setting next_dagrun for example_branch_dop_operator_v3 to 2025-03-27 16:35:00+00:00, run_after=2025-03-27 16:36:00+00:00
[2025-03-27T16:36:44.587+0000] {processor.py:208} INFO - Processing /home/airflow/.local/lib/python3.12/site-packages/airflow/example_dags/example_branch_python_dop_operator_3.py took 0.159 seconds
[2025-03-27T16:37:14.811+0000] {processor.py:186} INFO - Started process (PID=615) to work on /home/airflow/.local/lib/python3.12/site-packages/airflow/example_dags/example_branch_python_dop_operator_3.py
[2025-03-27T16:37:14.812+0000] {processor.py:914} INFO - Processing file /home/airflow/.local/lib/python3.12/site-packages/airflow/example_dags/example_branch_python_dop_operator_3.py for tasks to queue
[2025-03-27T16:37:14.815+0000] {logging_mixin.py:190} INFO - [2025-03-27T16:37:14.814+0000] {dagbag.py:588} INFO - Filling up the DagBag from /home/airflow/.local/lib/python3.12/site-packages/airflow/example_dags/example_branch_python_dop_operator_3.py
[2025-03-27T16:37:14.829+0000] {processor.py:925} INFO - DAG(s) 'example_branch_dop_operator_v3' retrieved from /home/airflow/.local/lib/python3.12/site-packages/airflow/example_dags/example_branch_python_dop_operator_3.py
[2025-03-27T16:37:14.872+0000] {logging_mixin.py:190} INFO - [2025-03-27T16:37:14.872+0000] {dag.py:3239} INFO - Sync 1 DAGs
[2025-03-27T16:37:14.929+0000] {logging_mixin.py:190} INFO - [2025-03-27T16:37:14.929+0000] {dag.py:4180} INFO - Setting next_dagrun for example_branch_dop_operator_v3 to 2025-03-27 16:36:00+00:00, run_after=2025-03-27 16:37:00+00:00
[2025-03-27T16:37:15.115+0000] {processor.py:208} INFO - Processing /home/airflow/.local/lib/python3.12/site-packages/airflow/example_dags/example_branch_python_dop_operator_3.py took 0.312 seconds
[2025-03-27T16:37:45.301+0000] {processor.py:186} INFO - Started process (PID=678) to work on /home/airflow/.local/lib/python3.12/site-packages/airflow/example_dags/example_branch_python_dop_operator_3.py
[2025-03-27T16:37:45.303+0000] {processor.py:914} INFO - Processing file /home/airflow/.local/lib/python3.12/site-packages/airflow/example_dags/example_branch_python_dop_operator_3.py for tasks to queue
[2025-03-27T16:37:45.306+0000] {logging_mixin.py:190} INFO - [2025-03-27T16:37:45.306+0000] {dagbag.py:588} INFO - Filling up the DagBag from /home/airflow/.local/lib/python3.12/site-packages/airflow/example_dags/example_branch_python_dop_operator_3.py
[2025-03-27T16:37:45.317+0000] {processor.py:925} INFO - DAG(s) 'example_branch_dop_operator_v3' retrieved from /home/airflow/.local/lib/python3.12/site-packages/airflow/example_dags/example_branch_python_dop_operator_3.py
[2025-03-27T16:37:45.342+0000] {logging_mixin.py:190} INFO - [2025-03-27T16:37:45.342+0000] {dag.py:3239} INFO - Sync 1 DAGs
[2025-03-27T16:37:45.372+0000] {logging_mixin.py:190} INFO - [2025-03-27T16:37:45.372+0000] {dag.py:4180} INFO - Setting next_dagrun for example_branch_dop_operator_v3 to 2025-03-27 16:36:00+00:00, run_after=2025-03-27 16:37:00+00:00
[2025-03-27T16:37:45.398+0000] {processor.py:208} INFO - Processing /home/airflow/.local/lib/python3.12/site-packages/airflow/example_dags/example_branch_python_dop_operator_3.py took 0.105 seconds
[2025-03-27T16:38:16.259+0000] {processor.py:186} INFO - Started process (PID=743) to work on /home/airflow/.local/lib/python3.12/site-packages/airflow/example_dags/example_branch_python_dop_operator_3.py
[2025-03-27T16:38:16.260+0000] {processor.py:914} INFO - Processing file /home/airflow/.local/lib/python3.12/site-packages/airflow/example_dags/example_branch_python_dop_operator_3.py for tasks to queue
[2025-03-27T16:38:16.263+0000] {logging_mixin.py:190} INFO - [2025-03-27T16:38:16.263+0000] {dagbag.py:588} INFO - Filling up the DagBag from /home/airflow/.local/lib/python3.12/site-packages/airflow/example_dags/example_branch_python_dop_operator_3.py
[2025-03-27T16:38:16.276+0000] {processor.py:925} INFO - DAG(s) 'example_branch_dop_operator_v3' retrieved from /home/airflow/.local/lib/python3.12/site-packages/airflow/example_dags/example_branch_python_dop_operator_3.py
[2025-03-27T16:38:16.299+0000] {logging_mixin.py:190} INFO - [2025-03-27T16:38:16.299+0000] {dag.py:3239} INFO - Sync 1 DAGs
[2025-03-27T16:38:16.374+0000] {logging_mixin.py:190} INFO - [2025-03-27T16:38:16.373+0000] {dag.py:4180} INFO - Setting next_dagrun for example_branch_dop_operator_v3 to 2025-03-27 16:37:00+00:00, run_after=2025-03-27 16:38:00+00:00
[2025-03-27T16:38:16.415+0000] {processor.py:208} INFO - Processing /home/airflow/.local/lib/python3.12/site-packages/airflow/example_dags/example_branch_python_dop_operator_3.py took 0.161 seconds
[2025-03-27T16:38:46.997+0000] {processor.py:186} INFO - Started process (PID=809) to work on /home/airflow/.local/lib/python3.12/site-packages/airflow/example_dags/example_branch_python_dop_operator_3.py
[2025-03-27T16:38:46.999+0000] {processor.py:914} INFO - Processing file /home/airflow/.local/lib/python3.12/site-packages/airflow/example_dags/example_branch_python_dop_operator_3.py for tasks to queue
[2025-03-27T16:38:47.002+0000] {logging_mixin.py:190} INFO - [2025-03-27T16:38:47.001+0000] {dagbag.py:588} INFO - Filling up the DagBag from /home/airflow/.local/lib/python3.12/site-packages/airflow/example_dags/example_branch_python_dop_operator_3.py
[2025-03-27T16:38:47.018+0000] {processor.py:925} INFO - DAG(s) 'example_branch_dop_operator_v3' retrieved from /home/airflow/.local/lib/python3.12/site-packages/airflow/example_dags/example_branch_python_dop_operator_3.py
[2025-03-27T16:38:47.039+0000] {logging_mixin.py:190} INFO - [2025-03-27T16:38:47.039+0000] {dag.py:3239} INFO - Sync 1 DAGs
[2025-03-27T16:38:47.079+0000] {logging_mixin.py:190} INFO - [2025-03-27T16:38:47.078+0000] {dag.py:4180} INFO - Setting next_dagrun for example_branch_dop_operator_v3 to 2025-03-27 16:37:00+00:00, run_after=2025-03-27 16:38:00+00:00
[2025-03-27T16:38:47.107+0000] {processor.py:208} INFO - Processing /home/airflow/.local/lib/python3.12/site-packages/airflow/example_dags/example_branch_python_dop_operator_3.py took 0.123 seconds
[2025-03-27T16:39:18.110+0000] {processor.py:186} INFO - Started process (PID=874) to work on /home/airflow/.local/lib/python3.12/site-packages/airflow/example_dags/example_branch_python_dop_operator_3.py
[2025-03-27T16:39:18.111+0000] {processor.py:914} INFO - Processing file /home/airflow/.local/lib/python3.12/site-packages/airflow/example_dags/example_branch_python_dop_operator_3.py for tasks to queue
[2025-03-27T16:39:18.115+0000] {logging_mixin.py:190} INFO - [2025-03-27T16:39:18.114+0000] {dagbag.py:588} INFO - Filling up the DagBag from /home/airflow/.local/lib/python3.12/site-packages/airflow/example_dags/example_branch_python_dop_operator_3.py
[2025-03-27T16:39:18.126+0000] {processor.py:925} INFO - DAG(s) 'example_branch_dop_operator_v3' retrieved from /home/airflow/.local/lib/python3.12/site-packages/airflow/example_dags/example_branch_python_dop_operator_3.py
[2025-03-27T16:39:18.150+0000] {logging_mixin.py:190} INFO - [2025-03-27T16:39:18.149+0000] {dag.py:3239} INFO - Sync 1 DAGs
[2025-03-27T16:39:18.178+0000] {logging_mixin.py:190} INFO - [2025-03-27T16:39:18.177+0000] {dag.py:4180} INFO - Setting next_dagrun for example_branch_dop_operator_v3 to 2025-03-27 16:38:00+00:00, run_after=2025-03-27 16:39:00+00:00
[2025-03-27T16:39:18.207+0000] {processor.py:208} INFO - Processing /home/airflow/.local/lib/python3.12/site-packages/airflow/example_dags/example_branch_python_dop_operator_3.py took 0.105 seconds
[2025-03-27T16:39:49.253+0000] {processor.py:186} INFO - Started process (PID=939) to work on /home/airflow/.local/lib/python3.12/site-packages/airflow/example_dags/example_branch_python_dop_operator_3.py
[2025-03-27T16:39:49.256+0000] {processor.py:914} INFO - Processing file /home/airflow/.local/lib/python3.12/site-packages/airflow/example_dags/example_branch_python_dop_operator_3.py for tasks to queue
[2025-03-27T16:39:49.261+0000] {logging_mixin.py:190} INFO - [2025-03-27T16:39:49.260+0000] {dagbag.py:588} INFO - Filling up the DagBag from /home/airflow/.local/lib/python3.12/site-packages/airflow/example_dags/example_branch_python_dop_operator_3.py
[2025-03-27T16:39:49.285+0000] {processor.py:925} INFO - DAG(s) 'example_branch_dop_operator_v3' retrieved from /home/airflow/.local/lib/python3.12/site-packages/airflow/example_dags/example_branch_python_dop_operator_3.py
[2025-03-27T16:39:49.329+0000] {logging_mixin.py:190} INFO - [2025-03-27T16:39:49.328+0000] {dag.py:3239} INFO - Sync 1 DAGs
[2025-03-27T16:39:49.359+0000] {logging_mixin.py:190} INFO - [2025-03-27T16:39:49.359+0000] {dag.py:4180} INFO - Setting next_dagrun for example_branch_dop_operator_v3 to 2025-03-27 16:38:00+00:00, run_after=2025-03-27 16:39:00+00:00
[2025-03-27T16:39:49.475+0000] {processor.py:208} INFO - Processing /home/airflow/.local/lib/python3.12/site-packages/airflow/example_dags/example_branch_python_dop_operator_3.py took 0.233 seconds
[2025-03-27T16:40:20.456+0000] {processor.py:186} INFO - Started process (PID=1004) to work on /home/airflow/.local/lib/python3.12/site-packages/airflow/example_dags/example_branch_python_dop_operator_3.py
[2025-03-27T16:40:20.458+0000] {processor.py:914} INFO - Processing file /home/airflow/.local/lib/python3.12/site-packages/airflow/example_dags/example_branch_python_dop_operator_3.py for tasks to queue
[2025-03-27T16:40:20.461+0000] {logging_mixin.py:190} INFO - [2025-03-27T16:40:20.460+0000] {dagbag.py:588} INFO - Filling up the DagBag from /home/airflow/.local/lib/python3.12/site-packages/airflow/example_dags/example_branch_python_dop_operator_3.py
[2025-03-27T16:40:20.475+0000] {processor.py:925} INFO - DAG(s) 'example_branch_dop_operator_v3' retrieved from /home/airflow/.local/lib/python3.12/site-packages/airflow/example_dags/example_branch_python_dop_operator_3.py
[2025-03-27T16:40:20.517+0000] {logging_mixin.py:190} INFO - [2025-03-27T16:40:20.516+0000] {dag.py:3239} INFO - Sync 1 DAGs
[2025-03-27T16:40:20.553+0000] {logging_mixin.py:190} INFO - [2025-03-27T16:40:20.553+0000] {dag.py:4180} INFO - Setting next_dagrun for example_branch_dop_operator_v3 to 2025-03-27 16:39:00+00:00, run_after=2025-03-27 16:40:00+00:00
[2025-03-27T16:40:20.575+0000] {processor.py:208} INFO - Processing /home/airflow/.local/lib/python3.12/site-packages/airflow/example_dags/example_branch_python_dop_operator_3.py took 0.128 seconds
[2025-03-27T16:40:51.094+0000] {processor.py:186} INFO - Started process (PID=1069) to work on /home/airflow/.local/lib/python3.12/site-packages/airflow/example_dags/example_branch_python_dop_operator_3.py
[2025-03-27T16:40:51.095+0000] {processor.py:914} INFO - Processing file /home/airflow/.local/lib/python3.12/site-packages/airflow/example_dags/example_branch_python_dop_operator_3.py for tasks to queue
[2025-03-27T16:40:51.098+0000] {logging_mixin.py:190} INFO - [2025-03-27T16:40:51.097+0000] {dagbag.py:588} INFO - Filling up the DagBag from /home/airflow/.local/lib/python3.12/site-packages/airflow/example_dags/example_branch_python_dop_operator_3.py
[2025-03-27T16:40:51.110+0000] {processor.py:925} INFO - DAG(s) 'example_branch_dop_operator_v3' retrieved from /home/airflow/.local/lib/python3.12/site-packages/airflow/example_dags/example_branch_python_dop_operator_3.py
[2025-03-27T16:40:51.131+0000] {logging_mixin.py:190} INFO - [2025-03-27T16:40:51.131+0000] {dag.py:3239} INFO - Sync 1 DAGs
[2025-03-27T16:40:51.167+0000] {logging_mixin.py:190} INFO - [2025-03-27T16:40:51.167+0000] {dag.py:4180} INFO - Setting next_dagrun for example_branch_dop_operator_v3 to 2025-03-27 16:39:00+00:00, run_after=2025-03-27 16:40:00+00:00
[2025-03-27T16:40:51.189+0000] {processor.py:208} INFO - Processing /home/airflow/.local/lib/python3.12/site-packages/airflow/example_dags/example_branch_python_dop_operator_3.py took 0.101 seconds
[2025-03-27T16:41:22.144+0000] {processor.py:186} INFO - Started process (PID=1134) to work on /home/airflow/.local/lib/python3.12/site-packages/airflow/example_dags/example_branch_python_dop_operator_3.py
[2025-03-27T16:41:22.145+0000] {processor.py:914} INFO - Processing file /home/airflow/.local/lib/python3.12/site-packages/airflow/example_dags/example_branch_python_dop_operator_3.py for tasks to queue
[2025-03-27T16:41:22.149+0000] {logging_mixin.py:190} INFO - [2025-03-27T16:41:22.148+0000] {dagbag.py:588} INFO - Filling up the DagBag from /home/airflow/.local/lib/python3.12/site-packages/airflow/example_dags/example_branch_python_dop_operator_3.py
[2025-03-27T16:41:22.162+0000] {processor.py:925} INFO - DAG(s) 'example_branch_dop_operator_v3' retrieved from /home/airflow/.local/lib/python3.12/site-packages/airflow/example_dags/example_branch_python_dop_operator_3.py
[2025-03-27T16:41:22.186+0000] {logging_mixin.py:190} INFO - [2025-03-27T16:41:22.186+0000] {dag.py:3239} INFO - Sync 1 DAGs
[2025-03-27T16:41:22.214+0000] {logging_mixin.py:190} INFO - [2025-03-27T16:41:22.214+0000] {dag.py:4180} INFO - Setting next_dagrun for example_branch_dop_operator_v3 to 2025-03-27 16:40:00+00:00, run_after=2025-03-27 16:41:00+00:00
[2025-03-27T16:41:22.235+0000] {processor.py:208} INFO - Processing /home/airflow/.local/lib/python3.12/site-packages/airflow/example_dags/example_branch_python_dop_operator_3.py took 0.098 seconds
[2025-03-27T16:41:52.591+0000] {processor.py:186} INFO - Started process (PID=1199) to work on /home/airflow/.local/lib/python3.12/site-packages/airflow/example_dags/example_branch_python_dop_operator_3.py
[2025-03-27T16:41:52.594+0000] {processor.py:914} INFO - Processing file /home/airflow/.local/lib/python3.12/site-packages/airflow/example_dags/example_branch_python_dop_operator_3.py for tasks to queue
[2025-03-27T16:41:52.597+0000] {logging_mixin.py:190} INFO - [2025-03-27T16:41:52.596+0000] {dagbag.py:588} INFO - Filling up the DagBag from /home/airflow/.local/lib/python3.12/site-packages/airflow/example_dags/example_branch_python_dop_operator_3.py
[2025-03-27T16:41:52.611+0000] {processor.py:925} INFO - DAG(s) 'example_branch_dop_operator_v3' retrieved from /home/airflow/.local/lib/python3.12/site-packages/airflow/example_dags/example_branch_python_dop_operator_3.py
[2025-03-27T16:41:52.645+0000] {logging_mixin.py:190} INFO - [2025-03-27T16:41:52.645+0000] {dag.py:3239} INFO - Sync 1 DAGs
[2025-03-27T16:41:52.686+0000] {logging_mixin.py:190} INFO - [2025-03-27T16:41:52.686+0000] {dag.py:4180} INFO - Setting next_dagrun for example_branch_dop_operator_v3 to 2025-03-27 16:40:00+00:00, run_after=2025-03-27 16:41:00+00:00
[2025-03-27T16:41:52.708+0000] {processor.py:208} INFO - Processing /home/airflow/.local/lib/python3.12/site-packages/airflow/example_dags/example_branch_python_dop_operator_3.py took 0.130 seconds
[2025-03-27T16:42:22.995+0000] {processor.py:186} INFO - Started process (PID=1264) to work on /home/airflow/.local/lib/python3.12/site-packages/airflow/example_dags/example_branch_python_dop_operator_3.py
[2025-03-27T16:42:22.997+0000] {processor.py:914} INFO - Processing file /home/airflow/.local/lib/python3.12/site-packages/airflow/example_dags/example_branch_python_dop_operator_3.py for tasks to queue
[2025-03-27T16:42:23.000+0000] {logging_mixin.py:190} INFO - [2025-03-27T16:42:23.000+0000] {dagbag.py:588} INFO - Filling up the DagBag from /home/airflow/.local/lib/python3.12/site-packages/airflow/example_dags/example_branch_python_dop_operator_3.py
[2025-03-27T16:42:23.013+0000] {processor.py:925} INFO - DAG(s) 'example_branch_dop_operator_v3' retrieved from /home/airflow/.local/lib/python3.12/site-packages/airflow/example_dags/example_branch_python_dop_operator_3.py
[2025-03-27T16:42:23.038+0000] {logging_mixin.py:190} INFO - [2025-03-27T16:42:23.038+0000] {dag.py:3239} INFO - Sync 1 DAGs
[2025-03-27T16:42:23.070+0000] {logging_mixin.py:190} INFO - [2025-03-27T16:42:23.070+0000] {dag.py:4180} INFO - Setting next_dagrun for example_branch_dop_operator_v3 to 2025-03-27 16:41:00+00:00, run_after=2025-03-27 16:42:00+00:00
[2025-03-27T16:42:23.096+0000] {processor.py:208} INFO - Processing /home/airflow/.local/lib/python3.12/site-packages/airflow/example_dags/example_branch_python_dop_operator_3.py took 0.111 seconds
[2025-03-27T16:42:54.723+0000] {processor.py:186} INFO - Started process (PID=1330) to work on /home/airflow/.local/lib/python3.12/site-packages/airflow/example_dags/example_branch_python_dop_operator_3.py
[2025-03-27T16:42:54.725+0000] {processor.py:914} INFO - Processing file /home/airflow/.local/lib/python3.12/site-packages/airflow/example_dags/example_branch_python_dop_operator_3.py for tasks to queue
[2025-03-27T16:42:54.730+0000] {logging_mixin.py:190} INFO - [2025-03-27T16:42:54.728+0000] {dagbag.py:588} INFO - Filling up the DagBag from /home/airflow/.local/lib/python3.12/site-packages/airflow/example_dags/example_branch_python_dop_operator_3.py
[2025-03-27T16:42:54.756+0000] {processor.py:925} INFO - DAG(s) 'example_branch_dop_operator_v3' retrieved from /home/airflow/.local/lib/python3.12/site-packages/airflow/example_dags/example_branch_python_dop_operator_3.py
[2025-03-27T16:42:54.790+0000] {logging_mixin.py:190} INFO - [2025-03-27T16:42:54.789+0000] {dag.py:3239} INFO - Sync 1 DAGs
[2025-03-27T16:42:54.823+0000] {logging_mixin.py:190} INFO - [2025-03-27T16:42:54.823+0000] {dag.py:4180} INFO - Setting next_dagrun for example_branch_dop_operator_v3 to 2025-03-27 16:41:00+00:00, run_after=2025-03-27 16:42:00+00:00
[2025-03-27T16:42:54.843+0000] {processor.py:208} INFO - Processing /home/airflow/.local/lib/python3.12/site-packages/airflow/example_dags/example_branch_python_dop_operator_3.py took 0.132 seconds
[2025-03-27T16:43:25.395+0000] {processor.py:186} INFO - Started process (PID=1395) to work on /home/airflow/.local/lib/python3.12/site-packages/airflow/example_dags/example_branch_python_dop_operator_3.py
[2025-03-27T16:43:25.396+0000] {processor.py:914} INFO - Processing file /home/airflow/.local/lib/python3.12/site-packages/airflow/example_dags/example_branch_python_dop_operator_3.py for tasks to queue
[2025-03-27T16:43:25.399+0000] {logging_mixin.py:190} INFO - [2025-03-27T16:43:25.398+0000] {dagbag.py:588} INFO - Filling up the DagBag from /home/airflow/.local/lib/python3.12/site-packages/airflow/example_dags/example_branch_python_dop_operator_3.py
[2025-03-27T16:43:25.414+0000] {processor.py:925} INFO - DAG(s) 'example_branch_dop_operator_v3' retrieved from /home/airflow/.local/lib/python3.12/site-packages/airflow/example_dags/example_branch_python_dop_operator_3.py
[2025-03-27T16:43:25.438+0000] {logging_mixin.py:190} INFO - [2025-03-27T16:43:25.437+0000] {dag.py:3239} INFO - Sync 1 DAGs
[2025-03-27T16:43:25.492+0000] {logging_mixin.py:190} INFO - [2025-03-27T16:43:25.492+0000] {dag.py:4180} INFO - Setting next_dagrun for example_branch_dop_operator_v3 to 2025-03-27 16:42:00+00:00, run_after=2025-03-27 16:43:00+00:00
[2025-03-27T16:43:25.513+0000] {processor.py:208} INFO - Processing /home/airflow/.local/lib/python3.12/site-packages/airflow/example_dags/example_branch_python_dop_operator_3.py took 0.124 seconds
[2025-03-27T16:43:55.775+0000] {processor.py:186} INFO - Started process (PID=1461) to work on /home/airflow/.local/lib/python3.12/site-packages/airflow/example_dags/example_branch_python_dop_operator_3.py
[2025-03-27T16:43:55.777+0000] {processor.py:914} INFO - Processing file /home/airflow/.local/lib/python3.12/site-packages/airflow/example_dags/example_branch_python_dop_operator_3.py for tasks to queue
[2025-03-27T16:43:55.782+0000] {logging_mixin.py:190} INFO - [2025-03-27T16:43:55.781+0000] {dagbag.py:588} INFO - Filling up the DagBag from /home/airflow/.local/lib/python3.12/site-packages/airflow/example_dags/example_branch_python_dop_operator_3.py
[2025-03-27T16:43:55.796+0000] {processor.py:925} INFO - DAG(s) 'example_branch_dop_operator_v3' retrieved from /home/airflow/.local/lib/python3.12/site-packages/airflow/example_dags/example_branch_python_dop_operator_3.py
[2025-03-27T16:43:55.827+0000] {logging_mixin.py:190} INFO - [2025-03-27T16:43:55.826+0000] {dag.py:3239} INFO - Sync 1 DAGs
[2025-03-27T16:43:55.882+0000] {logging_mixin.py:190} INFO - [2025-03-27T16:43:55.881+0000] {dag.py:4180} INFO - Setting next_dagrun for example_branch_dop_operator_v3 to 2025-03-27 16:42:00+00:00, run_after=2025-03-27 16:43:00+00:00
[2025-03-27T16:43:55.951+0000] {processor.py:208} INFO - Processing /home/airflow/.local/lib/python3.12/site-packages/airflow/example_dags/example_branch_python_dop_operator_3.py took 0.184 seconds
[2025-03-27T16:44:26.049+0000] {processor.py:186} INFO - Started process (PID=1527) to work on /home/airflow/.local/lib/python3.12/site-packages/airflow/example_dags/example_branch_python_dop_operator_3.py
[2025-03-27T16:44:26.051+0000] {processor.py:914} INFO - Processing file /home/airflow/.local/lib/python3.12/site-packages/airflow/example_dags/example_branch_python_dop_operator_3.py for tasks to queue
[2025-03-27T16:44:26.055+0000] {logging_mixin.py:190} INFO - [2025-03-27T16:44:26.055+0000] {dagbag.py:588} INFO - Filling up the DagBag from /home/airflow/.local/lib/python3.12/site-packages/airflow/example_dags/example_branch_python_dop_operator_3.py
[2025-03-27T16:44:26.074+0000] {processor.py:925} INFO - DAG(s) 'example_branch_dop_operator_v3' retrieved from /home/airflow/.local/lib/python3.12/site-packages/airflow/example_dags/example_branch_python_dop_operator_3.py
[2025-03-27T16:44:26.116+0000] {logging_mixin.py:190} INFO - [2025-03-27T16:44:26.116+0000] {dag.py:3239} INFO - Sync 1 DAGs
[2025-03-27T16:44:26.161+0000] {logging_mixin.py:190} INFO - [2025-03-27T16:44:26.160+0000] {dag.py:4180} INFO - Setting next_dagrun for example_branch_dop_operator_v3 to 2025-03-27 16:43:00+00:00, run_after=2025-03-27 16:44:00+00:00
[2025-03-27T16:44:26.188+0000] {processor.py:208} INFO - Processing /home/airflow/.local/lib/python3.12/site-packages/airflow/example_dags/example_branch_python_dop_operator_3.py took 0.149 seconds
[2025-03-27T16:44:56.893+0000] {processor.py:186} INFO - Started process (PID=1592) to work on /home/airflow/.local/lib/python3.12/site-packages/airflow/example_dags/example_branch_python_dop_operator_3.py
[2025-03-27T16:44:56.895+0000] {processor.py:914} INFO - Processing file /home/airflow/.local/lib/python3.12/site-packages/airflow/example_dags/example_branch_python_dop_operator_3.py for tasks to queue
[2025-03-27T16:44:56.898+0000] {logging_mixin.py:190} INFO - [2025-03-27T16:44:56.897+0000] {dagbag.py:588} INFO - Filling up the DagBag from /home/airflow/.local/lib/python3.12/site-packages/airflow/example_dags/example_branch_python_dop_operator_3.py
[2025-03-27T16:44:56.910+0000] {processor.py:925} INFO - DAG(s) 'example_branch_dop_operator_v3' retrieved from /home/airflow/.local/lib/python3.12/site-packages/airflow/example_dags/example_branch_python_dop_operator_3.py
[2025-03-27T16:44:56.931+0000] {logging_mixin.py:190} INFO - [2025-03-27T16:44:56.931+0000] {dag.py:3239} INFO - Sync 1 DAGs
[2025-03-27T16:44:56.960+0000] {logging_mixin.py:190} INFO - [2025-03-27T16:44:56.960+0000] {dag.py:4180} INFO - Setting next_dagrun for example_branch_dop_operator_v3 to 2025-03-27 16:43:00+00:00, run_after=2025-03-27 16:44:00+00:00
[2025-03-27T16:44:56.984+0000] {processor.py:208} INFO - Processing /home/airflow/.local/lib/python3.12/site-packages/airflow/example_dags/example_branch_python_dop_operator_3.py took 0.097 seconds
[2025-03-27T16:45:27.616+0000] {processor.py:186} INFO - Started process (PID=1657) to work on /home/airflow/.local/lib/python3.12/site-packages/airflow/example_dags/example_branch_python_dop_operator_3.py
[2025-03-27T16:45:27.620+0000] {processor.py:914} INFO - Processing file /home/airflow/.local/lib/python3.12/site-packages/airflow/example_dags/example_branch_python_dop_operator_3.py for tasks to queue
[2025-03-27T16:45:27.631+0000] {logging_mixin.py:190} INFO - [2025-03-27T16:45:27.629+0000] {dagbag.py:588} INFO - Filling up the DagBag from /home/airflow/.local/lib/python3.12/site-packages/airflow/example_dags/example_branch_python_dop_operator_3.py
[2025-03-27T16:45:27.663+0000] {processor.py:925} INFO - DAG(s) 'example_branch_dop_operator_v3' retrieved from /home/airflow/.local/lib/python3.12/site-packages/airflow/example_dags/example_branch_python_dop_operator_3.py
[2025-03-27T16:45:27.728+0000] {logging_mixin.py:190} INFO - [2025-03-27T16:45:27.727+0000] {dag.py:3239} INFO - Sync 1 DAGs
[2025-03-27T16:45:27.811+0000] {logging_mixin.py:190} INFO - [2025-03-27T16:45:27.810+0000] {dag.py:4180} INFO - Setting next_dagrun for example_branch_dop_operator_v3 to 2025-03-27 16:44:00+00:00, run_after=2025-03-27 16:45:00+00:00
[2025-03-27T16:45:27.852+0000] {processor.py:208} INFO - Processing /home/airflow/.local/lib/python3.12/site-packages/airflow/example_dags/example_branch_python_dop_operator_3.py took 0.256 seconds
[2025-03-27T16:45:58.322+0000] {processor.py:186} INFO - Started process (PID=1722) to work on /home/airflow/.local/lib/python3.12/site-packages/airflow/example_dags/example_branch_python_dop_operator_3.py
[2025-03-27T16:45:58.324+0000] {processor.py:914} INFO - Processing file /home/airflow/.local/lib/python3.12/site-packages/airflow/example_dags/example_branch_python_dop_operator_3.py for tasks to queue
[2025-03-27T16:45:58.329+0000] {logging_mixin.py:190} INFO - [2025-03-27T16:45:58.328+0000] {dagbag.py:588} INFO - Filling up the DagBag from /home/airflow/.local/lib/python3.12/site-packages/airflow/example_dags/example_branch_python_dop_operator_3.py
[2025-03-27T16:45:58.344+0000] {processor.py:925} INFO - DAG(s) 'example_branch_dop_operator_v3' retrieved from /home/airflow/.local/lib/python3.12/site-packages/airflow/example_dags/example_branch_python_dop_operator_3.py
[2025-03-27T16:45:58.384+0000] {logging_mixin.py:190} INFO - [2025-03-27T16:45:58.383+0000] {dag.py:3239} INFO - Sync 1 DAGs
[2025-03-27T16:45:58.428+0000] {logging_mixin.py:190} INFO - [2025-03-27T16:45:58.427+0000] {dag.py:4180} INFO - Setting next_dagrun for example_branch_dop_operator_v3 to 2025-03-27 16:44:00+00:00, run_after=2025-03-27 16:45:00+00:00
[2025-03-27T16:45:58.455+0000] {processor.py:208} INFO - Processing /home/airflow/.local/lib/python3.12/site-packages/airflow/example_dags/example_branch_python_dop_operator_3.py took 0.139 seconds
[2025-03-27T16:46:29.047+0000] {processor.py:186} INFO - Started process (PID=1793) to work on /home/airflow/.local/lib/python3.12/site-packages/airflow/example_dags/example_branch_python_dop_operator_3.py
[2025-03-27T16:46:29.053+0000] {processor.py:914} INFO - Processing file /home/airflow/.local/lib/python3.12/site-packages/airflow/example_dags/example_branch_python_dop_operator_3.py for tasks to queue
[2025-03-27T16:46:29.059+0000] {logging_mixin.py:190} INFO - [2025-03-27T16:46:29.059+0000] {dagbag.py:588} INFO - Filling up the DagBag from /home/airflow/.local/lib/python3.12/site-packages/airflow/example_dags/example_branch_python_dop_operator_3.py
[2025-03-27T16:46:29.075+0000] {processor.py:925} INFO - DAG(s) 'example_branch_dop_operator_v3' retrieved from /home/airflow/.local/lib/python3.12/site-packages/airflow/example_dags/example_branch_python_dop_operator_3.py
[2025-03-27T16:46:29.097+0000] {logging_mixin.py:190} INFO - [2025-03-27T16:46:29.096+0000] {dag.py:3239} INFO - Sync 1 DAGs
[2025-03-27T16:46:29.129+0000] {logging_mixin.py:190} INFO - [2025-03-27T16:46:29.129+0000] {dag.py:4180} INFO - Setting next_dagrun for example_branch_dop_operator_v3 to 2025-03-27 16:45:00+00:00, run_after=2025-03-27 16:46:00+00:00
[2025-03-27T16:46:29.158+0000] {processor.py:208} INFO - Processing /home/airflow/.local/lib/python3.12/site-packages/airflow/example_dags/example_branch_python_dop_operator_3.py took 0.121 seconds
[2025-03-27T16:47:00.037+0000] {processor.py:186} INFO - Started process (PID=1857) to work on /home/airflow/.local/lib/python3.12/site-packages/airflow/example_dags/example_branch_python_dop_operator_3.py
[2025-03-27T16:47:00.041+0000] {processor.py:914} INFO - Processing file /home/airflow/.local/lib/python3.12/site-packages/airflow/example_dags/example_branch_python_dop_operator_3.py for tasks to queue
[2025-03-27T16:47:00.047+0000] {logging_mixin.py:190} INFO - [2025-03-27T16:47:00.046+0000] {dagbag.py:588} INFO - Filling up the DagBag from /home/airflow/.local/lib/python3.12/site-packages/airflow/example_dags/example_branch_python_dop_operator_3.py
[2025-03-27T16:47:00.085+0000] {processor.py:925} INFO - DAG(s) 'example_branch_dop_operator_v3' retrieved from /home/airflow/.local/lib/python3.12/site-packages/airflow/example_dags/example_branch_python_dop_operator_3.py
[2025-03-27T16:47:00.121+0000] {logging_mixin.py:190} INFO - [2025-03-27T16:47:00.121+0000] {dag.py:3239} INFO - Sync 1 DAGs
[2025-03-27T16:47:00.156+0000] {logging_mixin.py:190} INFO - [2025-03-27T16:47:00.156+0000] {dag.py:4180} INFO - Setting next_dagrun for example_branch_dop_operator_v3 to 2025-03-27 16:46:00+00:00, run_after=2025-03-27 16:47:00+00:00
[2025-03-27T16:47:00.184+0000] {processor.py:208} INFO - Processing /home/airflow/.local/lib/python3.12/site-packages/airflow/example_dags/example_branch_python_dop_operator_3.py took 0.162 seconds
[2025-03-27T16:47:30.535+0000] {processor.py:186} INFO - Started process (PID=1922) to work on /home/airflow/.local/lib/python3.12/site-packages/airflow/example_dags/example_branch_python_dop_operator_3.py
[2025-03-27T16:47:30.538+0000] {processor.py:914} INFO - Processing file /home/airflow/.local/lib/python3.12/site-packages/airflow/example_dags/example_branch_python_dop_operator_3.py for tasks to queue
[2025-03-27T16:47:30.543+0000] {logging_mixin.py:190} INFO - [2025-03-27T16:47:30.543+0000] {dagbag.py:588} INFO - Filling up the DagBag from /home/airflow/.local/lib/python3.12/site-packages/airflow/example_dags/example_branch_python_dop_operator_3.py
[2025-03-27T16:47:30.562+0000] {processor.py:925} INFO - DAG(s) 'example_branch_dop_operator_v3' retrieved from /home/airflow/.local/lib/python3.12/site-packages/airflow/example_dags/example_branch_python_dop_operator_3.py
[2025-03-27T16:47:30.594+0000] {logging_mixin.py:190} INFO - [2025-03-27T16:47:30.594+0000] {dag.py:3239} INFO - Sync 1 DAGs
[2025-03-27T16:47:30.624+0000] {logging_mixin.py:190} INFO - [2025-03-27T16:47:30.624+0000] {dag.py:4180} INFO - Setting next_dagrun for example_branch_dop_operator_v3 to 2025-03-27 16:46:00+00:00, run_after=2025-03-27 16:47:00+00:00
[2025-03-27T16:47:30.643+0000] {processor.py:208} INFO - Processing /home/airflow/.local/lib/python3.12/site-packages/airflow/example_dags/example_branch_python_dop_operator_3.py took 0.121 seconds
[2025-03-27T16:48:01.451+0000] {processor.py:186} INFO - Started process (PID=1987) to work on /home/airflow/.local/lib/python3.12/site-packages/airflow/example_dags/example_branch_python_dop_operator_3.py
[2025-03-27T16:48:01.455+0000] {processor.py:914} INFO - Processing file /home/airflow/.local/lib/python3.12/site-packages/airflow/example_dags/example_branch_python_dop_operator_3.py for tasks to queue
[2025-03-27T16:48:01.461+0000] {logging_mixin.py:190} INFO - [2025-03-27T16:48:01.460+0000] {dagbag.py:588} INFO - Filling up the DagBag from /home/airflow/.local/lib/python3.12/site-packages/airflow/example_dags/example_branch_python_dop_operator_3.py
[2025-03-27T16:48:01.484+0000] {processor.py:925} INFO - DAG(s) 'example_branch_dop_operator_v3' retrieved from /home/airflow/.local/lib/python3.12/site-packages/airflow/example_dags/example_branch_python_dop_operator_3.py
[2025-03-27T16:48:01.535+0000] {logging_mixin.py:190} INFO - [2025-03-27T16:48:01.534+0000] {dag.py:3239} INFO - Sync 1 DAGs
[2025-03-27T16:48:01.585+0000] {logging_mixin.py:190} INFO - [2025-03-27T16:48:01.584+0000] {dag.py:4180} INFO - Setting next_dagrun for example_branch_dop_operator_v3 to 2025-03-27 16:47:00+00:00, run_after=2025-03-27 16:48:00+00:00
[2025-03-27T16:48:01.629+0000] {processor.py:208} INFO - Processing /home/airflow/.local/lib/python3.12/site-packages/airflow/example_dags/example_branch_python_dop_operator_3.py took 0.189 seconds
[2025-03-27T16:48:32.426+0000] {processor.py:186} INFO - Started process (PID=2052) to work on /home/airflow/.local/lib/python3.12/site-packages/airflow/example_dags/example_branch_python_dop_operator_3.py
[2025-03-27T16:48:32.427+0000] {processor.py:914} INFO - Processing file /home/airflow/.local/lib/python3.12/site-packages/airflow/example_dags/example_branch_python_dop_operator_3.py for tasks to queue
[2025-03-27T16:48:32.430+0000] {logging_mixin.py:190} INFO - [2025-03-27T16:48:32.430+0000] {dagbag.py:588} INFO - Filling up the DagBag from /home/airflow/.local/lib/python3.12/site-packages/airflow/example_dags/example_branch_python_dop_operator_3.py
[2025-03-27T16:48:32.442+0000] {processor.py:925} INFO - DAG(s) 'example_branch_dop_operator_v3' retrieved from /home/airflow/.local/lib/python3.12/site-packages/airflow/example_dags/example_branch_python_dop_operator_3.py
[2025-03-27T16:48:32.463+0000] {logging_mixin.py:190} INFO - [2025-03-27T16:48:32.463+0000] {dag.py:3239} INFO - Sync 1 DAGs
[2025-03-27T16:48:32.492+0000] {logging_mixin.py:190} INFO - [2025-03-27T16:48:32.492+0000] {dag.py:4180} INFO - Setting next_dagrun for example_branch_dop_operator_v3 to 2025-03-27 16:47:00+00:00, run_after=2025-03-27 16:48:00+00:00
[2025-03-27T16:48:32.515+0000] {processor.py:208} INFO - Processing /home/airflow/.local/lib/python3.12/site-packages/airflow/example_dags/example_branch_python_dop_operator_3.py took 0.097 seconds
[2025-03-27T16:49:02.678+0000] {processor.py:186} INFO - Started process (PID=2117) to work on /home/airflow/.local/lib/python3.12/site-packages/airflow/example_dags/example_branch_python_dop_operator_3.py
[2025-03-27T16:49:02.679+0000] {processor.py:914} INFO - Processing file /home/airflow/.local/lib/python3.12/site-packages/airflow/example_dags/example_branch_python_dop_operator_3.py for tasks to queue
[2025-03-27T16:49:02.685+0000] {logging_mixin.py:190} INFO - [2025-03-27T16:49:02.684+0000] {dagbag.py:588} INFO - Filling up the DagBag from /home/airflow/.local/lib/python3.12/site-packages/airflow/example_dags/example_branch_python_dop_operator_3.py
[2025-03-27T16:49:02.702+0000] {processor.py:925} INFO - DAG(s) 'example_branch_dop_operator_v3' retrieved from /home/airflow/.local/lib/python3.12/site-packages/airflow/example_dags/example_branch_python_dop_operator_3.py
[2025-03-27T16:49:02.753+0000] {logging_mixin.py:190} INFO - [2025-03-27T16:49:02.753+0000] {dag.py:3239} INFO - Sync 1 DAGs
[2025-03-27T16:49:02.793+0000] {logging_mixin.py:190} INFO - [2025-03-27T16:49:02.793+0000] {dag.py:4180} INFO - Setting next_dagrun for example_branch_dop_operator_v3 to 2025-03-27 16:48:00+00:00, run_after=2025-03-27 16:49:00+00:00
[2025-03-27T16:49:02.813+0000] {processor.py:208} INFO - Processing /home/airflow/.local/lib/python3.12/site-packages/airflow/example_dags/example_branch_python_dop_operator_3.py took 0.145 seconds
[2025-03-27T16:49:33.237+0000] {processor.py:186} INFO - Started process (PID=2182) to work on /home/airflow/.local/lib/python3.12/site-packages/airflow/example_dags/example_branch_python_dop_operator_3.py
[2025-03-27T16:49:33.238+0000] {processor.py:914} INFO - Processing file /home/airflow/.local/lib/python3.12/site-packages/airflow/example_dags/example_branch_python_dop_operator_3.py for tasks to queue
[2025-03-27T16:49:33.241+0000] {logging_mixin.py:190} INFO - [2025-03-27T16:49:33.240+0000] {dagbag.py:588} INFO - Filling up the DagBag from /home/airflow/.local/lib/python3.12/site-packages/airflow/example_dags/example_branch_python_dop_operator_3.py
[2025-03-27T16:49:33.255+0000] {processor.py:925} INFO - DAG(s) 'example_branch_dop_operator_v3' retrieved from /home/airflow/.local/lib/python3.12/site-packages/airflow/example_dags/example_branch_python_dop_operator_3.py
[2025-03-27T16:49:33.275+0000] {logging_mixin.py:190} INFO - [2025-03-27T16:49:33.275+0000] {dag.py:3239} INFO - Sync 1 DAGs
[2025-03-27T16:49:33.309+0000] {logging_mixin.py:190} INFO - [2025-03-27T16:49:33.309+0000] {dag.py:4180} INFO - Setting next_dagrun for example_branch_dop_operator_v3 to 2025-03-27 16:48:00+00:00, run_after=2025-03-27 16:49:00+00:00
[2025-03-27T16:49:33.330+0000] {processor.py:208} INFO - Processing /home/airflow/.local/lib/python3.12/site-packages/airflow/example_dags/example_branch_python_dop_operator_3.py took 0.099 seconds
[2025-03-27T16:50:04.035+0000] {processor.py:186} INFO - Started process (PID=2247) to work on /home/airflow/.local/lib/python3.12/site-packages/airflow/example_dags/example_branch_python_dop_operator_3.py
[2025-03-27T16:50:04.038+0000] {processor.py:914} INFO - Processing file /home/airflow/.local/lib/python3.12/site-packages/airflow/example_dags/example_branch_python_dop_operator_3.py for tasks to queue
[2025-03-27T16:50:04.043+0000] {logging_mixin.py:190} INFO - [2025-03-27T16:50:04.042+0000] {dagbag.py:588} INFO - Filling up the DagBag from /home/airflow/.local/lib/python3.12/site-packages/airflow/example_dags/example_branch_python_dop_operator_3.py
[2025-03-27T16:50:04.063+0000] {processor.py:925} INFO - DAG(s) 'example_branch_dop_operator_v3' retrieved from /home/airflow/.local/lib/python3.12/site-packages/airflow/example_dags/example_branch_python_dop_operator_3.py
[2025-03-27T16:50:04.120+0000] {logging_mixin.py:190} INFO - [2025-03-27T16:50:04.119+0000] {dag.py:3239} INFO - Sync 1 DAGs
[2025-03-27T16:50:04.157+0000] {logging_mixin.py:190} INFO - [2025-03-27T16:50:04.157+0000] {dag.py:4180} INFO - Setting next_dagrun for example_branch_dop_operator_v3 to 2025-03-27 16:49:00+00:00, run_after=2025-03-27 16:50:00+00:00
[2025-03-27T16:50:04.179+0000] {processor.py:208} INFO - Processing /home/airflow/.local/lib/python3.12/site-packages/airflow/example_dags/example_branch_python_dop_operator_3.py took 0.150 seconds
[2025-03-27T16:50:34.627+0000] {processor.py:186} INFO - Started process (PID=2312) to work on /home/airflow/.local/lib/python3.12/site-packages/airflow/example_dags/example_branch_python_dop_operator_3.py
[2025-03-27T16:50:34.628+0000] {processor.py:914} INFO - Processing file /home/airflow/.local/lib/python3.12/site-packages/airflow/example_dags/example_branch_python_dop_operator_3.py for tasks to queue
[2025-03-27T16:50:34.632+0000] {logging_mixin.py:190} INFO - [2025-03-27T16:50:34.631+0000] {dagbag.py:588} INFO - Filling up the DagBag from /home/airflow/.local/lib/python3.12/site-packages/airflow/example_dags/example_branch_python_dop_operator_3.py
[2025-03-27T16:50:34.649+0000] {processor.py:925} INFO - DAG(s) 'example_branch_dop_operator_v3' retrieved from /home/airflow/.local/lib/python3.12/site-packages/airflow/example_dags/example_branch_python_dop_operator_3.py
[2025-03-27T16:50:34.675+0000] {logging_mixin.py:190} INFO - [2025-03-27T16:50:34.675+0000] {dag.py:3239} INFO - Sync 1 DAGs
[2025-03-27T16:50:34.722+0000] {logging_mixin.py:190} INFO - [2025-03-27T16:50:34.722+0000] {dag.py:4180} INFO - Setting next_dagrun for example_branch_dop_operator_v3 to 2025-03-27 16:49:00+00:00, run_after=2025-03-27 16:50:00+00:00
[2025-03-27T16:50:34.758+0000] {processor.py:208} INFO - Processing /home/airflow/.local/lib/python3.12/site-packages/airflow/example_dags/example_branch_python_dop_operator_3.py took 0.138 seconds
[2025-03-27T16:51:05.653+0000] {processor.py:186} INFO - Started process (PID=2375) to work on /home/airflow/.local/lib/python3.12/site-packages/airflow/example_dags/example_branch_python_dop_operator_3.py
[2025-03-27T16:51:05.655+0000] {processor.py:914} INFO - Processing file /home/airflow/.local/lib/python3.12/site-packages/airflow/example_dags/example_branch_python_dop_operator_3.py for tasks to queue
[2025-03-27T16:51:05.659+0000] {logging_mixin.py:190} INFO - [2025-03-27T16:51:05.658+0000] {dagbag.py:588} INFO - Filling up the DagBag from /home/airflow/.local/lib/python3.12/site-packages/airflow/example_dags/example_branch_python_dop_operator_3.py
[2025-03-27T16:51:05.679+0000] {processor.py:925} INFO - DAG(s) 'example_branch_dop_operator_v3' retrieved from /home/airflow/.local/lib/python3.12/site-packages/airflow/example_dags/example_branch_python_dop_operator_3.py
[2025-03-27T16:51:05.703+0000] {logging_mixin.py:190} INFO - [2025-03-27T16:51:05.703+0000] {dag.py:3239} INFO - Sync 1 DAGs
[2025-03-27T16:51:05.733+0000] {logging_mixin.py:190} INFO - [2025-03-27T16:51:05.733+0000] {dag.py:4180} INFO - Setting next_dagrun for example_branch_dop_operator_v3 to 2025-03-27 16:50:00+00:00, run_after=2025-03-27 16:51:00+00:00
[2025-03-27T16:51:05.756+0000] {processor.py:208} INFO - Processing /home/airflow/.local/lib/python3.12/site-packages/airflow/example_dags/example_branch_python_dop_operator_3.py took 0.113 seconds
[2025-03-27T16:51:36.046+0000] {processor.py:186} INFO - Started process (PID=2440) to work on /home/airflow/.local/lib/python3.12/site-packages/airflow/example_dags/example_branch_python_dop_operator_3.py
[2025-03-27T16:51:36.048+0000] {processor.py:914} INFO - Processing file /home/airflow/.local/lib/python3.12/site-packages/airflow/example_dags/example_branch_python_dop_operator_3.py for tasks to queue
[2025-03-27T16:51:36.052+0000] {logging_mixin.py:190} INFO - [2025-03-27T16:51:36.052+0000] {dagbag.py:588} INFO - Filling up the DagBag from /home/airflow/.local/lib/python3.12/site-packages/airflow/example_dags/example_branch_python_dop_operator_3.py
[2025-03-27T16:51:36.065+0000] {processor.py:925} INFO - DAG(s) 'example_branch_dop_operator_v3' retrieved from /home/airflow/.local/lib/python3.12/site-packages/airflow/example_dags/example_branch_python_dop_operator_3.py
[2025-03-27T16:51:36.086+0000] {logging_mixin.py:190} INFO - [2025-03-27T16:51:36.086+0000] {dag.py:3239} INFO - Sync 1 DAGs
[2025-03-27T16:51:36.112+0000] {logging_mixin.py:190} INFO - [2025-03-27T16:51:36.112+0000] {dag.py:4180} INFO - Setting next_dagrun for example_branch_dop_operator_v3 to 2025-03-27 16:50:00+00:00, run_after=2025-03-27 16:51:00+00:00
[2025-03-27T16:51:36.159+0000] {processor.py:208} INFO - Processing /home/airflow/.local/lib/python3.12/site-packages/airflow/example_dags/example_branch_python_dop_operator_3.py took 0.125 seconds
[2025-03-27T16:53:04.061+0000] {processor.py:186} INFO - Started process (PID=117) to work on /home/airflow/.local/lib/python3.12/site-packages/airflow/example_dags/example_branch_python_dop_operator_3.py
[2025-03-27T16:53:04.063+0000] {processor.py:914} INFO - Processing file /home/airflow/.local/lib/python3.12/site-packages/airflow/example_dags/example_branch_python_dop_operator_3.py for tasks to queue
[2025-03-27T16:53:04.066+0000] {logging_mixin.py:190} INFO - [2025-03-27T16:53:04.065+0000] {dagbag.py:588} INFO - Filling up the DagBag from /home/airflow/.local/lib/python3.12/site-packages/airflow/example_dags/example_branch_python_dop_operator_3.py
[2025-03-27T16:53:04.077+0000] {processor.py:925} INFO - DAG(s) 'example_branch_dop_operator_v3' retrieved from /home/airflow/.local/lib/python3.12/site-packages/airflow/example_dags/example_branch_python_dop_operator_3.py
[2025-03-27T16:53:04.101+0000] {logging_mixin.py:190} INFO - [2025-03-27T16:53:04.101+0000] {dag.py:3239} INFO - Sync 1 DAGs
[2025-03-27T16:53:04.145+0000] {logging_mixin.py:190} INFO - [2025-03-27T16:53:04.145+0000] {dag.py:4180} INFO - Setting next_dagrun for example_branch_dop_operator_v3 to 2025-03-27 16:52:00+00:00, run_after=2025-03-27 16:53:00+00:00
[2025-03-27T16:53:04.172+0000] {processor.py:208} INFO - Processing /home/airflow/.local/lib/python3.12/site-packages/airflow/example_dags/example_branch_python_dop_operator_3.py took 0.117 seconds
