[2025-03-27T16:33:02.210+0000] {processor.py:186} INFO - Started process (PID=90) to work on /home/airflow/.local/lib/python3.12/site-packages/airflow/example_dags/example_skip_dag.py
[2025-03-27T16:33:02.238+0000] {processor.py:914} INFO - Processing file /home/airflow/.local/lib/python3.12/site-packages/airflow/example_dags/example_skip_dag.py for tasks to queue
[2025-03-27T16:33:02.306+0000] {logging_mixin.py:190} INFO - [2025-03-27T16:33:02.302+0000] {dagbag.py:588} INFO - Filling up the DagBag from /home/airflow/.local/lib/python3.12/site-packages/airflow/example_dags/example_skip_dag.py
[2025-03-27T16:33:02.444+0000] {processor.py:925} INFO - DAG(s) 'example_skip_dag' retrieved from /home/airflow/.local/lib/python3.12/site-packages/airflow/example_dags/example_skip_dag.py
[2025-03-27T16:33:02.698+0000] {logging_mixin.py:190} INFO - [2025-03-27T16:33:02.697+0000] {override.py:1912} INFO - Created Permission View: can read on DAG:example_skip_dag
[2025-03-27T16:33:02.713+0000] {logging_mixin.py:190} INFO - [2025-03-27T16:33:02.712+0000] {override.py:1912} INFO - Created Permission View: can delete on DAG:example_skip_dag
[2025-03-27T16:33:02.728+0000] {logging_mixin.py:190} INFO - [2025-03-27T16:33:02.728+0000] {override.py:1912} INFO - Created Permission View: can edit on DAG:example_skip_dag
[2025-03-27T16:33:02.745+0000] {logging_mixin.py:190} INFO - [2025-03-27T16:33:02.744+0000] {override.py:1912} INFO - Created Permission View: can read on DAG Run:example_skip_dag
[2025-03-27T16:33:02.757+0000] {logging_mixin.py:190} INFO - [2025-03-27T16:33:02.756+0000] {override.py:1912} INFO - Created Permission View: menu access on DAG Run:example_skip_dag
[2025-03-27T16:33:02.770+0000] {logging_mixin.py:190} INFO - [2025-03-27T16:33:02.770+0000] {override.py:1912} INFO - Created Permission View: can create on DAG Run:example_skip_dag
[2025-03-27T16:33:02.781+0000] {logging_mixin.py:190} INFO - [2025-03-27T16:33:02.780+0000] {override.py:1912} INFO - Created Permission View: can delete on DAG Run:example_skip_dag
[2025-03-27T16:33:02.782+0000] {logging_mixin.py:190} INFO - [2025-03-27T16:33:02.782+0000] {dag.py:3239} INFO - Sync 1 DAGs
[2025-03-27T16:33:02.819+0000] {logging_mixin.py:190} INFO - [2025-03-27T16:33:02.819+0000] {dag.py:3262} INFO - Creating ORM DAG for example_skip_dag
[2025-03-27T16:33:02.841+0000] {logging_mixin.py:190} INFO - [2025-03-27T16:33:02.840+0000] {dag.py:4180} INFO - Setting next_dagrun for example_skip_dag to 2025-03-26 00:00:00+00:00, run_after=2025-03-27 00:00:00+00:00
[2025-03-27T16:33:02.875+0000] {processor.py:208} INFO - Processing /home/airflow/.local/lib/python3.12/site-packages/airflow/example_dags/example_skip_dag.py took 0.757 seconds
[2025-03-27T16:33:33.592+0000] {processor.py:186} INFO - Started process (PID=152) to work on /home/airflow/.local/lib/python3.12/site-packages/airflow/example_dags/example_skip_dag.py
[2025-03-27T16:33:33.595+0000] {processor.py:914} INFO - Processing file /home/airflow/.local/lib/python3.12/site-packages/airflow/example_dags/example_skip_dag.py for tasks to queue
[2025-03-27T16:33:33.601+0000] {logging_mixin.py:190} INFO - [2025-03-27T16:33:33.600+0000] {dagbag.py:588} INFO - Filling up the DagBag from /home/airflow/.local/lib/python3.12/site-packages/airflow/example_dags/example_skip_dag.py
[2025-03-27T16:33:33.617+0000] {processor.py:925} INFO - DAG(s) 'example_skip_dag' retrieved from /home/airflow/.local/lib/python3.12/site-packages/airflow/example_dags/example_skip_dag.py
[2025-03-27T16:33:33.644+0000] {logging_mixin.py:190} INFO - [2025-03-27T16:33:33.643+0000] {dag.py:3239} INFO - Sync 1 DAGs
[2025-03-27T16:33:33.682+0000] {logging_mixin.py:190} INFO - [2025-03-27T16:33:33.682+0000] {dag.py:4180} INFO - Setting next_dagrun for example_skip_dag to 2025-03-26 00:00:00+00:00, run_after=2025-03-27 00:00:00+00:00
[2025-03-27T16:33:33.722+0000] {processor.py:208} INFO - Processing /home/airflow/.local/lib/python3.12/site-packages/airflow/example_dags/example_skip_dag.py took 0.149 seconds
[2025-03-27T16:34:03.957+0000] {processor.py:186} INFO - Started process (PID=215) to work on /home/airflow/.local/lib/python3.12/site-packages/airflow/example_dags/example_skip_dag.py
[2025-03-27T16:34:03.959+0000] {processor.py:914} INFO - Processing file /home/airflow/.local/lib/python3.12/site-packages/airflow/example_dags/example_skip_dag.py for tasks to queue
[2025-03-27T16:34:03.961+0000] {logging_mixin.py:190} INFO - [2025-03-27T16:34:03.961+0000] {dagbag.py:588} INFO - Filling up the DagBag from /home/airflow/.local/lib/python3.12/site-packages/airflow/example_dags/example_skip_dag.py
[2025-03-27T16:34:03.975+0000] {processor.py:925} INFO - DAG(s) 'example_skip_dag' retrieved from /home/airflow/.local/lib/python3.12/site-packages/airflow/example_dags/example_skip_dag.py
[2025-03-27T16:34:04.023+0000] {logging_mixin.py:190} INFO - [2025-03-27T16:34:04.023+0000] {dag.py:3239} INFO - Sync 1 DAGs
[2025-03-27T16:34:04.056+0000] {logging_mixin.py:190} INFO - [2025-03-27T16:34:04.055+0000] {dag.py:4180} INFO - Setting next_dagrun for example_skip_dag to 2025-03-26 00:00:00+00:00, run_after=2025-03-27 00:00:00+00:00
[2025-03-27T16:34:04.083+0000] {processor.py:208} INFO - Processing /home/airflow/.local/lib/python3.12/site-packages/airflow/example_dags/example_skip_dag.py took 0.132 seconds
[2025-03-27T16:34:34.197+0000] {processor.py:186} INFO - Started process (PID=278) to work on /home/airflow/.local/lib/python3.12/site-packages/airflow/example_dags/example_skip_dag.py
[2025-03-27T16:34:34.198+0000] {processor.py:914} INFO - Processing file /home/airflow/.local/lib/python3.12/site-packages/airflow/example_dags/example_skip_dag.py for tasks to queue
[2025-03-27T16:34:34.203+0000] {logging_mixin.py:190} INFO - [2025-03-27T16:34:34.203+0000] {dagbag.py:588} INFO - Filling up the DagBag from /home/airflow/.local/lib/python3.12/site-packages/airflow/example_dags/example_skip_dag.py
[2025-03-27T16:34:34.213+0000] {processor.py:925} INFO - DAG(s) 'example_skip_dag' retrieved from /home/airflow/.local/lib/python3.12/site-packages/airflow/example_dags/example_skip_dag.py
[2025-03-27T16:34:34.243+0000] {logging_mixin.py:190} INFO - [2025-03-27T16:34:34.243+0000] {dag.py:3239} INFO - Sync 1 DAGs
[2025-03-27T16:34:34.274+0000] {logging_mixin.py:190} INFO - [2025-03-27T16:34:34.274+0000] {dag.py:4180} INFO - Setting next_dagrun for example_skip_dag to 2025-03-26 00:00:00+00:00, run_after=2025-03-27 00:00:00+00:00
[2025-03-27T16:34:34.293+0000] {processor.py:208} INFO - Processing /home/airflow/.local/lib/python3.12/site-packages/airflow/example_dags/example_skip_dag.py took 0.104 seconds
[2025-03-27T16:35:04.372+0000] {processor.py:186} INFO - Started process (PID=341) to work on /home/airflow/.local/lib/python3.12/site-packages/airflow/example_dags/example_skip_dag.py
[2025-03-27T16:35:04.375+0000] {processor.py:914} INFO - Processing file /home/airflow/.local/lib/python3.12/site-packages/airflow/example_dags/example_skip_dag.py for tasks to queue
[2025-03-27T16:35:04.378+0000] {logging_mixin.py:190} INFO - [2025-03-27T16:35:04.378+0000] {dagbag.py:588} INFO - Filling up the DagBag from /home/airflow/.local/lib/python3.12/site-packages/airflow/example_dags/example_skip_dag.py
[2025-03-27T16:35:04.387+0000] {processor.py:925} INFO - DAG(s) 'example_skip_dag' retrieved from /home/airflow/.local/lib/python3.12/site-packages/airflow/example_dags/example_skip_dag.py
[2025-03-27T16:35:04.409+0000] {logging_mixin.py:190} INFO - [2025-03-27T16:35:04.409+0000] {dag.py:3239} INFO - Sync 1 DAGs
[2025-03-27T16:35:04.436+0000] {logging_mixin.py:190} INFO - [2025-03-27T16:35:04.435+0000] {dag.py:4180} INFO - Setting next_dagrun for example_skip_dag to 2025-03-26 00:00:00+00:00, run_after=2025-03-27 00:00:00+00:00
[2025-03-27T16:35:04.516+0000] {processor.py:208} INFO - Processing /home/airflow/.local/lib/python3.12/site-packages/airflow/example_dags/example_skip_dag.py took 0.150 seconds
[2025-03-27T16:35:34.573+0000] {processor.py:186} INFO - Started process (PID=404) to work on /home/airflow/.local/lib/python3.12/site-packages/airflow/example_dags/example_skip_dag.py
[2025-03-27T16:35:34.574+0000] {processor.py:914} INFO - Processing file /home/airflow/.local/lib/python3.12/site-packages/airflow/example_dags/example_skip_dag.py for tasks to queue
[2025-03-27T16:35:34.577+0000] {logging_mixin.py:190} INFO - [2025-03-27T16:35:34.577+0000] {dagbag.py:588} INFO - Filling up the DagBag from /home/airflow/.local/lib/python3.12/site-packages/airflow/example_dags/example_skip_dag.py
[2025-03-27T16:35:34.587+0000] {processor.py:925} INFO - DAG(s) 'example_skip_dag' retrieved from /home/airflow/.local/lib/python3.12/site-packages/airflow/example_dags/example_skip_dag.py
[2025-03-27T16:35:34.611+0000] {logging_mixin.py:190} INFO - [2025-03-27T16:35:34.611+0000] {dag.py:3239} INFO - Sync 1 DAGs
[2025-03-27T16:35:34.674+0000] {logging_mixin.py:190} INFO - [2025-03-27T16:35:34.673+0000] {dag.py:4180} INFO - Setting next_dagrun for example_skip_dag to 2025-03-26 00:00:00+00:00, run_after=2025-03-27 00:00:00+00:00
[2025-03-27T16:35:34.697+0000] {processor.py:208} INFO - Processing /home/airflow/.local/lib/python3.12/site-packages/airflow/example_dags/example_skip_dag.py took 0.132 seconds
[2025-03-27T16:36:05.051+0000] {processor.py:186} INFO - Started process (PID=467) to work on /home/airflow/.local/lib/python3.12/site-packages/airflow/example_dags/example_skip_dag.py
[2025-03-27T16:36:05.060+0000] {processor.py:914} INFO - Processing file /home/airflow/.local/lib/python3.12/site-packages/airflow/example_dags/example_skip_dag.py for tasks to queue
[2025-03-27T16:36:05.066+0000] {logging_mixin.py:190} INFO - [2025-03-27T16:36:05.065+0000] {dagbag.py:588} INFO - Filling up the DagBag from /home/airflow/.local/lib/python3.12/site-packages/airflow/example_dags/example_skip_dag.py
[2025-03-27T16:36:05.090+0000] {processor.py:925} INFO - DAG(s) 'example_skip_dag' retrieved from /home/airflow/.local/lib/python3.12/site-packages/airflow/example_dags/example_skip_dag.py
[2025-03-27T16:36:05.118+0000] {logging_mixin.py:190} INFO - [2025-03-27T16:36:05.117+0000] {dag.py:3239} INFO - Sync 1 DAGs
[2025-03-27T16:36:05.154+0000] {logging_mixin.py:190} INFO - [2025-03-27T16:36:05.154+0000] {dag.py:4180} INFO - Setting next_dagrun for example_skip_dag to 2025-03-26 00:00:00+00:00, run_after=2025-03-27 00:00:00+00:00
[2025-03-27T16:36:05.203+0000] {processor.py:208} INFO - Processing /home/airflow/.local/lib/python3.12/site-packages/airflow/example_dags/example_skip_dag.py took 0.164 seconds
[2025-03-27T16:36:35.436+0000] {processor.py:186} INFO - Started process (PID=530) to work on /home/airflow/.local/lib/python3.12/site-packages/airflow/example_dags/example_skip_dag.py
[2025-03-27T16:36:35.438+0000] {processor.py:914} INFO - Processing file /home/airflow/.local/lib/python3.12/site-packages/airflow/example_dags/example_skip_dag.py for tasks to queue
[2025-03-27T16:36:35.442+0000] {logging_mixin.py:190} INFO - [2025-03-27T16:36:35.441+0000] {dagbag.py:588} INFO - Filling up the DagBag from /home/airflow/.local/lib/python3.12/site-packages/airflow/example_dags/example_skip_dag.py
[2025-03-27T16:36:35.456+0000] {processor.py:925} INFO - DAG(s) 'example_skip_dag' retrieved from /home/airflow/.local/lib/python3.12/site-packages/airflow/example_dags/example_skip_dag.py
[2025-03-27T16:36:35.495+0000] {logging_mixin.py:190} INFO - [2025-03-27T16:36:35.494+0000] {dag.py:3239} INFO - Sync 1 DAGs
[2025-03-27T16:36:35.544+0000] {logging_mixin.py:190} INFO - [2025-03-27T16:36:35.543+0000] {dag.py:4180} INFO - Setting next_dagrun for example_skip_dag to 2025-03-26 00:00:00+00:00, run_after=2025-03-27 00:00:00+00:00
[2025-03-27T16:36:35.606+0000] {processor.py:208} INFO - Processing /home/airflow/.local/lib/python3.12/site-packages/airflow/example_dags/example_skip_dag.py took 0.180 seconds
[2025-03-27T16:37:05.714+0000] {processor.py:186} INFO - Started process (PID=593) to work on /home/airflow/.local/lib/python3.12/site-packages/airflow/example_dags/example_skip_dag.py
[2025-03-27T16:37:05.715+0000] {processor.py:914} INFO - Processing file /home/airflow/.local/lib/python3.12/site-packages/airflow/example_dags/example_skip_dag.py for tasks to queue
[2025-03-27T16:37:05.718+0000] {logging_mixin.py:190} INFO - [2025-03-27T16:37:05.718+0000] {dagbag.py:588} INFO - Filling up the DagBag from /home/airflow/.local/lib/python3.12/site-packages/airflow/example_dags/example_skip_dag.py
[2025-03-27T16:37:05.730+0000] {processor.py:925} INFO - DAG(s) 'example_skip_dag' retrieved from /home/airflow/.local/lib/python3.12/site-packages/airflow/example_dags/example_skip_dag.py
[2025-03-27T16:37:05.756+0000] {logging_mixin.py:190} INFO - [2025-03-27T16:37:05.756+0000] {dag.py:3239} INFO - Sync 1 DAGs
[2025-03-27T16:37:05.793+0000] {logging_mixin.py:190} INFO - [2025-03-27T16:37:05.793+0000] {dag.py:4180} INFO - Setting next_dagrun for example_skip_dag to 2025-03-26 00:00:00+00:00, run_after=2025-03-27 00:00:00+00:00
[2025-03-27T16:37:05.844+0000] {processor.py:208} INFO - Processing /home/airflow/.local/lib/python3.12/site-packages/airflow/example_dags/example_skip_dag.py took 0.138 seconds
[2025-03-27T16:37:36.027+0000] {processor.py:186} INFO - Started process (PID=656) to work on /home/airflow/.local/lib/python3.12/site-packages/airflow/example_dags/example_skip_dag.py
[2025-03-27T16:37:36.029+0000] {processor.py:914} INFO - Processing file /home/airflow/.local/lib/python3.12/site-packages/airflow/example_dags/example_skip_dag.py for tasks to queue
[2025-03-27T16:37:36.033+0000] {logging_mixin.py:190} INFO - [2025-03-27T16:37:36.032+0000] {dagbag.py:588} INFO - Filling up the DagBag from /home/airflow/.local/lib/python3.12/site-packages/airflow/example_dags/example_skip_dag.py
[2025-03-27T16:37:36.044+0000] {processor.py:925} INFO - DAG(s) 'example_skip_dag' retrieved from /home/airflow/.local/lib/python3.12/site-packages/airflow/example_dags/example_skip_dag.py
[2025-03-27T16:37:36.074+0000] {logging_mixin.py:190} INFO - [2025-03-27T16:37:36.074+0000] {dag.py:3239} INFO - Sync 1 DAGs
[2025-03-27T16:37:36.104+0000] {logging_mixin.py:190} INFO - [2025-03-27T16:37:36.104+0000] {dag.py:4180} INFO - Setting next_dagrun for example_skip_dag to 2025-03-26 00:00:00+00:00, run_after=2025-03-27 00:00:00+00:00
[2025-03-27T16:37:36.139+0000] {processor.py:208} INFO - Processing /home/airflow/.local/lib/python3.12/site-packages/airflow/example_dags/example_skip_dag.py took 0.118 seconds
[2025-03-27T16:38:06.373+0000] {processor.py:186} INFO - Started process (PID=721) to work on /home/airflow/.local/lib/python3.12/site-packages/airflow/example_dags/example_skip_dag.py
[2025-03-27T16:38:06.377+0000] {processor.py:914} INFO - Processing file /home/airflow/.local/lib/python3.12/site-packages/airflow/example_dags/example_skip_dag.py for tasks to queue
[2025-03-27T16:38:06.382+0000] {logging_mixin.py:190} INFO - [2025-03-27T16:38:06.382+0000] {dagbag.py:588} INFO - Filling up the DagBag from /home/airflow/.local/lib/python3.12/site-packages/airflow/example_dags/example_skip_dag.py
[2025-03-27T16:38:06.404+0000] {processor.py:925} INFO - DAG(s) 'example_skip_dag' retrieved from /home/airflow/.local/lib/python3.12/site-packages/airflow/example_dags/example_skip_dag.py
[2025-03-27T16:38:06.445+0000] {logging_mixin.py:190} INFO - [2025-03-27T16:38:06.444+0000] {dag.py:3239} INFO - Sync 1 DAGs
[2025-03-27T16:38:06.475+0000] {logging_mixin.py:190} INFO - [2025-03-27T16:38:06.475+0000] {dag.py:4180} INFO - Setting next_dagrun for example_skip_dag to 2025-03-26 00:00:00+00:00, run_after=2025-03-27 00:00:00+00:00
[2025-03-27T16:38:06.511+0000] {processor.py:208} INFO - Processing /home/airflow/.local/lib/python3.12/site-packages/airflow/example_dags/example_skip_dag.py took 0.149 seconds
[2025-03-27T16:38:37.105+0000] {processor.py:186} INFO - Started process (PID=787) to work on /home/airflow/.local/lib/python3.12/site-packages/airflow/example_dags/example_skip_dag.py
[2025-03-27T16:38:37.109+0000] {processor.py:914} INFO - Processing file /home/airflow/.local/lib/python3.12/site-packages/airflow/example_dags/example_skip_dag.py for tasks to queue
[2025-03-27T16:38:37.116+0000] {logging_mixin.py:190} INFO - [2025-03-27T16:38:37.115+0000] {dagbag.py:588} INFO - Filling up the DagBag from /home/airflow/.local/lib/python3.12/site-packages/airflow/example_dags/example_skip_dag.py
[2025-03-27T16:38:37.134+0000] {processor.py:925} INFO - DAG(s) 'example_skip_dag' retrieved from /home/airflow/.local/lib/python3.12/site-packages/airflow/example_dags/example_skip_dag.py
[2025-03-27T16:38:37.169+0000] {logging_mixin.py:190} INFO - [2025-03-27T16:38:37.169+0000] {dag.py:3239} INFO - Sync 1 DAGs
[2025-03-27T16:38:37.196+0000] {logging_mixin.py:190} INFO - [2025-03-27T16:38:37.195+0000] {dag.py:4180} INFO - Setting next_dagrun for example_skip_dag to 2025-03-26 00:00:00+00:00, run_after=2025-03-27 00:00:00+00:00
[2025-03-27T16:38:37.250+0000] {processor.py:208} INFO - Processing /home/airflow/.local/lib/python3.12/site-packages/airflow/example_dags/example_skip_dag.py took 0.160 seconds
[2025-03-27T16:39:07.385+0000] {processor.py:186} INFO - Started process (PID=852) to work on /home/airflow/.local/lib/python3.12/site-packages/airflow/example_dags/example_skip_dag.py
[2025-03-27T16:39:07.386+0000] {processor.py:914} INFO - Processing file /home/airflow/.local/lib/python3.12/site-packages/airflow/example_dags/example_skip_dag.py for tasks to queue
[2025-03-27T16:39:07.390+0000] {logging_mixin.py:190} INFO - [2025-03-27T16:39:07.389+0000] {dagbag.py:588} INFO - Filling up the DagBag from /home/airflow/.local/lib/python3.12/site-packages/airflow/example_dags/example_skip_dag.py
[2025-03-27T16:39:07.401+0000] {processor.py:925} INFO - DAG(s) 'example_skip_dag' retrieved from /home/airflow/.local/lib/python3.12/site-packages/airflow/example_dags/example_skip_dag.py
[2025-03-27T16:39:07.438+0000] {logging_mixin.py:190} INFO - [2025-03-27T16:39:07.438+0000] {dag.py:3239} INFO - Sync 1 DAGs
[2025-03-27T16:39:07.468+0000] {logging_mixin.py:190} INFO - [2025-03-27T16:39:07.468+0000] {dag.py:4180} INFO - Setting next_dagrun for example_skip_dag to 2025-03-26 00:00:00+00:00, run_after=2025-03-27 00:00:00+00:00
[2025-03-27T16:39:07.491+0000] {processor.py:208} INFO - Processing /home/airflow/.local/lib/python3.12/site-packages/airflow/example_dags/example_skip_dag.py took 0.116 seconds
[2025-03-27T16:39:38.049+0000] {processor.py:186} INFO - Started process (PID=917) to work on /home/airflow/.local/lib/python3.12/site-packages/airflow/example_dags/example_skip_dag.py
[2025-03-27T16:39:38.052+0000] {processor.py:914} INFO - Processing file /home/airflow/.local/lib/python3.12/site-packages/airflow/example_dags/example_skip_dag.py for tasks to queue
[2025-03-27T16:39:38.055+0000] {logging_mixin.py:190} INFO - [2025-03-27T16:39:38.055+0000] {dagbag.py:588} INFO - Filling up the DagBag from /home/airflow/.local/lib/python3.12/site-packages/airflow/example_dags/example_skip_dag.py
[2025-03-27T16:39:38.067+0000] {processor.py:925} INFO - DAG(s) 'example_skip_dag' retrieved from /home/airflow/.local/lib/python3.12/site-packages/airflow/example_dags/example_skip_dag.py
[2025-03-27T16:39:38.098+0000] {logging_mixin.py:190} INFO - [2025-03-27T16:39:38.097+0000] {dag.py:3239} INFO - Sync 1 DAGs
[2025-03-27T16:39:38.136+0000] {logging_mixin.py:190} INFO - [2025-03-27T16:39:38.135+0000] {dag.py:4180} INFO - Setting next_dagrun for example_skip_dag to 2025-03-26 00:00:00+00:00, run_after=2025-03-27 00:00:00+00:00
[2025-03-27T16:39:38.236+0000] {processor.py:208} INFO - Processing /home/airflow/.local/lib/python3.12/site-packages/airflow/example_dags/example_skip_dag.py took 0.195 seconds
[2025-03-27T16:40:08.433+0000] {processor.py:186} INFO - Started process (PID=982) to work on /home/airflow/.local/lib/python3.12/site-packages/airflow/example_dags/example_skip_dag.py
[2025-03-27T16:40:08.435+0000] {processor.py:914} INFO - Processing file /home/airflow/.local/lib/python3.12/site-packages/airflow/example_dags/example_skip_dag.py for tasks to queue
[2025-03-27T16:40:08.439+0000] {logging_mixin.py:190} INFO - [2025-03-27T16:40:08.438+0000] {dagbag.py:588} INFO - Filling up the DagBag from /home/airflow/.local/lib/python3.12/site-packages/airflow/example_dags/example_skip_dag.py
[2025-03-27T16:40:08.450+0000] {processor.py:925} INFO - DAG(s) 'example_skip_dag' retrieved from /home/airflow/.local/lib/python3.12/site-packages/airflow/example_dags/example_skip_dag.py
[2025-03-27T16:40:08.483+0000] {logging_mixin.py:190} INFO - [2025-03-27T16:40:08.483+0000] {dag.py:3239} INFO - Sync 1 DAGs
[2025-03-27T16:40:08.514+0000] {logging_mixin.py:190} INFO - [2025-03-27T16:40:08.514+0000] {dag.py:4180} INFO - Setting next_dagrun for example_skip_dag to 2025-03-26 00:00:00+00:00, run_after=2025-03-27 00:00:00+00:00
[2025-03-27T16:40:08.537+0000] {processor.py:208} INFO - Processing /home/airflow/.local/lib/python3.12/site-packages/airflow/example_dags/example_skip_dag.py took 0.113 seconds
[2025-03-27T16:40:39.330+0000] {processor.py:186} INFO - Started process (PID=1047) to work on /home/airflow/.local/lib/python3.12/site-packages/airflow/example_dags/example_skip_dag.py
[2025-03-27T16:40:39.333+0000] {processor.py:914} INFO - Processing file /home/airflow/.local/lib/python3.12/site-packages/airflow/example_dags/example_skip_dag.py for tasks to queue
[2025-03-27T16:40:39.338+0000] {logging_mixin.py:190} INFO - [2025-03-27T16:40:39.337+0000] {dagbag.py:588} INFO - Filling up the DagBag from /home/airflow/.local/lib/python3.12/site-packages/airflow/example_dags/example_skip_dag.py
[2025-03-27T16:40:39.354+0000] {processor.py:925} INFO - DAG(s) 'example_skip_dag' retrieved from /home/airflow/.local/lib/python3.12/site-packages/airflow/example_dags/example_skip_dag.py
[2025-03-27T16:40:39.395+0000] {logging_mixin.py:190} INFO - [2025-03-27T16:40:39.394+0000] {dag.py:3239} INFO - Sync 1 DAGs
[2025-03-27T16:40:39.441+0000] {logging_mixin.py:190} INFO - [2025-03-27T16:40:39.440+0000] {dag.py:4180} INFO - Setting next_dagrun for example_skip_dag to 2025-03-26 00:00:00+00:00, run_after=2025-03-27 00:00:00+00:00
[2025-03-27T16:40:39.479+0000] {processor.py:208} INFO - Processing /home/airflow/.local/lib/python3.12/site-packages/airflow/example_dags/example_skip_dag.py took 0.161 seconds
[2025-03-27T16:41:09.638+0000] {processor.py:186} INFO - Started process (PID=1112) to work on /home/airflow/.local/lib/python3.12/site-packages/airflow/example_dags/example_skip_dag.py
[2025-03-27T16:41:09.640+0000] {processor.py:914} INFO - Processing file /home/airflow/.local/lib/python3.12/site-packages/airflow/example_dags/example_skip_dag.py for tasks to queue
[2025-03-27T16:41:09.645+0000] {logging_mixin.py:190} INFO - [2025-03-27T16:41:09.644+0000] {dagbag.py:588} INFO - Filling up the DagBag from /home/airflow/.local/lib/python3.12/site-packages/airflow/example_dags/example_skip_dag.py
[2025-03-27T16:41:09.660+0000] {processor.py:925} INFO - DAG(s) 'example_skip_dag' retrieved from /home/airflow/.local/lib/python3.12/site-packages/airflow/example_dags/example_skip_dag.py
[2025-03-27T16:41:09.706+0000] {logging_mixin.py:190} INFO - [2025-03-27T16:41:09.706+0000] {dag.py:3239} INFO - Sync 1 DAGs
[2025-03-27T16:41:09.750+0000] {logging_mixin.py:190} INFO - [2025-03-27T16:41:09.750+0000] {dag.py:4180} INFO - Setting next_dagrun for example_skip_dag to 2025-03-26 00:00:00+00:00, run_after=2025-03-27 00:00:00+00:00
[2025-03-27T16:41:09.791+0000] {processor.py:208} INFO - Processing /home/airflow/.local/lib/python3.12/site-packages/airflow/example_dags/example_skip_dag.py took 0.165 seconds
[2025-03-27T16:41:40.512+0000] {processor.py:186} INFO - Started process (PID=1178) to work on /home/airflow/.local/lib/python3.12/site-packages/airflow/example_dags/example_skip_dag.py
[2025-03-27T16:41:40.514+0000] {processor.py:914} INFO - Processing file /home/airflow/.local/lib/python3.12/site-packages/airflow/example_dags/example_skip_dag.py for tasks to queue
[2025-03-27T16:41:40.518+0000] {logging_mixin.py:190} INFO - [2025-03-27T16:41:40.518+0000] {dagbag.py:588} INFO - Filling up the DagBag from /home/airflow/.local/lib/python3.12/site-packages/airflow/example_dags/example_skip_dag.py
[2025-03-27T16:41:40.530+0000] {processor.py:925} INFO - DAG(s) 'example_skip_dag' retrieved from /home/airflow/.local/lib/python3.12/site-packages/airflow/example_dags/example_skip_dag.py
[2025-03-27T16:41:40.577+0000] {logging_mixin.py:190} INFO - [2025-03-27T16:41:40.577+0000] {dag.py:3239} INFO - Sync 1 DAGs
[2025-03-27T16:41:40.638+0000] {logging_mixin.py:190} INFO - [2025-03-27T16:41:40.637+0000] {dag.py:4180} INFO - Setting next_dagrun for example_skip_dag to 2025-03-26 00:00:00+00:00, run_after=2025-03-27 00:00:00+00:00
[2025-03-27T16:41:40.687+0000] {processor.py:208} INFO - Processing /home/airflow/.local/lib/python3.12/site-packages/airflow/example_dags/example_skip_dag.py took 0.183 seconds
[2025-03-27T16:42:10.817+0000] {processor.py:186} INFO - Started process (PID=1243) to work on /home/airflow/.local/lib/python3.12/site-packages/airflow/example_dags/example_skip_dag.py
[2025-03-27T16:42:10.820+0000] {processor.py:914} INFO - Processing file /home/airflow/.local/lib/python3.12/site-packages/airflow/example_dags/example_skip_dag.py for tasks to queue
[2025-03-27T16:42:10.825+0000] {logging_mixin.py:190} INFO - [2025-03-27T16:42:10.825+0000] {dagbag.py:588} INFO - Filling up the DagBag from /home/airflow/.local/lib/python3.12/site-packages/airflow/example_dags/example_skip_dag.py
[2025-03-27T16:42:10.844+0000] {processor.py:925} INFO - DAG(s) 'example_skip_dag' retrieved from /home/airflow/.local/lib/python3.12/site-packages/airflow/example_dags/example_skip_dag.py
[2025-03-27T16:42:10.914+0000] {logging_mixin.py:190} INFO - [2025-03-27T16:42:10.914+0000] {dag.py:3239} INFO - Sync 1 DAGs
[2025-03-27T16:42:11.006+0000] {logging_mixin.py:190} INFO - [2025-03-27T16:42:11.006+0000] {dag.py:4180} INFO - Setting next_dagrun for example_skip_dag to 2025-03-26 00:00:00+00:00, run_after=2025-03-27 00:00:00+00:00
[2025-03-27T16:42:11.118+0000] {processor.py:208} INFO - Processing /home/airflow/.local/lib/python3.12/site-packages/airflow/example_dags/example_skip_dag.py took 0.312 seconds
[2025-03-27T16:42:41.210+0000] {processor.py:186} INFO - Started process (PID=1309) to work on /home/airflow/.local/lib/python3.12/site-packages/airflow/example_dags/example_skip_dag.py
[2025-03-27T16:42:41.212+0000] {processor.py:914} INFO - Processing file /home/airflow/.local/lib/python3.12/site-packages/airflow/example_dags/example_skip_dag.py for tasks to queue
[2025-03-27T16:42:41.217+0000] {logging_mixin.py:190} INFO - [2025-03-27T16:42:41.216+0000] {dagbag.py:588} INFO - Filling up the DagBag from /home/airflow/.local/lib/python3.12/site-packages/airflow/example_dags/example_skip_dag.py
[2025-03-27T16:42:41.229+0000] {processor.py:925} INFO - DAG(s) 'example_skip_dag' retrieved from /home/airflow/.local/lib/python3.12/site-packages/airflow/example_dags/example_skip_dag.py
[2025-03-27T16:42:41.261+0000] {logging_mixin.py:190} INFO - [2025-03-27T16:42:41.260+0000] {dag.py:3239} INFO - Sync 1 DAGs
[2025-03-27T16:42:41.303+0000] {logging_mixin.py:190} INFO - [2025-03-27T16:42:41.302+0000] {dag.py:4180} INFO - Setting next_dagrun for example_skip_dag to 2025-03-26 00:00:00+00:00, run_after=2025-03-27 00:00:00+00:00
[2025-03-27T16:42:41.332+0000] {processor.py:208} INFO - Processing /home/airflow/.local/lib/python3.12/site-packages/airflow/example_dags/example_skip_dag.py took 0.133 seconds
[2025-03-27T16:43:11.543+0000] {processor.py:186} INFO - Started process (PID=1374) to work on /home/airflow/.local/lib/python3.12/site-packages/airflow/example_dags/example_skip_dag.py
[2025-03-27T16:43:11.548+0000] {processor.py:914} INFO - Processing file /home/airflow/.local/lib/python3.12/site-packages/airflow/example_dags/example_skip_dag.py for tasks to queue
[2025-03-27T16:43:11.554+0000] {logging_mixin.py:190} INFO - [2025-03-27T16:43:11.554+0000] {dagbag.py:588} INFO - Filling up the DagBag from /home/airflow/.local/lib/python3.12/site-packages/airflow/example_dags/example_skip_dag.py
[2025-03-27T16:43:11.581+0000] {processor.py:925} INFO - DAG(s) 'example_skip_dag' retrieved from /home/airflow/.local/lib/python3.12/site-packages/airflow/example_dags/example_skip_dag.py
[2025-03-27T16:43:11.628+0000] {logging_mixin.py:190} INFO - [2025-03-27T16:43:11.627+0000] {dag.py:3239} INFO - Sync 1 DAGs
[2025-03-27T16:43:11.689+0000] {logging_mixin.py:190} INFO - [2025-03-27T16:43:11.688+0000] {dag.py:4180} INFO - Setting next_dagrun for example_skip_dag to 2025-03-26 00:00:00+00:00, run_after=2025-03-27 00:00:00+00:00
[2025-03-27T16:43:11.738+0000] {processor.py:208} INFO - Processing /home/airflow/.local/lib/python3.12/site-packages/airflow/example_dags/example_skip_dag.py took 0.211 seconds
[2025-03-27T16:43:42.313+0000] {processor.py:186} INFO - Started process (PID=1438) to work on /home/airflow/.local/lib/python3.12/site-packages/airflow/example_dags/example_skip_dag.py
[2025-03-27T16:43:42.316+0000] {processor.py:914} INFO - Processing file /home/airflow/.local/lib/python3.12/site-packages/airflow/example_dags/example_skip_dag.py for tasks to queue
[2025-03-27T16:43:42.322+0000] {logging_mixin.py:190} INFO - [2025-03-27T16:43:42.321+0000] {dagbag.py:588} INFO - Filling up the DagBag from /home/airflow/.local/lib/python3.12/site-packages/airflow/example_dags/example_skip_dag.py
[2025-03-27T16:43:42.337+0000] {processor.py:925} INFO - DAG(s) 'example_skip_dag' retrieved from /home/airflow/.local/lib/python3.12/site-packages/airflow/example_dags/example_skip_dag.py
[2025-03-27T16:43:42.380+0000] {logging_mixin.py:190} INFO - [2025-03-27T16:43:42.379+0000] {dag.py:3239} INFO - Sync 1 DAGs
[2025-03-27T16:43:42.446+0000] {logging_mixin.py:190} INFO - [2025-03-27T16:43:42.445+0000] {dag.py:4180} INFO - Setting next_dagrun for example_skip_dag to 2025-03-26 00:00:00+00:00, run_after=2025-03-27 00:00:00+00:00
[2025-03-27T16:43:42.534+0000] {processor.py:208} INFO - Processing /home/airflow/.local/lib/python3.12/site-packages/airflow/example_dags/example_skip_dag.py took 0.231 seconds
[2025-03-27T16:44:13.298+0000] {processor.py:186} INFO - Started process (PID=1505) to work on /home/airflow/.local/lib/python3.12/site-packages/airflow/example_dags/example_skip_dag.py
[2025-03-27T16:44:13.299+0000] {processor.py:914} INFO - Processing file /home/airflow/.local/lib/python3.12/site-packages/airflow/example_dags/example_skip_dag.py for tasks to queue
[2025-03-27T16:44:13.302+0000] {logging_mixin.py:190} INFO - [2025-03-27T16:44:13.302+0000] {dagbag.py:588} INFO - Filling up the DagBag from /home/airflow/.local/lib/python3.12/site-packages/airflow/example_dags/example_skip_dag.py
[2025-03-27T16:44:13.324+0000] {processor.py:925} INFO - DAG(s) 'example_skip_dag' retrieved from /home/airflow/.local/lib/python3.12/site-packages/airflow/example_dags/example_skip_dag.py
[2025-03-27T16:44:13.361+0000] {logging_mixin.py:190} INFO - [2025-03-27T16:44:13.360+0000] {dag.py:3239} INFO - Sync 1 DAGs
[2025-03-27T16:44:13.423+0000] {logging_mixin.py:190} INFO - [2025-03-27T16:44:13.423+0000] {dag.py:4180} INFO - Setting next_dagrun for example_skip_dag to 2025-03-26 00:00:00+00:00, run_after=2025-03-27 00:00:00+00:00
[2025-03-27T16:44:13.504+0000] {processor.py:208} INFO - Processing /home/airflow/.local/lib/python3.12/site-packages/airflow/example_dags/example_skip_dag.py took 0.218 seconds
[2025-03-27T16:44:43.988+0000] {processor.py:186} INFO - Started process (PID=1570) to work on /home/airflow/.local/lib/python3.12/site-packages/airflow/example_dags/example_skip_dag.py
[2025-03-27T16:44:43.990+0000] {processor.py:914} INFO - Processing file /home/airflow/.local/lib/python3.12/site-packages/airflow/example_dags/example_skip_dag.py for tasks to queue
[2025-03-27T16:44:43.992+0000] {logging_mixin.py:190} INFO - [2025-03-27T16:44:43.992+0000] {dagbag.py:588} INFO - Filling up the DagBag from /home/airflow/.local/lib/python3.12/site-packages/airflow/example_dags/example_skip_dag.py
[2025-03-27T16:44:44.007+0000] {processor.py:925} INFO - DAG(s) 'example_skip_dag' retrieved from /home/airflow/.local/lib/python3.12/site-packages/airflow/example_dags/example_skip_dag.py
[2025-03-27T16:44:44.032+0000] {logging_mixin.py:190} INFO - [2025-03-27T16:44:44.032+0000] {dag.py:3239} INFO - Sync 1 DAGs
[2025-03-27T16:44:44.062+0000] {logging_mixin.py:190} INFO - [2025-03-27T16:44:44.061+0000] {dag.py:4180} INFO - Setting next_dagrun for example_skip_dag to 2025-03-26 00:00:00+00:00, run_after=2025-03-27 00:00:00+00:00
[2025-03-27T16:44:44.168+0000] {processor.py:208} INFO - Processing /home/airflow/.local/lib/python3.12/site-packages/airflow/example_dags/example_skip_dag.py took 0.192 seconds
[2025-03-27T16:45:14.625+0000] {processor.py:186} INFO - Started process (PID=1635) to work on /home/airflow/.local/lib/python3.12/site-packages/airflow/example_dags/example_skip_dag.py
[2025-03-27T16:45:14.627+0000] {processor.py:914} INFO - Processing file /home/airflow/.local/lib/python3.12/site-packages/airflow/example_dags/example_skip_dag.py for tasks to queue
[2025-03-27T16:45:14.631+0000] {logging_mixin.py:190} INFO - [2025-03-27T16:45:14.631+0000] {dagbag.py:588} INFO - Filling up the DagBag from /home/airflow/.local/lib/python3.12/site-packages/airflow/example_dags/example_skip_dag.py
[2025-03-27T16:45:14.644+0000] {processor.py:925} INFO - DAG(s) 'example_skip_dag' retrieved from /home/airflow/.local/lib/python3.12/site-packages/airflow/example_dags/example_skip_dag.py
[2025-03-27T16:45:14.677+0000] {logging_mixin.py:190} INFO - [2025-03-27T16:45:14.677+0000] {dag.py:3239} INFO - Sync 1 DAGs
[2025-03-27T16:45:14.705+0000] {logging_mixin.py:190} INFO - [2025-03-27T16:45:14.704+0000] {dag.py:4180} INFO - Setting next_dagrun for example_skip_dag to 2025-03-26 00:00:00+00:00, run_after=2025-03-27 00:00:00+00:00
[2025-03-27T16:45:14.731+0000] {processor.py:208} INFO - Processing /home/airflow/.local/lib/python3.12/site-packages/airflow/example_dags/example_skip_dag.py took 0.115 seconds
[2025-03-27T16:45:45.577+0000] {processor.py:186} INFO - Started process (PID=1700) to work on /home/airflow/.local/lib/python3.12/site-packages/airflow/example_dags/example_skip_dag.py
[2025-03-27T16:45:45.579+0000] {processor.py:914} INFO - Processing file /home/airflow/.local/lib/python3.12/site-packages/airflow/example_dags/example_skip_dag.py for tasks to queue
[2025-03-27T16:45:45.584+0000] {logging_mixin.py:190} INFO - [2025-03-27T16:45:45.583+0000] {dagbag.py:588} INFO - Filling up the DagBag from /home/airflow/.local/lib/python3.12/site-packages/airflow/example_dags/example_skip_dag.py
[2025-03-27T16:45:45.597+0000] {processor.py:925} INFO - DAG(s) 'example_skip_dag' retrieved from /home/airflow/.local/lib/python3.12/site-packages/airflow/example_dags/example_skip_dag.py
[2025-03-27T16:45:45.633+0000] {logging_mixin.py:190} INFO - [2025-03-27T16:45:45.632+0000] {dag.py:3239} INFO - Sync 1 DAGs
[2025-03-27T16:45:45.670+0000] {logging_mixin.py:190} INFO - [2025-03-27T16:45:45.670+0000] {dag.py:4180} INFO - Setting next_dagrun for example_skip_dag to 2025-03-26 00:00:00+00:00, run_after=2025-03-27 00:00:00+00:00
[2025-03-27T16:45:45.810+0000] {processor.py:208} INFO - Processing /home/airflow/.local/lib/python3.12/site-packages/airflow/example_dags/example_skip_dag.py took 0.242 seconds
[2025-03-27T16:46:16.045+0000] {processor.py:186} INFO - Started process (PID=1764) to work on /home/airflow/.local/lib/python3.12/site-packages/airflow/example_dags/example_skip_dag.py
[2025-03-27T16:46:16.046+0000] {processor.py:914} INFO - Processing file /home/airflow/.local/lib/python3.12/site-packages/airflow/example_dags/example_skip_dag.py for tasks to queue
[2025-03-27T16:46:16.050+0000] {logging_mixin.py:190} INFO - [2025-03-27T16:46:16.050+0000] {dagbag.py:588} INFO - Filling up the DagBag from /home/airflow/.local/lib/python3.12/site-packages/airflow/example_dags/example_skip_dag.py
[2025-03-27T16:46:16.060+0000] {processor.py:925} INFO - DAG(s) 'example_skip_dag' retrieved from /home/airflow/.local/lib/python3.12/site-packages/airflow/example_dags/example_skip_dag.py
[2025-03-27T16:46:16.083+0000] {logging_mixin.py:190} INFO - [2025-03-27T16:46:16.083+0000] {dag.py:3239} INFO - Sync 1 DAGs
[2025-03-27T16:46:16.108+0000] {logging_mixin.py:190} INFO - [2025-03-27T16:46:16.108+0000] {dag.py:4180} INFO - Setting next_dagrun for example_skip_dag to 2025-03-26 00:00:00+00:00, run_after=2025-03-27 00:00:00+00:00
[2025-03-27T16:46:16.130+0000] {processor.py:208} INFO - Processing /home/airflow/.local/lib/python3.12/site-packages/airflow/example_dags/example_skip_dag.py took 0.092 seconds
[2025-03-27T16:46:46.950+0000] {processor.py:186} INFO - Started process (PID=1829) to work on /home/airflow/.local/lib/python3.12/site-packages/airflow/example_dags/example_skip_dag.py
[2025-03-27T16:46:46.951+0000] {processor.py:914} INFO - Processing file /home/airflow/.local/lib/python3.12/site-packages/airflow/example_dags/example_skip_dag.py for tasks to queue
[2025-03-27T16:46:46.953+0000] {logging_mixin.py:190} INFO - [2025-03-27T16:46:46.953+0000] {dagbag.py:588} INFO - Filling up the DagBag from /home/airflow/.local/lib/python3.12/site-packages/airflow/example_dags/example_skip_dag.py
[2025-03-27T16:46:46.962+0000] {processor.py:925} INFO - DAG(s) 'example_skip_dag' retrieved from /home/airflow/.local/lib/python3.12/site-packages/airflow/example_dags/example_skip_dag.py
[2025-03-27T16:46:46.986+0000] {logging_mixin.py:190} INFO - [2025-03-27T16:46:46.986+0000] {dag.py:3239} INFO - Sync 1 DAGs
[2025-03-27T16:46:47.013+0000] {logging_mixin.py:190} INFO - [2025-03-27T16:46:47.013+0000] {dag.py:4180} INFO - Setting next_dagrun for example_skip_dag to 2025-03-26 00:00:00+00:00, run_after=2025-03-27 00:00:00+00:00
[2025-03-27T16:46:47.034+0000] {processor.py:208} INFO - Processing /home/airflow/.local/lib/python3.12/site-packages/airflow/example_dags/example_skip_dag.py took 0.091 seconds
[2025-03-27T16:47:17.460+0000] {processor.py:186} INFO - Started process (PID=1893) to work on /home/airflow/.local/lib/python3.12/site-packages/airflow/example_dags/example_skip_dag.py
[2025-03-27T16:47:17.462+0000] {processor.py:914} INFO - Processing file /home/airflow/.local/lib/python3.12/site-packages/airflow/example_dags/example_skip_dag.py for tasks to queue
[2025-03-27T16:47:17.467+0000] {logging_mixin.py:190} INFO - [2025-03-27T16:47:17.466+0000] {dagbag.py:588} INFO - Filling up the DagBag from /home/airflow/.local/lib/python3.12/site-packages/airflow/example_dags/example_skip_dag.py
[2025-03-27T16:47:17.483+0000] {processor.py:925} INFO - DAG(s) 'example_skip_dag' retrieved from /home/airflow/.local/lib/python3.12/site-packages/airflow/example_dags/example_skip_dag.py
[2025-03-27T16:47:17.532+0000] {logging_mixin.py:190} INFO - [2025-03-27T16:47:17.531+0000] {dag.py:3239} INFO - Sync 1 DAGs
[2025-03-27T16:47:17.571+0000] {logging_mixin.py:190} INFO - [2025-03-27T16:47:17.570+0000] {dag.py:4180} INFO - Setting next_dagrun for example_skip_dag to 2025-03-26 00:00:00+00:00, run_after=2025-03-27 00:00:00+00:00
[2025-03-27T16:47:17.624+0000] {processor.py:208} INFO - Processing /home/airflow/.local/lib/python3.12/site-packages/airflow/example_dags/example_skip_dag.py took 0.178 seconds
[2025-03-27T16:47:47.867+0000] {processor.py:186} INFO - Started process (PID=1958) to work on /home/airflow/.local/lib/python3.12/site-packages/airflow/example_dags/example_skip_dag.py
[2025-03-27T16:47:47.868+0000] {processor.py:914} INFO - Processing file /home/airflow/.local/lib/python3.12/site-packages/airflow/example_dags/example_skip_dag.py for tasks to queue
[2025-03-27T16:47:47.873+0000] {logging_mixin.py:190} INFO - [2025-03-27T16:47:47.872+0000] {dagbag.py:588} INFO - Filling up the DagBag from /home/airflow/.local/lib/python3.12/site-packages/airflow/example_dags/example_skip_dag.py
[2025-03-27T16:47:47.889+0000] {processor.py:925} INFO - DAG(s) 'example_skip_dag' retrieved from /home/airflow/.local/lib/python3.12/site-packages/airflow/example_dags/example_skip_dag.py
[2025-03-27T16:47:47.914+0000] {logging_mixin.py:190} INFO - [2025-03-27T16:47:47.914+0000] {dag.py:3239} INFO - Sync 1 DAGs
[2025-03-27T16:47:47.939+0000] {logging_mixin.py:190} INFO - [2025-03-27T16:47:47.938+0000] {dag.py:4180} INFO - Setting next_dagrun for example_skip_dag to 2025-03-26 00:00:00+00:00, run_after=2025-03-27 00:00:00+00:00
[2025-03-27T16:47:47.963+0000] {processor.py:208} INFO - Processing /home/airflow/.local/lib/python3.12/site-packages/airflow/example_dags/example_skip_dag.py took 0.108 seconds
[2025-03-27T16:48:18.102+0000] {processor.py:186} INFO - Started process (PID=2023) to work on /home/airflow/.local/lib/python3.12/site-packages/airflow/example_dags/example_skip_dag.py
[2025-03-27T16:48:18.104+0000] {processor.py:914} INFO - Processing file /home/airflow/.local/lib/python3.12/site-packages/airflow/example_dags/example_skip_dag.py for tasks to queue
[2025-03-27T16:48:18.108+0000] {logging_mixin.py:190} INFO - [2025-03-27T16:48:18.107+0000] {dagbag.py:588} INFO - Filling up the DagBag from /home/airflow/.local/lib/python3.12/site-packages/airflow/example_dags/example_skip_dag.py
[2025-03-27T16:48:18.122+0000] {processor.py:925} INFO - DAG(s) 'example_skip_dag' retrieved from /home/airflow/.local/lib/python3.12/site-packages/airflow/example_dags/example_skip_dag.py
[2025-03-27T16:48:18.163+0000] {logging_mixin.py:190} INFO - [2025-03-27T16:48:18.162+0000] {dag.py:3239} INFO - Sync 1 DAGs
[2025-03-27T16:48:18.236+0000] {logging_mixin.py:190} INFO - [2025-03-27T16:48:18.235+0000] {dag.py:4180} INFO - Setting next_dagrun for example_skip_dag to 2025-03-26 00:00:00+00:00, run_after=2025-03-27 00:00:00+00:00
[2025-03-27T16:48:18.262+0000] {processor.py:208} INFO - Processing /home/airflow/.local/lib/python3.12/site-packages/airflow/example_dags/example_skip_dag.py took 0.173 seconds
[2025-03-27T16:48:48.598+0000] {processor.py:186} INFO - Started process (PID=2088) to work on /home/airflow/.local/lib/python3.12/site-packages/airflow/example_dags/example_skip_dag.py
[2025-03-27T16:48:48.601+0000] {processor.py:914} INFO - Processing file /home/airflow/.local/lib/python3.12/site-packages/airflow/example_dags/example_skip_dag.py for tasks to queue
[2025-03-27T16:48:48.610+0000] {logging_mixin.py:190} INFO - [2025-03-27T16:48:48.609+0000] {dagbag.py:588} INFO - Filling up the DagBag from /home/airflow/.local/lib/python3.12/site-packages/airflow/example_dags/example_skip_dag.py
[2025-03-27T16:48:48.630+0000] {processor.py:925} INFO - DAG(s) 'example_skip_dag' retrieved from /home/airflow/.local/lib/python3.12/site-packages/airflow/example_dags/example_skip_dag.py
[2025-03-27T16:48:48.661+0000] {logging_mixin.py:190} INFO - [2025-03-27T16:48:48.660+0000] {dag.py:3239} INFO - Sync 1 DAGs
[2025-03-27T16:48:48.697+0000] {logging_mixin.py:190} INFO - [2025-03-27T16:48:48.697+0000] {dag.py:4180} INFO - Setting next_dagrun for example_skip_dag to 2025-03-26 00:00:00+00:00, run_after=2025-03-27 00:00:00+00:00
[2025-03-27T16:48:48.721+0000] {processor.py:208} INFO - Processing /home/airflow/.local/lib/python3.12/site-packages/airflow/example_dags/example_skip_dag.py took 0.134 seconds
[2025-03-27T16:49:19.443+0000] {processor.py:186} INFO - Started process (PID=2153) to work on /home/airflow/.local/lib/python3.12/site-packages/airflow/example_dags/example_skip_dag.py
[2025-03-27T16:49:19.445+0000] {processor.py:914} INFO - Processing file /home/airflow/.local/lib/python3.12/site-packages/airflow/example_dags/example_skip_dag.py for tasks to queue
[2025-03-27T16:49:19.448+0000] {logging_mixin.py:190} INFO - [2025-03-27T16:49:19.448+0000] {dagbag.py:588} INFO - Filling up the DagBag from /home/airflow/.local/lib/python3.12/site-packages/airflow/example_dags/example_skip_dag.py
[2025-03-27T16:49:19.458+0000] {processor.py:925} INFO - DAG(s) 'example_skip_dag' retrieved from /home/airflow/.local/lib/python3.12/site-packages/airflow/example_dags/example_skip_dag.py
[2025-03-27T16:49:19.482+0000] {logging_mixin.py:190} INFO - [2025-03-27T16:49:19.482+0000] {dag.py:3239} INFO - Sync 1 DAGs
[2025-03-27T16:49:19.506+0000] {logging_mixin.py:190} INFO - [2025-03-27T16:49:19.506+0000] {dag.py:4180} INFO - Setting next_dagrun for example_skip_dag to 2025-03-26 00:00:00+00:00, run_after=2025-03-27 00:00:00+00:00
[2025-03-27T16:49:19.524+0000] {processor.py:208} INFO - Processing /home/airflow/.local/lib/python3.12/site-packages/airflow/example_dags/example_skip_dag.py took 0.093 seconds
[2025-03-27T16:49:50.015+0000] {processor.py:186} INFO - Started process (PID=2218) to work on /home/airflow/.local/lib/python3.12/site-packages/airflow/example_dags/example_skip_dag.py
[2025-03-27T16:49:50.016+0000] {processor.py:914} INFO - Processing file /home/airflow/.local/lib/python3.12/site-packages/airflow/example_dags/example_skip_dag.py for tasks to queue
[2025-03-27T16:49:50.020+0000] {logging_mixin.py:190} INFO - [2025-03-27T16:49:50.019+0000] {dagbag.py:588} INFO - Filling up the DagBag from /home/airflow/.local/lib/python3.12/site-packages/airflow/example_dags/example_skip_dag.py
[2025-03-27T16:49:50.030+0000] {processor.py:925} INFO - DAG(s) 'example_skip_dag' retrieved from /home/airflow/.local/lib/python3.12/site-packages/airflow/example_dags/example_skip_dag.py
[2025-03-27T16:49:50.065+0000] {logging_mixin.py:190} INFO - [2025-03-27T16:49:50.065+0000] {dag.py:3239} INFO - Sync 1 DAGs
[2025-03-27T16:49:50.092+0000] {logging_mixin.py:190} INFO - [2025-03-27T16:49:50.092+0000] {dag.py:4180} INFO - Setting next_dagrun for example_skip_dag to 2025-03-26 00:00:00+00:00, run_after=2025-03-27 00:00:00+00:00
[2025-03-27T16:49:50.113+0000] {processor.py:208} INFO - Processing /home/airflow/.local/lib/python3.12/site-packages/airflow/example_dags/example_skip_dag.py took 0.104 seconds
[2025-03-27T16:50:20.419+0000] {processor.py:186} INFO - Started process (PID=2282) to work on /home/airflow/.local/lib/python3.12/site-packages/airflow/example_dags/example_skip_dag.py
[2025-03-27T16:50:20.421+0000] {processor.py:914} INFO - Processing file /home/airflow/.local/lib/python3.12/site-packages/airflow/example_dags/example_skip_dag.py for tasks to queue
[2025-03-27T16:50:20.426+0000] {logging_mixin.py:190} INFO - [2025-03-27T16:50:20.425+0000] {dagbag.py:588} INFO - Filling up the DagBag from /home/airflow/.local/lib/python3.12/site-packages/airflow/example_dags/example_skip_dag.py
[2025-03-27T16:50:20.451+0000] {processor.py:925} INFO - DAG(s) 'example_skip_dag' retrieved from /home/airflow/.local/lib/python3.12/site-packages/airflow/example_dags/example_skip_dag.py
[2025-03-27T16:50:20.517+0000] {logging_mixin.py:190} INFO - [2025-03-27T16:50:20.516+0000] {dag.py:3239} INFO - Sync 1 DAGs
[2025-03-27T16:50:20.563+0000] {logging_mixin.py:190} INFO - [2025-03-27T16:50:20.563+0000] {dag.py:4180} INFO - Setting next_dagrun for example_skip_dag to 2025-03-26 00:00:00+00:00, run_after=2025-03-27 00:00:00+00:00
[2025-03-27T16:50:20.588+0000] {processor.py:208} INFO - Processing /home/airflow/.local/lib/python3.12/site-packages/airflow/example_dags/example_skip_dag.py took 0.178 seconds
[2025-03-27T16:50:52.304+0000] {processor.py:186} INFO - Started process (PID=2346) to work on /home/airflow/.local/lib/python3.12/site-packages/airflow/example_dags/example_skip_dag.py
[2025-03-27T16:50:52.331+0000] {processor.py:914} INFO - Processing file /home/airflow/.local/lib/python3.12/site-packages/airflow/example_dags/example_skip_dag.py for tasks to queue
[2025-03-27T16:50:52.984+0000] {logging_mixin.py:190} INFO - [2025-03-27T16:50:52.983+0000] {dagbag.py:588} INFO - Filling up the DagBag from /home/airflow/.local/lib/python3.12/site-packages/airflow/example_dags/example_skip_dag.py
[2025-03-27T16:50:53.196+0000] {processor.py:925} INFO - DAG(s) 'example_skip_dag' retrieved from /home/airflow/.local/lib/python3.12/site-packages/airflow/example_dags/example_skip_dag.py
[2025-03-27T16:50:53.331+0000] {logging_mixin.py:190} INFO - [2025-03-27T16:50:53.330+0000] {dag.py:3239} INFO - Sync 1 DAGs
[2025-03-27T16:50:53.427+0000] {logging_mixin.py:190} INFO - [2025-03-27T16:50:53.427+0000] {dag.py:4180} INFO - Setting next_dagrun for example_skip_dag to 2025-03-26 00:00:00+00:00, run_after=2025-03-27 00:00:00+00:00
[2025-03-27T16:50:53.546+0000] {processor.py:208} INFO - Processing /home/airflow/.local/lib/python3.12/site-packages/airflow/example_dags/example_skip_dag.py took 1.249 seconds
[2025-03-27T16:51:24.095+0000] {processor.py:186} INFO - Started process (PID=2410) to work on /home/airflow/.local/lib/python3.12/site-packages/airflow/example_dags/example_skip_dag.py
[2025-03-27T16:51:24.097+0000] {processor.py:914} INFO - Processing file /home/airflow/.local/lib/python3.12/site-packages/airflow/example_dags/example_skip_dag.py for tasks to queue
[2025-03-27T16:51:24.100+0000] {logging_mixin.py:190} INFO - [2025-03-27T16:51:24.100+0000] {dagbag.py:588} INFO - Filling up the DagBag from /home/airflow/.local/lib/python3.12/site-packages/airflow/example_dags/example_skip_dag.py
[2025-03-27T16:51:24.110+0000] {processor.py:925} INFO - DAG(s) 'example_skip_dag' retrieved from /home/airflow/.local/lib/python3.12/site-packages/airflow/example_dags/example_skip_dag.py
[2025-03-27T16:51:24.148+0000] {logging_mixin.py:190} INFO - [2025-03-27T16:51:24.147+0000] {dag.py:3239} INFO - Sync 1 DAGs
[2025-03-27T16:51:24.213+0000] {logging_mixin.py:190} INFO - [2025-03-27T16:51:24.213+0000] {dag.py:4180} INFO - Setting next_dagrun for example_skip_dag to 2025-03-26 00:00:00+00:00, run_after=2025-03-27 00:00:00+00:00
[2025-03-27T16:51:24.255+0000] {processor.py:208} INFO - Processing /home/airflow/.local/lib/python3.12/site-packages/airflow/example_dags/example_skip_dag.py took 0.165 seconds
[2025-03-27T16:53:00.667+0000] {processor.py:186} INFO - Started process (PID=94) to work on /home/airflow/.local/lib/python3.12/site-packages/airflow/example_dags/example_skip_dag.py
[2025-03-27T16:53:00.668+0000] {processor.py:914} INFO - Processing file /home/airflow/.local/lib/python3.12/site-packages/airflow/example_dags/example_skip_dag.py for tasks to queue
[2025-03-27T16:53:00.671+0000] {logging_mixin.py:190} INFO - [2025-03-27T16:53:00.671+0000] {dagbag.py:588} INFO - Filling up the DagBag from /home/airflow/.local/lib/python3.12/site-packages/airflow/example_dags/example_skip_dag.py
[2025-03-27T16:53:00.680+0000] {processor.py:925} INFO - DAG(s) 'example_skip_dag' retrieved from /home/airflow/.local/lib/python3.12/site-packages/airflow/example_dags/example_skip_dag.py
[2025-03-27T16:53:00.708+0000] {logging_mixin.py:190} INFO - [2025-03-27T16:53:00.708+0000] {dag.py:3239} INFO - Sync 1 DAGs
[2025-03-27T16:53:00.737+0000] {logging_mixin.py:190} INFO - [2025-03-27T16:53:00.737+0000] {dag.py:4180} INFO - Setting next_dagrun for example_skip_dag to 2025-03-26 00:00:00+00:00, run_after=2025-03-27 00:00:00+00:00
[2025-03-27T16:53:00.758+0000] {processor.py:208} INFO - Processing /home/airflow/.local/lib/python3.12/site-packages/airflow/example_dags/example_skip_dag.py took 0.097 seconds
