[2025-03-27T16:33:09.627+0000] {processor.py:186} INFO - Started process (PID=114) to work on /home/airflow/.local/lib/python3.12/site-packages/airflow/example_dags/example_complex.py
[2025-03-27T16:33:09.629+0000] {processor.py:914} INFO - Processing file /home/airflow/.local/lib/python3.12/site-packages/airflow/example_dags/example_complex.py for tasks to queue
[2025-03-27T16:33:09.632+0000] {logging_mixin.py:190} INFO - [2025-03-27T16:33:09.631+0000] {dagbag.py:588} INFO - Filling up the DagBag from /home/airflow/.local/lib/python3.12/site-packages/airflow/example_dags/example_complex.py
[2025-03-27T16:33:09.652+0000] {processor.py:925} INFO - DAG(s) 'example_complex' retrieved from /home/airflow/.local/lib/python3.12/site-packages/airflow/example_dags/example_complex.py
[2025-03-27T16:33:09.847+0000] {logging_mixin.py:190} INFO - [2025-03-27T16:33:09.846+0000] {override.py:1912} INFO - Created Permission View: can read on DAG:example_complex
[2025-03-27T16:33:09.864+0000] {logging_mixin.py:190} INFO - [2025-03-27T16:33:09.863+0000] {override.py:1912} INFO - Created Permission View: can delete on DAG:example_complex
[2025-03-27T16:33:09.874+0000] {logging_mixin.py:190} INFO - [2025-03-27T16:33:09.873+0000] {override.py:1912} INFO - Created Permission View: can edit on DAG:example_complex
[2025-03-27T16:33:09.886+0000] {logging_mixin.py:190} INFO - [2025-03-27T16:33:09.886+0000] {override.py:1912} INFO - Created Permission View: can read on DAG Run:example_complex
[2025-03-27T16:33:09.899+0000] {logging_mixin.py:190} INFO - [2025-03-27T16:33:09.899+0000] {override.py:1912} INFO - Created Permission View: menu access on DAG Run:example_complex
[2025-03-27T16:33:09.908+0000] {logging_mixin.py:190} INFO - [2025-03-27T16:33:09.907+0000] {override.py:1912} INFO - Created Permission View: can create on DAG Run:example_complex
[2025-03-27T16:33:09.916+0000] {logging_mixin.py:190} INFO - [2025-03-27T16:33:09.916+0000] {override.py:1912} INFO - Created Permission View: can delete on DAG Run:example_complex
[2025-03-27T16:33:09.917+0000] {logging_mixin.py:190} INFO - [2025-03-27T16:33:09.917+0000] {dag.py:3239} INFO - Sync 1 DAGs
[2025-03-27T16:33:09.936+0000] {logging_mixin.py:190} INFO - [2025-03-27T16:33:09.936+0000] {dag.py:3262} INFO - Creating ORM DAG for example_complex
[2025-03-27T16:33:09.938+0000] {logging_mixin.py:190} INFO - [2025-03-27T16:33:09.937+0000] {dag.py:4180} INFO - Setting next_dagrun for example_complex to None, run_after=None
[2025-03-27T16:33:09.962+0000] {processor.py:208} INFO - Processing /home/airflow/.local/lib/python3.12/site-packages/airflow/example_dags/example_complex.py took 0.343 seconds
[2025-03-27T16:33:40.252+0000] {processor.py:186} INFO - Started process (PID=177) to work on /home/airflow/.local/lib/python3.12/site-packages/airflow/example_dags/example_complex.py
[2025-03-27T16:33:40.253+0000] {processor.py:914} INFO - Processing file /home/airflow/.local/lib/python3.12/site-packages/airflow/example_dags/example_complex.py for tasks to queue
[2025-03-27T16:33:40.256+0000] {logging_mixin.py:190} INFO - [2025-03-27T16:33:40.256+0000] {dagbag.py:588} INFO - Filling up the DagBag from /home/airflow/.local/lib/python3.12/site-packages/airflow/example_dags/example_complex.py
[2025-03-27T16:33:40.272+0000] {processor.py:925} INFO - DAG(s) 'example_complex' retrieved from /home/airflow/.local/lib/python3.12/site-packages/airflow/example_dags/example_complex.py
[2025-03-27T16:33:40.312+0000] {logging_mixin.py:190} INFO - [2025-03-27T16:33:40.311+0000] {dag.py:3239} INFO - Sync 1 DAGs
[2025-03-27T16:33:40.342+0000] {logging_mixin.py:190} INFO - [2025-03-27T16:33:40.342+0000] {dag.py:4180} INFO - Setting next_dagrun for example_complex to None, run_after=None
[2025-03-27T16:33:40.386+0000] {processor.py:208} INFO - Processing /home/airflow/.local/lib/python3.12/site-packages/airflow/example_dags/example_complex.py took 0.141 seconds
[2025-03-27T16:34:11.118+0000] {processor.py:186} INFO - Started process (PID=239) to work on /home/airflow/.local/lib/python3.12/site-packages/airflow/example_dags/example_complex.py
[2025-03-27T16:34:11.121+0000] {processor.py:914} INFO - Processing file /home/airflow/.local/lib/python3.12/site-packages/airflow/example_dags/example_complex.py for tasks to queue
[2025-03-27T16:34:11.124+0000] {logging_mixin.py:190} INFO - [2025-03-27T16:34:11.123+0000] {dagbag.py:588} INFO - Filling up the DagBag from /home/airflow/.local/lib/python3.12/site-packages/airflow/example_dags/example_complex.py
[2025-03-27T16:34:11.148+0000] {processor.py:925} INFO - DAG(s) 'example_complex' retrieved from /home/airflow/.local/lib/python3.12/site-packages/airflow/example_dags/example_complex.py
[2025-03-27T16:34:11.242+0000] {logging_mixin.py:190} INFO - [2025-03-27T16:34:11.242+0000] {dag.py:3239} INFO - Sync 1 DAGs
[2025-03-27T16:34:11.285+0000] {logging_mixin.py:190} INFO - [2025-03-27T16:34:11.285+0000] {dag.py:4180} INFO - Setting next_dagrun for example_complex to None, run_after=None
[2025-03-27T16:34:11.346+0000] {processor.py:208} INFO - Processing /home/airflow/.local/lib/python3.12/site-packages/airflow/example_dags/example_complex.py took 0.234 seconds
[2025-03-27T16:34:41.492+0000] {processor.py:186} INFO - Started process (PID=301) to work on /home/airflow/.local/lib/python3.12/site-packages/airflow/example_dags/example_complex.py
[2025-03-27T16:34:41.494+0000] {processor.py:914} INFO - Processing file /home/airflow/.local/lib/python3.12/site-packages/airflow/example_dags/example_complex.py for tasks to queue
[2025-03-27T16:34:41.500+0000] {logging_mixin.py:190} INFO - [2025-03-27T16:34:41.500+0000] {dagbag.py:588} INFO - Filling up the DagBag from /home/airflow/.local/lib/python3.12/site-packages/airflow/example_dags/example_complex.py
[2025-03-27T16:34:41.519+0000] {processor.py:925} INFO - DAG(s) 'example_complex' retrieved from /home/airflow/.local/lib/python3.12/site-packages/airflow/example_dags/example_complex.py
[2025-03-27T16:34:41.569+0000] {logging_mixin.py:190} INFO - [2025-03-27T16:34:41.568+0000] {dag.py:3239} INFO - Sync 1 DAGs
[2025-03-27T16:34:41.600+0000] {logging_mixin.py:190} INFO - [2025-03-27T16:34:41.600+0000] {dag.py:4180} INFO - Setting next_dagrun for example_complex to None, run_after=None
[2025-03-27T16:34:41.681+0000] {processor.py:208} INFO - Processing /home/airflow/.local/lib/python3.12/site-packages/airflow/example_dags/example_complex.py took 0.200 seconds
[2025-03-27T16:35:12.473+0000] {processor.py:186} INFO - Started process (PID=364) to work on /home/airflow/.local/lib/python3.12/site-packages/airflow/example_dags/example_complex.py
[2025-03-27T16:35:12.476+0000] {processor.py:914} INFO - Processing file /home/airflow/.local/lib/python3.12/site-packages/airflow/example_dags/example_complex.py for tasks to queue
[2025-03-27T16:35:12.485+0000] {logging_mixin.py:190} INFO - [2025-03-27T16:35:12.483+0000] {dagbag.py:588} INFO - Filling up the DagBag from /home/airflow/.local/lib/python3.12/site-packages/airflow/example_dags/example_complex.py
[2025-03-27T16:35:12.543+0000] {processor.py:925} INFO - DAG(s) 'example_complex' retrieved from /home/airflow/.local/lib/python3.12/site-packages/airflow/example_dags/example_complex.py
[2025-03-27T16:35:12.636+0000] {logging_mixin.py:190} INFO - [2025-03-27T16:35:12.635+0000] {dag.py:3239} INFO - Sync 1 DAGs
[2025-03-27T16:35:12.652+0000] {logging_mixin.py:190} INFO - [2025-03-27T16:35:12.652+0000] {dag.py:4180} INFO - Setting next_dagrun for example_complex to None, run_after=None
[2025-03-27T16:35:12.716+0000] {processor.py:208} INFO - Processing /home/airflow/.local/lib/python3.12/site-packages/airflow/example_dags/example_complex.py took 0.259 seconds
[2025-03-27T16:35:42.799+0000] {processor.py:186} INFO - Started process (PID=428) to work on /home/airflow/.local/lib/python3.12/site-packages/airflow/example_dags/example_complex.py
[2025-03-27T16:35:42.801+0000] {processor.py:914} INFO - Processing file /home/airflow/.local/lib/python3.12/site-packages/airflow/example_dags/example_complex.py for tasks to queue
[2025-03-27T16:35:42.804+0000] {logging_mixin.py:190} INFO - [2025-03-27T16:35:42.803+0000] {dagbag.py:588} INFO - Filling up the DagBag from /home/airflow/.local/lib/python3.12/site-packages/airflow/example_dags/example_complex.py
[2025-03-27T16:35:42.816+0000] {processor.py:925} INFO - DAG(s) 'example_complex' retrieved from /home/airflow/.local/lib/python3.12/site-packages/airflow/example_dags/example_complex.py
[2025-03-27T16:35:42.852+0000] {logging_mixin.py:190} INFO - [2025-03-27T16:35:42.851+0000] {dag.py:3239} INFO - Sync 1 DAGs
[2025-03-27T16:35:42.866+0000] {logging_mixin.py:190} INFO - [2025-03-27T16:35:42.866+0000] {dag.py:4180} INFO - Setting next_dagrun for example_complex to None, run_after=None
[2025-03-27T16:35:42.895+0000] {processor.py:208} INFO - Processing /home/airflow/.local/lib/python3.12/site-packages/airflow/example_dags/example_complex.py took 0.102 seconds
[2025-03-27T16:36:13.521+0000] {processor.py:186} INFO - Started process (PID=491) to work on /home/airflow/.local/lib/python3.12/site-packages/airflow/example_dags/example_complex.py
[2025-03-27T16:36:13.523+0000] {processor.py:914} INFO - Processing file /home/airflow/.local/lib/python3.12/site-packages/airflow/example_dags/example_complex.py for tasks to queue
[2025-03-27T16:36:13.526+0000] {logging_mixin.py:190} INFO - [2025-03-27T16:36:13.525+0000] {dagbag.py:588} INFO - Filling up the DagBag from /home/airflow/.local/lib/python3.12/site-packages/airflow/example_dags/example_complex.py
[2025-03-27T16:36:13.542+0000] {processor.py:925} INFO - DAG(s) 'example_complex' retrieved from /home/airflow/.local/lib/python3.12/site-packages/airflow/example_dags/example_complex.py
[2025-03-27T16:36:13.604+0000] {logging_mixin.py:190} INFO - [2025-03-27T16:36:13.604+0000] {dag.py:3239} INFO - Sync 1 DAGs
[2025-03-27T16:36:13.636+0000] {logging_mixin.py:190} INFO - [2025-03-27T16:36:13.635+0000] {dag.py:4180} INFO - Setting next_dagrun for example_complex to None, run_after=None
[2025-03-27T16:36:13.688+0000] {processor.py:208} INFO - Processing /home/airflow/.local/lib/python3.12/site-packages/airflow/example_dags/example_complex.py took 0.177 seconds
[2025-03-27T16:36:44.654+0000] {processor.py:186} INFO - Started process (PID=554) to work on /home/airflow/.local/lib/python3.12/site-packages/airflow/example_dags/example_complex.py
[2025-03-27T16:36:44.660+0000] {processor.py:914} INFO - Processing file /home/airflow/.local/lib/python3.12/site-packages/airflow/example_dags/example_complex.py for tasks to queue
[2025-03-27T16:36:44.663+0000] {logging_mixin.py:190} INFO - [2025-03-27T16:36:44.663+0000] {dagbag.py:588} INFO - Filling up the DagBag from /home/airflow/.local/lib/python3.12/site-packages/airflow/example_dags/example_complex.py
[2025-03-27T16:36:44.706+0000] {processor.py:925} INFO - DAG(s) 'example_complex' retrieved from /home/airflow/.local/lib/python3.12/site-packages/airflow/example_dags/example_complex.py
[2025-03-27T16:36:44.774+0000] {logging_mixin.py:190} INFO - [2025-03-27T16:36:44.773+0000] {dag.py:3239} INFO - Sync 1 DAGs
[2025-03-27T16:36:44.794+0000] {logging_mixin.py:190} INFO - [2025-03-27T16:36:44.793+0000] {dag.py:4180} INFO - Setting next_dagrun for example_complex to None, run_after=None
[2025-03-27T16:36:44.824+0000] {processor.py:208} INFO - Processing /home/airflow/.local/lib/python3.12/site-packages/airflow/example_dags/example_complex.py took 0.186 seconds
[2025-03-27T16:37:15.219+0000] {processor.py:186} INFO - Started process (PID=617) to work on /home/airflow/.local/lib/python3.12/site-packages/airflow/example_dags/example_complex.py
[2025-03-27T16:37:15.221+0000] {processor.py:914} INFO - Processing file /home/airflow/.local/lib/python3.12/site-packages/airflow/example_dags/example_complex.py for tasks to queue
[2025-03-27T16:37:15.225+0000] {logging_mixin.py:190} INFO - [2025-03-27T16:37:15.224+0000] {dagbag.py:588} INFO - Filling up the DagBag from /home/airflow/.local/lib/python3.12/site-packages/airflow/example_dags/example_complex.py
[2025-03-27T16:37:15.251+0000] {processor.py:925} INFO - DAG(s) 'example_complex' retrieved from /home/airflow/.local/lib/python3.12/site-packages/airflow/example_dags/example_complex.py
[2025-03-27T16:37:15.321+0000] {logging_mixin.py:190} INFO - [2025-03-27T16:37:15.321+0000] {dag.py:3239} INFO - Sync 1 DAGs
[2025-03-27T16:37:15.346+0000] {logging_mixin.py:190} INFO - [2025-03-27T16:37:15.345+0000] {dag.py:4180} INFO - Setting next_dagrun for example_complex to None, run_after=None
[2025-03-27T16:37:15.381+0000] {processor.py:208} INFO - Processing /home/airflow/.local/lib/python3.12/site-packages/airflow/example_dags/example_complex.py took 0.172 seconds
[2025-03-27T16:37:45.457+0000] {processor.py:186} INFO - Started process (PID=679) to work on /home/airflow/.local/lib/python3.12/site-packages/airflow/example_dags/example_complex.py
[2025-03-27T16:37:45.458+0000] {processor.py:914} INFO - Processing file /home/airflow/.local/lib/python3.12/site-packages/airflow/example_dags/example_complex.py for tasks to queue
[2025-03-27T16:37:45.463+0000] {logging_mixin.py:190} INFO - [2025-03-27T16:37:45.462+0000] {dagbag.py:588} INFO - Filling up the DagBag from /home/airflow/.local/lib/python3.12/site-packages/airflow/example_dags/example_complex.py
[2025-03-27T16:37:45.493+0000] {processor.py:925} INFO - DAG(s) 'example_complex' retrieved from /home/airflow/.local/lib/python3.12/site-packages/airflow/example_dags/example_complex.py
[2025-03-27T16:37:45.570+0000] {logging_mixin.py:190} INFO - [2025-03-27T16:37:45.569+0000] {dag.py:3239} INFO - Sync 1 DAGs
[2025-03-27T16:37:45.598+0000] {logging_mixin.py:190} INFO - [2025-03-27T16:37:45.598+0000] {dag.py:4180} INFO - Setting next_dagrun for example_complex to None, run_after=None
[2025-03-27T16:37:45.625+0000] {processor.py:208} INFO - Processing /home/airflow/.local/lib/python3.12/site-packages/airflow/example_dags/example_complex.py took 0.175 seconds
[2025-03-27T16:38:16.260+0000] {processor.py:186} INFO - Started process (PID=744) to work on /home/airflow/.local/lib/python3.12/site-packages/airflow/example_dags/example_complex.py
[2025-03-27T16:38:16.261+0000] {processor.py:914} INFO - Processing file /home/airflow/.local/lib/python3.12/site-packages/airflow/example_dags/example_complex.py for tasks to queue
[2025-03-27T16:38:16.263+0000] {logging_mixin.py:190} INFO - [2025-03-27T16:38:16.263+0000] {dagbag.py:588} INFO - Filling up the DagBag from /home/airflow/.local/lib/python3.12/site-packages/airflow/example_dags/example_complex.py
[2025-03-27T16:38:16.277+0000] {processor.py:925} INFO - DAG(s) 'example_complex' retrieved from /home/airflow/.local/lib/python3.12/site-packages/airflow/example_dags/example_complex.py
[2025-03-27T16:38:16.327+0000] {logging_mixin.py:190} INFO - [2025-03-27T16:38:16.327+0000] {dag.py:3239} INFO - Sync 1 DAGs
[2025-03-27T16:38:16.366+0000] {logging_mixin.py:190} INFO - [2025-03-27T16:38:16.366+0000] {dag.py:4180} INFO - Setting next_dagrun for example_complex to None, run_after=None
[2025-03-27T16:38:16.414+0000] {processor.py:208} INFO - Processing /home/airflow/.local/lib/python3.12/site-packages/airflow/example_dags/example_complex.py took 0.160 seconds
[2025-03-27T16:38:47.092+0000] {processor.py:186} INFO - Started process (PID=810) to work on /home/airflow/.local/lib/python3.12/site-packages/airflow/example_dags/example_complex.py
[2025-03-27T16:38:47.094+0000] {processor.py:914} INFO - Processing file /home/airflow/.local/lib/python3.12/site-packages/airflow/example_dags/example_complex.py for tasks to queue
[2025-03-27T16:38:47.098+0000] {logging_mixin.py:190} INFO - [2025-03-27T16:38:47.097+0000] {dagbag.py:588} INFO - Filling up the DagBag from /home/airflow/.local/lib/python3.12/site-packages/airflow/example_dags/example_complex.py
[2025-03-27T16:38:47.123+0000] {processor.py:925} INFO - DAG(s) 'example_complex' retrieved from /home/airflow/.local/lib/python3.12/site-packages/airflow/example_dags/example_complex.py
[2025-03-27T16:38:47.157+0000] {logging_mixin.py:190} INFO - [2025-03-27T16:38:47.157+0000] {dag.py:3239} INFO - Sync 1 DAGs
[2025-03-27T16:38:47.176+0000] {logging_mixin.py:190} INFO - [2025-03-27T16:38:47.175+0000] {dag.py:4180} INFO - Setting next_dagrun for example_complex to None, run_after=None
[2025-03-27T16:38:47.196+0000] {processor.py:208} INFO - Processing /home/airflow/.local/lib/python3.12/site-packages/airflow/example_dags/example_complex.py took 0.113 seconds
[2025-03-27T16:39:18.258+0000] {processor.py:186} INFO - Started process (PID=875) to work on /home/airflow/.local/lib/python3.12/site-packages/airflow/example_dags/example_complex.py
[2025-03-27T16:39:18.259+0000] {processor.py:914} INFO - Processing file /home/airflow/.local/lib/python3.12/site-packages/airflow/example_dags/example_complex.py for tasks to queue
[2025-03-27T16:39:18.261+0000] {logging_mixin.py:190} INFO - [2025-03-27T16:39:18.261+0000] {dagbag.py:588} INFO - Filling up the DagBag from /home/airflow/.local/lib/python3.12/site-packages/airflow/example_dags/example_complex.py
[2025-03-27T16:39:18.275+0000] {processor.py:925} INFO - DAG(s) 'example_complex' retrieved from /home/airflow/.local/lib/python3.12/site-packages/airflow/example_dags/example_complex.py
[2025-03-27T16:39:18.308+0000] {logging_mixin.py:190} INFO - [2025-03-27T16:39:18.308+0000] {dag.py:3239} INFO - Sync 1 DAGs
[2025-03-27T16:39:18.325+0000] {logging_mixin.py:190} INFO - [2025-03-27T16:39:18.324+0000] {dag.py:4180} INFO - Setting next_dagrun for example_complex to None, run_after=None
[2025-03-27T16:39:18.349+0000] {processor.py:208} INFO - Processing /home/airflow/.local/lib/python3.12/site-packages/airflow/example_dags/example_complex.py took 0.098 seconds
[2025-03-27T16:39:49.595+0000] {processor.py:186} INFO - Started process (PID=940) to work on /home/airflow/.local/lib/python3.12/site-packages/airflow/example_dags/example_complex.py
[2025-03-27T16:39:49.599+0000] {processor.py:914} INFO - Processing file /home/airflow/.local/lib/python3.12/site-packages/airflow/example_dags/example_complex.py for tasks to queue
[2025-03-27T16:39:49.606+0000] {logging_mixin.py:190} INFO - [2025-03-27T16:39:49.605+0000] {dagbag.py:588} INFO - Filling up the DagBag from /home/airflow/.local/lib/python3.12/site-packages/airflow/example_dags/example_complex.py
[2025-03-27T16:39:49.634+0000] {processor.py:925} INFO - DAG(s) 'example_complex' retrieved from /home/airflow/.local/lib/python3.12/site-packages/airflow/example_dags/example_complex.py
[2025-03-27T16:39:49.667+0000] {logging_mixin.py:190} INFO - [2025-03-27T16:39:49.667+0000] {dag.py:3239} INFO - Sync 1 DAGs
[2025-03-27T16:39:49.683+0000] {logging_mixin.py:190} INFO - [2025-03-27T16:39:49.682+0000] {dag.py:4180} INFO - Setting next_dagrun for example_complex to None, run_after=None
[2025-03-27T16:39:49.786+0000] {processor.py:208} INFO - Processing /home/airflow/.local/lib/python3.12/site-packages/airflow/example_dags/example_complex.py took 0.209 seconds
[2025-03-27T16:40:20.640+0000] {processor.py:186} INFO - Started process (PID=1005) to work on /home/airflow/.local/lib/python3.12/site-packages/airflow/example_dags/example_complex.py
[2025-03-27T16:40:20.643+0000] {processor.py:914} INFO - Processing file /home/airflow/.local/lib/python3.12/site-packages/airflow/example_dags/example_complex.py for tasks to queue
[2025-03-27T16:40:20.648+0000] {logging_mixin.py:190} INFO - [2025-03-27T16:40:20.648+0000] {dagbag.py:588} INFO - Filling up the DagBag from /home/airflow/.local/lib/python3.12/site-packages/airflow/example_dags/example_complex.py
[2025-03-27T16:40:20.662+0000] {processor.py:925} INFO - DAG(s) 'example_complex' retrieved from /home/airflow/.local/lib/python3.12/site-packages/airflow/example_dags/example_complex.py
[2025-03-27T16:40:20.711+0000] {logging_mixin.py:190} INFO - [2025-03-27T16:40:20.710+0000] {dag.py:3239} INFO - Sync 1 DAGs
[2025-03-27T16:40:20.727+0000] {logging_mixin.py:190} INFO - [2025-03-27T16:40:20.727+0000] {dag.py:4180} INFO - Setting next_dagrun for example_complex to None, run_after=None
[2025-03-27T16:40:20.755+0000] {processor.py:208} INFO - Processing /home/airflow/.local/lib/python3.12/site-packages/airflow/example_dags/example_complex.py took 0.122 seconds
[2025-03-27T16:40:51.244+0000] {processor.py:186} INFO - Started process (PID=1070) to work on /home/airflow/.local/lib/python3.12/site-packages/airflow/example_dags/example_complex.py
[2025-03-27T16:40:51.246+0000] {processor.py:914} INFO - Processing file /home/airflow/.local/lib/python3.12/site-packages/airflow/example_dags/example_complex.py for tasks to queue
[2025-03-27T16:40:51.248+0000] {logging_mixin.py:190} INFO - [2025-03-27T16:40:51.248+0000] {dagbag.py:588} INFO - Filling up the DagBag from /home/airflow/.local/lib/python3.12/site-packages/airflow/example_dags/example_complex.py
[2025-03-27T16:40:51.264+0000] {processor.py:925} INFO - DAG(s) 'example_complex' retrieved from /home/airflow/.local/lib/python3.12/site-packages/airflow/example_dags/example_complex.py
[2025-03-27T16:40:51.300+0000] {logging_mixin.py:190} INFO - [2025-03-27T16:40:51.299+0000] {dag.py:3239} INFO - Sync 1 DAGs
[2025-03-27T16:40:51.318+0000] {logging_mixin.py:190} INFO - [2025-03-27T16:40:51.318+0000] {dag.py:4180} INFO - Setting next_dagrun for example_complex to None, run_after=None
[2025-03-27T16:40:51.348+0000] {processor.py:208} INFO - Processing /home/airflow/.local/lib/python3.12/site-packages/airflow/example_dags/example_complex.py took 0.112 seconds
[2025-03-27T16:41:22.279+0000] {processor.py:186} INFO - Started process (PID=1135) to work on /home/airflow/.local/lib/python3.12/site-packages/airflow/example_dags/example_complex.py
[2025-03-27T16:41:22.281+0000] {processor.py:914} INFO - Processing file /home/airflow/.local/lib/python3.12/site-packages/airflow/example_dags/example_complex.py for tasks to queue
[2025-03-27T16:41:22.283+0000] {logging_mixin.py:190} INFO - [2025-03-27T16:41:22.283+0000] {dagbag.py:588} INFO - Filling up the DagBag from /home/airflow/.local/lib/python3.12/site-packages/airflow/example_dags/example_complex.py
[2025-03-27T16:41:22.303+0000] {processor.py:925} INFO - DAG(s) 'example_complex' retrieved from /home/airflow/.local/lib/python3.12/site-packages/airflow/example_dags/example_complex.py
[2025-03-27T16:41:22.369+0000] {logging_mixin.py:190} INFO - [2025-03-27T16:41:22.368+0000] {dag.py:3239} INFO - Sync 1 DAGs
[2025-03-27T16:41:22.386+0000] {logging_mixin.py:190} INFO - [2025-03-27T16:41:22.386+0000] {dag.py:4180} INFO - Setting next_dagrun for example_complex to None, run_after=None
[2025-03-27T16:41:22.440+0000] {processor.py:208} INFO - Processing /home/airflow/.local/lib/python3.12/site-packages/airflow/example_dags/example_complex.py took 0.170 seconds
[2025-03-27T16:41:52.650+0000] {processor.py:186} INFO - Started process (PID=1200) to work on /home/airflow/.local/lib/python3.12/site-packages/airflow/example_dags/example_complex.py
[2025-03-27T16:41:52.652+0000] {processor.py:914} INFO - Processing file /home/airflow/.local/lib/python3.12/site-packages/airflow/example_dags/example_complex.py for tasks to queue
[2025-03-27T16:41:52.656+0000] {logging_mixin.py:190} INFO - [2025-03-27T16:41:52.656+0000] {dagbag.py:588} INFO - Filling up the DagBag from /home/airflow/.local/lib/python3.12/site-packages/airflow/example_dags/example_complex.py
[2025-03-27T16:41:52.672+0000] {processor.py:925} INFO - DAG(s) 'example_complex' retrieved from /home/airflow/.local/lib/python3.12/site-packages/airflow/example_dags/example_complex.py
[2025-03-27T16:41:52.715+0000] {logging_mixin.py:190} INFO - [2025-03-27T16:41:52.715+0000] {dag.py:3239} INFO - Sync 1 DAGs
[2025-03-27T16:41:52.736+0000] {logging_mixin.py:190} INFO - [2025-03-27T16:41:52.736+0000] {dag.py:4180} INFO - Setting next_dagrun for example_complex to None, run_after=None
[2025-03-27T16:41:52.760+0000] {processor.py:208} INFO - Processing /home/airflow/.local/lib/python3.12/site-packages/airflow/example_dags/example_complex.py took 0.119 seconds
[2025-03-27T16:42:23.033+0000] {processor.py:186} INFO - Started process (PID=1265) to work on /home/airflow/.local/lib/python3.12/site-packages/airflow/example_dags/example_complex.py
[2025-03-27T16:42:23.035+0000] {processor.py:914} INFO - Processing file /home/airflow/.local/lib/python3.12/site-packages/airflow/example_dags/example_complex.py for tasks to queue
[2025-03-27T16:42:23.038+0000] {logging_mixin.py:190} INFO - [2025-03-27T16:42:23.037+0000] {dagbag.py:588} INFO - Filling up the DagBag from /home/airflow/.local/lib/python3.12/site-packages/airflow/example_dags/example_complex.py
[2025-03-27T16:42:23.055+0000] {processor.py:925} INFO - DAG(s) 'example_complex' retrieved from /home/airflow/.local/lib/python3.12/site-packages/airflow/example_dags/example_complex.py
[2025-03-27T16:42:23.092+0000] {logging_mixin.py:190} INFO - [2025-03-27T16:42:23.092+0000] {dag.py:3239} INFO - Sync 1 DAGs
[2025-03-27T16:42:23.107+0000] {logging_mixin.py:190} INFO - [2025-03-27T16:42:23.107+0000] {dag.py:4180} INFO - Setting next_dagrun for example_complex to None, run_after=None
[2025-03-27T16:42:23.132+0000] {processor.py:208} INFO - Processing /home/airflow/.local/lib/python3.12/site-packages/airflow/example_dags/example_complex.py took 0.106 seconds
[2025-03-27T16:42:54.724+0000] {processor.py:186} INFO - Started process (PID=1331) to work on /home/airflow/.local/lib/python3.12/site-packages/airflow/example_dags/example_complex.py
[2025-03-27T16:42:54.725+0000] {processor.py:914} INFO - Processing file /home/airflow/.local/lib/python3.12/site-packages/airflow/example_dags/example_complex.py for tasks to queue
[2025-03-27T16:42:54.730+0000] {logging_mixin.py:190} INFO - [2025-03-27T16:42:54.729+0000] {dagbag.py:588} INFO - Filling up the DagBag from /home/airflow/.local/lib/python3.12/site-packages/airflow/example_dags/example_complex.py
[2025-03-27T16:42:54.758+0000] {processor.py:925} INFO - DAG(s) 'example_complex' retrieved from /home/airflow/.local/lib/python3.12/site-packages/airflow/example_dags/example_complex.py
[2025-03-27T16:42:54.807+0000] {logging_mixin.py:190} INFO - [2025-03-27T16:42:54.807+0000] {dag.py:3239} INFO - Sync 1 DAGs
[2025-03-27T16:42:54.824+0000] {logging_mixin.py:190} INFO - [2025-03-27T16:42:54.824+0000] {dag.py:4180} INFO - Setting next_dagrun for example_complex to None, run_after=None
[2025-03-27T16:42:54.844+0000] {processor.py:208} INFO - Processing /home/airflow/.local/lib/python3.12/site-packages/airflow/example_dags/example_complex.py took 0.133 seconds
[2025-03-27T16:43:25.395+0000] {processor.py:186} INFO - Started process (PID=1396) to work on /home/airflow/.local/lib/python3.12/site-packages/airflow/example_dags/example_complex.py
[2025-03-27T16:43:25.396+0000] {processor.py:914} INFO - Processing file /home/airflow/.local/lib/python3.12/site-packages/airflow/example_dags/example_complex.py for tasks to queue
[2025-03-27T16:43:25.399+0000] {logging_mixin.py:190} INFO - [2025-03-27T16:43:25.399+0000] {dagbag.py:588} INFO - Filling up the DagBag from /home/airflow/.local/lib/python3.12/site-packages/airflow/example_dags/example_complex.py
[2025-03-27T16:43:25.416+0000] {processor.py:925} INFO - DAG(s) 'example_complex' retrieved from /home/airflow/.local/lib/python3.12/site-packages/airflow/example_dags/example_complex.py
[2025-03-27T16:43:25.458+0000] {logging_mixin.py:190} INFO - [2025-03-27T16:43:25.458+0000] {dag.py:3239} INFO - Sync 1 DAGs
[2025-03-27T16:43:25.493+0000] {logging_mixin.py:190} INFO - [2025-03-27T16:43:25.492+0000] {dag.py:4180} INFO - Setting next_dagrun for example_complex to None, run_after=None
[2025-03-27T16:43:25.513+0000] {processor.py:208} INFO - Processing /home/airflow/.local/lib/python3.12/site-packages/airflow/example_dags/example_complex.py took 0.124 seconds
[2025-03-27T16:43:55.776+0000] {processor.py:186} INFO - Started process (PID=1462) to work on /home/airflow/.local/lib/python3.12/site-packages/airflow/example_dags/example_complex.py
[2025-03-27T16:43:55.777+0000] {processor.py:914} INFO - Processing file /home/airflow/.local/lib/python3.12/site-packages/airflow/example_dags/example_complex.py for tasks to queue
[2025-03-27T16:43:55.781+0000] {logging_mixin.py:190} INFO - [2025-03-27T16:43:55.781+0000] {dagbag.py:588} INFO - Filling up the DagBag from /home/airflow/.local/lib/python3.12/site-packages/airflow/example_dags/example_complex.py
[2025-03-27T16:43:55.799+0000] {processor.py:925} INFO - DAG(s) 'example_complex' retrieved from /home/airflow/.local/lib/python3.12/site-packages/airflow/example_dags/example_complex.py
[2025-03-27T16:43:55.854+0000] {logging_mixin.py:190} INFO - [2025-03-27T16:43:55.854+0000] {dag.py:3239} INFO - Sync 1 DAGs
[2025-03-27T16:43:55.891+0000] {logging_mixin.py:190} INFO - [2025-03-27T16:43:55.891+0000] {dag.py:4180} INFO - Setting next_dagrun for example_complex to None, run_after=None
[2025-03-27T16:43:56.008+0000] {processor.py:208} INFO - Processing /home/airflow/.local/lib/python3.12/site-packages/airflow/example_dags/example_complex.py took 0.241 seconds
[2025-03-27T16:44:26.258+0000] {processor.py:186} INFO - Started process (PID=1528) to work on /home/airflow/.local/lib/python3.12/site-packages/airflow/example_dags/example_complex.py
[2025-03-27T16:44:26.260+0000] {processor.py:914} INFO - Processing file /home/airflow/.local/lib/python3.12/site-packages/airflow/example_dags/example_complex.py for tasks to queue
[2025-03-27T16:44:26.263+0000] {logging_mixin.py:190} INFO - [2025-03-27T16:44:26.263+0000] {dagbag.py:588} INFO - Filling up the DagBag from /home/airflow/.local/lib/python3.12/site-packages/airflow/example_dags/example_complex.py
[2025-03-27T16:44:26.285+0000] {processor.py:925} INFO - DAG(s) 'example_complex' retrieved from /home/airflow/.local/lib/python3.12/site-packages/airflow/example_dags/example_complex.py
[2025-03-27T16:44:26.339+0000] {logging_mixin.py:190} INFO - [2025-03-27T16:44:26.338+0000] {dag.py:3239} INFO - Sync 1 DAGs
[2025-03-27T16:44:26.376+0000] {logging_mixin.py:190} INFO - [2025-03-27T16:44:26.375+0000] {dag.py:4180} INFO - Setting next_dagrun for example_complex to None, run_after=None
[2025-03-27T16:44:26.412+0000] {processor.py:208} INFO - Processing /home/airflow/.local/lib/python3.12/site-packages/airflow/example_dags/example_complex.py took 0.164 seconds
[2025-03-27T16:44:56.893+0000] {processor.py:186} INFO - Started process (PID=1593) to work on /home/airflow/.local/lib/python3.12/site-packages/airflow/example_dags/example_complex.py
[2025-03-27T16:44:56.895+0000] {processor.py:914} INFO - Processing file /home/airflow/.local/lib/python3.12/site-packages/airflow/example_dags/example_complex.py for tasks to queue
[2025-03-27T16:44:56.898+0000] {logging_mixin.py:190} INFO - [2025-03-27T16:44:56.897+0000] {dagbag.py:588} INFO - Filling up the DagBag from /home/airflow/.local/lib/python3.12/site-packages/airflow/example_dags/example_complex.py
[2025-03-27T16:44:56.911+0000] {processor.py:925} INFO - DAG(s) 'example_complex' retrieved from /home/airflow/.local/lib/python3.12/site-packages/airflow/example_dags/example_complex.py
[2025-03-27T16:44:56.944+0000] {logging_mixin.py:190} INFO - [2025-03-27T16:44:56.944+0000] {dag.py:3239} INFO - Sync 1 DAGs
[2025-03-27T16:44:56.960+0000] {logging_mixin.py:190} INFO - [2025-03-27T16:44:56.960+0000] {dag.py:4180} INFO - Setting next_dagrun for example_complex to None, run_after=None
[2025-03-27T16:44:56.983+0000] {processor.py:208} INFO - Processing /home/airflow/.local/lib/python3.12/site-packages/airflow/example_dags/example_complex.py took 0.096 seconds
[2025-03-27T16:45:27.618+0000] {processor.py:186} INFO - Started process (PID=1658) to work on /home/airflow/.local/lib/python3.12/site-packages/airflow/example_dags/example_complex.py
[2025-03-27T16:45:27.623+0000] {processor.py:914} INFO - Processing file /home/airflow/.local/lib/python3.12/site-packages/airflow/example_dags/example_complex.py for tasks to queue
[2025-03-27T16:45:27.633+0000] {logging_mixin.py:190} INFO - [2025-03-27T16:45:27.632+0000] {dagbag.py:588} INFO - Filling up the DagBag from /home/airflow/.local/lib/python3.12/site-packages/airflow/example_dags/example_complex.py
[2025-03-27T16:45:27.668+0000] {processor.py:925} INFO - DAG(s) 'example_complex' retrieved from /home/airflow/.local/lib/python3.12/site-packages/airflow/example_dags/example_complex.py
[2025-03-27T16:45:27.777+0000] {logging_mixin.py:190} INFO - [2025-03-27T16:45:27.776+0000] {dag.py:3239} INFO - Sync 1 DAGs
[2025-03-27T16:45:27.819+0000] {logging_mixin.py:190} INFO - [2025-03-27T16:45:27.819+0000] {dag.py:4180} INFO - Setting next_dagrun for example_complex to None, run_after=None
[2025-03-27T16:45:27.855+0000] {processor.py:208} INFO - Processing /home/airflow/.local/lib/python3.12/site-packages/airflow/example_dags/example_complex.py took 0.259 seconds
[2025-03-27T16:45:58.322+0000] {processor.py:186} INFO - Started process (PID=1723) to work on /home/airflow/.local/lib/python3.12/site-packages/airflow/example_dags/example_complex.py
[2025-03-27T16:45:58.324+0000] {processor.py:914} INFO - Processing file /home/airflow/.local/lib/python3.12/site-packages/airflow/example_dags/example_complex.py for tasks to queue
[2025-03-27T16:45:58.329+0000] {logging_mixin.py:190} INFO - [2025-03-27T16:45:58.328+0000] {dagbag.py:588} INFO - Filling up the DagBag from /home/airflow/.local/lib/python3.12/site-packages/airflow/example_dags/example_complex.py
[2025-03-27T16:45:58.348+0000] {processor.py:925} INFO - DAG(s) 'example_complex' retrieved from /home/airflow/.local/lib/python3.12/site-packages/airflow/example_dags/example_complex.py
[2025-03-27T16:45:58.407+0000] {logging_mixin.py:190} INFO - [2025-03-27T16:45:58.406+0000] {dag.py:3239} INFO - Sync 1 DAGs
[2025-03-27T16:45:58.433+0000] {logging_mixin.py:190} INFO - [2025-03-27T16:45:58.433+0000] {dag.py:4180} INFO - Setting next_dagrun for example_complex to None, run_after=None
[2025-03-27T16:45:58.461+0000] {processor.py:208} INFO - Processing /home/airflow/.local/lib/python3.12/site-packages/airflow/example_dags/example_complex.py took 0.146 seconds
[2025-03-27T16:46:29.047+0000] {processor.py:186} INFO - Started process (PID=1794) to work on /home/airflow/.local/lib/python3.12/site-packages/airflow/example_dags/example_complex.py
[2025-03-27T16:46:29.049+0000] {processor.py:914} INFO - Processing file /home/airflow/.local/lib/python3.12/site-packages/airflow/example_dags/example_complex.py for tasks to queue
[2025-03-27T16:46:29.058+0000] {logging_mixin.py:190} INFO - [2025-03-27T16:46:29.057+0000] {dagbag.py:588} INFO - Filling up the DagBag from /home/airflow/.local/lib/python3.12/site-packages/airflow/example_dags/example_complex.py
[2025-03-27T16:46:29.075+0000] {processor.py:925} INFO - DAG(s) 'example_complex' retrieved from /home/airflow/.local/lib/python3.12/site-packages/airflow/example_dags/example_complex.py
[2025-03-27T16:46:29.113+0000] {logging_mixin.py:190} INFO - [2025-03-27T16:46:29.112+0000] {dag.py:3239} INFO - Sync 1 DAGs
[2025-03-27T16:46:29.128+0000] {logging_mixin.py:190} INFO - [2025-03-27T16:46:29.128+0000] {dag.py:4180} INFO - Setting next_dagrun for example_complex to None, run_after=None
[2025-03-27T16:46:29.157+0000] {processor.py:208} INFO - Processing /home/airflow/.local/lib/python3.12/site-packages/airflow/example_dags/example_complex.py took 0.120 seconds
[2025-03-27T16:47:00.041+0000] {processor.py:186} INFO - Started process (PID=1858) to work on /home/airflow/.local/lib/python3.12/site-packages/airflow/example_dags/example_complex.py
[2025-03-27T16:47:00.044+0000] {processor.py:914} INFO - Processing file /home/airflow/.local/lib/python3.12/site-packages/airflow/example_dags/example_complex.py for tasks to queue
[2025-03-27T16:47:00.050+0000] {logging_mixin.py:190} INFO - [2025-03-27T16:47:00.049+0000] {dagbag.py:588} INFO - Filling up the DagBag from /home/airflow/.local/lib/python3.12/site-packages/airflow/example_dags/example_complex.py
[2025-03-27T16:47:00.094+0000] {processor.py:925} INFO - DAG(s) 'example_complex' retrieved from /home/airflow/.local/lib/python3.12/site-packages/airflow/example_dags/example_complex.py
[2025-03-27T16:47:00.135+0000] {logging_mixin.py:190} INFO - [2025-03-27T16:47:00.135+0000] {dag.py:3239} INFO - Sync 1 DAGs
[2025-03-27T16:47:00.158+0000] {logging_mixin.py:190} INFO - [2025-03-27T16:47:00.158+0000] {dag.py:4180} INFO - Setting next_dagrun for example_complex to None, run_after=None
[2025-03-27T16:47:00.183+0000] {processor.py:208} INFO - Processing /home/airflow/.local/lib/python3.12/site-packages/airflow/example_dags/example_complex.py took 0.157 seconds
[2025-03-27T16:47:30.535+0000] {processor.py:186} INFO - Started process (PID=1923) to work on /home/airflow/.local/lib/python3.12/site-packages/airflow/example_dags/example_complex.py
[2025-03-27T16:47:30.538+0000] {processor.py:914} INFO - Processing file /home/airflow/.local/lib/python3.12/site-packages/airflow/example_dags/example_complex.py for tasks to queue
[2025-03-27T16:47:30.543+0000] {logging_mixin.py:190} INFO - [2025-03-27T16:47:30.542+0000] {dagbag.py:588} INFO - Filling up the DagBag from /home/airflow/.local/lib/python3.12/site-packages/airflow/example_dags/example_complex.py
[2025-03-27T16:47:30.563+0000] {processor.py:925} INFO - DAG(s) 'example_complex' retrieved from /home/airflow/.local/lib/python3.12/site-packages/airflow/example_dags/example_complex.py
[2025-03-27T16:47:30.607+0000] {logging_mixin.py:190} INFO - [2025-03-27T16:47:30.607+0000] {dag.py:3239} INFO - Sync 1 DAGs
[2025-03-27T16:47:30.622+0000] {logging_mixin.py:190} INFO - [2025-03-27T16:47:30.622+0000] {dag.py:4180} INFO - Setting next_dagrun for example_complex to None, run_after=None
[2025-03-27T16:47:30.643+0000] {processor.py:208} INFO - Processing /home/airflow/.local/lib/python3.12/site-packages/airflow/example_dags/example_complex.py took 0.118 seconds
[2025-03-27T16:48:01.466+0000] {processor.py:186} INFO - Started process (PID=1988) to work on /home/airflow/.local/lib/python3.12/site-packages/airflow/example_dags/example_complex.py
[2025-03-27T16:48:01.469+0000] {processor.py:914} INFO - Processing file /home/airflow/.local/lib/python3.12/site-packages/airflow/example_dags/example_complex.py for tasks to queue
[2025-03-27T16:48:01.475+0000] {logging_mixin.py:190} INFO - [2025-03-27T16:48:01.474+0000] {dagbag.py:588} INFO - Filling up the DagBag from /home/airflow/.local/lib/python3.12/site-packages/airflow/example_dags/example_complex.py
[2025-03-27T16:48:01.503+0000] {processor.py:925} INFO - DAG(s) 'example_complex' retrieved from /home/airflow/.local/lib/python3.12/site-packages/airflow/example_dags/example_complex.py
[2025-03-27T16:48:01.568+0000] {logging_mixin.py:190} INFO - [2025-03-27T16:48:01.567+0000] {dag.py:3239} INFO - Sync 1 DAGs
[2025-03-27T16:48:01.600+0000] {logging_mixin.py:190} INFO - [2025-03-27T16:48:01.600+0000] {dag.py:4180} INFO - Setting next_dagrun for example_complex to None, run_after=None
[2025-03-27T16:48:01.638+0000] {processor.py:208} INFO - Processing /home/airflow/.local/lib/python3.12/site-packages/airflow/example_dags/example_complex.py took 0.187 seconds
[2025-03-27T16:48:32.427+0000] {processor.py:186} INFO - Started process (PID=2053) to work on /home/airflow/.local/lib/python3.12/site-packages/airflow/example_dags/example_complex.py
[2025-03-27T16:48:32.428+0000] {processor.py:914} INFO - Processing file /home/airflow/.local/lib/python3.12/site-packages/airflow/example_dags/example_complex.py for tasks to queue
[2025-03-27T16:48:32.430+0000] {logging_mixin.py:190} INFO - [2025-03-27T16:48:32.430+0000] {dagbag.py:588} INFO - Filling up the DagBag from /home/airflow/.local/lib/python3.12/site-packages/airflow/example_dags/example_complex.py
[2025-03-27T16:48:32.444+0000] {processor.py:925} INFO - DAG(s) 'example_complex' retrieved from /home/airflow/.local/lib/python3.12/site-packages/airflow/example_dags/example_complex.py
[2025-03-27T16:48:32.475+0000] {logging_mixin.py:190} INFO - [2025-03-27T16:48:32.475+0000] {dag.py:3239} INFO - Sync 1 DAGs
[2025-03-27T16:48:32.494+0000] {logging_mixin.py:190} INFO - [2025-03-27T16:48:32.493+0000] {dag.py:4180} INFO - Setting next_dagrun for example_complex to None, run_after=None
[2025-03-27T16:48:32.515+0000] {processor.py:208} INFO - Processing /home/airflow/.local/lib/python3.12/site-packages/airflow/example_dags/example_complex.py took 0.096 seconds
[2025-03-27T16:49:02.681+0000] {processor.py:186} INFO - Started process (PID=2118) to work on /home/airflow/.local/lib/python3.12/site-packages/airflow/example_dags/example_complex.py
[2025-03-27T16:49:02.683+0000] {processor.py:914} INFO - Processing file /home/airflow/.local/lib/python3.12/site-packages/airflow/example_dags/example_complex.py for tasks to queue
[2025-03-27T16:49:02.686+0000] {logging_mixin.py:190} INFO - [2025-03-27T16:49:02.686+0000] {dagbag.py:588} INFO - Filling up the DagBag from /home/airflow/.local/lib/python3.12/site-packages/airflow/example_dags/example_complex.py
[2025-03-27T16:49:02.706+0000] {processor.py:925} INFO - DAG(s) 'example_complex' retrieved from /home/airflow/.local/lib/python3.12/site-packages/airflow/example_dags/example_complex.py
[2025-03-27T16:49:02.773+0000] {logging_mixin.py:190} INFO - [2025-03-27T16:49:02.773+0000] {dag.py:3239} INFO - Sync 1 DAGs
[2025-03-27T16:49:02.795+0000] {logging_mixin.py:190} INFO - [2025-03-27T16:49:02.795+0000] {dag.py:4180} INFO - Setting next_dagrun for example_complex to None, run_after=None
[2025-03-27T16:49:02.813+0000] {processor.py:208} INFO - Processing /home/airflow/.local/lib/python3.12/site-packages/airflow/example_dags/example_complex.py took 0.141 seconds
[2025-03-27T16:49:33.244+0000] {processor.py:186} INFO - Started process (PID=2183) to work on /home/airflow/.local/lib/python3.12/site-packages/airflow/example_dags/example_complex.py
[2025-03-27T16:49:33.245+0000] {processor.py:914} INFO - Processing file /home/airflow/.local/lib/python3.12/site-packages/airflow/example_dags/example_complex.py for tasks to queue
[2025-03-27T16:49:33.249+0000] {logging_mixin.py:190} INFO - [2025-03-27T16:49:33.248+0000] {dagbag.py:588} INFO - Filling up the DagBag from /home/airflow/.local/lib/python3.12/site-packages/airflow/example_dags/example_complex.py
[2025-03-27T16:49:33.262+0000] {processor.py:925} INFO - DAG(s) 'example_complex' retrieved from /home/airflow/.local/lib/python3.12/site-packages/airflow/example_dags/example_complex.py
[2025-03-27T16:49:33.295+0000] {logging_mixin.py:190} INFO - [2025-03-27T16:49:33.294+0000] {dag.py:3239} INFO - Sync 1 DAGs
[2025-03-27T16:49:33.312+0000] {logging_mixin.py:190} INFO - [2025-03-27T16:49:33.312+0000] {dag.py:4180} INFO - Setting next_dagrun for example_complex to None, run_after=None
[2025-03-27T16:49:33.331+0000] {processor.py:208} INFO - Processing /home/airflow/.local/lib/python3.12/site-packages/airflow/example_dags/example_complex.py took 0.093 seconds
[2025-03-27T16:50:04.036+0000] {processor.py:186} INFO - Started process (PID=2248) to work on /home/airflow/.local/lib/python3.12/site-packages/airflow/example_dags/example_complex.py
[2025-03-27T16:50:04.038+0000] {processor.py:914} INFO - Processing file /home/airflow/.local/lib/python3.12/site-packages/airflow/example_dags/example_complex.py for tasks to queue
[2025-03-27T16:50:04.042+0000] {logging_mixin.py:190} INFO - [2025-03-27T16:50:04.041+0000] {dagbag.py:588} INFO - Filling up the DagBag from /home/airflow/.local/lib/python3.12/site-packages/airflow/example_dags/example_complex.py
[2025-03-27T16:50:04.066+0000] {processor.py:925} INFO - DAG(s) 'example_complex' retrieved from /home/airflow/.local/lib/python3.12/site-packages/airflow/example_dags/example_complex.py
[2025-03-27T16:50:04.136+0000] {logging_mixin.py:190} INFO - [2025-03-27T16:50:04.136+0000] {dag.py:3239} INFO - Sync 1 DAGs
[2025-03-27T16:50:04.157+0000] {logging_mixin.py:190} INFO - [2025-03-27T16:50:04.157+0000] {dag.py:4180} INFO - Setting next_dagrun for example_complex to None, run_after=None
[2025-03-27T16:50:04.178+0000] {processor.py:208} INFO - Processing /home/airflow/.local/lib/python3.12/site-packages/airflow/example_dags/example_complex.py took 0.150 seconds
[2025-03-27T16:50:34.698+0000] {processor.py:186} INFO - Started process (PID=2313) to work on /home/airflow/.local/lib/python3.12/site-packages/airflow/example_dags/example_complex.py
[2025-03-27T16:50:34.701+0000] {processor.py:914} INFO - Processing file /home/airflow/.local/lib/python3.12/site-packages/airflow/example_dags/example_complex.py for tasks to queue
[2025-03-27T16:50:34.704+0000] {logging_mixin.py:190} INFO - [2025-03-27T16:50:34.704+0000] {dagbag.py:588} INFO - Filling up the DagBag from /home/airflow/.local/lib/python3.12/site-packages/airflow/example_dags/example_complex.py
[2025-03-27T16:50:34.722+0000] {processor.py:925} INFO - DAG(s) 'example_complex' retrieved from /home/airflow/.local/lib/python3.12/site-packages/airflow/example_dags/example_complex.py
[2025-03-27T16:50:34.768+0000] {logging_mixin.py:190} INFO - [2025-03-27T16:50:34.768+0000] {dag.py:3239} INFO - Sync 1 DAGs
[2025-03-27T16:50:34.796+0000] {logging_mixin.py:190} INFO - [2025-03-27T16:50:34.796+0000] {dag.py:4180} INFO - Setting next_dagrun for example_complex to None, run_after=None
[2025-03-27T16:50:34.832+0000] {processor.py:208} INFO - Processing /home/airflow/.local/lib/python3.12/site-packages/airflow/example_dags/example_complex.py took 0.141 seconds
[2025-03-27T16:51:05.653+0000] {processor.py:186} INFO - Started process (PID=2376) to work on /home/airflow/.local/lib/python3.12/site-packages/airflow/example_dags/example_complex.py
[2025-03-27T16:51:05.655+0000] {processor.py:914} INFO - Processing file /home/airflow/.local/lib/python3.12/site-packages/airflow/example_dags/example_complex.py for tasks to queue
[2025-03-27T16:51:05.659+0000] {logging_mixin.py:190} INFO - [2025-03-27T16:51:05.659+0000] {dagbag.py:588} INFO - Filling up the DagBag from /home/airflow/.local/lib/python3.12/site-packages/airflow/example_dags/example_complex.py
[2025-03-27T16:51:05.676+0000] {processor.py:925} INFO - DAG(s) 'example_complex' retrieved from /home/airflow/.local/lib/python3.12/site-packages/airflow/example_dags/example_complex.py
[2025-03-27T16:51:05.715+0000] {logging_mixin.py:190} INFO - [2025-03-27T16:51:05.714+0000] {dag.py:3239} INFO - Sync 1 DAGs
[2025-03-27T16:51:05.733+0000] {logging_mixin.py:190} INFO - [2025-03-27T16:51:05.733+0000] {dag.py:4180} INFO - Setting next_dagrun for example_complex to None, run_after=None
[2025-03-27T16:51:05.755+0000] {processor.py:208} INFO - Processing /home/airflow/.local/lib/python3.12/site-packages/airflow/example_dags/example_complex.py took 0.111 seconds
[2025-03-27T16:51:36.046+0000] {processor.py:186} INFO - Started process (PID=2441) to work on /home/airflow/.local/lib/python3.12/site-packages/airflow/example_dags/example_complex.py
[2025-03-27T16:51:36.048+0000] {processor.py:914} INFO - Processing file /home/airflow/.local/lib/python3.12/site-packages/airflow/example_dags/example_complex.py for tasks to queue
[2025-03-27T16:51:36.052+0000] {logging_mixin.py:190} INFO - [2025-03-27T16:51:36.052+0000] {dagbag.py:588} INFO - Filling up the DagBag from /home/airflow/.local/lib/python3.12/site-packages/airflow/example_dags/example_complex.py
[2025-03-27T16:51:36.066+0000] {processor.py:925} INFO - DAG(s) 'example_complex' retrieved from /home/airflow/.local/lib/python3.12/site-packages/airflow/example_dags/example_complex.py
[2025-03-27T16:51:36.096+0000] {logging_mixin.py:190} INFO - [2025-03-27T16:51:36.096+0000] {dag.py:3239} INFO - Sync 1 DAGs
[2025-03-27T16:51:36.113+0000] {logging_mixin.py:190} INFO - [2025-03-27T16:51:36.112+0000] {dag.py:4180} INFO - Setting next_dagrun for example_complex to None, run_after=None
[2025-03-27T16:51:36.159+0000] {processor.py:208} INFO - Processing /home/airflow/.local/lib/python3.12/site-packages/airflow/example_dags/example_complex.py took 0.123 seconds
[2025-03-27T16:53:04.093+0000] {processor.py:186} INFO - Started process (PID=118) to work on /home/airflow/.local/lib/python3.12/site-packages/airflow/example_dags/example_complex.py
[2025-03-27T16:53:04.095+0000] {processor.py:914} INFO - Processing file /home/airflow/.local/lib/python3.12/site-packages/airflow/example_dags/example_complex.py for tasks to queue
[2025-03-27T16:53:04.098+0000] {logging_mixin.py:190} INFO - [2025-03-27T16:53:04.097+0000] {dagbag.py:588} INFO - Filling up the DagBag from /home/airflow/.local/lib/python3.12/site-packages/airflow/example_dags/example_complex.py
[2025-03-27T16:53:04.113+0000] {processor.py:925} INFO - DAG(s) 'example_complex' retrieved from /home/airflow/.local/lib/python3.12/site-packages/airflow/example_dags/example_complex.py
[2025-03-27T16:53:04.166+0000] {logging_mixin.py:190} INFO - [2025-03-27T16:53:04.165+0000] {dag.py:3239} INFO - Sync 1 DAGs
[2025-03-27T16:53:04.184+0000] {logging_mixin.py:190} INFO - [2025-03-27T16:53:04.184+0000] {dag.py:4180} INFO - Setting next_dagrun for example_complex to None, run_after=None
[2025-03-27T16:53:04.217+0000] {processor.py:208} INFO - Processing /home/airflow/.local/lib/python3.12/site-packages/airflow/example_dags/example_complex.py took 0.130 seconds
