[2025-03-27T16:32:54.201+0000] {processor.py:186} INFO - Started process (PID=73) to work on /home/airflow/.local/lib/python3.12/site-packages/airflow/example_dags/example_dataset_alias.py
[2025-03-27T16:32:54.204+0000] {processor.py:914} INFO - Processing file /home/airflow/.local/lib/python3.12/site-packages/airflow/example_dags/example_dataset_alias.py for tasks to queue
[2025-03-27T16:32:54.219+0000] {logging_mixin.py:190} INFO - [2025-03-27T16:32:54.216+0000] {dagbag.py:588} INFO - Filling up the DagBag from /home/airflow/.local/lib/python3.12/site-packages/airflow/example_dags/example_dataset_alias.py
[2025-03-27T16:32:58.956+0000] {processor.py:925} INFO - DAG(s) 'dataset_s3_bucket_consumer', 'dataset_alias_example_alias_producer', 'dataset_alias_example_alias_consumer', 'dataset_s3_bucket_producer' retrieved from /home/airflow/.local/lib/python3.12/site-packages/airflow/example_dags/example_dataset_alias.py
[2025-03-27T16:32:59.131+0000] {logging_mixin.py:190} INFO - [2025-03-27T16:32:59.131+0000] {override.py:1912} INFO - Created Permission View: can read on DAG:dataset_s3_bucket_consumer
[2025-03-27T16:32:59.146+0000] {logging_mixin.py:190} INFO - [2025-03-27T16:32:59.146+0000] {override.py:1912} INFO - Created Permission View: can delete on DAG:dataset_s3_bucket_consumer
[2025-03-27T16:32:59.157+0000] {logging_mixin.py:190} INFO - [2025-03-27T16:32:59.156+0000] {override.py:1912} INFO - Created Permission View: can edit on DAG:dataset_s3_bucket_consumer
[2025-03-27T16:32:59.166+0000] {logging_mixin.py:190} INFO - [2025-03-27T16:32:59.166+0000] {override.py:1912} INFO - Created Permission View: can read on DAG Run:dataset_s3_bucket_consumer
[2025-03-27T16:32:59.172+0000] {logging_mixin.py:190} INFO - [2025-03-27T16:32:59.172+0000] {override.py:1912} INFO - Created Permission View: menu access on DAG Run:dataset_s3_bucket_consumer
[2025-03-27T16:32:59.179+0000] {logging_mixin.py:190} INFO - [2025-03-27T16:32:59.179+0000] {override.py:1912} INFO - Created Permission View: can create on DAG Run:dataset_s3_bucket_consumer
[2025-03-27T16:32:59.187+0000] {logging_mixin.py:190} INFO - [2025-03-27T16:32:59.186+0000] {override.py:1912} INFO - Created Permission View: can delete on DAG Run:dataset_s3_bucket_consumer
[2025-03-27T16:32:59.201+0000] {logging_mixin.py:190} INFO - [2025-03-27T16:32:59.201+0000] {override.py:1912} INFO - Created Permission View: can read on DAG:dataset_alias_example_alias_producer
[2025-03-27T16:32:59.251+0000] {logging_mixin.py:190} INFO - [2025-03-27T16:32:59.251+0000] {override.py:1912} INFO - Created Permission View: can delete on DAG:dataset_alias_example_alias_producer
[2025-03-27T16:32:59.314+0000] {logging_mixin.py:190} INFO - [2025-03-27T16:32:59.313+0000] {override.py:1912} INFO - Created Permission View: can edit on DAG:dataset_alias_example_alias_producer
[2025-03-27T16:32:59.420+0000] {logging_mixin.py:190} INFO - [2025-03-27T16:32:59.419+0000] {override.py:1912} INFO - Created Permission View: can read on DAG Run:dataset_alias_example_alias_producer
[2025-03-27T16:32:59.434+0000] {logging_mixin.py:190} INFO - [2025-03-27T16:32:59.434+0000] {override.py:1912} INFO - Created Permission View: menu access on DAG Run:dataset_alias_example_alias_producer
[2025-03-27T16:32:59.471+0000] {logging_mixin.py:190} INFO - [2025-03-27T16:32:59.470+0000] {override.py:1912} INFO - Created Permission View: can create on DAG Run:dataset_alias_example_alias_producer
[2025-03-27T16:32:59.480+0000] {logging_mixin.py:190} INFO - [2025-03-27T16:32:59.480+0000] {override.py:1912} INFO - Created Permission View: can delete on DAG Run:dataset_alias_example_alias_producer
[2025-03-27T16:32:59.506+0000] {logging_mixin.py:190} INFO - [2025-03-27T16:32:59.505+0000] {override.py:1912} INFO - Created Permission View: can read on DAG:dataset_alias_example_alias_consumer
[2025-03-27T16:32:59.564+0000] {logging_mixin.py:190} INFO - [2025-03-27T16:32:59.563+0000] {override.py:1912} INFO - Created Permission View: can delete on DAG:dataset_alias_example_alias_consumer
[2025-03-27T16:32:59.588+0000] {logging_mixin.py:190} INFO - [2025-03-27T16:32:59.587+0000] {override.py:1912} INFO - Created Permission View: can edit on DAG:dataset_alias_example_alias_consumer
[2025-03-27T16:32:59.601+0000] {logging_mixin.py:190} INFO - [2025-03-27T16:32:59.600+0000] {override.py:1912} INFO - Created Permission View: can read on DAG Run:dataset_alias_example_alias_consumer
[2025-03-27T16:32:59.614+0000] {logging_mixin.py:190} INFO - [2025-03-27T16:32:59.613+0000] {override.py:1912} INFO - Created Permission View: menu access on DAG Run:dataset_alias_example_alias_consumer
[2025-03-27T16:32:59.628+0000] {logging_mixin.py:190} INFO - [2025-03-27T16:32:59.627+0000] {override.py:1912} INFO - Created Permission View: can create on DAG Run:dataset_alias_example_alias_consumer
[2025-03-27T16:32:59.641+0000] {logging_mixin.py:190} INFO - [2025-03-27T16:32:59.641+0000] {override.py:1912} INFO - Created Permission View: can delete on DAG Run:dataset_alias_example_alias_consumer
[2025-03-27T16:32:59.660+0000] {logging_mixin.py:190} INFO - [2025-03-27T16:32:59.660+0000] {override.py:1912} INFO - Created Permission View: can read on DAG:dataset_s3_bucket_producer
[2025-03-27T16:32:59.676+0000] {logging_mixin.py:190} INFO - [2025-03-27T16:32:59.675+0000] {override.py:1912} INFO - Created Permission View: can delete on DAG:dataset_s3_bucket_producer
[2025-03-27T16:32:59.688+0000] {logging_mixin.py:190} INFO - [2025-03-27T16:32:59.688+0000] {override.py:1912} INFO - Created Permission View: can edit on DAG:dataset_s3_bucket_producer
[2025-03-27T16:32:59.717+0000] {logging_mixin.py:190} INFO - [2025-03-27T16:32:59.716+0000] {override.py:1912} INFO - Created Permission View: can read on DAG Run:dataset_s3_bucket_producer
[2025-03-27T16:32:59.725+0000] {logging_mixin.py:190} INFO - [2025-03-27T16:32:59.724+0000] {override.py:1912} INFO - Created Permission View: menu access on DAG Run:dataset_s3_bucket_producer
[2025-03-27T16:32:59.733+0000] {logging_mixin.py:190} INFO - [2025-03-27T16:32:59.733+0000] {override.py:1912} INFO - Created Permission View: can create on DAG Run:dataset_s3_bucket_producer
[2025-03-27T16:32:59.743+0000] {logging_mixin.py:190} INFO - [2025-03-27T16:32:59.743+0000] {override.py:1912} INFO - Created Permission View: can delete on DAG Run:dataset_s3_bucket_producer
[2025-03-27T16:32:59.745+0000] {logging_mixin.py:190} INFO - [2025-03-27T16:32:59.744+0000] {dag.py:3239} INFO - Sync 4 DAGs
[2025-03-27T16:32:59.769+0000] {logging_mixin.py:190} INFO - [2025-03-27T16:32:59.768+0000] {dag.py:3262} INFO - Creating ORM DAG for dataset_alias_example_alias_producer
[2025-03-27T16:32:59.771+0000] {logging_mixin.py:190} INFO - [2025-03-27T16:32:59.771+0000] {dag.py:3262} INFO - Creating ORM DAG for dataset_alias_example_alias_consumer
[2025-03-27T16:32:59.772+0000] {logging_mixin.py:190} INFO - [2025-03-27T16:32:59.772+0000] {dag.py:3262} INFO - Creating ORM DAG for dataset_s3_bucket_consumer
[2025-03-27T16:32:59.774+0000] {logging_mixin.py:190} INFO - [2025-03-27T16:32:59.773+0000] {dag.py:3262} INFO - Creating ORM DAG for dataset_s3_bucket_producer
[2025-03-27T16:32:59.788+0000] {logging_mixin.py:190} INFO - [2025-03-27T16:32:59.788+0000] {dag.py:4180} INFO - Setting next_dagrun for dataset_alias_example_alias_consumer to None, run_after=None
[2025-03-27T16:32:59.790+0000] {logging_mixin.py:190} INFO - [2025-03-27T16:32:59.789+0000] {dag.py:4180} INFO - Setting next_dagrun for dataset_alias_example_alias_producer to None, run_after=None
[2025-03-27T16:32:59.791+0000] {logging_mixin.py:190} INFO - [2025-03-27T16:32:59.790+0000] {dag.py:4180} INFO - Setting next_dagrun for dataset_s3_bucket_consumer to None, run_after=None
[2025-03-27T16:32:59.792+0000] {logging_mixin.py:190} INFO - [2025-03-27T16:32:59.792+0000] {dag.py:4180} INFO - Setting next_dagrun for dataset_s3_bucket_producer to None, run_after=None
[2025-03-27T16:32:59.836+0000] {processor.py:208} INFO - Processing /home/airflow/.local/lib/python3.12/site-packages/airflow/example_dags/example_dataset_alias.py took 5.664 seconds
[2025-03-27T16:33:30.135+0000] {processor.py:186} INFO - Started process (PID=147) to work on /home/airflow/.local/lib/python3.12/site-packages/airflow/example_dags/example_dataset_alias.py
[2025-03-27T16:33:30.137+0000] {processor.py:914} INFO - Processing file /home/airflow/.local/lib/python3.12/site-packages/airflow/example_dags/example_dataset_alias.py for tasks to queue
[2025-03-27T16:33:30.141+0000] {logging_mixin.py:190} INFO - [2025-03-27T16:33:30.141+0000] {dagbag.py:588} INFO - Filling up the DagBag from /home/airflow/.local/lib/python3.12/site-packages/airflow/example_dags/example_dataset_alias.py
[2025-03-27T16:33:30.993+0000] {processor.py:925} INFO - DAG(s) 'dataset_s3_bucket_consumer', 'dataset_alias_example_alias_consumer', 'dataset_s3_bucket_producer', 'dataset_alias_example_alias_producer' retrieved from /home/airflow/.local/lib/python3.12/site-packages/airflow/example_dags/example_dataset_alias.py
[2025-03-27T16:33:31.035+0000] {logging_mixin.py:190} INFO - [2025-03-27T16:33:31.035+0000] {dag.py:3239} INFO - Sync 4 DAGs
[2025-03-27T16:33:31.058+0000] {logging_mixin.py:190} INFO - [2025-03-27T16:33:31.057+0000] {dag.py:4180} INFO - Setting next_dagrun for dataset_alias_example_alias_consumer to None, run_after=None
[2025-03-27T16:33:31.061+0000] {logging_mixin.py:190} INFO - [2025-03-27T16:33:31.061+0000] {dag.py:4180} INFO - Setting next_dagrun for dataset_alias_example_alias_producer to None, run_after=None
[2025-03-27T16:33:31.063+0000] {logging_mixin.py:190} INFO - [2025-03-27T16:33:31.063+0000] {dag.py:4180} INFO - Setting next_dagrun for dataset_s3_bucket_consumer to None, run_after=None
[2025-03-27T16:33:31.065+0000] {logging_mixin.py:190} INFO - [2025-03-27T16:33:31.064+0000] {dag.py:4180} INFO - Setting next_dagrun for dataset_s3_bucket_producer to None, run_after=None
[2025-03-27T16:33:31.088+0000] {processor.py:208} INFO - Processing /home/airflow/.local/lib/python3.12/site-packages/airflow/example_dags/example_dataset_alias.py took 0.965 seconds
[2025-03-27T16:34:01.452+0000] {processor.py:186} INFO - Started process (PID=211) to work on /home/airflow/.local/lib/python3.12/site-packages/airflow/example_dags/example_dataset_alias.py
[2025-03-27T16:34:01.455+0000] {processor.py:914} INFO - Processing file /home/airflow/.local/lib/python3.12/site-packages/airflow/example_dags/example_dataset_alias.py for tasks to queue
[2025-03-27T16:34:01.460+0000] {logging_mixin.py:190} INFO - [2025-03-27T16:34:01.460+0000] {dagbag.py:588} INFO - Filling up the DagBag from /home/airflow/.local/lib/python3.12/site-packages/airflow/example_dags/example_dataset_alias.py
[2025-03-27T16:34:02.798+0000] {processor.py:925} INFO - DAG(s) 'dataset_s3_bucket_consumer', 'dataset_alias_example_alias_consumer', 'dataset_s3_bucket_producer', 'dataset_alias_example_alias_producer' retrieved from /home/airflow/.local/lib/python3.12/site-packages/airflow/example_dags/example_dataset_alias.py
[2025-03-27T16:34:02.841+0000] {logging_mixin.py:190} INFO - [2025-03-27T16:34:02.839+0000] {dag.py:3239} INFO - Sync 4 DAGs
[2025-03-27T16:34:02.907+0000] {logging_mixin.py:190} INFO - [2025-03-27T16:34:02.907+0000] {dag.py:4180} INFO - Setting next_dagrun for dataset_alias_example_alias_consumer to None, run_after=None
[2025-03-27T16:34:02.915+0000] {logging_mixin.py:190} INFO - [2025-03-27T16:34:02.915+0000] {dag.py:4180} INFO - Setting next_dagrun for dataset_alias_example_alias_producer to None, run_after=None
[2025-03-27T16:34:02.919+0000] {logging_mixin.py:190} INFO - [2025-03-27T16:34:02.918+0000] {dag.py:4180} INFO - Setting next_dagrun for dataset_s3_bucket_consumer to None, run_after=None
[2025-03-27T16:34:02.920+0000] {logging_mixin.py:190} INFO - [2025-03-27T16:34:02.920+0000] {dag.py:4180} INFO - Setting next_dagrun for dataset_s3_bucket_producer to None, run_after=None
[2025-03-27T16:34:02.957+0000] {processor.py:208} INFO - Processing /home/airflow/.local/lib/python3.12/site-packages/airflow/example_dags/example_dataset_alias.py took 1.515 seconds
[2025-03-27T16:34:33.222+0000] {processor.py:186} INFO - Started process (PID=277) to work on /home/airflow/.local/lib/python3.12/site-packages/airflow/example_dags/example_dataset_alias.py
[2025-03-27T16:34:33.226+0000] {processor.py:914} INFO - Processing file /home/airflow/.local/lib/python3.12/site-packages/airflow/example_dags/example_dataset_alias.py for tasks to queue
[2025-03-27T16:34:33.231+0000] {logging_mixin.py:190} INFO - [2025-03-27T16:34:33.229+0000] {dagbag.py:588} INFO - Filling up the DagBag from /home/airflow/.local/lib/python3.12/site-packages/airflow/example_dags/example_dataset_alias.py
[2025-03-27T16:34:34.114+0000] {processor.py:925} INFO - DAG(s) 'dataset_alias_example_alias_producer', 'dataset_s3_bucket_consumer', 'dataset_s3_bucket_producer', 'dataset_alias_example_alias_consumer' retrieved from /home/airflow/.local/lib/python3.12/site-packages/airflow/example_dags/example_dataset_alias.py
[2025-03-27T16:34:34.158+0000] {logging_mixin.py:190} INFO - [2025-03-27T16:34:34.157+0000] {dag.py:3239} INFO - Sync 4 DAGs
[2025-03-27T16:34:34.191+0000] {logging_mixin.py:190} INFO - [2025-03-27T16:34:34.191+0000] {dag.py:4180} INFO - Setting next_dagrun for dataset_alias_example_alias_consumer to None, run_after=None
[2025-03-27T16:34:34.195+0000] {logging_mixin.py:190} INFO - [2025-03-27T16:34:34.194+0000] {dag.py:4180} INFO - Setting next_dagrun for dataset_alias_example_alias_producer to None, run_after=None
[2025-03-27T16:34:34.197+0000] {logging_mixin.py:190} INFO - [2025-03-27T16:34:34.196+0000] {dag.py:4180} INFO - Setting next_dagrun for dataset_s3_bucket_consumer to None, run_after=None
[2025-03-27T16:34:34.199+0000] {logging_mixin.py:190} INFO - [2025-03-27T16:34:34.198+0000] {dag.py:4180} INFO - Setting next_dagrun for dataset_s3_bucket_producer to None, run_after=None
[2025-03-27T16:34:34.230+0000] {processor.py:208} INFO - Processing /home/airflow/.local/lib/python3.12/site-packages/airflow/example_dags/example_dataset_alias.py took 1.022 seconds
[2025-03-27T16:35:04.371+0000] {processor.py:186} INFO - Started process (PID=340) to work on /home/airflow/.local/lib/python3.12/site-packages/airflow/example_dags/example_dataset_alias.py
[2025-03-27T16:35:04.375+0000] {processor.py:914} INFO - Processing file /home/airflow/.local/lib/python3.12/site-packages/airflow/example_dags/example_dataset_alias.py for tasks to queue
[2025-03-27T16:35:04.378+0000] {logging_mixin.py:190} INFO - [2025-03-27T16:35:04.378+0000] {dagbag.py:588} INFO - Filling up the DagBag from /home/airflow/.local/lib/python3.12/site-packages/airflow/example_dags/example_dataset_alias.py
[2025-03-27T16:35:05.112+0000] {processor.py:925} INFO - DAG(s) 'dataset_alias_example_alias_consumer', 'dataset_s3_bucket_producer', 'dataset_alias_example_alias_producer', 'dataset_s3_bucket_consumer' retrieved from /home/airflow/.local/lib/python3.12/site-packages/airflow/example_dags/example_dataset_alias.py
[2025-03-27T16:35:05.161+0000] {logging_mixin.py:190} INFO - [2025-03-27T16:35:05.160+0000] {dag.py:3239} INFO - Sync 4 DAGs
[2025-03-27T16:35:05.194+0000] {logging_mixin.py:190} INFO - [2025-03-27T16:35:05.194+0000] {dag.py:4180} INFO - Setting next_dagrun for dataset_alias_example_alias_consumer to None, run_after=None
[2025-03-27T16:35:05.199+0000] {logging_mixin.py:190} INFO - [2025-03-27T16:35:05.199+0000] {dag.py:4180} INFO - Setting next_dagrun for dataset_alias_example_alias_producer to None, run_after=None
[2025-03-27T16:35:05.202+0000] {logging_mixin.py:190} INFO - [2025-03-27T16:35:05.202+0000] {dag.py:4180} INFO - Setting next_dagrun for dataset_s3_bucket_consumer to None, run_after=None
[2025-03-27T16:35:05.204+0000] {logging_mixin.py:190} INFO - [2025-03-27T16:35:05.204+0000] {dag.py:4180} INFO - Setting next_dagrun for dataset_s3_bucket_producer to None, run_after=None
[2025-03-27T16:35:05.282+0000] {processor.py:208} INFO - Processing /home/airflow/.local/lib/python3.12/site-packages/airflow/example_dags/example_dataset_alias.py took 0.918 seconds
[2025-03-27T16:35:35.694+0000] {processor.py:186} INFO - Started process (PID=405) to work on /home/airflow/.local/lib/python3.12/site-packages/airflow/example_dags/example_dataset_alias.py
[2025-03-27T16:35:35.695+0000] {processor.py:914} INFO - Processing file /home/airflow/.local/lib/python3.12/site-packages/airflow/example_dags/example_dataset_alias.py for tasks to queue
[2025-03-27T16:35:35.698+0000] {logging_mixin.py:190} INFO - [2025-03-27T16:35:35.698+0000] {dagbag.py:588} INFO - Filling up the DagBag from /home/airflow/.local/lib/python3.12/site-packages/airflow/example_dags/example_dataset_alias.py
[2025-03-27T16:35:36.447+0000] {processor.py:925} INFO - DAG(s) 'dataset_s3_bucket_consumer', 'dataset_s3_bucket_producer', 'dataset_alias_example_alias_producer', 'dataset_alias_example_alias_consumer' retrieved from /home/airflow/.local/lib/python3.12/site-packages/airflow/example_dags/example_dataset_alias.py
[2025-03-27T16:35:36.483+0000] {logging_mixin.py:190} INFO - [2025-03-27T16:35:36.482+0000] {dag.py:3239} INFO - Sync 4 DAGs
[2025-03-27T16:35:36.514+0000] {logging_mixin.py:190} INFO - [2025-03-27T16:35:36.513+0000] {dag.py:4180} INFO - Setting next_dagrun for dataset_alias_example_alias_consumer to None, run_after=None
[2025-03-27T16:35:36.517+0000] {logging_mixin.py:190} INFO - [2025-03-27T16:35:36.517+0000] {dag.py:4180} INFO - Setting next_dagrun for dataset_alias_example_alias_producer to None, run_after=None
[2025-03-27T16:35:36.520+0000] {logging_mixin.py:190} INFO - [2025-03-27T16:35:36.519+0000] {dag.py:4180} INFO - Setting next_dagrun for dataset_s3_bucket_consumer to None, run_after=None
[2025-03-27T16:35:36.521+0000] {logging_mixin.py:190} INFO - [2025-03-27T16:35:36.521+0000] {dag.py:4180} INFO - Setting next_dagrun for dataset_s3_bucket_producer to None, run_after=None
[2025-03-27T16:35:36.549+0000] {processor.py:208} INFO - Processing /home/airflow/.local/lib/python3.12/site-packages/airflow/example_dags/example_dataset_alias.py took 0.863 seconds
[2025-03-27T16:36:07.459+0000] {processor.py:186} INFO - Started process (PID=470) to work on /home/airflow/.local/lib/python3.12/site-packages/airflow/example_dags/example_dataset_alias.py
[2025-03-27T16:36:07.462+0000] {processor.py:914} INFO - Processing file /home/airflow/.local/lib/python3.12/site-packages/airflow/example_dags/example_dataset_alias.py for tasks to queue
[2025-03-27T16:36:07.466+0000] {logging_mixin.py:190} INFO - [2025-03-27T16:36:07.466+0000] {dagbag.py:588} INFO - Filling up the DagBag from /home/airflow/.local/lib/python3.12/site-packages/airflow/example_dags/example_dataset_alias.py
[2025-03-27T16:36:08.233+0000] {processor.py:925} INFO - DAG(s) 'dataset_s3_bucket_consumer', 'dataset_alias_example_alias_consumer', 'dataset_s3_bucket_producer', 'dataset_alias_example_alias_producer' retrieved from /home/airflow/.local/lib/python3.12/site-packages/airflow/example_dags/example_dataset_alias.py
[2025-03-27T16:36:08.264+0000] {logging_mixin.py:190} INFO - [2025-03-27T16:36:08.263+0000] {dag.py:3239} INFO - Sync 4 DAGs
[2025-03-27T16:36:08.290+0000] {logging_mixin.py:190} INFO - [2025-03-27T16:36:08.290+0000] {dag.py:4180} INFO - Setting next_dagrun for dataset_alias_example_alias_consumer to None, run_after=None
[2025-03-27T16:36:08.293+0000] {logging_mixin.py:190} INFO - [2025-03-27T16:36:08.293+0000] {dag.py:4180} INFO - Setting next_dagrun for dataset_alias_example_alias_producer to None, run_after=None
[2025-03-27T16:36:08.295+0000] {logging_mixin.py:190} INFO - [2025-03-27T16:36:08.295+0000] {dag.py:4180} INFO - Setting next_dagrun for dataset_s3_bucket_consumer to None, run_after=None
[2025-03-27T16:36:08.298+0000] {logging_mixin.py:190} INFO - [2025-03-27T16:36:08.297+0000] {dag.py:4180} INFO - Setting next_dagrun for dataset_s3_bucket_producer to None, run_after=None
[2025-03-27T16:36:08.341+0000] {processor.py:208} INFO - Processing /home/airflow/.local/lib/python3.12/site-packages/airflow/example_dags/example_dataset_alias.py took 0.891 seconds
[2025-03-27T16:36:39.072+0000] {processor.py:186} INFO - Started process (PID=533) to work on /home/airflow/.local/lib/python3.12/site-packages/airflow/example_dags/example_dataset_alias.py
[2025-03-27T16:36:39.077+0000] {processor.py:914} INFO - Processing file /home/airflow/.local/lib/python3.12/site-packages/airflow/example_dags/example_dataset_alias.py for tasks to queue
[2025-03-27T16:36:39.088+0000] {logging_mixin.py:190} INFO - [2025-03-27T16:36:39.087+0000] {dagbag.py:588} INFO - Filling up the DagBag from /home/airflow/.local/lib/python3.12/site-packages/airflow/example_dags/example_dataset_alias.py
[2025-03-27T16:36:39.934+0000] {processor.py:925} INFO - DAG(s) 'dataset_s3_bucket_consumer', 'dataset_alias_example_alias_producer', 'dataset_s3_bucket_producer', 'dataset_alias_example_alias_consumer' retrieved from /home/airflow/.local/lib/python3.12/site-packages/airflow/example_dags/example_dataset_alias.py
[2025-03-27T16:36:39.964+0000] {logging_mixin.py:190} INFO - [2025-03-27T16:36:39.964+0000] {dag.py:3239} INFO - Sync 4 DAGs
[2025-03-27T16:36:39.989+0000] {logging_mixin.py:190} INFO - [2025-03-27T16:36:39.989+0000] {dag.py:4180} INFO - Setting next_dagrun for dataset_alias_example_alias_consumer to None, run_after=None
[2025-03-27T16:36:39.992+0000] {logging_mixin.py:190} INFO - [2025-03-27T16:36:39.992+0000] {dag.py:4180} INFO - Setting next_dagrun for dataset_alias_example_alias_producer to None, run_after=None
[2025-03-27T16:36:39.994+0000] {logging_mixin.py:190} INFO - [2025-03-27T16:36:39.994+0000] {dag.py:4180} INFO - Setting next_dagrun for dataset_s3_bucket_consumer to None, run_after=None
[2025-03-27T16:36:39.996+0000] {logging_mixin.py:190} INFO - [2025-03-27T16:36:39.996+0000] {dag.py:4180} INFO - Setting next_dagrun for dataset_s3_bucket_producer to None, run_after=None
[2025-03-27T16:36:40.019+0000] {processor.py:208} INFO - Processing /home/airflow/.local/lib/python3.12/site-packages/airflow/example_dags/example_dataset_alias.py took 0.968 seconds
[2025-03-27T16:37:10.370+0000] {processor.py:186} INFO - Started process (PID=598) to work on /home/airflow/.local/lib/python3.12/site-packages/airflow/example_dags/example_dataset_alias.py
[2025-03-27T16:37:10.374+0000] {processor.py:914} INFO - Processing file /home/airflow/.local/lib/python3.12/site-packages/airflow/example_dags/example_dataset_alias.py for tasks to queue
[2025-03-27T16:37:10.380+0000] {logging_mixin.py:190} INFO - [2025-03-27T16:37:10.379+0000] {dagbag.py:588} INFO - Filling up the DagBag from /home/airflow/.local/lib/python3.12/site-packages/airflow/example_dags/example_dataset_alias.py
[2025-03-27T16:37:11.087+0000] {processor.py:925} INFO - DAG(s) 'dataset_s3_bucket_producer', 'dataset_alias_example_alias_consumer', 'dataset_alias_example_alias_producer', 'dataset_s3_bucket_consumer' retrieved from /home/airflow/.local/lib/python3.12/site-packages/airflow/example_dags/example_dataset_alias.py
[2025-03-27T16:37:11.118+0000] {logging_mixin.py:190} INFO - [2025-03-27T16:37:11.117+0000] {dag.py:3239} INFO - Sync 4 DAGs
[2025-03-27T16:37:11.140+0000] {logging_mixin.py:190} INFO - [2025-03-27T16:37:11.140+0000] {dag.py:4180} INFO - Setting next_dagrun for dataset_alias_example_alias_consumer to None, run_after=None
[2025-03-27T16:37:11.144+0000] {logging_mixin.py:190} INFO - [2025-03-27T16:37:11.144+0000] {dag.py:4180} INFO - Setting next_dagrun for dataset_alias_example_alias_producer to None, run_after=None
[2025-03-27T16:37:11.146+0000] {logging_mixin.py:190} INFO - [2025-03-27T16:37:11.146+0000] {dag.py:4180} INFO - Setting next_dagrun for dataset_s3_bucket_consumer to None, run_after=None
[2025-03-27T16:37:11.148+0000] {logging_mixin.py:190} INFO - [2025-03-27T16:37:11.148+0000] {dag.py:4180} INFO - Setting next_dagrun for dataset_s3_bucket_producer to None, run_after=None
[2025-03-27T16:37:11.174+0000] {processor.py:208} INFO - Processing /home/airflow/.local/lib/python3.12/site-packages/airflow/example_dags/example_dataset_alias.py took 0.819 seconds
[2025-03-27T16:37:41.734+0000] {processor.py:186} INFO - Started process (PID=664) to work on /home/airflow/.local/lib/python3.12/site-packages/airflow/example_dags/example_dataset_alias.py
[2025-03-27T16:37:41.736+0000] {processor.py:914} INFO - Processing file /home/airflow/.local/lib/python3.12/site-packages/airflow/example_dags/example_dataset_alias.py for tasks to queue
[2025-03-27T16:37:41.740+0000] {logging_mixin.py:190} INFO - [2025-03-27T16:37:41.740+0000] {dagbag.py:588} INFO - Filling up the DagBag from /home/airflow/.local/lib/python3.12/site-packages/airflow/example_dags/example_dataset_alias.py
[2025-03-27T16:37:42.547+0000] {processor.py:925} INFO - DAG(s) 'dataset_s3_bucket_consumer', 'dataset_alias_example_alias_consumer', 'dataset_s3_bucket_producer', 'dataset_alias_example_alias_producer' retrieved from /home/airflow/.local/lib/python3.12/site-packages/airflow/example_dags/example_dataset_alias.py
[2025-03-27T16:37:42.592+0000] {logging_mixin.py:190} INFO - [2025-03-27T16:37:42.590+0000] {dag.py:3239} INFO - Sync 4 DAGs
[2025-03-27T16:37:42.629+0000] {logging_mixin.py:190} INFO - [2025-03-27T16:37:42.628+0000] {dag.py:4180} INFO - Setting next_dagrun for dataset_alias_example_alias_consumer to None, run_after=None
[2025-03-27T16:37:42.633+0000] {logging_mixin.py:190} INFO - [2025-03-27T16:37:42.633+0000] {dag.py:4180} INFO - Setting next_dagrun for dataset_alias_example_alias_producer to None, run_after=None
[2025-03-27T16:37:42.636+0000] {logging_mixin.py:190} INFO - [2025-03-27T16:37:42.636+0000] {dag.py:4180} INFO - Setting next_dagrun for dataset_s3_bucket_consumer to None, run_after=None
[2025-03-27T16:37:42.638+0000] {logging_mixin.py:190} INFO - [2025-03-27T16:37:42.638+0000] {dag.py:4180} INFO - Setting next_dagrun for dataset_s3_bucket_producer to None, run_after=None
[2025-03-27T16:37:42.668+0000] {processor.py:208} INFO - Processing /home/airflow/.local/lib/python3.12/site-packages/airflow/example_dags/example_dataset_alias.py took 0.943 seconds
[2025-03-27T16:38:12.971+0000] {processor.py:186} INFO - Started process (PID=729) to work on /home/airflow/.local/lib/python3.12/site-packages/airflow/example_dags/example_dataset_alias.py
[2025-03-27T16:38:12.973+0000] {processor.py:914} INFO - Processing file /home/airflow/.local/lib/python3.12/site-packages/airflow/example_dags/example_dataset_alias.py for tasks to queue
[2025-03-27T16:38:12.977+0000] {logging_mixin.py:190} INFO - [2025-03-27T16:38:12.977+0000] {dagbag.py:588} INFO - Filling up the DagBag from /home/airflow/.local/lib/python3.12/site-packages/airflow/example_dags/example_dataset_alias.py
[2025-03-27T16:38:13.902+0000] {processor.py:925} INFO - DAG(s) 'dataset_s3_bucket_producer', 'dataset_alias_example_alias_producer', 'dataset_s3_bucket_consumer', 'dataset_alias_example_alias_consumer' retrieved from /home/airflow/.local/lib/python3.12/site-packages/airflow/example_dags/example_dataset_alias.py
[2025-03-27T16:38:13.938+0000] {logging_mixin.py:190} INFO - [2025-03-27T16:38:13.938+0000] {dag.py:3239} INFO - Sync 4 DAGs
[2025-03-27T16:38:13.964+0000] {logging_mixin.py:190} INFO - [2025-03-27T16:38:13.963+0000] {dag.py:4180} INFO - Setting next_dagrun for dataset_alias_example_alias_consumer to None, run_after=None
[2025-03-27T16:38:13.967+0000] {logging_mixin.py:190} INFO - [2025-03-27T16:38:13.967+0000] {dag.py:4180} INFO - Setting next_dagrun for dataset_alias_example_alias_producer to None, run_after=None
[2025-03-27T16:38:13.969+0000] {logging_mixin.py:190} INFO - [2025-03-27T16:38:13.969+0000] {dag.py:4180} INFO - Setting next_dagrun for dataset_s3_bucket_consumer to None, run_after=None
[2025-03-27T16:38:13.972+0000] {logging_mixin.py:190} INFO - [2025-03-27T16:38:13.972+0000] {dag.py:4180} INFO - Setting next_dagrun for dataset_s3_bucket_producer to None, run_after=None
[2025-03-27T16:38:14.000+0000] {processor.py:208} INFO - Processing /home/airflow/.local/lib/python3.12/site-packages/airflow/example_dags/example_dataset_alias.py took 1.044 seconds
[2025-03-27T16:38:44.414+0000] {processor.py:186} INFO - Started process (PID=799) to work on /home/airflow/.local/lib/python3.12/site-packages/airflow/example_dags/example_dataset_alias.py
[2025-03-27T16:38:44.415+0000] {processor.py:914} INFO - Processing file /home/airflow/.local/lib/python3.12/site-packages/airflow/example_dags/example_dataset_alias.py for tasks to queue
[2025-03-27T16:38:44.419+0000] {logging_mixin.py:190} INFO - [2025-03-27T16:38:44.419+0000] {dagbag.py:588} INFO - Filling up the DagBag from /home/airflow/.local/lib/python3.12/site-packages/airflow/example_dags/example_dataset_alias.py
[2025-03-27T16:38:45.201+0000] {processor.py:925} INFO - DAG(s) 'dataset_s3_bucket_producer', 'dataset_alias_example_alias_producer', 'dataset_alias_example_alias_consumer', 'dataset_s3_bucket_consumer' retrieved from /home/airflow/.local/lib/python3.12/site-packages/airflow/example_dags/example_dataset_alias.py
[2025-03-27T16:38:45.235+0000] {logging_mixin.py:190} INFO - [2025-03-27T16:38:45.234+0000] {dag.py:3239} INFO - Sync 4 DAGs
[2025-03-27T16:38:45.263+0000] {logging_mixin.py:190} INFO - [2025-03-27T16:38:45.263+0000] {dag.py:4180} INFO - Setting next_dagrun for dataset_alias_example_alias_consumer to None, run_after=None
[2025-03-27T16:38:45.267+0000] {logging_mixin.py:190} INFO - [2025-03-27T16:38:45.266+0000] {dag.py:4180} INFO - Setting next_dagrun for dataset_alias_example_alias_producer to None, run_after=None
[2025-03-27T16:38:45.269+0000] {logging_mixin.py:190} INFO - [2025-03-27T16:38:45.268+0000] {dag.py:4180} INFO - Setting next_dagrun for dataset_s3_bucket_consumer to None, run_after=None
[2025-03-27T16:38:45.270+0000] {logging_mixin.py:190} INFO - [2025-03-27T16:38:45.270+0000] {dag.py:4180} INFO - Setting next_dagrun for dataset_s3_bucket_producer to None, run_after=None
[2025-03-27T16:38:45.296+0000] {processor.py:208} INFO - Processing /home/airflow/.local/lib/python3.12/site-packages/airflow/example_dags/example_dataset_alias.py took 0.893 seconds
[2025-03-27T16:39:16.073+0000] {processor.py:186} INFO - Started process (PID=865) to work on /home/airflow/.local/lib/python3.12/site-packages/airflow/example_dags/example_dataset_alias.py
[2025-03-27T16:39:16.080+0000] {processor.py:914} INFO - Processing file /home/airflow/.local/lib/python3.12/site-packages/airflow/example_dags/example_dataset_alias.py for tasks to queue
[2025-03-27T16:39:16.095+0000] {logging_mixin.py:190} INFO - [2025-03-27T16:39:16.094+0000] {dagbag.py:588} INFO - Filling up the DagBag from /home/airflow/.local/lib/python3.12/site-packages/airflow/example_dags/example_dataset_alias.py
[2025-03-27T16:39:17.000+0000] {processor.py:925} INFO - DAG(s) 'dataset_s3_bucket_consumer', 'dataset_s3_bucket_producer', 'dataset_alias_example_alias_consumer', 'dataset_alias_example_alias_producer' retrieved from /home/airflow/.local/lib/python3.12/site-packages/airflow/example_dags/example_dataset_alias.py
[2025-03-27T16:39:17.057+0000] {logging_mixin.py:190} INFO - [2025-03-27T16:39:17.056+0000] {dag.py:3239} INFO - Sync 4 DAGs
[2025-03-27T16:39:17.139+0000] {logging_mixin.py:190} INFO - [2025-03-27T16:39:17.138+0000] {dag.py:4180} INFO - Setting next_dagrun for dataset_alias_example_alias_consumer to None, run_after=None
[2025-03-27T16:39:17.150+0000] {logging_mixin.py:190} INFO - [2025-03-27T16:39:17.149+0000] {dag.py:4180} INFO - Setting next_dagrun for dataset_alias_example_alias_producer to None, run_after=None
[2025-03-27T16:39:17.157+0000] {logging_mixin.py:190} INFO - [2025-03-27T16:39:17.156+0000] {dag.py:4180} INFO - Setting next_dagrun for dataset_s3_bucket_consumer to None, run_after=None
[2025-03-27T16:39:17.162+0000] {logging_mixin.py:190} INFO - [2025-03-27T16:39:17.162+0000] {dag.py:4180} INFO - Setting next_dagrun for dataset_s3_bucket_producer to None, run_after=None
[2025-03-27T16:39:17.241+0000] {processor.py:208} INFO - Processing /home/airflow/.local/lib/python3.12/site-packages/airflow/example_dags/example_dataset_alias.py took 1.180 seconds
[2025-03-27T16:39:47.376+0000] {processor.py:186} INFO - Started process (PID=932) to work on /home/airflow/.local/lib/python3.12/site-packages/airflow/example_dags/example_dataset_alias.py
[2025-03-27T16:39:47.378+0000] {processor.py:914} INFO - Processing file /home/airflow/.local/lib/python3.12/site-packages/airflow/example_dags/example_dataset_alias.py for tasks to queue
[2025-03-27T16:39:47.383+0000] {logging_mixin.py:190} INFO - [2025-03-27T16:39:47.383+0000] {dagbag.py:588} INFO - Filling up the DagBag from /home/airflow/.local/lib/python3.12/site-packages/airflow/example_dags/example_dataset_alias.py
[2025-03-27T16:39:48.324+0000] {processor.py:925} INFO - DAG(s) 'dataset_alias_example_alias_producer', 'dataset_s3_bucket_producer', 'dataset_s3_bucket_consumer', 'dataset_alias_example_alias_consumer' retrieved from /home/airflow/.local/lib/python3.12/site-packages/airflow/example_dags/example_dataset_alias.py
[2025-03-27T16:39:48.352+0000] {logging_mixin.py:190} INFO - [2025-03-27T16:39:48.351+0000] {dag.py:3239} INFO - Sync 4 DAGs
[2025-03-27T16:39:48.379+0000] {logging_mixin.py:190} INFO - [2025-03-27T16:39:48.379+0000] {dag.py:4180} INFO - Setting next_dagrun for dataset_alias_example_alias_consumer to None, run_after=None
[2025-03-27T16:39:48.382+0000] {logging_mixin.py:190} INFO - [2025-03-27T16:39:48.382+0000] {dag.py:4180} INFO - Setting next_dagrun for dataset_alias_example_alias_producer to None, run_after=None
[2025-03-27T16:39:48.384+0000] {logging_mixin.py:190} INFO - [2025-03-27T16:39:48.383+0000] {dag.py:4180} INFO - Setting next_dagrun for dataset_s3_bucket_consumer to None, run_after=None
[2025-03-27T16:39:48.385+0000] {logging_mixin.py:190} INFO - [2025-03-27T16:39:48.385+0000] {dag.py:4180} INFO - Setting next_dagrun for dataset_s3_bucket_producer to None, run_after=None
[2025-03-27T16:39:48.413+0000] {processor.py:208} INFO - Processing /home/airflow/.local/lib/python3.12/site-packages/airflow/example_dags/example_dataset_alias.py took 1.045 seconds
[2025-03-27T16:40:18.876+0000] {processor.py:186} INFO - Started process (PID=997) to work on /home/airflow/.local/lib/python3.12/site-packages/airflow/example_dags/example_dataset_alias.py
[2025-03-27T16:40:18.879+0000] {processor.py:914} INFO - Processing file /home/airflow/.local/lib/python3.12/site-packages/airflow/example_dags/example_dataset_alias.py for tasks to queue
[2025-03-27T16:40:18.886+0000] {logging_mixin.py:190} INFO - [2025-03-27T16:40:18.886+0000] {dagbag.py:588} INFO - Filling up the DagBag from /home/airflow/.local/lib/python3.12/site-packages/airflow/example_dags/example_dataset_alias.py
[2025-03-27T16:40:20.273+0000] {processor.py:925} INFO - DAG(s) 'dataset_alias_example_alias_producer', 'dataset_alias_example_alias_consumer', 'dataset_s3_bucket_producer', 'dataset_s3_bucket_consumer' retrieved from /home/airflow/.local/lib/python3.12/site-packages/airflow/example_dags/example_dataset_alias.py
[2025-03-27T16:40:20.312+0000] {logging_mixin.py:190} INFO - [2025-03-27T16:40:20.311+0000] {dag.py:3239} INFO - Sync 4 DAGs
[2025-03-27T16:40:20.337+0000] {logging_mixin.py:190} INFO - [2025-03-27T16:40:20.336+0000] {dag.py:4180} INFO - Setting next_dagrun for dataset_alias_example_alias_consumer to None, run_after=None
[2025-03-27T16:40:20.341+0000] {logging_mixin.py:190} INFO - [2025-03-27T16:40:20.341+0000] {dag.py:4180} INFO - Setting next_dagrun for dataset_alias_example_alias_producer to None, run_after=None
[2025-03-27T16:40:20.345+0000] {logging_mixin.py:190} INFO - [2025-03-27T16:40:20.344+0000] {dag.py:4180} INFO - Setting next_dagrun for dataset_s3_bucket_consumer to None, run_after=None
[2025-03-27T16:40:20.347+0000] {logging_mixin.py:190} INFO - [2025-03-27T16:40:20.347+0000] {dag.py:4180} INFO - Setting next_dagrun for dataset_s3_bucket_producer to None, run_after=None
[2025-03-27T16:40:20.382+0000] {processor.py:208} INFO - Processing /home/airflow/.local/lib/python3.12/site-packages/airflow/example_dags/example_dataset_alias.py took 1.512 seconds
[2025-03-27T16:40:50.671+0000] {processor.py:186} INFO - Started process (PID=1065) to work on /home/airflow/.local/lib/python3.12/site-packages/airflow/example_dags/example_dataset_alias.py
[2025-03-27T16:40:50.673+0000] {processor.py:914} INFO - Processing file /home/airflow/.local/lib/python3.12/site-packages/airflow/example_dags/example_dataset_alias.py for tasks to queue
[2025-03-27T16:40:50.676+0000] {logging_mixin.py:190} INFO - [2025-03-27T16:40:50.676+0000] {dagbag.py:588} INFO - Filling up the DagBag from /home/airflow/.local/lib/python3.12/site-packages/airflow/example_dags/example_dataset_alias.py
[2025-03-27T16:40:51.361+0000] {processor.py:925} INFO - DAG(s) 'dataset_alias_example_alias_consumer', 'dataset_s3_bucket_producer', 'dataset_alias_example_alias_producer', 'dataset_s3_bucket_consumer' retrieved from /home/airflow/.local/lib/python3.12/site-packages/airflow/example_dags/example_dataset_alias.py
[2025-03-27T16:40:51.386+0000] {logging_mixin.py:190} INFO - [2025-03-27T16:40:51.385+0000] {dag.py:3239} INFO - Sync 4 DAGs
[2025-03-27T16:40:51.420+0000] {logging_mixin.py:190} INFO - [2025-03-27T16:40:51.420+0000] {dag.py:4180} INFO - Setting next_dagrun for dataset_alias_example_alias_consumer to None, run_after=None
[2025-03-27T16:40:51.425+0000] {logging_mixin.py:190} INFO - [2025-03-27T16:40:51.424+0000] {dag.py:4180} INFO - Setting next_dagrun for dataset_alias_example_alias_producer to None, run_after=None
[2025-03-27T16:40:51.428+0000] {logging_mixin.py:190} INFO - [2025-03-27T16:40:51.427+0000] {dag.py:4180} INFO - Setting next_dagrun for dataset_s3_bucket_consumer to None, run_after=None
[2025-03-27T16:40:51.430+0000] {logging_mixin.py:190} INFO - [2025-03-27T16:40:51.430+0000] {dag.py:4180} INFO - Setting next_dagrun for dataset_s3_bucket_producer to None, run_after=None
[2025-03-27T16:40:51.459+0000] {processor.py:208} INFO - Processing /home/airflow/.local/lib/python3.12/site-packages/airflow/example_dags/example_dataset_alias.py took 0.794 seconds
[2025-03-27T16:41:21.826+0000] {processor.py:186} INFO - Started process (PID=1131) to work on /home/airflow/.local/lib/python3.12/site-packages/airflow/example_dags/example_dataset_alias.py
[2025-03-27T16:41:21.827+0000] {processor.py:914} INFO - Processing file /home/airflow/.local/lib/python3.12/site-packages/airflow/example_dags/example_dataset_alias.py for tasks to queue
[2025-03-27T16:41:21.830+0000] {logging_mixin.py:190} INFO - [2025-03-27T16:41:21.830+0000] {dagbag.py:588} INFO - Filling up the DagBag from /home/airflow/.local/lib/python3.12/site-packages/airflow/example_dags/example_dataset_alias.py
[2025-03-27T16:41:22.606+0000] {processor.py:925} INFO - DAG(s) 'dataset_s3_bucket_producer', 'dataset_s3_bucket_consumer', 'dataset_alias_example_alias_consumer', 'dataset_alias_example_alias_producer' retrieved from /home/airflow/.local/lib/python3.12/site-packages/airflow/example_dags/example_dataset_alias.py
[2025-03-27T16:41:22.631+0000] {logging_mixin.py:190} INFO - [2025-03-27T16:41:22.630+0000] {dag.py:3239} INFO - Sync 4 DAGs
[2025-03-27T16:41:22.659+0000] {logging_mixin.py:190} INFO - [2025-03-27T16:41:22.659+0000] {dag.py:4180} INFO - Setting next_dagrun for dataset_alias_example_alias_consumer to None, run_after=None
[2025-03-27T16:41:22.663+0000] {logging_mixin.py:190} INFO - [2025-03-27T16:41:22.663+0000] {dag.py:4180} INFO - Setting next_dagrun for dataset_alias_example_alias_producer to None, run_after=None
[2025-03-27T16:41:22.666+0000] {logging_mixin.py:190} INFO - [2025-03-27T16:41:22.666+0000] {dag.py:4180} INFO - Setting next_dagrun for dataset_s3_bucket_consumer to None, run_after=None
[2025-03-27T16:41:22.668+0000] {logging_mixin.py:190} INFO - [2025-03-27T16:41:22.668+0000] {dag.py:4180} INFO - Setting next_dagrun for dataset_s3_bucket_producer to None, run_after=None
[2025-03-27T16:41:22.711+0000] {processor.py:208} INFO - Processing /home/airflow/.local/lib/python3.12/site-packages/airflow/example_dags/example_dataset_alias.py took 0.892 seconds
[2025-03-27T16:41:52.839+0000] {processor.py:186} INFO - Started process (PID=1202) to work on /home/airflow/.local/lib/python3.12/site-packages/airflow/example_dags/example_dataset_alias.py
[2025-03-27T16:41:52.841+0000] {processor.py:914} INFO - Processing file /home/airflow/.local/lib/python3.12/site-packages/airflow/example_dags/example_dataset_alias.py for tasks to queue
[2025-03-27T16:41:52.844+0000] {logging_mixin.py:190} INFO - [2025-03-27T16:41:52.844+0000] {dagbag.py:588} INFO - Filling up the DagBag from /home/airflow/.local/lib/python3.12/site-packages/airflow/example_dags/example_dataset_alias.py
[2025-03-27T16:41:53.617+0000] {processor.py:925} INFO - DAG(s) 'dataset_s3_bucket_consumer', 'dataset_alias_example_alias_producer', 'dataset_alias_example_alias_consumer', 'dataset_s3_bucket_producer' retrieved from /home/airflow/.local/lib/python3.12/site-packages/airflow/example_dags/example_dataset_alias.py
[2025-03-27T16:41:53.745+0000] {logging_mixin.py:190} INFO - [2025-03-27T16:41:53.744+0000] {dag.py:3239} INFO - Sync 4 DAGs
[2025-03-27T16:41:53.770+0000] {logging_mixin.py:190} INFO - [2025-03-27T16:41:53.770+0000] {dag.py:4180} INFO - Setting next_dagrun for dataset_alias_example_alias_consumer to None, run_after=None
[2025-03-27T16:41:53.774+0000] {logging_mixin.py:190} INFO - [2025-03-27T16:41:53.774+0000] {dag.py:4180} INFO - Setting next_dagrun for dataset_alias_example_alias_producer to None, run_after=None
[2025-03-27T16:41:53.776+0000] {logging_mixin.py:190} INFO - [2025-03-27T16:41:53.776+0000] {dag.py:4180} INFO - Setting next_dagrun for dataset_s3_bucket_consumer to None, run_after=None
[2025-03-27T16:41:53.778+0000] {logging_mixin.py:190} INFO - [2025-03-27T16:41:53.778+0000] {dag.py:4180} INFO - Setting next_dagrun for dataset_s3_bucket_producer to None, run_after=None
[2025-03-27T16:41:53.963+0000] {processor.py:208} INFO - Processing /home/airflow/.local/lib/python3.12/site-packages/airflow/example_dags/example_dataset_alias.py took 1.132 seconds
[2025-03-27T16:42:24.481+0000] {processor.py:186} INFO - Started process (PID=1268) to work on /home/airflow/.local/lib/python3.12/site-packages/airflow/example_dags/example_dataset_alias.py
[2025-03-27T16:42:24.484+0000] {processor.py:914} INFO - Processing file /home/airflow/.local/lib/python3.12/site-packages/airflow/example_dags/example_dataset_alias.py for tasks to queue
[2025-03-27T16:42:24.488+0000] {logging_mixin.py:190} INFO - [2025-03-27T16:42:24.488+0000] {dagbag.py:588} INFO - Filling up the DagBag from /home/airflow/.local/lib/python3.12/site-packages/airflow/example_dags/example_dataset_alias.py
[2025-03-27T16:42:25.436+0000] {processor.py:925} INFO - DAG(s) 'dataset_s3_bucket_producer', 'dataset_s3_bucket_consumer', 'dataset_alias_example_alias_producer', 'dataset_alias_example_alias_consumer' retrieved from /home/airflow/.local/lib/python3.12/site-packages/airflow/example_dags/example_dataset_alias.py
[2025-03-27T16:42:25.466+0000] {logging_mixin.py:190} INFO - [2025-03-27T16:42:25.465+0000] {dag.py:3239} INFO - Sync 4 DAGs
[2025-03-27T16:42:25.493+0000] {logging_mixin.py:190} INFO - [2025-03-27T16:42:25.492+0000] {dag.py:4180} INFO - Setting next_dagrun for dataset_alias_example_alias_consumer to None, run_after=None
[2025-03-27T16:42:25.496+0000] {logging_mixin.py:190} INFO - [2025-03-27T16:42:25.496+0000] {dag.py:4180} INFO - Setting next_dagrun for dataset_alias_example_alias_producer to None, run_after=None
[2025-03-27T16:42:25.498+0000] {logging_mixin.py:190} INFO - [2025-03-27T16:42:25.498+0000] {dag.py:4180} INFO - Setting next_dagrun for dataset_s3_bucket_consumer to None, run_after=None
[2025-03-27T16:42:25.501+0000] {logging_mixin.py:190} INFO - [2025-03-27T16:42:25.501+0000] {dag.py:4180} INFO - Setting next_dagrun for dataset_s3_bucket_producer to None, run_after=None
[2025-03-27T16:42:25.523+0000] {processor.py:208} INFO - Processing /home/airflow/.local/lib/python3.12/site-packages/airflow/example_dags/example_dataset_alias.py took 1.057 seconds
[2025-03-27T16:42:56.024+0000] {processor.py:186} INFO - Started process (PID=1338) to work on /home/airflow/.local/lib/python3.12/site-packages/airflow/example_dags/example_dataset_alias.py
[2025-03-27T16:42:56.026+0000] {processor.py:914} INFO - Processing file /home/airflow/.local/lib/python3.12/site-packages/airflow/example_dags/example_dataset_alias.py for tasks to queue
[2025-03-27T16:42:56.033+0000] {logging_mixin.py:190} INFO - [2025-03-27T16:42:56.032+0000] {dagbag.py:588} INFO - Filling up the DagBag from /home/airflow/.local/lib/python3.12/site-packages/airflow/example_dags/example_dataset_alias.py
[2025-03-27T16:42:56.802+0000] {processor.py:925} INFO - DAG(s) 'dataset_s3_bucket_consumer', 'dataset_s3_bucket_producer', 'dataset_alias_example_alias_producer', 'dataset_alias_example_alias_consumer' retrieved from /home/airflow/.local/lib/python3.12/site-packages/airflow/example_dags/example_dataset_alias.py
[2025-03-27T16:42:56.842+0000] {logging_mixin.py:190} INFO - [2025-03-27T16:42:56.841+0000] {dag.py:3239} INFO - Sync 4 DAGs
[2025-03-27T16:42:56.869+0000] {logging_mixin.py:190} INFO - [2025-03-27T16:42:56.869+0000] {dag.py:4180} INFO - Setting next_dagrun for dataset_alias_example_alias_consumer to None, run_after=None
[2025-03-27T16:42:56.873+0000] {logging_mixin.py:190} INFO - [2025-03-27T16:42:56.872+0000] {dag.py:4180} INFO - Setting next_dagrun for dataset_alias_example_alias_producer to None, run_after=None
[2025-03-27T16:42:56.875+0000] {logging_mixin.py:190} INFO - [2025-03-27T16:42:56.875+0000] {dag.py:4180} INFO - Setting next_dagrun for dataset_s3_bucket_consumer to None, run_after=None
[2025-03-27T16:42:56.877+0000] {logging_mixin.py:190} INFO - [2025-03-27T16:42:56.876+0000] {dag.py:4180} INFO - Setting next_dagrun for dataset_s3_bucket_producer to None, run_after=None
[2025-03-27T16:42:56.902+0000] {processor.py:208} INFO - Processing /home/airflow/.local/lib/python3.12/site-packages/airflow/example_dags/example_dataset_alias.py took 0.887 seconds
[2025-03-27T16:43:27.528+0000] {processor.py:186} INFO - Started process (PID=1407) to work on /home/airflow/.local/lib/python3.12/site-packages/airflow/example_dags/example_dataset_alias.py
[2025-03-27T16:43:27.529+0000] {processor.py:914} INFO - Processing file /home/airflow/.local/lib/python3.12/site-packages/airflow/example_dags/example_dataset_alias.py for tasks to queue
[2025-03-27T16:43:27.532+0000] {logging_mixin.py:190} INFO - [2025-03-27T16:43:27.532+0000] {dagbag.py:588} INFO - Filling up the DagBag from /home/airflow/.local/lib/python3.12/site-packages/airflow/example_dags/example_dataset_alias.py
[2025-03-27T16:43:28.438+0000] {processor.py:925} INFO - DAG(s) 'dataset_s3_bucket_producer', 'dataset_s3_bucket_consumer', 'dataset_alias_example_alias_consumer', 'dataset_alias_example_alias_producer' retrieved from /home/airflow/.local/lib/python3.12/site-packages/airflow/example_dags/example_dataset_alias.py
[2025-03-27T16:43:28.465+0000] {logging_mixin.py:190} INFO - [2025-03-27T16:43:28.465+0000] {dag.py:3239} INFO - Sync 4 DAGs
[2025-03-27T16:43:28.492+0000] {logging_mixin.py:190} INFO - [2025-03-27T16:43:28.492+0000] {dag.py:4180} INFO - Setting next_dagrun for dataset_alias_example_alias_consumer to None, run_after=None
[2025-03-27T16:43:28.497+0000] {logging_mixin.py:190} INFO - [2025-03-27T16:43:28.497+0000] {dag.py:4180} INFO - Setting next_dagrun for dataset_alias_example_alias_producer to None, run_after=None
[2025-03-27T16:43:28.500+0000] {logging_mixin.py:190} INFO - [2025-03-27T16:43:28.500+0000] {dag.py:4180} INFO - Setting next_dagrun for dataset_s3_bucket_consumer to None, run_after=None
[2025-03-27T16:43:28.502+0000] {logging_mixin.py:190} INFO - [2025-03-27T16:43:28.502+0000] {dag.py:4180} INFO - Setting next_dagrun for dataset_s3_bucket_producer to None, run_after=None
[2025-03-27T16:43:28.530+0000] {processor.py:208} INFO - Processing /home/airflow/.local/lib/python3.12/site-packages/airflow/example_dags/example_dataset_alias.py took 1.009 seconds
[2025-03-27T16:43:59.246+0000] {processor.py:186} INFO - Started process (PID=1482) to work on /home/airflow/.local/lib/python3.12/site-packages/airflow/example_dags/example_dataset_alias.py
[2025-03-27T16:43:59.249+0000] {processor.py:914} INFO - Processing file /home/airflow/.local/lib/python3.12/site-packages/airflow/example_dags/example_dataset_alias.py for tasks to queue
[2025-03-27T16:43:59.255+0000] {logging_mixin.py:190} INFO - [2025-03-27T16:43:59.255+0000] {dagbag.py:588} INFO - Filling up the DagBag from /home/airflow/.local/lib/python3.12/site-packages/airflow/example_dags/example_dataset_alias.py
[2025-03-27T16:44:00.367+0000] {processor.py:925} INFO - DAG(s) 'dataset_alias_example_alias_producer', 'dataset_s3_bucket_consumer', 'dataset_alias_example_alias_consumer', 'dataset_s3_bucket_producer' retrieved from /home/airflow/.local/lib/python3.12/site-packages/airflow/example_dags/example_dataset_alias.py
[2025-03-27T16:44:00.404+0000] {logging_mixin.py:190} INFO - [2025-03-27T16:44:00.403+0000] {dag.py:3239} INFO - Sync 4 DAGs
[2025-03-27T16:44:00.434+0000] {logging_mixin.py:190} INFO - [2025-03-27T16:44:00.434+0000] {dag.py:4180} INFO - Setting next_dagrun for dataset_alias_example_alias_consumer to None, run_after=None
[2025-03-27T16:44:00.437+0000] {logging_mixin.py:190} INFO - [2025-03-27T16:44:00.437+0000] {dag.py:4180} INFO - Setting next_dagrun for dataset_alias_example_alias_producer to None, run_after=None
[2025-03-27T16:44:00.439+0000] {logging_mixin.py:190} INFO - [2025-03-27T16:44:00.439+0000] {dag.py:4180} INFO - Setting next_dagrun for dataset_s3_bucket_consumer to None, run_after=None
[2025-03-27T16:44:00.441+0000] {logging_mixin.py:190} INFO - [2025-03-27T16:44:00.441+0000] {dag.py:4180} INFO - Setting next_dagrun for dataset_s3_bucket_producer to None, run_after=None
[2025-03-27T16:44:00.524+0000] {processor.py:208} INFO - Processing /home/airflow/.local/lib/python3.12/site-packages/airflow/example_dags/example_dataset_alias.py took 1.291 seconds
[2025-03-27T16:44:30.651+0000] {processor.py:186} INFO - Started process (PID=1554) to work on /home/airflow/.local/lib/python3.12/site-packages/airflow/example_dags/example_dataset_alias.py
[2025-03-27T16:44:30.653+0000] {processor.py:914} INFO - Processing file /home/airflow/.local/lib/python3.12/site-packages/airflow/example_dags/example_dataset_alias.py for tasks to queue
[2025-03-27T16:44:30.657+0000] {logging_mixin.py:190} INFO - [2025-03-27T16:44:30.656+0000] {dagbag.py:588} INFO - Filling up the DagBag from /home/airflow/.local/lib/python3.12/site-packages/airflow/example_dags/example_dataset_alias.py
[2025-03-27T16:44:31.383+0000] {processor.py:925} INFO - DAG(s) 'dataset_alias_example_alias_consumer', 'dataset_alias_example_alias_producer', 'dataset_s3_bucket_consumer', 'dataset_s3_bucket_producer' retrieved from /home/airflow/.local/lib/python3.12/site-packages/airflow/example_dags/example_dataset_alias.py
[2025-03-27T16:44:31.404+0000] {logging_mixin.py:190} INFO - [2025-03-27T16:44:31.403+0000] {dag.py:3239} INFO - Sync 4 DAGs
[2025-03-27T16:44:31.428+0000] {logging_mixin.py:190} INFO - [2025-03-27T16:44:31.428+0000] {dag.py:4180} INFO - Setting next_dagrun for dataset_alias_example_alias_consumer to None, run_after=None
[2025-03-27T16:44:31.431+0000] {logging_mixin.py:190} INFO - [2025-03-27T16:44:31.431+0000] {dag.py:4180} INFO - Setting next_dagrun for dataset_alias_example_alias_producer to None, run_after=None
[2025-03-27T16:44:31.433+0000] {logging_mixin.py:190} INFO - [2025-03-27T16:44:31.433+0000] {dag.py:4180} INFO - Setting next_dagrun for dataset_s3_bucket_consumer to None, run_after=None
[2025-03-27T16:44:31.435+0000] {logging_mixin.py:190} INFO - [2025-03-27T16:44:31.435+0000] {dag.py:4180} INFO - Setting next_dagrun for dataset_s3_bucket_producer to None, run_after=None
[2025-03-27T16:44:31.483+0000] {processor.py:208} INFO - Processing /home/airflow/.local/lib/python3.12/site-packages/airflow/example_dags/example_dataset_alias.py took 0.841 seconds
[2025-03-27T16:45:01.759+0000] {processor.py:186} INFO - Started process (PID=1621) to work on /home/airflow/.local/lib/python3.12/site-packages/airflow/example_dags/example_dataset_alias.py
[2025-03-27T16:45:01.762+0000] {processor.py:914} INFO - Processing file /home/airflow/.local/lib/python3.12/site-packages/airflow/example_dags/example_dataset_alias.py for tasks to queue
[2025-03-27T16:45:01.765+0000] {logging_mixin.py:190} INFO - [2025-03-27T16:45:01.765+0000] {dagbag.py:588} INFO - Filling up the DagBag from /home/airflow/.local/lib/python3.12/site-packages/airflow/example_dags/example_dataset_alias.py
[2025-03-27T16:45:02.668+0000] {processor.py:925} INFO - DAG(s) 'dataset_s3_bucket_consumer', 'dataset_s3_bucket_producer', 'dataset_alias_example_alias_consumer', 'dataset_alias_example_alias_producer' retrieved from /home/airflow/.local/lib/python3.12/site-packages/airflow/example_dags/example_dataset_alias.py
[2025-03-27T16:45:02.747+0000] {logging_mixin.py:190} INFO - [2025-03-27T16:45:02.745+0000] {dag.py:3239} INFO - Sync 4 DAGs
[2025-03-27T16:45:02.804+0000] {logging_mixin.py:190} INFO - [2025-03-27T16:45:02.804+0000] {dag.py:4180} INFO - Setting next_dagrun for dataset_alias_example_alias_consumer to None, run_after=None
[2025-03-27T16:45:02.811+0000] {logging_mixin.py:190} INFO - [2025-03-27T16:45:02.810+0000] {dag.py:4180} INFO - Setting next_dagrun for dataset_alias_example_alias_producer to None, run_after=None
[2025-03-27T16:45:02.815+0000] {logging_mixin.py:190} INFO - [2025-03-27T16:45:02.814+0000] {dag.py:4180} INFO - Setting next_dagrun for dataset_s3_bucket_consumer to None, run_after=None
[2025-03-27T16:45:02.818+0000] {logging_mixin.py:190} INFO - [2025-03-27T16:45:02.817+0000] {dag.py:4180} INFO - Setting next_dagrun for dataset_s3_bucket_producer to None, run_after=None
[2025-03-27T16:45:02.854+0000] {processor.py:208} INFO - Processing /home/airflow/.local/lib/python3.12/site-packages/airflow/example_dags/example_dataset_alias.py took 1.107 seconds
[2025-03-27T16:45:33.687+0000] {processor.py:186} INFO - Started process (PID=1686) to work on /home/airflow/.local/lib/python3.12/site-packages/airflow/example_dags/example_dataset_alias.py
[2025-03-27T16:45:33.688+0000] {processor.py:914} INFO - Processing file /home/airflow/.local/lib/python3.12/site-packages/airflow/example_dags/example_dataset_alias.py for tasks to queue
[2025-03-27T16:45:33.691+0000] {logging_mixin.py:190} INFO - [2025-03-27T16:45:33.691+0000] {dagbag.py:588} INFO - Filling up the DagBag from /home/airflow/.local/lib/python3.12/site-packages/airflow/example_dags/example_dataset_alias.py
[2025-03-27T16:45:34.545+0000] {processor.py:925} INFO - DAG(s) 'dataset_s3_bucket_producer', 'dataset_alias_example_alias_consumer', 'dataset_s3_bucket_consumer', 'dataset_alias_example_alias_producer' retrieved from /home/airflow/.local/lib/python3.12/site-packages/airflow/example_dags/example_dataset_alias.py
[2025-03-27T16:45:34.573+0000] {logging_mixin.py:190} INFO - [2025-03-27T16:45:34.573+0000] {dag.py:3239} INFO - Sync 4 DAGs
[2025-03-27T16:45:34.600+0000] {logging_mixin.py:190} INFO - [2025-03-27T16:45:34.599+0000] {dag.py:4180} INFO - Setting next_dagrun for dataset_alias_example_alias_consumer to None, run_after=None
[2025-03-27T16:45:34.604+0000] {logging_mixin.py:190} INFO - [2025-03-27T16:45:34.604+0000] {dag.py:4180} INFO - Setting next_dagrun for dataset_alias_example_alias_producer to None, run_after=None
[2025-03-27T16:45:34.607+0000] {logging_mixin.py:190} INFO - [2025-03-27T16:45:34.606+0000] {dag.py:4180} INFO - Setting next_dagrun for dataset_s3_bucket_consumer to None, run_after=None
[2025-03-27T16:45:34.609+0000] {logging_mixin.py:190} INFO - [2025-03-27T16:45:34.608+0000] {dag.py:4180} INFO - Setting next_dagrun for dataset_s3_bucket_producer to None, run_after=None
[2025-03-27T16:45:34.634+0000] {processor.py:208} INFO - Processing /home/airflow/.local/lib/python3.12/site-packages/airflow/example_dags/example_dataset_alias.py took 0.956 seconds
[2025-03-27T16:46:05.238+0000] {processor.py:186} INFO - Started process (PID=1751) to work on /home/airflow/.local/lib/python3.12/site-packages/airflow/example_dags/example_dataset_alias.py
[2025-03-27T16:46:05.240+0000] {processor.py:914} INFO - Processing file /home/airflow/.local/lib/python3.12/site-packages/airflow/example_dags/example_dataset_alias.py for tasks to queue
[2025-03-27T16:46:05.245+0000] {logging_mixin.py:190} INFO - [2025-03-27T16:46:05.244+0000] {dagbag.py:588} INFO - Filling up the DagBag from /home/airflow/.local/lib/python3.12/site-packages/airflow/example_dags/example_dataset_alias.py
[2025-03-27T16:46:06.341+0000] {processor.py:925} INFO - DAG(s) 'dataset_alias_example_alias_consumer', 'dataset_alias_example_alias_producer', 'dataset_s3_bucket_consumer', 'dataset_s3_bucket_producer' retrieved from /home/airflow/.local/lib/python3.12/site-packages/airflow/example_dags/example_dataset_alias.py
[2025-03-27T16:46:06.389+0000] {logging_mixin.py:190} INFO - [2025-03-27T16:46:06.388+0000] {dag.py:3239} INFO - Sync 4 DAGs
[2025-03-27T16:46:06.433+0000] {logging_mixin.py:190} INFO - [2025-03-27T16:46:06.433+0000] {dag.py:4180} INFO - Setting next_dagrun for dataset_alias_example_alias_consumer to None, run_after=None
[2025-03-27T16:46:06.439+0000] {logging_mixin.py:190} INFO - [2025-03-27T16:46:06.438+0000] {dag.py:4180} INFO - Setting next_dagrun for dataset_alias_example_alias_producer to None, run_after=None
[2025-03-27T16:46:06.442+0000] {logging_mixin.py:190} INFO - [2025-03-27T16:46:06.442+0000] {dag.py:4180} INFO - Setting next_dagrun for dataset_s3_bucket_consumer to None, run_after=None
[2025-03-27T16:46:06.445+0000] {logging_mixin.py:190} INFO - [2025-03-27T16:46:06.445+0000] {dag.py:4180} INFO - Setting next_dagrun for dataset_s3_bucket_producer to None, run_after=None
[2025-03-27T16:46:06.486+0000] {processor.py:208} INFO - Processing /home/airflow/.local/lib/python3.12/site-packages/airflow/example_dags/example_dataset_alias.py took 1.259 seconds
[2025-03-27T16:46:37.102+0000] {processor.py:186} INFO - Started process (PID=1817) to work on /home/airflow/.local/lib/python3.12/site-packages/airflow/example_dags/example_dataset_alias.py
[2025-03-27T16:46:37.106+0000] {processor.py:914} INFO - Processing file /home/airflow/.local/lib/python3.12/site-packages/airflow/example_dags/example_dataset_alias.py for tasks to queue
[2025-03-27T16:46:37.112+0000] {logging_mixin.py:190} INFO - [2025-03-27T16:46:37.112+0000] {dagbag.py:588} INFO - Filling up the DagBag from /home/airflow/.local/lib/python3.12/site-packages/airflow/example_dags/example_dataset_alias.py
[2025-03-27T16:46:38.212+0000] {processor.py:925} INFO - DAG(s) 'dataset_s3_bucket_producer', 'dataset_alias_example_alias_producer', 'dataset_alias_example_alias_consumer', 'dataset_s3_bucket_consumer' retrieved from /home/airflow/.local/lib/python3.12/site-packages/airflow/example_dags/example_dataset_alias.py
[2025-03-27T16:46:38.266+0000] {logging_mixin.py:190} INFO - [2025-03-27T16:46:38.265+0000] {dag.py:3239} INFO - Sync 4 DAGs
[2025-03-27T16:46:38.303+0000] {logging_mixin.py:190} INFO - [2025-03-27T16:46:38.303+0000] {dag.py:4180} INFO - Setting next_dagrun for dataset_alias_example_alias_consumer to None, run_after=None
[2025-03-27T16:46:38.309+0000] {logging_mixin.py:190} INFO - [2025-03-27T16:46:38.309+0000] {dag.py:4180} INFO - Setting next_dagrun for dataset_alias_example_alias_producer to None, run_after=None
[2025-03-27T16:46:38.313+0000] {logging_mixin.py:190} INFO - [2025-03-27T16:46:38.312+0000] {dag.py:4180} INFO - Setting next_dagrun for dataset_s3_bucket_consumer to None, run_after=None
[2025-03-27T16:46:38.316+0000] {logging_mixin.py:190} INFO - [2025-03-27T16:46:38.316+0000] {dag.py:4180} INFO - Setting next_dagrun for dataset_s3_bucket_producer to None, run_after=None
[2025-03-27T16:46:38.355+0000] {processor.py:208} INFO - Processing /home/airflow/.local/lib/python3.12/site-packages/airflow/example_dags/example_dataset_alias.py took 1.263 seconds
[2025-03-27T16:47:08.499+0000] {processor.py:186} INFO - Started process (PID=1881) to work on /home/airflow/.local/lib/python3.12/site-packages/airflow/example_dags/example_dataset_alias.py
[2025-03-27T16:47:08.502+0000] {processor.py:914} INFO - Processing file /home/airflow/.local/lib/python3.12/site-packages/airflow/example_dags/example_dataset_alias.py for tasks to queue
[2025-03-27T16:47:08.509+0000] {logging_mixin.py:190} INFO - [2025-03-27T16:47:08.507+0000] {dagbag.py:588} INFO - Filling up the DagBag from /home/airflow/.local/lib/python3.12/site-packages/airflow/example_dags/example_dataset_alias.py
[2025-03-27T16:47:09.245+0000] {processor.py:925} INFO - DAG(s) 'dataset_s3_bucket_consumer', 'dataset_alias_example_alias_producer', 'dataset_alias_example_alias_consumer', 'dataset_s3_bucket_producer' retrieved from /home/airflow/.local/lib/python3.12/site-packages/airflow/example_dags/example_dataset_alias.py
[2025-03-27T16:47:09.275+0000] {logging_mixin.py:190} INFO - [2025-03-27T16:47:09.274+0000] {dag.py:3239} INFO - Sync 4 DAGs
[2025-03-27T16:47:09.312+0000] {logging_mixin.py:190} INFO - [2025-03-27T16:47:09.311+0000] {dag.py:4180} INFO - Setting next_dagrun for dataset_alias_example_alias_consumer to None, run_after=None
[2025-03-27T16:47:09.324+0000] {logging_mixin.py:190} INFO - [2025-03-27T16:47:09.323+0000] {dag.py:4180} INFO - Setting next_dagrun for dataset_alias_example_alias_producer to None, run_after=None
[2025-03-27T16:47:09.328+0000] {logging_mixin.py:190} INFO - [2025-03-27T16:47:09.328+0000] {dag.py:4180} INFO - Setting next_dagrun for dataset_s3_bucket_consumer to None, run_after=None
[2025-03-27T16:47:09.331+0000] {logging_mixin.py:190} INFO - [2025-03-27T16:47:09.330+0000] {dag.py:4180} INFO - Setting next_dagrun for dataset_s3_bucket_producer to None, run_after=None
[2025-03-27T16:47:09.361+0000] {processor.py:208} INFO - Processing /home/airflow/.local/lib/python3.12/site-packages/airflow/example_dags/example_dataset_alias.py took 0.878 seconds
[2025-03-27T16:47:40.207+0000] {processor.py:186} INFO - Started process (PID=1949) to work on /home/airflow/.local/lib/python3.12/site-packages/airflow/example_dags/example_dataset_alias.py
[2025-03-27T16:47:40.209+0000] {processor.py:914} INFO - Processing file /home/airflow/.local/lib/python3.12/site-packages/airflow/example_dags/example_dataset_alias.py for tasks to queue
[2025-03-27T16:47:40.213+0000] {logging_mixin.py:190} INFO - [2025-03-27T16:47:40.212+0000] {dagbag.py:588} INFO - Filling up the DagBag from /home/airflow/.local/lib/python3.12/site-packages/airflow/example_dags/example_dataset_alias.py
[2025-03-27T16:47:40.959+0000] {processor.py:925} INFO - DAG(s) 'dataset_alias_example_alias_producer', 'dataset_s3_bucket_producer', 'dataset_s3_bucket_consumer', 'dataset_alias_example_alias_consumer' retrieved from /home/airflow/.local/lib/python3.12/site-packages/airflow/example_dags/example_dataset_alias.py
[2025-03-27T16:47:40.984+0000] {logging_mixin.py:190} INFO - [2025-03-27T16:47:40.984+0000] {dag.py:3239} INFO - Sync 4 DAGs
[2025-03-27T16:47:41.060+0000] {logging_mixin.py:190} INFO - [2025-03-27T16:47:41.059+0000] {dag.py:4180} INFO - Setting next_dagrun for dataset_alias_example_alias_consumer to None, run_after=None
[2025-03-27T16:47:41.062+0000] {logging_mixin.py:190} INFO - [2025-03-27T16:47:41.062+0000] {dag.py:4180} INFO - Setting next_dagrun for dataset_alias_example_alias_producer to None, run_after=None
[2025-03-27T16:47:41.064+0000] {logging_mixin.py:190} INFO - [2025-03-27T16:47:41.064+0000] {dag.py:4180} INFO - Setting next_dagrun for dataset_s3_bucket_consumer to None, run_after=None
[2025-03-27T16:47:41.067+0000] {logging_mixin.py:190} INFO - [2025-03-27T16:47:41.066+0000] {dag.py:4180} INFO - Setting next_dagrun for dataset_s3_bucket_producer to None, run_after=None
[2025-03-27T16:47:41.130+0000] {processor.py:208} INFO - Processing /home/airflow/.local/lib/python3.12/site-packages/airflow/example_dags/example_dataset_alias.py took 0.932 seconds
[2025-03-27T16:48:11.913+0000] {processor.py:186} INFO - Started process (PID=2015) to work on /home/airflow/.local/lib/python3.12/site-packages/airflow/example_dags/example_dataset_alias.py
[2025-03-27T16:48:11.915+0000] {processor.py:914} INFO - Processing file /home/airflow/.local/lib/python3.12/site-packages/airflow/example_dags/example_dataset_alias.py for tasks to queue
[2025-03-27T16:48:11.918+0000] {logging_mixin.py:190} INFO - [2025-03-27T16:48:11.918+0000] {dagbag.py:588} INFO - Filling up the DagBag from /home/airflow/.local/lib/python3.12/site-packages/airflow/example_dags/example_dataset_alias.py
[2025-03-27T16:48:12.629+0000] {processor.py:925} INFO - DAG(s) 'dataset_s3_bucket_producer', 'dataset_alias_example_alias_consumer', 'dataset_alias_example_alias_producer', 'dataset_s3_bucket_consumer' retrieved from /home/airflow/.local/lib/python3.12/site-packages/airflow/example_dags/example_dataset_alias.py
[2025-03-27T16:48:12.657+0000] {logging_mixin.py:190} INFO - [2025-03-27T16:48:12.656+0000] {dag.py:3239} INFO - Sync 4 DAGs
[2025-03-27T16:48:12.699+0000] {logging_mixin.py:190} INFO - [2025-03-27T16:48:12.698+0000] {dag.py:4180} INFO - Setting next_dagrun for dataset_alias_example_alias_consumer to None, run_after=None
[2025-03-27T16:48:12.703+0000] {logging_mixin.py:190} INFO - [2025-03-27T16:48:12.703+0000] {dag.py:4180} INFO - Setting next_dagrun for dataset_alias_example_alias_producer to None, run_after=None
[2025-03-27T16:48:12.706+0000] {logging_mixin.py:190} INFO - [2025-03-27T16:48:12.706+0000] {dag.py:4180} INFO - Setting next_dagrun for dataset_s3_bucket_consumer to None, run_after=None
[2025-03-27T16:48:12.709+0000] {logging_mixin.py:190} INFO - [2025-03-27T16:48:12.708+0000] {dag.py:4180} INFO - Setting next_dagrun for dataset_s3_bucket_producer to None, run_after=None
[2025-03-27T16:48:12.740+0000] {processor.py:208} INFO - Processing /home/airflow/.local/lib/python3.12/site-packages/airflow/example_dags/example_dataset_alias.py took 0.837 seconds
[2025-03-27T16:48:42.835+0000] {processor.py:186} INFO - Started process (PID=2080) to work on /home/airflow/.local/lib/python3.12/site-packages/airflow/example_dags/example_dataset_alias.py
[2025-03-27T16:48:42.836+0000] {processor.py:914} INFO - Processing file /home/airflow/.local/lib/python3.12/site-packages/airflow/example_dags/example_dataset_alias.py for tasks to queue
[2025-03-27T16:48:42.839+0000] {logging_mixin.py:190} INFO - [2025-03-27T16:48:42.839+0000] {dagbag.py:588} INFO - Filling up the DagBag from /home/airflow/.local/lib/python3.12/site-packages/airflow/example_dags/example_dataset_alias.py
[2025-03-27T16:48:43.649+0000] {processor.py:925} INFO - DAG(s) 'dataset_alias_example_alias_producer', 'dataset_s3_bucket_consumer', 'dataset_s3_bucket_producer', 'dataset_alias_example_alias_consumer' retrieved from /home/airflow/.local/lib/python3.12/site-packages/airflow/example_dags/example_dataset_alias.py
[2025-03-27T16:48:43.670+0000] {logging_mixin.py:190} INFO - [2025-03-27T16:48:43.670+0000] {dag.py:3239} INFO - Sync 4 DAGs
[2025-03-27T16:48:43.694+0000] {logging_mixin.py:190} INFO - [2025-03-27T16:48:43.693+0000] {dag.py:4180} INFO - Setting next_dagrun for dataset_alias_example_alias_consumer to None, run_after=None
[2025-03-27T16:48:43.697+0000] {logging_mixin.py:190} INFO - [2025-03-27T16:48:43.696+0000] {dag.py:4180} INFO - Setting next_dagrun for dataset_alias_example_alias_producer to None, run_after=None
[2025-03-27T16:48:43.698+0000] {logging_mixin.py:190} INFO - [2025-03-27T16:48:43.698+0000] {dag.py:4180} INFO - Setting next_dagrun for dataset_s3_bucket_consumer to None, run_after=None
[2025-03-27T16:48:43.700+0000] {logging_mixin.py:190} INFO - [2025-03-27T16:48:43.700+0000] {dag.py:4180} INFO - Setting next_dagrun for dataset_s3_bucket_producer to None, run_after=None
[2025-03-27T16:48:43.721+0000] {processor.py:208} INFO - Processing /home/airflow/.local/lib/python3.12/site-packages/airflow/example_dags/example_dataset_alias.py took 0.895 seconds
[2025-03-27T16:49:14.319+0000] {processor.py:186} INFO - Started process (PID=2145) to work on /home/airflow/.local/lib/python3.12/site-packages/airflow/example_dags/example_dataset_alias.py
[2025-03-27T16:49:14.321+0000] {processor.py:914} INFO - Processing file /home/airflow/.local/lib/python3.12/site-packages/airflow/example_dags/example_dataset_alias.py for tasks to queue
[2025-03-27T16:49:14.325+0000] {logging_mixin.py:190} INFO - [2025-03-27T16:49:14.324+0000] {dagbag.py:588} INFO - Filling up the DagBag from /home/airflow/.local/lib/python3.12/site-packages/airflow/example_dags/example_dataset_alias.py
[2025-03-27T16:49:15.132+0000] {processor.py:925} INFO - DAG(s) 'dataset_s3_bucket_consumer', 'dataset_alias_example_alias_producer', 'dataset_alias_example_alias_consumer', 'dataset_s3_bucket_producer' retrieved from /home/airflow/.local/lib/python3.12/site-packages/airflow/example_dags/example_dataset_alias.py
[2025-03-27T16:49:15.155+0000] {logging_mixin.py:190} INFO - [2025-03-27T16:49:15.154+0000] {dag.py:3239} INFO - Sync 4 DAGs
[2025-03-27T16:49:15.175+0000] {logging_mixin.py:190} INFO - [2025-03-27T16:49:15.175+0000] {dag.py:4180} INFO - Setting next_dagrun for dataset_alias_example_alias_consumer to None, run_after=None
[2025-03-27T16:49:15.178+0000] {logging_mixin.py:190} INFO - [2025-03-27T16:49:15.178+0000] {dag.py:4180} INFO - Setting next_dagrun for dataset_alias_example_alias_producer to None, run_after=None
[2025-03-27T16:49:15.180+0000] {logging_mixin.py:190} INFO - [2025-03-27T16:49:15.179+0000] {dag.py:4180} INFO - Setting next_dagrun for dataset_s3_bucket_consumer to None, run_after=None
[2025-03-27T16:49:15.181+0000] {logging_mixin.py:190} INFO - [2025-03-27T16:49:15.181+0000] {dag.py:4180} INFO - Setting next_dagrun for dataset_s3_bucket_producer to None, run_after=None
[2025-03-27T16:49:15.210+0000] {processor.py:208} INFO - Processing /home/airflow/.local/lib/python3.12/site-packages/airflow/example_dags/example_dataset_alias.py took 0.902 seconds
[2025-03-27T16:49:45.436+0000] {processor.py:186} INFO - Started process (PID=2210) to work on /home/airflow/.local/lib/python3.12/site-packages/airflow/example_dags/example_dataset_alias.py
[2025-03-27T16:49:45.451+0000] {processor.py:914} INFO - Processing file /home/airflow/.local/lib/python3.12/site-packages/airflow/example_dags/example_dataset_alias.py for tasks to queue
[2025-03-27T16:49:45.455+0000] {logging_mixin.py:190} INFO - [2025-03-27T16:49:45.455+0000] {dagbag.py:588} INFO - Filling up the DagBag from /home/airflow/.local/lib/python3.12/site-packages/airflow/example_dags/example_dataset_alias.py
[2025-03-27T16:49:46.195+0000] {processor.py:925} INFO - DAG(s) 'dataset_s3_bucket_producer', 'dataset_alias_example_alias_producer', 'dataset_alias_example_alias_consumer', 'dataset_s3_bucket_consumer' retrieved from /home/airflow/.local/lib/python3.12/site-packages/airflow/example_dags/example_dataset_alias.py
[2025-03-27T16:49:46.215+0000] {logging_mixin.py:190} INFO - [2025-03-27T16:49:46.215+0000] {dag.py:3239} INFO - Sync 4 DAGs
[2025-03-27T16:49:46.236+0000] {logging_mixin.py:190} INFO - [2025-03-27T16:49:46.236+0000] {dag.py:4180} INFO - Setting next_dagrun for dataset_alias_example_alias_consumer to None, run_after=None
[2025-03-27T16:49:46.240+0000] {logging_mixin.py:190} INFO - [2025-03-27T16:49:46.240+0000] {dag.py:4180} INFO - Setting next_dagrun for dataset_alias_example_alias_producer to None, run_after=None
[2025-03-27T16:49:46.243+0000] {logging_mixin.py:190} INFO - [2025-03-27T16:49:46.242+0000] {dag.py:4180} INFO - Setting next_dagrun for dataset_s3_bucket_consumer to None, run_after=None
[2025-03-27T16:49:46.244+0000] {logging_mixin.py:190} INFO - [2025-03-27T16:49:46.244+0000] {dag.py:4180} INFO - Setting next_dagrun for dataset_s3_bucket_producer to None, run_after=None
[2025-03-27T16:49:46.265+0000] {processor.py:208} INFO - Processing /home/airflow/.local/lib/python3.12/site-packages/airflow/example_dags/example_dataset_alias.py took 0.837 seconds
[2025-03-27T16:50:17.055+0000] {processor.py:186} INFO - Started process (PID=2278) to work on /home/airflow/.local/lib/python3.12/site-packages/airflow/example_dags/example_dataset_alias.py
[2025-03-27T16:50:17.058+0000] {processor.py:914} INFO - Processing file /home/airflow/.local/lib/python3.12/site-packages/airflow/example_dags/example_dataset_alias.py for tasks to queue
[2025-03-27T16:50:17.066+0000] {logging_mixin.py:190} INFO - [2025-03-27T16:50:17.065+0000] {dagbag.py:588} INFO - Filling up the DagBag from /home/airflow/.local/lib/python3.12/site-packages/airflow/example_dags/example_dataset_alias.py
[2025-03-27T16:50:17.902+0000] {processor.py:925} INFO - DAG(s) 'dataset_alias_example_alias_producer', 'dataset_s3_bucket_consumer', 'dataset_s3_bucket_producer', 'dataset_alias_example_alias_consumer' retrieved from /home/airflow/.local/lib/python3.12/site-packages/airflow/example_dags/example_dataset_alias.py
[2025-03-27T16:50:17.938+0000] {logging_mixin.py:190} INFO - [2025-03-27T16:50:17.937+0000] {dag.py:3239} INFO - Sync 4 DAGs
[2025-03-27T16:50:17.965+0000] {logging_mixin.py:190} INFO - [2025-03-27T16:50:17.965+0000] {dag.py:4180} INFO - Setting next_dagrun for dataset_alias_example_alias_consumer to None, run_after=None
[2025-03-27T16:50:17.971+0000] {logging_mixin.py:190} INFO - [2025-03-27T16:50:17.970+0000] {dag.py:4180} INFO - Setting next_dagrun for dataset_alias_example_alias_producer to None, run_after=None
[2025-03-27T16:50:17.975+0000] {logging_mixin.py:190} INFO - [2025-03-27T16:50:17.975+0000] {dag.py:4180} INFO - Setting next_dagrun for dataset_s3_bucket_consumer to None, run_after=None
[2025-03-27T16:50:17.984+0000] {logging_mixin.py:190} INFO - [2025-03-27T16:50:17.983+0000] {dag.py:4180} INFO - Setting next_dagrun for dataset_s3_bucket_producer to None, run_after=None
[2025-03-27T16:50:18.019+0000] {processor.py:208} INFO - Processing /home/airflow/.local/lib/python3.12/site-packages/airflow/example_dags/example_dataset_alias.py took 0.973 seconds
[2025-03-27T16:50:48.980+0000] {processor.py:186} INFO - Started process (PID=2344) to work on /home/airflow/.local/lib/python3.12/site-packages/airflow/example_dags/example_dataset_alias.py
[2025-03-27T16:50:48.984+0000] {processor.py:914} INFO - Processing file /home/airflow/.local/lib/python3.12/site-packages/airflow/example_dags/example_dataset_alias.py for tasks to queue
[2025-03-27T16:50:48.994+0000] {logging_mixin.py:190} INFO - [2025-03-27T16:50:48.993+0000] {dagbag.py:588} INFO - Filling up the DagBag from /home/airflow/.local/lib/python3.12/site-packages/airflow/example_dags/example_dataset_alias.py
[2025-03-27T16:50:50.343+0000] {processor.py:925} INFO - DAG(s) 'dataset_alias_example_alias_consumer', 'dataset_alias_example_alias_producer', 'dataset_s3_bucket_consumer', 'dataset_s3_bucket_producer' retrieved from /home/airflow/.local/lib/python3.12/site-packages/airflow/example_dags/example_dataset_alias.py
[2025-03-27T16:50:50.378+0000] {logging_mixin.py:190} INFO - [2025-03-27T16:50:50.377+0000] {dag.py:3239} INFO - Sync 4 DAGs
[2025-03-27T16:50:50.409+0000] {logging_mixin.py:190} INFO - [2025-03-27T16:50:50.408+0000] {dag.py:4180} INFO - Setting next_dagrun for dataset_alias_example_alias_consumer to None, run_after=None
[2025-03-27T16:50:50.412+0000] {logging_mixin.py:190} INFO - [2025-03-27T16:50:50.412+0000] {dag.py:4180} INFO - Setting next_dagrun for dataset_alias_example_alias_producer to None, run_after=None
[2025-03-27T16:50:50.416+0000] {logging_mixin.py:190} INFO - [2025-03-27T16:50:50.415+0000] {dag.py:4180} INFO - Setting next_dagrun for dataset_s3_bucket_consumer to None, run_after=None
[2025-03-27T16:50:50.420+0000] {logging_mixin.py:190} INFO - [2025-03-27T16:50:50.419+0000] {dag.py:4180} INFO - Setting next_dagrun for dataset_s3_bucket_producer to None, run_after=None
[2025-03-27T16:50:50.454+0000] {processor.py:208} INFO - Processing /home/airflow/.local/lib/python3.12/site-packages/airflow/example_dags/example_dataset_alias.py took 1.483 seconds
[2025-03-27T16:51:21.163+0000] {processor.py:186} INFO - Started process (PID=2409) to work on /home/airflow/.local/lib/python3.12/site-packages/airflow/example_dags/example_dataset_alias.py
[2025-03-27T16:51:21.164+0000] {processor.py:914} INFO - Processing file /home/airflow/.local/lib/python3.12/site-packages/airflow/example_dags/example_dataset_alias.py for tasks to queue
[2025-03-27T16:51:21.167+0000] {logging_mixin.py:190} INFO - [2025-03-27T16:51:21.167+0000] {dagbag.py:588} INFO - Filling up the DagBag from /home/airflow/.local/lib/python3.12/site-packages/airflow/example_dags/example_dataset_alias.py
[2025-03-27T16:51:21.929+0000] {processor.py:925} INFO - DAG(s) 'dataset_alias_example_alias_producer', 'dataset_alias_example_alias_consumer', 'dataset_s3_bucket_producer', 'dataset_s3_bucket_consumer' retrieved from /home/airflow/.local/lib/python3.12/site-packages/airflow/example_dags/example_dataset_alias.py
[2025-03-27T16:51:21.953+0000] {logging_mixin.py:190} INFO - [2025-03-27T16:51:21.953+0000] {dag.py:3239} INFO - Sync 4 DAGs
[2025-03-27T16:51:21.979+0000] {logging_mixin.py:190} INFO - [2025-03-27T16:51:21.978+0000] {dag.py:4180} INFO - Setting next_dagrun for dataset_alias_example_alias_consumer to None, run_after=None
[2025-03-27T16:51:21.982+0000] {logging_mixin.py:190} INFO - [2025-03-27T16:51:21.982+0000] {dag.py:4180} INFO - Setting next_dagrun for dataset_alias_example_alias_producer to None, run_after=None
[2025-03-27T16:51:21.985+0000] {logging_mixin.py:190} INFO - [2025-03-27T16:51:21.984+0000] {dag.py:4180} INFO - Setting next_dagrun for dataset_s3_bucket_consumer to None, run_after=None
[2025-03-27T16:51:21.987+0000] {logging_mixin.py:190} INFO - [2025-03-27T16:51:21.986+0000] {dag.py:4180} INFO - Setting next_dagrun for dataset_s3_bucket_producer to None, run_after=None
[2025-03-27T16:51:22.008+0000] {processor.py:208} INFO - Processing /home/airflow/.local/lib/python3.12/site-packages/airflow/example_dags/example_dataset_alias.py took 0.855 seconds
[2025-03-27T16:52:58.665+0000] {processor.py:186} INFO - Started process (PID=77) to work on /home/airflow/.local/lib/python3.12/site-packages/airflow/example_dags/example_dataset_alias.py
[2025-03-27T16:52:58.667+0000] {processor.py:914} INFO - Processing file /home/airflow/.local/lib/python3.12/site-packages/airflow/example_dags/example_dataset_alias.py for tasks to queue
[2025-03-27T16:52:58.671+0000] {logging_mixin.py:190} INFO - [2025-03-27T16:52:58.670+0000] {dagbag.py:588} INFO - Filling up the DagBag from /home/airflow/.local/lib/python3.12/site-packages/airflow/example_dags/example_dataset_alias.py
[2025-03-27T16:53:00.290+0000] {processor.py:925} INFO - DAG(s) 'dataset_s3_bucket_consumer', 'dataset_alias_example_alias_producer', 'dataset_alias_example_alias_consumer', 'dataset_s3_bucket_producer' retrieved from /home/airflow/.local/lib/python3.12/site-packages/airflow/example_dags/example_dataset_alias.py
[2025-03-27T16:53:00.325+0000] {logging_mixin.py:190} INFO - [2025-03-27T16:53:00.324+0000] {dag.py:3239} INFO - Sync 4 DAGs
[2025-03-27T16:53:00.359+0000] {logging_mixin.py:190} INFO - [2025-03-27T16:53:00.359+0000] {dag.py:4180} INFO - Setting next_dagrun for dataset_alias_example_alias_consumer to None, run_after=None
[2025-03-27T16:53:00.364+0000] {logging_mixin.py:190} INFO - [2025-03-27T16:53:00.364+0000] {dag.py:4180} INFO - Setting next_dagrun for dataset_alias_example_alias_producer to None, run_after=None
[2025-03-27T16:53:00.367+0000] {logging_mixin.py:190} INFO - [2025-03-27T16:53:00.367+0000] {dag.py:4180} INFO - Setting next_dagrun for dataset_s3_bucket_consumer to None, run_after=None
[2025-03-27T16:53:00.368+0000] {logging_mixin.py:190} INFO - [2025-03-27T16:53:00.368+0000] {dag.py:4180} INFO - Setting next_dagrun for dataset_s3_bucket_producer to None, run_after=None
[2025-03-27T16:53:00.407+0000] {processor.py:208} INFO - Processing /home/airflow/.local/lib/python3.12/site-packages/airflow/example_dags/example_dataset_alias.py took 1.757 seconds
