[2025-03-27T16:33:08.042+0000] {processor.py:186} INFO - Started process (PID=109) to work on /home/airflow/.local/lib/python3.12/site-packages/airflow/example_dags/example_external_task_marker_dag.py
[2025-03-27T16:33:08.044+0000] {processor.py:914} INFO - Processing file /home/airflow/.local/lib/python3.12/site-packages/airflow/example_dags/example_external_task_marker_dag.py for tasks to queue
[2025-03-27T16:33:08.051+0000] {logging_mixin.py:190} INFO - [2025-03-27T16:33:08.050+0000] {dagbag.py:588} INFO - Filling up the DagBag from /home/airflow/.local/lib/python3.12/site-packages/airflow/example_dags/example_external_task_marker_dag.py
[2025-03-27T16:33:08.063+0000] {processor.py:925} INFO - DAG(s) 'example_external_task_marker_parent', 'example_external_task_marker_child' retrieved from /home/airflow/.local/lib/python3.12/site-packages/airflow/example_dags/example_external_task_marker_dag.py
[2025-03-27T16:33:08.209+0000] {logging_mixin.py:190} INFO - [2025-03-27T16:33:08.208+0000] {override.py:1912} INFO - Created Permission View: can read on DAG:example_external_task_marker_parent
[2025-03-27T16:33:08.230+0000] {logging_mixin.py:190} INFO - [2025-03-27T16:33:08.230+0000] {override.py:1912} INFO - Created Permission View: can delete on DAG:example_external_task_marker_parent
[2025-03-27T16:33:08.240+0000] {logging_mixin.py:190} INFO - [2025-03-27T16:33:08.240+0000] {override.py:1912} INFO - Created Permission View: can edit on DAG:example_external_task_marker_parent
[2025-03-27T16:33:08.251+0000] {logging_mixin.py:190} INFO - [2025-03-27T16:33:08.251+0000] {override.py:1912} INFO - Created Permission View: can read on DAG Run:example_external_task_marker_parent
[2025-03-27T16:33:08.261+0000] {logging_mixin.py:190} INFO - [2025-03-27T16:33:08.261+0000] {override.py:1912} INFO - Created Permission View: menu access on DAG Run:example_external_task_marker_parent
[2025-03-27T16:33:08.272+0000] {logging_mixin.py:190} INFO - [2025-03-27T16:33:08.272+0000] {override.py:1912} INFO - Created Permission View: can create on DAG Run:example_external_task_marker_parent
[2025-03-27T16:33:08.281+0000] {logging_mixin.py:190} INFO - [2025-03-27T16:33:08.281+0000] {override.py:1912} INFO - Created Permission View: can delete on DAG Run:example_external_task_marker_parent
[2025-03-27T16:33:08.302+0000] {logging_mixin.py:190} INFO - [2025-03-27T16:33:08.301+0000] {override.py:1912} INFO - Created Permission View: can read on DAG:example_external_task_marker_child
[2025-03-27T16:33:08.310+0000] {logging_mixin.py:190} INFO - [2025-03-27T16:33:08.310+0000] {override.py:1912} INFO - Created Permission View: can delete on DAG:example_external_task_marker_child
[2025-03-27T16:33:08.323+0000] {logging_mixin.py:190} INFO - [2025-03-27T16:33:08.323+0000] {override.py:1912} INFO - Created Permission View: can edit on DAG:example_external_task_marker_child
[2025-03-27T16:33:08.334+0000] {logging_mixin.py:190} INFO - [2025-03-27T16:33:08.334+0000] {override.py:1912} INFO - Created Permission View: can read on DAG Run:example_external_task_marker_child
[2025-03-27T16:33:08.342+0000] {logging_mixin.py:190} INFO - [2025-03-27T16:33:08.342+0000] {override.py:1912} INFO - Created Permission View: menu access on DAG Run:example_external_task_marker_child
[2025-03-27T16:33:08.351+0000] {logging_mixin.py:190} INFO - [2025-03-27T16:33:08.350+0000] {override.py:1912} INFO - Created Permission View: can create on DAG Run:example_external_task_marker_child
[2025-03-27T16:33:08.362+0000] {logging_mixin.py:190} INFO - [2025-03-27T16:33:08.361+0000] {override.py:1912} INFO - Created Permission View: can delete on DAG Run:example_external_task_marker_child
[2025-03-27T16:33:08.363+0000] {logging_mixin.py:190} INFO - [2025-03-27T16:33:08.362+0000] {dag.py:3239} INFO - Sync 2 DAGs
[2025-03-27T16:33:08.376+0000] {logging_mixin.py:190} INFO - [2025-03-27T16:33:08.375+0000] {dag.py:3262} INFO - Creating ORM DAG for example_external_task_marker_child
[2025-03-27T16:33:08.377+0000] {logging_mixin.py:190} INFO - [2025-03-27T16:33:08.377+0000] {dag.py:3262} INFO - Creating ORM DAG for example_external_task_marker_parent
[2025-03-27T16:33:08.378+0000] {logging_mixin.py:190} INFO - [2025-03-27T16:33:08.378+0000] {dag.py:4180} INFO - Setting next_dagrun for example_external_task_marker_child to None, run_after=None
[2025-03-27T16:33:08.379+0000] {logging_mixin.py:190} INFO - [2025-03-27T16:33:08.379+0000] {dag.py:4180} INFO - Setting next_dagrun for example_external_task_marker_parent to None, run_after=None
[2025-03-27T16:33:08.428+0000] {processor.py:208} INFO - Processing /home/airflow/.local/lib/python3.12/site-packages/airflow/example_dags/example_external_task_marker_dag.py took 0.395 seconds
[2025-03-27T16:33:38.586+0000] {processor.py:186} INFO - Started process (PID=171) to work on /home/airflow/.local/lib/python3.12/site-packages/airflow/example_dags/example_external_task_marker_dag.py
[2025-03-27T16:33:38.589+0000] {processor.py:914} INFO - Processing file /home/airflow/.local/lib/python3.12/site-packages/airflow/example_dags/example_external_task_marker_dag.py for tasks to queue
[2025-03-27T16:33:38.593+0000] {logging_mixin.py:190} INFO - [2025-03-27T16:33:38.592+0000] {dagbag.py:588} INFO - Filling up the DagBag from /home/airflow/.local/lib/python3.12/site-packages/airflow/example_dags/example_external_task_marker_dag.py
[2025-03-27T16:33:38.615+0000] {processor.py:925} INFO - DAG(s) 'example_external_task_marker_parent', 'example_external_task_marker_child' retrieved from /home/airflow/.local/lib/python3.12/site-packages/airflow/example_dags/example_external_task_marker_dag.py
[2025-03-27T16:33:38.650+0000] {logging_mixin.py:190} INFO - [2025-03-27T16:33:38.649+0000] {dag.py:3239} INFO - Sync 2 DAGs
[2025-03-27T16:33:38.688+0000] {logging_mixin.py:190} INFO - [2025-03-27T16:33:38.688+0000] {dag.py:4180} INFO - Setting next_dagrun for example_external_task_marker_child to None, run_after=None
[2025-03-27T16:33:38.696+0000] {logging_mixin.py:190} INFO - [2025-03-27T16:33:38.696+0000] {dag.py:4180} INFO - Setting next_dagrun for example_external_task_marker_parent to None, run_after=None
[2025-03-27T16:33:38.720+0000] {processor.py:208} INFO - Processing /home/airflow/.local/lib/python3.12/site-packages/airflow/example_dags/example_external_task_marker_dag.py took 0.171 seconds
[2025-03-27T16:34:09.396+0000] {processor.py:186} INFO - Started process (PID=234) to work on /home/airflow/.local/lib/python3.12/site-packages/airflow/example_dags/example_external_task_marker_dag.py
[2025-03-27T16:34:09.399+0000] {processor.py:914} INFO - Processing file /home/airflow/.local/lib/python3.12/site-packages/airflow/example_dags/example_external_task_marker_dag.py for tasks to queue
[2025-03-27T16:34:09.404+0000] {logging_mixin.py:190} INFO - [2025-03-27T16:34:09.403+0000] {dagbag.py:588} INFO - Filling up the DagBag from /home/airflow/.local/lib/python3.12/site-packages/airflow/example_dags/example_external_task_marker_dag.py
[2025-03-27T16:34:09.416+0000] {processor.py:925} INFO - DAG(s) 'example_external_task_marker_parent', 'example_external_task_marker_child' retrieved from /home/airflow/.local/lib/python3.12/site-packages/airflow/example_dags/example_external_task_marker_dag.py
[2025-03-27T16:34:09.451+0000] {logging_mixin.py:190} INFO - [2025-03-27T16:34:09.450+0000] {dag.py:3239} INFO - Sync 2 DAGs
[2025-03-27T16:34:09.472+0000] {logging_mixin.py:190} INFO - [2025-03-27T16:34:09.472+0000] {dag.py:4180} INFO - Setting next_dagrun for example_external_task_marker_child to None, run_after=None
[2025-03-27T16:34:09.477+0000] {logging_mixin.py:190} INFO - [2025-03-27T16:34:09.477+0000] {dag.py:4180} INFO - Setting next_dagrun for example_external_task_marker_parent to None, run_after=None
[2025-03-27T16:34:09.509+0000] {processor.py:208} INFO - Processing /home/airflow/.local/lib/python3.12/site-packages/airflow/example_dags/example_external_task_marker_dag.py took 0.123 seconds
[2025-03-27T16:34:40.074+0000] {processor.py:186} INFO - Started process (PID=297) to work on /home/airflow/.local/lib/python3.12/site-packages/airflow/example_dags/example_external_task_marker_dag.py
[2025-03-27T16:34:40.076+0000] {processor.py:914} INFO - Processing file /home/airflow/.local/lib/python3.12/site-packages/airflow/example_dags/example_external_task_marker_dag.py for tasks to queue
[2025-03-27T16:34:40.079+0000] {logging_mixin.py:190} INFO - [2025-03-27T16:34:40.079+0000] {dagbag.py:588} INFO - Filling up the DagBag from /home/airflow/.local/lib/python3.12/site-packages/airflow/example_dags/example_external_task_marker_dag.py
[2025-03-27T16:34:40.092+0000] {processor.py:925} INFO - DAG(s) 'example_external_task_marker_child', 'example_external_task_marker_parent' retrieved from /home/airflow/.local/lib/python3.12/site-packages/airflow/example_dags/example_external_task_marker_dag.py
[2025-03-27T16:34:40.131+0000] {logging_mixin.py:190} INFO - [2025-03-27T16:34:40.131+0000] {dag.py:3239} INFO - Sync 2 DAGs
[2025-03-27T16:34:40.156+0000] {logging_mixin.py:190} INFO - [2025-03-27T16:34:40.156+0000] {dag.py:4180} INFO - Setting next_dagrun for example_external_task_marker_child to None, run_after=None
[2025-03-27T16:34:40.162+0000] {logging_mixin.py:190} INFO - [2025-03-27T16:34:40.162+0000] {dag.py:4180} INFO - Setting next_dagrun for example_external_task_marker_parent to None, run_after=None
[2025-03-27T16:34:40.246+0000] {processor.py:208} INFO - Processing /home/airflow/.local/lib/python3.12/site-packages/airflow/example_dags/example_external_task_marker_dag.py took 0.184 seconds
[2025-03-27T16:35:11.057+0000] {processor.py:186} INFO - Started process (PID=360) to work on /home/airflow/.local/lib/python3.12/site-packages/airflow/example_dags/example_external_task_marker_dag.py
[2025-03-27T16:35:11.059+0000] {processor.py:914} INFO - Processing file /home/airflow/.local/lib/python3.12/site-packages/airflow/example_dags/example_external_task_marker_dag.py for tasks to queue
[2025-03-27T16:35:11.063+0000] {logging_mixin.py:190} INFO - [2025-03-27T16:35:11.063+0000] {dagbag.py:588} INFO - Filling up the DagBag from /home/airflow/.local/lib/python3.12/site-packages/airflow/example_dags/example_external_task_marker_dag.py
[2025-03-27T16:35:11.077+0000] {processor.py:925} INFO - DAG(s) 'example_external_task_marker_parent', 'example_external_task_marker_child' retrieved from /home/airflow/.local/lib/python3.12/site-packages/airflow/example_dags/example_external_task_marker_dag.py
[2025-03-27T16:35:11.116+0000] {logging_mixin.py:190} INFO - [2025-03-27T16:35:11.116+0000] {dag.py:3239} INFO - Sync 2 DAGs
[2025-03-27T16:35:11.132+0000] {logging_mixin.py:190} INFO - [2025-03-27T16:35:11.132+0000] {dag.py:4180} INFO - Setting next_dagrun for example_external_task_marker_child to None, run_after=None
[2025-03-27T16:35:11.138+0000] {logging_mixin.py:190} INFO - [2025-03-27T16:35:11.137+0000] {dag.py:4180} INFO - Setting next_dagrun for example_external_task_marker_parent to None, run_after=None
[2025-03-27T16:35:11.163+0000] {processor.py:208} INFO - Processing /home/airflow/.local/lib/python3.12/site-packages/airflow/example_dags/example_external_task_marker_dag.py took 0.115 seconds
[2025-03-27T16:35:42.491+0000] {processor.py:186} INFO - Started process (PID=424) to work on /home/airflow/.local/lib/python3.12/site-packages/airflow/example_dags/example_external_task_marker_dag.py
[2025-03-27T16:35:42.493+0000] {processor.py:914} INFO - Processing file /home/airflow/.local/lib/python3.12/site-packages/airflow/example_dags/example_external_task_marker_dag.py for tasks to queue
[2025-03-27T16:35:42.499+0000] {logging_mixin.py:190} INFO - [2025-03-27T16:35:42.498+0000] {dagbag.py:588} INFO - Filling up the DagBag from /home/airflow/.local/lib/python3.12/site-packages/airflow/example_dags/example_external_task_marker_dag.py
[2025-03-27T16:35:42.509+0000] {processor.py:925} INFO - DAG(s) 'example_external_task_marker_parent', 'example_external_task_marker_child' retrieved from /home/airflow/.local/lib/python3.12/site-packages/airflow/example_dags/example_external_task_marker_dag.py
[2025-03-27T16:35:42.537+0000] {logging_mixin.py:190} INFO - [2025-03-27T16:35:42.537+0000] {dag.py:3239} INFO - Sync 2 DAGs
[2025-03-27T16:35:42.555+0000] {logging_mixin.py:190} INFO - [2025-03-27T16:35:42.555+0000] {dag.py:4180} INFO - Setting next_dagrun for example_external_task_marker_child to None, run_after=None
[2025-03-27T16:35:42.559+0000] {logging_mixin.py:190} INFO - [2025-03-27T16:35:42.559+0000] {dag.py:4180} INFO - Setting next_dagrun for example_external_task_marker_parent to None, run_after=None
[2025-03-27T16:35:42.578+0000] {processor.py:208} INFO - Processing /home/airflow/.local/lib/python3.12/site-packages/airflow/example_dags/example_external_task_marker_dag.py took 0.094 seconds
[2025-03-27T16:36:13.196+0000] {processor.py:186} INFO - Started process (PID=487) to work on /home/airflow/.local/lib/python3.12/site-packages/airflow/example_dags/example_external_task_marker_dag.py
[2025-03-27T16:36:13.199+0000] {processor.py:914} INFO - Processing file /home/airflow/.local/lib/python3.12/site-packages/airflow/example_dags/example_external_task_marker_dag.py for tasks to queue
[2025-03-27T16:36:13.204+0000] {logging_mixin.py:190} INFO - [2025-03-27T16:36:13.203+0000] {dagbag.py:588} INFO - Filling up the DagBag from /home/airflow/.local/lib/python3.12/site-packages/airflow/example_dags/example_external_task_marker_dag.py
[2025-03-27T16:36:13.217+0000] {processor.py:925} INFO - DAG(s) 'example_external_task_marker_child', 'example_external_task_marker_parent' retrieved from /home/airflow/.local/lib/python3.12/site-packages/airflow/example_dags/example_external_task_marker_dag.py
[2025-03-27T16:36:13.247+0000] {logging_mixin.py:190} INFO - [2025-03-27T16:36:13.247+0000] {dag.py:3239} INFO - Sync 2 DAGs
[2025-03-27T16:36:13.266+0000] {logging_mixin.py:190} INFO - [2025-03-27T16:36:13.265+0000] {dag.py:4180} INFO - Setting next_dagrun for example_external_task_marker_child to None, run_after=None
[2025-03-27T16:36:13.272+0000] {logging_mixin.py:190} INFO - [2025-03-27T16:36:13.272+0000] {dag.py:4180} INFO - Setting next_dagrun for example_external_task_marker_parent to None, run_after=None
[2025-03-27T16:36:13.296+0000] {processor.py:208} INFO - Processing /home/airflow/.local/lib/python3.12/site-packages/airflow/example_dags/example_external_task_marker_dag.py took 0.110 seconds
[2025-03-27T16:36:43.937+0000] {processor.py:186} INFO - Started process (PID=550) to work on /home/airflow/.local/lib/python3.12/site-packages/airflow/example_dags/example_external_task_marker_dag.py
[2025-03-27T16:36:43.940+0000] {processor.py:914} INFO - Processing file /home/airflow/.local/lib/python3.12/site-packages/airflow/example_dags/example_external_task_marker_dag.py for tasks to queue
[2025-03-27T16:36:43.946+0000] {logging_mixin.py:190} INFO - [2025-03-27T16:36:43.944+0000] {dagbag.py:588} INFO - Filling up the DagBag from /home/airflow/.local/lib/python3.12/site-packages/airflow/example_dags/example_external_task_marker_dag.py
[2025-03-27T16:36:43.966+0000] {processor.py:925} INFO - DAG(s) 'example_external_task_marker_child', 'example_external_task_marker_parent' retrieved from /home/airflow/.local/lib/python3.12/site-packages/airflow/example_dags/example_external_task_marker_dag.py
[2025-03-27T16:36:44.018+0000] {logging_mixin.py:190} INFO - [2025-03-27T16:36:44.017+0000] {dag.py:3239} INFO - Sync 2 DAGs
[2025-03-27T16:36:44.044+0000] {logging_mixin.py:190} INFO - [2025-03-27T16:36:44.043+0000] {dag.py:4180} INFO - Setting next_dagrun for example_external_task_marker_child to None, run_after=None
[2025-03-27T16:36:44.049+0000] {logging_mixin.py:190} INFO - [2025-03-27T16:36:44.049+0000] {dag.py:4180} INFO - Setting next_dagrun for example_external_task_marker_parent to None, run_after=None
[2025-03-27T16:36:44.070+0000] {processor.py:208} INFO - Processing /home/airflow/.local/lib/python3.12/site-packages/airflow/example_dags/example_external_task_marker_dag.py took 0.145 seconds
[2025-03-27T16:37:14.239+0000] {processor.py:186} INFO - Started process (PID=612) to work on /home/airflow/.local/lib/python3.12/site-packages/airflow/example_dags/example_external_task_marker_dag.py
[2025-03-27T16:37:14.241+0000] {processor.py:914} INFO - Processing file /home/airflow/.local/lib/python3.12/site-packages/airflow/example_dags/example_external_task_marker_dag.py for tasks to queue
[2025-03-27T16:37:14.244+0000] {logging_mixin.py:190} INFO - [2025-03-27T16:37:14.243+0000] {dagbag.py:588} INFO - Filling up the DagBag from /home/airflow/.local/lib/python3.12/site-packages/airflow/example_dags/example_external_task_marker_dag.py
[2025-03-27T16:37:14.256+0000] {processor.py:925} INFO - DAG(s) 'example_external_task_marker_parent', 'example_external_task_marker_child' retrieved from /home/airflow/.local/lib/python3.12/site-packages/airflow/example_dags/example_external_task_marker_dag.py
[2025-03-27T16:37:14.285+0000] {logging_mixin.py:190} INFO - [2025-03-27T16:37:14.285+0000] {dag.py:3239} INFO - Sync 2 DAGs
[2025-03-27T16:37:14.304+0000] {logging_mixin.py:190} INFO - [2025-03-27T16:37:14.304+0000] {dag.py:4180} INFO - Setting next_dagrun for example_external_task_marker_child to None, run_after=None
[2025-03-27T16:37:14.311+0000] {logging_mixin.py:190} INFO - [2025-03-27T16:37:14.310+0000] {dag.py:4180} INFO - Setting next_dagrun for example_external_task_marker_parent to None, run_after=None
[2025-03-27T16:37:14.336+0000] {processor.py:208} INFO - Processing /home/airflow/.local/lib/python3.12/site-packages/airflow/example_dags/example_external_task_marker_dag.py took 0.105 seconds
[2025-03-27T16:37:44.804+0000] {processor.py:186} INFO - Started process (PID=675) to work on /home/airflow/.local/lib/python3.12/site-packages/airflow/example_dags/example_external_task_marker_dag.py
[2025-03-27T16:37:44.807+0000] {processor.py:914} INFO - Processing file /home/airflow/.local/lib/python3.12/site-packages/airflow/example_dags/example_external_task_marker_dag.py for tasks to queue
[2025-03-27T16:37:44.809+0000] {logging_mixin.py:190} INFO - [2025-03-27T16:37:44.809+0000] {dagbag.py:588} INFO - Filling up the DagBag from /home/airflow/.local/lib/python3.12/site-packages/airflow/example_dags/example_external_task_marker_dag.py
[2025-03-27T16:37:44.821+0000] {processor.py:925} INFO - DAG(s) 'example_external_task_marker_parent', 'example_external_task_marker_child' retrieved from /home/airflow/.local/lib/python3.12/site-packages/airflow/example_dags/example_external_task_marker_dag.py
[2025-03-27T16:37:44.871+0000] {logging_mixin.py:190} INFO - [2025-03-27T16:37:44.871+0000] {dag.py:3239} INFO - Sync 2 DAGs
[2025-03-27T16:37:44.902+0000] {logging_mixin.py:190} INFO - [2025-03-27T16:37:44.901+0000] {dag.py:4180} INFO - Setting next_dagrun for example_external_task_marker_child to None, run_after=None
[2025-03-27T16:37:44.909+0000] {logging_mixin.py:190} INFO - [2025-03-27T16:37:44.909+0000] {dag.py:4180} INFO - Setting next_dagrun for example_external_task_marker_parent to None, run_after=None
[2025-03-27T16:37:44.947+0000] {processor.py:208} INFO - Processing /home/airflow/.local/lib/python3.12/site-packages/airflow/example_dags/example_external_task_marker_dag.py took 0.152 seconds
[2025-03-27T16:38:15.603+0000] {processor.py:186} INFO - Started process (PID=739) to work on /home/airflow/.local/lib/python3.12/site-packages/airflow/example_dags/example_external_task_marker_dag.py
[2025-03-27T16:38:15.605+0000] {processor.py:914} INFO - Processing file /home/airflow/.local/lib/python3.12/site-packages/airflow/example_dags/example_external_task_marker_dag.py for tasks to queue
[2025-03-27T16:38:15.608+0000] {logging_mixin.py:190} INFO - [2025-03-27T16:38:15.608+0000] {dagbag.py:588} INFO - Filling up the DagBag from /home/airflow/.local/lib/python3.12/site-packages/airflow/example_dags/example_external_task_marker_dag.py
[2025-03-27T16:38:15.618+0000] {processor.py:925} INFO - DAG(s) 'example_external_task_marker_parent', 'example_external_task_marker_child' retrieved from /home/airflow/.local/lib/python3.12/site-packages/airflow/example_dags/example_external_task_marker_dag.py
[2025-03-27T16:38:15.647+0000] {logging_mixin.py:190} INFO - [2025-03-27T16:38:15.647+0000] {dag.py:3239} INFO - Sync 2 DAGs
[2025-03-27T16:38:15.668+0000] {logging_mixin.py:190} INFO - [2025-03-27T16:38:15.668+0000] {dag.py:4180} INFO - Setting next_dagrun for example_external_task_marker_child to None, run_after=None
[2025-03-27T16:38:15.674+0000] {logging_mixin.py:190} INFO - [2025-03-27T16:38:15.673+0000] {dag.py:4180} INFO - Setting next_dagrun for example_external_task_marker_parent to None, run_after=None
[2025-03-27T16:38:15.738+0000] {processor.py:208} INFO - Processing /home/airflow/.local/lib/python3.12/site-packages/airflow/example_dags/example_external_task_marker_dag.py took 0.145 seconds
[2025-03-27T16:38:46.807+0000] {processor.py:186} INFO - Started process (PID=806) to work on /home/airflow/.local/lib/python3.12/site-packages/airflow/example_dags/example_external_task_marker_dag.py
[2025-03-27T16:38:46.809+0000] {processor.py:914} INFO - Processing file /home/airflow/.local/lib/python3.12/site-packages/airflow/example_dags/example_external_task_marker_dag.py for tasks to queue
[2025-03-27T16:38:46.813+0000] {logging_mixin.py:190} INFO - [2025-03-27T16:38:46.812+0000] {dagbag.py:588} INFO - Filling up the DagBag from /home/airflow/.local/lib/python3.12/site-packages/airflow/example_dags/example_external_task_marker_dag.py
[2025-03-27T16:38:46.826+0000] {processor.py:925} INFO - DAG(s) 'example_external_task_marker_parent', 'example_external_task_marker_child' retrieved from /home/airflow/.local/lib/python3.12/site-packages/airflow/example_dags/example_external_task_marker_dag.py
[2025-03-27T16:38:46.854+0000] {logging_mixin.py:190} INFO - [2025-03-27T16:38:46.854+0000] {dag.py:3239} INFO - Sync 2 DAGs
[2025-03-27T16:38:46.875+0000] {logging_mixin.py:190} INFO - [2025-03-27T16:38:46.875+0000] {dag.py:4180} INFO - Setting next_dagrun for example_external_task_marker_child to None, run_after=None
[2025-03-27T16:38:46.879+0000] {logging_mixin.py:190} INFO - [2025-03-27T16:38:46.879+0000] {dag.py:4180} INFO - Setting next_dagrun for example_external_task_marker_parent to None, run_after=None
[2025-03-27T16:38:46.898+0000] {processor.py:208} INFO - Processing /home/airflow/.local/lib/python3.12/site-packages/airflow/example_dags/example_external_task_marker_dag.py took 0.101 seconds
[2025-03-27T16:39:17.620+0000] {processor.py:186} INFO - Started process (PID=871) to work on /home/airflow/.local/lib/python3.12/site-packages/airflow/example_dags/example_external_task_marker_dag.py
[2025-03-27T16:39:17.622+0000] {processor.py:914} INFO - Processing file /home/airflow/.local/lib/python3.12/site-packages/airflow/example_dags/example_external_task_marker_dag.py for tasks to queue
[2025-03-27T16:39:17.626+0000] {logging_mixin.py:190} INFO - [2025-03-27T16:39:17.625+0000] {dagbag.py:588} INFO - Filling up the DagBag from /home/airflow/.local/lib/python3.12/site-packages/airflow/example_dags/example_external_task_marker_dag.py
[2025-03-27T16:39:17.640+0000] {processor.py:925} INFO - DAG(s) 'example_external_task_marker_child', 'example_external_task_marker_parent' retrieved from /home/airflow/.local/lib/python3.12/site-packages/airflow/example_dags/example_external_task_marker_dag.py
[2025-03-27T16:39:17.682+0000] {logging_mixin.py:190} INFO - [2025-03-27T16:39:17.681+0000] {dag.py:3239} INFO - Sync 2 DAGs
[2025-03-27T16:39:17.720+0000] {logging_mixin.py:190} INFO - [2025-03-27T16:39:17.720+0000] {dag.py:4180} INFO - Setting next_dagrun for example_external_task_marker_child to None, run_after=None
[2025-03-27T16:39:17.724+0000] {logging_mixin.py:190} INFO - [2025-03-27T16:39:17.724+0000] {dag.py:4180} INFO - Setting next_dagrun for example_external_task_marker_parent to None, run_after=None
[2025-03-27T16:39:17.744+0000] {processor.py:208} INFO - Processing /home/airflow/.local/lib/python3.12/site-packages/airflow/example_dags/example_external_task_marker_dag.py took 0.130 seconds
[2025-03-27T16:39:48.635+0000] {processor.py:186} INFO - Started process (PID=936) to work on /home/airflow/.local/lib/python3.12/site-packages/airflow/example_dags/example_external_task_marker_dag.py
[2025-03-27T16:39:48.637+0000] {processor.py:914} INFO - Processing file /home/airflow/.local/lib/python3.12/site-packages/airflow/example_dags/example_external_task_marker_dag.py for tasks to queue
[2025-03-27T16:39:48.640+0000] {logging_mixin.py:190} INFO - [2025-03-27T16:39:48.639+0000] {dagbag.py:588} INFO - Filling up the DagBag from /home/airflow/.local/lib/python3.12/site-packages/airflow/example_dags/example_external_task_marker_dag.py
[2025-03-27T16:39:48.653+0000] {processor.py:925} INFO - DAG(s) 'example_external_task_marker_child', 'example_external_task_marker_parent' retrieved from /home/airflow/.local/lib/python3.12/site-packages/airflow/example_dags/example_external_task_marker_dag.py
[2025-03-27T16:39:48.681+0000] {logging_mixin.py:190} INFO - [2025-03-27T16:39:48.681+0000] {dag.py:3239} INFO - Sync 2 DAGs
[2025-03-27T16:39:48.697+0000] {logging_mixin.py:190} INFO - [2025-03-27T16:39:48.697+0000] {dag.py:4180} INFO - Setting next_dagrun for example_external_task_marker_child to None, run_after=None
[2025-03-27T16:39:48.701+0000] {logging_mixin.py:190} INFO - [2025-03-27T16:39:48.701+0000] {dag.py:4180} INFO - Setting next_dagrun for example_external_task_marker_parent to None, run_after=None
[2025-03-27T16:39:48.862+0000] {processor.py:208} INFO - Processing /home/airflow/.local/lib/python3.12/site-packages/airflow/example_dags/example_external_task_marker_dag.py took 0.233 seconds
[2025-03-27T16:40:19.489+0000] {processor.py:186} INFO - Started process (PID=1001) to work on /home/airflow/.local/lib/python3.12/site-packages/airflow/example_dags/example_external_task_marker_dag.py
[2025-03-27T16:40:19.494+0000] {processor.py:914} INFO - Processing file /home/airflow/.local/lib/python3.12/site-packages/airflow/example_dags/example_external_task_marker_dag.py for tasks to queue
[2025-03-27T16:40:19.520+0000] {logging_mixin.py:190} INFO - [2025-03-27T16:40:19.517+0000] {dagbag.py:588} INFO - Filling up the DagBag from /home/airflow/.local/lib/python3.12/site-packages/airflow/example_dags/example_external_task_marker_dag.py
[2025-03-27T16:40:19.596+0000] {processor.py:925} INFO - DAG(s) 'example_external_task_marker_parent', 'example_external_task_marker_child' retrieved from /home/airflow/.local/lib/python3.12/site-packages/airflow/example_dags/example_external_task_marker_dag.py
[2025-03-27T16:40:19.696+0000] {logging_mixin.py:190} INFO - [2025-03-27T16:40:19.696+0000] {dag.py:3239} INFO - Sync 2 DAGs
[2025-03-27T16:40:19.826+0000] {logging_mixin.py:190} INFO - [2025-03-27T16:40:19.825+0000] {dag.py:4180} INFO - Setting next_dagrun for example_external_task_marker_child to None, run_after=None
[2025-03-27T16:40:19.835+0000] {logging_mixin.py:190} INFO - [2025-03-27T16:40:19.834+0000] {dag.py:4180} INFO - Setting next_dagrun for example_external_task_marker_parent to None, run_after=None
[2025-03-27T16:40:19.888+0000] {processor.py:208} INFO - Processing /home/airflow/.local/lib/python3.12/site-packages/airflow/example_dags/example_external_task_marker_dag.py took 0.434 seconds
[2025-03-27T16:40:50.672+0000] {processor.py:186} INFO - Started process (PID=1066) to work on /home/airflow/.local/lib/python3.12/site-packages/airflow/example_dags/example_external_task_marker_dag.py
[2025-03-27T16:40:50.673+0000] {processor.py:914} INFO - Processing file /home/airflow/.local/lib/python3.12/site-packages/airflow/example_dags/example_external_task_marker_dag.py for tasks to queue
[2025-03-27T16:40:50.676+0000] {logging_mixin.py:190} INFO - [2025-03-27T16:40:50.676+0000] {dagbag.py:588} INFO - Filling up the DagBag from /home/airflow/.local/lib/python3.12/site-packages/airflow/example_dags/example_external_task_marker_dag.py
[2025-03-27T16:40:50.685+0000] {processor.py:925} INFO - DAG(s) 'example_external_task_marker_parent', 'example_external_task_marker_child' retrieved from /home/airflow/.local/lib/python3.12/site-packages/airflow/example_dags/example_external_task_marker_dag.py
[2025-03-27T16:40:50.710+0000] {logging_mixin.py:190} INFO - [2025-03-27T16:40:50.710+0000] {dag.py:3239} INFO - Sync 2 DAGs
[2025-03-27T16:40:50.726+0000] {logging_mixin.py:190} INFO - [2025-03-27T16:40:50.726+0000] {dag.py:4180} INFO - Setting next_dagrun for example_external_task_marker_child to None, run_after=None
[2025-03-27T16:40:50.731+0000] {logging_mixin.py:190} INFO - [2025-03-27T16:40:50.730+0000] {dag.py:4180} INFO - Setting next_dagrun for example_external_task_marker_parent to None, run_after=None
[2025-03-27T16:40:50.752+0000] {processor.py:208} INFO - Processing /home/airflow/.local/lib/python3.12/site-packages/airflow/example_dags/example_external_task_marker_dag.py took 0.086 seconds
[2025-03-27T16:41:20.817+0000] {processor.py:186} INFO - Started process (PID=1130) to work on /home/airflow/.local/lib/python3.12/site-packages/airflow/example_dags/example_external_task_marker_dag.py
[2025-03-27T16:41:20.819+0000] {processor.py:914} INFO - Processing file /home/airflow/.local/lib/python3.12/site-packages/airflow/example_dags/example_external_task_marker_dag.py for tasks to queue
[2025-03-27T16:41:20.822+0000] {logging_mixin.py:190} INFO - [2025-03-27T16:41:20.822+0000] {dagbag.py:588} INFO - Filling up the DagBag from /home/airflow/.local/lib/python3.12/site-packages/airflow/example_dags/example_external_task_marker_dag.py
[2025-03-27T16:41:20.831+0000] {processor.py:925} INFO - DAG(s) 'example_external_task_marker_child', 'example_external_task_marker_parent' retrieved from /home/airflow/.local/lib/python3.12/site-packages/airflow/example_dags/example_external_task_marker_dag.py
[2025-03-27T16:41:20.854+0000] {logging_mixin.py:190} INFO - [2025-03-27T16:41:20.854+0000] {dag.py:3239} INFO - Sync 2 DAGs
[2025-03-27T16:41:20.870+0000] {logging_mixin.py:190} INFO - [2025-03-27T16:41:20.870+0000] {dag.py:4180} INFO - Setting next_dagrun for example_external_task_marker_child to None, run_after=None
[2025-03-27T16:41:20.875+0000] {logging_mixin.py:190} INFO - [2025-03-27T16:41:20.874+0000] {dag.py:4180} INFO - Setting next_dagrun for example_external_task_marker_parent to None, run_after=None
[2025-03-27T16:41:20.890+0000] {processor.py:208} INFO - Processing /home/airflow/.local/lib/python3.12/site-packages/airflow/example_dags/example_external_task_marker_dag.py took 0.078 seconds
[2025-03-27T16:41:51.369+0000] {processor.py:186} INFO - Started process (PID=1196) to work on /home/airflow/.local/lib/python3.12/site-packages/airflow/example_dags/example_external_task_marker_dag.py
[2025-03-27T16:41:51.370+0000] {processor.py:914} INFO - Processing file /home/airflow/.local/lib/python3.12/site-packages/airflow/example_dags/example_external_task_marker_dag.py for tasks to queue
[2025-03-27T16:41:51.374+0000] {logging_mixin.py:190} INFO - [2025-03-27T16:41:51.373+0000] {dagbag.py:588} INFO - Filling up the DagBag from /home/airflow/.local/lib/python3.12/site-packages/airflow/example_dags/example_external_task_marker_dag.py
[2025-03-27T16:41:51.383+0000] {processor.py:925} INFO - DAG(s) 'example_external_task_marker_child', 'example_external_task_marker_parent' retrieved from /home/airflow/.local/lib/python3.12/site-packages/airflow/example_dags/example_external_task_marker_dag.py
[2025-03-27T16:41:51.406+0000] {logging_mixin.py:190} INFO - [2025-03-27T16:41:51.406+0000] {dag.py:3239} INFO - Sync 2 DAGs
[2025-03-27T16:41:51.425+0000] {logging_mixin.py:190} INFO - [2025-03-27T16:41:51.425+0000] {dag.py:4180} INFO - Setting next_dagrun for example_external_task_marker_child to None, run_after=None
[2025-03-27T16:41:51.429+0000] {logging_mixin.py:190} INFO - [2025-03-27T16:41:51.429+0000] {dag.py:4180} INFO - Setting next_dagrun for example_external_task_marker_parent to None, run_after=None
[2025-03-27T16:41:51.454+0000] {processor.py:208} INFO - Processing /home/airflow/.local/lib/python3.12/site-packages/airflow/example_dags/example_external_task_marker_dag.py took 0.092 seconds
[2025-03-27T16:42:21.827+0000] {processor.py:186} INFO - Started process (PID=1261) to work on /home/airflow/.local/lib/python3.12/site-packages/airflow/example_dags/example_external_task_marker_dag.py
[2025-03-27T16:42:21.830+0000] {processor.py:914} INFO - Processing file /home/airflow/.local/lib/python3.12/site-packages/airflow/example_dags/example_external_task_marker_dag.py for tasks to queue
[2025-03-27T16:42:21.835+0000] {logging_mixin.py:190} INFO - [2025-03-27T16:42:21.835+0000] {dagbag.py:588} INFO - Filling up the DagBag from /home/airflow/.local/lib/python3.12/site-packages/airflow/example_dags/example_external_task_marker_dag.py
[2025-03-27T16:42:21.851+0000] {processor.py:925} INFO - DAG(s) 'example_external_task_marker_parent', 'example_external_task_marker_child' retrieved from /home/airflow/.local/lib/python3.12/site-packages/airflow/example_dags/example_external_task_marker_dag.py
[2025-03-27T16:42:21.892+0000] {logging_mixin.py:190} INFO - [2025-03-27T16:42:21.892+0000] {dag.py:3239} INFO - Sync 2 DAGs
[2025-03-27T16:42:21.910+0000] {logging_mixin.py:190} INFO - [2025-03-27T16:42:21.909+0000] {dag.py:4180} INFO - Setting next_dagrun for example_external_task_marker_child to None, run_after=None
[2025-03-27T16:42:21.918+0000] {logging_mixin.py:190} INFO - [2025-03-27T16:42:21.917+0000] {dag.py:4180} INFO - Setting next_dagrun for example_external_task_marker_parent to None, run_after=None
[2025-03-27T16:42:21.944+0000] {processor.py:208} INFO - Processing /home/airflow/.local/lib/python3.12/site-packages/airflow/example_dags/example_external_task_marker_dag.py took 0.131 seconds
[2025-03-27T16:42:52.624+0000] {processor.py:186} INFO - Started process (PID=1327) to work on /home/airflow/.local/lib/python3.12/site-packages/airflow/example_dags/example_external_task_marker_dag.py
[2025-03-27T16:42:52.627+0000] {processor.py:914} INFO - Processing file /home/airflow/.local/lib/python3.12/site-packages/airflow/example_dags/example_external_task_marker_dag.py for tasks to queue
[2025-03-27T16:42:52.631+0000] {logging_mixin.py:190} INFO - [2025-03-27T16:42:52.631+0000] {dagbag.py:588} INFO - Filling up the DagBag from /home/airflow/.local/lib/python3.12/site-packages/airflow/example_dags/example_external_task_marker_dag.py
[2025-03-27T16:42:52.647+0000] {processor.py:925} INFO - DAG(s) 'example_external_task_marker_parent', 'example_external_task_marker_child' retrieved from /home/airflow/.local/lib/python3.12/site-packages/airflow/example_dags/example_external_task_marker_dag.py
[2025-03-27T16:42:52.682+0000] {logging_mixin.py:190} INFO - [2025-03-27T16:42:52.681+0000] {dag.py:3239} INFO - Sync 2 DAGs
[2025-03-27T16:42:52.702+0000] {logging_mixin.py:190} INFO - [2025-03-27T16:42:52.701+0000] {dag.py:4180} INFO - Setting next_dagrun for example_external_task_marker_child to None, run_after=None
[2025-03-27T16:42:52.709+0000] {logging_mixin.py:190} INFO - [2025-03-27T16:42:52.709+0000] {dag.py:4180} INFO - Setting next_dagrun for example_external_task_marker_parent to None, run_after=None
[2025-03-27T16:42:52.736+0000] {processor.py:208} INFO - Processing /home/airflow/.local/lib/python3.12/site-packages/airflow/example_dags/example_external_task_marker_dag.py took 0.121 seconds
[2025-03-27T16:43:22.978+0000] {processor.py:186} INFO - Started process (PID=1392) to work on /home/airflow/.local/lib/python3.12/site-packages/airflow/example_dags/example_external_task_marker_dag.py
[2025-03-27T16:43:22.981+0000] {processor.py:914} INFO - Processing file /home/airflow/.local/lib/python3.12/site-packages/airflow/example_dags/example_external_task_marker_dag.py for tasks to queue
[2025-03-27T16:43:22.987+0000] {logging_mixin.py:190} INFO - [2025-03-27T16:43:22.986+0000] {dagbag.py:588} INFO - Filling up the DagBag from /home/airflow/.local/lib/python3.12/site-packages/airflow/example_dags/example_external_task_marker_dag.py
[2025-03-27T16:43:23.007+0000] {processor.py:925} INFO - DAG(s) 'example_external_task_marker_parent', 'example_external_task_marker_child' retrieved from /home/airflow/.local/lib/python3.12/site-packages/airflow/example_dags/example_external_task_marker_dag.py
[2025-03-27T16:43:23.054+0000] {logging_mixin.py:190} INFO - [2025-03-27T16:43:23.053+0000] {dag.py:3239} INFO - Sync 2 DAGs
[2025-03-27T16:43:23.086+0000] {logging_mixin.py:190} INFO - [2025-03-27T16:43:23.085+0000] {dag.py:4180} INFO - Setting next_dagrun for example_external_task_marker_child to None, run_after=None
[2025-03-27T16:43:23.094+0000] {logging_mixin.py:190} INFO - [2025-03-27T16:43:23.094+0000] {dag.py:4180} INFO - Setting next_dagrun for example_external_task_marker_parent to None, run_after=None
[2025-03-27T16:43:23.114+0000] {processor.py:208} INFO - Processing /home/airflow/.local/lib/python3.12/site-packages/airflow/example_dags/example_external_task_marker_dag.py took 0.152 seconds
[2025-03-27T16:43:53.293+0000] {processor.py:186} INFO - Started process (PID=1458) to work on /home/airflow/.local/lib/python3.12/site-packages/airflow/example_dags/example_external_task_marker_dag.py
[2025-03-27T16:43:53.294+0000] {processor.py:914} INFO - Processing file /home/airflow/.local/lib/python3.12/site-packages/airflow/example_dags/example_external_task_marker_dag.py for tasks to queue
[2025-03-27T16:43:53.298+0000] {logging_mixin.py:190} INFO - [2025-03-27T16:43:53.298+0000] {dagbag.py:588} INFO - Filling up the DagBag from /home/airflow/.local/lib/python3.12/site-packages/airflow/example_dags/example_external_task_marker_dag.py
[2025-03-27T16:43:53.308+0000] {processor.py:925} INFO - DAG(s) 'example_external_task_marker_child', 'example_external_task_marker_parent' retrieved from /home/airflow/.local/lib/python3.12/site-packages/airflow/example_dags/example_external_task_marker_dag.py
[2025-03-27T16:43:53.339+0000] {logging_mixin.py:190} INFO - [2025-03-27T16:43:53.339+0000] {dag.py:3239} INFO - Sync 2 DAGs
[2025-03-27T16:43:53.363+0000] {logging_mixin.py:190} INFO - [2025-03-27T16:43:53.363+0000] {dag.py:4180} INFO - Setting next_dagrun for example_external_task_marker_child to None, run_after=None
[2025-03-27T16:43:53.372+0000] {logging_mixin.py:190} INFO - [2025-03-27T16:43:53.372+0000] {dag.py:4180} INFO - Setting next_dagrun for example_external_task_marker_parent to None, run_after=None
[2025-03-27T16:43:53.396+0000] {processor.py:208} INFO - Processing /home/airflow/.local/lib/python3.12/site-packages/airflow/example_dags/example_external_task_marker_dag.py took 0.111 seconds
[2025-03-27T16:44:23.689+0000] {processor.py:186} INFO - Started process (PID=1524) to work on /home/airflow/.local/lib/python3.12/site-packages/airflow/example_dags/example_external_task_marker_dag.py
[2025-03-27T16:44:23.690+0000] {processor.py:914} INFO - Processing file /home/airflow/.local/lib/python3.12/site-packages/airflow/example_dags/example_external_task_marker_dag.py for tasks to queue
[2025-03-27T16:44:23.693+0000] {logging_mixin.py:190} INFO - [2025-03-27T16:44:23.693+0000] {dagbag.py:588} INFO - Filling up the DagBag from /home/airflow/.local/lib/python3.12/site-packages/airflow/example_dags/example_external_task_marker_dag.py
[2025-03-27T16:44:23.702+0000] {processor.py:925} INFO - DAG(s) 'example_external_task_marker_parent', 'example_external_task_marker_child' retrieved from /home/airflow/.local/lib/python3.12/site-packages/airflow/example_dags/example_external_task_marker_dag.py
[2025-03-27T16:44:23.726+0000] {logging_mixin.py:190} INFO - [2025-03-27T16:44:23.725+0000] {dag.py:3239} INFO - Sync 2 DAGs
[2025-03-27T16:44:23.764+0000] {logging_mixin.py:190} INFO - [2025-03-27T16:44:23.764+0000] {dag.py:4180} INFO - Setting next_dagrun for example_external_task_marker_child to None, run_after=None
[2025-03-27T16:44:23.768+0000] {logging_mixin.py:190} INFO - [2025-03-27T16:44:23.768+0000] {dag.py:4180} INFO - Setting next_dagrun for example_external_task_marker_parent to None, run_after=None
[2025-03-27T16:44:23.792+0000] {processor.py:208} INFO - Processing /home/airflow/.local/lib/python3.12/site-packages/airflow/example_dags/example_external_task_marker_dag.py took 0.111 seconds
[2025-03-27T16:44:54.685+0000] {processor.py:186} INFO - Started process (PID=1589) to work on /home/airflow/.local/lib/python3.12/site-packages/airflow/example_dags/example_external_task_marker_dag.py
[2025-03-27T16:44:54.686+0000] {processor.py:914} INFO - Processing file /home/airflow/.local/lib/python3.12/site-packages/airflow/example_dags/example_external_task_marker_dag.py for tasks to queue
[2025-03-27T16:44:54.690+0000] {logging_mixin.py:190} INFO - [2025-03-27T16:44:54.689+0000] {dagbag.py:588} INFO - Filling up the DagBag from /home/airflow/.local/lib/python3.12/site-packages/airflow/example_dags/example_external_task_marker_dag.py
[2025-03-27T16:44:54.702+0000] {processor.py:925} INFO - DAG(s) 'example_external_task_marker_child', 'example_external_task_marker_parent' retrieved from /home/airflow/.local/lib/python3.12/site-packages/airflow/example_dags/example_external_task_marker_dag.py
[2025-03-27T16:44:54.737+0000] {logging_mixin.py:190} INFO - [2025-03-27T16:44:54.736+0000] {dag.py:3239} INFO - Sync 2 DAGs
[2025-03-27T16:44:54.761+0000] {logging_mixin.py:190} INFO - [2025-03-27T16:44:54.760+0000] {dag.py:4180} INFO - Setting next_dagrun for example_external_task_marker_child to None, run_after=None
[2025-03-27T16:44:54.769+0000] {logging_mixin.py:190} INFO - [2025-03-27T16:44:54.769+0000] {dag.py:4180} INFO - Setting next_dagrun for example_external_task_marker_parent to None, run_after=None
[2025-03-27T16:44:54.802+0000] {processor.py:208} INFO - Processing /home/airflow/.local/lib/python3.12/site-packages/airflow/example_dags/example_external_task_marker_dag.py took 0.127 seconds
[2025-03-27T16:45:25.318+0000] {processor.py:186} INFO - Started process (PID=1654) to work on /home/airflow/.local/lib/python3.12/site-packages/airflow/example_dags/example_external_task_marker_dag.py
[2025-03-27T16:45:25.320+0000] {processor.py:914} INFO - Processing file /home/airflow/.local/lib/python3.12/site-packages/airflow/example_dags/example_external_task_marker_dag.py for tasks to queue
[2025-03-27T16:45:25.325+0000] {logging_mixin.py:190} INFO - [2025-03-27T16:45:25.323+0000] {dagbag.py:588} INFO - Filling up the DagBag from /home/airflow/.local/lib/python3.12/site-packages/airflow/example_dags/example_external_task_marker_dag.py
[2025-03-27T16:45:25.335+0000] {processor.py:925} INFO - DAG(s) 'example_external_task_marker_child', 'example_external_task_marker_parent' retrieved from /home/airflow/.local/lib/python3.12/site-packages/airflow/example_dags/example_external_task_marker_dag.py
[2025-03-27T16:45:25.408+0000] {logging_mixin.py:190} INFO - [2025-03-27T16:45:25.407+0000] {dag.py:3239} INFO - Sync 2 DAGs
[2025-03-27T16:45:25.444+0000] {logging_mixin.py:190} INFO - [2025-03-27T16:45:25.444+0000] {dag.py:4180} INFO - Setting next_dagrun for example_external_task_marker_child to None, run_after=None
[2025-03-27T16:45:25.452+0000] {logging_mixin.py:190} INFO - [2025-03-27T16:45:25.452+0000] {dag.py:4180} INFO - Setting next_dagrun for example_external_task_marker_parent to None, run_after=None
[2025-03-27T16:45:25.484+0000] {processor.py:208} INFO - Processing /home/airflow/.local/lib/python3.12/site-packages/airflow/example_dags/example_external_task_marker_dag.py took 0.174 seconds
[2025-03-27T16:45:55.888+0000] {processor.py:186} INFO - Started process (PID=1719) to work on /home/airflow/.local/lib/python3.12/site-packages/airflow/example_dags/example_external_task_marker_dag.py
[2025-03-27T16:45:55.890+0000] {processor.py:914} INFO - Processing file /home/airflow/.local/lib/python3.12/site-packages/airflow/example_dags/example_external_task_marker_dag.py for tasks to queue
[2025-03-27T16:45:55.894+0000] {logging_mixin.py:190} INFO - [2025-03-27T16:45:55.894+0000] {dagbag.py:588} INFO - Filling up the DagBag from /home/airflow/.local/lib/python3.12/site-packages/airflow/example_dags/example_external_task_marker_dag.py
[2025-03-27T16:45:55.906+0000] {processor.py:925} INFO - DAG(s) 'example_external_task_marker_parent', 'example_external_task_marker_child' retrieved from /home/airflow/.local/lib/python3.12/site-packages/airflow/example_dags/example_external_task_marker_dag.py
[2025-03-27T16:45:55.935+0000] {logging_mixin.py:190} INFO - [2025-03-27T16:45:55.935+0000] {dag.py:3239} INFO - Sync 2 DAGs
[2025-03-27T16:45:55.957+0000] {logging_mixin.py:190} INFO - [2025-03-27T16:45:55.957+0000] {dag.py:4180} INFO - Setting next_dagrun for example_external_task_marker_child to None, run_after=None
[2025-03-27T16:45:55.962+0000] {logging_mixin.py:190} INFO - [2025-03-27T16:45:55.962+0000] {dag.py:4180} INFO - Setting next_dagrun for example_external_task_marker_parent to None, run_after=None
[2025-03-27T16:45:55.983+0000] {processor.py:208} INFO - Processing /home/airflow/.local/lib/python3.12/site-packages/airflow/example_dags/example_external_task_marker_dag.py took 0.106 seconds
[2025-03-27T16:46:26.818+0000] {processor.py:186} INFO - Started process (PID=1784) to work on /home/airflow/.local/lib/python3.12/site-packages/airflow/example_dags/example_external_task_marker_dag.py
[2025-03-27T16:46:26.819+0000] {processor.py:914} INFO - Processing file /home/airflow/.local/lib/python3.12/site-packages/airflow/example_dags/example_external_task_marker_dag.py for tasks to queue
[2025-03-27T16:46:26.822+0000] {logging_mixin.py:190} INFO - [2025-03-27T16:46:26.821+0000] {dagbag.py:588} INFO - Filling up the DagBag from /home/airflow/.local/lib/python3.12/site-packages/airflow/example_dags/example_external_task_marker_dag.py
[2025-03-27T16:46:26.832+0000] {processor.py:925} INFO - DAG(s) 'example_external_task_marker_parent', 'example_external_task_marker_child' retrieved from /home/airflow/.local/lib/python3.12/site-packages/airflow/example_dags/example_external_task_marker_dag.py
[2025-03-27T16:46:26.861+0000] {logging_mixin.py:190} INFO - [2025-03-27T16:46:26.860+0000] {dag.py:3239} INFO - Sync 2 DAGs
[2025-03-27T16:46:26.881+0000] {logging_mixin.py:190} INFO - [2025-03-27T16:46:26.881+0000] {dag.py:4180} INFO - Setting next_dagrun for example_external_task_marker_child to None, run_after=None
[2025-03-27T16:46:26.887+0000] {logging_mixin.py:190} INFO - [2025-03-27T16:46:26.887+0000] {dag.py:4180} INFO - Setting next_dagrun for example_external_task_marker_parent to None, run_after=None
[2025-03-27T16:46:26.912+0000] {processor.py:208} INFO - Processing /home/airflow/.local/lib/python3.12/site-packages/airflow/example_dags/example_external_task_marker_dag.py took 0.102 seconds
[2025-03-27T16:46:57.826+0000] {processor.py:186} INFO - Started process (PID=1849) to work on /home/airflow/.local/lib/python3.12/site-packages/airflow/example_dags/example_external_task_marker_dag.py
[2025-03-27T16:46:57.828+0000] {processor.py:914} INFO - Processing file /home/airflow/.local/lib/python3.12/site-packages/airflow/example_dags/example_external_task_marker_dag.py for tasks to queue
[2025-03-27T16:46:57.831+0000] {logging_mixin.py:190} INFO - [2025-03-27T16:46:57.831+0000] {dagbag.py:588} INFO - Filling up the DagBag from /home/airflow/.local/lib/python3.12/site-packages/airflow/example_dags/example_external_task_marker_dag.py
[2025-03-27T16:46:57.843+0000] {processor.py:925} INFO - DAG(s) 'example_external_task_marker_parent', 'example_external_task_marker_child' retrieved from /home/airflow/.local/lib/python3.12/site-packages/airflow/example_dags/example_external_task_marker_dag.py
[2025-03-27T16:46:57.879+0000] {logging_mixin.py:190} INFO - [2025-03-27T16:46:57.878+0000] {dag.py:3239} INFO - Sync 2 DAGs
[2025-03-27T16:46:57.894+0000] {logging_mixin.py:190} INFO - [2025-03-27T16:46:57.894+0000] {dag.py:4180} INFO - Setting next_dagrun for example_external_task_marker_child to None, run_after=None
[2025-03-27T16:46:57.898+0000] {logging_mixin.py:190} INFO - [2025-03-27T16:46:57.898+0000] {dag.py:4180} INFO - Setting next_dagrun for example_external_task_marker_parent to None, run_after=None
[2025-03-27T16:46:57.922+0000] {processor.py:208} INFO - Processing /home/airflow/.local/lib/python3.12/site-packages/airflow/example_dags/example_external_task_marker_dag.py took 0.103 seconds
[2025-03-27T16:47:28.278+0000] {processor.py:186} INFO - Started process (PID=1913) to work on /home/airflow/.local/lib/python3.12/site-packages/airflow/example_dags/example_external_task_marker_dag.py
[2025-03-27T16:47:28.280+0000] {processor.py:914} INFO - Processing file /home/airflow/.local/lib/python3.12/site-packages/airflow/example_dags/example_external_task_marker_dag.py for tasks to queue
[2025-03-27T16:47:28.285+0000] {logging_mixin.py:190} INFO - [2025-03-27T16:47:28.285+0000] {dagbag.py:588} INFO - Filling up the DagBag from /home/airflow/.local/lib/python3.12/site-packages/airflow/example_dags/example_external_task_marker_dag.py
[2025-03-27T16:47:28.303+0000] {processor.py:925} INFO - DAG(s) 'example_external_task_marker_child', 'example_external_task_marker_parent' retrieved from /home/airflow/.local/lib/python3.12/site-packages/airflow/example_dags/example_external_task_marker_dag.py
[2025-03-27T16:47:28.342+0000] {logging_mixin.py:190} INFO - [2025-03-27T16:47:28.342+0000] {dag.py:3239} INFO - Sync 2 DAGs
[2025-03-27T16:47:28.366+0000] {logging_mixin.py:190} INFO - [2025-03-27T16:47:28.366+0000] {dag.py:4180} INFO - Setting next_dagrun for example_external_task_marker_child to None, run_after=None
[2025-03-27T16:47:28.371+0000] {logging_mixin.py:190} INFO - [2025-03-27T16:47:28.371+0000] {dag.py:4180} INFO - Setting next_dagrun for example_external_task_marker_parent to None, run_after=None
[2025-03-27T16:47:28.416+0000] {processor.py:208} INFO - Processing /home/airflow/.local/lib/python3.12/site-packages/airflow/example_dags/example_external_task_marker_dag.py took 0.150 seconds
[2025-03-27T16:47:59.229+0000] {processor.py:186} INFO - Started process (PID=1984) to work on /home/airflow/.local/lib/python3.12/site-packages/airflow/example_dags/example_external_task_marker_dag.py
[2025-03-27T16:47:59.230+0000] {processor.py:914} INFO - Processing file /home/airflow/.local/lib/python3.12/site-packages/airflow/example_dags/example_external_task_marker_dag.py for tasks to queue
[2025-03-27T16:47:59.234+0000] {logging_mixin.py:190} INFO - [2025-03-27T16:47:59.233+0000] {dagbag.py:588} INFO - Filling up the DagBag from /home/airflow/.local/lib/python3.12/site-packages/airflow/example_dags/example_external_task_marker_dag.py
[2025-03-27T16:47:59.242+0000] {processor.py:925} INFO - DAG(s) 'example_external_task_marker_child', 'example_external_task_marker_parent' retrieved from /home/airflow/.local/lib/python3.12/site-packages/airflow/example_dags/example_external_task_marker_dag.py
[2025-03-27T16:47:59.289+0000] {logging_mixin.py:190} INFO - [2025-03-27T16:47:59.288+0000] {dag.py:3239} INFO - Sync 2 DAGs
[2025-03-27T16:47:59.311+0000] {logging_mixin.py:190} INFO - [2025-03-27T16:47:59.310+0000] {dag.py:4180} INFO - Setting next_dagrun for example_external_task_marker_child to None, run_after=None
[2025-03-27T16:47:59.317+0000] {logging_mixin.py:190} INFO - [2025-03-27T16:47:59.317+0000] {dag.py:4180} INFO - Setting next_dagrun for example_external_task_marker_parent to None, run_after=None
[2025-03-27T16:47:59.347+0000] {processor.py:208} INFO - Processing /home/airflow/.local/lib/python3.12/site-packages/airflow/example_dags/example_external_task_marker_dag.py took 0.125 seconds
[2025-03-27T16:48:30.028+0000] {processor.py:186} INFO - Started process (PID=2049) to work on /home/airflow/.local/lib/python3.12/site-packages/airflow/example_dags/example_external_task_marker_dag.py
[2025-03-27T16:48:30.030+0000] {processor.py:914} INFO - Processing file /home/airflow/.local/lib/python3.12/site-packages/airflow/example_dags/example_external_task_marker_dag.py for tasks to queue
[2025-03-27T16:48:30.032+0000] {logging_mixin.py:190} INFO - [2025-03-27T16:48:30.032+0000] {dagbag.py:588} INFO - Filling up the DagBag from /home/airflow/.local/lib/python3.12/site-packages/airflow/example_dags/example_external_task_marker_dag.py
[2025-03-27T16:48:30.044+0000] {processor.py:925} INFO - DAG(s) 'example_external_task_marker_parent', 'example_external_task_marker_child' retrieved from /home/airflow/.local/lib/python3.12/site-packages/airflow/example_dags/example_external_task_marker_dag.py
[2025-03-27T16:48:30.092+0000] {logging_mixin.py:190} INFO - [2025-03-27T16:48:30.091+0000] {dag.py:3239} INFO - Sync 2 DAGs
[2025-03-27T16:48:30.107+0000] {logging_mixin.py:190} INFO - [2025-03-27T16:48:30.107+0000] {dag.py:4180} INFO - Setting next_dagrun for example_external_task_marker_child to None, run_after=None
[2025-03-27T16:48:30.111+0000] {logging_mixin.py:190} INFO - [2025-03-27T16:48:30.111+0000] {dag.py:4180} INFO - Setting next_dagrun for example_external_task_marker_parent to None, run_after=None
[2025-03-27T16:48:30.129+0000] {processor.py:208} INFO - Processing /home/airflow/.local/lib/python3.12/site-packages/airflow/example_dags/example_external_task_marker_dag.py took 0.106 seconds
[2025-03-27T16:49:00.294+0000] {processor.py:186} INFO - Started process (PID=2113) to work on /home/airflow/.local/lib/python3.12/site-packages/airflow/example_dags/example_external_task_marker_dag.py
[2025-03-27T16:49:00.296+0000] {processor.py:914} INFO - Processing file /home/airflow/.local/lib/python3.12/site-packages/airflow/example_dags/example_external_task_marker_dag.py for tasks to queue
[2025-03-27T16:49:00.299+0000] {logging_mixin.py:190} INFO - [2025-03-27T16:49:00.299+0000] {dagbag.py:588} INFO - Filling up the DagBag from /home/airflow/.local/lib/python3.12/site-packages/airflow/example_dags/example_external_task_marker_dag.py
[2025-03-27T16:49:00.308+0000] {processor.py:925} INFO - DAG(s) 'example_external_task_marker_parent', 'example_external_task_marker_child' retrieved from /home/airflow/.local/lib/python3.12/site-packages/airflow/example_dags/example_external_task_marker_dag.py
[2025-03-27T16:49:00.336+0000] {logging_mixin.py:190} INFO - [2025-03-27T16:49:00.335+0000] {dag.py:3239} INFO - Sync 2 DAGs
[2025-03-27T16:49:00.362+0000] {logging_mixin.py:190} INFO - [2025-03-27T16:49:00.362+0000] {dag.py:4180} INFO - Setting next_dagrun for example_external_task_marker_child to None, run_after=None
[2025-03-27T16:49:00.369+0000] {logging_mixin.py:190} INFO - [2025-03-27T16:49:00.369+0000] {dag.py:4180} INFO - Setting next_dagrun for example_external_task_marker_parent to None, run_after=None
[2025-03-27T16:49:00.419+0000] {processor.py:208} INFO - Processing /home/airflow/.local/lib/python3.12/site-packages/airflow/example_dags/example_external_task_marker_dag.py took 0.134 seconds
[2025-03-27T16:49:30.806+0000] {processor.py:186} INFO - Started process (PID=2178) to work on /home/airflow/.local/lib/python3.12/site-packages/airflow/example_dags/example_external_task_marker_dag.py
[2025-03-27T16:49:30.808+0000] {processor.py:914} INFO - Processing file /home/airflow/.local/lib/python3.12/site-packages/airflow/example_dags/example_external_task_marker_dag.py for tasks to queue
[2025-03-27T16:49:30.811+0000] {logging_mixin.py:190} INFO - [2025-03-27T16:49:30.811+0000] {dagbag.py:588} INFO - Filling up the DagBag from /home/airflow/.local/lib/python3.12/site-packages/airflow/example_dags/example_external_task_marker_dag.py
[2025-03-27T16:49:30.822+0000] {processor.py:925} INFO - DAG(s) 'example_external_task_marker_parent', 'example_external_task_marker_child' retrieved from /home/airflow/.local/lib/python3.12/site-packages/airflow/example_dags/example_external_task_marker_dag.py
[2025-03-27T16:49:30.848+0000] {logging_mixin.py:190} INFO - [2025-03-27T16:49:30.848+0000] {dag.py:3239} INFO - Sync 2 DAGs
[2025-03-27T16:49:30.865+0000] {logging_mixin.py:190} INFO - [2025-03-27T16:49:30.864+0000] {dag.py:4180} INFO - Setting next_dagrun for example_external_task_marker_child to None, run_after=None
[2025-03-27T16:49:30.869+0000] {logging_mixin.py:190} INFO - [2025-03-27T16:49:30.869+0000] {dag.py:4180} INFO - Setting next_dagrun for example_external_task_marker_parent to None, run_after=None
[2025-03-27T16:49:30.899+0000] {processor.py:208} INFO - Processing /home/airflow/.local/lib/python3.12/site-packages/airflow/example_dags/example_external_task_marker_dag.py took 0.099 seconds
[2025-03-27T16:50:01.868+0000] {processor.py:186} INFO - Started process (PID=2243) to work on /home/airflow/.local/lib/python3.12/site-packages/airflow/example_dags/example_external_task_marker_dag.py
[2025-03-27T16:50:01.870+0000] {processor.py:914} INFO - Processing file /home/airflow/.local/lib/python3.12/site-packages/airflow/example_dags/example_external_task_marker_dag.py for tasks to queue
[2025-03-27T16:50:01.874+0000] {logging_mixin.py:190} INFO - [2025-03-27T16:50:01.873+0000] {dagbag.py:588} INFO - Filling up the DagBag from /home/airflow/.local/lib/python3.12/site-packages/airflow/example_dags/example_external_task_marker_dag.py
[2025-03-27T16:50:01.885+0000] {processor.py:925} INFO - DAG(s) 'example_external_task_marker_child', 'example_external_task_marker_parent' retrieved from /home/airflow/.local/lib/python3.12/site-packages/airflow/example_dags/example_external_task_marker_dag.py
[2025-03-27T16:50:01.939+0000] {logging_mixin.py:190} INFO - [2025-03-27T16:50:01.938+0000] {dag.py:3239} INFO - Sync 2 DAGs
[2025-03-27T16:50:01.984+0000] {logging_mixin.py:190} INFO - [2025-03-27T16:50:01.984+0000] {dag.py:4180} INFO - Setting next_dagrun for example_external_task_marker_child to None, run_after=None
[2025-03-27T16:50:01.993+0000] {logging_mixin.py:190} INFO - [2025-03-27T16:50:01.992+0000] {dag.py:4180} INFO - Setting next_dagrun for example_external_task_marker_parent to None, run_after=None
[2025-03-27T16:50:02.023+0000] {processor.py:208} INFO - Processing /home/airflow/.local/lib/python3.12/site-packages/airflow/example_dags/example_external_task_marker_dag.py took 0.163 seconds
[2025-03-27T16:50:32.121+0000] {processor.py:186} INFO - Started process (PID=2308) to work on /home/airflow/.local/lib/python3.12/site-packages/airflow/example_dags/example_external_task_marker_dag.py
[2025-03-27T16:50:32.123+0000] {processor.py:914} INFO - Processing file /home/airflow/.local/lib/python3.12/site-packages/airflow/example_dags/example_external_task_marker_dag.py for tasks to queue
[2025-03-27T16:50:32.126+0000] {logging_mixin.py:190} INFO - [2025-03-27T16:50:32.125+0000] {dagbag.py:588} INFO - Filling up the DagBag from /home/airflow/.local/lib/python3.12/site-packages/airflow/example_dags/example_external_task_marker_dag.py
[2025-03-27T16:50:32.135+0000] {processor.py:925} INFO - DAG(s) 'example_external_task_marker_parent', 'example_external_task_marker_child' retrieved from /home/airflow/.local/lib/python3.12/site-packages/airflow/example_dags/example_external_task_marker_dag.py
[2025-03-27T16:50:32.164+0000] {logging_mixin.py:190} INFO - [2025-03-27T16:50:32.163+0000] {dag.py:3239} INFO - Sync 2 DAGs
[2025-03-27T16:50:32.182+0000] {logging_mixin.py:190} INFO - [2025-03-27T16:50:32.181+0000] {dag.py:4180} INFO - Setting next_dagrun for example_external_task_marker_child to None, run_after=None
[2025-03-27T16:50:32.187+0000] {logging_mixin.py:190} INFO - [2025-03-27T16:50:32.187+0000] {dag.py:4180} INFO - Setting next_dagrun for example_external_task_marker_parent to None, run_after=None
[2025-03-27T16:50:32.213+0000] {processor.py:208} INFO - Processing /home/airflow/.local/lib/python3.12/site-packages/airflow/example_dags/example_external_task_marker_dag.py took 0.098 seconds
[2025-03-27T16:51:02.302+0000] {processor.py:186} INFO - Started process (PID=2372) to work on /home/airflow/.local/lib/python3.12/site-packages/airflow/example_dags/example_external_task_marker_dag.py
[2025-03-27T16:51:02.304+0000] {processor.py:914} INFO - Processing file /home/airflow/.local/lib/python3.12/site-packages/airflow/example_dags/example_external_task_marker_dag.py for tasks to queue
[2025-03-27T16:51:02.307+0000] {logging_mixin.py:190} INFO - [2025-03-27T16:51:02.306+0000] {dagbag.py:588} INFO - Filling up the DagBag from /home/airflow/.local/lib/python3.12/site-packages/airflow/example_dags/example_external_task_marker_dag.py
[2025-03-27T16:51:02.317+0000] {processor.py:925} INFO - DAG(s) 'example_external_task_marker_child', 'example_external_task_marker_parent' retrieved from /home/airflow/.local/lib/python3.12/site-packages/airflow/example_dags/example_external_task_marker_dag.py
[2025-03-27T16:51:02.350+0000] {logging_mixin.py:190} INFO - [2025-03-27T16:51:02.350+0000] {dag.py:3239} INFO - Sync 2 DAGs
[2025-03-27T16:51:02.368+0000] {logging_mixin.py:190} INFO - [2025-03-27T16:51:02.368+0000] {dag.py:4180} INFO - Setting next_dagrun for example_external_task_marker_child to None, run_after=None
[2025-03-27T16:51:02.373+0000] {logging_mixin.py:190} INFO - [2025-03-27T16:51:02.373+0000] {dag.py:4180} INFO - Setting next_dagrun for example_external_task_marker_parent to None, run_after=None
[2025-03-27T16:51:02.404+0000] {processor.py:208} INFO - Processing /home/airflow/.local/lib/python3.12/site-packages/airflow/example_dags/example_external_task_marker_dag.py took 0.109 seconds
[2025-03-27T16:51:33.672+0000] {processor.py:186} INFO - Started process (PID=2437) to work on /home/airflow/.local/lib/python3.12/site-packages/airflow/example_dags/example_external_task_marker_dag.py
[2025-03-27T16:51:33.674+0000] {processor.py:914} INFO - Processing file /home/airflow/.local/lib/python3.12/site-packages/airflow/example_dags/example_external_task_marker_dag.py for tasks to queue
[2025-03-27T16:51:33.678+0000] {logging_mixin.py:190} INFO - [2025-03-27T16:51:33.677+0000] {dagbag.py:588} INFO - Filling up the DagBag from /home/airflow/.local/lib/python3.12/site-packages/airflow/example_dags/example_external_task_marker_dag.py
[2025-03-27T16:51:33.688+0000] {processor.py:925} INFO - DAG(s) 'example_external_task_marker_child', 'example_external_task_marker_parent' retrieved from /home/airflow/.local/lib/python3.12/site-packages/airflow/example_dags/example_external_task_marker_dag.py
[2025-03-27T16:51:33.714+0000] {logging_mixin.py:190} INFO - [2025-03-27T16:51:33.713+0000] {dag.py:3239} INFO - Sync 2 DAGs
[2025-03-27T16:51:33.728+0000] {logging_mixin.py:190} INFO - [2025-03-27T16:51:33.728+0000] {dag.py:4180} INFO - Setting next_dagrun for example_external_task_marker_child to None, run_after=None
[2025-03-27T16:51:33.732+0000] {logging_mixin.py:190} INFO - [2025-03-27T16:51:33.732+0000] {dag.py:4180} INFO - Setting next_dagrun for example_external_task_marker_parent to None, run_after=None
[2025-03-27T16:51:33.750+0000] {processor.py:208} INFO - Processing /home/airflow/.local/lib/python3.12/site-packages/airflow/example_dags/example_external_task_marker_dag.py took 0.085 seconds
[2025-03-27T16:53:03.007+0000] {processor.py:186} INFO - Started process (PID=113) to work on /home/airflow/.local/lib/python3.12/site-packages/airflow/example_dags/example_external_task_marker_dag.py
[2025-03-27T16:53:03.008+0000] {processor.py:914} INFO - Processing file /home/airflow/.local/lib/python3.12/site-packages/airflow/example_dags/example_external_task_marker_dag.py for tasks to queue
[2025-03-27T16:53:03.012+0000] {logging_mixin.py:190} INFO - [2025-03-27T16:53:03.011+0000] {dagbag.py:588} INFO - Filling up the DagBag from /home/airflow/.local/lib/python3.12/site-packages/airflow/example_dags/example_external_task_marker_dag.py
[2025-03-27T16:53:03.020+0000] {processor.py:925} INFO - DAG(s) 'example_external_task_marker_parent', 'example_external_task_marker_child' retrieved from /home/airflow/.local/lib/python3.12/site-packages/airflow/example_dags/example_external_task_marker_dag.py
[2025-03-27T16:53:03.054+0000] {logging_mixin.py:190} INFO - [2025-03-27T16:53:03.054+0000] {dag.py:3239} INFO - Sync 2 DAGs
[2025-03-27T16:53:03.076+0000] {logging_mixin.py:190} INFO - [2025-03-27T16:53:03.076+0000] {dag.py:4180} INFO - Setting next_dagrun for example_external_task_marker_child to None, run_after=None
[2025-03-27T16:53:03.083+0000] {logging_mixin.py:190} INFO - [2025-03-27T16:53:03.082+0000] {dag.py:4180} INFO - Setting next_dagrun for example_external_task_marker_parent to None, run_after=None
[2025-03-27T16:53:03.109+0000] {processor.py:208} INFO - Processing /home/airflow/.local/lib/python3.12/site-packages/airflow/example_dags/example_external_task_marker_dag.py took 0.109 seconds
