[2025-03-27T16:33:08.997+0000] {processor.py:186} INFO - Started process (PID=112) to work on /home/airflow/.local/lib/python3.12/site-packages/airflow/example_dags/example_python_operator.py
[2025-03-27T16:33:09.000+0000] {processor.py:914} INFO - Processing file /home/airflow/.local/lib/python3.12/site-packages/airflow/example_dags/example_python_operator.py for tasks to queue
[2025-03-27T16:33:09.004+0000] {logging_mixin.py:190} INFO - [2025-03-27T16:33:09.003+0000] {dagbag.py:588} INFO - Filling up the DagBag from /home/airflow/.local/lib/python3.12/site-packages/airflow/example_dags/example_python_operator.py
[2025-03-27T16:33:09.021+0000] {processor.py:925} INFO - DAG(s) 'example_python_operator' retrieved from /home/airflow/.local/lib/python3.12/site-packages/airflow/example_dags/example_python_operator.py
[2025-03-27T16:33:09.163+0000] {logging_mixin.py:190} INFO - [2025-03-27T16:33:09.162+0000] {override.py:1912} INFO - Created Permission View: can read on DAG:example_python_operator
[2025-03-27T16:33:09.176+0000] {logging_mixin.py:190} INFO - [2025-03-27T16:33:09.175+0000] {override.py:1912} INFO - Created Permission View: can delete on DAG:example_python_operator
[2025-03-27T16:33:09.182+0000] {logging_mixin.py:190} INFO - [2025-03-27T16:33:09.182+0000] {override.py:1912} INFO - Created Permission View: can edit on DAG:example_python_operator
[2025-03-27T16:33:09.189+0000] {logging_mixin.py:190} INFO - [2025-03-27T16:33:09.189+0000] {override.py:1912} INFO - Created Permission View: can read on DAG Run:example_python_operator
[2025-03-27T16:33:09.196+0000] {logging_mixin.py:190} INFO - [2025-03-27T16:33:09.196+0000] {override.py:1912} INFO - Created Permission View: menu access on DAG Run:example_python_operator
[2025-03-27T16:33:09.203+0000] {logging_mixin.py:190} INFO - [2025-03-27T16:33:09.202+0000] {override.py:1912} INFO - Created Permission View: can create on DAG Run:example_python_operator
[2025-03-27T16:33:09.211+0000] {logging_mixin.py:190} INFO - [2025-03-27T16:33:09.211+0000] {override.py:1912} INFO - Created Permission View: can delete on DAG Run:example_python_operator
[2025-03-27T16:33:09.212+0000] {logging_mixin.py:190} INFO - [2025-03-27T16:33:09.212+0000] {dag.py:3239} INFO - Sync 1 DAGs
[2025-03-27T16:33:09.236+0000] {logging_mixin.py:190} INFO - [2025-03-27T16:33:09.235+0000] {dag.py:3262} INFO - Creating ORM DAG for example_python_operator
[2025-03-27T16:33:09.237+0000] {logging_mixin.py:190} INFO - [2025-03-27T16:33:09.237+0000] {dag.py:4180} INFO - Setting next_dagrun for example_python_operator to None, run_after=None
[2025-03-27T16:33:09.260+0000] {processor.py:208} INFO - Processing /home/airflow/.local/lib/python3.12/site-packages/airflow/example_dags/example_python_operator.py took 0.276 seconds
[2025-03-27T16:33:39.923+0000] {processor.py:186} INFO - Started process (PID=175) to work on /home/airflow/.local/lib/python3.12/site-packages/airflow/example_dags/example_python_operator.py
[2025-03-27T16:33:39.925+0000] {processor.py:914} INFO - Processing file /home/airflow/.local/lib/python3.12/site-packages/airflow/example_dags/example_python_operator.py for tasks to queue
[2025-03-27T16:33:39.928+0000] {logging_mixin.py:190} INFO - [2025-03-27T16:33:39.928+0000] {dagbag.py:588} INFO - Filling up the DagBag from /home/airflow/.local/lib/python3.12/site-packages/airflow/example_dags/example_python_operator.py
[2025-03-27T16:33:39.940+0000] {processor.py:925} INFO - DAG(s) 'example_python_operator' retrieved from /home/airflow/.local/lib/python3.12/site-packages/airflow/example_dags/example_python_operator.py
[2025-03-27T16:33:39.962+0000] {logging_mixin.py:190} INFO - [2025-03-27T16:33:39.962+0000] {dag.py:3239} INFO - Sync 1 DAGs
[2025-03-27T16:33:39.978+0000] {logging_mixin.py:190} INFO - [2025-03-27T16:33:39.978+0000] {dag.py:4180} INFO - Setting next_dagrun for example_python_operator to None, run_after=None
[2025-03-27T16:33:40.018+0000] {processor.py:208} INFO - Processing /home/airflow/.local/lib/python3.12/site-packages/airflow/example_dags/example_python_operator.py took 0.101 seconds
[2025-03-27T16:34:10.797+0000] {processor.py:186} INFO - Started process (PID=237) to work on /home/airflow/.local/lib/python3.12/site-packages/airflow/example_dags/example_python_operator.py
[2025-03-27T16:34:10.799+0000] {processor.py:914} INFO - Processing file /home/airflow/.local/lib/python3.12/site-packages/airflow/example_dags/example_python_operator.py for tasks to queue
[2025-03-27T16:34:10.801+0000] {logging_mixin.py:190} INFO - [2025-03-27T16:34:10.801+0000] {dagbag.py:588} INFO - Filling up the DagBag from /home/airflow/.local/lib/python3.12/site-packages/airflow/example_dags/example_python_operator.py
[2025-03-27T16:34:10.815+0000] {processor.py:925} INFO - DAG(s) 'example_python_operator' retrieved from /home/airflow/.local/lib/python3.12/site-packages/airflow/example_dags/example_python_operator.py
[2025-03-27T16:34:10.840+0000] {logging_mixin.py:190} INFO - [2025-03-27T16:34:10.840+0000] {dag.py:3239} INFO - Sync 1 DAGs
[2025-03-27T16:34:10.856+0000] {logging_mixin.py:190} INFO - [2025-03-27T16:34:10.855+0000] {dag.py:4180} INFO - Setting next_dagrun for example_python_operator to None, run_after=None
[2025-03-27T16:34:10.908+0000] {processor.py:208} INFO - Processing /home/airflow/.local/lib/python3.12/site-packages/airflow/example_dags/example_python_operator.py took 0.117 seconds
[2025-03-27T16:34:41.151+0000] {processor.py:186} INFO - Started process (PID=299) to work on /home/airflow/.local/lib/python3.12/site-packages/airflow/example_dags/example_python_operator.py
[2025-03-27T16:34:41.154+0000] {processor.py:914} INFO - Processing file /home/airflow/.local/lib/python3.12/site-packages/airflow/example_dags/example_python_operator.py for tasks to queue
[2025-03-27T16:34:41.159+0000] {logging_mixin.py:190} INFO - [2025-03-27T16:34:41.158+0000] {dagbag.py:588} INFO - Filling up the DagBag from /home/airflow/.local/lib/python3.12/site-packages/airflow/example_dags/example_python_operator.py
[2025-03-27T16:34:41.183+0000] {processor.py:925} INFO - DAG(s) 'example_python_operator' retrieved from /home/airflow/.local/lib/python3.12/site-packages/airflow/example_dags/example_python_operator.py
[2025-03-27T16:34:41.227+0000] {logging_mixin.py:190} INFO - [2025-03-27T16:34:41.226+0000] {dag.py:3239} INFO - Sync 1 DAGs
[2025-03-27T16:34:41.257+0000] {logging_mixin.py:190} INFO - [2025-03-27T16:34:41.256+0000] {dag.py:4180} INFO - Setting next_dagrun for example_python_operator to None, run_after=None
[2025-03-27T16:34:41.354+0000] {processor.py:208} INFO - Processing /home/airflow/.local/lib/python3.12/site-packages/airflow/example_dags/example_python_operator.py took 0.219 seconds
[2025-03-27T16:35:12.074+0000] {processor.py:186} INFO - Started process (PID=362) to work on /home/airflow/.local/lib/python3.12/site-packages/airflow/example_dags/example_python_operator.py
[2025-03-27T16:35:12.076+0000] {processor.py:914} INFO - Processing file /home/airflow/.local/lib/python3.12/site-packages/airflow/example_dags/example_python_operator.py for tasks to queue
[2025-03-27T16:35:12.079+0000] {logging_mixin.py:190} INFO - [2025-03-27T16:35:12.078+0000] {dagbag.py:588} INFO - Filling up the DagBag from /home/airflow/.local/lib/python3.12/site-packages/airflow/example_dags/example_python_operator.py
[2025-03-27T16:35:12.091+0000] {processor.py:925} INFO - DAG(s) 'example_python_operator' retrieved from /home/airflow/.local/lib/python3.12/site-packages/airflow/example_dags/example_python_operator.py
[2025-03-27T16:35:12.112+0000] {logging_mixin.py:190} INFO - [2025-03-27T16:35:12.112+0000] {dag.py:3239} INFO - Sync 1 DAGs
[2025-03-27T16:35:12.126+0000] {logging_mixin.py:190} INFO - [2025-03-27T16:35:12.126+0000] {dag.py:4180} INFO - Setting next_dagrun for example_python_operator to None, run_after=None
[2025-03-27T16:35:12.173+0000] {processor.py:208} INFO - Processing /home/airflow/.local/lib/python3.12/site-packages/airflow/example_dags/example_python_operator.py took 0.105 seconds
[2025-03-27T16:35:42.631+0000] {processor.py:186} INFO - Started process (PID=426) to work on /home/airflow/.local/lib/python3.12/site-packages/airflow/example_dags/example_python_operator.py
[2025-03-27T16:35:42.632+0000] {processor.py:914} INFO - Processing file /home/airflow/.local/lib/python3.12/site-packages/airflow/example_dags/example_python_operator.py for tasks to queue
[2025-03-27T16:35:42.635+0000] {logging_mixin.py:190} INFO - [2025-03-27T16:35:42.634+0000] {dagbag.py:588} INFO - Filling up the DagBag from /home/airflow/.local/lib/python3.12/site-packages/airflow/example_dags/example_python_operator.py
[2025-03-27T16:35:42.648+0000] {processor.py:925} INFO - DAG(s) 'example_python_operator' retrieved from /home/airflow/.local/lib/python3.12/site-packages/airflow/example_dags/example_python_operator.py
[2025-03-27T16:35:42.670+0000] {logging_mixin.py:190} INFO - [2025-03-27T16:35:42.669+0000] {dag.py:3239} INFO - Sync 1 DAGs
[2025-03-27T16:35:42.684+0000] {logging_mixin.py:190} INFO - [2025-03-27T16:35:42.683+0000] {dag.py:4180} INFO - Setting next_dagrun for example_python_operator to None, run_after=None
[2025-03-27T16:35:42.721+0000] {processor.py:208} INFO - Processing /home/airflow/.local/lib/python3.12/site-packages/airflow/example_dags/example_python_operator.py took 0.097 seconds
[2025-03-27T16:36:13.358+0000] {processor.py:186} INFO - Started process (PID=489) to work on /home/airflow/.local/lib/python3.12/site-packages/airflow/example_dags/example_python_operator.py
[2025-03-27T16:36:13.362+0000] {processor.py:914} INFO - Processing file /home/airflow/.local/lib/python3.12/site-packages/airflow/example_dags/example_python_operator.py for tasks to queue
[2025-03-27T16:36:13.366+0000] {logging_mixin.py:190} INFO - [2025-03-27T16:36:13.366+0000] {dagbag.py:588} INFO - Filling up the DagBag from /home/airflow/.local/lib/python3.12/site-packages/airflow/example_dags/example_python_operator.py
[2025-03-27T16:36:13.383+0000] {processor.py:925} INFO - DAG(s) 'example_python_operator' retrieved from /home/airflow/.local/lib/python3.12/site-packages/airflow/example_dags/example_python_operator.py
[2025-03-27T16:36:13.411+0000] {logging_mixin.py:190} INFO - [2025-03-27T16:36:13.411+0000] {dag.py:3239} INFO - Sync 1 DAGs
[2025-03-27T16:36:13.431+0000] {logging_mixin.py:190} INFO - [2025-03-27T16:36:13.431+0000] {dag.py:4180} INFO - Setting next_dagrun for example_python_operator to None, run_after=None
[2025-03-27T16:36:13.467+0000] {processor.py:208} INFO - Processing /home/airflow/.local/lib/python3.12/site-packages/airflow/example_dags/example_python_operator.py took 0.115 seconds
[2025-03-27T16:36:44.301+0000] {processor.py:186} INFO - Started process (PID=552) to work on /home/airflow/.local/lib/python3.12/site-packages/airflow/example_dags/example_python_operator.py
[2025-03-27T16:36:44.302+0000] {processor.py:914} INFO - Processing file /home/airflow/.local/lib/python3.12/site-packages/airflow/example_dags/example_python_operator.py for tasks to queue
[2025-03-27T16:36:44.305+0000] {logging_mixin.py:190} INFO - [2025-03-27T16:36:44.305+0000] {dagbag.py:588} INFO - Filling up the DagBag from /home/airflow/.local/lib/python3.12/site-packages/airflow/example_dags/example_python_operator.py
[2025-03-27T16:36:44.319+0000] {processor.py:925} INFO - DAG(s) 'example_python_operator' retrieved from /home/airflow/.local/lib/python3.12/site-packages/airflow/example_dags/example_python_operator.py
[2025-03-27T16:36:44.347+0000] {logging_mixin.py:190} INFO - [2025-03-27T16:36:44.347+0000] {dag.py:3239} INFO - Sync 1 DAGs
[2025-03-27T16:36:44.365+0000] {logging_mixin.py:190} INFO - [2025-03-27T16:36:44.365+0000] {dag.py:4180} INFO - Setting next_dagrun for example_python_operator to None, run_after=None
[2025-03-27T16:36:44.394+0000] {processor.py:208} INFO - Processing /home/airflow/.local/lib/python3.12/site-packages/airflow/example_dags/example_python_operator.py took 0.100 seconds
[2025-03-27T16:37:14.626+0000] {processor.py:186} INFO - Started process (PID=614) to work on /home/airflow/.local/lib/python3.12/site-packages/airflow/example_dags/example_python_operator.py
[2025-03-27T16:37:14.639+0000] {processor.py:914} INFO - Processing file /home/airflow/.local/lib/python3.12/site-packages/airflow/example_dags/example_python_operator.py for tasks to queue
[2025-03-27T16:37:14.648+0000] {logging_mixin.py:190} INFO - [2025-03-27T16:37:14.647+0000] {dagbag.py:588} INFO - Filling up the DagBag from /home/airflow/.local/lib/python3.12/site-packages/airflow/example_dags/example_python_operator.py
[2025-03-27T16:37:14.667+0000] {processor.py:925} INFO - DAG(s) 'example_python_operator' retrieved from /home/airflow/.local/lib/python3.12/site-packages/airflow/example_dags/example_python_operator.py
[2025-03-27T16:37:14.698+0000] {logging_mixin.py:190} INFO - [2025-03-27T16:37:14.698+0000] {dag.py:3239} INFO - Sync 1 DAGs
[2025-03-27T16:37:14.718+0000] {logging_mixin.py:190} INFO - [2025-03-27T16:37:14.717+0000] {dag.py:4180} INFO - Setting next_dagrun for example_python_operator to None, run_after=None
[2025-03-27T16:37:14.747+0000] {processor.py:208} INFO - Processing /home/airflow/.local/lib/python3.12/site-packages/airflow/example_dags/example_python_operator.py took 0.129 seconds
[2025-03-27T16:37:45.083+0000] {processor.py:186} INFO - Started process (PID=677) to work on /home/airflow/.local/lib/python3.12/site-packages/airflow/example_dags/example_python_operator.py
[2025-03-27T16:37:45.087+0000] {processor.py:914} INFO - Processing file /home/airflow/.local/lib/python3.12/site-packages/airflow/example_dags/example_python_operator.py for tasks to queue
[2025-03-27T16:37:45.096+0000] {logging_mixin.py:190} INFO - [2025-03-27T16:37:45.095+0000] {dagbag.py:588} INFO - Filling up the DagBag from /home/airflow/.local/lib/python3.12/site-packages/airflow/example_dags/example_python_operator.py
[2025-03-27T16:37:45.147+0000] {processor.py:925} INFO - DAG(s) 'example_python_operator' retrieved from /home/airflow/.local/lib/python3.12/site-packages/airflow/example_dags/example_python_operator.py
[2025-03-27T16:37:45.189+0000] {logging_mixin.py:190} INFO - [2025-03-27T16:37:45.189+0000] {dag.py:3239} INFO - Sync 1 DAGs
[2025-03-27T16:37:45.215+0000] {logging_mixin.py:190} INFO - [2025-03-27T16:37:45.214+0000] {dag.py:4180} INFO - Setting next_dagrun for example_python_operator to None, run_after=None
[2025-03-27T16:37:45.243+0000] {processor.py:208} INFO - Processing /home/airflow/.local/lib/python3.12/site-packages/airflow/example_dags/example_python_operator.py took 0.175 seconds
[2025-03-27T16:38:16.074+0000] {processor.py:186} INFO - Started process (PID=742) to work on /home/airflow/.local/lib/python3.12/site-packages/airflow/example_dags/example_python_operator.py
[2025-03-27T16:38:16.076+0000] {processor.py:914} INFO - Processing file /home/airflow/.local/lib/python3.12/site-packages/airflow/example_dags/example_python_operator.py for tasks to queue
[2025-03-27T16:38:16.079+0000] {logging_mixin.py:190} INFO - [2025-03-27T16:38:16.078+0000] {dagbag.py:588} INFO - Filling up the DagBag from /home/airflow/.local/lib/python3.12/site-packages/airflow/example_dags/example_python_operator.py
[2025-03-27T16:38:16.091+0000] {processor.py:925} INFO - DAG(s) 'example_python_operator' retrieved from /home/airflow/.local/lib/python3.12/site-packages/airflow/example_dags/example_python_operator.py
[2025-03-27T16:38:16.117+0000] {logging_mixin.py:190} INFO - [2025-03-27T16:38:16.117+0000] {dag.py:3239} INFO - Sync 1 DAGs
[2025-03-27T16:38:16.134+0000] {logging_mixin.py:190} INFO - [2025-03-27T16:38:16.134+0000] {dag.py:4180} INFO - Setting next_dagrun for example_python_operator to None, run_after=None
[2025-03-27T16:38:16.202+0000] {processor.py:208} INFO - Processing /home/airflow/.local/lib/python3.12/site-packages/airflow/example_dags/example_python_operator.py took 0.135 seconds
[2025-03-27T16:38:46.943+0000] {processor.py:186} INFO - Started process (PID=808) to work on /home/airflow/.local/lib/python3.12/site-packages/airflow/example_dags/example_python_operator.py
[2025-03-27T16:38:46.945+0000] {processor.py:914} INFO - Processing file /home/airflow/.local/lib/python3.12/site-packages/airflow/example_dags/example_python_operator.py for tasks to queue
[2025-03-27T16:38:46.948+0000] {logging_mixin.py:190} INFO - [2025-03-27T16:38:46.947+0000] {dagbag.py:588} INFO - Filling up the DagBag from /home/airflow/.local/lib/python3.12/site-packages/airflow/example_dags/example_python_operator.py
[2025-03-27T16:38:46.965+0000] {processor.py:925} INFO - DAG(s) 'example_python_operator' retrieved from /home/airflow/.local/lib/python3.12/site-packages/airflow/example_dags/example_python_operator.py
[2025-03-27T16:38:47.000+0000] {logging_mixin.py:190} INFO - [2025-03-27T16:38:46.999+0000] {dag.py:3239} INFO - Sync 1 DAGs
[2025-03-27T16:38:47.020+0000] {logging_mixin.py:190} INFO - [2025-03-27T16:38:47.020+0000] {dag.py:4180} INFO - Setting next_dagrun for example_python_operator to None, run_after=None
[2025-03-27T16:38:47.041+0000] {processor.py:208} INFO - Processing /home/airflow/.local/lib/python3.12/site-packages/airflow/example_dags/example_python_operator.py took 0.106 seconds
[2025-03-27T16:39:17.895+0000] {processor.py:186} INFO - Started process (PID=873) to work on /home/airflow/.local/lib/python3.12/site-packages/airflow/example_dags/example_python_operator.py
[2025-03-27T16:39:17.898+0000] {processor.py:914} INFO - Processing file /home/airflow/.local/lib/python3.12/site-packages/airflow/example_dags/example_python_operator.py for tasks to queue
[2025-03-27T16:39:17.905+0000] {logging_mixin.py:190} INFO - [2025-03-27T16:39:17.904+0000] {dagbag.py:588} INFO - Filling up the DagBag from /home/airflow/.local/lib/python3.12/site-packages/airflow/example_dags/example_python_operator.py
[2025-03-27T16:39:17.935+0000] {processor.py:925} INFO - DAG(s) 'example_python_operator' retrieved from /home/airflow/.local/lib/python3.12/site-packages/airflow/example_dags/example_python_operator.py
[2025-03-27T16:39:17.991+0000] {logging_mixin.py:190} INFO - [2025-03-27T16:39:17.991+0000] {dag.py:3239} INFO - Sync 1 DAGs
[2025-03-27T16:39:18.016+0000] {logging_mixin.py:190} INFO - [2025-03-27T16:39:18.016+0000] {dag.py:4180} INFO - Setting next_dagrun for example_python_operator to None, run_after=None
[2025-03-27T16:39:18.048+0000] {processor.py:208} INFO - Processing /home/airflow/.local/lib/python3.12/site-packages/airflow/example_dags/example_python_operator.py took 0.170 seconds
[2025-03-27T16:39:48.956+0000] {processor.py:186} INFO - Started process (PID=938) to work on /home/airflow/.local/lib/python3.12/site-packages/airflow/example_dags/example_python_operator.py
[2025-03-27T16:39:48.961+0000] {processor.py:914} INFO - Processing file /home/airflow/.local/lib/python3.12/site-packages/airflow/example_dags/example_python_operator.py for tasks to queue
[2025-03-27T16:39:48.969+0000] {logging_mixin.py:190} INFO - [2025-03-27T16:39:48.968+0000] {dagbag.py:588} INFO - Filling up the DagBag from /home/airflow/.local/lib/python3.12/site-packages/airflow/example_dags/example_python_operator.py
[2025-03-27T16:39:49.006+0000] {processor.py:925} INFO - DAG(s) 'example_python_operator' retrieved from /home/airflow/.local/lib/python3.12/site-packages/airflow/example_dags/example_python_operator.py
[2025-03-27T16:39:49.045+0000] {logging_mixin.py:190} INFO - [2025-03-27T16:39:49.045+0000] {dag.py:3239} INFO - Sync 1 DAGs
[2025-03-27T16:39:49.066+0000] {logging_mixin.py:190} INFO - [2025-03-27T16:39:49.066+0000] {dag.py:4180} INFO - Setting next_dagrun for example_python_operator to None, run_after=None
[2025-03-27T16:39:49.170+0000] {processor.py:208} INFO - Processing /home/airflow/.local/lib/python3.12/site-packages/airflow/example_dags/example_python_operator.py took 0.221 seconds
[2025-03-27T16:40:20.292+0000] {processor.py:186} INFO - Started process (PID=1003) to work on /home/airflow/.local/lib/python3.12/site-packages/airflow/example_dags/example_python_operator.py
[2025-03-27T16:40:20.293+0000] {processor.py:914} INFO - Processing file /home/airflow/.local/lib/python3.12/site-packages/airflow/example_dags/example_python_operator.py for tasks to queue
[2025-03-27T16:40:20.296+0000] {logging_mixin.py:190} INFO - [2025-03-27T16:40:20.295+0000] {dagbag.py:588} INFO - Filling up the DagBag from /home/airflow/.local/lib/python3.12/site-packages/airflow/example_dags/example_python_operator.py
[2025-03-27T16:40:20.310+0000] {processor.py:925} INFO - DAG(s) 'example_python_operator' retrieved from /home/airflow/.local/lib/python3.12/site-packages/airflow/example_dags/example_python_operator.py
[2025-03-27T16:40:20.341+0000] {logging_mixin.py:190} INFO - [2025-03-27T16:40:20.341+0000] {dag.py:3239} INFO - Sync 1 DAGs
[2025-03-27T16:40:20.360+0000] {logging_mixin.py:190} INFO - [2025-03-27T16:40:20.360+0000] {dag.py:4180} INFO - Setting next_dagrun for example_python_operator to None, run_after=None
[2025-03-27T16:40:20.387+0000] {processor.py:208} INFO - Processing /home/airflow/.local/lib/python3.12/site-packages/airflow/example_dags/example_python_operator.py took 0.107 seconds
[2025-03-27T16:40:50.965+0000] {processor.py:186} INFO - Started process (PID=1068) to work on /home/airflow/.local/lib/python3.12/site-packages/airflow/example_dags/example_python_operator.py
[2025-03-27T16:40:50.966+0000] {processor.py:914} INFO - Processing file /home/airflow/.local/lib/python3.12/site-packages/airflow/example_dags/example_python_operator.py for tasks to queue
[2025-03-27T16:40:50.969+0000] {logging_mixin.py:190} INFO - [2025-03-27T16:40:50.969+0000] {dagbag.py:588} INFO - Filling up the DagBag from /home/airflow/.local/lib/python3.12/site-packages/airflow/example_dags/example_python_operator.py
[2025-03-27T16:40:50.985+0000] {processor.py:925} INFO - DAG(s) 'example_python_operator' retrieved from /home/airflow/.local/lib/python3.12/site-packages/airflow/example_dags/example_python_operator.py
[2025-03-27T16:40:51.011+0000] {logging_mixin.py:190} INFO - [2025-03-27T16:40:51.011+0000] {dag.py:3239} INFO - Sync 1 DAGs
[2025-03-27T16:40:51.029+0000] {logging_mixin.py:190} INFO - [2025-03-27T16:40:51.028+0000] {dag.py:4180} INFO - Setting next_dagrun for example_python_operator to None, run_after=None
[2025-03-27T16:40:51.051+0000] {processor.py:208} INFO - Processing /home/airflow/.local/lib/python3.12/site-packages/airflow/example_dags/example_python_operator.py took 0.093 seconds
[2025-03-27T16:41:21.981+0000] {processor.py:186} INFO - Started process (PID=1133) to work on /home/airflow/.local/lib/python3.12/site-packages/airflow/example_dags/example_python_operator.py
[2025-03-27T16:41:21.982+0000] {processor.py:914} INFO - Processing file /home/airflow/.local/lib/python3.12/site-packages/airflow/example_dags/example_python_operator.py for tasks to queue
[2025-03-27T16:41:21.985+0000] {logging_mixin.py:190} INFO - [2025-03-27T16:41:21.984+0000] {dagbag.py:588} INFO - Filling up the DagBag from /home/airflow/.local/lib/python3.12/site-packages/airflow/example_dags/example_python_operator.py
[2025-03-27T16:41:21.997+0000] {processor.py:925} INFO - DAG(s) 'example_python_operator' retrieved from /home/airflow/.local/lib/python3.12/site-packages/airflow/example_dags/example_python_operator.py
[2025-03-27T16:41:22.032+0000] {logging_mixin.py:190} INFO - [2025-03-27T16:41:22.031+0000] {dag.py:3239} INFO - Sync 1 DAGs
[2025-03-27T16:41:22.071+0000] {logging_mixin.py:190} INFO - [2025-03-27T16:41:22.071+0000] {dag.py:4180} INFO - Setting next_dagrun for example_python_operator to None, run_after=None
[2025-03-27T16:41:22.100+0000] {processor.py:208} INFO - Processing /home/airflow/.local/lib/python3.12/site-packages/airflow/example_dags/example_python_operator.py took 0.126 seconds
[2025-03-27T16:41:52.432+0000] {processor.py:186} INFO - Started process (PID=1198) to work on /home/airflow/.local/lib/python3.12/site-packages/airflow/example_dags/example_python_operator.py
[2025-03-27T16:41:52.433+0000] {processor.py:914} INFO - Processing file /home/airflow/.local/lib/python3.12/site-packages/airflow/example_dags/example_python_operator.py for tasks to queue
[2025-03-27T16:41:52.437+0000] {logging_mixin.py:190} INFO - [2025-03-27T16:41:52.437+0000] {dagbag.py:588} INFO - Filling up the DagBag from /home/airflow/.local/lib/python3.12/site-packages/airflow/example_dags/example_python_operator.py
[2025-03-27T16:41:52.457+0000] {processor.py:925} INFO - DAG(s) 'example_python_operator' retrieved from /home/airflow/.local/lib/python3.12/site-packages/airflow/example_dags/example_python_operator.py
[2025-03-27T16:41:52.497+0000] {logging_mixin.py:190} INFO - [2025-03-27T16:41:52.497+0000] {dag.py:3239} INFO - Sync 1 DAGs
[2025-03-27T16:41:52.515+0000] {logging_mixin.py:190} INFO - [2025-03-27T16:41:52.515+0000] {dag.py:4180} INFO - Setting next_dagrun for example_python_operator to None, run_after=None
[2025-03-27T16:41:52.539+0000] {processor.py:208} INFO - Processing /home/airflow/.local/lib/python3.12/site-packages/airflow/example_dags/example_python_operator.py took 0.116 seconds
[2025-03-27T16:42:22.845+0000] {processor.py:186} INFO - Started process (PID=1263) to work on /home/airflow/.local/lib/python3.12/site-packages/airflow/example_dags/example_python_operator.py
[2025-03-27T16:42:22.847+0000] {processor.py:914} INFO - Processing file /home/airflow/.local/lib/python3.12/site-packages/airflow/example_dags/example_python_operator.py for tasks to queue
[2025-03-27T16:42:22.850+0000] {logging_mixin.py:190} INFO - [2025-03-27T16:42:22.850+0000] {dagbag.py:588} INFO - Filling up the DagBag from /home/airflow/.local/lib/python3.12/site-packages/airflow/example_dags/example_python_operator.py
[2025-03-27T16:42:22.863+0000] {processor.py:925} INFO - DAG(s) 'example_python_operator' retrieved from /home/airflow/.local/lib/python3.12/site-packages/airflow/example_dags/example_python_operator.py
[2025-03-27T16:42:22.889+0000] {logging_mixin.py:190} INFO - [2025-03-27T16:42:22.888+0000] {dag.py:3239} INFO - Sync 1 DAGs
[2025-03-27T16:42:22.908+0000] {logging_mixin.py:190} INFO - [2025-03-27T16:42:22.908+0000] {dag.py:4180} INFO - Setting next_dagrun for example_python_operator to None, run_after=None
[2025-03-27T16:42:22.941+0000] {processor.py:208} INFO - Processing /home/airflow/.local/lib/python3.12/site-packages/airflow/example_dags/example_python_operator.py took 0.103 seconds
[2025-03-27T16:42:53.665+0000] {processor.py:186} INFO - Started process (PID=1329) to work on /home/airflow/.local/lib/python3.12/site-packages/airflow/example_dags/example_python_operator.py
[2025-03-27T16:42:53.667+0000] {processor.py:914} INFO - Processing file /home/airflow/.local/lib/python3.12/site-packages/airflow/example_dags/example_python_operator.py for tasks to queue
[2025-03-27T16:42:53.672+0000] {logging_mixin.py:190} INFO - [2025-03-27T16:42:53.671+0000] {dagbag.py:588} INFO - Filling up the DagBag from /home/airflow/.local/lib/python3.12/site-packages/airflow/example_dags/example_python_operator.py
[2025-03-27T16:42:53.690+0000] {processor.py:925} INFO - DAG(s) 'example_python_operator' retrieved from /home/airflow/.local/lib/python3.12/site-packages/airflow/example_dags/example_python_operator.py
[2025-03-27T16:42:53.725+0000] {logging_mixin.py:190} INFO - [2025-03-27T16:42:53.725+0000] {dag.py:3239} INFO - Sync 1 DAGs
[2025-03-27T16:42:53.749+0000] {logging_mixin.py:190} INFO - [2025-03-27T16:42:53.748+0000] {dag.py:4180} INFO - Setting next_dagrun for example_python_operator to None, run_after=None
[2025-03-27T16:42:53.780+0000] {processor.py:208} INFO - Processing /home/airflow/.local/lib/python3.12/site-packages/airflow/example_dags/example_python_operator.py took 0.124 seconds
[2025-03-27T16:43:24.195+0000] {processor.py:186} INFO - Started process (PID=1394) to work on /home/airflow/.local/lib/python3.12/site-packages/airflow/example_dags/example_python_operator.py
[2025-03-27T16:43:24.198+0000] {processor.py:914} INFO - Processing file /home/airflow/.local/lib/python3.12/site-packages/airflow/example_dags/example_python_operator.py for tasks to queue
[2025-03-27T16:43:24.204+0000] {logging_mixin.py:190} INFO - [2025-03-27T16:43:24.203+0000] {dagbag.py:588} INFO - Filling up the DagBag from /home/airflow/.local/lib/python3.12/site-packages/airflow/example_dags/example_python_operator.py
[2025-03-27T16:43:24.228+0000] {processor.py:925} INFO - DAG(s) 'example_python_operator' retrieved from /home/airflow/.local/lib/python3.12/site-packages/airflow/example_dags/example_python_operator.py
[2025-03-27T16:43:24.266+0000] {logging_mixin.py:190} INFO - [2025-03-27T16:43:24.266+0000] {dag.py:3239} INFO - Sync 1 DAGs
[2025-03-27T16:43:24.289+0000] {logging_mixin.py:190} INFO - [2025-03-27T16:43:24.289+0000] {dag.py:4180} INFO - Setting next_dagrun for example_python_operator to None, run_after=None
[2025-03-27T16:43:24.319+0000] {processor.py:208} INFO - Processing /home/airflow/.local/lib/python3.12/site-packages/airflow/example_dags/example_python_operator.py took 0.136 seconds
[2025-03-27T16:43:54.436+0000] {processor.py:186} INFO - Started process (PID=1459) to work on /home/airflow/.local/lib/python3.12/site-packages/airflow/example_dags/example_python_operator.py
[2025-03-27T16:43:54.438+0000] {processor.py:914} INFO - Processing file /home/airflow/.local/lib/python3.12/site-packages/airflow/example_dags/example_python_operator.py for tasks to queue
[2025-03-27T16:43:54.441+0000] {logging_mixin.py:190} INFO - [2025-03-27T16:43:54.441+0000] {dagbag.py:588} INFO - Filling up the DagBag from /home/airflow/.local/lib/python3.12/site-packages/airflow/example_dags/example_python_operator.py
[2025-03-27T16:43:54.469+0000] {processor.py:925} INFO - DAG(s) 'example_python_operator' retrieved from /home/airflow/.local/lib/python3.12/site-packages/airflow/example_dags/example_python_operator.py
[2025-03-27T16:43:54.514+0000] {logging_mixin.py:190} INFO - [2025-03-27T16:43:54.514+0000] {dag.py:3239} INFO - Sync 1 DAGs
[2025-03-27T16:43:54.561+0000] {logging_mixin.py:190} INFO - [2025-03-27T16:43:54.559+0000] {dag.py:4180} INFO - Setting next_dagrun for example_python_operator to None, run_after=None
[2025-03-27T16:43:54.608+0000] {processor.py:208} INFO - Processing /home/airflow/.local/lib/python3.12/site-packages/airflow/example_dags/example_python_operator.py took 0.181 seconds
[2025-03-27T16:44:24.881+0000] {processor.py:186} INFO - Started process (PID=1526) to work on /home/airflow/.local/lib/python3.12/site-packages/airflow/example_dags/example_python_operator.py
[2025-03-27T16:44:24.883+0000] {processor.py:914} INFO - Processing file /home/airflow/.local/lib/python3.12/site-packages/airflow/example_dags/example_python_operator.py for tasks to queue
[2025-03-27T16:44:24.886+0000] {logging_mixin.py:190} INFO - [2025-03-27T16:44:24.886+0000] {dagbag.py:588} INFO - Filling up the DagBag from /home/airflow/.local/lib/python3.12/site-packages/airflow/example_dags/example_python_operator.py
[2025-03-27T16:44:24.899+0000] {processor.py:925} INFO - DAG(s) 'example_python_operator' retrieved from /home/airflow/.local/lib/python3.12/site-packages/airflow/example_dags/example_python_operator.py
[2025-03-27T16:44:24.923+0000] {logging_mixin.py:190} INFO - [2025-03-27T16:44:24.923+0000] {dag.py:3239} INFO - Sync 1 DAGs
[2025-03-27T16:44:24.939+0000] {logging_mixin.py:190} INFO - [2025-03-27T16:44:24.938+0000] {dag.py:4180} INFO - Setting next_dagrun for example_python_operator to None, run_after=None
[2025-03-27T16:44:24.968+0000] {processor.py:208} INFO - Processing /home/airflow/.local/lib/python3.12/site-packages/airflow/example_dags/example_python_operator.py took 0.095 seconds
[2025-03-27T16:44:55.726+0000] {processor.py:186} INFO - Started process (PID=1591) to work on /home/airflow/.local/lib/python3.12/site-packages/airflow/example_dags/example_python_operator.py
[2025-03-27T16:44:55.727+0000] {processor.py:914} INFO - Processing file /home/airflow/.local/lib/python3.12/site-packages/airflow/example_dags/example_python_operator.py for tasks to queue
[2025-03-27T16:44:55.730+0000] {logging_mixin.py:190} INFO - [2025-03-27T16:44:55.730+0000] {dagbag.py:588} INFO - Filling up the DagBag from /home/airflow/.local/lib/python3.12/site-packages/airflow/example_dags/example_python_operator.py
[2025-03-27T16:44:55.744+0000] {processor.py:925} INFO - DAG(s) 'example_python_operator' retrieved from /home/airflow/.local/lib/python3.12/site-packages/airflow/example_dags/example_python_operator.py
[2025-03-27T16:44:55.768+0000] {logging_mixin.py:190} INFO - [2025-03-27T16:44:55.767+0000] {dag.py:3239} INFO - Sync 1 DAGs
[2025-03-27T16:44:55.788+0000] {logging_mixin.py:190} INFO - [2025-03-27T16:44:55.788+0000] {dag.py:4180} INFO - Setting next_dagrun for example_python_operator to None, run_after=None
[2025-03-27T16:44:55.808+0000] {processor.py:208} INFO - Processing /home/airflow/.local/lib/python3.12/site-packages/airflow/example_dags/example_python_operator.py took 0.090 seconds
[2025-03-27T16:45:26.359+0000] {processor.py:186} INFO - Started process (PID=1656) to work on /home/airflow/.local/lib/python3.12/site-packages/airflow/example_dags/example_python_operator.py
[2025-03-27T16:45:26.362+0000] {processor.py:914} INFO - Processing file /home/airflow/.local/lib/python3.12/site-packages/airflow/example_dags/example_python_operator.py for tasks to queue
[2025-03-27T16:45:26.367+0000] {logging_mixin.py:190} INFO - [2025-03-27T16:45:26.367+0000] {dagbag.py:588} INFO - Filling up the DagBag from /home/airflow/.local/lib/python3.12/site-packages/airflow/example_dags/example_python_operator.py
[2025-03-27T16:45:26.390+0000] {processor.py:925} INFO - DAG(s) 'example_python_operator' retrieved from /home/airflow/.local/lib/python3.12/site-packages/airflow/example_dags/example_python_operator.py
[2025-03-27T16:45:26.430+0000] {logging_mixin.py:190} INFO - [2025-03-27T16:45:26.429+0000] {dag.py:3239} INFO - Sync 1 DAGs
[2025-03-27T16:45:26.450+0000] {logging_mixin.py:190} INFO - [2025-03-27T16:45:26.450+0000] {dag.py:4180} INFO - Setting next_dagrun for example_python_operator to None, run_after=None
[2025-03-27T16:45:26.477+0000] {processor.py:208} INFO - Processing /home/airflow/.local/lib/python3.12/site-packages/airflow/example_dags/example_python_operator.py took 0.132 seconds
[2025-03-27T16:45:57.098+0000] {processor.py:186} INFO - Started process (PID=1721) to work on /home/airflow/.local/lib/python3.12/site-packages/airflow/example_dags/example_python_operator.py
[2025-03-27T16:45:57.114+0000] {processor.py:914} INFO - Processing file /home/airflow/.local/lib/python3.12/site-packages/airflow/example_dags/example_python_operator.py for tasks to queue
[2025-03-27T16:45:57.117+0000] {logging_mixin.py:190} INFO - [2025-03-27T16:45:57.117+0000] {dagbag.py:588} INFO - Filling up the DagBag from /home/airflow/.local/lib/python3.12/site-packages/airflow/example_dags/example_python_operator.py
[2025-03-27T16:45:57.145+0000] {processor.py:925} INFO - DAG(s) 'example_python_operator' retrieved from /home/airflow/.local/lib/python3.12/site-packages/airflow/example_dags/example_python_operator.py
[2025-03-27T16:45:57.201+0000] {logging_mixin.py:190} INFO - [2025-03-27T16:45:57.200+0000] {dag.py:3239} INFO - Sync 1 DAGs
[2025-03-27T16:45:57.222+0000] {logging_mixin.py:190} INFO - [2025-03-27T16:45:57.222+0000] {dag.py:4180} INFO - Setting next_dagrun for example_python_operator to None, run_after=None
[2025-03-27T16:45:57.244+0000] {processor.py:208} INFO - Processing /home/airflow/.local/lib/python3.12/site-packages/airflow/example_dags/example_python_operator.py took 0.160 seconds
[2025-03-27T16:46:27.853+0000] {processor.py:186} INFO - Started process (PID=1786) to work on /home/airflow/.local/lib/python3.12/site-packages/airflow/example_dags/example_python_operator.py
[2025-03-27T16:46:27.854+0000] {processor.py:914} INFO - Processing file /home/airflow/.local/lib/python3.12/site-packages/airflow/example_dags/example_python_operator.py for tasks to queue
[2025-03-27T16:46:27.859+0000] {logging_mixin.py:190} INFO - [2025-03-27T16:46:27.858+0000] {dagbag.py:588} INFO - Filling up the DagBag from /home/airflow/.local/lib/python3.12/site-packages/airflow/example_dags/example_python_operator.py
[2025-03-27T16:46:27.881+0000] {processor.py:925} INFO - DAG(s) 'example_python_operator' retrieved from /home/airflow/.local/lib/python3.12/site-packages/airflow/example_dags/example_python_operator.py
[2025-03-27T16:46:27.914+0000] {logging_mixin.py:190} INFO - [2025-03-27T16:46:27.914+0000] {dag.py:3239} INFO - Sync 1 DAGs
[2025-03-27T16:46:27.933+0000] {logging_mixin.py:190} INFO - [2025-03-27T16:46:27.933+0000] {dag.py:4180} INFO - Setting next_dagrun for example_python_operator to None, run_after=None
[2025-03-27T16:46:27.955+0000] {processor.py:208} INFO - Processing /home/airflow/.local/lib/python3.12/site-packages/airflow/example_dags/example_python_operator.py took 0.111 seconds
[2025-03-27T16:46:58.837+0000] {processor.py:186} INFO - Started process (PID=1856) to work on /home/airflow/.local/lib/python3.12/site-packages/airflow/example_dags/example_python_operator.py
[2025-03-27T16:46:58.838+0000] {processor.py:914} INFO - Processing file /home/airflow/.local/lib/python3.12/site-packages/airflow/example_dags/example_python_operator.py for tasks to queue
[2025-03-27T16:46:58.840+0000] {logging_mixin.py:190} INFO - [2025-03-27T16:46:58.840+0000] {dagbag.py:588} INFO - Filling up the DagBag from /home/airflow/.local/lib/python3.12/site-packages/airflow/example_dags/example_python_operator.py
[2025-03-27T16:46:58.857+0000] {processor.py:925} INFO - DAG(s) 'example_python_operator' retrieved from /home/airflow/.local/lib/python3.12/site-packages/airflow/example_dags/example_python_operator.py
[2025-03-27T16:46:58.884+0000] {logging_mixin.py:190} INFO - [2025-03-27T16:46:58.883+0000] {dag.py:3239} INFO - Sync 1 DAGs
[2025-03-27T16:46:58.899+0000] {logging_mixin.py:190} INFO - [2025-03-27T16:46:58.899+0000] {dag.py:4180} INFO - Setting next_dagrun for example_python_operator to None, run_after=None
[2025-03-27T16:46:58.922+0000] {processor.py:208} INFO - Processing /home/airflow/.local/lib/python3.12/site-packages/airflow/example_dags/example_python_operator.py took 0.092 seconds
[2025-03-27T16:47:29.301+0000] {processor.py:186} INFO - Started process (PID=1921) to work on /home/airflow/.local/lib/python3.12/site-packages/airflow/example_dags/example_python_operator.py
[2025-03-27T16:47:29.302+0000] {processor.py:914} INFO - Processing file /home/airflow/.local/lib/python3.12/site-packages/airflow/example_dags/example_python_operator.py for tasks to queue
[2025-03-27T16:47:29.305+0000] {logging_mixin.py:190} INFO - [2025-03-27T16:47:29.305+0000] {dagbag.py:588} INFO - Filling up the DagBag from /home/airflow/.local/lib/python3.12/site-packages/airflow/example_dags/example_python_operator.py
[2025-03-27T16:47:29.330+0000] {processor.py:925} INFO - DAG(s) 'example_python_operator' retrieved from /home/airflow/.local/lib/python3.12/site-packages/airflow/example_dags/example_python_operator.py
[2025-03-27T16:47:29.360+0000] {logging_mixin.py:190} INFO - [2025-03-27T16:47:29.359+0000] {dag.py:3239} INFO - Sync 1 DAGs
[2025-03-27T16:47:29.384+0000] {logging_mixin.py:190} INFO - [2025-03-27T16:47:29.384+0000] {dag.py:4180} INFO - Setting next_dagrun for example_python_operator to None, run_after=None
[2025-03-27T16:47:29.432+0000] {processor.py:208} INFO - Processing /home/airflow/.local/lib/python3.12/site-packages/airflow/example_dags/example_python_operator.py took 0.137 seconds
[2025-03-27T16:48:00.244+0000] {processor.py:186} INFO - Started process (PID=1986) to work on /home/airflow/.local/lib/python3.12/site-packages/airflow/example_dags/example_python_operator.py
[2025-03-27T16:48:00.245+0000] {processor.py:914} INFO - Processing file /home/airflow/.local/lib/python3.12/site-packages/airflow/example_dags/example_python_operator.py for tasks to queue
[2025-03-27T16:48:00.248+0000] {logging_mixin.py:190} INFO - [2025-03-27T16:48:00.248+0000] {dagbag.py:588} INFO - Filling up the DagBag from /home/airflow/.local/lib/python3.12/site-packages/airflow/example_dags/example_python_operator.py
[2025-03-27T16:48:00.262+0000] {processor.py:925} INFO - DAG(s) 'example_python_operator' retrieved from /home/airflow/.local/lib/python3.12/site-packages/airflow/example_dags/example_python_operator.py
[2025-03-27T16:48:00.288+0000] {logging_mixin.py:190} INFO - [2025-03-27T16:48:00.288+0000] {dag.py:3239} INFO - Sync 1 DAGs
[2025-03-27T16:48:00.308+0000] {logging_mixin.py:190} INFO - [2025-03-27T16:48:00.308+0000] {dag.py:4180} INFO - Setting next_dagrun for example_python_operator to None, run_after=None
[2025-03-27T16:48:00.335+0000] {processor.py:208} INFO - Processing /home/airflow/.local/lib/python3.12/site-packages/airflow/example_dags/example_python_operator.py took 0.098 seconds
[2025-03-27T16:48:31.236+0000] {processor.py:186} INFO - Started process (PID=2051) to work on /home/airflow/.local/lib/python3.12/site-packages/airflow/example_dags/example_python_operator.py
[2025-03-27T16:48:31.238+0000] {processor.py:914} INFO - Processing file /home/airflow/.local/lib/python3.12/site-packages/airflow/example_dags/example_python_operator.py for tasks to queue
[2025-03-27T16:48:31.247+0000] {logging_mixin.py:190} INFO - [2025-03-27T16:48:31.246+0000] {dagbag.py:588} INFO - Filling up the DagBag from /home/airflow/.local/lib/python3.12/site-packages/airflow/example_dags/example_python_operator.py
[2025-03-27T16:48:31.271+0000] {processor.py:925} INFO - DAG(s) 'example_python_operator' retrieved from /home/airflow/.local/lib/python3.12/site-packages/airflow/example_dags/example_python_operator.py
[2025-03-27T16:48:31.298+0000] {logging_mixin.py:190} INFO - [2025-03-27T16:48:31.297+0000] {dag.py:3239} INFO - Sync 1 DAGs
[2025-03-27T16:48:31.312+0000] {logging_mixin.py:190} INFO - [2025-03-27T16:48:31.311+0000] {dag.py:4180} INFO - Setting next_dagrun for example_python_operator to None, run_after=None
[2025-03-27T16:48:31.331+0000] {processor.py:208} INFO - Processing /home/airflow/.local/lib/python3.12/site-packages/airflow/example_dags/example_python_operator.py took 0.114 seconds
[2025-03-27T16:49:01.514+0000] {processor.py:186} INFO - Started process (PID=2116) to work on /home/airflow/.local/lib/python3.12/site-packages/airflow/example_dags/example_python_operator.py
[2025-03-27T16:49:01.515+0000] {processor.py:914} INFO - Processing file /home/airflow/.local/lib/python3.12/site-packages/airflow/example_dags/example_python_operator.py for tasks to queue
[2025-03-27T16:49:01.519+0000] {logging_mixin.py:190} INFO - [2025-03-27T16:49:01.518+0000] {dagbag.py:588} INFO - Filling up the DagBag from /home/airflow/.local/lib/python3.12/site-packages/airflow/example_dags/example_python_operator.py
[2025-03-27T16:49:01.533+0000] {processor.py:925} INFO - DAG(s) 'example_python_operator' retrieved from /home/airflow/.local/lib/python3.12/site-packages/airflow/example_dags/example_python_operator.py
[2025-03-27T16:49:01.557+0000] {logging_mixin.py:190} INFO - [2025-03-27T16:49:01.557+0000] {dag.py:3239} INFO - Sync 1 DAGs
[2025-03-27T16:49:01.572+0000] {logging_mixin.py:190} INFO - [2025-03-27T16:49:01.572+0000] {dag.py:4180} INFO - Setting next_dagrun for example_python_operator to None, run_after=None
[2025-03-27T16:49:01.598+0000] {processor.py:208} INFO - Processing /home/airflow/.local/lib/python3.12/site-packages/airflow/example_dags/example_python_operator.py took 0.090 seconds
[2025-03-27T16:49:32.065+0000] {processor.py:186} INFO - Started process (PID=2181) to work on /home/airflow/.local/lib/python3.12/site-packages/airflow/example_dags/example_python_operator.py
[2025-03-27T16:49:32.066+0000] {processor.py:914} INFO - Processing file /home/airflow/.local/lib/python3.12/site-packages/airflow/example_dags/example_python_operator.py for tasks to queue
[2025-03-27T16:49:32.069+0000] {logging_mixin.py:190} INFO - [2025-03-27T16:49:32.069+0000] {dagbag.py:588} INFO - Filling up the DagBag from /home/airflow/.local/lib/python3.12/site-packages/airflow/example_dags/example_python_operator.py
[2025-03-27T16:49:32.085+0000] {processor.py:925} INFO - DAG(s) 'example_python_operator' retrieved from /home/airflow/.local/lib/python3.12/site-packages/airflow/example_dags/example_python_operator.py
[2025-03-27T16:49:32.107+0000] {logging_mixin.py:190} INFO - [2025-03-27T16:49:32.107+0000] {dag.py:3239} INFO - Sync 1 DAGs
[2025-03-27T16:49:32.123+0000] {logging_mixin.py:190} INFO - [2025-03-27T16:49:32.123+0000] {dag.py:4180} INFO - Setting next_dagrun for example_python_operator to None, run_after=None
[2025-03-27T16:49:32.148+0000] {processor.py:208} INFO - Processing /home/airflow/.local/lib/python3.12/site-packages/airflow/example_dags/example_python_operator.py took 0.091 seconds
[2025-03-27T16:50:02.979+0000] {processor.py:186} INFO - Started process (PID=2246) to work on /home/airflow/.local/lib/python3.12/site-packages/airflow/example_dags/example_python_operator.py
[2025-03-27T16:50:02.982+0000] {processor.py:914} INFO - Processing file /home/airflow/.local/lib/python3.12/site-packages/airflow/example_dags/example_python_operator.py for tasks to queue
[2025-03-27T16:50:02.990+0000] {logging_mixin.py:190} INFO - [2025-03-27T16:50:02.989+0000] {dagbag.py:588} INFO - Filling up the DagBag from /home/airflow/.local/lib/python3.12/site-packages/airflow/example_dags/example_python_operator.py
[2025-03-27T16:50:03.013+0000] {processor.py:925} INFO - DAG(s) 'example_python_operator' retrieved from /home/airflow/.local/lib/python3.12/site-packages/airflow/example_dags/example_python_operator.py
[2025-03-27T16:50:03.064+0000] {logging_mixin.py:190} INFO - [2025-03-27T16:50:03.064+0000] {dag.py:3239} INFO - Sync 1 DAGs
[2025-03-27T16:50:03.088+0000] {logging_mixin.py:190} INFO - [2025-03-27T16:50:03.087+0000] {dag.py:4180} INFO - Setting next_dagrun for example_python_operator to None, run_after=None
[2025-03-27T16:50:03.127+0000] {processor.py:208} INFO - Processing /home/airflow/.local/lib/python3.12/site-packages/airflow/example_dags/example_python_operator.py took 0.159 seconds
[2025-03-27T16:50:33.575+0000] {processor.py:186} INFO - Started process (PID=2311) to work on /home/airflow/.local/lib/python3.12/site-packages/airflow/example_dags/example_python_operator.py
[2025-03-27T16:50:33.576+0000] {processor.py:914} INFO - Processing file /home/airflow/.local/lib/python3.12/site-packages/airflow/example_dags/example_python_operator.py for tasks to queue
[2025-03-27T16:50:33.580+0000] {logging_mixin.py:190} INFO - [2025-03-27T16:50:33.579+0000] {dagbag.py:588} INFO - Filling up the DagBag from /home/airflow/.local/lib/python3.12/site-packages/airflow/example_dags/example_python_operator.py
[2025-03-27T16:50:33.597+0000] {processor.py:925} INFO - DAG(s) 'example_python_operator' retrieved from /home/airflow/.local/lib/python3.12/site-packages/airflow/example_dags/example_python_operator.py
[2025-03-27T16:50:33.623+0000] {logging_mixin.py:190} INFO - [2025-03-27T16:50:33.623+0000] {dag.py:3239} INFO - Sync 1 DAGs
[2025-03-27T16:50:33.642+0000] {logging_mixin.py:190} INFO - [2025-03-27T16:50:33.641+0000] {dag.py:4180} INFO - Setting next_dagrun for example_python_operator to None, run_after=None
[2025-03-27T16:50:33.675+0000] {processor.py:208} INFO - Processing /home/airflow/.local/lib/python3.12/site-packages/airflow/example_dags/example_python_operator.py took 0.108 seconds
[2025-03-27T16:51:04.477+0000] {processor.py:186} INFO - Started process (PID=2374) to work on /home/airflow/.local/lib/python3.12/site-packages/airflow/example_dags/example_python_operator.py
[2025-03-27T16:51:04.479+0000] {processor.py:914} INFO - Processing file /home/airflow/.local/lib/python3.12/site-packages/airflow/example_dags/example_python_operator.py for tasks to queue
[2025-03-27T16:51:04.483+0000] {logging_mixin.py:190} INFO - [2025-03-27T16:51:04.482+0000] {dagbag.py:588} INFO - Filling up the DagBag from /home/airflow/.local/lib/python3.12/site-packages/airflow/example_dags/example_python_operator.py
[2025-03-27T16:51:04.498+0000] {processor.py:925} INFO - DAG(s) 'example_python_operator' retrieved from /home/airflow/.local/lib/python3.12/site-packages/airflow/example_dags/example_python_operator.py
[2025-03-27T16:51:04.524+0000] {logging_mixin.py:190} INFO - [2025-03-27T16:51:04.523+0000] {dag.py:3239} INFO - Sync 1 DAGs
[2025-03-27T16:51:04.541+0000] {logging_mixin.py:190} INFO - [2025-03-27T16:51:04.541+0000] {dag.py:4180} INFO - Setting next_dagrun for example_python_operator to None, run_after=None
[2025-03-27T16:51:04.566+0000] {processor.py:208} INFO - Processing /home/airflow/.local/lib/python3.12/site-packages/airflow/example_dags/example_python_operator.py took 0.100 seconds
[2025-03-27T16:51:34.802+0000] {processor.py:186} INFO - Started process (PID=2439) to work on /home/airflow/.local/lib/python3.12/site-packages/airflow/example_dags/example_python_operator.py
[2025-03-27T16:51:34.803+0000] {processor.py:914} INFO - Processing file /home/airflow/.local/lib/python3.12/site-packages/airflow/example_dags/example_python_operator.py for tasks to queue
[2025-03-27T16:51:34.806+0000] {logging_mixin.py:190} INFO - [2025-03-27T16:51:34.806+0000] {dagbag.py:588} INFO - Filling up the DagBag from /home/airflow/.local/lib/python3.12/site-packages/airflow/example_dags/example_python_operator.py
[2025-03-27T16:51:34.824+0000] {processor.py:925} INFO - DAG(s) 'example_python_operator' retrieved from /home/airflow/.local/lib/python3.12/site-packages/airflow/example_dags/example_python_operator.py
[2025-03-27T16:51:34.850+0000] {logging_mixin.py:190} INFO - [2025-03-27T16:51:34.850+0000] {dag.py:3239} INFO - Sync 1 DAGs
[2025-03-27T16:51:34.866+0000] {logging_mixin.py:190} INFO - [2025-03-27T16:51:34.866+0000] {dag.py:4180} INFO - Setting next_dagrun for example_python_operator to None, run_after=None
[2025-03-27T16:51:34.891+0000] {processor.py:208} INFO - Processing /home/airflow/.local/lib/python3.12/site-packages/airflow/example_dags/example_python_operator.py took 0.095 seconds
[2025-03-27T16:53:03.784+0000] {processor.py:186} INFO - Started process (PID=116) to work on /home/airflow/.local/lib/python3.12/site-packages/airflow/example_dags/example_python_operator.py
[2025-03-27T16:53:03.786+0000] {processor.py:914} INFO - Processing file /home/airflow/.local/lib/python3.12/site-packages/airflow/example_dags/example_python_operator.py for tasks to queue
[2025-03-27T16:53:03.791+0000] {logging_mixin.py:190} INFO - [2025-03-27T16:53:03.790+0000] {dagbag.py:588} INFO - Filling up the DagBag from /home/airflow/.local/lib/python3.12/site-packages/airflow/example_dags/example_python_operator.py
[2025-03-27T16:53:03.816+0000] {processor.py:925} INFO - DAG(s) 'example_python_operator' retrieved from /home/airflow/.local/lib/python3.12/site-packages/airflow/example_dags/example_python_operator.py
[2025-03-27T16:53:03.978+0000] {logging_mixin.py:190} INFO - [2025-03-27T16:53:03.977+0000] {dag.py:3239} INFO - Sync 1 DAGs
[2025-03-27T16:53:03.995+0000] {logging_mixin.py:190} INFO - [2025-03-27T16:53:03.994+0000] {dag.py:4180} INFO - Setting next_dagrun for example_python_operator to None, run_after=None
[2025-03-27T16:53:04.023+0000] {processor.py:208} INFO - Processing /home/airflow/.local/lib/python3.12/site-packages/airflow/example_dags/example_python_operator.py took 0.247 seconds
