[2025-03-27T16:33:10.013+0000] {processor.py:186} INFO - Started process (PID=116) to work on /home/airflow/.local/lib/python3.12/site-packages/airflow/example_dags/example_latest_only_with_trigger.py
[2025-03-27T16:33:10.015+0000] {processor.py:914} INFO - Processing file /home/airflow/.local/lib/python3.12/site-packages/airflow/example_dags/example_latest_only_with_trigger.py for tasks to queue
[2025-03-27T16:33:10.018+0000] {logging_mixin.py:190} INFO - [2025-03-27T16:33:10.018+0000] {dagbag.py:588} INFO - Filling up the DagBag from /home/airflow/.local/lib/python3.12/site-packages/airflow/example_dags/example_latest_only_with_trigger.py
[2025-03-27T16:33:10.031+0000] {processor.py:925} INFO - DAG(s) 'latest_only_with_trigger' retrieved from /home/airflow/.local/lib/python3.12/site-packages/airflow/example_dags/example_latest_only_with_trigger.py
[2025-03-27T16:33:10.145+0000] {logging_mixin.py:190} INFO - [2025-03-27T16:33:10.145+0000] {override.py:1912} INFO - Created Permission View: can read on DAG:latest_only_with_trigger
[2025-03-27T16:33:10.156+0000] {logging_mixin.py:190} INFO - [2025-03-27T16:33:10.156+0000] {override.py:1912} INFO - Created Permission View: can delete on DAG:latest_only_with_trigger
[2025-03-27T16:33:10.163+0000] {logging_mixin.py:190} INFO - [2025-03-27T16:33:10.162+0000] {override.py:1912} INFO - Created Permission View: can edit on DAG:latest_only_with_trigger
[2025-03-27T16:33:10.172+0000] {logging_mixin.py:190} INFO - [2025-03-27T16:33:10.171+0000] {override.py:1912} INFO - Created Permission View: can read on DAG Run:latest_only_with_trigger
[2025-03-27T16:33:10.178+0000] {logging_mixin.py:190} INFO - [2025-03-27T16:33:10.177+0000] {override.py:1912} INFO - Created Permission View: menu access on DAG Run:latest_only_with_trigger
[2025-03-27T16:33:10.184+0000] {logging_mixin.py:190} INFO - [2025-03-27T16:33:10.183+0000] {override.py:1912} INFO - Created Permission View: can create on DAG Run:latest_only_with_trigger
[2025-03-27T16:33:10.192+0000] {logging_mixin.py:190} INFO - [2025-03-27T16:33:10.191+0000] {override.py:1912} INFO - Created Permission View: can delete on DAG Run:latest_only_with_trigger
[2025-03-27T16:33:10.192+0000] {logging_mixin.py:190} INFO - [2025-03-27T16:33:10.192+0000] {dag.py:3239} INFO - Sync 1 DAGs
[2025-03-27T16:33:10.207+0000] {logging_mixin.py:190} INFO - [2025-03-27T16:33:10.206+0000] {dag.py:3262} INFO - Creating ORM DAG for latest_only_with_trigger
[2025-03-27T16:33:10.216+0000] {logging_mixin.py:190} INFO - [2025-03-27T16:33:10.216+0000] {dag.py:4180} INFO - Setting next_dagrun for latest_only_with_trigger to 2025-03-27 12:00:00+00:00, run_after=2025-03-27 16:00:00+00:00
[2025-03-27T16:33:10.238+0000] {processor.py:208} INFO - Processing /home/airflow/.local/lib/python3.12/site-packages/airflow/example_dags/example_latest_only_with_trigger.py took 0.234 seconds
[2025-03-27T16:33:40.649+0000] {processor.py:186} INFO - Started process (PID=179) to work on /home/airflow/.local/lib/python3.12/site-packages/airflow/example_dags/example_latest_only_with_trigger.py
[2025-03-27T16:33:40.651+0000] {processor.py:914} INFO - Processing file /home/airflow/.local/lib/python3.12/site-packages/airflow/example_dags/example_latest_only_with_trigger.py for tasks to queue
[2025-03-27T16:33:40.653+0000] {logging_mixin.py:190} INFO - [2025-03-27T16:33:40.653+0000] {dagbag.py:588} INFO - Filling up the DagBag from /home/airflow/.local/lib/python3.12/site-packages/airflow/example_dags/example_latest_only_with_trigger.py
[2025-03-27T16:33:40.660+0000] {processor.py:925} INFO - DAG(s) 'latest_only_with_trigger' retrieved from /home/airflow/.local/lib/python3.12/site-packages/airflow/example_dags/example_latest_only_with_trigger.py
[2025-03-27T16:33:40.682+0000] {logging_mixin.py:190} INFO - [2025-03-27T16:33:40.681+0000] {dag.py:3239} INFO - Sync 1 DAGs
[2025-03-27T16:33:40.706+0000] {logging_mixin.py:190} INFO - [2025-03-27T16:33:40.705+0000] {dag.py:4180} INFO - Setting next_dagrun for latest_only_with_trigger to 2025-03-27 12:00:00+00:00, run_after=2025-03-27 16:00:00+00:00
[2025-03-27T16:33:40.761+0000] {processor.py:208} INFO - Processing /home/airflow/.local/lib/python3.12/site-packages/airflow/example_dags/example_latest_only_with_trigger.py took 0.118 seconds
[2025-03-27T16:34:11.663+0000] {processor.py:186} INFO - Started process (PID=242) to work on /home/airflow/.local/lib/python3.12/site-packages/airflow/example_dags/example_latest_only_with_trigger.py
[2025-03-27T16:34:11.666+0000] {processor.py:914} INFO - Processing file /home/airflow/.local/lib/python3.12/site-packages/airflow/example_dags/example_latest_only_with_trigger.py for tasks to queue
[2025-03-27T16:34:11.669+0000] {logging_mixin.py:190} INFO - [2025-03-27T16:34:11.669+0000] {dagbag.py:588} INFO - Filling up the DagBag from /home/airflow/.local/lib/python3.12/site-packages/airflow/example_dags/example_latest_only_with_trigger.py
[2025-03-27T16:34:11.678+0000] {processor.py:925} INFO - DAG(s) 'latest_only_with_trigger' retrieved from /home/airflow/.local/lib/python3.12/site-packages/airflow/example_dags/example_latest_only_with_trigger.py
[2025-03-27T16:34:11.701+0000] {logging_mixin.py:190} INFO - [2025-03-27T16:34:11.701+0000] {dag.py:3239} INFO - Sync 1 DAGs
[2025-03-27T16:34:11.731+0000] {logging_mixin.py:190} INFO - [2025-03-27T16:34:11.730+0000] {dag.py:4180} INFO - Setting next_dagrun for latest_only_with_trigger to 2025-03-27 12:00:00+00:00, run_after=2025-03-27 16:00:00+00:00
[2025-03-27T16:34:11.777+0000] {processor.py:208} INFO - Processing /home/airflow/.local/lib/python3.12/site-packages/airflow/example_dags/example_latest_only_with_trigger.py took 0.120 seconds
[2025-03-27T16:34:41.930+0000] {processor.py:186} INFO - Started process (PID=304) to work on /home/airflow/.local/lib/python3.12/site-packages/airflow/example_dags/example_latest_only_with_trigger.py
[2025-03-27T16:34:41.932+0000] {processor.py:914} INFO - Processing file /home/airflow/.local/lib/python3.12/site-packages/airflow/example_dags/example_latest_only_with_trigger.py for tasks to queue
[2025-03-27T16:34:41.937+0000] {logging_mixin.py:190} INFO - [2025-03-27T16:34:41.936+0000] {dagbag.py:588} INFO - Filling up the DagBag from /home/airflow/.local/lib/python3.12/site-packages/airflow/example_dags/example_latest_only_with_trigger.py
[2025-03-27T16:34:41.956+0000] {processor.py:925} INFO - DAG(s) 'latest_only_with_trigger' retrieved from /home/airflow/.local/lib/python3.12/site-packages/airflow/example_dags/example_latest_only_with_trigger.py
[2025-03-27T16:34:42.006+0000] {logging_mixin.py:190} INFO - [2025-03-27T16:34:42.005+0000] {dag.py:3239} INFO - Sync 1 DAGs
[2025-03-27T16:34:42.076+0000] {logging_mixin.py:190} INFO - [2025-03-27T16:34:42.075+0000] {dag.py:4180} INFO - Setting next_dagrun for latest_only_with_trigger to 2025-03-27 12:00:00+00:00, run_after=2025-03-27 16:00:00+00:00
[2025-03-27T16:34:42.153+0000] {processor.py:208} INFO - Processing /home/airflow/.local/lib/python3.12/site-packages/airflow/example_dags/example_latest_only_with_trigger.py took 0.231 seconds
[2025-03-27T16:35:12.762+0000] {processor.py:186} INFO - Started process (PID=366) to work on /home/airflow/.local/lib/python3.12/site-packages/airflow/example_dags/example_latest_only_with_trigger.py
[2025-03-27T16:35:12.763+0000] {processor.py:914} INFO - Processing file /home/airflow/.local/lib/python3.12/site-packages/airflow/example_dags/example_latest_only_with_trigger.py for tasks to queue
[2025-03-27T16:35:12.766+0000] {logging_mixin.py:190} INFO - [2025-03-27T16:35:12.766+0000] {dagbag.py:588} INFO - Filling up the DagBag from /home/airflow/.local/lib/python3.12/site-packages/airflow/example_dags/example_latest_only_with_trigger.py
[2025-03-27T16:35:12.776+0000] {processor.py:925} INFO - DAG(s) 'latest_only_with_trigger' retrieved from /home/airflow/.local/lib/python3.12/site-packages/airflow/example_dags/example_latest_only_with_trigger.py
[2025-03-27T16:35:12.807+0000] {logging_mixin.py:190} INFO - [2025-03-27T16:35:12.806+0000] {dag.py:3239} INFO - Sync 1 DAGs
[2025-03-27T16:35:12.842+0000] {logging_mixin.py:190} INFO - [2025-03-27T16:35:12.842+0000] {dag.py:4180} INFO - Setting next_dagrun for latest_only_with_trigger to 2025-03-27 12:00:00+00:00, run_after=2025-03-27 16:00:00+00:00
[2025-03-27T16:35:12.872+0000] {processor.py:208} INFO - Processing /home/airflow/.local/lib/python3.12/site-packages/airflow/example_dags/example_latest_only_with_trigger.py took 0.118 seconds
[2025-03-27T16:35:43.078+0000] {processor.py:186} INFO - Started process (PID=430) to work on /home/airflow/.local/lib/python3.12/site-packages/airflow/example_dags/example_latest_only_with_trigger.py
[2025-03-27T16:35:43.080+0000] {processor.py:914} INFO - Processing file /home/airflow/.local/lib/python3.12/site-packages/airflow/example_dags/example_latest_only_with_trigger.py for tasks to queue
[2025-03-27T16:35:43.082+0000] {logging_mixin.py:190} INFO - [2025-03-27T16:35:43.082+0000] {dagbag.py:588} INFO - Filling up the DagBag from /home/airflow/.local/lib/python3.12/site-packages/airflow/example_dags/example_latest_only_with_trigger.py
[2025-03-27T16:35:43.090+0000] {processor.py:925} INFO - DAG(s) 'latest_only_with_trigger' retrieved from /home/airflow/.local/lib/python3.12/site-packages/airflow/example_dags/example_latest_only_with_trigger.py
[2025-03-27T16:35:43.116+0000] {logging_mixin.py:190} INFO - [2025-03-27T16:35:43.116+0000] {dag.py:3239} INFO - Sync 1 DAGs
[2025-03-27T16:35:43.149+0000] {logging_mixin.py:190} INFO - [2025-03-27T16:35:43.148+0000] {dag.py:4180} INFO - Setting next_dagrun for latest_only_with_trigger to 2025-03-27 12:00:00+00:00, run_after=2025-03-27 16:00:00+00:00
[2025-03-27T16:35:43.185+0000] {processor.py:208} INFO - Processing /home/airflow/.local/lib/python3.12/site-packages/airflow/example_dags/example_latest_only_with_trigger.py took 0.114 seconds
[2025-03-27T16:36:13.762+0000] {processor.py:186} INFO - Started process (PID=493) to work on /home/airflow/.local/lib/python3.12/site-packages/airflow/example_dags/example_latest_only_with_trigger.py
[2025-03-27T16:36:13.764+0000] {processor.py:914} INFO - Processing file /home/airflow/.local/lib/python3.12/site-packages/airflow/example_dags/example_latest_only_with_trigger.py for tasks to queue
[2025-03-27T16:36:13.767+0000] {logging_mixin.py:190} INFO - [2025-03-27T16:36:13.766+0000] {dagbag.py:588} INFO - Filling up the DagBag from /home/airflow/.local/lib/python3.12/site-packages/airflow/example_dags/example_latest_only_with_trigger.py
[2025-03-27T16:36:13.776+0000] {processor.py:925} INFO - DAG(s) 'latest_only_with_trigger' retrieved from /home/airflow/.local/lib/python3.12/site-packages/airflow/example_dags/example_latest_only_with_trigger.py
[2025-03-27T16:36:13.800+0000] {logging_mixin.py:190} INFO - [2025-03-27T16:36:13.799+0000] {dag.py:3239} INFO - Sync 1 DAGs
[2025-03-27T16:36:13.834+0000] {logging_mixin.py:190} INFO - [2025-03-27T16:36:13.834+0000] {dag.py:4180} INFO - Setting next_dagrun for latest_only_with_trigger to 2025-03-27 12:00:00+00:00, run_after=2025-03-27 16:00:00+00:00
[2025-03-27T16:36:13.859+0000] {processor.py:208} INFO - Processing /home/airflow/.local/lib/python3.12/site-packages/airflow/example_dags/example_latest_only_with_trigger.py took 0.104 seconds
[2025-03-27T16:36:45.098+0000] {processor.py:186} INFO - Started process (PID=556) to work on /home/airflow/.local/lib/python3.12/site-packages/airflow/example_dags/example_latest_only_with_trigger.py
[2025-03-27T16:36:45.100+0000] {processor.py:914} INFO - Processing file /home/airflow/.local/lib/python3.12/site-packages/airflow/example_dags/example_latest_only_with_trigger.py for tasks to queue
[2025-03-27T16:36:45.103+0000] {logging_mixin.py:190} INFO - [2025-03-27T16:36:45.102+0000] {dagbag.py:588} INFO - Filling up the DagBag from /home/airflow/.local/lib/python3.12/site-packages/airflow/example_dags/example_latest_only_with_trigger.py
[2025-03-27T16:36:45.114+0000] {processor.py:925} INFO - DAG(s) 'latest_only_with_trigger' retrieved from /home/airflow/.local/lib/python3.12/site-packages/airflow/example_dags/example_latest_only_with_trigger.py
[2025-03-27T16:36:45.138+0000] {logging_mixin.py:190} INFO - [2025-03-27T16:36:45.137+0000] {dag.py:3239} INFO - Sync 1 DAGs
[2025-03-27T16:36:45.166+0000] {logging_mixin.py:190} INFO - [2025-03-27T16:36:45.166+0000] {dag.py:4180} INFO - Setting next_dagrun for latest_only_with_trigger to 2025-03-27 12:00:00+00:00, run_after=2025-03-27 16:00:00+00:00
[2025-03-27T16:36:45.187+0000] {processor.py:208} INFO - Processing /home/airflow/.local/lib/python3.12/site-packages/airflow/example_dags/example_latest_only_with_trigger.py took 0.101 seconds
[2025-03-27T16:37:15.630+0000] {processor.py:186} INFO - Started process (PID=619) to work on /home/airflow/.local/lib/python3.12/site-packages/airflow/example_dags/example_latest_only_with_trigger.py
[2025-03-27T16:37:15.632+0000] {processor.py:914} INFO - Processing file /home/airflow/.local/lib/python3.12/site-packages/airflow/example_dags/example_latest_only_with_trigger.py for tasks to queue
[2025-03-27T16:37:15.638+0000] {logging_mixin.py:190} INFO - [2025-03-27T16:37:15.637+0000] {dagbag.py:588} INFO - Filling up the DagBag from /home/airflow/.local/lib/python3.12/site-packages/airflow/example_dags/example_latest_only_with_trigger.py
[2025-03-27T16:37:15.649+0000] {processor.py:925} INFO - DAG(s) 'latest_only_with_trigger' retrieved from /home/airflow/.local/lib/python3.12/site-packages/airflow/example_dags/example_latest_only_with_trigger.py
[2025-03-27T16:37:15.683+0000] {logging_mixin.py:190} INFO - [2025-03-27T16:37:15.683+0000] {dag.py:3239} INFO - Sync 1 DAGs
[2025-03-27T16:37:15.722+0000] {logging_mixin.py:190} INFO - [2025-03-27T16:37:15.721+0000] {dag.py:4180} INFO - Setting next_dagrun for latest_only_with_trigger to 2025-03-27 12:00:00+00:00, run_after=2025-03-27 16:00:00+00:00
[2025-03-27T16:37:15.751+0000] {processor.py:208} INFO - Processing /home/airflow/.local/lib/python3.12/site-packages/airflow/example_dags/example_latest_only_with_trigger.py took 0.134 seconds
[2025-03-27T16:37:45.857+0000] {processor.py:186} INFO - Started process (PID=681) to work on /home/airflow/.local/lib/python3.12/site-packages/airflow/example_dags/example_latest_only_with_trigger.py
[2025-03-27T16:37:45.860+0000] {processor.py:914} INFO - Processing file /home/airflow/.local/lib/python3.12/site-packages/airflow/example_dags/example_latest_only_with_trigger.py for tasks to queue
[2025-03-27T16:37:45.869+0000] {logging_mixin.py:190} INFO - [2025-03-27T16:37:45.867+0000] {dagbag.py:588} INFO - Filling up the DagBag from /home/airflow/.local/lib/python3.12/site-packages/airflow/example_dags/example_latest_only_with_trigger.py
[2025-03-27T16:37:45.892+0000] {processor.py:925} INFO - DAG(s) 'latest_only_with_trigger' retrieved from /home/airflow/.local/lib/python3.12/site-packages/airflow/example_dags/example_latest_only_with_trigger.py
[2025-03-27T16:37:45.920+0000] {logging_mixin.py:190} INFO - [2025-03-27T16:37:45.920+0000] {dag.py:3239} INFO - Sync 1 DAGs
[2025-03-27T16:37:45.958+0000] {logging_mixin.py:190} INFO - [2025-03-27T16:37:45.957+0000] {dag.py:4180} INFO - Setting next_dagrun for latest_only_with_trigger to 2025-03-27 12:00:00+00:00, run_after=2025-03-27 16:00:00+00:00
[2025-03-27T16:37:46.016+0000] {processor.py:208} INFO - Processing /home/airflow/.local/lib/python3.12/site-packages/airflow/example_dags/example_latest_only_with_trigger.py took 0.178 seconds
[2025-03-27T16:38:16.473+0000] {processor.py:186} INFO - Started process (PID=746) to work on /home/airflow/.local/lib/python3.12/site-packages/airflow/example_dags/example_latest_only_with_trigger.py
[2025-03-27T16:38:16.475+0000] {processor.py:914} INFO - Processing file /home/airflow/.local/lib/python3.12/site-packages/airflow/example_dags/example_latest_only_with_trigger.py for tasks to queue
[2025-03-27T16:38:16.478+0000] {logging_mixin.py:190} INFO - [2025-03-27T16:38:16.477+0000] {dagbag.py:588} INFO - Filling up the DagBag from /home/airflow/.local/lib/python3.12/site-packages/airflow/example_dags/example_latest_only_with_trigger.py
[2025-03-27T16:38:16.486+0000] {processor.py:925} INFO - DAG(s) 'latest_only_with_trigger' retrieved from /home/airflow/.local/lib/python3.12/site-packages/airflow/example_dags/example_latest_only_with_trigger.py
[2025-03-27T16:38:16.516+0000] {logging_mixin.py:190} INFO - [2025-03-27T16:38:16.515+0000] {dag.py:3239} INFO - Sync 1 DAGs
[2025-03-27T16:38:16.543+0000] {logging_mixin.py:190} INFO - [2025-03-27T16:38:16.543+0000] {dag.py:4180} INFO - Setting next_dagrun for latest_only_with_trigger to 2025-03-27 12:00:00+00:00, run_after=2025-03-27 16:00:00+00:00
[2025-03-27T16:38:16.581+0000] {processor.py:208} INFO - Processing /home/airflow/.local/lib/python3.12/site-packages/airflow/example_dags/example_latest_only_with_trigger.py took 0.116 seconds
[2025-03-27T16:38:47.243+0000] {processor.py:186} INFO - Started process (PID=812) to work on /home/airflow/.local/lib/python3.12/site-packages/airflow/example_dags/example_latest_only_with_trigger.py
[2025-03-27T16:38:47.246+0000] {processor.py:914} INFO - Processing file /home/airflow/.local/lib/python3.12/site-packages/airflow/example_dags/example_latest_only_with_trigger.py for tasks to queue
[2025-03-27T16:38:47.250+0000] {logging_mixin.py:190} INFO - [2025-03-27T16:38:47.249+0000] {dagbag.py:588} INFO - Filling up the DagBag from /home/airflow/.local/lib/python3.12/site-packages/airflow/example_dags/example_latest_only_with_trigger.py
[2025-03-27T16:38:47.261+0000] {processor.py:925} INFO - DAG(s) 'latest_only_with_trigger' retrieved from /home/airflow/.local/lib/python3.12/site-packages/airflow/example_dags/example_latest_only_with_trigger.py
[2025-03-27T16:38:47.288+0000] {logging_mixin.py:190} INFO - [2025-03-27T16:38:47.288+0000] {dag.py:3239} INFO - Sync 1 DAGs
[2025-03-27T16:38:47.318+0000] {logging_mixin.py:190} INFO - [2025-03-27T16:38:47.318+0000] {dag.py:4180} INFO - Setting next_dagrun for latest_only_with_trigger to 2025-03-27 12:00:00+00:00, run_after=2025-03-27 16:00:00+00:00
[2025-03-27T16:38:47.343+0000] {processor.py:208} INFO - Processing /home/airflow/.local/lib/python3.12/site-packages/airflow/example_dags/example_latest_only_with_trigger.py took 0.111 seconds
[2025-03-27T16:39:18.396+0000] {processor.py:186} INFO - Started process (PID=877) to work on /home/airflow/.local/lib/python3.12/site-packages/airflow/example_dags/example_latest_only_with_trigger.py
[2025-03-27T16:39:18.398+0000] {processor.py:914} INFO - Processing file /home/airflow/.local/lib/python3.12/site-packages/airflow/example_dags/example_latest_only_with_trigger.py for tasks to queue
[2025-03-27T16:39:18.402+0000] {logging_mixin.py:190} INFO - [2025-03-27T16:39:18.401+0000] {dagbag.py:588} INFO - Filling up the DagBag from /home/airflow/.local/lib/python3.12/site-packages/airflow/example_dags/example_latest_only_with_trigger.py
[2025-03-27T16:39:18.411+0000] {processor.py:925} INFO - DAG(s) 'latest_only_with_trigger' retrieved from /home/airflow/.local/lib/python3.12/site-packages/airflow/example_dags/example_latest_only_with_trigger.py
[2025-03-27T16:39:18.435+0000] {logging_mixin.py:190} INFO - [2025-03-27T16:39:18.435+0000] {dag.py:3239} INFO - Sync 1 DAGs
[2025-03-27T16:39:18.460+0000] {logging_mixin.py:190} INFO - [2025-03-27T16:39:18.460+0000] {dag.py:4180} INFO - Setting next_dagrun for latest_only_with_trigger to 2025-03-27 12:00:00+00:00, run_after=2025-03-27 16:00:00+00:00
[2025-03-27T16:39:18.490+0000] {processor.py:208} INFO - Processing /home/airflow/.local/lib/python3.12/site-packages/airflow/example_dags/example_latest_only_with_trigger.py took 0.100 seconds
[2025-03-27T16:39:49.958+0000] {processor.py:186} INFO - Started process (PID=942) to work on /home/airflow/.local/lib/python3.12/site-packages/airflow/example_dags/example_latest_only_with_trigger.py
[2025-03-27T16:39:49.960+0000] {processor.py:914} INFO - Processing file /home/airflow/.local/lib/python3.12/site-packages/airflow/example_dags/example_latest_only_with_trigger.py for tasks to queue
[2025-03-27T16:39:49.965+0000] {logging_mixin.py:190} INFO - [2025-03-27T16:39:49.964+0000] {dagbag.py:588} INFO - Filling up the DagBag from /home/airflow/.local/lib/python3.12/site-packages/airflow/example_dags/example_latest_only_with_trigger.py
[2025-03-27T16:39:49.994+0000] {processor.py:925} INFO - DAG(s) 'latest_only_with_trigger' retrieved from /home/airflow/.local/lib/python3.12/site-packages/airflow/example_dags/example_latest_only_with_trigger.py
[2025-03-27T16:39:50.026+0000] {logging_mixin.py:190} INFO - [2025-03-27T16:39:50.025+0000] {dag.py:3239} INFO - Sync 1 DAGs
[2025-03-27T16:39:50.060+0000] {logging_mixin.py:190} INFO - [2025-03-27T16:39:50.059+0000] {dag.py:4180} INFO - Setting next_dagrun for latest_only_with_trigger to 2025-03-27 12:00:00+00:00, run_after=2025-03-27 16:00:00+00:00
[2025-03-27T16:39:50.099+0000] {processor.py:208} INFO - Processing /home/airflow/.local/lib/python3.12/site-packages/airflow/example_dags/example_latest_only_with_trigger.py took 0.160 seconds
[2025-03-27T16:40:20.809+0000] {processor.py:186} INFO - Started process (PID=1007) to work on /home/airflow/.local/lib/python3.12/site-packages/airflow/example_dags/example_latest_only_with_trigger.py
[2025-03-27T16:40:20.813+0000] {processor.py:914} INFO - Processing file /home/airflow/.local/lib/python3.12/site-packages/airflow/example_dags/example_latest_only_with_trigger.py for tasks to queue
[2025-03-27T16:40:20.818+0000] {logging_mixin.py:190} INFO - [2025-03-27T16:40:20.817+0000] {dagbag.py:588} INFO - Filling up the DagBag from /home/airflow/.local/lib/python3.12/site-packages/airflow/example_dags/example_latest_only_with_trigger.py
[2025-03-27T16:40:20.837+0000] {processor.py:925} INFO - DAG(s) 'latest_only_with_trigger' retrieved from /home/airflow/.local/lib/python3.12/site-packages/airflow/example_dags/example_latest_only_with_trigger.py
[2025-03-27T16:40:20.924+0000] {logging_mixin.py:190} INFO - [2025-03-27T16:40:20.923+0000] {dag.py:3239} INFO - Sync 1 DAGs
[2025-03-27T16:40:20.961+0000] {logging_mixin.py:190} INFO - [2025-03-27T16:40:20.960+0000] {dag.py:4180} INFO - Setting next_dagrun for latest_only_with_trigger to 2025-03-27 12:00:00+00:00, run_after=2025-03-27 16:00:00+00:00
[2025-03-27T16:40:20.980+0000] {processor.py:208} INFO - Processing /home/airflow/.local/lib/python3.12/site-packages/airflow/example_dags/example_latest_only_with_trigger.py took 0.182 seconds
[2025-03-27T16:40:51.524+0000] {processor.py:186} INFO - Started process (PID=1072) to work on /home/airflow/.local/lib/python3.12/site-packages/airflow/example_dags/example_latest_only_with_trigger.py
[2025-03-27T16:40:51.525+0000] {processor.py:914} INFO - Processing file /home/airflow/.local/lib/python3.12/site-packages/airflow/example_dags/example_latest_only_with_trigger.py for tasks to queue
[2025-03-27T16:40:51.528+0000] {logging_mixin.py:190} INFO - [2025-03-27T16:40:51.528+0000] {dagbag.py:588} INFO - Filling up the DagBag from /home/airflow/.local/lib/python3.12/site-packages/airflow/example_dags/example_latest_only_with_trigger.py
[2025-03-27T16:40:51.537+0000] {processor.py:925} INFO - DAG(s) 'latest_only_with_trigger' retrieved from /home/airflow/.local/lib/python3.12/site-packages/airflow/example_dags/example_latest_only_with_trigger.py
[2025-03-27T16:40:51.561+0000] {logging_mixin.py:190} INFO - [2025-03-27T16:40:51.560+0000] {dag.py:3239} INFO - Sync 1 DAGs
[2025-03-27T16:40:51.586+0000] {logging_mixin.py:190} INFO - [2025-03-27T16:40:51.585+0000] {dag.py:4180} INFO - Setting next_dagrun for latest_only_with_trigger to 2025-03-27 12:00:00+00:00, run_after=2025-03-27 16:00:00+00:00
[2025-03-27T16:40:51.606+0000] {processor.py:208} INFO - Processing /home/airflow/.local/lib/python3.12/site-packages/airflow/example_dags/example_latest_only_with_trigger.py took 0.089 seconds
[2025-03-27T16:41:22.662+0000] {processor.py:186} INFO - Started process (PID=1137) to work on /home/airflow/.local/lib/python3.12/site-packages/airflow/example_dags/example_latest_only_with_trigger.py
[2025-03-27T16:41:22.663+0000] {processor.py:914} INFO - Processing file /home/airflow/.local/lib/python3.12/site-packages/airflow/example_dags/example_latest_only_with_trigger.py for tasks to queue
[2025-03-27T16:41:22.666+0000] {logging_mixin.py:190} INFO - [2025-03-27T16:41:22.665+0000] {dagbag.py:588} INFO - Filling up the DagBag from /home/airflow/.local/lib/python3.12/site-packages/airflow/example_dags/example_latest_only_with_trigger.py
[2025-03-27T16:41:22.701+0000] {processor.py:925} INFO - DAG(s) 'latest_only_with_trigger' retrieved from /home/airflow/.local/lib/python3.12/site-packages/airflow/example_dags/example_latest_only_with_trigger.py
[2025-03-27T16:41:22.733+0000] {logging_mixin.py:190} INFO - [2025-03-27T16:41:22.733+0000] {dag.py:3239} INFO - Sync 1 DAGs
[2025-03-27T16:41:22.769+0000] {logging_mixin.py:190} INFO - [2025-03-27T16:41:22.769+0000] {dag.py:4180} INFO - Setting next_dagrun for latest_only_with_trigger to 2025-03-27 12:00:00+00:00, run_after=2025-03-27 16:00:00+00:00
[2025-03-27T16:41:22.793+0000] {processor.py:208} INFO - Processing /home/airflow/.local/lib/python3.12/site-packages/airflow/example_dags/example_latest_only_with_trigger.py took 0.137 seconds
[2025-03-27T16:41:53.063+0000] {processor.py:186} INFO - Started process (PID=1203) to work on /home/airflow/.local/lib/python3.12/site-packages/airflow/example_dags/example_latest_only_with_trigger.py
[2025-03-27T16:41:53.065+0000] {processor.py:914} INFO - Processing file /home/airflow/.local/lib/python3.12/site-packages/airflow/example_dags/example_latest_only_with_trigger.py for tasks to queue
[2025-03-27T16:41:53.068+0000] {logging_mixin.py:190} INFO - [2025-03-27T16:41:53.068+0000] {dagbag.py:588} INFO - Filling up the DagBag from /home/airflow/.local/lib/python3.12/site-packages/airflow/example_dags/example_latest_only_with_trigger.py
[2025-03-27T16:41:53.080+0000] {processor.py:925} INFO - DAG(s) 'latest_only_with_trigger' retrieved from /home/airflow/.local/lib/python3.12/site-packages/airflow/example_dags/example_latest_only_with_trigger.py
[2025-03-27T16:41:53.102+0000] {logging_mixin.py:190} INFO - [2025-03-27T16:41:53.102+0000] {dag.py:3239} INFO - Sync 1 DAGs
[2025-03-27T16:41:53.128+0000] {logging_mixin.py:190} INFO - [2025-03-27T16:41:53.128+0000] {dag.py:4180} INFO - Setting next_dagrun for latest_only_with_trigger to 2025-03-27 12:00:00+00:00, run_after=2025-03-27 16:00:00+00:00
[2025-03-27T16:41:53.267+0000] {processor.py:208} INFO - Processing /home/airflow/.local/lib/python3.12/site-packages/airflow/example_dags/example_latest_only_with_trigger.py took 0.212 seconds
[2025-03-27T16:42:23.352+0000] {processor.py:186} INFO - Started process (PID=1267) to work on /home/airflow/.local/lib/python3.12/site-packages/airflow/example_dags/example_latest_only_with_trigger.py
[2025-03-27T16:42:23.354+0000] {processor.py:914} INFO - Processing file /home/airflow/.local/lib/python3.12/site-packages/airflow/example_dags/example_latest_only_with_trigger.py for tasks to queue
[2025-03-27T16:42:23.359+0000] {logging_mixin.py:190} INFO - [2025-03-27T16:42:23.358+0000] {dagbag.py:588} INFO - Filling up the DagBag from /home/airflow/.local/lib/python3.12/site-packages/airflow/example_dags/example_latest_only_with_trigger.py
[2025-03-27T16:42:23.376+0000] {processor.py:925} INFO - DAG(s) 'latest_only_with_trigger' retrieved from /home/airflow/.local/lib/python3.12/site-packages/airflow/example_dags/example_latest_only_with_trigger.py
[2025-03-27T16:42:23.417+0000] {logging_mixin.py:190} INFO - [2025-03-27T16:42:23.416+0000] {dag.py:3239} INFO - Sync 1 DAGs
[2025-03-27T16:42:23.468+0000] {logging_mixin.py:190} INFO - [2025-03-27T16:42:23.468+0000] {dag.py:4180} INFO - Setting next_dagrun for latest_only_with_trigger to 2025-03-27 12:00:00+00:00, run_after=2025-03-27 16:00:00+00:00
[2025-03-27T16:42:23.505+0000] {processor.py:208} INFO - Processing /home/airflow/.local/lib/python3.12/site-packages/airflow/example_dags/example_latest_only_with_trigger.py took 0.165 seconds
[2025-03-27T16:42:55.176+0000] {processor.py:186} INFO - Started process (PID=1333) to work on /home/airflow/.local/lib/python3.12/site-packages/airflow/example_dags/example_latest_only_with_trigger.py
[2025-03-27T16:42:55.177+0000] {processor.py:914} INFO - Processing file /home/airflow/.local/lib/python3.12/site-packages/airflow/example_dags/example_latest_only_with_trigger.py for tasks to queue
[2025-03-27T16:42:55.181+0000] {logging_mixin.py:190} INFO - [2025-03-27T16:42:55.181+0000] {dagbag.py:588} INFO - Filling up the DagBag from /home/airflow/.local/lib/python3.12/site-packages/airflow/example_dags/example_latest_only_with_trigger.py
[2025-03-27T16:42:55.193+0000] {processor.py:925} INFO - DAG(s) 'latest_only_with_trigger' retrieved from /home/airflow/.local/lib/python3.12/site-packages/airflow/example_dags/example_latest_only_with_trigger.py
[2025-03-27T16:42:55.232+0000] {logging_mixin.py:190} INFO - [2025-03-27T16:42:55.231+0000] {dag.py:3239} INFO - Sync 1 DAGs
[2025-03-27T16:42:55.263+0000] {logging_mixin.py:190} INFO - [2025-03-27T16:42:55.263+0000] {dag.py:4180} INFO - Setting next_dagrun for latest_only_with_trigger to 2025-03-27 12:00:00+00:00, run_after=2025-03-27 16:00:00+00:00
[2025-03-27T16:42:55.295+0000] {processor.py:208} INFO - Processing /home/airflow/.local/lib/python3.12/site-packages/airflow/example_dags/example_latest_only_with_trigger.py took 0.130 seconds
[2025-03-27T16:43:25.571+0000] {processor.py:186} INFO - Started process (PID=1398) to work on /home/airflow/.local/lib/python3.12/site-packages/airflow/example_dags/example_latest_only_with_trigger.py
[2025-03-27T16:43:25.572+0000] {processor.py:914} INFO - Processing file /home/airflow/.local/lib/python3.12/site-packages/airflow/example_dags/example_latest_only_with_trigger.py for tasks to queue
[2025-03-27T16:43:25.577+0000] {logging_mixin.py:190} INFO - [2025-03-27T16:43:25.576+0000] {dagbag.py:588} INFO - Filling up the DagBag from /home/airflow/.local/lib/python3.12/site-packages/airflow/example_dags/example_latest_only_with_trigger.py
[2025-03-27T16:43:25.592+0000] {processor.py:925} INFO - DAG(s) 'latest_only_with_trigger' retrieved from /home/airflow/.local/lib/python3.12/site-packages/airflow/example_dags/example_latest_only_with_trigger.py
[2025-03-27T16:43:25.642+0000] {logging_mixin.py:190} INFO - [2025-03-27T16:43:25.642+0000] {dag.py:3239} INFO - Sync 1 DAGs
[2025-03-27T16:43:25.670+0000] {logging_mixin.py:190} INFO - [2025-03-27T16:43:25.670+0000] {dag.py:4180} INFO - Setting next_dagrun for latest_only_with_trigger to 2025-03-27 12:00:00+00:00, run_after=2025-03-27 16:00:00+00:00
[2025-03-27T16:43:25.707+0000] {processor.py:208} INFO - Processing /home/airflow/.local/lib/python3.12/site-packages/airflow/example_dags/example_latest_only_with_trigger.py took 0.148 seconds
[2025-03-27T16:43:56.092+0000] {processor.py:186} INFO - Started process (PID=1464) to work on /home/airflow/.local/lib/python3.12/site-packages/airflow/example_dags/example_latest_only_with_trigger.py
[2025-03-27T16:43:56.095+0000] {processor.py:914} INFO - Processing file /home/airflow/.local/lib/python3.12/site-packages/airflow/example_dags/example_latest_only_with_trigger.py for tasks to queue
[2025-03-27T16:43:56.100+0000] {logging_mixin.py:190} INFO - [2025-03-27T16:43:56.099+0000] {dagbag.py:588} INFO - Filling up the DagBag from /home/airflow/.local/lib/python3.12/site-packages/airflow/example_dags/example_latest_only_with_trigger.py
[2025-03-27T16:43:56.112+0000] {processor.py:925} INFO - DAG(s) 'latest_only_with_trigger' retrieved from /home/airflow/.local/lib/python3.12/site-packages/airflow/example_dags/example_latest_only_with_trigger.py
[2025-03-27T16:43:56.143+0000] {logging_mixin.py:190} INFO - [2025-03-27T16:43:56.143+0000] {dag.py:3239} INFO - Sync 1 DAGs
[2025-03-27T16:43:56.174+0000] {logging_mixin.py:190} INFO - [2025-03-27T16:43:56.174+0000] {dag.py:4180} INFO - Setting next_dagrun for latest_only_with_trigger to 2025-03-27 12:00:00+00:00, run_after=2025-03-27 16:00:00+00:00
[2025-03-27T16:43:56.198+0000] {processor.py:208} INFO - Processing /home/airflow/.local/lib/python3.12/site-packages/airflow/example_dags/example_latest_only_with_trigger.py took 0.116 seconds
[2025-03-27T16:44:26.462+0000] {processor.py:186} INFO - Started process (PID=1530) to work on /home/airflow/.local/lib/python3.12/site-packages/airflow/example_dags/example_latest_only_with_trigger.py
[2025-03-27T16:44:26.464+0000] {processor.py:914} INFO - Processing file /home/airflow/.local/lib/python3.12/site-packages/airflow/example_dags/example_latest_only_with_trigger.py for tasks to queue
[2025-03-27T16:44:26.469+0000] {logging_mixin.py:190} INFO - [2025-03-27T16:44:26.468+0000] {dagbag.py:588} INFO - Filling up the DagBag from /home/airflow/.local/lib/python3.12/site-packages/airflow/example_dags/example_latest_only_with_trigger.py
[2025-03-27T16:44:26.487+0000] {processor.py:925} INFO - DAG(s) 'latest_only_with_trigger' retrieved from /home/airflow/.local/lib/python3.12/site-packages/airflow/example_dags/example_latest_only_with_trigger.py
[2025-03-27T16:44:26.534+0000] {logging_mixin.py:190} INFO - [2025-03-27T16:44:26.533+0000] {dag.py:3239} INFO - Sync 1 DAGs
[2025-03-27T16:44:26.575+0000] {logging_mixin.py:190} INFO - [2025-03-27T16:44:26.575+0000] {dag.py:4180} INFO - Setting next_dagrun for latest_only_with_trigger to 2025-03-27 12:00:00+00:00, run_after=2025-03-27 16:00:00+00:00
[2025-03-27T16:44:26.604+0000] {processor.py:208} INFO - Processing /home/airflow/.local/lib/python3.12/site-packages/airflow/example_dags/example_latest_only_with_trigger.py took 0.152 seconds
[2025-03-27T16:44:57.203+0000] {processor.py:186} INFO - Started process (PID=1595) to work on /home/airflow/.local/lib/python3.12/site-packages/airflow/example_dags/example_latest_only_with_trigger.py
[2025-03-27T16:44:57.204+0000] {processor.py:914} INFO - Processing file /home/airflow/.local/lib/python3.12/site-packages/airflow/example_dags/example_latest_only_with_trigger.py for tasks to queue
[2025-03-27T16:44:57.207+0000] {logging_mixin.py:190} INFO - [2025-03-27T16:44:57.206+0000] {dagbag.py:588} INFO - Filling up the DagBag from /home/airflow/.local/lib/python3.12/site-packages/airflow/example_dags/example_latest_only_with_trigger.py
[2025-03-27T16:44:57.215+0000] {processor.py:925} INFO - DAG(s) 'latest_only_with_trigger' retrieved from /home/airflow/.local/lib/python3.12/site-packages/airflow/example_dags/example_latest_only_with_trigger.py
[2025-03-27T16:44:57.236+0000] {logging_mixin.py:190} INFO - [2025-03-27T16:44:57.236+0000] {dag.py:3239} INFO - Sync 1 DAGs
[2025-03-27T16:44:57.262+0000] {logging_mixin.py:190} INFO - [2025-03-27T16:44:57.262+0000] {dag.py:4180} INFO - Setting next_dagrun for latest_only_with_trigger to 2025-03-27 12:00:00+00:00, run_after=2025-03-27 16:00:00+00:00
[2025-03-27T16:44:57.284+0000] {processor.py:208} INFO - Processing /home/airflow/.local/lib/python3.12/site-packages/airflow/example_dags/example_latest_only_with_trigger.py took 0.090 seconds
[2025-03-27T16:45:28.162+0000] {processor.py:186} INFO - Started process (PID=1660) to work on /home/airflow/.local/lib/python3.12/site-packages/airflow/example_dags/example_latest_only_with_trigger.py
[2025-03-27T16:45:28.164+0000] {processor.py:914} INFO - Processing file /home/airflow/.local/lib/python3.12/site-packages/airflow/example_dags/example_latest_only_with_trigger.py for tasks to queue
[2025-03-27T16:45:28.167+0000] {logging_mixin.py:190} INFO - [2025-03-27T16:45:28.167+0000] {dagbag.py:588} INFO - Filling up the DagBag from /home/airflow/.local/lib/python3.12/site-packages/airflow/example_dags/example_latest_only_with_trigger.py
[2025-03-27T16:45:28.175+0000] {processor.py:925} INFO - DAG(s) 'latest_only_with_trigger' retrieved from /home/airflow/.local/lib/python3.12/site-packages/airflow/example_dags/example_latest_only_with_trigger.py
[2025-03-27T16:45:28.198+0000] {logging_mixin.py:190} INFO - [2025-03-27T16:45:28.198+0000] {dag.py:3239} INFO - Sync 1 DAGs
[2025-03-27T16:45:28.222+0000] {logging_mixin.py:190} INFO - [2025-03-27T16:45:28.221+0000] {dag.py:4180} INFO - Setting next_dagrun for latest_only_with_trigger to 2025-03-27 12:00:00+00:00, run_after=2025-03-27 16:00:00+00:00
[2025-03-27T16:45:28.244+0000] {processor.py:208} INFO - Processing /home/airflow/.local/lib/python3.12/site-packages/airflow/example_dags/example_latest_only_with_trigger.py took 0.090 seconds
[2025-03-27T16:45:58.707+0000] {processor.py:186} INFO - Started process (PID=1731) to work on /home/airflow/.local/lib/python3.12/site-packages/airflow/example_dags/example_latest_only_with_trigger.py
[2025-03-27T16:45:58.709+0000] {processor.py:914} INFO - Processing file /home/airflow/.local/lib/python3.12/site-packages/airflow/example_dags/example_latest_only_with_trigger.py for tasks to queue
[2025-03-27T16:45:58.712+0000] {logging_mixin.py:190} INFO - [2025-03-27T16:45:58.711+0000] {dagbag.py:588} INFO - Filling up the DagBag from /home/airflow/.local/lib/python3.12/site-packages/airflow/example_dags/example_latest_only_with_trigger.py
[2025-03-27T16:45:58.721+0000] {processor.py:925} INFO - DAG(s) 'latest_only_with_trigger' retrieved from /home/airflow/.local/lib/python3.12/site-packages/airflow/example_dags/example_latest_only_with_trigger.py
[2025-03-27T16:45:58.749+0000] {logging_mixin.py:190} INFO - [2025-03-27T16:45:58.749+0000] {dag.py:3239} INFO - Sync 1 DAGs
[2025-03-27T16:45:58.779+0000] {logging_mixin.py:190} INFO - [2025-03-27T16:45:58.779+0000] {dag.py:4180} INFO - Setting next_dagrun for latest_only_with_trigger to 2025-03-27 12:00:00+00:00, run_after=2025-03-27 16:00:00+00:00
[2025-03-27T16:45:58.807+0000] {processor.py:208} INFO - Processing /home/airflow/.local/lib/python3.12/site-packages/airflow/example_dags/example_latest_only_with_trigger.py took 0.107 seconds
[2025-03-27T16:46:29.405+0000] {processor.py:186} INFO - Started process (PID=1796) to work on /home/airflow/.local/lib/python3.12/site-packages/airflow/example_dags/example_latest_only_with_trigger.py
[2025-03-27T16:46:29.407+0000] {processor.py:914} INFO - Processing file /home/airflow/.local/lib/python3.12/site-packages/airflow/example_dags/example_latest_only_with_trigger.py for tasks to queue
[2025-03-27T16:46:29.410+0000] {logging_mixin.py:190} INFO - [2025-03-27T16:46:29.409+0000] {dagbag.py:588} INFO - Filling up the DagBag from /home/airflow/.local/lib/python3.12/site-packages/airflow/example_dags/example_latest_only_with_trigger.py
[2025-03-27T16:46:29.419+0000] {processor.py:925} INFO - DAG(s) 'latest_only_with_trigger' retrieved from /home/airflow/.local/lib/python3.12/site-packages/airflow/example_dags/example_latest_only_with_trigger.py
[2025-03-27T16:46:29.447+0000] {logging_mixin.py:190} INFO - [2025-03-27T16:46:29.447+0000] {dag.py:3239} INFO - Sync 1 DAGs
[2025-03-27T16:46:29.475+0000] {logging_mixin.py:190} INFO - [2025-03-27T16:46:29.475+0000] {dag.py:4180} INFO - Setting next_dagrun for latest_only_with_trigger to 2025-03-27 12:00:00+00:00, run_after=2025-03-27 16:00:00+00:00
[2025-03-27T16:46:29.523+0000] {processor.py:208} INFO - Processing /home/airflow/.local/lib/python3.12/site-packages/airflow/example_dags/example_latest_only_with_trigger.py took 0.126 seconds
[2025-03-27T16:47:00.482+0000] {processor.py:186} INFO - Started process (PID=1860) to work on /home/airflow/.local/lib/python3.12/site-packages/airflow/example_dags/example_latest_only_with_trigger.py
[2025-03-27T16:47:00.486+0000] {processor.py:914} INFO - Processing file /home/airflow/.local/lib/python3.12/site-packages/airflow/example_dags/example_latest_only_with_trigger.py for tasks to queue
[2025-03-27T16:47:00.493+0000] {logging_mixin.py:190} INFO - [2025-03-27T16:47:00.492+0000] {dagbag.py:588} INFO - Filling up the DagBag from /home/airflow/.local/lib/python3.12/site-packages/airflow/example_dags/example_latest_only_with_trigger.py
[2025-03-27T16:47:00.524+0000] {processor.py:925} INFO - DAG(s) 'latest_only_with_trigger' retrieved from /home/airflow/.local/lib/python3.12/site-packages/airflow/example_dags/example_latest_only_with_trigger.py
[2025-03-27T16:47:00.580+0000] {logging_mixin.py:190} INFO - [2025-03-27T16:47:00.579+0000] {dag.py:3239} INFO - Sync 1 DAGs
[2025-03-27T16:47:00.614+0000] {logging_mixin.py:190} INFO - [2025-03-27T16:47:00.613+0000] {dag.py:4180} INFO - Setting next_dagrun for latest_only_with_trigger to 2025-03-27 12:00:00+00:00, run_after=2025-03-27 16:00:00+00:00
[2025-03-27T16:47:00.648+0000] {processor.py:208} INFO - Processing /home/airflow/.local/lib/python3.12/site-packages/airflow/example_dags/example_latest_only_with_trigger.py took 0.176 seconds
[2025-03-27T16:47:30.892+0000] {processor.py:186} INFO - Started process (PID=1925) to work on /home/airflow/.local/lib/python3.12/site-packages/airflow/example_dags/example_latest_only_with_trigger.py
[2025-03-27T16:47:30.894+0000] {processor.py:914} INFO - Processing file /home/airflow/.local/lib/python3.12/site-packages/airflow/example_dags/example_latest_only_with_trigger.py for tasks to queue
[2025-03-27T16:47:30.896+0000] {logging_mixin.py:190} INFO - [2025-03-27T16:47:30.896+0000] {dagbag.py:588} INFO - Filling up the DagBag from /home/airflow/.local/lib/python3.12/site-packages/airflow/example_dags/example_latest_only_with_trigger.py
[2025-03-27T16:47:30.908+0000] {processor.py:925} INFO - DAG(s) 'latest_only_with_trigger' retrieved from /home/airflow/.local/lib/python3.12/site-packages/airflow/example_dags/example_latest_only_with_trigger.py
[2025-03-27T16:47:30.940+0000] {logging_mixin.py:190} INFO - [2025-03-27T16:47:30.939+0000] {dag.py:3239} INFO - Sync 1 DAGs
[2025-03-27T16:47:30.971+0000] {logging_mixin.py:190} INFO - [2025-03-27T16:47:30.971+0000] {dag.py:4180} INFO - Setting next_dagrun for latest_only_with_trigger to 2025-03-27 12:00:00+00:00, run_after=2025-03-27 16:00:00+00:00
[2025-03-27T16:47:31.006+0000] {processor.py:208} INFO - Processing /home/airflow/.local/lib/python3.12/site-packages/airflow/example_dags/example_latest_only_with_trigger.py took 0.122 seconds
[2025-03-27T16:48:01.874+0000] {processor.py:186} INFO - Started process (PID=1990) to work on /home/airflow/.local/lib/python3.12/site-packages/airflow/example_dags/example_latest_only_with_trigger.py
[2025-03-27T16:48:01.876+0000] {processor.py:914} INFO - Processing file /home/airflow/.local/lib/python3.12/site-packages/airflow/example_dags/example_latest_only_with_trigger.py for tasks to queue
[2025-03-27T16:48:01.879+0000] {logging_mixin.py:190} INFO - [2025-03-27T16:48:01.879+0000] {dagbag.py:588} INFO - Filling up the DagBag from /home/airflow/.local/lib/python3.12/site-packages/airflow/example_dags/example_latest_only_with_trigger.py
[2025-03-27T16:48:01.888+0000] {processor.py:925} INFO - DAG(s) 'latest_only_with_trigger' retrieved from /home/airflow/.local/lib/python3.12/site-packages/airflow/example_dags/example_latest_only_with_trigger.py
[2025-03-27T16:48:01.918+0000] {logging_mixin.py:190} INFO - [2025-03-27T16:48:01.918+0000] {dag.py:3239} INFO - Sync 1 DAGs
[2025-03-27T16:48:01.958+0000] {logging_mixin.py:190} INFO - [2025-03-27T16:48:01.958+0000] {dag.py:4180} INFO - Setting next_dagrun for latest_only_with_trigger to 2025-03-27 12:00:00+00:00, run_after=2025-03-27 16:00:00+00:00
[2025-03-27T16:48:01.985+0000] {processor.py:208} INFO - Processing /home/airflow/.local/lib/python3.12/site-packages/airflow/example_dags/example_latest_only_with_trigger.py took 0.121 seconds
[2025-03-27T16:48:32.569+0000] {processor.py:186} INFO - Started process (PID=2055) to work on /home/airflow/.local/lib/python3.12/site-packages/airflow/example_dags/example_latest_only_with_trigger.py
[2025-03-27T16:48:32.570+0000] {processor.py:914} INFO - Processing file /home/airflow/.local/lib/python3.12/site-packages/airflow/example_dags/example_latest_only_with_trigger.py for tasks to queue
[2025-03-27T16:48:32.573+0000] {logging_mixin.py:190} INFO - [2025-03-27T16:48:32.573+0000] {dagbag.py:588} INFO - Filling up the DagBag from /home/airflow/.local/lib/python3.12/site-packages/airflow/example_dags/example_latest_only_with_trigger.py
[2025-03-27T16:48:32.581+0000] {processor.py:925} INFO - DAG(s) 'latest_only_with_trigger' retrieved from /home/airflow/.local/lib/python3.12/site-packages/airflow/example_dags/example_latest_only_with_trigger.py
[2025-03-27T16:48:32.603+0000] {logging_mixin.py:190} INFO - [2025-03-27T16:48:32.603+0000] {dag.py:3239} INFO - Sync 1 DAGs
[2025-03-27T16:48:32.628+0000] {logging_mixin.py:190} INFO - [2025-03-27T16:48:32.628+0000] {dag.py:4180} INFO - Setting next_dagrun for latest_only_with_trigger to 2025-03-27 12:00:00+00:00, run_after=2025-03-27 16:00:00+00:00
[2025-03-27T16:48:32.647+0000] {processor.py:208} INFO - Processing /home/airflow/.local/lib/python3.12/site-packages/airflow/example_dags/example_latest_only_with_trigger.py took 0.084 seconds
[2025-03-27T16:49:03.013+0000] {processor.py:186} INFO - Started process (PID=2120) to work on /home/airflow/.local/lib/python3.12/site-packages/airflow/example_dags/example_latest_only_with_trigger.py
[2025-03-27T16:49:03.014+0000] {processor.py:914} INFO - Processing file /home/airflow/.local/lib/python3.12/site-packages/airflow/example_dags/example_latest_only_with_trigger.py for tasks to queue
[2025-03-27T16:49:03.017+0000] {logging_mixin.py:190} INFO - [2025-03-27T16:49:03.016+0000] {dagbag.py:588} INFO - Filling up the DagBag from /home/airflow/.local/lib/python3.12/site-packages/airflow/example_dags/example_latest_only_with_trigger.py
[2025-03-27T16:49:03.025+0000] {processor.py:925} INFO - DAG(s) 'latest_only_with_trigger' retrieved from /home/airflow/.local/lib/python3.12/site-packages/airflow/example_dags/example_latest_only_with_trigger.py
[2025-03-27T16:49:03.049+0000] {logging_mixin.py:190} INFO - [2025-03-27T16:49:03.049+0000] {dag.py:3239} INFO - Sync 1 DAGs
[2025-03-27T16:49:03.076+0000] {logging_mixin.py:190} INFO - [2025-03-27T16:49:03.075+0000] {dag.py:4180} INFO - Setting next_dagrun for latest_only_with_trigger to 2025-03-27 12:00:00+00:00, run_after=2025-03-27 16:00:00+00:00
[2025-03-27T16:49:03.097+0000] {processor.py:208} INFO - Processing /home/airflow/.local/lib/python3.12/site-packages/airflow/example_dags/example_latest_only_with_trigger.py took 0.093 seconds
[2025-03-27T16:49:33.551+0000] {processor.py:186} INFO - Started process (PID=2185) to work on /home/airflow/.local/lib/python3.12/site-packages/airflow/example_dags/example_latest_only_with_trigger.py
[2025-03-27T16:49:33.553+0000] {processor.py:914} INFO - Processing file /home/airflow/.local/lib/python3.12/site-packages/airflow/example_dags/example_latest_only_with_trigger.py for tasks to queue
[2025-03-27T16:49:33.556+0000] {logging_mixin.py:190} INFO - [2025-03-27T16:49:33.555+0000] {dagbag.py:588} INFO - Filling up the DagBag from /home/airflow/.local/lib/python3.12/site-packages/airflow/example_dags/example_latest_only_with_trigger.py
[2025-03-27T16:49:33.565+0000] {processor.py:925} INFO - DAG(s) 'latest_only_with_trigger' retrieved from /home/airflow/.local/lib/python3.12/site-packages/airflow/example_dags/example_latest_only_with_trigger.py
[2025-03-27T16:49:33.588+0000] {logging_mixin.py:190} INFO - [2025-03-27T16:49:33.588+0000] {dag.py:3239} INFO - Sync 1 DAGs
[2025-03-27T16:49:33.613+0000] {logging_mixin.py:190} INFO - [2025-03-27T16:49:33.613+0000] {dag.py:4180} INFO - Setting next_dagrun for latest_only_with_trigger to 2025-03-27 12:00:00+00:00, run_after=2025-03-27 16:00:00+00:00
[2025-03-27T16:49:33.633+0000] {processor.py:208} INFO - Processing /home/airflow/.local/lib/python3.12/site-packages/airflow/example_dags/example_latest_only_with_trigger.py took 0.091 seconds
[2025-03-27T16:50:04.470+0000] {processor.py:186} INFO - Started process (PID=2250) to work on /home/airflow/.local/lib/python3.12/site-packages/airflow/example_dags/example_latest_only_with_trigger.py
[2025-03-27T16:50:04.473+0000] {processor.py:914} INFO - Processing file /home/airflow/.local/lib/python3.12/site-packages/airflow/example_dags/example_latest_only_with_trigger.py for tasks to queue
[2025-03-27T16:50:04.476+0000] {logging_mixin.py:190} INFO - [2025-03-27T16:50:04.476+0000] {dagbag.py:588} INFO - Filling up the DagBag from /home/airflow/.local/lib/python3.12/site-packages/airflow/example_dags/example_latest_only_with_trigger.py
[2025-03-27T16:50:04.490+0000] {processor.py:925} INFO - DAG(s) 'latest_only_with_trigger' retrieved from /home/airflow/.local/lib/python3.12/site-packages/airflow/example_dags/example_latest_only_with_trigger.py
[2025-03-27T16:50:04.517+0000] {logging_mixin.py:190} INFO - [2025-03-27T16:50:04.516+0000] {dag.py:3239} INFO - Sync 1 DAGs
[2025-03-27T16:50:04.544+0000] {logging_mixin.py:190} INFO - [2025-03-27T16:50:04.544+0000] {dag.py:4180} INFO - Setting next_dagrun for latest_only_with_trigger to 2025-03-27 12:00:00+00:00, run_after=2025-03-27 16:00:00+00:00
[2025-03-27T16:50:04.570+0000] {processor.py:208} INFO - Processing /home/airflow/.local/lib/python3.12/site-packages/airflow/example_dags/example_latest_only_with_trigger.py took 0.111 seconds
[2025-03-27T16:50:34.903+0000] {processor.py:186} INFO - Started process (PID=2315) to work on /home/airflow/.local/lib/python3.12/site-packages/airflow/example_dags/example_latest_only_with_trigger.py
[2025-03-27T16:50:34.905+0000] {processor.py:914} INFO - Processing file /home/airflow/.local/lib/python3.12/site-packages/airflow/example_dags/example_latest_only_with_trigger.py for tasks to queue
[2025-03-27T16:50:34.908+0000] {logging_mixin.py:190} INFO - [2025-03-27T16:50:34.907+0000] {dagbag.py:588} INFO - Filling up the DagBag from /home/airflow/.local/lib/python3.12/site-packages/airflow/example_dags/example_latest_only_with_trigger.py
[2025-03-27T16:50:34.919+0000] {processor.py:925} INFO - DAG(s) 'latest_only_with_trigger' retrieved from /home/airflow/.local/lib/python3.12/site-packages/airflow/example_dags/example_latest_only_with_trigger.py
[2025-03-27T16:50:34.958+0000] {logging_mixin.py:190} INFO - [2025-03-27T16:50:34.958+0000] {dag.py:3239} INFO - Sync 1 DAGs
[2025-03-27T16:50:35.015+0000] {logging_mixin.py:190} INFO - [2025-03-27T16:50:35.015+0000] {dag.py:4180} INFO - Setting next_dagrun for latest_only_with_trigger to 2025-03-27 12:00:00+00:00, run_after=2025-03-27 16:00:00+00:00
[2025-03-27T16:50:35.056+0000] {processor.py:208} INFO - Processing /home/airflow/.local/lib/python3.12/site-packages/airflow/example_dags/example_latest_only_with_trigger.py took 0.160 seconds
[2025-03-27T16:51:05.965+0000] {processor.py:186} INFO - Started process (PID=2378) to work on /home/airflow/.local/lib/python3.12/site-packages/airflow/example_dags/example_latest_only_with_trigger.py
[2025-03-27T16:51:05.967+0000] {processor.py:914} INFO - Processing file /home/airflow/.local/lib/python3.12/site-packages/airflow/example_dags/example_latest_only_with_trigger.py for tasks to queue
[2025-03-27T16:51:05.970+0000] {logging_mixin.py:190} INFO - [2025-03-27T16:51:05.969+0000] {dagbag.py:588} INFO - Filling up the DagBag from /home/airflow/.local/lib/python3.12/site-packages/airflow/example_dags/example_latest_only_with_trigger.py
[2025-03-27T16:51:05.980+0000] {processor.py:925} INFO - DAG(s) 'latest_only_with_trigger' retrieved from /home/airflow/.local/lib/python3.12/site-packages/airflow/example_dags/example_latest_only_with_trigger.py
[2025-03-27T16:51:06.009+0000] {logging_mixin.py:190} INFO - [2025-03-27T16:51:06.008+0000] {dag.py:3239} INFO - Sync 1 DAGs
[2025-03-27T16:51:06.057+0000] {logging_mixin.py:190} INFO - [2025-03-27T16:51:06.057+0000] {dag.py:4180} INFO - Setting next_dagrun for latest_only_with_trigger to 2025-03-27 12:00:00+00:00, run_after=2025-03-27 16:00:00+00:00
[2025-03-27T16:51:06.112+0000] {processor.py:208} INFO - Processing /home/airflow/.local/lib/python3.12/site-packages/airflow/example_dags/example_latest_only_with_trigger.py took 0.154 seconds
[2025-03-27T16:51:36.487+0000] {processor.py:186} INFO - Started process (PID=2443) to work on /home/airflow/.local/lib/python3.12/site-packages/airflow/example_dags/example_latest_only_with_trigger.py
[2025-03-27T16:51:36.489+0000] {processor.py:914} INFO - Processing file /home/airflow/.local/lib/python3.12/site-packages/airflow/example_dags/example_latest_only_with_trigger.py for tasks to queue
[2025-03-27T16:51:36.491+0000] {logging_mixin.py:190} INFO - [2025-03-27T16:51:36.491+0000] {dagbag.py:588} INFO - Filling up the DagBag from /home/airflow/.local/lib/python3.12/site-packages/airflow/example_dags/example_latest_only_with_trigger.py
[2025-03-27T16:51:36.512+0000] {processor.py:925} INFO - DAG(s) 'latest_only_with_trigger' retrieved from /home/airflow/.local/lib/python3.12/site-packages/airflow/example_dags/example_latest_only_with_trigger.py
[2025-03-27T16:51:36.564+0000] {logging_mixin.py:190} INFO - [2025-03-27T16:51:36.564+0000] {dag.py:3239} INFO - Sync 1 DAGs
[2025-03-27T16:51:36.619+0000] {logging_mixin.py:190} INFO - [2025-03-27T16:51:36.619+0000] {dag.py:4180} INFO - Setting next_dagrun for latest_only_with_trigger to 2025-03-27 12:00:00+00:00, run_after=2025-03-27 16:00:00+00:00
[2025-03-27T16:51:36.674+0000] {processor.py:208} INFO - Processing /home/airflow/.local/lib/python3.12/site-packages/airflow/example_dags/example_latest_only_with_trigger.py took 0.193 seconds
[2025-03-27T16:53:04.268+0000] {processor.py:186} INFO - Started process (PID=120) to work on /home/airflow/.local/lib/python3.12/site-packages/airflow/example_dags/example_latest_only_with_trigger.py
[2025-03-27T16:53:04.270+0000] {processor.py:914} INFO - Processing file /home/airflow/.local/lib/python3.12/site-packages/airflow/example_dags/example_latest_only_with_trigger.py for tasks to queue
[2025-03-27T16:53:04.273+0000] {logging_mixin.py:190} INFO - [2025-03-27T16:53:04.273+0000] {dagbag.py:588} INFO - Filling up the DagBag from /home/airflow/.local/lib/python3.12/site-packages/airflow/example_dags/example_latest_only_with_trigger.py
[2025-03-27T16:53:04.283+0000] {processor.py:925} INFO - DAG(s) 'latest_only_with_trigger' retrieved from /home/airflow/.local/lib/python3.12/site-packages/airflow/example_dags/example_latest_only_with_trigger.py
[2025-03-27T16:53:04.314+0000] {logging_mixin.py:190} INFO - [2025-03-27T16:53:04.314+0000] {dag.py:3239} INFO - Sync 1 DAGs
[2025-03-27T16:53:04.348+0000] {logging_mixin.py:190} INFO - [2025-03-27T16:53:04.348+0000] {dag.py:4180} INFO - Setting next_dagrun for latest_only_with_trigger to 2025-03-27 12:00:00+00:00, run_after=2025-03-27 16:00:00+00:00
[2025-03-27T16:53:04.379+0000] {processor.py:208} INFO - Processing /home/airflow/.local/lib/python3.12/site-packages/airflow/example_dags/example_latest_only_with_trigger.py took 0.118 seconds
