[2025-03-27T16:33:04.687+0000] {processor.py:186} INFO - Started process (PID=95) to work on /home/airflow/.local/lib/python3.12/site-packages/airflow/example_dags/example_dag_decorator.py
[2025-03-27T16:33:04.688+0000] {processor.py:914} INFO - Processing file /home/airflow/.local/lib/python3.12/site-packages/airflow/example_dags/example_dag_decorator.py for tasks to queue
[2025-03-27T16:33:04.693+0000] {logging_mixin.py:190} INFO - [2025-03-27T16:33:04.692+0000] {dagbag.py:588} INFO - Filling up the DagBag from /home/airflow/.local/lib/python3.12/site-packages/airflow/example_dags/example_dag_decorator.py
[2025-03-27T16:33:05.169+0000] {processor.py:925} INFO - DAG(s) 'example_dag_decorator' retrieved from /home/airflow/.local/lib/python3.12/site-packages/airflow/example_dags/example_dag_decorator.py
[2025-03-27T16:33:05.322+0000] {logging_mixin.py:190} INFO - [2025-03-27T16:33:05.321+0000] {override.py:1912} INFO - Created Permission View: can read on DAG:example_dag_decorator
[2025-03-27T16:33:05.335+0000] {logging_mixin.py:190} INFO - [2025-03-27T16:33:05.334+0000] {override.py:1912} INFO - Created Permission View: can delete on DAG:example_dag_decorator
[2025-03-27T16:33:05.344+0000] {logging_mixin.py:190} INFO - [2025-03-27T16:33:05.343+0000] {override.py:1912} INFO - Created Permission View: can edit on DAG:example_dag_decorator
[2025-03-27T16:33:05.352+0000] {logging_mixin.py:190} INFO - [2025-03-27T16:33:05.352+0000] {override.py:1912} INFO - Created Permission View: can read on DAG Run:example_dag_decorator
[2025-03-27T16:33:05.360+0000] {logging_mixin.py:190} INFO - [2025-03-27T16:33:05.360+0000] {override.py:1912} INFO - Created Permission View: menu access on DAG Run:example_dag_decorator
[2025-03-27T16:33:05.372+0000] {logging_mixin.py:190} INFO - [2025-03-27T16:33:05.372+0000] {override.py:1912} INFO - Created Permission View: can create on DAG Run:example_dag_decorator
[2025-03-27T16:33:05.378+0000] {logging_mixin.py:190} INFO - [2025-03-27T16:33:05.378+0000] {override.py:1912} INFO - Created Permission View: can delete on DAG Run:example_dag_decorator
[2025-03-27T16:33:05.379+0000] {logging_mixin.py:190} INFO - [2025-03-27T16:33:05.379+0000] {dag.py:3239} INFO - Sync 1 DAGs
[2025-03-27T16:33:05.397+0000] {logging_mixin.py:190} INFO - [2025-03-27T16:33:05.396+0000] {dag.py:3262} INFO - Creating ORM DAG for example_dag_decorator
[2025-03-27T16:33:05.399+0000] {logging_mixin.py:190} INFO - [2025-03-27T16:33:05.399+0000] {dag.py:4180} INFO - Setting next_dagrun for example_dag_decorator to None, run_after=None
[2025-03-27T16:33:05.429+0000] {processor.py:208} INFO - Processing /home/airflow/.local/lib/python3.12/site-packages/airflow/example_dags/example_dag_decorator.py took 0.749 seconds
[2025-03-27T16:33:35.596+0000] {processor.py:186} INFO - Started process (PID=159) to work on /home/airflow/.local/lib/python3.12/site-packages/airflow/example_dags/example_dag_decorator.py
[2025-03-27T16:33:35.597+0000] {processor.py:914} INFO - Processing file /home/airflow/.local/lib/python3.12/site-packages/airflow/example_dags/example_dag_decorator.py for tasks to queue
[2025-03-27T16:33:35.602+0000] {logging_mixin.py:190} INFO - [2025-03-27T16:33:35.601+0000] {dagbag.py:588} INFO - Filling up the DagBag from /home/airflow/.local/lib/python3.12/site-packages/airflow/example_dags/example_dag_decorator.py
[2025-03-27T16:33:35.724+0000] {processor.py:925} INFO - DAG(s) 'example_dag_decorator' retrieved from /home/airflow/.local/lib/python3.12/site-packages/airflow/example_dags/example_dag_decorator.py
[2025-03-27T16:33:35.750+0000] {logging_mixin.py:190} INFO - [2025-03-27T16:33:35.750+0000] {dag.py:3239} INFO - Sync 1 DAGs
[2025-03-27T16:33:35.765+0000] {logging_mixin.py:190} INFO - [2025-03-27T16:33:35.765+0000] {dag.py:4180} INFO - Setting next_dagrun for example_dag_decorator to None, run_after=None
[2025-03-27T16:33:35.787+0000] {processor.py:208} INFO - Processing /home/airflow/.local/lib/python3.12/site-packages/airflow/example_dags/example_dag_decorator.py took 0.200 seconds
[2025-03-27T16:34:06.571+0000] {processor.py:186} INFO - Started process (PID=221) to work on /home/airflow/.local/lib/python3.12/site-packages/airflow/example_dags/example_dag_decorator.py
[2025-03-27T16:34:06.574+0000] {processor.py:914} INFO - Processing file /home/airflow/.local/lib/python3.12/site-packages/airflow/example_dags/example_dag_decorator.py for tasks to queue
[2025-03-27T16:34:06.577+0000] {logging_mixin.py:190} INFO - [2025-03-27T16:34:06.576+0000] {dagbag.py:588} INFO - Filling up the DagBag from /home/airflow/.local/lib/python3.12/site-packages/airflow/example_dags/example_dag_decorator.py
[2025-03-27T16:34:06.756+0000] {processor.py:925} INFO - DAG(s) 'example_dag_decorator' retrieved from /home/airflow/.local/lib/python3.12/site-packages/airflow/example_dags/example_dag_decorator.py
[2025-03-27T16:34:06.893+0000] {logging_mixin.py:190} INFO - [2025-03-27T16:34:06.893+0000] {dag.py:3239} INFO - Sync 1 DAGs
[2025-03-27T16:34:06.906+0000] {logging_mixin.py:190} INFO - [2025-03-27T16:34:06.906+0000] {dag.py:4180} INFO - Setting next_dagrun for example_dag_decorator to None, run_after=None
[2025-03-27T16:34:06.929+0000] {processor.py:208} INFO - Processing /home/airflow/.local/lib/python3.12/site-packages/airflow/example_dags/example_dag_decorator.py took 0.367 seconds
[2025-03-27T16:34:37.799+0000] {processor.py:186} INFO - Started process (PID=284) to work on /home/airflow/.local/lib/python3.12/site-packages/airflow/example_dags/example_dag_decorator.py
[2025-03-27T16:34:37.800+0000] {processor.py:914} INFO - Processing file /home/airflow/.local/lib/python3.12/site-packages/airflow/example_dags/example_dag_decorator.py for tasks to queue
[2025-03-27T16:34:37.804+0000] {logging_mixin.py:190} INFO - [2025-03-27T16:34:37.804+0000] {dagbag.py:588} INFO - Filling up the DagBag from /home/airflow/.local/lib/python3.12/site-packages/airflow/example_dags/example_dag_decorator.py
[2025-03-27T16:34:37.932+0000] {processor.py:925} INFO - DAG(s) 'example_dag_decorator' retrieved from /home/airflow/.local/lib/python3.12/site-packages/airflow/example_dags/example_dag_decorator.py
[2025-03-27T16:34:38.191+0000] {logging_mixin.py:190} INFO - [2025-03-27T16:34:38.190+0000] {dag.py:3239} INFO - Sync 1 DAGs
[2025-03-27T16:34:38.219+0000] {logging_mixin.py:190} INFO - [2025-03-27T16:34:38.219+0000] {dag.py:4180} INFO - Setting next_dagrun for example_dag_decorator to None, run_after=None
[2025-03-27T16:34:38.267+0000] {processor.py:208} INFO - Processing /home/airflow/.local/lib/python3.12/site-packages/airflow/example_dags/example_dag_decorator.py took 0.476 seconds
[2025-03-27T16:35:08.959+0000] {processor.py:186} INFO - Started process (PID=346) to work on /home/airflow/.local/lib/python3.12/site-packages/airflow/example_dags/example_dag_decorator.py
[2025-03-27T16:35:08.961+0000] {processor.py:914} INFO - Processing file /home/airflow/.local/lib/python3.12/site-packages/airflow/example_dags/example_dag_decorator.py for tasks to queue
[2025-03-27T16:35:08.964+0000] {logging_mixin.py:190} INFO - [2025-03-27T16:35:08.964+0000] {dagbag.py:588} INFO - Filling up the DagBag from /home/airflow/.local/lib/python3.12/site-packages/airflow/example_dags/example_dag_decorator.py
[2025-03-27T16:35:09.107+0000] {processor.py:925} INFO - DAG(s) 'example_dag_decorator' retrieved from /home/airflow/.local/lib/python3.12/site-packages/airflow/example_dags/example_dag_decorator.py
[2025-03-27T16:35:09.233+0000] {logging_mixin.py:190} INFO - [2025-03-27T16:35:09.232+0000] {dag.py:3239} INFO - Sync 1 DAGs
[2025-03-27T16:35:09.248+0000] {logging_mixin.py:190} INFO - [2025-03-27T16:35:09.248+0000] {dag.py:4180} INFO - Setting next_dagrun for example_dag_decorator to None, run_after=None
[2025-03-27T16:35:09.283+0000] {processor.py:208} INFO - Processing /home/airflow/.local/lib/python3.12/site-packages/airflow/example_dags/example_dag_decorator.py took 0.330 seconds
[2025-03-27T16:35:39.348+0000] {processor.py:186} INFO - Started process (PID=411) to work on /home/airflow/.local/lib/python3.12/site-packages/airflow/example_dags/example_dag_decorator.py
[2025-03-27T16:35:39.350+0000] {processor.py:914} INFO - Processing file /home/airflow/.local/lib/python3.12/site-packages/airflow/example_dags/example_dag_decorator.py for tasks to queue
[2025-03-27T16:35:39.353+0000] {logging_mixin.py:190} INFO - [2025-03-27T16:35:39.352+0000] {dagbag.py:588} INFO - Filling up the DagBag from /home/airflow/.local/lib/python3.12/site-packages/airflow/example_dags/example_dag_decorator.py
[2025-03-27T16:35:39.489+0000] {processor.py:925} INFO - DAG(s) 'example_dag_decorator' retrieved from /home/airflow/.local/lib/python3.12/site-packages/airflow/example_dags/example_dag_decorator.py
[2025-03-27T16:35:39.519+0000] {logging_mixin.py:190} INFO - [2025-03-27T16:35:39.519+0000] {dag.py:3239} INFO - Sync 1 DAGs
[2025-03-27T16:35:39.533+0000] {logging_mixin.py:190} INFO - [2025-03-27T16:35:39.533+0000] {dag.py:4180} INFO - Setting next_dagrun for example_dag_decorator to None, run_after=None
[2025-03-27T16:35:39.555+0000] {processor.py:208} INFO - Processing /home/airflow/.local/lib/python3.12/site-packages/airflow/example_dags/example_dag_decorator.py took 0.215 seconds
[2025-03-27T16:36:09.726+0000] {processor.py:186} INFO - Started process (PID=474) to work on /home/airflow/.local/lib/python3.12/site-packages/airflow/example_dags/example_dag_decorator.py
[2025-03-27T16:36:09.729+0000] {processor.py:914} INFO - Processing file /home/airflow/.local/lib/python3.12/site-packages/airflow/example_dags/example_dag_decorator.py for tasks to queue
[2025-03-27T16:36:09.733+0000] {logging_mixin.py:190} INFO - [2025-03-27T16:36:09.732+0000] {dagbag.py:588} INFO - Filling up the DagBag from /home/airflow/.local/lib/python3.12/site-packages/airflow/example_dags/example_dag_decorator.py
[2025-03-27T16:36:09.844+0000] {processor.py:925} INFO - DAG(s) 'example_dag_decorator' retrieved from /home/airflow/.local/lib/python3.12/site-packages/airflow/example_dags/example_dag_decorator.py
[2025-03-27T16:36:09.955+0000] {logging_mixin.py:190} INFO - [2025-03-27T16:36:09.955+0000] {dag.py:3239} INFO - Sync 1 DAGs
[2025-03-27T16:36:09.968+0000] {logging_mixin.py:190} INFO - [2025-03-27T16:36:09.967+0000] {dag.py:4180} INFO - Setting next_dagrun for example_dag_decorator to None, run_after=None
[2025-03-27T16:36:09.991+0000] {processor.py:208} INFO - Processing /home/airflow/.local/lib/python3.12/site-packages/airflow/example_dags/example_dag_decorator.py took 0.271 seconds
[2025-03-27T16:36:40.073+0000] {processor.py:186} INFO - Started process (PID=536) to work on /home/airflow/.local/lib/python3.12/site-packages/airflow/example_dags/example_dag_decorator.py
[2025-03-27T16:36:40.075+0000] {processor.py:914} INFO - Processing file /home/airflow/.local/lib/python3.12/site-packages/airflow/example_dags/example_dag_decorator.py for tasks to queue
[2025-03-27T16:36:40.078+0000] {logging_mixin.py:190} INFO - [2025-03-27T16:36:40.077+0000] {dagbag.py:588} INFO - Filling up the DagBag from /home/airflow/.local/lib/python3.12/site-packages/airflow/example_dags/example_dag_decorator.py
[2025-03-27T16:36:40.203+0000] {processor.py:925} INFO - DAG(s) 'example_dag_decorator' retrieved from /home/airflow/.local/lib/python3.12/site-packages/airflow/example_dags/example_dag_decorator.py
[2025-03-27T16:36:40.308+0000] {logging_mixin.py:190} INFO - [2025-03-27T16:36:40.308+0000] {dag.py:3239} INFO - Sync 1 DAGs
[2025-03-27T16:36:40.324+0000] {logging_mixin.py:190} INFO - [2025-03-27T16:36:40.324+0000] {dag.py:4180} INFO - Setting next_dagrun for example_dag_decorator to None, run_after=None
[2025-03-27T16:36:40.344+0000] {processor.py:208} INFO - Processing /home/airflow/.local/lib/python3.12/site-packages/airflow/example_dags/example_dag_decorator.py took 0.280 seconds
[2025-03-27T16:37:10.780+0000] {processor.py:186} INFO - Started process (PID=601) to work on /home/airflow/.local/lib/python3.12/site-packages/airflow/example_dags/example_dag_decorator.py
[2025-03-27T16:37:10.786+0000] {processor.py:914} INFO - Processing file /home/airflow/.local/lib/python3.12/site-packages/airflow/example_dags/example_dag_decorator.py for tasks to queue
[2025-03-27T16:37:10.790+0000] {logging_mixin.py:190} INFO - [2025-03-27T16:37:10.790+0000] {dagbag.py:588} INFO - Filling up the DagBag from /home/airflow/.local/lib/python3.12/site-packages/airflow/example_dags/example_dag_decorator.py
[2025-03-27T16:37:10.921+0000] {processor.py:925} INFO - DAG(s) 'example_dag_decorator' retrieved from /home/airflow/.local/lib/python3.12/site-packages/airflow/example_dags/example_dag_decorator.py
[2025-03-27T16:37:11.050+0000] {logging_mixin.py:190} INFO - [2025-03-27T16:37:11.050+0000] {dag.py:3239} INFO - Sync 1 DAGs
[2025-03-27T16:37:11.062+0000] {logging_mixin.py:190} INFO - [2025-03-27T16:37:11.061+0000] {dag.py:4180} INFO - Setting next_dagrun for example_dag_decorator to None, run_after=None
[2025-03-27T16:37:11.091+0000] {processor.py:208} INFO - Processing /home/airflow/.local/lib/python3.12/site-packages/airflow/example_dags/example_dag_decorator.py took 0.318 seconds
[2025-03-27T16:37:41.164+0000] {processor.py:186} INFO - Started process (PID=663) to work on /home/airflow/.local/lib/python3.12/site-packages/airflow/example_dags/example_dag_decorator.py
[2025-03-27T16:37:41.166+0000] {processor.py:914} INFO - Processing file /home/airflow/.local/lib/python3.12/site-packages/airflow/example_dags/example_dag_decorator.py for tasks to queue
[2025-03-27T16:37:41.174+0000] {logging_mixin.py:190} INFO - [2025-03-27T16:37:41.173+0000] {dagbag.py:588} INFO - Filling up the DagBag from /home/airflow/.local/lib/python3.12/site-packages/airflow/example_dags/example_dag_decorator.py
[2025-03-27T16:37:41.396+0000] {processor.py:925} INFO - DAG(s) 'example_dag_decorator' retrieved from /home/airflow/.local/lib/python3.12/site-packages/airflow/example_dags/example_dag_decorator.py
[2025-03-27T16:37:41.595+0000] {logging_mixin.py:190} INFO - [2025-03-27T16:37:41.595+0000] {dag.py:3239} INFO - Sync 1 DAGs
[2025-03-27T16:37:41.617+0000] {logging_mixin.py:190} INFO - [2025-03-27T16:37:41.616+0000] {dag.py:4180} INFO - Setting next_dagrun for example_dag_decorator to None, run_after=None
[2025-03-27T16:37:41.651+0000] {processor.py:208} INFO - Processing /home/airflow/.local/lib/python3.12/site-packages/airflow/example_dags/example_dag_decorator.py took 0.498 seconds
[2025-03-27T16:38:11.919+0000] {processor.py:186} INFO - Started process (PID=728) to work on /home/airflow/.local/lib/python3.12/site-packages/airflow/example_dags/example_dag_decorator.py
[2025-03-27T16:38:11.947+0000] {processor.py:914} INFO - Processing file /home/airflow/.local/lib/python3.12/site-packages/airflow/example_dags/example_dag_decorator.py for tasks to queue
[2025-03-27T16:38:11.951+0000] {logging_mixin.py:190} INFO - [2025-03-27T16:38:11.951+0000] {dagbag.py:588} INFO - Filling up the DagBag from /home/airflow/.local/lib/python3.12/site-packages/airflow/example_dags/example_dag_decorator.py
[2025-03-27T16:38:12.057+0000] {processor.py:925} INFO - DAG(s) 'example_dag_decorator' retrieved from /home/airflow/.local/lib/python3.12/site-packages/airflow/example_dags/example_dag_decorator.py
[2025-03-27T16:38:12.198+0000] {logging_mixin.py:190} INFO - [2025-03-27T16:38:12.197+0000] {dag.py:3239} INFO - Sync 1 DAGs
[2025-03-27T16:38:12.214+0000] {logging_mixin.py:190} INFO - [2025-03-27T16:38:12.213+0000] {dag.py:4180} INFO - Setting next_dagrun for example_dag_decorator to None, run_after=None
[2025-03-27T16:38:12.288+0000] {processor.py:208} INFO - Processing /home/airflow/.local/lib/python3.12/site-packages/airflow/example_dags/example_dag_decorator.py took 0.387 seconds
[2025-03-27T16:38:42.524+0000] {processor.py:186} INFO - Started process (PID=792) to work on /home/airflow/.local/lib/python3.12/site-packages/airflow/example_dags/example_dag_decorator.py
[2025-03-27T16:38:42.526+0000] {processor.py:914} INFO - Processing file /home/airflow/.local/lib/python3.12/site-packages/airflow/example_dags/example_dag_decorator.py for tasks to queue
[2025-03-27T16:38:42.534+0000] {logging_mixin.py:190} INFO - [2025-03-27T16:38:42.533+0000] {dagbag.py:588} INFO - Filling up the DagBag from /home/airflow/.local/lib/python3.12/site-packages/airflow/example_dags/example_dag_decorator.py
[2025-03-27T16:38:42.725+0000] {processor.py:925} INFO - DAG(s) 'example_dag_decorator' retrieved from /home/airflow/.local/lib/python3.12/site-packages/airflow/example_dags/example_dag_decorator.py
[2025-03-27T16:38:42.851+0000] {logging_mixin.py:190} INFO - [2025-03-27T16:38:42.851+0000] {dag.py:3239} INFO - Sync 1 DAGs
[2025-03-27T16:38:42.863+0000] {logging_mixin.py:190} INFO - [2025-03-27T16:38:42.863+0000] {dag.py:4180} INFO - Setting next_dagrun for example_dag_decorator to None, run_after=None
[2025-03-27T16:38:42.884+0000] {processor.py:208} INFO - Processing /home/airflow/.local/lib/python3.12/site-packages/airflow/example_dags/example_dag_decorator.py took 0.366 seconds
[2025-03-27T16:39:13.297+0000] {processor.py:186} INFO - Started process (PID=858) to work on /home/airflow/.local/lib/python3.12/site-packages/airflow/example_dags/example_dag_decorator.py
[2025-03-27T16:39:13.298+0000] {processor.py:914} INFO - Processing file /home/airflow/.local/lib/python3.12/site-packages/airflow/example_dags/example_dag_decorator.py for tasks to queue
[2025-03-27T16:39:13.313+0000] {logging_mixin.py:190} INFO - [2025-03-27T16:39:13.312+0000] {dagbag.py:588} INFO - Filling up the DagBag from /home/airflow/.local/lib/python3.12/site-packages/airflow/example_dags/example_dag_decorator.py
[2025-03-27T16:39:13.567+0000] {processor.py:925} INFO - DAG(s) 'example_dag_decorator' retrieved from /home/airflow/.local/lib/python3.12/site-packages/airflow/example_dags/example_dag_decorator.py
[2025-03-27T16:39:13.698+0000] {logging_mixin.py:190} INFO - [2025-03-27T16:39:13.697+0000] {dag.py:3239} INFO - Sync 1 DAGs
[2025-03-27T16:39:13.714+0000] {logging_mixin.py:190} INFO - [2025-03-27T16:39:13.713+0000] {dag.py:4180} INFO - Setting next_dagrun for example_dag_decorator to None, run_after=None
[2025-03-27T16:39:13.755+0000] {processor.py:208} INFO - Processing /home/airflow/.local/lib/python3.12/site-packages/airflow/example_dags/example_dag_decorator.py took 0.467 seconds
[2025-03-27T16:39:44.247+0000] {processor.py:186} INFO - Started process (PID=924) to work on /home/airflow/.local/lib/python3.12/site-packages/airflow/example_dags/example_dag_decorator.py
[2025-03-27T16:39:44.250+0000] {processor.py:914} INFO - Processing file /home/airflow/.local/lib/python3.12/site-packages/airflow/example_dags/example_dag_decorator.py for tasks to queue
[2025-03-27T16:39:44.254+0000] {logging_mixin.py:190} INFO - [2025-03-27T16:39:44.254+0000] {dagbag.py:588} INFO - Filling up the DagBag from /home/airflow/.local/lib/python3.12/site-packages/airflow/example_dags/example_dag_decorator.py
[2025-03-27T16:39:44.386+0000] {processor.py:925} INFO - DAG(s) 'example_dag_decorator' retrieved from /home/airflow/.local/lib/python3.12/site-packages/airflow/example_dags/example_dag_decorator.py
[2025-03-27T16:39:44.507+0000] {logging_mixin.py:190} INFO - [2025-03-27T16:39:44.507+0000] {dag.py:3239} INFO - Sync 1 DAGs
[2025-03-27T16:39:44.520+0000] {logging_mixin.py:190} INFO - [2025-03-27T16:39:44.520+0000] {dag.py:4180} INFO - Setting next_dagrun for example_dag_decorator to None, run_after=None
[2025-03-27T16:39:44.544+0000] {processor.py:208} INFO - Processing /home/airflow/.local/lib/python3.12/site-packages/airflow/example_dags/example_dag_decorator.py took 0.308 seconds
[2025-03-27T16:40:14.912+0000] {processor.py:186} INFO - Started process (PID=987) to work on /home/airflow/.local/lib/python3.12/site-packages/airflow/example_dags/example_dag_decorator.py
[2025-03-27T16:40:14.913+0000] {processor.py:914} INFO - Processing file /home/airflow/.local/lib/python3.12/site-packages/airflow/example_dags/example_dag_decorator.py for tasks to queue
[2025-03-27T16:40:14.921+0000] {logging_mixin.py:190} INFO - [2025-03-27T16:40:14.921+0000] {dagbag.py:588} INFO - Filling up the DagBag from /home/airflow/.local/lib/python3.12/site-packages/airflow/example_dags/example_dag_decorator.py
[2025-03-27T16:40:15.147+0000] {processor.py:925} INFO - DAG(s) 'example_dag_decorator' retrieved from /home/airflow/.local/lib/python3.12/site-packages/airflow/example_dags/example_dag_decorator.py
[2025-03-27T16:40:15.306+0000] {logging_mixin.py:190} INFO - [2025-03-27T16:40:15.305+0000] {dag.py:3239} INFO - Sync 1 DAGs
[2025-03-27T16:40:15.331+0000] {logging_mixin.py:190} INFO - [2025-03-27T16:40:15.331+0000] {dag.py:4180} INFO - Setting next_dagrun for example_dag_decorator to None, run_after=None
[2025-03-27T16:40:15.384+0000] {processor.py:208} INFO - Processing /home/airflow/.local/lib/python3.12/site-packages/airflow/example_dags/example_dag_decorator.py took 0.480 seconds
[2025-03-27T16:40:46.074+0000] {processor.py:186} INFO - Started process (PID=1052) to work on /home/airflow/.local/lib/python3.12/site-packages/airflow/example_dags/example_dag_decorator.py
[2025-03-27T16:40:46.075+0000] {processor.py:914} INFO - Processing file /home/airflow/.local/lib/python3.12/site-packages/airflow/example_dags/example_dag_decorator.py for tasks to queue
[2025-03-27T16:40:46.077+0000] {logging_mixin.py:190} INFO - [2025-03-27T16:40:46.077+0000] {dagbag.py:588} INFO - Filling up the DagBag from /home/airflow/.local/lib/python3.12/site-packages/airflow/example_dags/example_dag_decorator.py
[2025-03-27T16:40:46.266+0000] {processor.py:925} INFO - DAG(s) 'example_dag_decorator' retrieved from /home/airflow/.local/lib/python3.12/site-packages/airflow/example_dags/example_dag_decorator.py
[2025-03-27T16:40:46.386+0000] {logging_mixin.py:190} INFO - [2025-03-27T16:40:46.385+0000] {dag.py:3239} INFO - Sync 1 DAGs
[2025-03-27T16:40:46.399+0000] {logging_mixin.py:190} INFO - [2025-03-27T16:40:46.399+0000] {dag.py:4180} INFO - Setting next_dagrun for example_dag_decorator to None, run_after=None
[2025-03-27T16:40:46.421+0000] {processor.py:208} INFO - Processing /home/airflow/.local/lib/python3.12/site-packages/airflow/example_dags/example_dag_decorator.py took 0.353 seconds
[2025-03-27T16:41:16.631+0000] {processor.py:186} INFO - Started process (PID=1118) to work on /home/airflow/.local/lib/python3.12/site-packages/airflow/example_dags/example_dag_decorator.py
[2025-03-27T16:41:16.632+0000] {processor.py:914} INFO - Processing file /home/airflow/.local/lib/python3.12/site-packages/airflow/example_dags/example_dag_decorator.py for tasks to queue
[2025-03-27T16:41:16.637+0000] {logging_mixin.py:190} INFO - [2025-03-27T16:41:16.637+0000] {dagbag.py:588} INFO - Filling up the DagBag from /home/airflow/.local/lib/python3.12/site-packages/airflow/example_dags/example_dag_decorator.py
[2025-03-27T16:41:16.810+0000] {processor.py:925} INFO - DAG(s) 'example_dag_decorator' retrieved from /home/airflow/.local/lib/python3.12/site-packages/airflow/example_dags/example_dag_decorator.py
[2025-03-27T16:41:16.933+0000] {logging_mixin.py:190} INFO - [2025-03-27T16:41:16.932+0000] {dag.py:3239} INFO - Sync 1 DAGs
[2025-03-27T16:41:16.946+0000] {logging_mixin.py:190} INFO - [2025-03-27T16:41:16.945+0000] {dag.py:4180} INFO - Setting next_dagrun for example_dag_decorator to None, run_after=None
[2025-03-27T16:41:16.967+0000] {processor.py:208} INFO - Processing /home/airflow/.local/lib/python3.12/site-packages/airflow/example_dags/example_dag_decorator.py took 0.353 seconds
[2025-03-27T16:41:47.651+0000] {processor.py:186} INFO - Started process (PID=1185) to work on /home/airflow/.local/lib/python3.12/site-packages/airflow/example_dags/example_dag_decorator.py
[2025-03-27T16:41:47.653+0000] {processor.py:914} INFO - Processing file /home/airflow/.local/lib/python3.12/site-packages/airflow/example_dags/example_dag_decorator.py for tasks to queue
[2025-03-27T16:41:47.657+0000] {logging_mixin.py:190} INFO - [2025-03-27T16:41:47.657+0000] {dagbag.py:588} INFO - Filling up the DagBag from /home/airflow/.local/lib/python3.12/site-packages/airflow/example_dags/example_dag_decorator.py
[2025-03-27T16:41:47.825+0000] {processor.py:925} INFO - DAG(s) 'example_dag_decorator' retrieved from /home/airflow/.local/lib/python3.12/site-packages/airflow/example_dags/example_dag_decorator.py
[2025-03-27T16:41:48.059+0000] {logging_mixin.py:190} INFO - [2025-03-27T16:41:48.058+0000] {dag.py:3239} INFO - Sync 1 DAGs
[2025-03-27T16:41:48.087+0000] {logging_mixin.py:190} INFO - [2025-03-27T16:41:48.087+0000] {dag.py:4180} INFO - Setting next_dagrun for example_dag_decorator to None, run_after=None
[2025-03-27T16:41:48.131+0000] {processor.py:208} INFO - Processing /home/airflow/.local/lib/python3.12/site-packages/airflow/example_dags/example_dag_decorator.py took 0.490 seconds
[2025-03-27T16:42:18.517+0000] {processor.py:186} INFO - Started process (PID=1248) to work on /home/airflow/.local/lib/python3.12/site-packages/airflow/example_dags/example_dag_decorator.py
[2025-03-27T16:42:18.520+0000] {processor.py:914} INFO - Processing file /home/airflow/.local/lib/python3.12/site-packages/airflow/example_dags/example_dag_decorator.py for tasks to queue
[2025-03-27T16:42:18.526+0000] {logging_mixin.py:190} INFO - [2025-03-27T16:42:18.525+0000] {dagbag.py:588} INFO - Filling up the DagBag from /home/airflow/.local/lib/python3.12/site-packages/airflow/example_dags/example_dag_decorator.py
[2025-03-27T16:42:18.659+0000] {processor.py:925} INFO - DAG(s) 'example_dag_decorator' retrieved from /home/airflow/.local/lib/python3.12/site-packages/airflow/example_dags/example_dag_decorator.py
[2025-03-27T16:42:18.793+0000] {logging_mixin.py:190} INFO - [2025-03-27T16:42:18.792+0000] {dag.py:3239} INFO - Sync 1 DAGs
[2025-03-27T16:42:18.809+0000] {logging_mixin.py:190} INFO - [2025-03-27T16:42:18.808+0000] {dag.py:4180} INFO - Setting next_dagrun for example_dag_decorator to None, run_after=None
[2025-03-27T16:42:18.831+0000] {processor.py:208} INFO - Processing /home/airflow/.local/lib/python3.12/site-packages/airflow/example_dags/example_dag_decorator.py took 0.328 seconds
[2025-03-27T16:42:48.921+0000] {processor.py:186} INFO - Started process (PID=1315) to work on /home/airflow/.local/lib/python3.12/site-packages/airflow/example_dags/example_dag_decorator.py
[2025-03-27T16:42:48.923+0000] {processor.py:914} INFO - Processing file /home/airflow/.local/lib/python3.12/site-packages/airflow/example_dags/example_dag_decorator.py for tasks to queue
[2025-03-27T16:42:48.926+0000] {logging_mixin.py:190} INFO - [2025-03-27T16:42:48.926+0000] {dagbag.py:588} INFO - Filling up the DagBag from /home/airflow/.local/lib/python3.12/site-packages/airflow/example_dags/example_dag_decorator.py
[2025-03-27T16:42:49.064+0000] {processor.py:925} INFO - DAG(s) 'example_dag_decorator' retrieved from /home/airflow/.local/lib/python3.12/site-packages/airflow/example_dags/example_dag_decorator.py
[2025-03-27T16:42:49.286+0000] {logging_mixin.py:190} INFO - [2025-03-27T16:42:49.285+0000] {dag.py:3239} INFO - Sync 1 DAGs
[2025-03-27T16:42:49.308+0000] {logging_mixin.py:190} INFO - [2025-03-27T16:42:49.308+0000] {dag.py:4180} INFO - Setting next_dagrun for example_dag_decorator to None, run_after=None
[2025-03-27T16:42:49.338+0000] {processor.py:208} INFO - Processing /home/airflow/.local/lib/python3.12/site-packages/airflow/example_dags/example_dag_decorator.py took 0.428 seconds
[2025-03-27T16:43:19.449+0000] {processor.py:186} INFO - Started process (PID=1382) to work on /home/airflow/.local/lib/python3.12/site-packages/airflow/example_dags/example_dag_decorator.py
[2025-03-27T16:43:19.451+0000] {processor.py:914} INFO - Processing file /home/airflow/.local/lib/python3.12/site-packages/airflow/example_dags/example_dag_decorator.py for tasks to queue
[2025-03-27T16:43:19.453+0000] {logging_mixin.py:190} INFO - [2025-03-27T16:43:19.453+0000] {dagbag.py:588} INFO - Filling up the DagBag from /home/airflow/.local/lib/python3.12/site-packages/airflow/example_dags/example_dag_decorator.py
[2025-03-27T16:43:19.566+0000] {processor.py:925} INFO - DAG(s) 'example_dag_decorator' retrieved from /home/airflow/.local/lib/python3.12/site-packages/airflow/example_dags/example_dag_decorator.py
[2025-03-27T16:43:19.766+0000] {logging_mixin.py:190} INFO - [2025-03-27T16:43:19.765+0000] {dag.py:3239} INFO - Sync 1 DAGs
[2025-03-27T16:43:19.808+0000] {logging_mixin.py:190} INFO - [2025-03-27T16:43:19.808+0000] {dag.py:4180} INFO - Setting next_dagrun for example_dag_decorator to None, run_after=None
[2025-03-27T16:43:19.851+0000] {processor.py:208} INFO - Processing /home/airflow/.local/lib/python3.12/site-packages/airflow/example_dags/example_dag_decorator.py took 0.410 seconds
[2025-03-27T16:43:50.258+0000] {processor.py:186} INFO - Started process (PID=1447) to work on /home/airflow/.local/lib/python3.12/site-packages/airflow/example_dags/example_dag_decorator.py
[2025-03-27T16:43:50.260+0000] {processor.py:914} INFO - Processing file /home/airflow/.local/lib/python3.12/site-packages/airflow/example_dags/example_dag_decorator.py for tasks to queue
[2025-03-27T16:43:50.262+0000] {logging_mixin.py:190} INFO - [2025-03-27T16:43:50.262+0000] {dagbag.py:588} INFO - Filling up the DagBag from /home/airflow/.local/lib/python3.12/site-packages/airflow/example_dags/example_dag_decorator.py
[2025-03-27T16:43:50.385+0000] {processor.py:925} INFO - DAG(s) 'example_dag_decorator' retrieved from /home/airflow/.local/lib/python3.12/site-packages/airflow/example_dags/example_dag_decorator.py
[2025-03-27T16:43:50.543+0000] {logging_mixin.py:190} INFO - [2025-03-27T16:43:50.543+0000] {dag.py:3239} INFO - Sync 1 DAGs
[2025-03-27T16:43:50.562+0000] {logging_mixin.py:190} INFO - [2025-03-27T16:43:50.562+0000] {dag.py:4180} INFO - Setting next_dagrun for example_dag_decorator to None, run_after=None
[2025-03-27T16:43:50.594+0000] {processor.py:208} INFO - Processing /home/airflow/.local/lib/python3.12/site-packages/airflow/example_dags/example_dag_decorator.py took 0.342 seconds
[2025-03-27T16:44:20.728+0000] {processor.py:186} INFO - Started process (PID=1514) to work on /home/airflow/.local/lib/python3.12/site-packages/airflow/example_dags/example_dag_decorator.py
[2025-03-27T16:44:20.730+0000] {processor.py:914} INFO - Processing file /home/airflow/.local/lib/python3.12/site-packages/airflow/example_dags/example_dag_decorator.py for tasks to queue
[2025-03-27T16:44:20.735+0000] {logging_mixin.py:190} INFO - [2025-03-27T16:44:20.734+0000] {dagbag.py:588} INFO - Filling up the DagBag from /home/airflow/.local/lib/python3.12/site-packages/airflow/example_dags/example_dag_decorator.py
[2025-03-27T16:44:20.872+0000] {processor.py:925} INFO - DAG(s) 'example_dag_decorator' retrieved from /home/airflow/.local/lib/python3.12/site-packages/airflow/example_dags/example_dag_decorator.py
[2025-03-27T16:44:20.899+0000] {logging_mixin.py:190} INFO - [2025-03-27T16:44:20.899+0000] {dag.py:3239} INFO - Sync 1 DAGs
[2025-03-27T16:44:20.920+0000] {logging_mixin.py:190} INFO - [2025-03-27T16:44:20.919+0000] {dag.py:4180} INFO - Setting next_dagrun for example_dag_decorator to None, run_after=None
[2025-03-27T16:44:20.941+0000] {processor.py:208} INFO - Processing /home/airflow/.local/lib/python3.12/site-packages/airflow/example_dags/example_dag_decorator.py took 0.221 seconds
[2025-03-27T16:44:51.399+0000] {processor.py:186} INFO - Started process (PID=1576) to work on /home/airflow/.local/lib/python3.12/site-packages/airflow/example_dags/example_dag_decorator.py
[2025-03-27T16:44:51.401+0000] {processor.py:914} INFO - Processing file /home/airflow/.local/lib/python3.12/site-packages/airflow/example_dags/example_dag_decorator.py for tasks to queue
[2025-03-27T16:44:51.405+0000] {logging_mixin.py:190} INFO - [2025-03-27T16:44:51.404+0000] {dagbag.py:588} INFO - Filling up the DagBag from /home/airflow/.local/lib/python3.12/site-packages/airflow/example_dags/example_dag_decorator.py
[2025-03-27T16:44:51.575+0000] {processor.py:925} INFO - DAG(s) 'example_dag_decorator' retrieved from /home/airflow/.local/lib/python3.12/site-packages/airflow/example_dags/example_dag_decorator.py
[2025-03-27T16:44:51.607+0000] {logging_mixin.py:190} INFO - [2025-03-27T16:44:51.607+0000] {dag.py:3239} INFO - Sync 1 DAGs
[2025-03-27T16:44:51.629+0000] {logging_mixin.py:190} INFO - [2025-03-27T16:44:51.628+0000] {dag.py:4180} INFO - Setting next_dagrun for example_dag_decorator to None, run_after=None
[2025-03-27T16:44:51.657+0000] {processor.py:208} INFO - Processing /home/airflow/.local/lib/python3.12/site-packages/airflow/example_dags/example_dag_decorator.py took 0.270 seconds
[2025-03-27T16:45:22.068+0000] {processor.py:186} INFO - Started process (PID=1641) to work on /home/airflow/.local/lib/python3.12/site-packages/airflow/example_dags/example_dag_decorator.py
[2025-03-27T16:45:22.069+0000] {processor.py:914} INFO - Processing file /home/airflow/.local/lib/python3.12/site-packages/airflow/example_dags/example_dag_decorator.py for tasks to queue
[2025-03-27T16:45:22.072+0000] {logging_mixin.py:190} INFO - [2025-03-27T16:45:22.072+0000] {dagbag.py:588} INFO - Filling up the DagBag from /home/airflow/.local/lib/python3.12/site-packages/airflow/example_dags/example_dag_decorator.py
[2025-03-27T16:45:22.186+0000] {processor.py:925} INFO - DAG(s) 'example_dag_decorator' retrieved from /home/airflow/.local/lib/python3.12/site-packages/airflow/example_dags/example_dag_decorator.py
[2025-03-27T16:45:22.302+0000] {logging_mixin.py:190} INFO - [2025-03-27T16:45:22.302+0000] {dag.py:3239} INFO - Sync 1 DAGs
[2025-03-27T16:45:22.319+0000] {logging_mixin.py:190} INFO - [2025-03-27T16:45:22.318+0000] {dag.py:4180} INFO - Setting next_dagrun for example_dag_decorator to None, run_after=None
[2025-03-27T16:45:22.340+0000] {processor.py:208} INFO - Processing /home/airflow/.local/lib/python3.12/site-packages/airflow/example_dags/example_dag_decorator.py took 0.278 seconds
[2025-03-27T16:45:52.540+0000] {processor.py:186} INFO - Started process (PID=1706) to work on /home/airflow/.local/lib/python3.12/site-packages/airflow/example_dags/example_dag_decorator.py
[2025-03-27T16:45:52.543+0000] {processor.py:914} INFO - Processing file /home/airflow/.local/lib/python3.12/site-packages/airflow/example_dags/example_dag_decorator.py for tasks to queue
[2025-03-27T16:45:52.546+0000] {logging_mixin.py:190} INFO - [2025-03-27T16:45:52.546+0000] {dagbag.py:588} INFO - Filling up the DagBag from /home/airflow/.local/lib/python3.12/site-packages/airflow/example_dags/example_dag_decorator.py
[2025-03-27T16:45:52.723+0000] {processor.py:925} INFO - DAG(s) 'example_dag_decorator' retrieved from /home/airflow/.local/lib/python3.12/site-packages/airflow/example_dags/example_dag_decorator.py
[2025-03-27T16:45:52.885+0000] {logging_mixin.py:190} INFO - [2025-03-27T16:45:52.884+0000] {dag.py:3239} INFO - Sync 1 DAGs
[2025-03-27T16:45:52.901+0000] {logging_mixin.py:190} INFO - [2025-03-27T16:45:52.901+0000] {dag.py:4180} INFO - Setting next_dagrun for example_dag_decorator to None, run_after=None
[2025-03-27T16:45:52.932+0000] {processor.py:208} INFO - Processing /home/airflow/.local/lib/python3.12/site-packages/airflow/example_dags/example_dag_decorator.py took 0.398 seconds
[2025-03-27T16:46:23.648+0000] {processor.py:186} INFO - Started process (PID=1771) to work on /home/airflow/.local/lib/python3.12/site-packages/airflow/example_dags/example_dag_decorator.py
[2025-03-27T16:46:23.649+0000] {processor.py:914} INFO - Processing file /home/airflow/.local/lib/python3.12/site-packages/airflow/example_dags/example_dag_decorator.py for tasks to queue
[2025-03-27T16:46:23.655+0000] {logging_mixin.py:190} INFO - [2025-03-27T16:46:23.654+0000] {dagbag.py:588} INFO - Filling up the DagBag from /home/airflow/.local/lib/python3.12/site-packages/airflow/example_dags/example_dag_decorator.py
[2025-03-27T16:46:23.792+0000] {processor.py:925} INFO - DAG(s) 'example_dag_decorator' retrieved from /home/airflow/.local/lib/python3.12/site-packages/airflow/example_dags/example_dag_decorator.py
[2025-03-27T16:46:23.902+0000] {logging_mixin.py:190} INFO - [2025-03-27T16:46:23.901+0000] {dag.py:3239} INFO - Sync 1 DAGs
[2025-03-27T16:46:23.917+0000] {logging_mixin.py:190} INFO - [2025-03-27T16:46:23.916+0000] {dag.py:4180} INFO - Setting next_dagrun for example_dag_decorator to None, run_after=None
[2025-03-27T16:46:23.936+0000] {processor.py:208} INFO - Processing /home/airflow/.local/lib/python3.12/site-packages/airflow/example_dags/example_dag_decorator.py took 0.300 seconds
[2025-03-27T16:46:54.416+0000] {processor.py:186} INFO - Started process (PID=1836) to work on /home/airflow/.local/lib/python3.12/site-packages/airflow/example_dags/example_dag_decorator.py
[2025-03-27T16:46:54.418+0000] {processor.py:914} INFO - Processing file /home/airflow/.local/lib/python3.12/site-packages/airflow/example_dags/example_dag_decorator.py for tasks to queue
[2025-03-27T16:46:54.421+0000] {logging_mixin.py:190} INFO - [2025-03-27T16:46:54.421+0000] {dagbag.py:588} INFO - Filling up the DagBag from /home/airflow/.local/lib/python3.12/site-packages/airflow/example_dags/example_dag_decorator.py
[2025-03-27T16:46:54.558+0000] {processor.py:925} INFO - DAG(s) 'example_dag_decorator' retrieved from /home/airflow/.local/lib/python3.12/site-packages/airflow/example_dags/example_dag_decorator.py
[2025-03-27T16:46:54.703+0000] {logging_mixin.py:190} INFO - [2025-03-27T16:46:54.703+0000] {dag.py:3239} INFO - Sync 1 DAGs
[2025-03-27T16:46:54.721+0000] {logging_mixin.py:190} INFO - [2025-03-27T16:46:54.721+0000] {dag.py:4180} INFO - Setting next_dagrun for example_dag_decorator to None, run_after=None
[2025-03-27T16:46:54.746+0000] {processor.py:208} INFO - Processing /home/airflow/.local/lib/python3.12/site-packages/airflow/example_dags/example_dag_decorator.py took 0.338 seconds
[2025-03-27T16:47:24.871+0000] {processor.py:186} INFO - Started process (PID=1901) to work on /home/airflow/.local/lib/python3.12/site-packages/airflow/example_dags/example_dag_decorator.py
[2025-03-27T16:47:24.874+0000] {processor.py:914} INFO - Processing file /home/airflow/.local/lib/python3.12/site-packages/airflow/example_dags/example_dag_decorator.py for tasks to queue
[2025-03-27T16:47:24.881+0000] {logging_mixin.py:190} INFO - [2025-03-27T16:47:24.880+0000] {dagbag.py:588} INFO - Filling up the DagBag from /home/airflow/.local/lib/python3.12/site-packages/airflow/example_dags/example_dag_decorator.py
[2025-03-27T16:47:25.083+0000] {processor.py:925} INFO - DAG(s) 'example_dag_decorator' retrieved from /home/airflow/.local/lib/python3.12/site-packages/airflow/example_dags/example_dag_decorator.py
[2025-03-27T16:47:25.217+0000] {logging_mixin.py:190} INFO - [2025-03-27T16:47:25.217+0000] {dag.py:3239} INFO - Sync 1 DAGs
[2025-03-27T16:47:25.230+0000] {logging_mixin.py:190} INFO - [2025-03-27T16:47:25.229+0000] {dag.py:4180} INFO - Setting next_dagrun for example_dag_decorator to None, run_after=None
[2025-03-27T16:47:25.261+0000] {processor.py:208} INFO - Processing /home/airflow/.local/lib/python3.12/site-packages/airflow/example_dags/example_dag_decorator.py took 0.399 seconds
[2025-03-27T16:47:55.551+0000] {processor.py:186} INFO - Started process (PID=1964) to work on /home/airflow/.local/lib/python3.12/site-packages/airflow/example_dags/example_dag_decorator.py
[2025-03-27T16:47:55.553+0000] {processor.py:914} INFO - Processing file /home/airflow/.local/lib/python3.12/site-packages/airflow/example_dags/example_dag_decorator.py for tasks to queue
[2025-03-27T16:47:55.558+0000] {logging_mixin.py:190} INFO - [2025-03-27T16:47:55.558+0000] {dagbag.py:588} INFO - Filling up the DagBag from /home/airflow/.local/lib/python3.12/site-packages/airflow/example_dags/example_dag_decorator.py
[2025-03-27T16:47:55.693+0000] {processor.py:925} INFO - DAG(s) 'example_dag_decorator' retrieved from /home/airflow/.local/lib/python3.12/site-packages/airflow/example_dags/example_dag_decorator.py
[2025-03-27T16:47:55.822+0000] {logging_mixin.py:190} INFO - [2025-03-27T16:47:55.822+0000] {dag.py:3239} INFO - Sync 1 DAGs
[2025-03-27T16:47:55.839+0000] {logging_mixin.py:190} INFO - [2025-03-27T16:47:55.838+0000] {dag.py:4180} INFO - Setting next_dagrun for example_dag_decorator to None, run_after=None
[2025-03-27T16:47:55.862+0000] {processor.py:208} INFO - Processing /home/airflow/.local/lib/python3.12/site-packages/airflow/example_dags/example_dag_decorator.py took 0.322 seconds
[2025-03-27T16:48:26.121+0000] {processor.py:186} INFO - Started process (PID=2031) to work on /home/airflow/.local/lib/python3.12/site-packages/airflow/example_dags/example_dag_decorator.py
[2025-03-27T16:48:26.122+0000] {processor.py:914} INFO - Processing file /home/airflow/.local/lib/python3.12/site-packages/airflow/example_dags/example_dag_decorator.py for tasks to queue
[2025-03-27T16:48:26.126+0000] {logging_mixin.py:190} INFO - [2025-03-27T16:48:26.125+0000] {dagbag.py:588} INFO - Filling up the DagBag from /home/airflow/.local/lib/python3.12/site-packages/airflow/example_dags/example_dag_decorator.py
[2025-03-27T16:48:26.236+0000] {processor.py:925} INFO - DAG(s) 'example_dag_decorator' retrieved from /home/airflow/.local/lib/python3.12/site-packages/airflow/example_dags/example_dag_decorator.py
[2025-03-27T16:48:26.360+0000] {logging_mixin.py:190} INFO - [2025-03-27T16:48:26.360+0000] {dag.py:3239} INFO - Sync 1 DAGs
[2025-03-27T16:48:26.377+0000] {logging_mixin.py:190} INFO - [2025-03-27T16:48:26.376+0000] {dag.py:4180} INFO - Setting next_dagrun for example_dag_decorator to None, run_after=None
[2025-03-27T16:48:26.411+0000] {processor.py:208} INFO - Processing /home/airflow/.local/lib/python3.12/site-packages/airflow/example_dags/example_dag_decorator.py took 0.300 seconds
[2025-03-27T16:48:56.559+0000] {processor.py:186} INFO - Started process (PID=2098) to work on /home/airflow/.local/lib/python3.12/site-packages/airflow/example_dags/example_dag_decorator.py
[2025-03-27T16:48:56.561+0000] {processor.py:914} INFO - Processing file /home/airflow/.local/lib/python3.12/site-packages/airflow/example_dags/example_dag_decorator.py for tasks to queue
[2025-03-27T16:48:56.564+0000] {logging_mixin.py:190} INFO - [2025-03-27T16:48:56.563+0000] {dagbag.py:588} INFO - Filling up the DagBag from /home/airflow/.local/lib/python3.12/site-packages/airflow/example_dags/example_dag_decorator.py
[2025-03-27T16:48:56.710+0000] {processor.py:925} INFO - DAG(s) 'example_dag_decorator' retrieved from /home/airflow/.local/lib/python3.12/site-packages/airflow/example_dags/example_dag_decorator.py
[2025-03-27T16:48:56.858+0000] {logging_mixin.py:190} INFO - [2025-03-27T16:48:56.858+0000] {dag.py:3239} INFO - Sync 1 DAGs
[2025-03-27T16:48:56.871+0000] {logging_mixin.py:190} INFO - [2025-03-27T16:48:56.871+0000] {dag.py:4180} INFO - Setting next_dagrun for example_dag_decorator to None, run_after=None
[2025-03-27T16:48:56.896+0000] {processor.py:208} INFO - Processing /home/airflow/.local/lib/python3.12/site-packages/airflow/example_dags/example_dag_decorator.py took 0.344 seconds
[2025-03-27T16:49:27.165+0000] {processor.py:186} INFO - Started process (PID=2163) to work on /home/airflow/.local/lib/python3.12/site-packages/airflow/example_dags/example_dag_decorator.py
[2025-03-27T16:49:27.166+0000] {processor.py:914} INFO - Processing file /home/airflow/.local/lib/python3.12/site-packages/airflow/example_dags/example_dag_decorator.py for tasks to queue
[2025-03-27T16:49:27.169+0000] {logging_mixin.py:190} INFO - [2025-03-27T16:49:27.168+0000] {dagbag.py:588} INFO - Filling up the DagBag from /home/airflow/.local/lib/python3.12/site-packages/airflow/example_dags/example_dag_decorator.py
[2025-03-27T16:49:27.280+0000] {processor.py:925} INFO - DAG(s) 'example_dag_decorator' retrieved from /home/airflow/.local/lib/python3.12/site-packages/airflow/example_dags/example_dag_decorator.py
[2025-03-27T16:49:27.394+0000] {logging_mixin.py:190} INFO - [2025-03-27T16:49:27.394+0000] {dag.py:3239} INFO - Sync 1 DAGs
[2025-03-27T16:49:27.410+0000] {logging_mixin.py:190} INFO - [2025-03-27T16:49:27.409+0000] {dag.py:4180} INFO - Setting next_dagrun for example_dag_decorator to None, run_after=None
[2025-03-27T16:49:27.429+0000] {processor.py:208} INFO - Processing /home/airflow/.local/lib/python3.12/site-packages/airflow/example_dags/example_dag_decorator.py took 0.270 seconds
[2025-03-27T16:49:57.783+0000] {processor.py:186} INFO - Started process (PID=2228) to work on /home/airflow/.local/lib/python3.12/site-packages/airflow/example_dags/example_dag_decorator.py
[2025-03-27T16:49:57.786+0000] {processor.py:914} INFO - Processing file /home/airflow/.local/lib/python3.12/site-packages/airflow/example_dags/example_dag_decorator.py for tasks to queue
[2025-03-27T16:49:57.789+0000] {logging_mixin.py:190} INFO - [2025-03-27T16:49:57.788+0000] {dagbag.py:588} INFO - Filling up the DagBag from /home/airflow/.local/lib/python3.12/site-packages/airflow/example_dags/example_dag_decorator.py
[2025-03-27T16:49:57.925+0000] {processor.py:925} INFO - DAG(s) 'example_dag_decorator' retrieved from /home/airflow/.local/lib/python3.12/site-packages/airflow/example_dags/example_dag_decorator.py
[2025-03-27T16:49:58.049+0000] {logging_mixin.py:190} INFO - [2025-03-27T16:49:58.048+0000] {dag.py:3239} INFO - Sync 1 DAGs
[2025-03-27T16:49:58.068+0000] {logging_mixin.py:190} INFO - [2025-03-27T16:49:58.067+0000] {dag.py:4180} INFO - Setting next_dagrun for example_dag_decorator to None, run_after=None
[2025-03-27T16:49:58.095+0000] {processor.py:208} INFO - Processing /home/airflow/.local/lib/python3.12/site-packages/airflow/example_dags/example_dag_decorator.py took 0.327 seconds
[2025-03-27T16:50:28.229+0000] {processor.py:186} INFO - Started process (PID=2288) to work on /home/airflow/.local/lib/python3.12/site-packages/airflow/example_dags/example_dag_decorator.py
[2025-03-27T16:50:28.231+0000] {processor.py:914} INFO - Processing file /home/airflow/.local/lib/python3.12/site-packages/airflow/example_dags/example_dag_decorator.py for tasks to queue
[2025-03-27T16:50:28.238+0000] {logging_mixin.py:190} INFO - [2025-03-27T16:50:28.237+0000] {dagbag.py:588} INFO - Filling up the DagBag from /home/airflow/.local/lib/python3.12/site-packages/airflow/example_dags/example_dag_decorator.py
[2025-03-27T16:50:28.472+0000] {processor.py:925} INFO - DAG(s) 'example_dag_decorator' retrieved from /home/airflow/.local/lib/python3.12/site-packages/airflow/example_dags/example_dag_decorator.py
[2025-03-27T16:50:28.754+0000] {logging_mixin.py:190} INFO - [2025-03-27T16:50:28.754+0000] {dag.py:3239} INFO - Sync 1 DAGs
[2025-03-27T16:50:28.770+0000] {logging_mixin.py:190} INFO - [2025-03-27T16:50:28.770+0000] {dag.py:4180} INFO - Setting next_dagrun for example_dag_decorator to None, run_after=None
[2025-03-27T16:50:28.796+0000] {processor.py:208} INFO - Processing /home/airflow/.local/lib/python3.12/site-packages/airflow/example_dags/example_dag_decorator.py took 0.581 seconds
[2025-03-27T16:50:58.949+0000] {processor.py:186} INFO - Started process (PID=2353) to work on /home/airflow/.local/lib/python3.12/site-packages/airflow/example_dags/example_dag_decorator.py
[2025-03-27T16:50:58.952+0000] {processor.py:914} INFO - Processing file /home/airflow/.local/lib/python3.12/site-packages/airflow/example_dags/example_dag_decorator.py for tasks to queue
[2025-03-27T16:50:58.955+0000] {logging_mixin.py:190} INFO - [2025-03-27T16:50:58.955+0000] {dagbag.py:588} INFO - Filling up the DagBag from /home/airflow/.local/lib/python3.12/site-packages/airflow/example_dags/example_dag_decorator.py
[2025-03-27T16:50:59.174+0000] {processor.py:925} INFO - DAG(s) 'example_dag_decorator' retrieved from /home/airflow/.local/lib/python3.12/site-packages/airflow/example_dags/example_dag_decorator.py
[2025-03-27T16:50:59.362+0000] {logging_mixin.py:190} INFO - [2025-03-27T16:50:59.362+0000] {dag.py:3239} INFO - Sync 1 DAGs
[2025-03-27T16:50:59.381+0000] {logging_mixin.py:190} INFO - [2025-03-27T16:50:59.380+0000] {dag.py:4180} INFO - Setting next_dagrun for example_dag_decorator to None, run_after=None
[2025-03-27T16:50:59.417+0000] {processor.py:208} INFO - Processing /home/airflow/.local/lib/python3.12/site-packages/airflow/example_dags/example_dag_decorator.py took 0.477 seconds
[2025-03-27T16:51:29.556+0000] {processor.py:186} INFO - Started process (PID=2423) to work on /home/airflow/.local/lib/python3.12/site-packages/airflow/example_dags/example_dag_decorator.py
[2025-03-27T16:51:29.558+0000] {processor.py:914} INFO - Processing file /home/airflow/.local/lib/python3.12/site-packages/airflow/example_dags/example_dag_decorator.py for tasks to queue
[2025-03-27T16:51:29.564+0000] {logging_mixin.py:190} INFO - [2025-03-27T16:51:29.563+0000] {dagbag.py:588} INFO - Filling up the DagBag from /home/airflow/.local/lib/python3.12/site-packages/airflow/example_dags/example_dag_decorator.py
[2025-03-27T16:51:29.709+0000] {processor.py:925} INFO - DAG(s) 'example_dag_decorator' retrieved from /home/airflow/.local/lib/python3.12/site-packages/airflow/example_dags/example_dag_decorator.py
[2025-03-27T16:51:29.881+0000] {logging_mixin.py:190} INFO - [2025-03-27T16:51:29.881+0000] {dag.py:3239} INFO - Sync 1 DAGs
[2025-03-27T16:51:29.928+0000] {logging_mixin.py:190} INFO - [2025-03-27T16:51:29.927+0000] {dag.py:4180} INFO - Setting next_dagrun for example_dag_decorator to None, run_after=None
[2025-03-27T16:51:29.970+0000] {processor.py:208} INFO - Processing /home/airflow/.local/lib/python3.12/site-packages/airflow/example_dags/example_dag_decorator.py took 0.433 seconds
[2025-03-27T16:53:01.318+0000] {processor.py:186} INFO - Started process (PID=99) to work on /home/airflow/.local/lib/python3.12/site-packages/airflow/example_dags/example_dag_decorator.py
[2025-03-27T16:53:01.320+0000] {processor.py:914} INFO - Processing file /home/airflow/.local/lib/python3.12/site-packages/airflow/example_dags/example_dag_decorator.py for tasks to queue
[2025-03-27T16:53:01.323+0000] {logging_mixin.py:190} INFO - [2025-03-27T16:53:01.323+0000] {dagbag.py:588} INFO - Filling up the DagBag from /home/airflow/.local/lib/python3.12/site-packages/airflow/example_dags/example_dag_decorator.py
[2025-03-27T16:53:01.632+0000] {processor.py:925} INFO - DAG(s) 'example_dag_decorator' retrieved from /home/airflow/.local/lib/python3.12/site-packages/airflow/example_dags/example_dag_decorator.py
[2025-03-27T16:53:01.761+0000] {logging_mixin.py:190} INFO - [2025-03-27T16:53:01.760+0000] {dag.py:3239} INFO - Sync 1 DAGs
[2025-03-27T16:53:01.779+0000] {logging_mixin.py:190} INFO - [2025-03-27T16:53:01.779+0000] {dag.py:4180} INFO - Setting next_dagrun for example_dag_decorator to None, run_after=None
[2025-03-27T16:53:01.807+0000] {processor.py:208} INFO - Processing /home/airflow/.local/lib/python3.12/site-packages/airflow/example_dags/example_dag_decorator.py took 0.496 seconds
