[2025-03-27T16:33:06.720+0000] {processor.py:186} INFO - Started process (PID=105) to work on /home/airflow/.local/lib/python3.12/site-packages/airflow/example_dags/tutorial.py
[2025-03-27T16:33:06.722+0000] {processor.py:914} INFO - Processing file /home/airflow/.local/lib/python3.12/site-packages/airflow/example_dags/tutorial.py for tasks to queue
[2025-03-27T16:33:06.727+0000] {logging_mixin.py:190} INFO - [2025-03-27T16:33:06.726+0000] {dagbag.py:588} INFO - Filling up the DagBag from /home/airflow/.local/lib/python3.12/site-packages/airflow/example_dags/tutorial.py
[2025-03-27T16:33:06.741+0000] {processor.py:925} INFO - DAG(s) 'tutorial' retrieved from /home/airflow/.local/lib/python3.12/site-packages/airflow/example_dags/tutorial.py
[2025-03-27T16:33:06.861+0000] {logging_mixin.py:190} INFO - [2025-03-27T16:33:06.860+0000] {override.py:1912} INFO - Created Permission View: can read on DAG:tutorial
[2025-03-27T16:33:06.878+0000] {logging_mixin.py:190} INFO - [2025-03-27T16:33:06.878+0000] {override.py:1912} INFO - Created Permission View: can delete on DAG:tutorial
[2025-03-27T16:33:06.887+0000] {logging_mixin.py:190} INFO - [2025-03-27T16:33:06.886+0000] {override.py:1912} INFO - Created Permission View: can edit on DAG:tutorial
[2025-03-27T16:33:06.894+0000] {logging_mixin.py:190} INFO - [2025-03-27T16:33:06.894+0000] {override.py:1912} INFO - Created Permission View: can read on DAG Run:tutorial
[2025-03-27T16:33:06.909+0000] {logging_mixin.py:190} INFO - [2025-03-27T16:33:06.908+0000] {override.py:1912} INFO - Created Permission View: menu access on DAG Run:tutorial
[2025-03-27T16:33:06.916+0000] {logging_mixin.py:190} INFO - [2025-03-27T16:33:06.916+0000] {override.py:1912} INFO - Created Permission View: can create on DAG Run:tutorial
[2025-03-27T16:33:06.922+0000] {logging_mixin.py:190} INFO - [2025-03-27T16:33:06.922+0000] {override.py:1912} INFO - Created Permission View: can delete on DAG Run:tutorial
[2025-03-27T16:33:06.923+0000] {logging_mixin.py:190} INFO - [2025-03-27T16:33:06.923+0000] {dag.py:3239} INFO - Sync 1 DAGs
[2025-03-27T16:33:06.944+0000] {logging_mixin.py:190} INFO - [2025-03-27T16:33:06.944+0000] {dag.py:3262} INFO - Creating ORM DAG for tutorial
[2025-03-27T16:33:06.955+0000] {logging_mixin.py:190} INFO - [2025-03-27T16:33:06.954+0000] {dag.py:4180} INFO - Setting next_dagrun for tutorial to 2025-03-26 00:00:00+00:00, run_after=2025-03-27 00:00:00+00:00
[2025-03-27T16:33:06.976+0000] {processor.py:208} INFO - Processing /home/airflow/.local/lib/python3.12/site-packages/airflow/example_dags/tutorial.py took 0.263 seconds
[2025-03-27T16:33:37.366+0000] {processor.py:186} INFO - Started process (PID=168) to work on /home/airflow/.local/lib/python3.12/site-packages/airflow/example_dags/tutorial.py
[2025-03-27T16:33:37.368+0000] {processor.py:914} INFO - Processing file /home/airflow/.local/lib/python3.12/site-packages/airflow/example_dags/tutorial.py for tasks to queue
[2025-03-27T16:33:37.371+0000] {logging_mixin.py:190} INFO - [2025-03-27T16:33:37.370+0000] {dagbag.py:588} INFO - Filling up the DagBag from /home/airflow/.local/lib/python3.12/site-packages/airflow/example_dags/tutorial.py
[2025-03-27T16:33:37.379+0000] {processor.py:925} INFO - DAG(s) 'tutorial' retrieved from /home/airflow/.local/lib/python3.12/site-packages/airflow/example_dags/tutorial.py
[2025-03-27T16:33:37.404+0000] {logging_mixin.py:190} INFO - [2025-03-27T16:33:37.404+0000] {dag.py:3239} INFO - Sync 1 DAGs
[2025-03-27T16:33:37.431+0000] {logging_mixin.py:190} INFO - [2025-03-27T16:33:37.430+0000] {dag.py:4180} INFO - Setting next_dagrun for tutorial to 2025-03-26 00:00:00+00:00, run_after=2025-03-27 00:00:00+00:00
[2025-03-27T16:33:37.452+0000] {processor.py:208} INFO - Processing /home/airflow/.local/lib/python3.12/site-packages/airflow/example_dags/tutorial.py took 0.095 seconds
[2025-03-27T16:34:08.193+0000] {processor.py:186} INFO - Started process (PID=231) to work on /home/airflow/.local/lib/python3.12/site-packages/airflow/example_dags/tutorial.py
[2025-03-27T16:34:08.195+0000] {processor.py:914} INFO - Processing file /home/airflow/.local/lib/python3.12/site-packages/airflow/example_dags/tutorial.py for tasks to queue
[2025-03-27T16:34:08.200+0000] {logging_mixin.py:190} INFO - [2025-03-27T16:34:08.200+0000] {dagbag.py:588} INFO - Filling up the DagBag from /home/airflow/.local/lib/python3.12/site-packages/airflow/example_dags/tutorial.py
[2025-03-27T16:34:08.214+0000] {processor.py:925} INFO - DAG(s) 'tutorial' retrieved from /home/airflow/.local/lib/python3.12/site-packages/airflow/example_dags/tutorial.py
[2025-03-27T16:34:08.245+0000] {logging_mixin.py:190} INFO - [2025-03-27T16:34:08.245+0000] {dag.py:3239} INFO - Sync 1 DAGs
[2025-03-27T16:34:08.284+0000] {logging_mixin.py:190} INFO - [2025-03-27T16:34:08.284+0000] {dag.py:4180} INFO - Setting next_dagrun for tutorial to 2025-03-26 00:00:00+00:00, run_after=2025-03-27 00:00:00+00:00
[2025-03-27T16:34:08.315+0000] {processor.py:208} INFO - Processing /home/airflow/.local/lib/python3.12/site-packages/airflow/example_dags/tutorial.py took 0.130 seconds
[2025-03-27T16:34:39.652+0000] {processor.py:186} INFO - Started process (PID=294) to work on /home/airflow/.local/lib/python3.12/site-packages/airflow/example_dags/tutorial.py
[2025-03-27T16:34:39.654+0000] {processor.py:914} INFO - Processing file /home/airflow/.local/lib/python3.12/site-packages/airflow/example_dags/tutorial.py for tasks to queue
[2025-03-27T16:34:39.657+0000] {logging_mixin.py:190} INFO - [2025-03-27T16:34:39.657+0000] {dagbag.py:588} INFO - Filling up the DagBag from /home/airflow/.local/lib/python3.12/site-packages/airflow/example_dags/tutorial.py
[2025-03-27T16:34:39.668+0000] {processor.py:925} INFO - DAG(s) 'tutorial' retrieved from /home/airflow/.local/lib/python3.12/site-packages/airflow/example_dags/tutorial.py
[2025-03-27T16:34:39.692+0000] {logging_mixin.py:190} INFO - [2025-03-27T16:34:39.691+0000] {dag.py:3239} INFO - Sync 1 DAGs
[2025-03-27T16:34:39.716+0000] {logging_mixin.py:190} INFO - [2025-03-27T16:34:39.715+0000] {dag.py:4180} INFO - Setting next_dagrun for tutorial to 2025-03-26 00:00:00+00:00, run_after=2025-03-27 00:00:00+00:00
[2025-03-27T16:34:39.748+0000] {processor.py:208} INFO - Processing /home/airflow/.local/lib/python3.12/site-packages/airflow/example_dags/tutorial.py took 0.104 seconds
[2025-03-27T16:35:10.865+0000] {processor.py:186} INFO - Started process (PID=357) to work on /home/airflow/.local/lib/python3.12/site-packages/airflow/example_dags/tutorial.py
[2025-03-27T16:35:10.868+0000] {processor.py:914} INFO - Processing file /home/airflow/.local/lib/python3.12/site-packages/airflow/example_dags/tutorial.py for tasks to queue
[2025-03-27T16:35:10.872+0000] {logging_mixin.py:190} INFO - [2025-03-27T16:35:10.871+0000] {dagbag.py:588} INFO - Filling up the DagBag from /home/airflow/.local/lib/python3.12/site-packages/airflow/example_dags/tutorial.py
[2025-03-27T16:35:10.884+0000] {processor.py:925} INFO - DAG(s) 'tutorial' retrieved from /home/airflow/.local/lib/python3.12/site-packages/airflow/example_dags/tutorial.py
[2025-03-27T16:35:10.909+0000] {logging_mixin.py:190} INFO - [2025-03-27T16:35:10.909+0000] {dag.py:3239} INFO - Sync 1 DAGs
[2025-03-27T16:35:10.936+0000] {logging_mixin.py:190} INFO - [2025-03-27T16:35:10.936+0000] {dag.py:4180} INFO - Setting next_dagrun for tutorial to 2025-03-26 00:00:00+00:00, run_after=2025-03-27 00:00:00+00:00
[2025-03-27T16:35:10.957+0000] {processor.py:208} INFO - Processing /home/airflow/.local/lib/python3.12/site-packages/airflow/example_dags/tutorial.py took 0.103 seconds
[2025-03-27T16:35:42.054+0000] {processor.py:186} INFO - Started process (PID=421) to work on /home/airflow/.local/lib/python3.12/site-packages/airflow/example_dags/tutorial.py
[2025-03-27T16:35:42.055+0000] {processor.py:914} INFO - Processing file /home/airflow/.local/lib/python3.12/site-packages/airflow/example_dags/tutorial.py for tasks to queue
[2025-03-27T16:35:42.058+0000] {logging_mixin.py:190} INFO - [2025-03-27T16:35:42.058+0000] {dagbag.py:588} INFO - Filling up the DagBag from /home/airflow/.local/lib/python3.12/site-packages/airflow/example_dags/tutorial.py
[2025-03-27T16:35:42.067+0000] {processor.py:925} INFO - DAG(s) 'tutorial' retrieved from /home/airflow/.local/lib/python3.12/site-packages/airflow/example_dags/tutorial.py
[2025-03-27T16:35:42.090+0000] {logging_mixin.py:190} INFO - [2025-03-27T16:35:42.090+0000] {dag.py:3239} INFO - Sync 1 DAGs
[2025-03-27T16:35:42.115+0000] {logging_mixin.py:190} INFO - [2025-03-27T16:35:42.115+0000] {dag.py:4180} INFO - Setting next_dagrun for tutorial to 2025-03-26 00:00:00+00:00, run_after=2025-03-27 00:00:00+00:00
[2025-03-27T16:35:42.174+0000] {processor.py:208} INFO - Processing /home/airflow/.local/lib/python3.12/site-packages/airflow/example_dags/tutorial.py took 0.127 seconds
[2025-03-27T16:36:12.570+0000] {processor.py:186} INFO - Started process (PID=484) to work on /home/airflow/.local/lib/python3.12/site-packages/airflow/example_dags/tutorial.py
[2025-03-27T16:36:12.576+0000] {processor.py:914} INFO - Processing file /home/airflow/.local/lib/python3.12/site-packages/airflow/example_dags/tutorial.py for tasks to queue
[2025-03-27T16:36:12.579+0000] {logging_mixin.py:190} INFO - [2025-03-27T16:36:12.579+0000] {dagbag.py:588} INFO - Filling up the DagBag from /home/airflow/.local/lib/python3.12/site-packages/airflow/example_dags/tutorial.py
[2025-03-27T16:36:12.589+0000] {processor.py:925} INFO - DAG(s) 'tutorial' retrieved from /home/airflow/.local/lib/python3.12/site-packages/airflow/example_dags/tutorial.py
[2025-03-27T16:36:12.624+0000] {logging_mixin.py:190} INFO - [2025-03-27T16:36:12.623+0000] {dag.py:3239} INFO - Sync 1 DAGs
[2025-03-27T16:36:12.684+0000] {logging_mixin.py:190} INFO - [2025-03-27T16:36:12.684+0000] {dag.py:4180} INFO - Setting next_dagrun for tutorial to 2025-03-26 00:00:00+00:00, run_after=2025-03-27 00:00:00+00:00
[2025-03-27T16:36:12.704+0000] {processor.py:208} INFO - Processing /home/airflow/.local/lib/python3.12/site-packages/airflow/example_dags/tutorial.py took 0.146 seconds
[2025-03-27T16:36:43.484+0000] {processor.py:186} INFO - Started process (PID=546) to work on /home/airflow/.local/lib/python3.12/site-packages/airflow/example_dags/tutorial.py
[2025-03-27T16:36:43.486+0000] {processor.py:914} INFO - Processing file /home/airflow/.local/lib/python3.12/site-packages/airflow/example_dags/tutorial.py for tasks to queue
[2025-03-27T16:36:43.488+0000] {logging_mixin.py:190} INFO - [2025-03-27T16:36:43.488+0000] {dagbag.py:588} INFO - Filling up the DagBag from /home/airflow/.local/lib/python3.12/site-packages/airflow/example_dags/tutorial.py
[2025-03-27T16:36:43.499+0000] {processor.py:925} INFO - DAG(s) 'tutorial' retrieved from /home/airflow/.local/lib/python3.12/site-packages/airflow/example_dags/tutorial.py
[2025-03-27T16:36:43.530+0000] {logging_mixin.py:190} INFO - [2025-03-27T16:36:43.530+0000] {dag.py:3239} INFO - Sync 1 DAGs
[2025-03-27T16:36:43.557+0000] {logging_mixin.py:190} INFO - [2025-03-27T16:36:43.557+0000] {dag.py:4180} INFO - Setting next_dagrun for tutorial to 2025-03-26 00:00:00+00:00, run_after=2025-03-27 00:00:00+00:00
[2025-03-27T16:36:43.590+0000] {processor.py:208} INFO - Processing /home/airflow/.local/lib/python3.12/site-packages/airflow/example_dags/tutorial.py took 0.112 seconds
[2025-03-27T16:37:13.886+0000] {processor.py:186} INFO - Started process (PID=609) to work on /home/airflow/.local/lib/python3.12/site-packages/airflow/example_dags/tutorial.py
[2025-03-27T16:37:13.887+0000] {processor.py:914} INFO - Processing file /home/airflow/.local/lib/python3.12/site-packages/airflow/example_dags/tutorial.py for tasks to queue
[2025-03-27T16:37:13.889+0000] {logging_mixin.py:190} INFO - [2025-03-27T16:37:13.889+0000] {dagbag.py:588} INFO - Filling up the DagBag from /home/airflow/.local/lib/python3.12/site-packages/airflow/example_dags/tutorial.py
[2025-03-27T16:37:13.899+0000] {processor.py:925} INFO - DAG(s) 'tutorial' retrieved from /home/airflow/.local/lib/python3.12/site-packages/airflow/example_dags/tutorial.py
[2025-03-27T16:37:13.923+0000] {logging_mixin.py:190} INFO - [2025-03-27T16:37:13.923+0000] {dag.py:3239} INFO - Sync 1 DAGs
[2025-03-27T16:37:13.969+0000] {logging_mixin.py:190} INFO - [2025-03-27T16:37:13.969+0000] {dag.py:4180} INFO - Setting next_dagrun for tutorial to 2025-03-26 00:00:00+00:00, run_after=2025-03-27 00:00:00+00:00
[2025-03-27T16:37:14.009+0000] {processor.py:208} INFO - Processing /home/airflow/.local/lib/python3.12/site-packages/airflow/example_dags/tutorial.py took 0.132 seconds
[2025-03-27T16:37:44.492+0000] {processor.py:186} INFO - Started process (PID=672) to work on /home/airflow/.local/lib/python3.12/site-packages/airflow/example_dags/tutorial.py
[2025-03-27T16:37:44.494+0000] {processor.py:914} INFO - Processing file /home/airflow/.local/lib/python3.12/site-packages/airflow/example_dags/tutorial.py for tasks to queue
[2025-03-27T16:37:44.497+0000] {logging_mixin.py:190} INFO - [2025-03-27T16:37:44.497+0000] {dagbag.py:588} INFO - Filling up the DagBag from /home/airflow/.local/lib/python3.12/site-packages/airflow/example_dags/tutorial.py
[2025-03-27T16:37:44.509+0000] {processor.py:925} INFO - DAG(s) 'tutorial' retrieved from /home/airflow/.local/lib/python3.12/site-packages/airflow/example_dags/tutorial.py
[2025-03-27T16:37:44.532+0000] {logging_mixin.py:190} INFO - [2025-03-27T16:37:44.531+0000] {dag.py:3239} INFO - Sync 1 DAGs
[2025-03-27T16:37:44.560+0000] {logging_mixin.py:190} INFO - [2025-03-27T16:37:44.560+0000] {dag.py:4180} INFO - Setting next_dagrun for tutorial to 2025-03-26 00:00:00+00:00, run_after=2025-03-27 00:00:00+00:00
[2025-03-27T16:37:44.586+0000] {processor.py:208} INFO - Processing /home/airflow/.local/lib/python3.12/site-packages/airflow/example_dags/tutorial.py took 0.101 seconds
[2025-03-27T16:38:15.257+0000] {processor.py:186} INFO - Started process (PID=737) to work on /home/airflow/.local/lib/python3.12/site-packages/airflow/example_dags/tutorial.py
[2025-03-27T16:38:15.259+0000] {processor.py:914} INFO - Processing file /home/airflow/.local/lib/python3.12/site-packages/airflow/example_dags/tutorial.py for tasks to queue
[2025-03-27T16:38:15.265+0000] {logging_mixin.py:190} INFO - [2025-03-27T16:38:15.264+0000] {dagbag.py:588} INFO - Filling up the DagBag from /home/airflow/.local/lib/python3.12/site-packages/airflow/example_dags/tutorial.py
[2025-03-27T16:38:15.300+0000] {processor.py:925} INFO - DAG(s) 'tutorial' retrieved from /home/airflow/.local/lib/python3.12/site-packages/airflow/example_dags/tutorial.py
[2025-03-27T16:38:15.394+0000] {logging_mixin.py:190} INFO - [2025-03-27T16:38:15.393+0000] {dag.py:3239} INFO - Sync 1 DAGs
[2025-03-27T16:38:15.431+0000] {logging_mixin.py:190} INFO - [2025-03-27T16:38:15.431+0000] {dag.py:4180} INFO - Setting next_dagrun for tutorial to 2025-03-26 00:00:00+00:00, run_after=2025-03-27 00:00:00+00:00
[2025-03-27T16:38:15.516+0000] {processor.py:208} INFO - Processing /home/airflow/.local/lib/python3.12/site-packages/airflow/example_dags/tutorial.py took 0.270 seconds
[2025-03-27T16:38:46.438+0000] {processor.py:186} INFO - Started process (PID=803) to work on /home/airflow/.local/lib/python3.12/site-packages/airflow/example_dags/tutorial.py
[2025-03-27T16:38:46.441+0000] {processor.py:914} INFO - Processing file /home/airflow/.local/lib/python3.12/site-packages/airflow/example_dags/tutorial.py for tasks to queue
[2025-03-27T16:38:46.446+0000] {logging_mixin.py:190} INFO - [2025-03-27T16:38:46.445+0000] {dagbag.py:588} INFO - Filling up the DagBag from /home/airflow/.local/lib/python3.12/site-packages/airflow/example_dags/tutorial.py
[2025-03-27T16:38:46.473+0000] {processor.py:925} INFO - DAG(s) 'tutorial' retrieved from /home/airflow/.local/lib/python3.12/site-packages/airflow/example_dags/tutorial.py
[2025-03-27T16:38:46.508+0000] {logging_mixin.py:190} INFO - [2025-03-27T16:38:46.508+0000] {dag.py:3239} INFO - Sync 1 DAGs
[2025-03-27T16:38:46.534+0000] {logging_mixin.py:190} INFO - [2025-03-27T16:38:46.534+0000] {dag.py:4180} INFO - Setting next_dagrun for tutorial to 2025-03-26 00:00:00+00:00, run_after=2025-03-27 00:00:00+00:00
[2025-03-27T16:38:46.563+0000] {processor.py:208} INFO - Processing /home/airflow/.local/lib/python3.12/site-packages/airflow/example_dags/tutorial.py took 0.147 seconds
[2025-03-27T16:39:17.350+0000] {processor.py:186} INFO - Started process (PID=868) to work on /home/airflow/.local/lib/python3.12/site-packages/airflow/example_dags/tutorial.py
[2025-03-27T16:39:17.352+0000] {processor.py:914} INFO - Processing file /home/airflow/.local/lib/python3.12/site-packages/airflow/example_dags/tutorial.py for tasks to queue
[2025-03-27T16:39:17.358+0000] {logging_mixin.py:190} INFO - [2025-03-27T16:39:17.357+0000] {dagbag.py:588} INFO - Filling up the DagBag from /home/airflow/.local/lib/python3.12/site-packages/airflow/example_dags/tutorial.py
[2025-03-27T16:39:17.383+0000] {processor.py:925} INFO - DAG(s) 'tutorial' retrieved from /home/airflow/.local/lib/python3.12/site-packages/airflow/example_dags/tutorial.py
[2025-03-27T16:39:17.441+0000] {logging_mixin.py:190} INFO - [2025-03-27T16:39:17.440+0000] {dag.py:3239} INFO - Sync 1 DAGs
[2025-03-27T16:39:17.497+0000] {logging_mixin.py:190} INFO - [2025-03-27T16:39:17.497+0000] {dag.py:4180} INFO - Setting next_dagrun for tutorial to 2025-03-26 00:00:00+00:00, run_after=2025-03-27 00:00:00+00:00
[2025-03-27T16:39:17.528+0000] {processor.py:208} INFO - Processing /home/airflow/.local/lib/python3.12/site-packages/airflow/example_dags/tutorial.py took 0.192 seconds
[2025-03-27T16:39:48.241+0000] {processor.py:186} INFO - Started process (PID=933) to work on /home/airflow/.local/lib/python3.12/site-packages/airflow/example_dags/tutorial.py
[2025-03-27T16:39:48.242+0000] {processor.py:914} INFO - Processing file /home/airflow/.local/lib/python3.12/site-packages/airflow/example_dags/tutorial.py for tasks to queue
[2025-03-27T16:39:48.245+0000] {logging_mixin.py:190} INFO - [2025-03-27T16:39:48.245+0000] {dagbag.py:588} INFO - Filling up the DagBag from /home/airflow/.local/lib/python3.12/site-packages/airflow/example_dags/tutorial.py
[2025-03-27T16:39:48.255+0000] {processor.py:925} INFO - DAG(s) 'tutorial' retrieved from /home/airflow/.local/lib/python3.12/site-packages/airflow/example_dags/tutorial.py
[2025-03-27T16:39:48.281+0000] {logging_mixin.py:190} INFO - [2025-03-27T16:39:48.281+0000] {dag.py:3239} INFO - Sync 1 DAGs
[2025-03-27T16:39:48.312+0000] {logging_mixin.py:190} INFO - [2025-03-27T16:39:48.310+0000] {dag.py:4180} INFO - Setting next_dagrun for tutorial to 2025-03-26 00:00:00+00:00, run_after=2025-03-27 00:00:00+00:00
[2025-03-27T16:39:48.334+0000] {processor.py:208} INFO - Processing /home/airflow/.local/lib/python3.12/site-packages/airflow/example_dags/tutorial.py took 0.101 seconds
[2025-03-27T16:40:18.876+0000] {processor.py:186} INFO - Started process (PID=998) to work on /home/airflow/.local/lib/python3.12/site-packages/airflow/example_dags/tutorial.py
[2025-03-27T16:40:18.881+0000] {processor.py:914} INFO - Processing file /home/airflow/.local/lib/python3.12/site-packages/airflow/example_dags/tutorial.py for tasks to queue
[2025-03-27T16:40:18.887+0000] {logging_mixin.py:190} INFO - [2025-03-27T16:40:18.886+0000] {dagbag.py:588} INFO - Filling up the DagBag from /home/airflow/.local/lib/python3.12/site-packages/airflow/example_dags/tutorial.py
[2025-03-27T16:40:18.897+0000] {processor.py:925} INFO - DAG(s) 'tutorial' retrieved from /home/airflow/.local/lib/python3.12/site-packages/airflow/example_dags/tutorial.py
[2025-03-27T16:40:18.920+0000] {logging_mixin.py:190} INFO - [2025-03-27T16:40:18.920+0000] {dag.py:3239} INFO - Sync 1 DAGs
[2025-03-27T16:40:18.952+0000] {logging_mixin.py:190} INFO - [2025-03-27T16:40:18.952+0000] {dag.py:4180} INFO - Setting next_dagrun for tutorial to 2025-03-26 00:00:00+00:00, run_after=2025-03-27 00:00:00+00:00
[2025-03-27T16:40:18.989+0000] {processor.py:208} INFO - Processing /home/airflow/.local/lib/python3.12/site-packages/airflow/example_dags/tutorial.py took 0.119 seconds
[2025-03-27T16:40:49.450+0000] {processor.py:186} INFO - Started process (PID=1062) to work on /home/airflow/.local/lib/python3.12/site-packages/airflow/example_dags/tutorial.py
[2025-03-27T16:40:49.451+0000] {processor.py:914} INFO - Processing file /home/airflow/.local/lib/python3.12/site-packages/airflow/example_dags/tutorial.py for tasks to queue
[2025-03-27T16:40:49.454+0000] {logging_mixin.py:190} INFO - [2025-03-27T16:40:49.454+0000] {dagbag.py:588} INFO - Filling up the DagBag from /home/airflow/.local/lib/python3.12/site-packages/airflow/example_dags/tutorial.py
[2025-03-27T16:40:49.468+0000] {processor.py:925} INFO - DAG(s) 'tutorial' retrieved from /home/airflow/.local/lib/python3.12/site-packages/airflow/example_dags/tutorial.py
[2025-03-27T16:40:49.505+0000] {logging_mixin.py:190} INFO - [2025-03-27T16:40:49.505+0000] {dag.py:3239} INFO - Sync 1 DAGs
[2025-03-27T16:40:49.570+0000] {logging_mixin.py:190} INFO - [2025-03-27T16:40:49.569+0000] {dag.py:4180} INFO - Setting next_dagrun for tutorial to 2025-03-26 00:00:00+00:00, run_after=2025-03-27 00:00:00+00:00
[2025-03-27T16:40:49.600+0000] {processor.py:208} INFO - Processing /home/airflow/.local/lib/python3.12/site-packages/airflow/example_dags/tutorial.py took 0.158 seconds
[2025-03-27T16:41:20.495+0000] {processor.py:186} INFO - Started process (PID=1127) to work on /home/airflow/.local/lib/python3.12/site-packages/airflow/example_dags/tutorial.py
[2025-03-27T16:41:20.496+0000] {processor.py:914} INFO - Processing file /home/airflow/.local/lib/python3.12/site-packages/airflow/example_dags/tutorial.py for tasks to queue
[2025-03-27T16:41:20.499+0000] {logging_mixin.py:190} INFO - [2025-03-27T16:41:20.499+0000] {dagbag.py:588} INFO - Filling up the DagBag from /home/airflow/.local/lib/python3.12/site-packages/airflow/example_dags/tutorial.py
[2025-03-27T16:41:20.509+0000] {processor.py:925} INFO - DAG(s) 'tutorial' retrieved from /home/airflow/.local/lib/python3.12/site-packages/airflow/example_dags/tutorial.py
[2025-03-27T16:41:20.530+0000] {logging_mixin.py:190} INFO - [2025-03-27T16:41:20.530+0000] {dag.py:3239} INFO - Sync 1 DAGs
[2025-03-27T16:41:20.554+0000] {logging_mixin.py:190} INFO - [2025-03-27T16:41:20.554+0000] {dag.py:4180} INFO - Setting next_dagrun for tutorial to 2025-03-26 00:00:00+00:00, run_after=2025-03-27 00:00:00+00:00
[2025-03-27T16:41:20.575+0000] {processor.py:208} INFO - Processing /home/airflow/.local/lib/python3.12/site-packages/airflow/example_dags/tutorial.py took 0.087 seconds
[2025-03-27T16:41:50.922+0000] {processor.py:186} INFO - Started process (PID=1193) to work on /home/airflow/.local/lib/python3.12/site-packages/airflow/example_dags/tutorial.py
[2025-03-27T16:41:50.924+0000] {processor.py:914} INFO - Processing file /home/airflow/.local/lib/python3.12/site-packages/airflow/example_dags/tutorial.py for tasks to queue
[2025-03-27T16:41:50.927+0000] {logging_mixin.py:190} INFO - [2025-03-27T16:41:50.927+0000] {dagbag.py:588} INFO - Filling up the DagBag from /home/airflow/.local/lib/python3.12/site-packages/airflow/example_dags/tutorial.py
[2025-03-27T16:41:50.938+0000] {processor.py:925} INFO - DAG(s) 'tutorial' retrieved from /home/airflow/.local/lib/python3.12/site-packages/airflow/example_dags/tutorial.py
[2025-03-27T16:41:50.966+0000] {logging_mixin.py:190} INFO - [2025-03-27T16:41:50.965+0000] {dag.py:3239} INFO - Sync 1 DAGs
[2025-03-27T16:41:50.994+0000] {logging_mixin.py:190} INFO - [2025-03-27T16:41:50.994+0000] {dag.py:4180} INFO - Setting next_dagrun for tutorial to 2025-03-26 00:00:00+00:00, run_after=2025-03-27 00:00:00+00:00
[2025-03-27T16:41:51.023+0000] {processor.py:208} INFO - Processing /home/airflow/.local/lib/python3.12/site-packages/airflow/example_dags/tutorial.py took 0.108 seconds
[2025-03-27T16:42:21.399+0000] {processor.py:186} INFO - Started process (PID=1258) to work on /home/airflow/.local/lib/python3.12/site-packages/airflow/example_dags/tutorial.py
[2025-03-27T16:42:21.402+0000] {processor.py:914} INFO - Processing file /home/airflow/.local/lib/python3.12/site-packages/airflow/example_dags/tutorial.py for tasks to queue
[2025-03-27T16:42:21.407+0000] {logging_mixin.py:190} INFO - [2025-03-27T16:42:21.406+0000] {dagbag.py:588} INFO - Filling up the DagBag from /home/airflow/.local/lib/python3.12/site-packages/airflow/example_dags/tutorial.py
[2025-03-27T16:42:21.421+0000] {processor.py:925} INFO - DAG(s) 'tutorial' retrieved from /home/airflow/.local/lib/python3.12/site-packages/airflow/example_dags/tutorial.py
[2025-03-27T16:42:21.448+0000] {logging_mixin.py:190} INFO - [2025-03-27T16:42:21.448+0000] {dag.py:3239} INFO - Sync 1 DAGs
[2025-03-27T16:42:21.469+0000] {logging_mixin.py:190} INFO - [2025-03-27T16:42:21.469+0000] {dag.py:4180} INFO - Setting next_dagrun for tutorial to 2025-03-26 00:00:00+00:00, run_after=2025-03-27 00:00:00+00:00
[2025-03-27T16:42:21.491+0000] {processor.py:208} INFO - Processing /home/airflow/.local/lib/python3.12/site-packages/airflow/example_dags/tutorial.py took 0.105 seconds
[2025-03-27T16:42:52.025+0000] {processor.py:186} INFO - Started process (PID=1324) to work on /home/airflow/.local/lib/python3.12/site-packages/airflow/example_dags/tutorial.py
[2025-03-27T16:42:52.027+0000] {processor.py:914} INFO - Processing file /home/airflow/.local/lib/python3.12/site-packages/airflow/example_dags/tutorial.py for tasks to queue
[2025-03-27T16:42:52.034+0000] {logging_mixin.py:190} INFO - [2025-03-27T16:42:52.033+0000] {dagbag.py:588} INFO - Filling up the DagBag from /home/airflow/.local/lib/python3.12/site-packages/airflow/example_dags/tutorial.py
[2025-03-27T16:42:52.060+0000] {processor.py:925} INFO - DAG(s) 'tutorial' retrieved from /home/airflow/.local/lib/python3.12/site-packages/airflow/example_dags/tutorial.py
[2025-03-27T16:42:52.134+0000] {logging_mixin.py:190} INFO - [2025-03-27T16:42:52.133+0000] {dag.py:3239} INFO - Sync 1 DAGs
[2025-03-27T16:42:52.188+0000] {logging_mixin.py:190} INFO - [2025-03-27T16:42:52.187+0000] {dag.py:4180} INFO - Setting next_dagrun for tutorial to 2025-03-26 00:00:00+00:00, run_after=2025-03-27 00:00:00+00:00
[2025-03-27T16:42:52.226+0000] {processor.py:208} INFO - Processing /home/airflow/.local/lib/python3.12/site-packages/airflow/example_dags/tutorial.py took 0.220 seconds
[2025-03-27T16:43:22.491+0000] {processor.py:186} INFO - Started process (PID=1389) to work on /home/airflow/.local/lib/python3.12/site-packages/airflow/example_dags/tutorial.py
[2025-03-27T16:43:22.492+0000] {processor.py:914} INFO - Processing file /home/airflow/.local/lib/python3.12/site-packages/airflow/example_dags/tutorial.py for tasks to queue
[2025-03-27T16:43:22.498+0000] {logging_mixin.py:190} INFO - [2025-03-27T16:43:22.497+0000] {dagbag.py:588} INFO - Filling up the DagBag from /home/airflow/.local/lib/python3.12/site-packages/airflow/example_dags/tutorial.py
[2025-03-27T16:43:22.513+0000] {processor.py:925} INFO - DAG(s) 'tutorial' retrieved from /home/airflow/.local/lib/python3.12/site-packages/airflow/example_dags/tutorial.py
[2025-03-27T16:43:22.545+0000] {logging_mixin.py:190} INFO - [2025-03-27T16:43:22.544+0000] {dag.py:3239} INFO - Sync 1 DAGs
[2025-03-27T16:43:22.583+0000] {logging_mixin.py:190} INFO - [2025-03-27T16:43:22.583+0000] {dag.py:4180} INFO - Setting next_dagrun for tutorial to 2025-03-26 00:00:00+00:00, run_after=2025-03-27 00:00:00+00:00
[2025-03-27T16:43:22.608+0000] {processor.py:208} INFO - Processing /home/airflow/.local/lib/python3.12/site-packages/airflow/example_dags/tutorial.py took 0.129 seconds
[2025-03-27T16:43:52.988+0000] {processor.py:186} INFO - Started process (PID=1455) to work on /home/airflow/.local/lib/python3.12/site-packages/airflow/example_dags/tutorial.py
[2025-03-27T16:43:52.990+0000] {processor.py:914} INFO - Processing file /home/airflow/.local/lib/python3.12/site-packages/airflow/example_dags/tutorial.py for tasks to queue
[2025-03-27T16:43:52.994+0000] {logging_mixin.py:190} INFO - [2025-03-27T16:43:52.993+0000] {dagbag.py:588} INFO - Filling up the DagBag from /home/airflow/.local/lib/python3.12/site-packages/airflow/example_dags/tutorial.py
[2025-03-27T16:43:53.005+0000] {processor.py:925} INFO - DAG(s) 'tutorial' retrieved from /home/airflow/.local/lib/python3.12/site-packages/airflow/example_dags/tutorial.py
[2025-03-27T16:43:53.038+0000] {logging_mixin.py:190} INFO - [2025-03-27T16:43:53.037+0000] {dag.py:3239} INFO - Sync 1 DAGs
[2025-03-27T16:43:53.090+0000] {logging_mixin.py:190} INFO - [2025-03-27T16:43:53.089+0000] {dag.py:4180} INFO - Setting next_dagrun for tutorial to 2025-03-26 00:00:00+00:00, run_after=2025-03-27 00:00:00+00:00
[2025-03-27T16:43:53.126+0000] {processor.py:208} INFO - Processing /home/airflow/.local/lib/python3.12/site-packages/airflow/example_dags/tutorial.py took 0.149 seconds
[2025-03-27T16:44:23.323+0000] {processor.py:186} INFO - Started process (PID=1521) to work on /home/airflow/.local/lib/python3.12/site-packages/airflow/example_dags/tutorial.py
[2025-03-27T16:44:23.325+0000] {processor.py:914} INFO - Processing file /home/airflow/.local/lib/python3.12/site-packages/airflow/example_dags/tutorial.py for tasks to queue
[2025-03-27T16:44:23.329+0000] {logging_mixin.py:190} INFO - [2025-03-27T16:44:23.329+0000] {dagbag.py:588} INFO - Filling up the DagBag from /home/airflow/.local/lib/python3.12/site-packages/airflow/example_dags/tutorial.py
[2025-03-27T16:44:23.339+0000] {processor.py:925} INFO - DAG(s) 'tutorial' retrieved from /home/airflow/.local/lib/python3.12/site-packages/airflow/example_dags/tutorial.py
[2025-03-27T16:44:23.362+0000] {logging_mixin.py:190} INFO - [2025-03-27T16:44:23.361+0000] {dag.py:3239} INFO - Sync 1 DAGs
[2025-03-27T16:44:23.386+0000] {logging_mixin.py:190} INFO - [2025-03-27T16:44:23.386+0000] {dag.py:4180} INFO - Setting next_dagrun for tutorial to 2025-03-26 00:00:00+00:00, run_after=2025-03-27 00:00:00+00:00
[2025-03-27T16:44:23.424+0000] {processor.py:208} INFO - Processing /home/airflow/.local/lib/python3.12/site-packages/airflow/example_dags/tutorial.py took 0.112 seconds
[2025-03-27T16:44:54.344+0000] {processor.py:186} INFO - Started process (PID=1586) to work on /home/airflow/.local/lib/python3.12/site-packages/airflow/example_dags/tutorial.py
[2025-03-27T16:44:54.345+0000] {processor.py:914} INFO - Processing file /home/airflow/.local/lib/python3.12/site-packages/airflow/example_dags/tutorial.py for tasks to queue
[2025-03-27T16:44:54.349+0000] {logging_mixin.py:190} INFO - [2025-03-27T16:44:54.349+0000] {dagbag.py:588} INFO - Filling up the DagBag from /home/airflow/.local/lib/python3.12/site-packages/airflow/example_dags/tutorial.py
[2025-03-27T16:44:54.365+0000] {processor.py:925} INFO - DAG(s) 'tutorial' retrieved from /home/airflow/.local/lib/python3.12/site-packages/airflow/example_dags/tutorial.py
[2025-03-27T16:44:54.402+0000] {logging_mixin.py:190} INFO - [2025-03-27T16:44:54.401+0000] {dag.py:3239} INFO - Sync 1 DAGs
[2025-03-27T16:44:54.431+0000] {logging_mixin.py:190} INFO - [2025-03-27T16:44:54.431+0000] {dag.py:4180} INFO - Setting next_dagrun for tutorial to 2025-03-26 00:00:00+00:00, run_after=2025-03-27 00:00:00+00:00
[2025-03-27T16:44:54.452+0000] {processor.py:208} INFO - Processing /home/airflow/.local/lib/python3.12/site-packages/airflow/example_dags/tutorial.py took 0.117 seconds
[2025-03-27T16:45:24.906+0000] {processor.py:186} INFO - Started process (PID=1651) to work on /home/airflow/.local/lib/python3.12/site-packages/airflow/example_dags/tutorial.py
[2025-03-27T16:45:24.908+0000] {processor.py:914} INFO - Processing file /home/airflow/.local/lib/python3.12/site-packages/airflow/example_dags/tutorial.py for tasks to queue
[2025-03-27T16:45:24.912+0000] {logging_mixin.py:190} INFO - [2025-03-27T16:45:24.912+0000] {dagbag.py:588} INFO - Filling up the DagBag from /home/airflow/.local/lib/python3.12/site-packages/airflow/example_dags/tutorial.py
[2025-03-27T16:45:24.923+0000] {processor.py:925} INFO - DAG(s) 'tutorial' retrieved from /home/airflow/.local/lib/python3.12/site-packages/airflow/example_dags/tutorial.py
[2025-03-27T16:45:24.950+0000] {logging_mixin.py:190} INFO - [2025-03-27T16:45:24.950+0000] {dag.py:3239} INFO - Sync 1 DAGs
[2025-03-27T16:45:24.989+0000] {logging_mixin.py:190} INFO - [2025-03-27T16:45:24.989+0000] {dag.py:4180} INFO - Setting next_dagrun for tutorial to 2025-03-26 00:00:00+00:00, run_after=2025-03-27 00:00:00+00:00
[2025-03-27T16:45:25.031+0000] {processor.py:208} INFO - Processing /home/airflow/.local/lib/python3.12/site-packages/airflow/example_dags/tutorial.py took 0.132 seconds
[2025-03-27T16:45:55.659+0000] {processor.py:186} INFO - Started process (PID=1716) to work on /home/airflow/.local/lib/python3.12/site-packages/airflow/example_dags/tutorial.py
[2025-03-27T16:45:55.661+0000] {processor.py:914} INFO - Processing file /home/airflow/.local/lib/python3.12/site-packages/airflow/example_dags/tutorial.py for tasks to queue
[2025-03-27T16:45:55.663+0000] {logging_mixin.py:190} INFO - [2025-03-27T16:45:55.663+0000] {dagbag.py:588} INFO - Filling up the DagBag from /home/airflow/.local/lib/python3.12/site-packages/airflow/example_dags/tutorial.py
[2025-03-27T16:45:55.674+0000] {processor.py:925} INFO - DAG(s) 'tutorial' retrieved from /home/airflow/.local/lib/python3.12/site-packages/airflow/example_dags/tutorial.py
[2025-03-27T16:45:55.717+0000] {logging_mixin.py:190} INFO - [2025-03-27T16:45:55.716+0000] {dag.py:3239} INFO - Sync 1 DAGs
[2025-03-27T16:45:55.760+0000] {logging_mixin.py:190} INFO - [2025-03-27T16:45:55.759+0000] {dag.py:4180} INFO - Setting next_dagrun for tutorial to 2025-03-26 00:00:00+00:00, run_after=2025-03-27 00:00:00+00:00
[2025-03-27T16:45:55.797+0000] {processor.py:208} INFO - Processing /home/airflow/.local/lib/python3.12/site-packages/airflow/example_dags/tutorial.py took 0.147 seconds
[2025-03-27T16:46:26.476+0000] {processor.py:186} INFO - Started process (PID=1781) to work on /home/airflow/.local/lib/python3.12/site-packages/airflow/example_dags/tutorial.py
[2025-03-27T16:46:26.481+0000] {processor.py:914} INFO - Processing file /home/airflow/.local/lib/python3.12/site-packages/airflow/example_dags/tutorial.py for tasks to queue
[2025-03-27T16:46:26.487+0000] {logging_mixin.py:190} INFO - [2025-03-27T16:46:26.486+0000] {dagbag.py:588} INFO - Filling up the DagBag from /home/airflow/.local/lib/python3.12/site-packages/airflow/example_dags/tutorial.py
[2025-03-27T16:46:26.497+0000] {processor.py:925} INFO - DAG(s) 'tutorial' retrieved from /home/airflow/.local/lib/python3.12/site-packages/airflow/example_dags/tutorial.py
[2025-03-27T16:46:26.517+0000] {logging_mixin.py:190} INFO - [2025-03-27T16:46:26.517+0000] {dag.py:3239} INFO - Sync 1 DAGs
[2025-03-27T16:46:26.540+0000] {logging_mixin.py:190} INFO - [2025-03-27T16:46:26.540+0000] {dag.py:4180} INFO - Setting next_dagrun for tutorial to 2025-03-26 00:00:00+00:00, run_after=2025-03-27 00:00:00+00:00
[2025-03-27T16:46:26.560+0000] {processor.py:208} INFO - Processing /home/airflow/.local/lib/python3.12/site-packages/airflow/example_dags/tutorial.py took 0.093 seconds
[2025-03-27T16:46:57.387+0000] {processor.py:186} INFO - Started process (PID=1846) to work on /home/airflow/.local/lib/python3.12/site-packages/airflow/example_dags/tutorial.py
[2025-03-27T16:46:57.390+0000] {processor.py:914} INFO - Processing file /home/airflow/.local/lib/python3.12/site-packages/airflow/example_dags/tutorial.py for tasks to queue
[2025-03-27T16:46:57.393+0000] {logging_mixin.py:190} INFO - [2025-03-27T16:46:57.393+0000] {dagbag.py:588} INFO - Filling up the DagBag from /home/airflow/.local/lib/python3.12/site-packages/airflow/example_dags/tutorial.py
[2025-03-27T16:46:57.409+0000] {processor.py:925} INFO - DAG(s) 'tutorial' retrieved from /home/airflow/.local/lib/python3.12/site-packages/airflow/example_dags/tutorial.py
[2025-03-27T16:46:57.443+0000] {logging_mixin.py:190} INFO - [2025-03-27T16:46:57.443+0000] {dag.py:3239} INFO - Sync 1 DAGs
[2025-03-27T16:46:57.472+0000] {logging_mixin.py:190} INFO - [2025-03-27T16:46:57.471+0000] {dag.py:4180} INFO - Setting next_dagrun for tutorial to 2025-03-26 00:00:00+00:00, run_after=2025-03-27 00:00:00+00:00
[2025-03-27T16:46:57.493+0000] {processor.py:208} INFO - Processing /home/airflow/.local/lib/python3.12/site-packages/airflow/example_dags/tutorial.py took 0.117 seconds
[2025-03-27T16:47:27.849+0000] {processor.py:186} INFO - Started process (PID=1910) to work on /home/airflow/.local/lib/python3.12/site-packages/airflow/example_dags/tutorial.py
[2025-03-27T16:47:27.852+0000] {processor.py:914} INFO - Processing file /home/airflow/.local/lib/python3.12/site-packages/airflow/example_dags/tutorial.py for tasks to queue
[2025-03-27T16:47:27.856+0000] {logging_mixin.py:190} INFO - [2025-03-27T16:47:27.855+0000] {dagbag.py:588} INFO - Filling up the DagBag from /home/airflow/.local/lib/python3.12/site-packages/airflow/example_dags/tutorial.py
[2025-03-27T16:47:27.873+0000] {processor.py:925} INFO - DAG(s) 'tutorial' retrieved from /home/airflow/.local/lib/python3.12/site-packages/airflow/example_dags/tutorial.py
[2025-03-27T16:47:27.903+0000] {logging_mixin.py:190} INFO - [2025-03-27T16:47:27.902+0000] {dag.py:3239} INFO - Sync 1 DAGs
[2025-03-27T16:47:27.935+0000] {logging_mixin.py:190} INFO - [2025-03-27T16:47:27.934+0000] {dag.py:4180} INFO - Setting next_dagrun for tutorial to 2025-03-26 00:00:00+00:00, run_after=2025-03-27 00:00:00+00:00
[2025-03-27T16:47:27.967+0000] {processor.py:208} INFO - Processing /home/airflow/.local/lib/python3.12/site-packages/airflow/example_dags/tutorial.py took 0.128 seconds
[2025-03-27T16:47:58.867+0000] {processor.py:186} INFO - Started process (PID=1981) to work on /home/airflow/.local/lib/python3.12/site-packages/airflow/example_dags/tutorial.py
[2025-03-27T16:47:58.869+0000] {processor.py:914} INFO - Processing file /home/airflow/.local/lib/python3.12/site-packages/airflow/example_dags/tutorial.py for tasks to queue
[2025-03-27T16:47:58.873+0000] {logging_mixin.py:190} INFO - [2025-03-27T16:47:58.872+0000] {dagbag.py:588} INFO - Filling up the DagBag from /home/airflow/.local/lib/python3.12/site-packages/airflow/example_dags/tutorial.py
[2025-03-27T16:47:58.888+0000] {processor.py:925} INFO - DAG(s) 'tutorial' retrieved from /home/airflow/.local/lib/python3.12/site-packages/airflow/example_dags/tutorial.py
[2025-03-27T16:47:58.918+0000] {logging_mixin.py:190} INFO - [2025-03-27T16:47:58.918+0000] {dag.py:3239} INFO - Sync 1 DAGs
[2025-03-27T16:47:58.949+0000] {logging_mixin.py:190} INFO - [2025-03-27T16:47:58.949+0000] {dag.py:4180} INFO - Setting next_dagrun for tutorial to 2025-03-26 00:00:00+00:00, run_after=2025-03-27 00:00:00+00:00
[2025-03-27T16:47:58.972+0000] {processor.py:208} INFO - Processing /home/airflow/.local/lib/python3.12/site-packages/airflow/example_dags/tutorial.py took 0.113 seconds
[2025-03-27T16:48:29.904+0000] {processor.py:186} INFO - Started process (PID=2046) to work on /home/airflow/.local/lib/python3.12/site-packages/airflow/example_dags/tutorial.py
[2025-03-27T16:48:29.906+0000] {processor.py:914} INFO - Processing file /home/airflow/.local/lib/python3.12/site-packages/airflow/example_dags/tutorial.py for tasks to queue
[2025-03-27T16:48:29.908+0000] {logging_mixin.py:190} INFO - [2025-03-27T16:48:29.908+0000] {dagbag.py:588} INFO - Filling up the DagBag from /home/airflow/.local/lib/python3.12/site-packages/airflow/example_dags/tutorial.py
[2025-03-27T16:48:29.917+0000] {processor.py:925} INFO - DAG(s) 'tutorial' retrieved from /home/airflow/.local/lib/python3.12/site-packages/airflow/example_dags/tutorial.py
[2025-03-27T16:48:29.938+0000] {logging_mixin.py:190} INFO - [2025-03-27T16:48:29.937+0000] {dag.py:3239} INFO - Sync 1 DAGs
[2025-03-27T16:48:29.964+0000] {logging_mixin.py:190} INFO - [2025-03-27T16:48:29.964+0000] {dag.py:4180} INFO - Setting next_dagrun for tutorial to 2025-03-26 00:00:00+00:00, run_after=2025-03-27 00:00:00+00:00
[2025-03-27T16:48:29.984+0000] {processor.py:208} INFO - Processing /home/airflow/.local/lib/python3.12/site-packages/airflow/example_dags/tutorial.py took 0.086 seconds
[2025-03-27T16:49:00.089+0000] {processor.py:186} INFO - Started process (PID=2111) to work on /home/airflow/.local/lib/python3.12/site-packages/airflow/example_dags/tutorial.py
[2025-03-27T16:49:00.091+0000] {processor.py:914} INFO - Processing file /home/airflow/.local/lib/python3.12/site-packages/airflow/example_dags/tutorial.py for tasks to queue
[2025-03-27T16:49:00.094+0000] {logging_mixin.py:190} INFO - [2025-03-27T16:49:00.094+0000] {dagbag.py:588} INFO - Filling up the DagBag from /home/airflow/.local/lib/python3.12/site-packages/airflow/example_dags/tutorial.py
[2025-03-27T16:49:00.107+0000] {processor.py:925} INFO - DAG(s) 'tutorial' retrieved from /home/airflow/.local/lib/python3.12/site-packages/airflow/example_dags/tutorial.py
[2025-03-27T16:49:00.145+0000] {logging_mixin.py:190} INFO - [2025-03-27T16:49:00.144+0000] {dag.py:3239} INFO - Sync 1 DAGs
[2025-03-27T16:49:00.212+0000] {logging_mixin.py:190} INFO - [2025-03-27T16:49:00.212+0000] {dag.py:4180} INFO - Setting next_dagrun for tutorial to 2025-03-26 00:00:00+00:00, run_after=2025-03-27 00:00:00+00:00
[2025-03-27T16:49:00.232+0000] {processor.py:208} INFO - Processing /home/airflow/.local/lib/python3.12/site-packages/airflow/example_dags/tutorial.py took 0.160 seconds
[2025-03-27T16:49:30.658+0000] {processor.py:186} INFO - Started process (PID=2176) to work on /home/airflow/.local/lib/python3.12/site-packages/airflow/example_dags/tutorial.py
[2025-03-27T16:49:30.660+0000] {processor.py:914} INFO - Processing file /home/airflow/.local/lib/python3.12/site-packages/airflow/example_dags/tutorial.py for tasks to queue
[2025-03-27T16:49:30.662+0000] {logging_mixin.py:190} INFO - [2025-03-27T16:49:30.662+0000] {dagbag.py:588} INFO - Filling up the DagBag from /home/airflow/.local/lib/python3.12/site-packages/airflow/example_dags/tutorial.py
[2025-03-27T16:49:30.678+0000] {processor.py:925} INFO - DAG(s) 'tutorial' retrieved from /home/airflow/.local/lib/python3.12/site-packages/airflow/example_dags/tutorial.py
[2025-03-27T16:49:30.702+0000] {logging_mixin.py:190} INFO - [2025-03-27T16:49:30.702+0000] {dag.py:3239} INFO - Sync 1 DAGs
[2025-03-27T16:49:30.730+0000] {logging_mixin.py:190} INFO - [2025-03-27T16:49:30.729+0000] {dag.py:4180} INFO - Setting next_dagrun for tutorial to 2025-03-26 00:00:00+00:00, run_after=2025-03-27 00:00:00+00:00
[2025-03-27T16:49:30.751+0000] {processor.py:208} INFO - Processing /home/airflow/.local/lib/python3.12/site-packages/airflow/example_dags/tutorial.py took 0.101 seconds
[2025-03-27T16:50:01.363+0000] {processor.py:186} INFO - Started process (PID=2240) to work on /home/airflow/.local/lib/python3.12/site-packages/airflow/example_dags/tutorial.py
[2025-03-27T16:50:01.364+0000] {processor.py:914} INFO - Processing file /home/airflow/.local/lib/python3.12/site-packages/airflow/example_dags/tutorial.py for tasks to queue
[2025-03-27T16:50:01.367+0000] {logging_mixin.py:190} INFO - [2025-03-27T16:50:01.367+0000] {dagbag.py:588} INFO - Filling up the DagBag from /home/airflow/.local/lib/python3.12/site-packages/airflow/example_dags/tutorial.py
[2025-03-27T16:50:01.378+0000] {processor.py:925} INFO - DAG(s) 'tutorial' retrieved from /home/airflow/.local/lib/python3.12/site-packages/airflow/example_dags/tutorial.py
[2025-03-27T16:50:01.408+0000] {logging_mixin.py:190} INFO - [2025-03-27T16:50:01.407+0000] {dag.py:3239} INFO - Sync 1 DAGs
[2025-03-27T16:50:01.456+0000] {logging_mixin.py:190} INFO - [2025-03-27T16:50:01.455+0000] {dag.py:4180} INFO - Setting next_dagrun for tutorial to 2025-03-26 00:00:00+00:00, run_after=2025-03-27 00:00:00+00:00
[2025-03-27T16:50:01.476+0000] {processor.py:208} INFO - Processing /home/airflow/.local/lib/python3.12/site-packages/airflow/example_dags/tutorial.py took 0.120 seconds
[2025-03-27T16:50:31.747+0000] {processor.py:186} INFO - Started process (PID=2305) to work on /home/airflow/.local/lib/python3.12/site-packages/airflow/example_dags/tutorial.py
[2025-03-27T16:50:31.749+0000] {processor.py:914} INFO - Processing file /home/airflow/.local/lib/python3.12/site-packages/airflow/example_dags/tutorial.py for tasks to queue
[2025-03-27T16:50:31.751+0000] {logging_mixin.py:190} INFO - [2025-03-27T16:50:31.751+0000] {dagbag.py:588} INFO - Filling up the DagBag from /home/airflow/.local/lib/python3.12/site-packages/airflow/example_dags/tutorial.py
[2025-03-27T16:50:31.760+0000] {processor.py:925} INFO - DAG(s) 'tutorial' retrieved from /home/airflow/.local/lib/python3.12/site-packages/airflow/example_dags/tutorial.py
[2025-03-27T16:50:31.782+0000] {logging_mixin.py:190} INFO - [2025-03-27T16:50:31.782+0000] {dag.py:3239} INFO - Sync 1 DAGs
[2025-03-27T16:50:31.812+0000] {logging_mixin.py:190} INFO - [2025-03-27T16:50:31.812+0000] {dag.py:4180} INFO - Setting next_dagrun for tutorial to 2025-03-26 00:00:00+00:00, run_after=2025-03-27 00:00:00+00:00
[2025-03-27T16:50:31.846+0000] {processor.py:208} INFO - Processing /home/airflow/.local/lib/python3.12/site-packages/airflow/example_dags/tutorial.py took 0.109 seconds
[2025-03-27T16:51:02.075+0000] {processor.py:186} INFO - Started process (PID=2369) to work on /home/airflow/.local/lib/python3.12/site-packages/airflow/example_dags/tutorial.py
[2025-03-27T16:51:02.079+0000] {processor.py:914} INFO - Processing file /home/airflow/.local/lib/python3.12/site-packages/airflow/example_dags/tutorial.py for tasks to queue
[2025-03-27T16:51:02.090+0000] {logging_mixin.py:190} INFO - [2025-03-27T16:51:02.089+0000] {dagbag.py:588} INFO - Filling up the DagBag from /home/airflow/.local/lib/python3.12/site-packages/airflow/example_dags/tutorial.py
[2025-03-27T16:51:02.102+0000] {processor.py:925} INFO - DAG(s) 'tutorial' retrieved from /home/airflow/.local/lib/python3.12/site-packages/airflow/example_dags/tutorial.py
[2025-03-27T16:51:02.130+0000] {logging_mixin.py:190} INFO - [2025-03-27T16:51:02.129+0000] {dag.py:3239} INFO - Sync 1 DAGs
[2025-03-27T16:51:02.162+0000] {logging_mixin.py:190} INFO - [2025-03-27T16:51:02.161+0000] {dag.py:4180} INFO - Setting next_dagrun for tutorial to 2025-03-26 00:00:00+00:00, run_after=2025-03-27 00:00:00+00:00
[2025-03-27T16:51:02.188+0000] {processor.py:208} INFO - Processing /home/airflow/.local/lib/python3.12/site-packages/airflow/example_dags/tutorial.py took 0.122 seconds
[2025-03-27T16:51:32.462+0000] {processor.py:186} INFO - Started process (PID=2433) to work on /home/airflow/.local/lib/python3.12/site-packages/airflow/example_dags/tutorial.py
[2025-03-27T16:51:32.464+0000] {processor.py:914} INFO - Processing file /home/airflow/.local/lib/python3.12/site-packages/airflow/example_dags/tutorial.py for tasks to queue
[2025-03-27T16:51:32.467+0000] {logging_mixin.py:190} INFO - [2025-03-27T16:51:32.467+0000] {dagbag.py:588} INFO - Filling up the DagBag from /home/airflow/.local/lib/python3.12/site-packages/airflow/example_dags/tutorial.py
[2025-03-27T16:51:32.485+0000] {processor.py:925} INFO - DAG(s) 'tutorial' retrieved from /home/airflow/.local/lib/python3.12/site-packages/airflow/example_dags/tutorial.py
[2025-03-27T16:51:32.540+0000] {logging_mixin.py:190} INFO - [2025-03-27T16:51:32.539+0000] {dag.py:3239} INFO - Sync 1 DAGs
[2025-03-27T16:51:32.580+0000] {logging_mixin.py:190} INFO - [2025-03-27T16:51:32.580+0000] {dag.py:4180} INFO - Setting next_dagrun for tutorial to 2025-03-26 00:00:00+00:00, run_after=2025-03-27 00:00:00+00:00
[2025-03-27T16:51:32.600+0000] {processor.py:208} INFO - Processing /home/airflow/.local/lib/python3.12/site-packages/airflow/example_dags/tutorial.py took 0.148 seconds
[2025-03-27T16:53:02.495+0000] {processor.py:186} INFO - Started process (PID=109) to work on /home/airflow/.local/lib/python3.12/site-packages/airflow/example_dags/tutorial.py
[2025-03-27T16:53:02.497+0000] {processor.py:914} INFO - Processing file /home/airflow/.local/lib/python3.12/site-packages/airflow/example_dags/tutorial.py for tasks to queue
[2025-03-27T16:53:02.503+0000] {logging_mixin.py:190} INFO - [2025-03-27T16:53:02.502+0000] {dagbag.py:588} INFO - Filling up the DagBag from /home/airflow/.local/lib/python3.12/site-packages/airflow/example_dags/tutorial.py
[2025-03-27T16:53:02.517+0000] {processor.py:925} INFO - DAG(s) 'tutorial' retrieved from /home/airflow/.local/lib/python3.12/site-packages/airflow/example_dags/tutorial.py
[2025-03-27T16:53:02.546+0000] {logging_mixin.py:190} INFO - [2025-03-27T16:53:02.546+0000] {dag.py:3239} INFO - Sync 1 DAGs
[2025-03-27T16:53:02.576+0000] {logging_mixin.py:190} INFO - [2025-03-27T16:53:02.576+0000] {dag.py:4180} INFO - Setting next_dagrun for tutorial to 2025-03-26 00:00:00+00:00, run_after=2025-03-27 00:00:00+00:00
[2025-03-27T16:53:02.601+0000] {processor.py:208} INFO - Processing /home/airflow/.local/lib/python3.12/site-packages/airflow/example_dags/tutorial.py took 0.113 seconds
