[2025-03-27T16:33:11.578+0000] {processor.py:186} INFO - Started process (PID=124) to work on /home/airflow/.local/lib/python3.12/site-packages/airflow/example_dags/tutorial_dag.py
[2025-03-27T16:33:11.580+0000] {processor.py:914} INFO - Processing file /home/airflow/.local/lib/python3.12/site-packages/airflow/example_dags/tutorial_dag.py for tasks to queue
[2025-03-27T16:33:11.583+0000] {logging_mixin.py:190} INFO - [2025-03-27T16:33:11.582+0000] {dagbag.py:588} INFO - Filling up the DagBag from /home/airflow/.local/lib/python3.12/site-packages/airflow/example_dags/tutorial_dag.py
[2025-03-27T16:33:11.596+0000] {processor.py:925} INFO - DAG(s) 'tutorial_dag' retrieved from /home/airflow/.local/lib/python3.12/site-packages/airflow/example_dags/tutorial_dag.py
[2025-03-27T16:33:11.863+0000] {logging_mixin.py:190} INFO - [2025-03-27T16:33:11.863+0000] {override.py:1912} INFO - Created Permission View: can read on DAG:tutorial_dag
[2025-03-27T16:33:11.883+0000] {logging_mixin.py:190} INFO - [2025-03-27T16:33:11.883+0000] {override.py:1912} INFO - Created Permission View: can delete on DAG:tutorial_dag
[2025-03-27T16:33:11.892+0000] {logging_mixin.py:190} INFO - [2025-03-27T16:33:11.892+0000] {override.py:1912} INFO - Created Permission View: can edit on DAG:tutorial_dag
[2025-03-27T16:33:11.902+0000] {logging_mixin.py:190} INFO - [2025-03-27T16:33:11.901+0000] {override.py:1912} INFO - Created Permission View: can read on DAG Run:tutorial_dag
[2025-03-27T16:33:11.911+0000] {logging_mixin.py:190} INFO - [2025-03-27T16:33:11.911+0000] {override.py:1912} INFO - Created Permission View: menu access on DAG Run:tutorial_dag
[2025-03-27T16:33:11.922+0000] {logging_mixin.py:190} INFO - [2025-03-27T16:33:11.922+0000] {override.py:1912} INFO - Created Permission View: can create on DAG Run:tutorial_dag
[2025-03-27T16:33:11.931+0000] {logging_mixin.py:190} INFO - [2025-03-27T16:33:11.931+0000] {override.py:1912} INFO - Created Permission View: can delete on DAG Run:tutorial_dag
[2025-03-27T16:33:11.933+0000] {logging_mixin.py:190} INFO - [2025-03-27T16:33:11.932+0000] {dag.py:3239} INFO - Sync 1 DAGs
[2025-03-27T16:33:11.965+0000] {logging_mixin.py:190} INFO - [2025-03-27T16:33:11.964+0000] {dag.py:3262} INFO - Creating ORM DAG for tutorial_dag
[2025-03-27T16:33:11.968+0000] {logging_mixin.py:190} INFO - [2025-03-27T16:33:11.968+0000] {dag.py:4180} INFO - Setting next_dagrun for tutorial_dag to None, run_after=None
[2025-03-27T16:33:11.996+0000] {processor.py:208} INFO - Processing /home/airflow/.local/lib/python3.12/site-packages/airflow/example_dags/tutorial_dag.py took 0.432 seconds
[2025-03-27T16:33:42.332+0000] {processor.py:186} INFO - Started process (PID=186) to work on /home/airflow/.local/lib/python3.12/site-packages/airflow/example_dags/tutorial_dag.py
[2025-03-27T16:33:42.335+0000] {processor.py:914} INFO - Processing file /home/airflow/.local/lib/python3.12/site-packages/airflow/example_dags/tutorial_dag.py for tasks to queue
[2025-03-27T16:33:42.338+0000] {logging_mixin.py:190} INFO - [2025-03-27T16:33:42.338+0000] {dagbag.py:588} INFO - Filling up the DagBag from /home/airflow/.local/lib/python3.12/site-packages/airflow/example_dags/tutorial_dag.py
[2025-03-27T16:33:42.348+0000] {processor.py:925} INFO - DAG(s) 'tutorial_dag' retrieved from /home/airflow/.local/lib/python3.12/site-packages/airflow/example_dags/tutorial_dag.py
[2025-03-27T16:33:42.368+0000] {logging_mixin.py:190} INFO - [2025-03-27T16:33:42.368+0000] {dag.py:3239} INFO - Sync 1 DAGs
[2025-03-27T16:33:42.389+0000] {logging_mixin.py:190} INFO - [2025-03-27T16:33:42.389+0000] {dag.py:4180} INFO - Setting next_dagrun for tutorial_dag to None, run_after=None
[2025-03-27T16:33:42.410+0000] {processor.py:208} INFO - Processing /home/airflow/.local/lib/python3.12/site-packages/airflow/example_dags/tutorial_dag.py took 0.089 seconds
[2025-03-27T16:34:12.568+0000] {processor.py:186} INFO - Started process (PID=249) to work on /home/airflow/.local/lib/python3.12/site-packages/airflow/example_dags/tutorial_dag.py
[2025-03-27T16:34:12.570+0000] {processor.py:914} INFO - Processing file /home/airflow/.local/lib/python3.12/site-packages/airflow/example_dags/tutorial_dag.py for tasks to queue
[2025-03-27T16:34:12.575+0000] {logging_mixin.py:190} INFO - [2025-03-27T16:34:12.575+0000] {dagbag.py:588} INFO - Filling up the DagBag from /home/airflow/.local/lib/python3.12/site-packages/airflow/example_dags/tutorial_dag.py
[2025-03-27T16:34:12.587+0000] {processor.py:925} INFO - DAG(s) 'tutorial_dag' retrieved from /home/airflow/.local/lib/python3.12/site-packages/airflow/example_dags/tutorial_dag.py
[2025-03-27T16:34:12.614+0000] {logging_mixin.py:190} INFO - [2025-03-27T16:34:12.613+0000] {dag.py:3239} INFO - Sync 1 DAGs
[2025-03-27T16:34:12.638+0000] {logging_mixin.py:190} INFO - [2025-03-27T16:34:12.638+0000] {dag.py:4180} INFO - Setting next_dagrun for tutorial_dag to None, run_after=None
[2025-03-27T16:34:12.664+0000] {processor.py:208} INFO - Processing /home/airflow/.local/lib/python3.12/site-packages/airflow/example_dags/tutorial_dag.py took 0.107 seconds
[2025-03-27T16:34:43.811+0000] {processor.py:186} INFO - Started process (PID=312) to work on /home/airflow/.local/lib/python3.12/site-packages/airflow/example_dags/tutorial_dag.py
[2025-03-27T16:34:43.814+0000] {processor.py:914} INFO - Processing file /home/airflow/.local/lib/python3.12/site-packages/airflow/example_dags/tutorial_dag.py for tasks to queue
[2025-03-27T16:34:43.820+0000] {logging_mixin.py:190} INFO - [2025-03-27T16:34:43.820+0000] {dagbag.py:588} INFO - Filling up the DagBag from /home/airflow/.local/lib/python3.12/site-packages/airflow/example_dags/tutorial_dag.py
[2025-03-27T16:34:43.841+0000] {processor.py:925} INFO - DAG(s) 'tutorial_dag' retrieved from /home/airflow/.local/lib/python3.12/site-packages/airflow/example_dags/tutorial_dag.py
[2025-03-27T16:34:43.889+0000] {logging_mixin.py:190} INFO - [2025-03-27T16:34:43.888+0000] {dag.py:3239} INFO - Sync 1 DAGs
[2025-03-27T16:34:43.912+0000] {logging_mixin.py:190} INFO - [2025-03-27T16:34:43.911+0000] {dag.py:4180} INFO - Setting next_dagrun for tutorial_dag to None, run_after=None
[2025-03-27T16:34:43.930+0000] {processor.py:208} INFO - Processing /home/airflow/.local/lib/python3.12/site-packages/airflow/example_dags/tutorial_dag.py took 0.136 seconds
[2025-03-27T16:35:14.491+0000] {processor.py:186} INFO - Started process (PID=375) to work on /home/airflow/.local/lib/python3.12/site-packages/airflow/example_dags/tutorial_dag.py
[2025-03-27T16:35:14.492+0000] {processor.py:914} INFO - Processing file /home/airflow/.local/lib/python3.12/site-packages/airflow/example_dags/tutorial_dag.py for tasks to queue
[2025-03-27T16:35:14.499+0000] {logging_mixin.py:190} INFO - [2025-03-27T16:35:14.498+0000] {dagbag.py:588} INFO - Filling up the DagBag from /home/airflow/.local/lib/python3.12/site-packages/airflow/example_dags/tutorial_dag.py
[2025-03-27T16:35:14.517+0000] {processor.py:925} INFO - DAG(s) 'tutorial_dag' retrieved from /home/airflow/.local/lib/python3.12/site-packages/airflow/example_dags/tutorial_dag.py
[2025-03-27T16:35:14.553+0000] {logging_mixin.py:190} INFO - [2025-03-27T16:35:14.553+0000] {dag.py:3239} INFO - Sync 1 DAGs
[2025-03-27T16:35:14.573+0000] {logging_mixin.py:190} INFO - [2025-03-27T16:35:14.573+0000] {dag.py:4180} INFO - Setting next_dagrun for tutorial_dag to None, run_after=None
[2025-03-27T16:35:14.598+0000] {processor.py:208} INFO - Processing /home/airflow/.local/lib/python3.12/site-packages/airflow/example_dags/tutorial_dag.py took 0.118 seconds
[2025-03-27T16:35:44.874+0000] {processor.py:186} INFO - Started process (PID=438) to work on /home/airflow/.local/lib/python3.12/site-packages/airflow/example_dags/tutorial_dag.py
[2025-03-27T16:35:44.876+0000] {processor.py:914} INFO - Processing file /home/airflow/.local/lib/python3.12/site-packages/airflow/example_dags/tutorial_dag.py for tasks to queue
[2025-03-27T16:35:44.884+0000] {logging_mixin.py:190} INFO - [2025-03-27T16:35:44.882+0000] {dagbag.py:588} INFO - Filling up the DagBag from /home/airflow/.local/lib/python3.12/site-packages/airflow/example_dags/tutorial_dag.py
[2025-03-27T16:35:44.897+0000] {processor.py:925} INFO - DAG(s) 'tutorial_dag' retrieved from /home/airflow/.local/lib/python3.12/site-packages/airflow/example_dags/tutorial_dag.py
[2025-03-27T16:35:44.931+0000] {logging_mixin.py:190} INFO - [2025-03-27T16:35:44.930+0000] {dag.py:3239} INFO - Sync 1 DAGs
[2025-03-27T16:35:44.965+0000] {logging_mixin.py:190} INFO - [2025-03-27T16:35:44.964+0000] {dag.py:4180} INFO - Setting next_dagrun for tutorial_dag to None, run_after=None
[2025-03-27T16:35:44.995+0000] {processor.py:208} INFO - Processing /home/airflow/.local/lib/python3.12/site-packages/airflow/example_dags/tutorial_dag.py took 0.135 seconds
[2025-03-27T16:36:15.607+0000] {processor.py:186} INFO - Started process (PID=501) to work on /home/airflow/.local/lib/python3.12/site-packages/airflow/example_dags/tutorial_dag.py
[2025-03-27T16:36:15.609+0000] {processor.py:914} INFO - Processing file /home/airflow/.local/lib/python3.12/site-packages/airflow/example_dags/tutorial_dag.py for tasks to queue
[2025-03-27T16:36:15.616+0000] {logging_mixin.py:190} INFO - [2025-03-27T16:36:15.615+0000] {dagbag.py:588} INFO - Filling up the DagBag from /home/airflow/.local/lib/python3.12/site-packages/airflow/example_dags/tutorial_dag.py
[2025-03-27T16:36:15.633+0000] {processor.py:925} INFO - DAG(s) 'tutorial_dag' retrieved from /home/airflow/.local/lib/python3.12/site-packages/airflow/example_dags/tutorial_dag.py
[2025-03-27T16:36:15.664+0000] {logging_mixin.py:190} INFO - [2025-03-27T16:36:15.663+0000] {dag.py:3239} INFO - Sync 1 DAGs
[2025-03-27T16:36:15.679+0000] {logging_mixin.py:190} INFO - [2025-03-27T16:36:15.679+0000] {dag.py:4180} INFO - Setting next_dagrun for tutorial_dag to None, run_after=None
[2025-03-27T16:36:15.704+0000] {processor.py:208} INFO - Processing /home/airflow/.local/lib/python3.12/site-packages/airflow/example_dags/tutorial_dag.py took 0.111 seconds
[2025-03-27T16:36:45.828+0000] {processor.py:186} INFO - Started process (PID=563) to work on /home/airflow/.local/lib/python3.12/site-packages/airflow/example_dags/tutorial_dag.py
[2025-03-27T16:36:45.829+0000] {processor.py:914} INFO - Processing file /home/airflow/.local/lib/python3.12/site-packages/airflow/example_dags/tutorial_dag.py for tasks to queue
[2025-03-27T16:36:45.832+0000] {logging_mixin.py:190} INFO - [2025-03-27T16:36:45.832+0000] {dagbag.py:588} INFO - Filling up the DagBag from /home/airflow/.local/lib/python3.12/site-packages/airflow/example_dags/tutorial_dag.py
[2025-03-27T16:36:45.843+0000] {processor.py:925} INFO - DAG(s) 'tutorial_dag' retrieved from /home/airflow/.local/lib/python3.12/site-packages/airflow/example_dags/tutorial_dag.py
[2025-03-27T16:36:45.871+0000] {logging_mixin.py:190} INFO - [2025-03-27T16:36:45.870+0000] {dag.py:3239} INFO - Sync 1 DAGs
[2025-03-27T16:36:45.891+0000] {logging_mixin.py:190} INFO - [2025-03-27T16:36:45.891+0000] {dag.py:4180} INFO - Setting next_dagrun for tutorial_dag to None, run_after=None
[2025-03-27T16:36:45.913+0000] {processor.py:208} INFO - Processing /home/airflow/.local/lib/python3.12/site-packages/airflow/example_dags/tutorial_dag.py took 0.093 seconds
[2025-03-27T16:37:16.439+0000] {processor.py:186} INFO - Started process (PID=626) to work on /home/airflow/.local/lib/python3.12/site-packages/airflow/example_dags/tutorial_dag.py
[2025-03-27T16:37:16.441+0000] {processor.py:914} INFO - Processing file /home/airflow/.local/lib/python3.12/site-packages/airflow/example_dags/tutorial_dag.py for tasks to queue
[2025-03-27T16:37:16.445+0000] {logging_mixin.py:190} INFO - [2025-03-27T16:37:16.445+0000] {dagbag.py:588} INFO - Filling up the DagBag from /home/airflow/.local/lib/python3.12/site-packages/airflow/example_dags/tutorial_dag.py
[2025-03-27T16:37:16.456+0000] {processor.py:925} INFO - DAG(s) 'tutorial_dag' retrieved from /home/airflow/.local/lib/python3.12/site-packages/airflow/example_dags/tutorial_dag.py
[2025-03-27T16:37:16.491+0000] {logging_mixin.py:190} INFO - [2025-03-27T16:37:16.491+0000] {dag.py:3239} INFO - Sync 1 DAGs
[2025-03-27T16:37:16.512+0000] {logging_mixin.py:190} INFO - [2025-03-27T16:37:16.512+0000] {dag.py:4180} INFO - Setting next_dagrun for tutorial_dag to None, run_after=None
[2025-03-27T16:37:16.537+0000] {processor.py:208} INFO - Processing /home/airflow/.local/lib/python3.12/site-packages/airflow/example_dags/tutorial_dag.py took 0.106 seconds
[2025-03-27T16:37:47.272+0000] {processor.py:186} INFO - Started process (PID=689) to work on /home/airflow/.local/lib/python3.12/site-packages/airflow/example_dags/tutorial_dag.py
[2025-03-27T16:37:47.274+0000] {processor.py:914} INFO - Processing file /home/airflow/.local/lib/python3.12/site-packages/airflow/example_dags/tutorial_dag.py for tasks to queue
[2025-03-27T16:37:47.277+0000] {logging_mixin.py:190} INFO - [2025-03-27T16:37:47.277+0000] {dagbag.py:588} INFO - Filling up the DagBag from /home/airflow/.local/lib/python3.12/site-packages/airflow/example_dags/tutorial_dag.py
[2025-03-27T16:37:47.285+0000] {processor.py:925} INFO - DAG(s) 'tutorial_dag' retrieved from /home/airflow/.local/lib/python3.12/site-packages/airflow/example_dags/tutorial_dag.py
[2025-03-27T16:37:47.311+0000] {logging_mixin.py:190} INFO - [2025-03-27T16:37:47.311+0000] {dag.py:3239} INFO - Sync 1 DAGs
[2025-03-27T16:37:47.332+0000] {logging_mixin.py:190} INFO - [2025-03-27T16:37:47.332+0000] {dag.py:4180} INFO - Setting next_dagrun for tutorial_dag to None, run_after=None
[2025-03-27T16:37:47.358+0000] {processor.py:208} INFO - Processing /home/airflow/.local/lib/python3.12/site-packages/airflow/example_dags/tutorial_dag.py took 0.093 seconds
[2025-03-27T16:38:17.569+0000] {processor.py:186} INFO - Started process (PID=754) to work on /home/airflow/.local/lib/python3.12/site-packages/airflow/example_dags/tutorial_dag.py
[2025-03-27T16:38:17.571+0000] {processor.py:914} INFO - Processing file /home/airflow/.local/lib/python3.12/site-packages/airflow/example_dags/tutorial_dag.py for tasks to queue
[2025-03-27T16:38:17.574+0000] {logging_mixin.py:190} INFO - [2025-03-27T16:38:17.573+0000] {dagbag.py:588} INFO - Filling up the DagBag from /home/airflow/.local/lib/python3.12/site-packages/airflow/example_dags/tutorial_dag.py
[2025-03-27T16:38:17.582+0000] {processor.py:925} INFO - DAG(s) 'tutorial_dag' retrieved from /home/airflow/.local/lib/python3.12/site-packages/airflow/example_dags/tutorial_dag.py
[2025-03-27T16:38:17.608+0000] {logging_mixin.py:190} INFO - [2025-03-27T16:38:17.607+0000] {dag.py:3239} INFO - Sync 1 DAGs
[2025-03-27T16:38:17.633+0000] {logging_mixin.py:190} INFO - [2025-03-27T16:38:17.633+0000] {dag.py:4180} INFO - Setting next_dagrun for tutorial_dag to None, run_after=None
[2025-03-27T16:38:17.682+0000] {processor.py:208} INFO - Processing /home/airflow/.local/lib/python3.12/site-packages/airflow/example_dags/tutorial_dag.py took 0.120 seconds
[2025-03-27T16:38:48.071+0000] {processor.py:186} INFO - Started process (PID=819) to work on /home/airflow/.local/lib/python3.12/site-packages/airflow/example_dags/tutorial_dag.py
[2025-03-27T16:38:48.073+0000] {processor.py:914} INFO - Processing file /home/airflow/.local/lib/python3.12/site-packages/airflow/example_dags/tutorial_dag.py for tasks to queue
[2025-03-27T16:38:48.077+0000] {logging_mixin.py:190} INFO - [2025-03-27T16:38:48.076+0000] {dagbag.py:588} INFO - Filling up the DagBag from /home/airflow/.local/lib/python3.12/site-packages/airflow/example_dags/tutorial_dag.py
[2025-03-27T16:38:48.089+0000] {processor.py:925} INFO - DAG(s) 'tutorial_dag' retrieved from /home/airflow/.local/lib/python3.12/site-packages/airflow/example_dags/tutorial_dag.py
[2025-03-27T16:38:48.112+0000] {logging_mixin.py:190} INFO - [2025-03-27T16:38:48.112+0000] {dag.py:3239} INFO - Sync 1 DAGs
[2025-03-27T16:38:48.128+0000] {logging_mixin.py:190} INFO - [2025-03-27T16:38:48.127+0000] {dag.py:4180} INFO - Setting next_dagrun for tutorial_dag to None, run_after=None
[2025-03-27T16:38:48.150+0000] {processor.py:208} INFO - Processing /home/airflow/.local/lib/python3.12/site-packages/airflow/example_dags/tutorial_dag.py took 0.087 seconds
[2025-03-27T16:39:19.113+0000] {processor.py:186} INFO - Started process (PID=884) to work on /home/airflow/.local/lib/python3.12/site-packages/airflow/example_dags/tutorial_dag.py
[2025-03-27T16:39:19.115+0000] {processor.py:914} INFO - Processing file /home/airflow/.local/lib/python3.12/site-packages/airflow/example_dags/tutorial_dag.py for tasks to queue
[2025-03-27T16:39:19.118+0000] {logging_mixin.py:190} INFO - [2025-03-27T16:39:19.117+0000] {dagbag.py:588} INFO - Filling up the DagBag from /home/airflow/.local/lib/python3.12/site-packages/airflow/example_dags/tutorial_dag.py
[2025-03-27T16:39:19.126+0000] {processor.py:925} INFO - DAG(s) 'tutorial_dag' retrieved from /home/airflow/.local/lib/python3.12/site-packages/airflow/example_dags/tutorial_dag.py
[2025-03-27T16:39:19.160+0000] {logging_mixin.py:190} INFO - [2025-03-27T16:39:19.159+0000] {dag.py:3239} INFO - Sync 1 DAGs
[2025-03-27T16:39:19.177+0000] {logging_mixin.py:190} INFO - [2025-03-27T16:39:19.177+0000] {dag.py:4180} INFO - Setting next_dagrun for tutorial_dag to None, run_after=None
[2025-03-27T16:39:19.211+0000] {processor.py:208} INFO - Processing /home/airflow/.local/lib/python3.12/site-packages/airflow/example_dags/tutorial_dag.py took 0.105 seconds
[2025-03-27T16:39:51.570+0000] {processor.py:186} INFO - Started process (PID=950) to work on /home/airflow/.local/lib/python3.12/site-packages/airflow/example_dags/tutorial_dag.py
[2025-03-27T16:39:51.573+0000] {processor.py:914} INFO - Processing file /home/airflow/.local/lib/python3.12/site-packages/airflow/example_dags/tutorial_dag.py for tasks to queue
[2025-03-27T16:39:51.593+0000] {logging_mixin.py:190} INFO - [2025-03-27T16:39:51.592+0000] {dagbag.py:588} INFO - Filling up the DagBag from /home/airflow/.local/lib/python3.12/site-packages/airflow/example_dags/tutorial_dag.py
[2025-03-27T16:39:51.616+0000] {processor.py:925} INFO - DAG(s) 'tutorial_dag' retrieved from /home/airflow/.local/lib/python3.12/site-packages/airflow/example_dags/tutorial_dag.py
[2025-03-27T16:39:51.659+0000] {logging_mixin.py:190} INFO - [2025-03-27T16:39:51.659+0000] {dag.py:3239} INFO - Sync 1 DAGs
[2025-03-27T16:39:51.679+0000] {logging_mixin.py:190} INFO - [2025-03-27T16:39:51.679+0000] {dag.py:4180} INFO - Setting next_dagrun for tutorial_dag to None, run_after=None
[2025-03-27T16:39:51.703+0000] {processor.py:208} INFO - Processing /home/airflow/.local/lib/python3.12/site-packages/airflow/example_dags/tutorial_dag.py took 0.146 seconds
[2025-03-27T16:40:22.631+0000] {processor.py:186} INFO - Started process (PID=1015) to work on /home/airflow/.local/lib/python3.12/site-packages/airflow/example_dags/tutorial_dag.py
[2025-03-27T16:40:22.632+0000] {processor.py:914} INFO - Processing file /home/airflow/.local/lib/python3.12/site-packages/airflow/example_dags/tutorial_dag.py for tasks to queue
[2025-03-27T16:40:22.635+0000] {logging_mixin.py:190} INFO - [2025-03-27T16:40:22.634+0000] {dagbag.py:588} INFO - Filling up the DagBag from /home/airflow/.local/lib/python3.12/site-packages/airflow/example_dags/tutorial_dag.py
[2025-03-27T16:40:22.649+0000] {processor.py:925} INFO - DAG(s) 'tutorial_dag' retrieved from /home/airflow/.local/lib/python3.12/site-packages/airflow/example_dags/tutorial_dag.py
[2025-03-27T16:40:22.694+0000] {logging_mixin.py:190} INFO - [2025-03-27T16:40:22.693+0000] {dag.py:3239} INFO - Sync 1 DAGs
[2025-03-27T16:40:22.714+0000] {logging_mixin.py:190} INFO - [2025-03-27T16:40:22.714+0000] {dag.py:4180} INFO - Setting next_dagrun for tutorial_dag to None, run_after=None
[2025-03-27T16:40:22.746+0000] {processor.py:208} INFO - Processing /home/airflow/.local/lib/python3.12/site-packages/airflow/example_dags/tutorial_dag.py took 0.121 seconds
[2025-03-27T16:40:53.279+0000] {processor.py:186} INFO - Started process (PID=1080) to work on /home/airflow/.local/lib/python3.12/site-packages/airflow/example_dags/tutorial_dag.py
[2025-03-27T16:40:53.281+0000] {processor.py:914} INFO - Processing file /home/airflow/.local/lib/python3.12/site-packages/airflow/example_dags/tutorial_dag.py for tasks to queue
[2025-03-27T16:40:53.284+0000] {logging_mixin.py:190} INFO - [2025-03-27T16:40:53.284+0000] {dagbag.py:588} INFO - Filling up the DagBag from /home/airflow/.local/lib/python3.12/site-packages/airflow/example_dags/tutorial_dag.py
[2025-03-27T16:40:53.298+0000] {processor.py:925} INFO - DAG(s) 'tutorial_dag' retrieved from /home/airflow/.local/lib/python3.12/site-packages/airflow/example_dags/tutorial_dag.py
[2025-03-27T16:40:53.338+0000] {logging_mixin.py:190} INFO - [2025-03-27T16:40:53.338+0000] {dag.py:3239} INFO - Sync 1 DAGs
[2025-03-27T16:40:53.361+0000] {logging_mixin.py:190} INFO - [2025-03-27T16:40:53.361+0000] {dag.py:4180} INFO - Setting next_dagrun for tutorial_dag to None, run_after=None
[2025-03-27T16:40:53.384+0000] {processor.py:208} INFO - Processing /home/airflow/.local/lib/python3.12/site-packages/airflow/example_dags/tutorial_dag.py took 0.115 seconds
[2025-03-27T16:41:24.260+0000] {processor.py:186} INFO - Started process (PID=1144) to work on /home/airflow/.local/lib/python3.12/site-packages/airflow/example_dags/tutorial_dag.py
[2025-03-27T16:41:24.262+0000] {processor.py:914} INFO - Processing file /home/airflow/.local/lib/python3.12/site-packages/airflow/example_dags/tutorial_dag.py for tasks to queue
[2025-03-27T16:41:24.267+0000] {logging_mixin.py:190} INFO - [2025-03-27T16:41:24.267+0000] {dagbag.py:588} INFO - Filling up the DagBag from /home/airflow/.local/lib/python3.12/site-packages/airflow/example_dags/tutorial_dag.py
[2025-03-27T16:41:24.284+0000] {processor.py:925} INFO - DAG(s) 'tutorial_dag' retrieved from /home/airflow/.local/lib/python3.12/site-packages/airflow/example_dags/tutorial_dag.py
[2025-03-27T16:41:24.327+0000] {logging_mixin.py:190} INFO - [2025-03-27T16:41:24.327+0000] {dag.py:3239} INFO - Sync 1 DAGs
[2025-03-27T16:41:24.347+0000] {logging_mixin.py:190} INFO - [2025-03-27T16:41:24.347+0000] {dag.py:4180} INFO - Setting next_dagrun for tutorial_dag to None, run_after=None
[2025-03-27T16:41:24.372+0000] {processor.py:208} INFO - Processing /home/airflow/.local/lib/python3.12/site-packages/airflow/example_dags/tutorial_dag.py took 0.127 seconds
[2025-03-27T16:41:55.143+0000] {processor.py:186} INFO - Started process (PID=1210) to work on /home/airflow/.local/lib/python3.12/site-packages/airflow/example_dags/tutorial_dag.py
[2025-03-27T16:41:55.146+0000] {processor.py:914} INFO - Processing file /home/airflow/.local/lib/python3.12/site-packages/airflow/example_dags/tutorial_dag.py for tasks to queue
[2025-03-27T16:41:55.154+0000] {logging_mixin.py:190} INFO - [2025-03-27T16:41:55.153+0000] {dagbag.py:588} INFO - Filling up the DagBag from /home/airflow/.local/lib/python3.12/site-packages/airflow/example_dags/tutorial_dag.py
[2025-03-27T16:41:55.170+0000] {processor.py:925} INFO - DAG(s) 'tutorial_dag' retrieved from /home/airflow/.local/lib/python3.12/site-packages/airflow/example_dags/tutorial_dag.py
[2025-03-27T16:41:55.210+0000] {logging_mixin.py:190} INFO - [2025-03-27T16:41:55.209+0000] {dag.py:3239} INFO - Sync 1 DAGs
[2025-03-27T16:41:55.258+0000] {logging_mixin.py:190} INFO - [2025-03-27T16:41:55.258+0000] {dag.py:4180} INFO - Setting next_dagrun for tutorial_dag to None, run_after=None
[2025-03-27T16:41:55.366+0000] {processor.py:208} INFO - Processing /home/airflow/.local/lib/python3.12/site-packages/airflow/example_dags/tutorial_dag.py took 0.235 seconds
[2025-03-27T16:42:25.614+0000] {processor.py:186} INFO - Started process (PID=1276) to work on /home/airflow/.local/lib/python3.12/site-packages/airflow/example_dags/tutorial_dag.py
[2025-03-27T16:42:25.617+0000] {processor.py:914} INFO - Processing file /home/airflow/.local/lib/python3.12/site-packages/airflow/example_dags/tutorial_dag.py for tasks to queue
[2025-03-27T16:42:25.620+0000] {logging_mixin.py:190} INFO - [2025-03-27T16:42:25.620+0000] {dagbag.py:588} INFO - Filling up the DagBag from /home/airflow/.local/lib/python3.12/site-packages/airflow/example_dags/tutorial_dag.py
[2025-03-27T16:42:25.629+0000] {processor.py:925} INFO - DAG(s) 'tutorial_dag' retrieved from /home/airflow/.local/lib/python3.12/site-packages/airflow/example_dags/tutorial_dag.py
[2025-03-27T16:42:25.651+0000] {logging_mixin.py:190} INFO - [2025-03-27T16:42:25.651+0000] {dag.py:3239} INFO - Sync 1 DAGs
[2025-03-27T16:42:25.667+0000] {logging_mixin.py:190} INFO - [2025-03-27T16:42:25.667+0000] {dag.py:4180} INFO - Setting next_dagrun for tutorial_dag to None, run_after=None
[2025-03-27T16:42:25.690+0000] {processor.py:208} INFO - Processing /home/airflow/.local/lib/python3.12/site-packages/airflow/example_dags/tutorial_dag.py took 0.082 seconds
[2025-03-27T16:42:56.307+0000] {processor.py:186} INFO - Started process (PID=1341) to work on /home/airflow/.local/lib/python3.12/site-packages/airflow/example_dags/tutorial_dag.py
[2025-03-27T16:42:56.308+0000] {processor.py:914} INFO - Processing file /home/airflow/.local/lib/python3.12/site-packages/airflow/example_dags/tutorial_dag.py for tasks to queue
[2025-03-27T16:42:56.312+0000] {logging_mixin.py:190} INFO - [2025-03-27T16:42:56.311+0000] {dagbag.py:588} INFO - Filling up the DagBag from /home/airflow/.local/lib/python3.12/site-packages/airflow/example_dags/tutorial_dag.py
[2025-03-27T16:42:56.320+0000] {processor.py:925} INFO - DAG(s) 'tutorial_dag' retrieved from /home/airflow/.local/lib/python3.12/site-packages/airflow/example_dags/tutorial_dag.py
[2025-03-27T16:42:56.344+0000] {logging_mixin.py:190} INFO - [2025-03-27T16:42:56.344+0000] {dag.py:3239} INFO - Sync 1 DAGs
[2025-03-27T16:42:56.362+0000] {logging_mixin.py:190} INFO - [2025-03-27T16:42:56.362+0000] {dag.py:4180} INFO - Setting next_dagrun for tutorial_dag to None, run_after=None
[2025-03-27T16:42:56.386+0000] {processor.py:208} INFO - Processing /home/airflow/.local/lib/python3.12/site-packages/airflow/example_dags/tutorial_dag.py took 0.086 seconds
[2025-03-27T16:43:26.489+0000] {processor.py:186} INFO - Started process (PID=1405) to work on /home/airflow/.local/lib/python3.12/site-packages/airflow/example_dags/tutorial_dag.py
[2025-03-27T16:43:26.490+0000] {processor.py:914} INFO - Processing file /home/airflow/.local/lib/python3.12/site-packages/airflow/example_dags/tutorial_dag.py for tasks to queue
[2025-03-27T16:43:26.493+0000] {logging_mixin.py:190} INFO - [2025-03-27T16:43:26.492+0000] {dagbag.py:588} INFO - Filling up the DagBag from /home/airflow/.local/lib/python3.12/site-packages/airflow/example_dags/tutorial_dag.py
[2025-03-27T16:43:26.500+0000] {processor.py:925} INFO - DAG(s) 'tutorial_dag' retrieved from /home/airflow/.local/lib/python3.12/site-packages/airflow/example_dags/tutorial_dag.py
[2025-03-27T16:43:26.524+0000] {logging_mixin.py:190} INFO - [2025-03-27T16:43:26.524+0000] {dag.py:3239} INFO - Sync 1 DAGs
[2025-03-27T16:43:26.542+0000] {logging_mixin.py:190} INFO - [2025-03-27T16:43:26.541+0000] {dag.py:4180} INFO - Setting next_dagrun for tutorial_dag to None, run_after=None
[2025-03-27T16:43:26.562+0000] {processor.py:208} INFO - Processing /home/airflow/.local/lib/python3.12/site-packages/airflow/example_dags/tutorial_dag.py took 0.079 seconds
[2025-03-27T16:43:57.015+0000] {processor.py:186} INFO - Started process (PID=1471) to work on /home/airflow/.local/lib/python3.12/site-packages/airflow/example_dags/tutorial_dag.py
[2025-03-27T16:43:57.017+0000] {processor.py:914} INFO - Processing file /home/airflow/.local/lib/python3.12/site-packages/airflow/example_dags/tutorial_dag.py for tasks to queue
[2025-03-27T16:43:57.020+0000] {logging_mixin.py:190} INFO - [2025-03-27T16:43:57.020+0000] {dagbag.py:588} INFO - Filling up the DagBag from /home/airflow/.local/lib/python3.12/site-packages/airflow/example_dags/tutorial_dag.py
[2025-03-27T16:43:57.029+0000] {processor.py:925} INFO - DAG(s) 'tutorial_dag' retrieved from /home/airflow/.local/lib/python3.12/site-packages/airflow/example_dags/tutorial_dag.py
[2025-03-27T16:43:57.057+0000] {logging_mixin.py:190} INFO - [2025-03-27T16:43:57.056+0000] {dag.py:3239} INFO - Sync 1 DAGs
[2025-03-27T16:43:57.074+0000] {logging_mixin.py:190} INFO - [2025-03-27T16:43:57.074+0000] {dag.py:4180} INFO - Setting next_dagrun for tutorial_dag to None, run_after=None
[2025-03-27T16:43:57.100+0000] {processor.py:208} INFO - Processing /home/airflow/.local/lib/python3.12/site-packages/airflow/example_dags/tutorial_dag.py took 0.096 seconds
[2025-03-27T16:44:27.413+0000] {processor.py:186} INFO - Started process (PID=1537) to work on /home/airflow/.local/lib/python3.12/site-packages/airflow/example_dags/tutorial_dag.py
[2025-03-27T16:44:27.415+0000] {processor.py:914} INFO - Processing file /home/airflow/.local/lib/python3.12/site-packages/airflow/example_dags/tutorial_dag.py for tasks to queue
[2025-03-27T16:44:27.417+0000] {logging_mixin.py:190} INFO - [2025-03-27T16:44:27.417+0000] {dagbag.py:588} INFO - Filling up the DagBag from /home/airflow/.local/lib/python3.12/site-packages/airflow/example_dags/tutorial_dag.py
[2025-03-27T16:44:27.425+0000] {processor.py:925} INFO - DAG(s) 'tutorial_dag' retrieved from /home/airflow/.local/lib/python3.12/site-packages/airflow/example_dags/tutorial_dag.py
[2025-03-27T16:44:27.462+0000] {logging_mixin.py:190} INFO - [2025-03-27T16:44:27.462+0000] {dag.py:3239} INFO - Sync 1 DAGs
[2025-03-27T16:44:27.484+0000] {logging_mixin.py:190} INFO - [2025-03-27T16:44:27.484+0000] {dag.py:4180} INFO - Setting next_dagrun for tutorial_dag to None, run_after=None
[2025-03-27T16:44:27.515+0000] {processor.py:208} INFO - Processing /home/airflow/.local/lib/python3.12/site-packages/airflow/example_dags/tutorial_dag.py took 0.110 seconds
[2025-03-27T16:44:57.856+0000] {processor.py:186} INFO - Started process (PID=1602) to work on /home/airflow/.local/lib/python3.12/site-packages/airflow/example_dags/tutorial_dag.py
[2025-03-27T16:44:57.858+0000] {processor.py:914} INFO - Processing file /home/airflow/.local/lib/python3.12/site-packages/airflow/example_dags/tutorial_dag.py for tasks to queue
[2025-03-27T16:44:57.861+0000] {logging_mixin.py:190} INFO - [2025-03-27T16:44:57.860+0000] {dagbag.py:588} INFO - Filling up the DagBag from /home/airflow/.local/lib/python3.12/site-packages/airflow/example_dags/tutorial_dag.py
[2025-03-27T16:44:57.869+0000] {processor.py:925} INFO - DAG(s) 'tutorial_dag' retrieved from /home/airflow/.local/lib/python3.12/site-packages/airflow/example_dags/tutorial_dag.py
[2025-03-27T16:44:57.899+0000] {logging_mixin.py:190} INFO - [2025-03-27T16:44:57.898+0000] {dag.py:3239} INFO - Sync 1 DAGs
[2025-03-27T16:44:57.928+0000] {logging_mixin.py:190} INFO - [2025-03-27T16:44:57.928+0000] {dag.py:4180} INFO - Setting next_dagrun for tutorial_dag to None, run_after=None
[2025-03-27T16:44:57.962+0000] {processor.py:208} INFO - Processing /home/airflow/.local/lib/python3.12/site-packages/airflow/example_dags/tutorial_dag.py took 0.114 seconds
[2025-03-27T16:45:28.808+0000] {processor.py:186} INFO - Started process (PID=1673) to work on /home/airflow/.local/lib/python3.12/site-packages/airflow/example_dags/tutorial_dag.py
[2025-03-27T16:45:28.809+0000] {processor.py:914} INFO - Processing file /home/airflow/.local/lib/python3.12/site-packages/airflow/example_dags/tutorial_dag.py for tasks to queue
[2025-03-27T16:45:28.812+0000] {logging_mixin.py:190} INFO - [2025-03-27T16:45:28.812+0000] {dagbag.py:588} INFO - Filling up the DagBag from /home/airflow/.local/lib/python3.12/site-packages/airflow/example_dags/tutorial_dag.py
[2025-03-27T16:45:28.820+0000] {processor.py:925} INFO - DAG(s) 'tutorial_dag' retrieved from /home/airflow/.local/lib/python3.12/site-packages/airflow/example_dags/tutorial_dag.py
[2025-03-27T16:45:28.842+0000] {logging_mixin.py:190} INFO - [2025-03-27T16:45:28.841+0000] {dag.py:3239} INFO - Sync 1 DAGs
[2025-03-27T16:45:28.861+0000] {logging_mixin.py:190} INFO - [2025-03-27T16:45:28.861+0000] {dag.py:4180} INFO - Setting next_dagrun for tutorial_dag to None, run_after=None
[2025-03-27T16:45:28.883+0000] {processor.py:208} INFO - Processing /home/airflow/.local/lib/python3.12/site-packages/airflow/example_dags/tutorial_dag.py took 0.082 seconds
[2025-03-27T16:45:59.408+0000] {processor.py:186} INFO - Started process (PID=1738) to work on /home/airflow/.local/lib/python3.12/site-packages/airflow/example_dags/tutorial_dag.py
[2025-03-27T16:45:59.409+0000] {processor.py:914} INFO - Processing file /home/airflow/.local/lib/python3.12/site-packages/airflow/example_dags/tutorial_dag.py for tasks to queue
[2025-03-27T16:45:59.412+0000] {logging_mixin.py:190} INFO - [2025-03-27T16:45:59.412+0000] {dagbag.py:588} INFO - Filling up the DagBag from /home/airflow/.local/lib/python3.12/site-packages/airflow/example_dags/tutorial_dag.py
[2025-03-27T16:45:59.421+0000] {processor.py:925} INFO - DAG(s) 'tutorial_dag' retrieved from /home/airflow/.local/lib/python3.12/site-packages/airflow/example_dags/tutorial_dag.py
[2025-03-27T16:45:59.445+0000] {logging_mixin.py:190} INFO - [2025-03-27T16:45:59.444+0000] {dag.py:3239} INFO - Sync 1 DAGs
[2025-03-27T16:45:59.463+0000] {logging_mixin.py:190} INFO - [2025-03-27T16:45:59.462+0000] {dag.py:4180} INFO - Setting next_dagrun for tutorial_dag to None, run_after=None
[2025-03-27T16:45:59.488+0000] {processor.py:208} INFO - Processing /home/airflow/.local/lib/python3.12/site-packages/airflow/example_dags/tutorial_dag.py took 0.087 seconds
[2025-03-27T16:46:30.233+0000] {processor.py:186} INFO - Started process (PID=1803) to work on /home/airflow/.local/lib/python3.12/site-packages/airflow/example_dags/tutorial_dag.py
[2025-03-27T16:46:30.235+0000] {processor.py:914} INFO - Processing file /home/airflow/.local/lib/python3.12/site-packages/airflow/example_dags/tutorial_dag.py for tasks to queue
[2025-03-27T16:46:30.242+0000] {logging_mixin.py:190} INFO - [2025-03-27T16:46:30.240+0000] {dagbag.py:588} INFO - Filling up the DagBag from /home/airflow/.local/lib/python3.12/site-packages/airflow/example_dags/tutorial_dag.py
[2025-03-27T16:46:30.282+0000] {processor.py:925} INFO - DAG(s) 'tutorial_dag' retrieved from /home/airflow/.local/lib/python3.12/site-packages/airflow/example_dags/tutorial_dag.py
[2025-03-27T16:46:30.323+0000] {logging_mixin.py:190} INFO - [2025-03-27T16:46:30.323+0000] {dag.py:3239} INFO - Sync 1 DAGs
[2025-03-27T16:46:30.341+0000] {logging_mixin.py:190} INFO - [2025-03-27T16:46:30.341+0000] {dag.py:4180} INFO - Setting next_dagrun for tutorial_dag to None, run_after=None
[2025-03-27T16:46:30.376+0000] {processor.py:208} INFO - Processing /home/airflow/.local/lib/python3.12/site-packages/airflow/example_dags/tutorial_dag.py took 0.153 seconds
[2025-03-27T16:47:01.230+0000] {processor.py:186} INFO - Started process (PID=1867) to work on /home/airflow/.local/lib/python3.12/site-packages/airflow/example_dags/tutorial_dag.py
[2025-03-27T16:47:01.232+0000] {processor.py:914} INFO - Processing file /home/airflow/.local/lib/python3.12/site-packages/airflow/example_dags/tutorial_dag.py for tasks to queue
[2025-03-27T16:47:01.235+0000] {logging_mixin.py:190} INFO - [2025-03-27T16:47:01.235+0000] {dagbag.py:588} INFO - Filling up the DagBag from /home/airflow/.local/lib/python3.12/site-packages/airflow/example_dags/tutorial_dag.py
[2025-03-27T16:47:01.246+0000] {processor.py:925} INFO - DAG(s) 'tutorial_dag' retrieved from /home/airflow/.local/lib/python3.12/site-packages/airflow/example_dags/tutorial_dag.py
[2025-03-27T16:47:01.266+0000] {logging_mixin.py:190} INFO - [2025-03-27T16:47:01.266+0000] {dag.py:3239} INFO - Sync 1 DAGs
[2025-03-27T16:47:01.283+0000] {logging_mixin.py:190} INFO - [2025-03-27T16:47:01.282+0000] {dag.py:4180} INFO - Setting next_dagrun for tutorial_dag to None, run_after=None
[2025-03-27T16:47:01.303+0000] {processor.py:208} INFO - Processing /home/airflow/.local/lib/python3.12/site-packages/airflow/example_dags/tutorial_dag.py took 0.080 seconds
[2025-03-27T16:47:31.550+0000] {processor.py:186} INFO - Started process (PID=1932) to work on /home/airflow/.local/lib/python3.12/site-packages/airflow/example_dags/tutorial_dag.py
[2025-03-27T16:47:31.552+0000] {processor.py:914} INFO - Processing file /home/airflow/.local/lib/python3.12/site-packages/airflow/example_dags/tutorial_dag.py for tasks to queue
[2025-03-27T16:47:31.554+0000] {logging_mixin.py:190} INFO - [2025-03-27T16:47:31.554+0000] {dagbag.py:588} INFO - Filling up the DagBag from /home/airflow/.local/lib/python3.12/site-packages/airflow/example_dags/tutorial_dag.py
[2025-03-27T16:47:31.563+0000] {processor.py:925} INFO - DAG(s) 'tutorial_dag' retrieved from /home/airflow/.local/lib/python3.12/site-packages/airflow/example_dags/tutorial_dag.py
[2025-03-27T16:47:31.588+0000] {logging_mixin.py:190} INFO - [2025-03-27T16:47:31.587+0000] {dag.py:3239} INFO - Sync 1 DAGs
[2025-03-27T16:47:31.604+0000] {logging_mixin.py:190} INFO - [2025-03-27T16:47:31.603+0000] {dag.py:4180} INFO - Setting next_dagrun for tutorial_dag to None, run_after=None
[2025-03-27T16:47:31.627+0000] {processor.py:208} INFO - Processing /home/airflow/.local/lib/python3.12/site-packages/airflow/example_dags/tutorial_dag.py took 0.083 seconds
[2025-03-27T16:48:02.607+0000] {processor.py:186} INFO - Started process (PID=1997) to work on /home/airflow/.local/lib/python3.12/site-packages/airflow/example_dags/tutorial_dag.py
[2025-03-27T16:48:02.609+0000] {processor.py:914} INFO - Processing file /home/airflow/.local/lib/python3.12/site-packages/airflow/example_dags/tutorial_dag.py for tasks to queue
[2025-03-27T16:48:02.612+0000] {logging_mixin.py:190} INFO - [2025-03-27T16:48:02.612+0000] {dagbag.py:588} INFO - Filling up the DagBag from /home/airflow/.local/lib/python3.12/site-packages/airflow/example_dags/tutorial_dag.py
[2025-03-27T16:48:02.621+0000] {processor.py:925} INFO - DAG(s) 'tutorial_dag' retrieved from /home/airflow/.local/lib/python3.12/site-packages/airflow/example_dags/tutorial_dag.py
[2025-03-27T16:48:02.642+0000] {logging_mixin.py:190} INFO - [2025-03-27T16:48:02.641+0000] {dag.py:3239} INFO - Sync 1 DAGs
[2025-03-27T16:48:02.663+0000] {logging_mixin.py:190} INFO - [2025-03-27T16:48:02.663+0000] {dag.py:4180} INFO - Setting next_dagrun for tutorial_dag to None, run_after=None
[2025-03-27T16:48:02.694+0000] {processor.py:208} INFO - Processing /home/airflow/.local/lib/python3.12/site-packages/airflow/example_dags/tutorial_dag.py took 0.097 seconds
[2025-03-27T16:48:33.506+0000] {processor.py:186} INFO - Started process (PID=2062) to work on /home/airflow/.local/lib/python3.12/site-packages/airflow/example_dags/tutorial_dag.py
[2025-03-27T16:48:33.507+0000] {processor.py:914} INFO - Processing file /home/airflow/.local/lib/python3.12/site-packages/airflow/example_dags/tutorial_dag.py for tasks to queue
[2025-03-27T16:48:33.513+0000] {logging_mixin.py:190} INFO - [2025-03-27T16:48:33.512+0000] {dagbag.py:588} INFO - Filling up the DagBag from /home/airflow/.local/lib/python3.12/site-packages/airflow/example_dags/tutorial_dag.py
[2025-03-27T16:48:33.524+0000] {processor.py:925} INFO - DAG(s) 'tutorial_dag' retrieved from /home/airflow/.local/lib/python3.12/site-packages/airflow/example_dags/tutorial_dag.py
[2025-03-27T16:48:33.549+0000] {logging_mixin.py:190} INFO - [2025-03-27T16:48:33.549+0000] {dag.py:3239} INFO - Sync 1 DAGs
[2025-03-27T16:48:33.565+0000] {logging_mixin.py:190} INFO - [2025-03-27T16:48:33.565+0000] {dag.py:4180} INFO - Setting next_dagrun for tutorial_dag to None, run_after=None
[2025-03-27T16:48:33.590+0000] {processor.py:208} INFO - Processing /home/airflow/.local/lib/python3.12/site-packages/airflow/example_dags/tutorial_dag.py took 0.092 seconds
[2025-03-27T16:49:03.752+0000] {processor.py:186} INFO - Started process (PID=2127) to work on /home/airflow/.local/lib/python3.12/site-packages/airflow/example_dags/tutorial_dag.py
[2025-03-27T16:49:03.754+0000] {processor.py:914} INFO - Processing file /home/airflow/.local/lib/python3.12/site-packages/airflow/example_dags/tutorial_dag.py for tasks to queue
[2025-03-27T16:49:03.757+0000] {logging_mixin.py:190} INFO - [2025-03-27T16:49:03.757+0000] {dagbag.py:588} INFO - Filling up the DagBag from /home/airflow/.local/lib/python3.12/site-packages/airflow/example_dags/tutorial_dag.py
[2025-03-27T16:49:03.766+0000] {processor.py:925} INFO - DAG(s) 'tutorial_dag' retrieved from /home/airflow/.local/lib/python3.12/site-packages/airflow/example_dags/tutorial_dag.py
[2025-03-27T16:49:03.800+0000] {logging_mixin.py:190} INFO - [2025-03-27T16:49:03.799+0000] {dag.py:3239} INFO - Sync 1 DAGs
[2025-03-27T16:49:03.820+0000] {logging_mixin.py:190} INFO - [2025-03-27T16:49:03.820+0000] {dag.py:4180} INFO - Setting next_dagrun for tutorial_dag to None, run_after=None
[2025-03-27T16:49:03.842+0000] {processor.py:208} INFO - Processing /home/airflow/.local/lib/python3.12/site-packages/airflow/example_dags/tutorial_dag.py took 0.097 seconds
[2025-03-27T16:49:34.131+0000] {processor.py:186} INFO - Started process (PID=2192) to work on /home/airflow/.local/lib/python3.12/site-packages/airflow/example_dags/tutorial_dag.py
[2025-03-27T16:49:34.133+0000] {processor.py:914} INFO - Processing file /home/airflow/.local/lib/python3.12/site-packages/airflow/example_dags/tutorial_dag.py for tasks to queue
[2025-03-27T16:49:34.135+0000] {logging_mixin.py:190} INFO - [2025-03-27T16:49:34.135+0000] {dagbag.py:588} INFO - Filling up the DagBag from /home/airflow/.local/lib/python3.12/site-packages/airflow/example_dags/tutorial_dag.py
[2025-03-27T16:49:34.142+0000] {processor.py:925} INFO - DAG(s) 'tutorial_dag' retrieved from /home/airflow/.local/lib/python3.12/site-packages/airflow/example_dags/tutorial_dag.py
[2025-03-27T16:49:34.165+0000] {logging_mixin.py:190} INFO - [2025-03-27T16:49:34.165+0000] {dag.py:3239} INFO - Sync 1 DAGs
[2025-03-27T16:49:34.182+0000] {logging_mixin.py:190} INFO - [2025-03-27T16:49:34.182+0000] {dag.py:4180} INFO - Setting next_dagrun for tutorial_dag to None, run_after=None
[2025-03-27T16:49:34.202+0000] {processor.py:208} INFO - Processing /home/airflow/.local/lib/python3.12/site-packages/airflow/example_dags/tutorial_dag.py took 0.077 seconds
[2025-03-27T16:50:05.200+0000] {processor.py:186} INFO - Started process (PID=2257) to work on /home/airflow/.local/lib/python3.12/site-packages/airflow/example_dags/tutorial_dag.py
[2025-03-27T16:50:05.202+0000] {processor.py:914} INFO - Processing file /home/airflow/.local/lib/python3.12/site-packages/airflow/example_dags/tutorial_dag.py for tasks to queue
[2025-03-27T16:50:05.204+0000] {logging_mixin.py:190} INFO - [2025-03-27T16:50:05.204+0000] {dagbag.py:588} INFO - Filling up the DagBag from /home/airflow/.local/lib/python3.12/site-packages/airflow/example_dags/tutorial_dag.py
[2025-03-27T16:50:05.213+0000] {processor.py:925} INFO - DAG(s) 'tutorial_dag' retrieved from /home/airflow/.local/lib/python3.12/site-packages/airflow/example_dags/tutorial_dag.py
[2025-03-27T16:50:05.251+0000] {logging_mixin.py:190} INFO - [2025-03-27T16:50:05.250+0000] {dag.py:3239} INFO - Sync 1 DAGs
[2025-03-27T16:50:05.275+0000] {logging_mixin.py:190} INFO - [2025-03-27T16:50:05.275+0000] {dag.py:4180} INFO - Setting next_dagrun for tutorial_dag to None, run_after=None
[2025-03-27T16:50:05.296+0000] {processor.py:208} INFO - Processing /home/airflow/.local/lib/python3.12/site-packages/airflow/example_dags/tutorial_dag.py took 0.108 seconds
[2025-03-27T16:50:35.759+0000] {processor.py:186} INFO - Started process (PID=2322) to work on /home/airflow/.local/lib/python3.12/site-packages/airflow/example_dags/tutorial_dag.py
[2025-03-27T16:50:35.760+0000] {processor.py:914} INFO - Processing file /home/airflow/.local/lib/python3.12/site-packages/airflow/example_dags/tutorial_dag.py for tasks to queue
[2025-03-27T16:50:35.765+0000] {logging_mixin.py:190} INFO - [2025-03-27T16:50:35.764+0000] {dagbag.py:588} INFO - Filling up the DagBag from /home/airflow/.local/lib/python3.12/site-packages/airflow/example_dags/tutorial_dag.py
[2025-03-27T16:50:35.780+0000] {processor.py:925} INFO - DAG(s) 'tutorial_dag' retrieved from /home/airflow/.local/lib/python3.12/site-packages/airflow/example_dags/tutorial_dag.py
[2025-03-27T16:50:35.813+0000] {logging_mixin.py:190} INFO - [2025-03-27T16:50:35.813+0000] {dag.py:3239} INFO - Sync 1 DAGs
[2025-03-27T16:50:35.829+0000] {logging_mixin.py:190} INFO - [2025-03-27T16:50:35.829+0000] {dag.py:4180} INFO - Setting next_dagrun for tutorial_dag to None, run_after=None
[2025-03-27T16:50:35.856+0000] {processor.py:208} INFO - Processing /home/airflow/.local/lib/python3.12/site-packages/airflow/example_dags/tutorial_dag.py took 0.114 seconds
[2025-03-27T16:51:07.677+0000] {processor.py:186} INFO - Started process (PID=2386) to work on /home/airflow/.local/lib/python3.12/site-packages/airflow/example_dags/tutorial_dag.py
[2025-03-27T16:51:07.680+0000] {processor.py:914} INFO - Processing file /home/airflow/.local/lib/python3.12/site-packages/airflow/example_dags/tutorial_dag.py for tasks to queue
[2025-03-27T16:51:07.683+0000] {logging_mixin.py:190} INFO - [2025-03-27T16:51:07.683+0000] {dagbag.py:588} INFO - Filling up the DagBag from /home/airflow/.local/lib/python3.12/site-packages/airflow/example_dags/tutorial_dag.py
[2025-03-27T16:51:07.691+0000] {processor.py:925} INFO - DAG(s) 'tutorial_dag' retrieved from /home/airflow/.local/lib/python3.12/site-packages/airflow/example_dags/tutorial_dag.py
[2025-03-27T16:51:07.715+0000] {logging_mixin.py:190} INFO - [2025-03-27T16:51:07.715+0000] {dag.py:3239} INFO - Sync 1 DAGs
[2025-03-27T16:51:07.731+0000] {logging_mixin.py:190} INFO - [2025-03-27T16:51:07.731+0000] {dag.py:4180} INFO - Setting next_dagrun for tutorial_dag to None, run_after=None
[2025-03-27T16:51:07.758+0000] {processor.py:208} INFO - Processing /home/airflow/.local/lib/python3.12/site-packages/airflow/example_dags/tutorial_dag.py took 0.088 seconds
[2025-03-27T16:53:05.438+0000] {processor.py:186} INFO - Started process (PID=128) to work on /home/airflow/.local/lib/python3.12/site-packages/airflow/example_dags/tutorial_dag.py
[2025-03-27T16:53:05.439+0000] {processor.py:914} INFO - Processing file /home/airflow/.local/lib/python3.12/site-packages/airflow/example_dags/tutorial_dag.py for tasks to queue
[2025-03-27T16:53:05.443+0000] {logging_mixin.py:190} INFO - [2025-03-27T16:53:05.442+0000] {dagbag.py:588} INFO - Filling up the DagBag from /home/airflow/.local/lib/python3.12/site-packages/airflow/example_dags/tutorial_dag.py
[2025-03-27T16:53:05.453+0000] {processor.py:925} INFO - DAG(s) 'tutorial_dag' retrieved from /home/airflow/.local/lib/python3.12/site-packages/airflow/example_dags/tutorial_dag.py
[2025-03-27T16:53:05.482+0000] {logging_mixin.py:190} INFO - [2025-03-27T16:53:05.482+0000] {dag.py:3239} INFO - Sync 1 DAGs
[2025-03-27T16:53:05.506+0000] {logging_mixin.py:190} INFO - [2025-03-27T16:53:05.506+0000] {dag.py:4180} INFO - Setting next_dagrun for tutorial_dag to None, run_after=None
[2025-03-27T16:53:05.535+0000] {processor.py:208} INFO - Processing /home/airflow/.local/lib/python3.12/site-packages/airflow/example_dags/tutorial_dag.py took 0.104 seconds
