[2025-03-27T19:17:58.990+0000] {local_task_job_runner.py:123} INFO - ::group::Pre task execution logs
[2025-03-27T19:17:59.024+0000] {taskinstance.py:2614} INFO - Dependencies all met for dep_context=non-requeueable deps ti=<TaskInstance: iris_etl_dag.load_data_task manual__2025-03-27T19:17:52.189330+00:00 [queued]>
[2025-03-27T19:17:59.044+0000] {taskinstance.py:2614} INFO - Dependencies all met for dep_context=requeueable deps ti=<TaskInstance: iris_etl_dag.load_data_task manual__2025-03-27T19:17:52.189330+00:00 [queued]>
[2025-03-27T19:17:59.045+0000] {taskinstance.py:2867} INFO - Starting attempt 1 of 2
[2025-03-27T19:17:59.063+0000] {taskinstance.py:2890} INFO - Executing <Task(PythonOperator): load_data_task> on 2025-03-27 19:17:52.189330+00:00
[2025-03-27T19:17:59.072+0000] {warnings.py:112} WARNING - /home/***/.local/lib/python3.12/site-packages/***/task/task_runner/standard_task_runner.py:70: DeprecationWarning: This process (pid=1968) is multi-threaded, use of fork() may lead to deadlocks in the child.
  pid = os.fork()

[2025-03-27T19:17:59.074+0000] {standard_task_runner.py:72} INFO - Started process 1970 to run task
[2025-03-27T19:17:59.075+0000] {standard_task_runner.py:104} INFO - Running: ['***', 'tasks', 'run', 'iris_etl_dag', 'load_data_task', 'manual__2025-03-27T19:17:52.189330+00:00', '--job-id', '33', '--raw', '--subdir', 'DAGS_FOLDER/data_processing_dag.py', '--cfg-path', '/tmp/tmp9ql878hh']
[2025-03-27T19:17:59.080+0000] {standard_task_runner.py:105} INFO - Job 33: Subtask load_data_task
[2025-03-27T19:17:59.161+0000] {task_command.py:467} INFO - Running <TaskInstance: iris_etl_dag.load_data_task manual__2025-03-27T19:17:52.189330+00:00 [running]> on host 30443a3118d8
[2025-03-27T19:17:59.282+0000] {taskinstance.py:3134} INFO - Exporting env vars: AIRFLOW_CTX_DAG_EMAIL='sergendel@gmail.com' AIRFLOW_CTX_DAG_OWNER='***' AIRFLOW_CTX_DAG_ID='iris_etl_dag' AIRFLOW_CTX_TASK_ID='load_data_task' AIRFLOW_CTX_EXECUTION_DATE='2025-03-27T19:17:52.189330+00:00' AIRFLOW_CTX_TRY_NUMBER='1' AIRFLOW_CTX_DAG_RUN_ID='manual__2025-03-27T19:17:52.189330+00:00'
[2025-03-27T19:17:59.283+0000] {taskinstance.py:732} INFO - ::endgroup::
[2025-03-27T19:17:59.300+0000] {warnings.py:112} WARNING - /home/***/.local/lib/python3.12/site-packages/***/utils/operator_helpers.py:175: AirflowContextDeprecationWarning: Accessing 'execution_date' from the template is deprecated and will be removed in a future version. Please use 'data_interval_start' or 'logical_date' instead.
  kwargs = {key: kwargs[key] for key in signature.parameters if key in kwargs}

[2025-03-27T19:17:59.321+0000] {warnings.py:112} WARNING - /opt/***/dags/data_processing_dag.py:53: FutureWarning: Passing literal json to 'read_json' is deprecated and will be removed in a future version. To read from a literal string, wrap it in a 'StringIO' object.
  df = pd.read_json(iris_json, orient='split')

[2025-03-27T19:17:59.377+0000] {python.py:240} INFO - Done. Returned value was: None
[2025-03-27T19:17:59.389+0000] {taskinstance.py:341} INFO - ::group::Post task execution logs
[2025-03-27T19:17:59.390+0000] {taskinstance.py:353} INFO - Marking task as SUCCESS. dag_id=iris_etl_dag, task_id=load_data_task, run_id=manual__2025-03-27T19:17:52.189330+00:00, execution_date=20250327T191752, start_date=20250327T191759, end_date=20250327T191759
[2025-03-27T19:17:59.453+0000] {local_task_job_runner.py:266} INFO - Task exited with return code 0
[2025-03-27T19:17:59.488+0000] {taskinstance.py:3901} INFO - 0 downstream tasks scheduled from follow-on schedule check
[2025-03-27T19:17:59.493+0000] {local_task_job_runner.py:245} INFO - ::endgroup::
